number,value,datetime_start,datetime_complete,duration,params_CONVERGENCE_THRESHOLD,params_DAILY_LOSS_LIMIT,params_FIXED_TRADE_PCT,params_MAX_CONCURRENT_POSITIONS,params_MAX_DRAWDOWN_LIMIT,params_MAX_HOLD_HOURS,params_MAX_POSITION_PCT,params_MIN_DIV,params_MIN_TIME_BETWEEN_TRADES,params_STOP_LOSS_PCT,params_TAKE_PROFIT_PCT,params_TRAIL_PCT,user_attrs_cooldown_trades_pct,user_attrs_equity_curves,user_attrs_total_trades,state
46,443.3824513607086,2025-08-01 18:31:28.526350,2025-08-01 18:31:29.259960,0 days 00:00:00.733610,0.03,0.1,0.065,2,0.15,96,0.015,0.04,0.5,0.35,0.55,0.6,0.0,"[{'2025-05-01 00:00:00+00:00': 10000.0, '2025-05-01 02:00:00+00:00': 10048.780839989433, '2025-05-01 03:00:00+00:00': 10056.44138272142, '2025-05-01 06:00:00+00:00': 10073.134049820794, '2025-05-01 07:00:00+00:00': 10077.883163307544, '2025-05-01 11:00:00+00:00': 10090.65974704904, '2025-05-01 13:00:00+00:00': 10134.62744627089, '2025-05-01 15:00:00+00:00': 10127.076078186305, '2025-05-01 16:00:00+00:00': 10135.338300723764, '2025-05-02 01:00:00+00:00': 10139.949011643854, '2025-05-02 05:00:00+00:00': 10142.218223570684, '2025-05-02 09:00:00+00:00': 10145.649406665418, '2025-05-02 13:00:00+00:00': 10133.506196891069, '2025-05-02 15:00:00+00:00': 10143.01309149474, '2025-05-02 18:00:00+00:00': 10144.150954332677, '2025-05-02 20:00:00+00:00': 10151.331811403841, '2025-05-03 01:00:00+00:00': 10151.331811403841, '2025-05-03 23:00:00+00:00': 10156.02149183428, '2025-05-04 00:00:00+00:00': 10159.340644703629, '2025-05-04 03:00:00+00:00': 10159.340644703629, '2025-05-04 08:00:00+00:00': 10159.340644703629, '2025-05-04 22:00:00+00:00': 10154.228983450857, '2025-05-05 00:00:00+00:00': 10172.081227741992, '2025-05-05 01:00:00+00:00': 10178.49678336753, '2025-05-05 02:00:00+00:00': 10193.32677877995, '2025-05-05 03:00:00+00:00': 10196.815919939001, '2025-05-05 10:00:00+00:00': 10198.062211814215, '2025-05-05 11:00:00+00:00': 10203.899247525047, '2025-05-05 14:00:00+00:00': 10207.182575697052, '2025-05-05 19:00:00+00:00': 10209.404788680065, '2025-05-05 23:00:00+00:00': 10242.502396159347, '2025-05-06 07:00:00+00:00': 10244.908455636423, '2025-05-06 10:00:00+00:00': 10240.063248661212, '2025-05-06 16:00:00+00:00': 10281.78317828706, '2025-05-06 17:00:00+00:00': 10286.32569134546, '2025-05-06 20:00:00+00:00': 10299.539650846154, '2025-05-06 21:00:00+00:00': 10318.013741174698, '2025-05-07 00:00:00+00:00': 10312.76019938629, '2025-05-07 01:00:00+00:00': 10352.43314943896, '2025-05-07 02:00:00+00:00': 10354.892356771927, '2025-05-07 03:00:00+00:00': 10367.907093971167, '2025-05-07 17:00:00+00:00': 10389.271258724755, '2025-05-07 18:00:00+00:00': 10398.46301555851, '2025-05-07 19:00:00+00:00': 10401.782102282568, '2025-05-07 20:00:00+00:00': 10407.521771573749, '2025-05-07 23:00:00+00:00': 10411.123729744131, '2025-05-08 04:00:00+00:00': 10461.059452703148, '2025-05-08 13:00:00+00:00': 10388.063668100931, '2025-05-08 17:00:00+00:00': 10519.386322597786, '2025-05-08 19:00:00+00:00': 10523.363260953918, '2025-05-08 21:00:00+00:00': 10540.483363595178, '2025-05-08 23:00:00+00:00': 10550.442023162883, '2025-05-09 00:00:00+00:00': 10553.63800794813, '2025-05-09 03:00:00+00:00': 10576.061941686808, '2025-05-09 08:00:00+00:00': 10567.543436978565, '2025-05-09 09:00:00+00:00': 10604.956748689941, '2025-05-09 11:00:00+00:00': 10606.29985595333, '2025-05-09 15:00:00+00:00': 10612.461097560677, '2025-05-09 18:00:00+00:00': 10619.533402021983, '2025-05-10 07:00:00+00:00': 10646.419880851783, '2025-05-10 08:00:00+00:00': 10632.588052746447, '2025-05-10 22:00:00+00:00': 10649.260313335304, '2025-05-11 01:00:00+00:00': 10652.342977933817, '2025-05-11 11:00:00+00:00': 10676.936586009288, '2025-05-11 12:00:00+00:00': 10665.035658936906, '2025-05-11 19:00:00+00:00': 10685.482744203022, '2025-05-12 02:00:00+00:00': 10708.04889832049, '2025-05-12 09:00:00+00:00': 10716.772505979301, '2025-05-12 12:00:00+00:00': 10723.19629336376, '2025-05-12 16:00:00+00:00': 10768.19629336376, '2025-05-12 19:00:00+00:00': 10789.384260817631, '2025-05-12 21:00:00+00:00': 10804.049322818306, '2025-05-13 01:00:00+00:00': 10810.819198100768, '2025-05-13 05:00:00+00:00': 10809.630660656041, '2025-05-13 10:00:00+00:00': 10819.946450982887, '2025-05-13 20:00:00+00:00': 10829.169556340757, '2025-05-14 12:00:00+00:00': 10831.512419706174, '2025-05-14 19:00:00+00:00': 10834.208884305344, '2025-05-14 22:00:00+00:00': 10837.738363994951, '2025-05-15 01:00:00+00:00': 10844.18130878225, '2025-05-15 13:00:00+00:00': 10852.63916500558, '2025-05-15 21:00:00+00:00': 10880.970088643391, '2025-05-16 00:00:00+00:00': 10887.14347178293, '2025-05-16 11:00:00+00:00': 10894.530848215165, '2025-05-16 14:00:00+00:00': 10904.0691308065, '2025-05-16 16:00:00+00:00': 10911.319677246027, '2025-05-17 05:00:00+00:00': 10919.863236163423, '2025-05-17 09:00:00+00:00': 10919.863236163423, '2025-05-17 22:00:00+00:00': 10922.261531760048, '2025-05-18 01:00:00+00:00': 10927.952374140472, '2025-05-18 15:00:00+00:00': 10954.35047368611, '2025-05-18 18:00:00+00:00': 10956.44920981329, '2025-05-19 00:00:00+00:00': 10982.550500421115, '2025-05-19 01:00:00+00:00': 11014.813459171395, '2025-05-19 02:00:00+00:00': 11012.341748627201, '2025-05-19 04:00:00+00:00': 11047.578273659894, '2025-05-19 08:00:00+00:00': 11052.753445798682, '2025-05-19 17:00:00+00:00': 11128.72789973913, '2025-05-19 20:00:00+00:00': 11147.452057079474, '2025-05-20 02:00:00+00:00': 11162.826629256911, '2025-05-20 06:00:00+00:00': 11164.830869027106, '2025-05-20 08:00:00+00:00': 11193.580764759088, '2025-05-20 12:00:00+00:00': 11195.019820397309, '2025-05-20 14:00:00+00:00': 11215.297498438982, '2025-05-20 16:00:00+00:00': 11226.450292921118, '2025-05-20 20:00:00+00:00': 11306.450292921118, '2025-05-21 07:00:00+00:00': 11326.383630242068, '2025-05-21 08:00:00+00:00': 11356.029504938442, '2025-05-21 15:00:00+00:00': 11394.60873706131, '2025-05-21 18:00:00+00:00': 11392.406374811657, '2025-05-21 21:00:00+00:00': 11444.906374811657, '2025-05-22 00:00:00+00:00': 11453.537002423436, '2025-05-22 01:00:00+00:00': 11467.37101646761, '2025-05-22 04:00:00+00:00': 11519.273667723546, '2025-05-22 07:00:00+00:00': 11540.081276804456, '2025-05-22 09:00:00+00:00': 11565.081276804456, '2025-05-22 14:00:00+00:00': 11581.482364036081, '2025-05-23 00:00:00+00:00': 11592.03964166483, '2025-05-23 07:00:00+00:00': 11603.390274596793, '2025-05-24 00:00:00+00:00': 11726.824094814125, '2025-05-24 08:00:00+00:00': 11753.235879276142, '2025-05-24 13:00:00+00:00': 11766.138344445026, '2025-05-24 23:00:00+00:00': 11785.894256489863, '2025-05-25 19:00:00+00:00': 11794.14546762376, '2025-05-25 23:00:00+00:00': 11859.14546762376, '2025-05-26 01:00:00+00:00': 11869.044291050814, '2025-05-26 09:00:00+00:00': 11882.712306211595, '2025-05-26 16:00:00+00:00': 11898.365394848819, '2025-05-26 21:00:00+00:00': 11910.722266189234, '2025-05-27 02:00:00+00:00': 11947.414239788579, '2025-05-27 04:00:00+00:00': 11961.52401037128, '2025-05-27 08:00:00+00:00': 11978.2246986451, '2025-05-27 13:00:00+00:00': 11990.212161415648, '2025-05-27 15:00:00+00:00': 12006.552301304127, '2025-05-28 11:00:00+00:00': 12079.802954139335, '2025-05-28 17:00:00+00:00': 12109.218240797172, '2025-05-28 20:00:00+00:00': 12115.248638291212, '2025-05-29 03:00:00+00:00': 12106.52089777482, '2025-05-29 05:00:00+00:00': 12120.802171714358, '2025-05-29 16:00:00+00:00': 12137.677629392881, '2025-05-31 03:00:00+00:00': 12147.348571989267, '2025-06-03 23:00:00+00:00': 12122.677629392881, '2025-06-04 04:00:00+00:00': 12077.348571989267, '2025-06-05 20:00:00+00:00': 11994.848571989267, '2025-06-05 21:00:00+00:00': 12112.348571989267, '2025-06-06 12:00:00+00:00': 12145.796594029769, '2025-06-08 19:00:00+00:00': 12220.240662243494, '2025-06-09 21:00:00+00:00': 12193.296594029769, '2025-06-09 22:00:00+00:00': 12173.296594029769, '2025-06-13 01:00:00+00:00': 12393.296594029769, '2025-06-13 16:00:00+00:00': 12238.296594029769, '2025-06-16 08:00:00+00:00': 12193.296594029769, '2025-06-16 20:00:00+00:00': 12128.296594029769, '2025-06-17 10:00:00+00:00': 12223.296594029769, '2025-06-17 17:00:00+00:00': 12203.296594029769, '2025-06-19 19:00:00+00:00': 12193.546594029769, '2025-06-20 08:00:00+00:00': 12081.046594029769, '2025-06-20 10:00:00+00:00': 12066.296594029769, '2025-06-20 17:00:00+00:00': 12206.296594029769, '2025-06-20 18:00:00+00:00': 12168.796594029769, '2025-06-21 16:00:00+00:00': 12241.296594029769, '2025-06-21 22:00:00+00:00': 12383.796594029769, '2025-06-22 01:00:00+00:00': 12401.796594029769, '2025-06-22 15:00:00+00:00': 12731.546594029769, '2025-06-23 01:00:00+00:00': 12587.796594029769, '2025-06-23 03:00:00+00:00': 12641.546594029769, '2025-06-23 07:00:00+00:00': 12577.796594029769, '2025-06-23 18:00:00+00:00': 12493.046594029769, '2025-06-23 19:00:00+00:00': 12517.796594029769, '2025-06-23 23:00:00+00:00': 12502.796594029769, '2025-06-24 05:00:00+00:00': 12457.046594029769, '2025-06-24 21:00:00+00:00': 12482.796594029769, '2025-06-25 11:00:00+00:00': 12482.546594029769, '2025-06-25 14:00:00+00:00': 12492.796594029769, '2025-06-25 16:00:00+00:00': 12443.296594029769, '2025-06-26 14:00:00+00:00': 12425.046594029769, '2025-06-27 00:00:00+00:00': 12410.046594029769, '2025-06-30 21:00:00+00:00': 12419.058887409197, '2025-06-30 22:00:00+00:00': 12435.565437110568, '2025-07-01 00:00:00+00:00': 12444.124293897925, '2025-07-01 02:00:00+00:00': 12438.01507766298, '2025-07-01 05:00:00+00:00': 12448.997836466126, '2025-07-01 18:00:00+00:00': 12432.532742421516, '2025-07-01 20:00:00+00:00': 12452.680276877247, '2025-07-02 00:00:00+00:00': 12464.134084022442, '2025-07-02 08:00:00+00:00': 12424.134084022442, '2025-07-02 14:00:00+00:00': 12467.646691665186, '2025-07-02 17:00:00+00:00': 12489.17792892368, '2025-07-02 18:00:00+00:00': 12490.473795705462, '2025-07-02 20:00:00+00:00': 12466.097648661695, '2025-07-02 21:00:00+00:00': 12498.460278374849, '2025-07-02 22:00:00+00:00': 12503.623066487391, '2025-07-03 00:00:00+00:00': 12517.261030745598, '2025-07-03 05:00:00+00:00': 12529.177260837485, '2025-07-03 07:00:00+00:00': 12549.681913791583, '2025-07-03 10:00:00+00:00': 12580.679944754791, '2025-07-03 14:00:00+00:00': 12563.254025138214, '2025-07-03 16:00:00+00:00': 12593.425678732601, '2025-07-03 17:00:00+00:00': 12587.86518482142, '2025-07-03 21:00:00+00:00': 12603.062101522157, '2025-07-04 05:00:00+00:00': 12638.139049339577, '2025-07-04 16:00:00+00:00': 12656.356042260084, '2025-07-04 18:00:00+00:00': 12660.687375649226, '2025-07-04 20:00:00+00:00': 12664.11847124384, '2025-07-04 23:00:00+00:00': 12673.235335865042, '2025-07-07 23:00:00+00:00': 12633.42194194533, '2025-07-08 01:00:00+00:00': 12686.651262284831, '2025-07-08 05:00:00+00:00': 12681.014702373857, '2025-07-08 14:00:00+00:00': 12706.490088915469, '2025-07-08 17:00:00+00:00': 12724.958224543761, '2025-07-09 03:00:00+00:00': 12735.415817527986, '2025-07-09 05:00:00+00:00': 12738.14359096989, '2025-07-09 16:00:00+00:00': 12681.014702373857, '2025-07-09 20:00:00+00:00': 12784.276169562036, '2025-07-09 21:00:00+00:00': 12780.532977088696, '2025-07-10 01:00:00+00:00': 12793.151019512215, '2025-07-10 02:00:00+00:00': 12797.008677985259, '2025-07-10 06:00:00+00:00': 12812.889724496512, '2025-07-10 08:00:00+00:00': 12818.617470904112, '2025-07-10 14:00:00+00:00': 12823.820298924726, '2025-07-10 18:00:00+00:00': 12944.115141386506, '2025-07-10 22:00:00+00:00': 12849.115141386506, '2025-07-10 23:00:00+00:00': 13043.605738416816, '2025-07-11 06:00:00+00:00': 13071.625464686884, '2025-07-11 12:00:00+00:00': 13077.897446795674, '2025-07-11 16:00:00+00:00': 13107.897446795674, '2025-07-12 09:00:00+00:00': 13079.416663796403, '2025-07-13 11:00:00+00:00': 13102.048123069995, '2025-07-13 12:00:00+00:00': 13100.397446795674, '2025-07-13 23:00:00+00:00': 13094.040456274008, '2025-07-14 00:00:00+00:00': 13105.039387618393, '2025-07-14 03:00:00+00:00': 13087.623790885551, '2025-07-14 04:00:00+00:00': 13132.18960888243, '2025-07-14 07:00:00+00:00': 13164.207734014784, '2025-07-15 04:00:00+00:00': 13300.707734014784, '2025-07-17 21:00:00+00:00': 13440.344192833514, '2025-07-18 01:00:00+00:00': 13445.415532335508, '2025-07-19 19:00:00+00:00': 13653.983952454464, '2025-07-20 03:00:00+00:00': 13655.912173026763, '2025-07-20 10:00:00+00:00': 13658.502618905282, '2025-07-20 13:00:00+00:00': 13657.344146355896, '2025-07-21 02:00:00+00:00': 13666.181241159864, '2025-07-22 00:00:00+00:00': 13585.415532335508, '2025-07-22 01:00:00+00:00': 13676.243572639756, '2025-07-22 05:00:00+00:00': 13631.882771758217, '2025-07-22 12:00:00+00:00': 13617.852944904944, '2025-07-23 14:00:00+00:00': 13769.102944904944, '2025-07-24 07:00:00+00:00': 13775.768601943086, '2025-07-24 14:00:00+00:00': 13778.940137270016, '2025-07-25 03:00:00+00:00': 13735.352944904944, '2025-07-25 04:00:00+00:00': 13790.990608541248, '2025-07-25 07:00:00+00:00': 13820.990608541248}]",278,COMPLETE
