number,value,datetime_start,datetime_complete,duration,params_CONVERGENCE_THRESHOLD,params_DAILY_LOSS_LIMIT,params_FIXED_TRADE_PCT,params_MAX_CONCURRENT_POSITIONS,params_MAX_DRAWDOWN_LIMIT,params_MAX_HOLD_HOURS,params_MAX_POSITION_PCT,params_MIN_DIV,params_MIN_TIME_BETWEEN_TRADES,params_STOP_LOSS_PCT,params_TAKE_PROFIT_PCT,params_TRAIL_PCT,user_attrs_cooldown_trades_pct,user_attrs_equity_curves,user_attrs_total_trades,state
34,579.1111076247379,2025-08-01 18:31:19.383261,2025-08-01 18:31:20.119767,0 days 00:00:00.736506,0.03,0.05,0.065,2,0.15,72,0.01,0.04,1.0,0.35,0.5,0.6,0.0,"[{'2025-05-01 00:00:00+00:00': 10000.0, '2025-05-01 02:00:00+00:00': 10048.780839989433, '2025-05-01 03:00:00+00:00': 10056.44138272142, '2025-05-01 06:00:00+00:00': 10073.134049820794, '2025-05-01 07:00:00+00:00': 10077.883163307544, '2025-05-01 11:00:00+00:00': 10090.65974704904, '2025-05-01 13:00:00+00:00': 10134.62744627089, '2025-05-01 15:00:00+00:00': 10127.076078186305, '2025-05-01 16:00:00+00:00': 10135.338300723764, '2025-05-02 01:00:00+00:00': 10139.949011643854, '2025-05-02 05:00:00+00:00': 10142.218223570684, '2025-05-02 09:00:00+00:00': 10145.649406665418, '2025-05-02 13:00:00+00:00': 10133.506196891069, '2025-05-02 15:00:00+00:00': 10143.01309149474, '2025-05-02 18:00:00+00:00': 10144.150954332677, '2025-05-02 20:00:00+00:00': 10151.331811403841, '2025-05-03 01:00:00+00:00': 10151.331811403841, '2025-05-03 23:00:00+00:00': 10156.02149183428, '2025-05-04 00:00:00+00:00': 10159.340644703629, '2025-05-04 03:00:00+00:00': 10159.340644703629, '2025-05-04 08:00:00+00:00': 10159.340644703629, '2025-05-04 22:00:00+00:00': 10154.228983450857, '2025-05-05 00:00:00+00:00': 10172.081227741992, '2025-05-05 01:00:00+00:00': 10178.49678336753, '2025-05-05 02:00:00+00:00': 10193.32677877995, '2025-05-05 03:00:00+00:00': 10196.815919939001, '2025-05-05 10:00:00+00:00': 10198.062211814215, '2025-05-05 11:00:00+00:00': 10203.899247525047, '2025-05-05 14:00:00+00:00': 10207.182575697052, '2025-05-05 19:00:00+00:00': 10209.404788680065, '2025-05-05 23:00:00+00:00': 10242.502396159347, '2025-05-06 07:00:00+00:00': 10244.908455636423, '2025-05-06 10:00:00+00:00': 10240.063248661212, '2025-05-06 16:00:00+00:00': 10281.78317828706, '2025-05-06 17:00:00+00:00': 10286.32569134546, '2025-05-06 20:00:00+00:00': 10299.539650846154, '2025-05-06 21:00:00+00:00': 10318.013741174698, '2025-05-07 00:00:00+00:00': 10339.238294567853, '2025-05-07 01:00:00+00:00': 10348.472501805745, '2025-05-07 02:00:00+00:00': 10350.9307682919, '2025-05-07 03:00:00+00:00': 10363.940526295686, '2025-05-07 17:00:00+00:00': 10385.29651751873, '2025-05-07 18:00:00+00:00': 10394.484757757937, '2025-05-07 19:00:00+00:00': 10397.802574661386, '2025-05-07 20:00:00+00:00': 10403.540048062261, '2025-05-07 23:00:00+00:00': 10407.1406281907, '2025-05-08 04:00:00+00:00': 10457.05724667446, '2025-05-08 13:00:00+00:00': 10384.089388896531, '2025-05-08 17:00:00+00:00': 10515.378061504178, '2025-05-08 19:00:00+00:00': 10519.353484505062, '2025-05-08 21:00:00+00:00': 10536.467063777067, '2025-05-08 23:00:00+00:00': 10546.421928740556, '2025-05-09 00:00:00+00:00': 10549.616695741695, '2025-05-09 03:00:00+00:00': 10572.032085162446, '2025-05-09 08:00:00+00:00': 10563.51682630809, '2025-05-09 09:00:00+00:00': 10600.915882214316, '2025-05-09 11:00:00+00:00': 10602.25847770597, '2025-05-09 15:00:00+00:00': 10608.417371660682, '2025-05-09 18:00:00+00:00': 10615.486981321934, '2025-05-10 07:00:00+00:00': 10642.36321544508, '2025-05-10 08:00:00+00:00': 10628.53665775921, '2025-05-10 22:00:00+00:00': 10645.202565622594, '2025-05-11 01:00:00+00:00': 10648.284055616032, '2025-05-11 11:00:00+00:00': 10672.868292650324, '2025-05-11 12:00:00+00:00': 10660.9719002553, '2025-05-11 19:00:00+00:00': 10681.411194453207, '2025-05-12 02:00:00+00:00': 10703.968750061713, '2025-05-12 09:00:00+00:00': 10712.6890337151, '2025-05-12 12:00:00+00:00': 10719.110373407626, '2025-05-12 16:00:00+00:00': 10764.110373407626, '2025-05-12 19:00:00+00:00': 10785.29030130002, '2025-05-12 21:00:00+00:00': 10799.949798790187, '2025-05-13 01:00:00+00:00': 10806.717105311456, '2025-05-13 05:00:00+00:00': 10805.529018845327, '2025-05-13 10:00:00+00:00': 10815.840894949126, '2025-05-13 20:00:00+00:00': 10825.060500692289, '2025-05-14 12:00:00+00:00': 10827.40247508173, '2025-05-14 19:00:00+00:00': 10830.097916534485, '2025-05-14 22:00:00+00:00': 10833.626056998468, '2025-05-15 01:00:00+00:00': 10840.066557075068, '2025-05-15 13:00:00+00:00': 10848.521204049788, '2025-05-15 21:00:00+00:00': 10876.84137780313, '2025-05-16 00:00:00+00:00': 10883.01241851443, '2025-05-16 11:00:00+00:00': 10890.396991880863, '2025-05-16 14:00:00+00:00': 10899.931655266653, '2025-05-16 16:00:00+00:00': 10907.179450559144, '2025-05-17 05:00:00+00:00': 10915.719767708904, '2025-05-17 09:00:00+00:00': 10915.719767708904, '2025-05-17 22:00:00+00:00': 10918.117153296349, '2025-05-18 01:00:00+00:00': 10923.80583634378, '2025-05-18 15:00:00+00:00': 10950.193919395639, '2025-05-18 18:00:00+00:00': 10952.291859178471, '2025-05-19 00:00:00+00:00': 10978.383245913688, '2025-05-19 01:00:00+00:00': 11010.63396280826, '2025-05-19 02:00:00+00:00': 11008.16319012981, '2025-05-19 04:00:00+00:00': 11043.386345016928, '2025-05-19 08:00:00+00:00': 11048.559553488618, '2025-05-19 16:00:00+00:00': 11113.391185607878, '2025-05-19 18:00:00+00:00': 11119.289044805846, '2025-05-19 20:00:00+00:00': 11137.99730343977, '2025-05-20 02:00:00+00:00': 11153.35882104792, '2025-05-20 06:00:00+00:00': 11155.361359015511, '2025-05-20 08:00:00+00:00': 11184.086843173529, '2025-05-20 12:00:00+00:00': 11185.524676907731, '2025-05-20 14:00:00+00:00': 11205.785137146531, '2025-05-20 16:00:00+00:00': 11216.928461776326, '2025-05-20 20:00:00+00:00': 11296.928461776326, '2025-05-21 07:00:00+00:00': 11316.844993671697, '2025-05-21 08:00:00+00:00': 11346.465874483058, '2025-05-21 15:00:00+00:00': 11385.012581173585, '2025-05-21 18:00:00+00:00': 11382.812075694543, '2025-05-21 21:00:00+00:00': 11435.312075694543, '2025-05-22 00:00:00+00:00': 11443.935460428704, '2025-05-22 01:00:00+00:00': 11457.757864880248, '2025-05-22 04:00:00+00:00': 11509.616959100927, '2025-05-22 07:00:00+00:00': 11530.40710630387, '2025-05-22 09:00:00+00:00': 11555.40710630387, '2025-05-22 14:00:00+00:00': 11571.794459450013, '2025-05-23 00:00:00+00:00': 11582.342896533535, '2025-05-23 07:00:00+00:00': 11593.684024573491, '2025-05-24 00:00:00+00:00': 11717.014482701812, '2025-05-24 08:00:00+00:00': 11743.404150233384, '2025-05-24 13:00:00+00:00': 11756.295811023443, '2025-05-24 23:00:00+00:00': 11776.035179690334, '2025-05-25 19:00:00+00:00': 11784.279481353084, '2025-05-25 23:00:00+00:00': 11849.279481353084, '2025-05-26 01:00:00+00:00': 11859.17006113657, '2025-05-26 09:00:00+00:00': 11872.826693707686, '2025-05-26 16:00:00+00:00': 11888.466746605422, '2025-05-26 21:00:00+00:00': 11900.813327263952, '2025-05-27 02:00:00+00:00': 11937.474744145691, '2025-05-27 04:00:00+00:00': 11951.572764249122, '2025-05-27 08:00:00+00:00': 11968.259544352695, '2025-05-27 13:00:00+00:00': 11980.23702408121, '2025-05-27 15:00:00+00:00': 11996.563556060624, '2025-05-28 07:00:00+00:00': 12063.099601884478, '2025-05-28 16:00:00+00:00': 12108.099601884478, '2025-05-28 17:00:00+00:00': 12108.099601884478, '2025-05-28 20:00:00+00:00': 12114.129445545675, '2025-05-29 03:00:00+00:00': 12105.402506586617, '2025-05-29 05:00:00+00:00': 12119.682468931267, '2025-05-29 14:00:00+00:00': 12135.601249906089, '2025-05-29 18:00:00+00:00': 12149.689568563395, '2025-05-31 03:00:00+00:00': 12169.36051115978, '2025-06-02 23:00:00+00:00': 12144.689568563395, '2025-06-03 04:00:00+00:00': 12106.86051115978, '2025-06-05 21:00:00+00:00': 12336.86051115978, '2025-06-06 10:00:00+00:00': 12384.36051115978, '2025-06-06 14:00:00+00:00': 12436.86051115978, '2025-06-09 10:00:00+00:00': 12389.36051115978, '2025-06-09 11:00:00+00:00': 12461.86051115978, '2025-06-09 22:00:00+00:00': 12424.36051115978, '2025-06-12 23:00:00+00:00': 12451.86051115978, '2025-06-13 00:00:00+00:00': 12461.86051115978, '2025-06-13 01:00:00+00:00': 12514.36051115978, '2025-06-16 01:00:00+00:00': 12504.36051115978, '2025-06-16 02:00:00+00:00': 12434.36051115978, '2025-06-16 17:00:00+00:00': 12466.86051115978, '2025-06-16 20:00:00+00:00': 12504.36051115978, '2025-06-17 10:00:00+00:00': 12556.86051115978, '2025-06-17 16:00:00+00:00': 12486.86051115978, '2025-06-17 17:00:00+00:00': 12536.86051115978, '2025-06-17 20:00:00+00:00': 12534.36051115978, '2025-06-18 18:00:00+00:00': 12499.36051115978, '2025-06-19 01:00:00+00:00': 12519.36051115978, '2025-06-20 08:00:00+00:00': 12456.86051115978, '2025-06-20 10:00:00+00:00': 12572.11051115978, '2025-06-20 15:00:00+00:00': 12597.11051115978, '2025-06-21 20:00:00+00:00': 12581.86051115978, '2025-06-21 22:00:00+00:00': 12621.86051115978, '2025-06-22 01:00:00+00:00': 12709.86051115978, '2025-06-22 14:00:00+00:00': 12691.86051115978, '2025-06-22 15:00:00+00:00': 12927.11051115978, '2025-06-22 16:00:00+00:00': 12966.36051115978, '2025-06-23 01:00:00+00:00': 12822.61051115978, '2025-06-23 03:00:00+00:00': 12876.36051115978, '2025-06-23 07:00:00+00:00': 12812.61051115978, '2025-06-23 18:00:00+00:00': 12727.86051115978, '2025-06-23 19:00:00+00:00': 12752.61051115978, '2025-06-23 23:00:00+00:00': 12737.61051115978, '2025-06-24 05:00:00+00:00': 12691.86051115978, '2025-06-24 21:00:00+00:00': 12717.61051115978, '2025-06-25 11:00:00+00:00': 12717.36051115978, '2025-06-25 14:00:00+00:00': 12727.61051115978, '2025-06-25 16:00:00+00:00': 12678.11051115978, '2025-06-26 14:00:00+00:00': 12659.86051115978, '2025-06-27 00:00:00+00:00': 12644.86051115978, '2025-06-30 21:00:00+00:00': 12653.872804539209, '2025-06-30 22:00:00+00:00': 12670.37935424058, '2025-07-01 00:00:00+00:00': 12678.938211027937, '2025-07-01 02:00:00+00:00': 12672.828994792992, '2025-07-01 05:00:00+00:00': 12683.811753596137, '2025-07-01 18:00:00+00:00': 12667.346659551527, '2025-07-01 20:00:00+00:00': 12687.494194007259, '2025-07-02 00:00:00+00:00': 12698.948001152454, '2025-07-02 08:00:00+00:00': 12658.948001152454, '2025-07-02 14:00:00+00:00': 12702.460608795198, '2025-07-02 17:00:00+00:00': 12723.991846053692, '2025-07-02 18:00:00+00:00': 12725.287712835474, '2025-07-02 20:00:00+00:00': 12700.911565791706, '2025-07-02 21:00:00+00:00': 12733.27419550486, '2025-07-02 22:00:00+00:00': 12738.436983617403, '2025-07-03 00:00:00+00:00': 12752.07494787561, '2025-07-03 05:00:00+00:00': 12763.991177967497, '2025-07-03 07:00:00+00:00': 12784.495830921594, '2025-07-03 10:00:00+00:00': 12815.493861884803, '2025-07-03 14:00:00+00:00': 12798.067942268226, '2025-07-03 16:00:00+00:00': 12828.239595862613, '2025-07-03 17:00:00+00:00': 12822.679101951431, '2025-07-03 21:00:00+00:00': 12837.876018652169, '2025-07-04 05:00:00+00:00': 12851.588634319949, '2025-07-04 16:00:00+00:00': 12869.805627240456, '2025-07-04 18:00:00+00:00': 12874.136960629598, '2025-07-04 20:00:00+00:00': 12877.568056224212, '2025-07-04 23:00:00+00:00': 12886.684920845413, '2025-07-06 23:00:00+00:00': 12846.8715269257, '2025-07-08 01:00:00+00:00': 12900.100847265203, '2025-07-08 05:00:00+00:00': 12932.266864931367, '2025-07-08 14:00:00+00:00': 12957.689289951417, '2025-07-08 17:00:00+00:00': 12976.119031635748, '2025-07-09 03:00:00+00:00': 12986.55488402595, '2025-07-09 05:00:00+00:00': 12989.27698662036, '2025-07-09 16:00:00+00:00': 12932.266864931367, '2025-07-09 20:00:00+00:00': 13035.313658853956, '2025-07-09 21:00:00+00:00': 13031.619346836633, '2025-07-10 01:00:00+00:00': 13044.257188379488, '2025-07-10 02:00:00+00:00': 13048.120899949987, '2025-07-10 06:00:00+00:00': 13064.026865598815, '2025-07-10 08:00:00+00:00': 13069.763599480924, '2025-07-10 14:00:00+00:00': 13074.97459132041, '2025-07-10 18:00:00+00:00': 13195.309124218129, '2025-07-10 22:00:00+00:00': 13100.309124218129, '2025-07-10 23:00:00+00:00': 13294.814478756634, '2025-07-11 06:00:00+00:00': 13322.8774058452, '2025-07-11 12:00:00+00:00': 13329.159058097019, '2025-07-11 16:00:00+00:00': 13359.159058097019, '2025-07-12 09:00:00+00:00': 13330.680617426766, '2025-07-13 11:00:00+00:00': 13353.312272247304, '2025-07-13 12:00:00+00:00': 13351.659058097019, '2025-07-13 23:00:00+00:00': 13345.2922852158, '2025-07-14 00:00:00+00:00': 13356.308139020626, '2025-07-14 03:00:00+00:00': 13338.865747434947, '2025-07-14 04:00:00+00:00': 13383.500132392412, '2025-07-14 07:00:00+00:00': 13415.543671568215, '2025-07-15 04:00:00+00:00': 13552.043671568215, '2025-07-15 15:00:00+00:00': 13759.543671568215, '2025-07-16 15:00:00+00:00': 13681.671993457901, '2025-07-17 21:00:00+00:00': 13691.671993457901, '2025-07-18 01:00:00+00:00': 13696.750925457645, '2025-07-19 18:00:00+00:00': 13874.419285519085, '2025-07-20 03:00:00+00:00': 13882.027505873077, '2025-07-20 10:00:00+00:00': 13884.621754060821, '2025-07-20 13:00:00+00:00': 13883.46158108183, '2025-07-21 00:00:00+00:00': 13811.750925457645, '2025-07-21 02:00:00+00:00': 13892.311647153558, '2025-07-21 08:00:00+00:00': 13819.811647153558, '2025-07-22 01:00:00+00:00': 13829.992846394742, '2025-07-22 05:00:00+00:00': 13858.073480828496, '2025-07-22 12:00:00+00:00': 13844.144604004112, '2025-07-23 00:00:00+00:00': 13849.992846394742, '2025-07-23 11:00:00+00:00': 13880.644604004112, '2025-07-23 14:00:00+00:00': 13999.769914722709, '2025-07-24 07:00:00+00:00': 14006.434595206929, '2025-07-24 14:00:00+00:00': 13969.63809115071, '2025-07-24 16:00:00+00:00': 13966.434595206929, '2025-07-25 04:00:00+00:00': 14061.809999030858, '2025-07-25 07:00:00+00:00': 14086.809999030858}]",291,COMPLETE
