number,value,datetime_start,datetime_complete,duration,params_CONVERGENCE_THRESHOLD,params_DAILY_LOSS_LIMIT,params_FIXED_TRADE_PCT,params_MAX_CONCURRENT_POSITIONS,params_MAX_DRAWDOWN_LIMIT,params_MAX_HOLD_HOURS,params_MAX_POSITION_PCT,params_MIN_DIV,params_MIN_TIME_BETWEEN_TRADES,params_STOP_LOSS_PCT,params_TAKE_PROFIT_PCT,params_TRAIL_PCT,user_attrs_cooldown_trades_pct,user_attrs_equity_curves,user_attrs_total_trades,state
35,254.21815785047443,2025-08-01 18:31:20.125750,2025-08-01 18:31:20.864267,0 days 00:00:00.738517,0.02,0.1,0.065,2,0.15,72,0.01,0.04,1.0,0.25,0.5,0.6,0.851063829787234,"[{'2025-05-01 00:00:00+00:00': 10000.0, '2025-05-01 02:00:00+00:00': 10037.293616983134, '2025-05-01 06:00:00+00:00': 10051.08259390071, '2025-05-01 07:00:00+00:00': 10055.821310934261, '2025-05-01 13:00:00+00:00': 10072.394509222308, '2025-05-01 15:00:00+00:00': 10107.610300602628, '2025-05-01 17:00:00+00:00': 10117.231043043896, '2025-05-02 01:00:00+00:00': 10121.83352459283, '2025-05-02 06:00:00+00:00': 10128.629009847622, '2025-05-02 11:00:00+00:00': 10133.197807356484, '2025-05-02 13:00:00+00:00': 10115.147162377492, '2025-05-02 16:00:00+00:00': 10131.897054054987, '2025-05-02 17:00:00+00:00': 10131.897054054987, '2025-05-02 19:00:00+00:00': 10131.897054054987, '2025-05-02 20:00:00+00:00': 10139.069236816506, '2025-05-03 10:00:00+00:00': 10131.47635812355, '2025-05-04 22:00:00+00:00': 10118.553964442663, '2025-05-05 00:00:00+00:00': 10136.34348815152, '2025-05-05 01:00:00+00:00': 10142.736503900394, '2025-05-05 02:00:00+00:00': 10157.514396847026, '2025-05-05 03:00:00+00:00': 10160.991279549293, '2025-05-05 10:00:00+00:00': 10160.991279549293, '2025-05-05 12:00:00+00:00': 10167.971113578487, '2025-05-05 19:00:00+00:00': 10185.968032992445, '2025-05-07 00:00:00+00:00': 10160.991279549293, '2025-05-07 01:00:00+00:00': 10216.268839375114, '2025-05-07 02:00:00+00:00': 10218.698356183577, '2025-05-07 04:00:00+00:00': 10234.770365627137, '2025-05-07 17:00:00+00:00': 10272.230510219693, '2025-05-07 18:00:00+00:00': 10281.314142806154, '2025-05-08 11:00:00+00:00': 10346.915017305462, '2025-05-08 16:00:00+00:00': 10271.037124696113, '2025-05-08 17:00:00+00:00': 10378.337481507067, '2025-05-08 21:00:00+00:00': 10371.753508386077, '2025-05-09 00:00:00+00:00': 10410.991222818064, '2025-05-09 03:00:00+00:00': 10431.992554159035, '2025-05-09 08:00:00+00:00': 10423.580166802412, '2025-05-09 09:00:00+00:00': 10460.5251413011, '2025-05-09 11:00:00+00:00': 10461.851372028284, '2025-05-09 18:00:00+00:00': 10467.935195830016, '2025-05-09 19:00:00+00:00': 10476.310457268324, '2025-05-10 07:00:00+00:00': 10502.862623424762, '2025-05-10 08:00:00+00:00': 10489.202783457427, '2025-05-11 01:00:00+00:00': 10521.33427186204, '2025-05-11 12:00:00+00:00': 10533.101321740663, '2025-05-11 13:00:00+00:00': 10521.33427186204, '2025-05-11 19:00:00+00:00': 10541.553573865616, '2025-05-12 02:00:00+00:00': 10563.871768751273, '2025-05-12 09:00:00+00:00': 10572.499520508254, '2025-05-12 12:00:00+00:00': 10578.852722653559, '2025-05-12 16:00:00+00:00': 10623.852722653559, '2025-05-12 19:00:00+00:00': 10644.808849506147, '2025-05-12 21:00:00+00:00': 10659.313445110058, '2025-05-13 06:00:00+00:00': 10672.705042534806, '2025-05-13 10:00:00+00:00': 10682.915484019499, '2025-05-14 08:00:00+00:00': 10680.307222465957, '2025-05-14 13:00:00+00:00': 10683.781811256804, '2025-05-15 01:00:00+00:00': 10689.114386313944, '2025-05-15 14:00:00+00:00': 10689.114386313944, '2025-05-16 03:00:00+00:00': 10738.067423664344, '2025-05-16 11:00:00+00:00': 10745.371633900058, '2025-05-16 16:00:00+00:00': 10753.45526397289, '2025-05-17 09:00:00+00:00': 10756.268828827173, '2025-05-18 14:00:00+00:00': 10772.846100839337, '2025-05-18 17:00:00+00:00': 10798.981584040932, '2025-05-19 01:00:00+00:00': 10807.360354599907, '2025-05-19 03:00:00+00:00': 10800.067111957815, '2025-05-19 04:00:00+00:00': 10834.708833921892, '2025-05-19 09:00:00+00:00': 10839.796647609019, '2025-05-19 16:00:00+00:00': 10903.558096052526, '2025-05-19 18:00:00+00:00': 10909.35859856782, '2025-05-19 20:00:00+00:00': 10927.758037689766, '2025-05-20 06:00:00+00:00': 10935.312009269443, '2025-05-20 08:00:00+00:00': 10963.538745401258, '2025-05-20 12:00:00+00:00': 10964.951614656777, '2025-05-20 14:00:00+00:00': 10984.860301379822, '2025-05-20 16:00:00+00:00': 10995.810149334555, '2025-05-20 20:00:00+00:00': 11075.810149334555, '2025-05-21 07:00:00+00:00': 11095.383332912888, '2025-05-21 08:00:00+00:00': 11124.493568616497, '2025-05-21 15:00:00+00:00': 11162.375754649558, '2025-05-21 18:00:00+00:00': 11160.213184482589, '2025-05-21 21:00:00+00:00': 11212.713184482589, '2025-05-22 00:00:00+00:00': 11221.188591420567, '2025-05-22 01:00:00+00:00': 11234.7738025876, '2025-05-22 07:00:00+00:00': 11258.759303327319, '2025-05-22 09:00:00+00:00': 11283.759303327319, '2025-05-22 16:00:00+00:00': 11297.793759516346, '2025-05-23 00:00:00+00:00': 11308.116376304426, '2025-05-23 07:00:00+00:00': 11319.214714169462, '2025-05-24 00:00:00+00:00': 11439.9049213989, '2025-05-24 08:00:00+00:00': 11465.729640543197, '2025-05-24 16:00:00+00:00': 11476.768357835012, '2025-05-24 23:00:00+00:00': 11496.08249442673, '2025-05-25 20:00:00+00:00': 11505.493644615415, '2025-05-25 23:00:00+00:00': 11570.493644615415, '2025-05-26 01:00:00+00:00': 11580.173453593608, '2025-05-26 09:00:00+00:00': 11593.539059803517, '2025-05-26 16:00:00+00:00': 11608.845819141497, '2025-05-26 21:00:00+00:00': 11620.929290982853, '2025-05-27 02:00:00+00:00': 11656.80944361836, '2025-05-27 04:00:00+00:00': 11670.607031278469, '2025-05-27 15:00:00+00:00': 11682.855416666356, '2025-05-28 07:00:00+00:00': 11747.796949810283, '2025-05-28 16:00:00+00:00': 11792.796949810283, '2025-05-28 17:00:00+00:00': 11792.796949810283, '2025-05-28 20:00:00+00:00': 11798.682828463147, '2025-05-29 01:00:00+00:00': 11791.58401205788, '2025-05-29 06:00:00+00:00': 11799.498121328252, '2025-05-29 14:00:00+00:00': 11815.030774848301, '2025-05-29 18:00:00+00:00': 11828.777365917687, '2025-05-31 03:00:00+00:00': 11848.448308514073, '2025-06-02 23:00:00+00:00': 11783.448308514073, '2025-06-05 21:00:00+00:00': 11958.448308514073, '2025-06-06 08:00:00+00:00': 12020.948308514073, '2025-06-06 14:00:00+00:00': 12058.448308514073, '2025-06-07 20:00:00+00:00': 12015.948308514073, '2025-06-09 09:00:00+00:00': 12063.448308514073, '2025-06-09 12:00:00+00:00': 11975.948308514073, '2025-06-09 18:00:00+00:00': 11900.948308514073, '2025-06-09 23:00:00+00:00': 11958.448308514073, '2025-06-11 16:00:00+00:00': 11938.448308514073, '2025-06-12 21:00:00+00:00': 12028.448308514073, '2025-06-13 00:00:00+00:00': 11948.448308514073, '2025-06-13 01:00:00+00:00': 12065.948308514073, '2025-06-14 00:00:00+00:00': 11980.948308514073, '2025-06-14 10:00:00+00:00': 11938.448308514073, '2025-06-14 11:00:00+00:00': 12010.948308514073, '2025-06-16 06:00:00+00:00': 11923.448308514073, '2025-06-16 08:00:00+00:00': 11843.448308514073, '2025-06-16 17:00:00+00:00': 11818.448308514073, '2025-06-16 19:00:00+00:00': 11765.948308514073, '2025-06-17 08:00:00+00:00': 11765.948308514073, '2025-06-17 16:00:00+00:00': 11860.948308514073, '2025-06-18 04:00:00+00:00': 11763.448308514073, '2025-06-19 07:00:00+00:00': 11850.948308514073, '2025-06-19 08:00:00+00:00': 11753.448308514073, '2025-06-20 09:00:00+00:00': 11695.948308514073, '2025-06-20 15:00:00+00:00': 11690.948308514073, '2025-06-21 20:00:00+00:00': 11825.698308514073, '2025-06-21 22:00:00+00:00': 11715.698308514073, '2025-06-22 01:00:00+00:00': 11913.698308514073, '2025-06-22 14:00:00+00:00': 11895.698308514073, '2025-06-22 15:00:00+00:00': 12130.948308514073, '2025-06-22 16:00:00+00:00': 12170.198308514073, '2025-06-22 23:00:00+00:00': 12062.198308514073, '2025-06-23 00:00:00+00:00': 12100.198308514073, '2025-06-23 02:00:00+00:00': 12039.448308514073, '2025-06-23 09:00:00+00:00': 11989.448308514073, '2025-06-23 14:00:00+00:00': 11975.198308514073, '2025-06-23 19:00:00+00:00': 11931.448308514073, '2025-06-23 23:00:00+00:00': 11891.448308514073, '2025-06-24 00:00:00+00:00': 11880.948308514073, '2025-06-24 03:00:00+00:00': 11843.198308514073, '2025-06-24 17:00:00+00:00': 11865.948308514073, '2025-06-25 01:00:00+00:00': 11819.198308514073, '2025-06-25 09:00:00+00:00': 11829.198308514073, '2025-06-25 14:00:00+00:00': 11865.948308514073, '2025-06-25 16:00:00+00:00': 11826.698308514073, '2025-06-26 13:00:00+00:00': 11813.698308514073, '2025-06-27 00:00:00+00:00': 11801.698308514073, '2025-06-30 21:00:00+00:00': 11810.710601893501, '2025-07-01 00:00:00+00:00': 11828.71774702227, '2025-07-01 07:00:00+00:00': 11847.547231954455, '2025-07-01 11:00:00+00:00': 11840.688808185596, '2025-07-01 18:00:00+00:00': 11831.973365917325, '2025-07-02 05:00:00+00:00': 11837.08953338157, '2025-07-02 08:00:00+00:00': 11833.959011549261, '2025-07-02 15:00:00+00:00': 11877.508894242568, '2025-07-02 17:00:00+00:00': 11899.075925074803, '2025-07-02 19:00:00+00:00': 11899.075925074803, '2025-07-02 20:00:00+00:00': 11880.613571045067, '2025-07-02 21:00:00+00:00': 11907.07583715467, '2025-07-02 23:00:00+00:00': 11910.523483442119, '2025-07-03 03:00:00+00:00': 11929.633960455352, '2025-07-03 05:00:00+00:00': 11919.534887793687, '2025-07-03 07:00:00+00:00': 11969.810116254268, '2025-07-03 10:00:00+00:00': 11987.251219111022, '2025-07-03 14:00:00+00:00': 11949.275762991163, '2025-07-03 16:00:00+00:00': 12000.011370432985, '2025-07-03 17:00:00+00:00': 11994.442719692335, '2025-07-04 02:00:00+00:00': 12008.455609297598, '2025-07-04 20:00:00+00:00': 12036.34965994972, '2025-07-06 23:00:00+00:00': 12017.455792752351, '2025-07-07 21:00:00+00:00': 12055.889503842585, '2025-07-08 14:00:00+00:00': 12073.245875557548, '2025-07-08 17:00:00+00:00': 12091.686167232161, '2025-07-09 20:00:00+00:00': 12148.072029406549, '2025-07-09 21:00:00+00:00': 12040.889208705963, '2025-07-10 03:00:00+00:00': 12171.984803512472, '2025-07-10 06:00:00+00:00': 12177.924650529576, '2025-07-10 08:00:00+00:00': 12183.626692137814, '2025-07-10 10:00:00+00:00': 12168.140791681893, '2025-07-10 14:00:00+00:00': 12188.816202642309, '2025-07-10 18:00:00+00:00': 12309.046298687166, '2025-07-10 22:00:00+00:00': 12214.046298687166, '2025-07-10 23:00:00+00:00': 12399.046298687166, '2025-07-11 01:00:00+00:00': 12416.086040675802, '2025-07-11 07:00:00+00:00': 12438.461407925179, '2025-07-11 12:00:00+00:00': 12440.07824577949, '2025-07-11 16:00:00+00:00': 12470.07824577949, '2025-07-13 12:00:00+00:00': 12462.57824577949, '2025-07-13 23:00:00+00:00': 12430.143897686958, '2025-07-14 00:00:00+00:00': 12441.110814047963, '2025-07-14 04:00:00+00:00': 12468.182008190606, '2025-07-14 07:00:00+00:00': 12484.614386702011, '2025-07-15 04:00:00+00:00': 12614.864386702011, '2025-07-15 08:00:00+00:00': 12776.809319725466, '2025-07-16 10:00:00+00:00': 12699.151495228274, '2025-07-16 16:00:00+00:00': 12759.151495228274, '2025-07-17 22:00:00+00:00': 12739.901495228274, '2025-07-18 11:00:00+00:00': 12748.197120878971, '2025-07-19 11:00:00+00:00': 12754.151495228274, '2025-07-21 02:00:00+00:00': 12802.697120878971, '2025-07-22 01:00:00+00:00': 12822.655231334973, '2025-07-22 11:00:00+00:00': 12818.412670049514, '2025-07-22 12:00:00+00:00': 12812.697120878971, '2025-07-22 23:00:00+00:00': 12805.484841898151, '2025-07-23 11:00:00+00:00': 12949.734841898151, '2025-07-24 20:00:00+00:00': 12950.388948310958, '2025-07-25 02:00:00+00:00': 12907.984841898151, '2025-07-25 04:00:00+00:00': 12966.37873552679, '2025-07-25 07:00:00+00:00': 13011.37873552679}]",233,COMPLETE
