number,value,datetime_start,datetime_complete,duration,params_CONVERGENCE_THRESHOLD,params_DAILY_LOSS_LIMIT,params_FIXED_TRADE_PCT,params_MAX_CONCURRENT_POSITIONS,params_MAX_DRAWDOWN_LIMIT,params_MAX_HOLD_HOURS,params_MAX_POSITION_PCT,params_MIN_DIV,params_MIN_TIME_BETWEEN_TRADES,params_STOP_LOSS_PCT,params_TAKE_PROFIT_PCT,params_TRAIL_PCT,user_attrs_cooldown_trades_pct,user_attrs_equity_curves,user_attrs_total_trades,state
13,328.51022705059864,2025-08-01 18:31:03.159938,2025-08-01 18:31:03.843560,0 days 00:00:00.683622,0.03,0.15,0.055,2,0.2,96,0.01,0.05,1.0,0.3,0.45,0.6,0.0,"[{'2025-05-01 00:00:00+00:00': 10000.0, '2025-05-01 02:00:00+00:00': 10041.276095375673, '2025-05-01 03:00:00+00:00': 10047.756476820994, '2025-05-01 06:00:00+00:00': 10060.69508747241, '2025-05-01 07:00:00+00:00': 10064.70860583328, '2025-05-01 11:00:00+00:00': 10075.5054284228, '2025-05-01 13:00:00+00:00': 10114.12874191142, '2025-05-01 15:00:00+00:00': 10107.747897946758, '2025-05-01 16:00:00+00:00': 10114.730212382981, '2025-05-02 01:00:00+00:00': 10118.626183307455, '2025-05-02 13:00:00+00:00': 10111.712721929027, '2025-05-02 15:00:00+00:00': 10124.794466090072, '2025-05-02 18:00:00+00:00': 10125.755543737003, '2025-05-02 20:00:00+00:00': 10131.820635144539, '2025-05-03 01:00:00+00:00': 10131.820635144539, '2025-05-03 23:00:00+00:00': 10135.781199290901, '2025-05-04 00:00:00+00:00': 10138.584116070979, '2025-05-04 03:00:00+00:00': 10138.584116070979, '2025-05-04 22:00:00+00:00': 10134.922083359043, '2025-05-05 00:00:00+00:00': 10149.999106986605, '2025-05-05 01:00:00+00:00': 10157.436178944525, '2025-05-05 02:00:00+00:00': 10169.95867224629, '2025-05-05 03:00:00+00:00': 10172.904254222482, '2025-05-05 10:00:00+00:00': 10177.81123025125, '2025-05-05 11:00:00+00:00': 10182.74105516938, '2025-05-05 14:00:00+00:00': 10185.513833883972, '2025-05-05 19:00:00+00:00': 10201.86921127982, '2025-05-05 23:00:00+00:00': 10213.449894649386, '2025-05-06 05:00:00+00:00': 10215.739753267884, '2025-05-06 10:00:00+00:00': 10213.417305423463, '2025-05-06 16:00:00+00:00': 10237.49561483007, '2025-05-06 17:00:00+00:00': 10241.322723594274, '2025-05-06 20:00:00+00:00': 10252.45484886877, '2025-05-06 21:00:00+00:00': 10256.879831552018, '2025-05-07 01:00:00+00:00': 10329.172179544554, '2025-05-07 02:00:00+00:00': 10350.533040351404, '2025-05-07 03:00:00+00:00': 10361.540874138562, '2025-05-07 17:00:00+00:00': 10395.157438375, '2025-05-07 18:00:00+00:00': 10402.93518061747, '2025-05-07 19:00:00+00:00': 10405.743292713292, '2025-05-07 20:00:00+00:00': 10410.599098946594, '2025-05-07 23:00:00+00:00': 10439.69953994628, '2025-05-08 04:00:00+00:00': 10482.045660080568, '2025-05-08 09:00:00+00:00': 10387.447849054413, '2025-05-08 17:00:00+00:00': 10540.598096894879, '2025-05-08 21:00:00+00:00': 10573.504012881624, '2025-05-09 00:00:00+00:00': 10558.99404707224, '2025-05-09 03:00:00+00:00': 10592.513827208659, '2025-05-09 08:00:00+00:00': 10585.292293523498, '2025-05-09 09:00:00+00:00': 10610.304740910664, '2025-05-09 15:00:00+00:00': 10615.520067731415, '2025-05-09 18:00:00+00:00': 10621.506050274325, '2025-05-10 07:00:00+00:00': 10644.260373726094, '2025-05-10 08:00:00+00:00': 10632.554345107379, '2025-05-10 22:00:00+00:00': 10652.817731715679, '2025-05-11 01:00:00+00:00': 10655.42701156905, '2025-05-11 12:00:00+00:00': 10661.707360738343, '2025-05-12 12:00:00+00:00': 10667.12635497518, '2025-05-12 16:00:00+00:00': 10706.621241300212, '2025-05-12 19:00:00+00:00': 10724.484438024989, '2025-05-12 21:00:00+00:00': 10736.844546534394, '2025-05-13 01:00:00+00:00': 10742.549185405063, '2025-05-13 05:00:00+00:00': 10741.547760408015, '2025-05-13 20:00:00+00:00': 10748.82955532644, '2025-05-15 01:00:00+00:00': 10754.247835769025, '2025-05-15 21:00:00+00:00': 10778.052317071446, '2025-05-16 11:00:00+00:00': 10784.253392511308, '2025-05-16 17:00:00+00:00': 10791.212383212966, '2025-05-17 04:00:00+00:00': 10803.418020152925, '2025-05-17 15:00:00+00:00': 10808.95799460299, '2025-05-18 15:00:00+00:00': 10835.623144629502, '2025-05-18 17:00:00+00:00': 10892.018550400568, '2025-05-18 18:00:00+00:00': 10880.088828435226, '2025-05-19 00:00:00+00:00': 10939.518550400568, '2025-05-19 01:00:00+00:00': 10924.591552961381, '2025-05-19 04:00:00+00:00': 10954.23022829606, '2025-05-19 08:00:00+00:00': 10973.764968216205, '2025-05-19 16:00:00+00:00': 11035.729059740324, '2025-05-19 18:00:00+00:00': 11040.694760810646, '2025-05-19 20:00:00+00:00': 11056.44488649911, '2025-05-20 02:00:00+00:00': 11093.94488649911, '2025-05-20 06:00:00+00:00': 11095.633731011763, '2025-05-20 08:00:00+00:00': 11119.858756734835, '2025-05-20 14:00:00+00:00': 11136.936019653114, '2025-05-20 16:00:00+00:00': 11146.325956626397, '2025-05-20 20:00:00+00:00': 11264.047147018942, '2025-05-21 07:00:00+00:00': 11280.884165568212, '2025-05-21 08:00:00+00:00': 11290.29865086815, '2025-05-21 15:00:00+00:00': 11357.453826304469, '2025-05-21 17:00:00+00:00': 11449.11206106273, '2025-05-21 18:00:00+00:00': 11414.272163486577, '2025-05-21 20:00:00+00:00': 11507.994548601819, '2025-05-21 21:00:00+00:00': 11456.772163486577, '2025-05-22 00:00:00+00:00': 11582.744548601819, '2025-05-22 01:00:00+00:00': 11594.605674240902, '2025-05-22 04:00:00+00:00': 11657.105674240902, '2025-05-22 07:00:00+00:00': 11674.957751746713, '2025-05-22 09:00:00+00:00': 11697.802302706426, '2025-05-22 14:00:00+00:00': 11711.866851253208, '2025-05-23 00:00:00+00:00': 11720.918137218852, '2025-05-23 07:00:00+00:00': 11730.648240487782, '2025-05-23 22:00:00+00:00': 11825.050129829478, '2025-05-24 00:00:00+00:00': 11835.700242638559, '2025-05-24 08:00:00+00:00': 11858.29965520241, '2025-05-24 13:00:00+00:00': 11869.335908035824, '2025-05-24 23:00:00+00:00': 11886.23146900067, '2025-05-25 23:00:00+00:00': 11951.23146900067, '2025-05-26 09:00:00+00:00': 11962.898979093748, '2025-05-26 16:00:00+00:00': 11976.258650359709, '2025-05-26 21:00:00+00:00': 11986.8029120851, '2025-05-27 02:00:00+00:00': 12018.10759220467, '2025-05-27 13:00:00+00:00': 12028.30381200348, '2025-05-27 15:00:00+00:00': 12042.200162435967, '2025-05-28 03:00:00+00:00': 12091.742984771938, '2025-05-28 15:00:00+00:00': 12134.095609845654, '2025-05-28 17:00:00+00:00': 12137.255839153364, '2025-05-28 20:00:00+00:00': 12142.379846665583, '2025-05-29 01:00:00+00:00': 12136.200378810081, '2025-05-29 05:00:00+00:00': 12141.941888963722, '2025-05-29 14:00:00+00:00': 12155.461528891949, '2025-05-29 17:00:00+00:00': 12164.698496317884, '2025-05-31 03:00:00+00:00': 12170.573909284056, '2025-06-03 01:00:00+00:00': 12097.661135568176, '2025-06-03 02:00:00+00:00': 12102.88596574004, '2025-06-03 23:00:00+00:00': 12149.698496317884, '2025-06-05 06:00:00+00:00': 12060.38596574004, '2025-06-05 19:00:00+00:00': 11992.88596574004, '2025-06-05 20:00:00+00:00': 12032.88596574004, '2025-06-07 20:00:00+00:00': 12145.962879815228, '2025-06-09 12:00:00+00:00': 12105.962879815228, '2025-06-09 23:00:00+00:00': 12163.462879815228, '2025-06-12 21:00:00+00:00': 12087.147160979976, '2025-06-12 23:00:00+00:00': 12099.647160979976, '2025-06-13 01:00:00+00:00': 12132.147160979976, '2025-06-14 13:00:00+00:00': 12079.647160979976, '2025-06-16 07:00:00+00:00': 12034.647160979976, '2025-06-16 15:00:00+00:00': 12019.647160979976, '2025-06-16 18:00:00+00:00': 11992.147160979976, '2025-06-17 08:00:00+00:00': 11967.147160979976, '2025-06-17 14:00:00+00:00': 11997.147160979976, '2025-06-17 16:00:00+00:00': 12012.147160979976, '2025-06-17 17:00:00+00:00': 12062.147160979976, '2025-06-18 04:00:00+00:00': 11964.647160979976, '2025-06-19 07:00:00+00:00': 12052.147160979976, '2025-06-20 09:00:00+00:00': 11949.647160979976, '2025-06-20 11:00:00+00:00': 11884.647160979976, '2025-06-20 15:00:00+00:00': 11869.647160979976, '2025-06-21 20:00:00+00:00': 12004.397160979976, '2025-06-21 22:00:00+00:00': 11894.397160979976, '2025-06-22 01:00:00+00:00': 12092.397160979976, '2025-06-22 14:00:00+00:00': 12229.897160979976, '2025-06-22 15:00:00+00:00': 12309.647160979976, '2025-06-22 23:00:00+00:00': 12194.147160979976, '2025-06-23 02:00:00+00:00': 12232.147160979976, '2025-06-23 03:00:00+00:00': 12167.647160979976, '2025-06-23 14:00:00+00:00': 12110.147160979976, '2025-06-23 17:00:00+00:00': 12155.897160979976, '2025-06-23 18:00:00+00:00': 12085.897160979976, '2025-06-23 19:00:00+00:00': 12085.897160979976, '2025-06-23 21:00:00+00:00': 12098.397160979976, '2025-06-23 23:00:00+00:00': 12058.397160979976, '2025-06-24 00:00:00+00:00': 12049.897160979976, '2025-06-24 03:00:00+00:00': 12012.147160979976, '2025-06-24 17:00:00+00:00': 12034.897160979976, '2025-06-25 01:00:00+00:00': 12034.897160979976, '2025-06-25 14:00:00+00:00': 12044.897160979976, '2025-06-25 16:00:00+00:00': 11995.647160979976, '2025-06-26 13:00:00+00:00': 11982.647160979976, '2025-06-27 00:00:00+00:00': 11970.647160979976, '2025-06-30 21:00:00+00:00': 11978.272947685646, '2025-06-30 22:00:00+00:00': 11992.240028202192, '2025-07-01 00:00:00+00:00': 11999.481134572296, '2025-07-01 02:00:00+00:00': 11994.313214395934, '2025-07-01 05:00:00+00:00': 12003.600681181837, '2025-07-01 18:00:00+00:00': 11989.676739595861, '2025-07-01 20:00:00+00:00': 12006.715117183852, '2025-07-02 00:00:00+00:00': 12016.400081125728, '2025-07-02 08:00:00+00:00': 11981.571530585677, '2025-07-02 14:00:00+00:00': 12018.378261191496, '2025-07-02 17:00:00+00:00': 12031.181259583604, '2025-07-02 18:00:00+00:00': 12032.276437103039, '2025-07-02 20:00:00+00:00': 12017.067946512254, '2025-07-02 21:00:00+00:00': 12039.021628235476, '2025-07-02 22:00:00+00:00': 12043.381463816131, '2025-07-03 00:00:00+00:00': 12054.89745122557, '2025-07-03 05:00:00+00:00': 12064.957506101502, '2025-07-03 07:00:00+00:00': 12082.266577614284, '2025-07-03 10:00:00+00:00': 12108.42320949035, '2025-07-03 14:00:00+00:00': 12093.718941175575, '2025-07-03 16:00:00+00:00': 12119.174462312225, '2025-07-03 17:00:00+00:00': 12114.484629108405, '2025-07-03 21:00:00+00:00': 12127.301333256368, '2025-07-04 05:00:00+00:00': 12156.875948944662, '2025-07-04 16:00:00+00:00': 12172.234247141121, '2025-07-04 18:00:00+00:00': 12175.884885895779, '2025-07-04 20:00:00+00:00': 12178.776575994974, '2025-07-04 23:00:00+00:00': 12186.459773760016, '2025-07-07 23:00:00+00:00': 12152.898788814555, '2025-07-08 01:00:00+00:00': 12197.764437322232, '2025-07-08 05:00:00+00:00': 12193.01705659114, '2025-07-08 14:00:00+00:00': 12214.469348670316, '2025-07-08 17:00:00+00:00': 12230.015064379164, '2025-07-09 03:00:00+00:00': 12238.815411907259, '2025-07-09 05:00:00+00:00': 12241.11054960472, '2025-07-09 16:00:00+00:00': 12193.01705659114, '2025-07-09 20:00:00+00:00': 12279.924740960585, '2025-07-09 21:00:00+00:00': 12271.211317903331, '2025-07-10 01:00:00+00:00': 12281.816135473642, '2025-07-10 02:00:00+00:00': 12285.057693430506, '2025-07-10 06:00:00+00:00': 12298.401640707563, '2025-07-10 08:00:00+00:00': 12303.213212495844, '2025-07-10 14:00:00+00:00': 12307.583458553707, '2025-07-10 18:00:00+00:00': 12423.82886361151, '2025-07-10 22:00:00+00:00': 12531.32886361151, '2025-07-10 23:00:00+00:00': 12539.379656971238, '2025-07-11 06:00:00+00:00': 12562.944116093391, '2025-07-11 12:00:00+00:00': 12568.216691108879, '2025-07-11 16:00:00+00:00': 12594.060706467058, '2025-07-12 09:00:00+00:00': 12569.493828935838, '2025-07-13 11:00:00+00:00': 12589.09315224509, '2025-07-13 12:00:00+00:00': 12587.706144803738, '2025-07-13 23:00:00+00:00': 12582.364047684356, '2025-07-14 03:00:00+00:00': 12576.971913691992, '2025-07-14 04:00:00+00:00': 12605.153732373521, '2025-07-14 07:00:00+00:00': 12605.153732373521, '2025-07-15 02:00:00+00:00': 12721.653732373521, '2025-07-15 08:00:00+00:00': 12921.653732373521, '2025-07-16 15:00:00+00:00': 12864.168629200514, '2025-07-17 21:00:00+00:00': 12874.168629200514, '2025-07-18 01:00:00+00:00': 12878.410442714683, '2025-07-19 15:00:00+00:00': 13059.235606262177, '2025-07-20 03:00:00+00:00': 13070.13759720793, '2025-07-20 10:00:00+00:00': 13072.302103776416, '2025-07-20 13:00:00+00:00': 13071.334150150054, '2025-07-21 02:00:00+00:00': 13078.718041310436, '2025-07-21 19:00:00+00:00': 13010.910442714683, '2025-07-22 01:00:00+00:00': 13087.124658529681, '2025-07-22 05:00:00+00:00': 13038.920149803422, '2025-07-22 11:00:00+00:00': 13032.067191404212, '2025-07-22 19:00:00+00:00': 13032.124658529681, '2025-07-23 11:00:00+00:00': 13051.769389553729, '2025-07-23 14:00:00+00:00': 13150.21198791888, '2025-07-24 03:00:00+00:00': 13145.01328348151, '2025-07-24 06:00:00+00:00': 13161.194158634527, '2025-07-24 14:00:00+00:00': 13128.864005314867, '2025-07-24 16:00:00+00:00': 13126.194158634527, '2025-07-25 03:00:00+00:00': 13206.507835413413, '2025-07-25 04:00:00+00:00': 13139.007835413413, '2025-07-25 07:00:00+00:00': 13236.507835413413}]",269,COMPLETE
