number,value,datetime_start,datetime_complete,duration,params_CONVERGENCE_THRESHOLD,params_DAILY_LOSS_LIMIT,params_FIXED_TRADE_PCT,params_MAX_CONCURRENT_POSITIONS,params_MAX_DRAWDOWN_LIMIT,params_MAX_HOLD_HOURS,params_MAX_POSITION_PCT,params_MIN_DIV,params_MIN_TIME_BETWEEN_TRADES,params_STOP_LOSS_PCT,params_TAKE_PROFIT_PCT,params_TRAIL_PCT,user_attrs_cooldown_trades_pct,user_attrs_equity_curves,user_attrs_total_trades,state
4,255.0243649313491,2025-08-01 18:30:56.116922,2025-08-01 18:30:56.924196,0 days 00:00:00.807274,0.025,0.1,0.055,3,0.25,72,0.01,0.045,1.0,0.35,0.55,0.55,0.6349206349206349,"[{'2025-05-01 00:00:00+00:00': 10000.0, '2025-05-01 02:00:00+00:00': 10031.556137447265, '2025-05-01 06:00:00+00:00': 10051.488268732948, '2025-05-01 07:00:00+00:00': 10055.498114212796, '2025-05-01 13:00:00+00:00': 10069.521138969136, '2025-05-01 15:00:00+00:00': 10111.656107523599, '2025-05-01 16:00:00+00:00': 10120.156646566304, '2025-05-01 17:00:00+00:00': 10118.031632825674, '2025-05-02 01:00:00+00:00': 10124.054727950832, '2025-05-02 13:00:00+00:00': 10105.695298185388, '2025-05-02 15:00:00+00:00': 10124.028036391073, '2025-05-02 16:00:00+00:00': 10122.955083635605, '2025-05-02 18:00:00+00:00': 10124.989041286062, '2025-05-02 20:00:00+00:00': 10131.053673576507, '2025-05-03 03:00:00+00:00': 10131.053673576507, '2025-05-03 23:00:00+00:00': 10135.01393791491, '2025-05-04 00:00:00+00:00': 10137.81664251896, '2025-05-04 22:00:00+00:00': 10133.753323305167, '2025-05-05 00:00:00+00:00': 10148.828608249116, '2025-05-05 01:00:00+00:00': 10154.244746062906, '2025-05-05 02:00:00+00:00': 10166.763304838656, '2025-05-05 03:00:00+00:00': 10169.707961322725, '2025-05-05 10:00:00+00:00': 10169.707961322725, '2025-05-05 11:00:00+00:00': 10174.633861261684, '2025-05-05 14:00:00+00:00': 10177.404432372785, '2025-05-05 19:00:00+00:00': 10207.894950439555, '2025-05-05 20:00:00+00:00': 10169.707961322725, '2025-05-05 23:00:00+00:00': 10214.747975316872, '2025-05-06 01:00:00+00:00': 10229.339471796578, '2025-05-06 10:00:00+00:00': 10225.898279083476, '2025-05-06 11:00:00+00:00': 10225.898279083476, '2025-05-06 16:00:00+00:00': 10250.013451168232, '2025-05-06 17:00:00+00:00': 10253.846419043068, '2025-05-06 20:00:00+00:00': 10264.995587040297, '2025-05-07 00:00:00+00:00': 10276.150314484541, '2025-05-07 01:00:00+00:00': 10266.925559050911, '2025-05-07 04:00:00+00:00': 10280.57839969741, '2025-05-07 17:00:00+00:00': 10328.497761254142, '2025-05-07 18:00:00+00:00': 10336.217913815803, '2025-05-07 19:00:00+00:00': 10339.005233466432, '2025-05-07 20:00:00+00:00': 10343.825085264327, '2025-05-07 23:00:00+00:00': 10434.029235545566, '2025-05-08 04:00:00+00:00': 10478.825131488265, '2025-05-08 09:00:00+00:00': 10426.628663272695, '2025-05-08 16:00:00+00:00': 10493.172015139782, '2025-05-08 17:00:00+00:00': 10498.817418420742, '2025-05-08 19:00:00+00:00': 10502.18339814594, '2025-05-08 21:00:00+00:00': 10516.672576203842, '2025-05-09 00:00:00+00:00': 10529.004088914387, '2025-05-09 03:00:00+00:00': 10547.975813063114, '2025-05-09 08:00:00+00:00': 10540.768749246045, '2025-05-09 09:00:00+00:00': 10572.415583515442, '2025-05-09 11:00:00+00:00': 10573.551070032392, '2025-05-09 15:00:00+00:00': 10578.759790636728, '2025-05-09 18:00:00+00:00': 10584.738190779246, '2025-05-10 07:00:00+00:00': 10607.463691495595, '2025-05-10 08:00:00+00:00': 10595.772490817882, '2025-05-11 01:00:00+00:00': 10623.26708636854, '2025-05-11 11:00:00+00:00': 10646.451172546937, '2025-05-11 13:00:00+00:00': 10636.386604547115, '2025-05-11 19:00:00+00:00': 10653.6776798378, '2025-05-12 02:00:00+00:00': 10672.756944237843, '2025-05-12 12:00:00+00:00': 10678.183706824988, '2025-05-12 16:00:00+00:00': 10717.73521068805, '2025-05-12 19:00:00+00:00': 10735.624015037356, '2025-05-12 21:00:00+00:00': 10748.00184226882, '2025-05-13 01:00:00+00:00': 10753.714658973086, '2025-05-13 06:00:00+00:00': 10757.726101296359, '2025-05-13 08:00:00+00:00': 10765.815183348854, '2025-05-13 12:00:00+00:00': 10776.268282061777, '2025-05-13 20:00:00+00:00': 10784.060249283728, '2025-05-14 22:00:00+00:00': 10786.337513897832, '2025-05-15 01:00:00+00:00': 10791.77683587457, '2025-05-15 18:00:00+00:00': 10821.613739702583, '2025-05-15 21:00:00+00:00': 10815.67376030755, '2025-05-16 07:00:00+00:00': 10827.616661008036, '2025-05-16 11:00:00+00:00': 10833.848689177352, '2025-05-16 14:00:00+00:00': 10841.894391515876, '2025-05-16 16:00:00+00:00': 10848.009525032148, '2025-05-17 05:00:00+00:00': 10860.953966798024, '2025-05-17 15:00:00+00:00': 10871.26037557865, '2025-05-17 18:00:00+00:00': 10878.484656772596, '2025-05-17 21:00:00+00:00': 10883.307587411378, '2025-05-17 22:00:00+00:00': 10865.688725393922, '2025-05-18 01:00:00+00:00': 10888.117546391783, '2025-05-18 09:00:00+00:00': 10922.328564471218, '2025-05-18 15:00:00+00:00': 10910.427702549005, '2025-05-18 17:00:00+00:00': 10979.216114504901, '2025-05-18 18:00:00+00:00': 10967.186270296288, '2025-05-19 00:00:00+00:00': 11003.931255609456, '2025-05-19 01:00:00+00:00': 11051.431255609456, '2025-05-19 04:00:00+00:00': 11081.42553811515, '2025-05-19 08:00:00+00:00': 11101.194657390008, '2025-05-19 16:00:00+00:00': 11173.374091685415, '2025-05-19 17:00:00+00:00': 11165.919257506454, '2025-05-19 18:00:00+00:00': 11178.374509799178, '2025-05-19 20:00:00+00:00': 11194.327083422655, '2025-05-20 02:00:00+00:00': 11231.827083422655, '2025-05-20 06:00:00+00:00': 11233.537562516673, '2025-05-20 08:00:00+00:00': 11258.07291774974, '2025-05-20 12:00:00+00:00': 11259.300531297846, '2025-05-20 14:00:00+00:00': 11276.598444140567, '2025-05-20 16:00:00+00:00': 11286.10970552594, '2025-05-20 20:00:00+00:00': 11359.77050346814, '2025-05-21 05:00:00+00:00': 11424.77050346814, '2025-05-21 07:00:00+00:00': 11432.25803513355, '2025-05-21 08:00:00+00:00': 11424.77050346814, '2025-05-21 15:00:00+00:00': 11500.282777466773, '2025-05-21 18:00:00+00:00': 11531.084860830537, '2025-05-21 20:00:00+00:00': 11582.553856053248, '2025-05-21 21:00:00+00:00': 11566.37588702674, '2025-05-22 00:00:00+00:00': 11589.96183416377, '2025-05-22 01:00:00+00:00': 11601.834686730794, '2025-05-22 04:00:00+00:00': 11657.627246152664, '2025-05-22 07:00:00+00:00': 11675.486607128008, '2025-05-22 09:00:00+00:00': 11698.34047843662, '2025-05-22 15:00:00+00:00': 11719.445908550044, '2025-05-23 00:00:00+00:00': 11728.506324322267, '2025-05-23 07:00:00+00:00': 11738.246242103873, '2025-05-24 00:00:00+00:00': 11844.148175920458, '2025-05-24 08:00:00+00:00': 11866.771804502194, '2025-05-24 14:00:00+00:00': 11883.343922317106, '2025-05-24 23:00:00+00:00': 11900.265450699962, '2025-05-25 23:00:00+00:00': 11965.265450699962, '2025-05-26 09:00:00+00:00': 11976.950795495326, '2025-05-26 16:00:00+00:00': 11990.330888064354, '2025-05-26 21:00:00+00:00': 12000.891267518997, '2025-05-27 02:00:00+00:00': 12032.243799292057, '2025-05-27 13:00:00+00:00': 12042.455604810793, '2025-05-27 15:00:00+00:00': 12056.373196902457, '2025-05-28 11:00:00+00:00': 12118.750805655473, '2025-05-28 17:00:00+00:00': 12143.776388620196, '2025-05-28 20:00:00+00:00': 12148.904936573723, '2025-05-29 03:00:00+00:00': 12141.48300431106, '2025-05-29 06:00:00+00:00': 12155.364054101192, '2025-05-29 16:00:00+00:00': 12169.715712022758, '2025-05-31 03:00:00+00:00': 12185.59112498893, '2025-06-02 23:00:00+00:00': 12164.715712022758, '2025-06-03 01:00:00+00:00': 12220.37695633674, '2025-06-03 02:00:00+00:00': 12231.192621004227, '2025-06-03 04:00:00+00:00': 12163.41385187121, '2025-06-05 08:00:00+00:00': 12183.692621004227, '2025-06-05 21:00:00+00:00': 12225.91385187121, '2025-06-06 05:00:00+00:00': 12261.192621004227, '2025-06-06 15:00:00+00:00': 12393.692621004227, '2025-06-08 09:00:00+00:00': 12271.192621004227, '2025-06-09 06:00:00+00:00': 12443.692621004227, '2025-06-09 11:00:00+00:00': 12386.192621004227, '2025-06-09 22:00:00+00:00': 12640.93125467488, '2025-06-09 23:00:00+00:00': 12705.93125467488, '2025-06-12 12:00:00+00:00': 12624.736720946687, '2025-06-12 23:00:00+00:00': 12733.43125467488, '2025-06-13 00:00:00+00:00': 12743.43125467488, '2025-06-13 01:00:00+00:00': 12602.236720946687, '2025-06-13 16:00:00+00:00': 12494.736720946687, '2025-06-16 01:00:00+00:00': 12592.236720946687, '2025-06-16 02:00:00+00:00': 12522.236720946687, '2025-06-16 08:00:00+00:00': 12449.736720946687, '2025-06-16 15:00:00+00:00': 12384.736720946687, '2025-06-16 20:00:00+00:00': 12319.736720946687, '2025-06-17 10:00:00+00:00': 12359.736720946687, '2025-06-17 11:00:00+00:00': 12289.736720946687, '2025-06-17 15:00:00+00:00': 12404.736720946687, '2025-06-17 17:00:00+00:00': 12384.736720946687, '2025-06-18 05:00:00+00:00': 12289.736720946687, '2025-06-19 07:00:00+00:00': 12314.736720946687, '2025-06-20 08:00:00+00:00': 12257.236720946687, '2025-06-20 10:00:00+00:00': 12242.486720946687, '2025-06-20 12:00:00+00:00': 12329.736720946687, '2025-06-20 15:00:00+00:00': 12219.736720946687, '2025-06-20 17:00:00+00:00': 12234.986720946687, '2025-06-21 22:00:00+00:00': 12461.986720946687, '2025-06-22 01:00:00+00:00': 12479.986720946687, '2025-06-22 14:00:00+00:00': 12622.986720946687, '2025-06-22 15:00:00+00:00': 12840.236720946687, '2025-06-22 20:00:00+00:00': 12892.236720946687, '2025-06-22 23:00:00+00:00': 12751.486720946687, '2025-06-23 03:00:00+00:00': 12802.236720946687, '2025-06-23 05:00:00+00:00': 12720.486720946687, '2025-06-23 07:00:00+00:00': 12710.236720946687, '2025-06-23 19:00:00+00:00': 12630.486720946687, '2025-06-23 23:00:00+00:00': 12640.236720946687, '2025-06-24 00:00:00+00:00': 12629.736720946687, '2025-06-24 05:00:00+00:00': 12583.986720946687, '2025-06-24 21:00:00+00:00': 12609.736720946687, '2025-06-25 11:00:00+00:00': 12609.486720946687, '2025-06-25 14:00:00+00:00': 12619.736720946687, '2025-06-25 16:00:00+00:00': 12570.236720946687, '2025-06-26 14:00:00+00:00': 12551.986720946687, '2025-06-27 00:00:00+00:00': 12536.986720946687, '2025-06-30 21:00:00+00:00': 12544.612507652357, '2025-06-30 23:00:00+00:00': 12559.849322761314, '2025-07-01 00:00:00+00:00': 12567.090429131418, '2025-07-01 02:00:00+00:00': 12561.921853756054, '2025-07-01 07:00:00+00:00': 12570.272118018176, '2025-07-01 11:00:00+00:00': 12578.712324137183, '2025-07-01 13:00:00+00:00': 12582.199757762419, '2025-07-01 18:00:00+00:00': 12557.284791939339, '2025-07-01 20:00:00+00:00': 12569.687854695438, '2025-07-02 00:00:00+00:00': 12579.383622341324, '2025-07-02 05:00:00+00:00': 12576.292095448254, '2025-07-02 08:00:00+00:00': 12564.387328152341, '2025-07-02 13:00:00+00:00': 12619.362587543264, '2025-07-02 14:00:00+00:00': 12614.485239919204, '2025-07-02 17:00:00+00:00': 12632.208119316496, '2025-07-02 18:00:00+00:00': 12633.306935171375, '2025-07-02 20:00:00+00:00': 12613.171210493356, '2025-07-02 21:00:00+00:00': 12640.07538267727, '2025-07-02 22:00:00+00:00': 12644.450250295195, '2025-07-03 00:00:00+00:00': 12651.123532686905, '2025-07-03 03:00:00+00:00': 12659.667750812067, '2025-07-03 05:00:00+00:00': 12679.653859375569, '2025-07-03 07:00:00+00:00': 12697.028887727474, '2025-07-03 10:00:00+00:00': 12711.78198557813, '2025-07-03 14:00:00+00:00': 12674.512109122486, '2025-07-03 16:00:00+00:00': 12722.57049244532, '2025-07-03 17:00:00+00:00': 12717.863533794252, '2025-07-04 02:00:00+00:00': 12729.707471172476, '2025-07-04 05:00:00+00:00': 12741.304788626938, '2025-07-04 13:00:00+00:00': 12761.74344628563, '2025-07-04 16:00:00+00:00': 12756.717624592398, '2025-07-04 18:00:00+00:00': 12765.408851580725, '2025-07-04 20:00:00+00:00': 12768.312238334027, '2025-07-06 13:00:00+00:00': 12790.018394832106, '2025-07-06 23:00:00+00:00': 12737.313505484133, '2025-07-07 05:00:00+00:00': 12788.98172406819, '2025-07-07 08:00:00+00:00': 12778.289397250708, '2025-07-07 21:00:00+00:00': 12784.842829082592, '2025-07-08 01:00:00+00:00': 12791.185449774743, '2025-07-08 10:00:00+00:00': 12784.34089952173, '2025-07-08 13:00:00+00:00': 12815.11306333121, '2025-07-08 14:00:00+00:00': 12813.94828579345, '2025-07-08 17:00:00+00:00': 12830.722869131012, '2025-07-09 03:00:00+00:00': 12837.313407899903, '2025-07-09 05:00:00+00:00': 12843.253311787399, '2025-07-09 18:00:00+00:00': 12875.93720516, '2025-07-09 20:00:00+00:00': 12871.987153999871, '2025-07-09 21:00:00+00:00': 12898.755757892388, '2025-07-10 01:00:00+00:00': 12909.423588184834, '2025-07-10 02:00:00+00:00': 12912.684407141662, '2025-07-10 06:00:00+00:00': 12926.107642764451, '2025-07-10 08:00:00+00:00': 12930.947804411457, '2025-07-10 14:00:00+00:00': 12935.34401801649, '2025-07-10 18:00:00+00:00': 13051.715661059689, '2025-07-10 19:00:00+00:00': 13056.86218606804, '2025-07-10 22:00:00+00:00': 12956.715661059689, '2025-07-10 23:00:00+00:00': 13146.86218606804, '2025-07-11 01:00:00+00:00': 13161.297619562221, '2025-07-11 06:00:00+00:00': 13184.985998463517, '2025-07-11 12:00:00+00:00': 13189.779827119637, '2025-07-11 16:00:00+00:00': 13215.759749890702, '2025-07-11 21:00:00+00:00': 13220.853049658288, '2025-07-12 01:00:00+00:00': 13223.967029568168, '2025-07-12 16:00:00+00:00': 13228.738426315243, '2025-07-12 21:00:00+00:00': 13242.88389526734, '2025-07-13 01:00:00+00:00': 13245.120262175593, '2025-07-13 11:00:00+00:00': 13250.019968380555, '2025-07-13 12:00:00+00:00': 13209.371771127768, '2025-07-13 22:00:00+00:00': 13231.716024770885, '2025-07-13 23:00:00+00:00': 13222.441261018055, '2025-07-14 00:00:00+00:00': 13241.048327625393, '2025-07-14 04:00:00+00:00': 13264.080933708181, '2025-07-14 07:00:00+00:00': 13264.080933708181, '2025-07-14 18:00:00+00:00': 13552.875022633576, '2025-07-15 04:00:00+00:00': 13400.580933708181, '2025-07-16 16:00:00+00:00': 13537.85402807017, '2025-07-17 10:00:00+00:00': 13545.580933708181, '2025-07-17 22:00:00+00:00': 13525.764873088225, '2025-07-18 01:00:00+00:00': 13602.539854139604, '2025-07-18 10:00:00+00:00': 13687.720940988898, '2025-07-19 19:00:00+00:00': 13682.289854139604, '2025-07-20 11:00:00+00:00': 13598.264873088225, '2025-07-20 13:00:00+00:00': 13686.77139417977, '2025-07-22 01:00:00+00:00': 13666.334016630215, '2025-07-22 11:00:00+00:00': 13662.695777943656, '2025-07-22 23:00:00+00:00': 13651.608769292241, '2025-07-23 11:00:00+00:00': 13689.689829953455, '2025-07-23 15:00:00+00:00': 13820.431128676504, '2025-07-24 07:00:00+00:00': 13826.028346353027, '2025-07-24 12:00:00+00:00': 14042.785186310592, '2025-07-24 15:00:00+00:00': 14041.073912113714, '2025-07-25 02:00:00+00:00': 13817.189829953455, '2025-07-25 03:00:00+00:00': 14046.93981268665, '2025-07-25 04:00:00+00:00': 14066.884106196441, '2025-07-25 07:00:00+00:00': 14081.884106196441}]",313,COMPLETE
