number,value,datetime_start,datetime_complete,duration,params_CONVERGENCE_THRESHOLD,params_DAILY_LOSS_LIMIT,params_FIXED_TRADE_PCT,params_MAX_CONCURRENT_POSITIONS,params_MAX_DRAWDOWN_LIMIT,params_MAX_HOLD_HOURS,params_MAX_POSITION_PCT,params_MIN_DIV,params_MIN_TIME_BETWEEN_TRADES,params_STOP_LOSS_PCT,params_TAKE_PROFIT_PCT,params_TRAIL_PCT,user_attrs_cooldown_trades_pct,user_attrs_equity_curves,user_attrs_total_trades,state
17,299.21501273071993,2025-08-01 18:31:06.269030,2025-08-01 18:31:06.998819,0 days 00:00:00.729789,0.025,0.1,0.055,2,0.15,72,0.01,0.045,1.0,0.3,0.5,0.65,0.0,"[{'2025-05-01 00:00:00+00:00': 10000.0, '2025-05-01 02:00:00+00:00': 10031.556137447265, '2025-05-01 06:00:00+00:00': 10043.220824048843, '2025-05-01 07:00:00+00:00': 10047.227371392653, '2025-05-01 13:00:00+00:00': 10061.23886207778, '2025-05-01 15:00:00+00:00': 10091.012986332198, '2025-05-01 17:00:00+00:00': 10099.145535224488, '2025-05-02 01:00:00+00:00': 10103.035506019756, '2025-05-02 13:00:00+00:00': 10097.383267704085, '2025-05-02 15:00:00+00:00': 10103.008869876117, '2025-05-02 16:00:00+00:00': 10101.938144749074, '2025-05-02 18:00:00+00:00': 10103.967879565063, '2025-05-02 20:00:00+00:00': 10110.019920669914, '2025-05-03 03:00:00+00:00': 10110.019920669914, '2025-05-03 23:00:00+00:00': 10113.97196284069, '2025-05-04 00:00:00+00:00': 10116.768848563703, '2025-05-04 22:00:00+00:00': 10110.499066858081, '2025-05-05 00:00:00+00:00': 10125.539758050742, '2025-05-05 01:00:00+00:00': 10130.943467275276, '2025-05-05 02:00:00+00:00': 10143.433299303213, '2025-05-05 03:00:00+00:00': 10146.371198587372, '2025-05-05 10:00:00+00:00': 10149.519211599627, '2025-05-05 11:00:00+00:00': 10154.433807914274, '2025-05-05 14:00:00+00:00': 10157.198021304888, '2025-05-05 19:00:00+00:00': 10187.618571778832, '2025-05-05 20:00:00+00:00': 10149.519211599627, '2025-05-05 23:00:00+00:00': 10194.644364300906, '2025-05-06 01:00:00+00:00': 10191.618554840898, '2025-05-06 10:00:00+00:00': 10188.191108802836, '2025-05-06 11:00:00+00:00': 10188.191108802836, '2025-05-06 16:00:00+00:00': 10212.209947010995, '2025-05-06 17:00:00+00:00': 10216.027603170329, '2025-05-06 20:00:00+00:00': 10227.132233124445, '2025-05-07 00:00:00+00:00': 10238.242400317022, '2025-05-07 01:00:00+00:00': 10209.563695333376, '2025-05-07 04:00:00+00:00': 10223.13608573099, '2025-05-07 17:00:00+00:00': 10224.216496025714, '2025-05-07 18:00:00+00:00': 10270.835426753494, '2025-05-07 19:00:00+00:00': 10273.604261985507, '2025-05-07 20:00:00+00:00': 10278.392150402995, '2025-05-08 09:00:00+00:00': 10360.646607323424, '2025-05-08 16:00:00+00:00': 10263.166471237611, '2025-05-08 17:00:00+00:00': 10378.33337610158, '2025-05-08 19:00:00+00:00': 10381.65335562038, '2025-05-08 21:00:00+00:00': 10395.944521439453, '2025-05-09 00:00:00+00:00': 10408.107509032136, '2025-05-09 03:00:00+00:00': 10426.819961498362, '2025-05-09 08:00:00+00:00': 10419.71139097305, '2025-05-09 09:00:00+00:00': 10450.925732765618, '2025-05-09 11:00:00+00:00': 10452.045701478419, '2025-05-09 15:00:00+00:00': 10457.183238581236, '2025-05-09 18:00:00+00:00': 10463.079936615319, '2025-05-10 07:00:00+00:00': 10485.494865727307, '2025-05-10 08:00:00+00:00': 10473.963439524829, '2025-05-11 01:00:00+00:00': 10501.082287990394, '2025-05-11 11:00:00+00:00': 10523.949535436393, '2025-05-11 13:00:00+00:00': 10514.022511998071, '2025-05-11 19:00:00+00:00': 10531.077283716784, '2025-05-12 02:00:00+00:00': 10549.895806766011, '2025-05-12 12:00:00+00:00': 10555.248406042776, '2025-05-12 16:00:00+00:00': 10594.259390505937, '2025-05-12 19:00:00+00:00': 10611.90372258877, '2025-05-12 21:00:00+00:00': 10624.112391758119, '2025-05-13 01:00:00+00:00': 10629.747135874613, '2025-05-13 06:00:00+00:00': 10633.703756960122, '2025-05-13 12:00:00+00:00': 10644.00625763157, '2025-05-13 20:00:00+00:00': 10651.685965796652, '2025-05-14 22:00:00+00:00': 10653.930421805364, '2025-05-15 01:00:00+00:00': 10659.291379341172, '2025-05-15 21:00:00+00:00': 10682.844020216164, '2025-05-16 11:00:00+00:00': 10688.979491139404, '2025-05-16 14:00:00+00:00': 10696.900535687648, '2025-05-16 16:00:00+00:00': 10702.920923089867, '2025-05-17 05:00:00+00:00': 10710.014218158341, '2025-05-17 22:00:00+00:00': 10714.673155395147, '2025-05-18 01:00:00+00:00': 10719.398429662733, '2025-05-18 15:00:00+00:00': 10741.315790543571, '2025-05-18 18:00:00+00:00': 10743.057645789784, '2025-05-19 00:00:00+00:00': 10767.189505130718, '2025-05-19 01:00:00+00:00': 10793.961839451476, '2025-05-19 04:00:00+00:00': 10823.195058184758, '2025-05-19 08:00:00+00:00': 10842.462563177301, '2025-05-19 16:00:00+00:00': 10896.313308938774, '2025-05-19 18:00:00+00:00': 10901.207809991518, '2025-05-19 20:00:00+00:00': 10916.73210468251, '2025-05-20 02:00:00+00:00': 10954.23210468251, '2025-05-20 06:00:00+00:00': 10955.896815784818, '2025-05-20 08:00:00+00:00': 10979.775668439825, '2025-05-20 12:00:00+00:00': 10980.970434227973, '2025-05-20 14:00:00+00:00': 10997.80549971151, '2025-05-20 16:00:00+00:00': 11007.06226436917, '2025-05-20 20:00:00+00:00': 11078.752090084088, '2025-05-21 07:00:00+00:00': 11095.284008336146, '2025-05-21 08:00:00+00:00': 11119.864448963941, '2025-05-21 15:00:00+00:00': 11185.893941162016, '2025-05-21 21:00:00+00:00': 11176.81509602384, '2025-05-22 00:00:00+00:00': 11183.948927458867, '2025-05-22 01:00:00+00:00': 11195.38240196465, '2025-05-22 04:00:00+00:00': 11238.270697614706, '2025-05-22 07:00:00+00:00': 11255.452538063804, '2025-05-22 09:00:00+00:00': 11277.43941491852, '2025-05-22 15:00:00+00:00': 11297.744180207663, '2025-05-23 00:00:00+00:00': 11306.460876085848, '2025-05-23 07:00:00+00:00': 11315.831296088105, '2025-05-24 00:00:00+00:00': 11417.715687842076, '2025-05-24 08:00:00+00:00': 11439.481056558665, '2025-05-24 14:00:00+00:00': 11455.42448726666, '2025-05-24 23:00:00+00:00': 11471.704073150528, '2025-05-25 23:00:00+00:00': 11536.704073150528, '2025-05-26 09:00:00+00:00': 11547.948524925669, '2025-05-26 16:00:00+00:00': 11560.823780921457, '2025-05-26 21:00:00+00:00': 11570.985712775793, '2025-05-27 02:00:00+00:00': 11601.155300214123, '2025-05-27 13:00:00+00:00': 11610.981809975145, '2025-05-27 15:00:00+00:00': 11624.37428540838, '2025-05-28 07:00:00+00:00': 11678.941626401034, '2025-05-28 16:00:00+00:00': 11723.69292993509, '2025-05-28 17:00:00+00:00': 11723.69292993509, '2025-05-28 20:00:00+00:00': 11728.634398186668, '2025-05-29 01:00:00+00:00': 11722.675069644158, '2025-05-29 06:00:00+00:00': 11729.319436984995, '2025-05-29 14:00:00+00:00': 11742.358682040145, '2025-05-29 18:00:00+00:00': 11753.896242521476, '2025-05-31 03:00:00+00:00': 11769.771655487648, '2025-06-02 23:00:00+00:00': 11748.896242521476, '2025-06-03 01:00:00+00:00': 11696.858881771768, '2025-06-03 02:00:00+00:00': 11764.581085863118, '2025-06-05 06:00:00+00:00': 11722.081085863118, '2025-06-05 21:00:00+00:00': 11689.581085863118, '2025-06-06 09:00:00+00:00': 11742.081085863118, '2025-06-06 14:00:00+00:00': 11789.581085863118, '2025-06-06 15:00:00+00:00': 11712.081085863118, '2025-06-08 19:00:00+00:00': 11657.081085863118, '2025-06-09 11:00:00+00:00': 11576.489732478221, '2025-06-09 13:00:00+00:00': 11561.489732478221, '2025-06-09 22:00:00+00:00': 11616.489732478221, '2025-06-12 14:00:00+00:00': 11570.859688435981, '2025-06-12 23:00:00+00:00': 11598.359688435981, '2025-06-13 01:00:00+00:00': 11770.859688435981, '2025-06-13 08:00:00+00:00': 11678.359688435981, '2025-06-16 02:00:00+00:00': 11700.859688435981, '2025-06-16 06:00:00+00:00': 11658.359688435981, '2025-06-16 15:00:00+00:00': 11623.359688435981, '2025-06-17 08:00:00+00:00': 11623.359688435981, '2025-06-17 16:00:00+00:00': 11718.359688435981, '2025-06-17 17:00:00+00:00': 11648.359688435981, '2025-06-18 04:00:00+00:00': 11620.859688435981, '2025-06-19 07:00:00+00:00': 11708.359688435981, '2025-06-20 09:00:00+00:00': 11605.859688435981, '2025-06-20 11:00:00+00:00': 11540.859688435981, '2025-06-20 15:00:00+00:00': 11525.859688435981, '2025-06-21 20:00:00+00:00': 11660.609688435981, '2025-06-21 22:00:00+00:00': 11550.609688435981, '2025-06-22 01:00:00+00:00': 11748.609688435981, '2025-06-22 14:00:00+00:00': 11730.609688435981, '2025-06-22 15:00:00+00:00': 11965.859688435981, '2025-06-22 16:00:00+00:00': 12005.109688435981, '2025-06-22 23:00:00+00:00': 11889.609688435981, '2025-06-23 02:00:00+00:00': 11927.609688435981, '2025-06-23 03:00:00+00:00': 11863.109688435981, '2025-06-23 14:00:00+00:00': 11805.609688435981, '2025-06-23 17:00:00+00:00': 11851.359688435981, '2025-06-23 18:00:00+00:00': 11781.359688435981, '2025-06-23 19:00:00+00:00': 11781.359688435981, '2025-06-23 23:00:00+00:00': 11791.109688435981, '2025-06-24 03:00:00+00:00': 11753.359688435981, '2025-06-24 17:00:00+00:00': 11776.109688435981, '2025-06-25 01:00:00+00:00': 11776.109688435981, '2025-06-25 14:00:00+00:00': 11786.109688435981, '2025-06-25 16:00:00+00:00': 11736.859688435981, '2025-06-26 13:00:00+00:00': 11723.859688435981, '2025-06-27 00:00:00+00:00': 11711.859688435981, '2025-06-30 21:00:00+00:00': 11719.485475141651, '2025-06-30 23:00:00+00:00': 11734.72229025061, '2025-07-01 00:00:00+00:00': 11741.963396620713, '2025-07-01 02:00:00+00:00': 11736.794821245348, '2025-07-01 07:00:00+00:00': 11746.083463902532, '2025-07-01 11:00:00+00:00': 11753.456733205441, '2025-07-01 18:00:00+00:00': 11732.157759428634, '2025-07-01 20:00:00+00:00': 11753.063262241738, '2025-07-02 00:00:00+00:00': 11762.756569910474, '2025-07-02 08:00:00+00:00': 11727.89801410511, '2025-07-02 14:00:00+00:00': 11764.723546970961, '2025-07-02 17:00:00+00:00': 11777.533085615381, '2025-07-02 18:00:00+00:00': 11778.628822592616, '2025-07-02 20:00:00+00:00': 11763.412562933781, '2025-07-02 21:00:00+00:00': 11785.377459421956, '2025-07-02 22:00:00+00:00': 11789.739522170332, '2025-07-03 00:00:00+00:00': 11796.39327242577, '2025-07-03 03:00:00+00:00': 11804.912482343132, '2025-07-03 05:00:00+00:00': 11819.713392465334, '2025-07-03 07:00:00+00:00': 11837.028770336643, '2025-07-03 10:00:00+00:00': 11851.731219097166, '2025-07-03 14:00:00+00:00': 11819.713392465334, '2025-07-03 16:00:00+00:00': 11862.482691249455, '2025-07-03 17:00:00+00:00': 11857.791888655336, '2025-07-04 02:00:00+00:00': 11869.595173174472, '2025-07-04 05:00:00+00:00': 11881.152684257304, '2025-07-04 16:00:00+00:00': 11896.512617551203, '2025-07-04 18:00:00+00:00': 11900.163644965463, '2025-07-04 20:00:00+00:00': 11903.05564292397, '2025-07-06 23:00:00+00:00': 11877.175100705, '2025-07-07 21:00:00+00:00': 11919.521390948536, '2025-07-08 01:00:00+00:00': 11913.696346025896, '2025-07-08 10:00:00+00:00': 11915.853724049748, '2025-07-08 14:00:00+00:00': 11925.971902576268, '2025-07-08 17:00:00+00:00': 11941.484522239547, '2025-07-09 03:00:00+00:00': 11950.266134271105, '2025-07-09 05:00:00+00:00': 11952.556385736036, '2025-07-09 20:00:00+00:00': 11991.287943633917, '2025-07-09 21:00:00+00:00': 12017.526546014427, '2025-07-10 01:00:00+00:00': 12028.136617006663, '2025-07-10 02:00:00+00:00': 12031.379780768768, '2025-07-10 06:00:00+00:00': 12044.730338379732, '2025-07-10 08:00:00+00:00': 12049.5442937278, '2025-07-10 14:00:00+00:00': 12053.916704721201, '2025-07-10 18:00:00+00:00': 12170.172634342578, '2025-07-10 22:00:00+00:00': 12075.172634342578, '2025-07-10 23:00:00+00:00': 12260.172634342578, '2025-07-11 01:00:00+00:00': 12274.523591394542, '2025-07-11 06:00:00+00:00': 12298.074519744438, '2025-07-11 12:00:00+00:00': 12302.840532466218, '2025-07-11 16:00:00+00:00': 12328.669708125162, '2025-07-13 11:00:00+00:00': 12304.116936957395, '2025-07-13 12:00:00+00:00': 12322.318795267283, '2025-07-13 23:00:00+00:00': 12295.004145911633, '2025-07-14 00:00:00+00:00': 12304.23910364459, '2025-07-14 04:00:00+00:00': 12327.031456933002, '2025-07-14 07:00:00+00:00': 12327.031456933002, '2025-07-15 04:00:00+00:00': 12463.531456933002, '2025-07-15 15:00:00+00:00': 12671.031456933002, '2025-07-16 10:00:00+00:00': 12588.675191400678, '2025-07-16 16:00:00+00:00': 12656.175191400678, '2025-07-17 22:00:00+00:00': 12631.562708389845, '2025-07-18 01:00:00+00:00': 12635.789420304138, '2025-07-19 11:00:00+00:00': 12643.675191400678, '2025-07-19 18:00:00+00:00': 12687.93864713142, '2025-07-20 13:00:00+00:00': 12701.03149239148, '2025-07-22 01:00:00+00:00': 12710.4477885673, '2025-07-22 11:00:00+00:00': 12706.865221838509, '2025-07-22 12:00:00+00:00': 12697.93864713142, '2025-07-23 14:00:00+00:00': 12729.609714285236, '2025-07-24 03:00:00+00:00': 12826.942346251986, '2025-07-24 07:00:00+00:00': 12843.782550517239, '2025-07-25 02:00:00+00:00': 12832.109714285236, '2025-07-25 04:00:00+00:00': 12852.929817596025, '2025-07-25 07:00:00+00:00': 12897.929817596025}]",262,COMPLETE
