number,value,datetime_start,datetime_complete,duration,params_CONVERGENCE_THRESHOLD,params_DAILY_LOSS_LIMIT,params_FIXED_TRADE_PCT,params_MAX_CONCURRENT_POSITIONS,params_MAX_DRAWDOWN_LIMIT,params_MAX_HOLD_HOURS,params_MAX_POSITION_PCT,params_MIN_DIV,params_MIN_TIME_BETWEEN_TRADES,params_STOP_LOSS_PCT,params_TAKE_PROFIT_PCT,params_TRAIL_PCT,user_attrs_cooldown_trades_pct,user_attrs_equity_curves,user_attrs_total_trades,state
29,318.5540801125017,2025-08-01 18:31:15.473124,2025-08-01 18:31:16.399114,0 days 00:00:00.925990,0.02,0.1,0.06,4,0.15,72,0.01,0.04,0.5,0.35,0.55,0.6,0.3289473684210526,"[{'2025-05-01 00:00:00+00:00': 10000.0, '2025-05-01 02:00:00+00:00': 10034.4248772152, '2025-05-01 06:00:00+00:00': 10059.203483839665, '2025-05-01 07:00:00+00:00': 10063.58121836474, '2025-05-01 13:00:00+00:00': 10078.891360714146, '2025-05-01 15:00:00+00:00': 10137.279512762225, '2025-05-01 16:00:00+00:00': 10144.241103379036, '2025-05-01 17:00:00+00:00': 10131.85443959967, '2025-05-02 01:00:00+00:00': 10141.537785782115, '2025-05-02 06:00:00+00:00': 10147.82483218738, '2025-05-02 11:00:00+00:00': 10152.051572760103, '2025-05-02 13:00:00+00:00': 10118.38580193451, '2025-05-02 16:00:00+00:00': 10150.848643398496, '2025-05-02 17:00:00+00:00': 10150.848643398496, '2025-05-02 19:00:00+00:00': 10150.848643398496, '2025-05-02 20:00:00+00:00': 10157.481503313755, '2025-05-03 10:00:00+00:00': 10150.459964407397, '2025-05-04 01:00:00+00:00': 10142.592124710865, '2025-05-04 22:00:00+00:00': 10138.509250530184, '2025-05-05 00:00:00+00:00': 10160.216962176117, '2025-05-05 01:00:00+00:00': 10166.131428214878, '2025-05-05 02:00:00+00:00': 10179.802457919855, '2025-05-05 03:00:00+00:00': 10183.018562363735, '2025-05-05 10:00:00+00:00': 10188.37633646416, '2025-05-05 12:00:00+00:00': 10213.681982142258, '2025-05-05 19:00:00+00:00': 10230.336512150221, '2025-05-06 13:00:00+00:00': 10232.610350252065, '2025-05-06 16:00:00+00:00': 10258.87549368279, '2025-05-06 17:00:00+00:00': 10263.05107974984, '2025-05-06 20:00:00+00:00': 10275.197253058668, '2025-05-07 01:00:00+00:00': 10324.847418214431, '2025-05-07 02:00:00+00:00': 10207.222432527413, '2025-05-07 04:00:00+00:00': 10249.847418214431, '2025-05-07 06:00:00+00:00': 10143.756852556087, '2025-05-07 15:00:00+00:00': 10374.781190423906, '2025-05-07 17:00:00+00:00': 10370.46920138673, '2025-05-07 18:00:00+00:00': 10383.242813565355, '2025-05-07 20:00:00+00:00': 10449.629147283584, '2025-05-07 23:00:00+00:00': 10469.892054759865, '2025-05-08 04:00:00+00:00': 10518.985656134008, '2025-05-08 10:00:00+00:00': 10566.706180900157, '2025-05-08 11:00:00+00:00': 10444.347449299048, '2025-05-08 16:00:00+00:00': 10582.451915952868, '2025-05-08 17:00:00+00:00': 10588.645271023575, '2025-05-08 21:00:00+00:00': 10635.220979283844, '2025-05-09 00:00:00+00:00': 10619.36020994279, '2025-05-09 03:00:00+00:00': 10655.006028947857, '2025-05-09 08:00:00+00:00': 10647.082008529465, '2025-05-09 09:00:00+00:00': 10681.87873376103, '2025-05-09 11:00:00+00:00': 10683.127517782481, '2025-05-09 18:00:00+00:00': 10688.856014182931, '2025-05-09 19:00:00+00:00': 10696.742116174992, '2025-05-10 07:00:00+00:00': 10708.880175086439, '2025-05-10 08:00:00+00:00': 10708.880175086439, '2025-05-11 01:00:00+00:00': 10726.267758851209, '2025-05-11 12:00:00+00:00': 10751.779342970078, '2025-05-11 13:00:00+00:00': 10740.704372355674, '2025-05-11 19:00:00+00:00': 10759.732904933486, '2025-05-12 02:00:00+00:00': 10780.733015024589, '2025-05-12 09:00:00+00:00': 10788.851222507927, '2025-05-12 12:00:00+00:00': 10794.82883733625, '2025-05-12 16:00:00+00:00': 10838.397092044534, '2025-05-12 19:00:00+00:00': 10858.109246401316, '2025-05-12 21:00:00+00:00': 10871.75077225857, '2025-05-13 06:00:00+00:00': 10884.344209074921, '2025-05-13 10:00:00+00:00': 10915.586469166821, '2025-05-13 12:00:00+00:00': 10905.985512715923, '2025-05-14 08:00:00+00:00': 10913.129205644806, '2025-05-14 13:00:00+00:00': 10916.402704272981, '2025-05-15 01:00:00+00:00': 10925.809329321473, '2025-05-15 14:00:00+00:00': 10925.809329321473, '2025-05-16 03:00:00+00:00': 10971.94483128202, '2025-05-16 07:00:00+00:00': 10971.94483128202, '2025-05-16 11:00:00+00:00': 10978.826228166625, '2025-05-16 16:00:00+00:00': 10986.441529135518, '2025-05-16 17:00:00+00:00': 10994.164396026179, '2025-05-17 05:00:00+00:00': 11003.155142714317, '2025-05-17 09:00:00+00:00': 10996.816666873208, '2025-05-17 18:00:00+00:00': 11029.554669198797, '2025-05-17 21:00:00+00:00': 11034.877859103786, '2025-05-18 06:00:00+00:00': 11041.316433355614, '2025-05-18 11:00:00+00:00': 11064.297387130324, '2025-05-18 14:00:00+00:00': 11018.790784312781, '2025-05-18 17:00:00+00:00': 11146.026569703203, '2025-05-19 00:00:00+00:00': 11170.444047044177, '2025-05-19 01:00:00+00:00': 11121.27669466801, '2025-05-19 03:00:00+00:00': 11163.493417567526, '2025-05-19 04:00:00+00:00': 11196.509496748824, '2025-05-19 09:00:00+00:00': 11201.35736089044, '2025-05-19 17:00:00+00:00': 11283.062966924921, '2025-05-19 18:00:00+00:00': 11300.294446237873, '2025-05-19 20:00:00+00:00': 11317.867733671888, '2025-05-20 02:00:00+00:00': 11346.014666685649, '2025-05-20 05:00:00+00:00': 11370.87643639581, '2025-05-20 06:00:00+00:00': 11325.081590914437, '2025-05-20 08:00:00+00:00': 11397.939917008442, '2025-05-20 12:00:00+00:00': 11399.294292154751, '2025-05-20 14:00:00+00:00': 11418.378551530217, '2025-05-20 16:00:00+00:00': 11428.873498752506, '2025-05-20 20:00:00+00:00': 11508.873498752506, '2025-05-21 05:00:00+00:00': 11573.873498752506, '2025-05-21 07:00:00+00:00': 11582.139434315633, '2025-05-21 08:00:00+00:00': 11573.873498752506, '2025-05-21 15:00:00+00:00': 11618.506838742233, '2025-05-21 18:00:00+00:00': 11643.05184797047, '2025-05-21 21:00:00+00:00': 11675.55184797047, '2025-05-22 00:00:00+00:00': 11683.689511509941, '2025-05-22 01:00:00+00:00': 11696.73259695753, '2025-05-22 04:00:00+00:00': 11732.12550058815, '2025-05-22 07:00:00+00:00': 11719.75880118941, '2025-05-22 09:00:00+00:00': 11757.12550058815, '2025-05-22 16:00:00+00:00': 11770.60949368537, '2025-05-23 00:00:00+00:00': 11780.526286763297, '2025-05-23 07:00:00+00:00': 11791.187555792138, '2025-05-24 00:00:00+00:00': 11907.116064519088, '2025-05-24 08:00:00+00:00': 11931.901774589654, '2025-05-24 16:00:00+00:00': 11942.494534907879, '2025-05-24 23:00:00+00:00': 11961.027022223789, '2025-05-25 20:00:00+00:00': 11970.056133551738, '2025-05-25 23:00:00+00:00': 12035.056133551738, '2025-05-26 01:00:00+00:00': 12044.34044202212, '2025-05-26 09:00:00+00:00': 12057.159128336247, '2025-05-26 16:00:00+00:00': 12071.8382344975, '2025-05-26 21:00:00+00:00': 12083.425049059964, '2025-05-27 02:00:00+00:00': 12117.827697562509, '2025-05-27 04:00:00+00:00': 12131.053984922408, '2025-05-27 15:00:00+00:00': 12142.794148594132, '2025-05-28 11:00:00+00:00': 12211.26023723184, '2025-05-28 17:00:00+00:00': 12238.74133635912, '2025-05-28 20:00:00+00:00': 12244.37415336384, '2025-05-29 03:00:00+00:00': 12236.222140268357, '2025-05-29 06:00:00+00:00': 12251.467794561888, '2025-05-29 16:00:00+00:00': 12267.231956887903, '2025-05-31 03:00:00+00:00': 12285.005134669182, '2025-06-02 23:00:00+00:00': 12262.231956887903, '2025-06-03 01:00:00+00:00': 12322.95331432134, '2025-06-03 02:00:00+00:00': 12330.45331432134, '2025-06-03 04:00:00+00:00': 12268.299977372368, '2025-06-05 08:00:00+00:00': 12171.909885160407, '2025-06-05 20:00:00+00:00': 12219.409885160407, '2025-06-05 21:00:00+00:00': 12330.799977372368, '2025-06-06 05:00:00+00:00': 12249.409885160407, '2025-06-06 12:00:00+00:00': 12290.615695898543, '2025-06-08 09:00:00+00:00': 12259.409885160407, '2025-06-08 19:00:00+00:00': 12358.851100762045, '2025-06-09 06:00:00+00:00': 12340.615695898543, '2025-06-09 10:00:00+00:00': 12263.115695898543, '2025-06-09 22:00:00+00:00': 12390.615695898543, '2025-06-12 12:00:00+00:00': 12303.70425136084, '2025-06-12 23:00:00+00:00': 12418.115695898543, '2025-06-13 00:00:00+00:00': 12388.70425136084, '2025-06-13 01:00:00+00:00': 12366.20425136084, '2025-06-13 16:00:00+00:00': 12258.70425136084, '2025-06-16 01:00:00+00:00': 12356.20425136084, '2025-06-16 02:00:00+00:00': 12286.20425136084, '2025-06-16 04:00:00+00:00': 12286.20425136084, '2025-06-16 06:00:00+00:00': 12216.20425136084, '2025-06-16 08:00:00+00:00': 12241.20425136084, '2025-06-16 17:00:00+00:00': 12156.20425136084, '2025-06-16 20:00:00+00:00': 12246.20425136084, '2025-06-17 10:00:00+00:00': 12231.20425136084, '2025-06-17 14:00:00+00:00': 12108.70425136084, '2025-06-17 16:00:00+00:00': 12161.20425136084, '2025-06-17 17:00:00+00:00': 12211.20425136084, '2025-06-18 05:00:00+00:00': 12148.95425136084, '2025-06-18 19:00:00+00:00': 12203.70425136084, '2025-06-19 19:00:00+00:00': 12193.95425136084, '2025-06-20 08:00:00+00:00': 12151.45425136084, '2025-06-20 10:00:00+00:00': 12136.70425136084, '2025-06-20 15:00:00+00:00': 12113.95425136084, '2025-06-20 17:00:00+00:00': 12129.20425136084, '2025-06-21 16:00:00+00:00': 12338.70425136084, '2025-06-21 22:00:00+00:00': 12356.20425136084, '2025-06-22 14:00:00+00:00': 12588.20425136084, '2025-06-22 15:00:00+00:00': 12557.70425136084, '2025-06-22 20:00:00+00:00': 12640.20425136084, '2025-06-22 23:00:00+00:00': 12499.45425136084, '2025-06-23 03:00:00+00:00': 12550.20425136084, '2025-06-23 05:00:00+00:00': 12468.45425136084, '2025-06-23 07:00:00+00:00': 12458.20425136084, '2025-06-23 19:00:00+00:00': 12378.45425136084, '2025-06-23 23:00:00+00:00': 12388.20425136084, '2025-06-24 00:00:00+00:00': 12377.70425136084, '2025-06-24 05:00:00+00:00': 12331.95425136084, '2025-06-24 21:00:00+00:00': 12357.70425136084, '2025-06-25 11:00:00+00:00': 12357.45425136084, '2025-06-25 14:00:00+00:00': 12367.70425136084, '2025-06-25 16:00:00+00:00': 12318.20425136084, '2025-06-26 14:00:00+00:00': 12299.95425136084, '2025-06-27 00:00:00+00:00': 12284.95425136084, '2025-06-30 21:00:00+00:00': 12293.273291403388, '2025-07-01 00:00:00+00:00': 12309.895271522251, '2025-07-01 07:00:00+00:00': 12325.69441019048, '2025-07-01 11:00:00+00:00': 12334.907441815494, '2025-07-01 13:00:00+00:00': 12338.715324559415, '2025-07-01 18:00:00+00:00': 12316.593593765041, '2025-07-02 05:00:00+00:00': 12322.159183701477, '2025-07-02 08:00:00+00:00': 12319.265554472613, '2025-07-02 13:00:00+00:00': 12417.720999759003, '2025-07-02 15:00:00+00:00': 12412.40137011212, '2025-07-02 17:00:00+00:00': 12437.643656472763, '2025-07-02 19:00:00+00:00': 12437.643656472763, '2025-07-02 20:00:00+00:00': 12415.267743571389, '2025-07-02 21:00:00+00:00': 12445.068641975035, '2025-07-02 23:00:00+00:00': 12448.268322744505, '2025-07-03 03:00:00+00:00': 12466.004068510883, '2025-07-03 05:00:00+00:00': 12456.63159867412, '2025-07-03 07:00:00+00:00': 12501.330844796774, '2025-07-03 10:00:00+00:00': 12517.512236270792, '2025-07-03 14:00:00+00:00': 12482.276652141838, '2025-07-03 16:00:00+00:00': 12529.347453567461, '2025-07-03 17:00:00+00:00': 12524.183438755965, '2025-07-04 02:00:00+00:00': 12537.17777795399, '2025-07-04 13:00:00+00:00': 12568.553922563151, '2025-07-04 18:00:00+00:00': 12572.568430181287, '2025-07-04 20:00:00+00:00': 12563.041359771765, '2025-07-06 23:00:00+00:00': 12545.52317791386, '2025-07-07 11:00:00+00:00': 12595.241183126094, '2025-07-07 21:00:00+00:00': 12590.699783967402, '2025-07-08 10:00:00+00:00': 12587.960008466058, '2025-07-08 14:00:00+00:00': 12617.991092690641, '2025-07-08 17:00:00+00:00': 12626.929100952406, '2025-07-09 10:00:00+00:00': 12665.87274554784, '2025-07-09 20:00:00+00:00': 12640.993965874688, '2025-07-09 21:00:00+00:00': 12581.323103610497, '2025-07-10 03:00:00+00:00': 12663.085957661648, '2025-07-10 06:00:00+00:00': 12668.573858959051, '2025-07-10 08:00:00+00:00': 12673.841816339609, '2025-07-10 10:00:00+00:00': 12659.534324068505, '2025-07-10 14:00:00+00:00': 12678.635344758755, '2025-07-10 18:00:00+00:00': 12796.939379762844, '2025-07-10 19:00:00+00:00': 12802.55124585576, '2025-07-10 22:00:00+00:00': 12701.939379762844, '2025-07-10 23:00:00+00:00': 12892.55124585576, '2025-07-11 01:00:00+00:00': 12908.295580725262, '2025-07-11 07:00:00+00:00': 12928.967188386461, '2025-07-11 12:00:00+00:00': 12930.461139627718, '2025-07-11 16:00:00+00:00': 12958.791952556134, '2025-07-12 01:00:00+00:00': 12970.608855387742, '2025-07-12 08:00:00+00:00': 12981.412134124173, '2025-07-12 17:00:00+00:00': 13000.088358598978, '2025-07-12 21:00:00+00:00': 13015.558957523455, '2025-07-13 01:00:00+00:00': 13018.005118287369, '2025-07-13 11:00:00+00:00': 13023.364568286472, '2025-07-13 12:00:00+00:00': 12951.824392179144, '2025-07-13 22:00:00+00:00': 13003.349329682791, '2025-07-13 23:00:00+00:00': 12993.207438215884, '2025-07-14 00:00:00+00:00': 13013.555412280371, '2025-07-14 04:00:00+00:00': 13038.746542279896, '2025-07-14 07:00:00+00:00': 13054.039049481347, '2025-07-14 20:00:00+00:00': 13315.74616147949, '2025-07-15 04:00:00+00:00': 13184.289049481347, '2025-07-17 09:00:00+00:00': 13306.616634774175, '2025-07-17 22:00:00+00:00': 13291.864398888942, '2025-07-18 11:00:00+00:00': 13349.608940603353, '2025-07-19 19:00:00+00:00': 13429.358940603353, '2025-07-20 10:00:00+00:00': 13341.864398888942, '2025-07-21 08:00:00+00:00': 13417.206760076117, '2025-07-22 01:00:00+00:00': 13414.605393711174, '2025-07-22 11:00:00+00:00': 13410.63629798553, '2025-07-23 00:00:00+00:00': 13387.206760076117, '2025-07-24 06:00:00+00:00': 13440.26877663435, '2025-07-24 12:00:00+00:00': 13785.361513547228, '2025-07-24 15:00:00+00:00': 13783.495691484919, '2025-07-25 02:00:00+00:00': 13567.76877663435, '2025-07-25 03:00:00+00:00': 13789.89126323931, '2025-07-25 04:00:00+00:00': 13808.926983482283, '2025-07-25 07:00:00+00:00': 13823.926983482283}]",303,COMPLETE
