number,value,datetime_start,datetime_complete,duration,params_CONVERGENCE_THRESHOLD,params_DAILY_LOSS_LIMIT,params_FIXED_TRADE_PCT,params_MAX_CONCURRENT_POSITIONS,params_MAX_DRAWDOWN_LIMIT,params_MAX_HOLD_HOURS,params_MAX_POSITION_PCT,params_MIN_DIV,params_MIN_TIME_BETWEEN_TRADES,params_STOP_LOSS_PCT,params_TAKE_PROFIT_PCT,params_TRAIL_PCT,user_attrs_cooldown_trades_pct,user_attrs_equity_curves,user_attrs_total_trades,state
18,103.64792037605318,2025-08-01 18:31:07.004740,2025-08-01 18:31:07.744996,0 days 00:00:00.740256,0.03,0.15,0.055,2,0.2,48,0.015,0.04,1.0,0.35,0.45,0.65,0.6600660066006601,"[{'2025-05-01 00:00:00+00:00': 10000.0, '2025-05-01 02:00:00+00:00': 10041.276095375673, '2025-05-01 03:00:00+00:00': 10047.756476820994, '2025-05-01 06:00:00+00:00': 10061.868843086711, '2025-05-01 07:00:00+00:00': 10065.882829694523, '2025-05-01 11:00:00+00:00': 10076.680911921774, '2025-05-01 13:00:00+00:00': 10113.839864790138, '2025-05-01 15:00:00+00:00': 10107.459206402818, '2025-05-01 16:00:00+00:00': 10114.441317768828, '2025-05-02 01:00:00+00:00': 10118.33717538479, '2025-05-02 05:00:00+00:00': 10120.254429720884, '2025-05-02 09:00:00+00:00': 10123.153331841164, '2025-05-02 13:00:00+00:00': 10112.89242964051, '2025-05-02 15:00:00+00:00': 10120.927549841297, '2025-05-02 18:00:00+00:00': 10121.888260428255, '2025-05-02 20:00:00+00:00': 10127.951035423286, '2025-05-03 01:00:00+00:00': 10127.951035423286, '2025-05-03 23:00:00+00:00': 10131.910086929574, '2025-05-04 00:00:00+00:00': 10134.71193320452, '2025-05-04 03:00:00+00:00': 10134.71193320452, '2025-05-04 08:00:00+00:00': 10134.71193320452, '2025-05-04 22:00:00+00:00': 10130.397166837172, '2025-05-05 00:00:00+00:00': 10145.467459058933, '2025-05-05 01:00:00+00:00': 10145.467459058933, '2025-05-05 02:00:00+00:00': 10157.981871864216, '2025-05-05 03:00:00+00:00': 10160.925553119503, '2025-05-05 10:00:00+00:00': 10161.976955952989, '2025-05-05 11:00:00+00:00': 10166.901224503219, '2025-05-05 14:00:00+00:00': 10166.901224503219, '2025-05-05 19:00:00+00:00': 10168.775680879577, '2025-05-05 23:00:00+00:00': 10196.692347771685, '2025-05-06 07:00:00+00:00': 10198.720765343189, '2025-05-06 10:00:00+00:00': 10194.63603549352, '2025-05-06 16:00:00+00:00': 10229.806710453116, '2025-05-06 17:00:00+00:00': 10233.634004299269, '2025-05-06 20:00:00+00:00': 10244.766667931974, '2025-05-06 21:00:00+00:00': 10260.330079460757, '2025-05-07 00:00:00+00:00': 10278.206677821761, '2025-05-07 01:00:00+00:00': 10285.980299836538, '2025-05-07 02:00:00+00:00': 10288.049455379136, '2025-05-07 03:00:00+00:00': 10298.999541335323, '2025-05-07 17:00:00+00:00': 10319.963211709035, '2025-05-07 18:00:00+00:00': 10327.695160889212, '2025-05-07 19:00:00+00:00': 10330.48673964565, '2025-05-07 20:00:00+00:00': 10335.313956317817, '2025-05-07 23:00:00+00:00': 10338.343042760143, '2025-05-08 04:00:00+00:00': 10380.334522842495, '2025-05-08 09:00:00+00:00': 10318.94738885851, '2025-05-08 13:00:00+00:00': 10390.481220233165, '2025-05-08 17:00:00+00:00': 10428.335765032147, '2025-05-08 19:00:00+00:00': 10431.674358099437, '2025-05-08 21:00:00+00:00': 10446.045647698333, '2025-05-08 23:00:00+00:00': 10454.403250515363, '2025-05-09 00:00:00+00:00': 10457.085026351751, '2025-05-09 03:00:00+00:00': 10475.90024794579, '2025-05-09 08:00:00+00:00': 10468.752637022422, '2025-05-09 09:00:00+00:00': 10500.138408545381, '2025-05-09 11:00:00+00:00': 10501.264528146634, '2025-05-09 15:00:00+00:00': 10506.430280696257, '2025-05-09 18:00:00+00:00': 10512.359363502726, '2025-05-10 07:00:00+00:00': 10534.897395811315, '2025-05-10 08:00:00+00:00': 10523.302638807307, '2025-05-10 22:00:00+00:00': 10537.27750988661, '2025-05-11 01:00:00+00:00': 10539.860494121296, '2025-05-11 11:00:00+00:00': 10560.466716982124, '2025-05-11 12:00:00+00:00': 10550.495298605796, '2025-05-11 19:00:00+00:00': 10567.624740849806, '2025-05-12 02:00:00+00:00': 10586.523196833648, '2025-05-12 09:00:00+00:00': 10593.82894838095, '2025-05-12 12:00:00+00:00': 10599.207996453522, '2025-05-12 16:00:00+00:00': 10638.411745872356, '2025-05-12 19:00:00+00:00': 10656.143263883425, '2025-05-12 21:00:00+00:00': 10668.412259742901, '2025-05-13 01:00:00+00:00': 10674.074846817342, '2025-05-13 05:00:00+00:00': 10673.080803833578, '2025-05-13 10:00:00+00:00': 10681.708645441397, '2025-05-13 20:00:00+00:00': 10689.421461744978, '2025-05-14 12:00:00+00:00': 10691.380422572816, '2025-05-14 19:00:00+00:00': 10693.634968209677, '2025-05-14 22:00:00+00:00': 10696.58589429049, '2025-05-15 01:00:00+00:00': 10701.972438743089, '2025-05-15 13:00:00+00:00': 10709.042877341226, '2025-05-15 21:00:00+00:00': 10732.723581255195, '2025-05-16 00:00:00+00:00': 10737.881597947879, '2025-05-16 11:00:00+00:00': 10744.05339696421, '2025-05-16 14:00:00+00:00': 10752.021341978176, '2025-05-16 16:00:00+00:00': 10758.077376064524, '2025-05-17 05:00:00+00:00': 10765.212670498131, '2025-05-17 09:00:00+00:00': 10765.212670498131, '2025-05-17 22:00:00+00:00': 10767.215405111552, '2025-05-18 01:00:00+00:00': 10771.96747204589, '2025-05-18 15:00:00+00:00': 10794.00910604039, '2025-05-18 18:00:00+00:00': 10795.760837739164, '2025-05-19 00:00:00+00:00': 10817.545905113659, '2025-05-19 01:00:00+00:00': 10844.463854347297, '2025-05-19 02:00:00+00:00': 10842.402563675843, '2025-05-19 04:00:00+00:00': 10871.789189759113, '2025-05-19 08:00:00+00:00': 10876.103067764689, '2025-05-19 16:00:00+00:00': 10930.161504778529, '2025-05-19 18:00:00+00:00': 10935.074882915314, '2025-05-19 20:00:00+00:00': 10950.659051618468, '2025-05-20 02:00:00+00:00': 10963.452037760342, '2025-05-20 06:00:00+00:00': 10965.119386115568, '2025-05-20 08:00:00+00:00': 10989.036067901268, '2025-05-20 12:00:00+00:00': 10990.232726450002, '2025-05-20 14:00:00+00:00': 11007.094462222167, '2025-05-20 16:00:00+00:00': 11016.365891544208, '2025-05-20 20:00:00+00:00': 11088.169289038537, '2025-05-21 07:00:00+00:00': 11104.727397330174, '2025-05-21 08:00:00+00:00': 11129.34677855174, '2025-05-21 15:00:00+00:00': 11161.371962753188, '2025-05-21 17:00:00+00:00': 11167.606140184553, '2025-05-21 21:00:00+00:00': 11210.106140184553, '2025-05-22 00:00:00+00:00': 11217.266437457482, '2025-05-22 01:00:00+00:00': 11228.742329069091, '2025-05-22 04:00:00+00:00': 11271.789736227585, '2025-05-22 07:00:00+00:00': 11289.035319674866, '2025-05-22 09:00:00+00:00': 11311.103765757016, '2025-05-22 14:00:00+00:00': 11324.690495118508, '2025-05-23 00:00:00+00:00': 11333.434278993236, '2025-05-23 07:00:00+00:00': 11342.833818504556, '2025-05-23 22:00:00+00:00': 11434.028563748809, '2025-05-24 00:00:00+00:00': 11444.316857036363, '2025-05-24 08:00:00+00:00': 11466.148492883929, '2025-05-24 13:00:00+00:00': 11476.809807743331, '2025-05-24 23:00:00+00:00': 11493.131370677, '2025-05-25 19:00:00+00:00': 11499.946437741675, '2025-05-25 23:00:00+00:00': 11564.946437741675, '2025-05-26 01:00:00+00:00': 11573.122567600618, '2025-05-26 09:00:00+00:00': 11584.410484972525, '2025-05-26 16:00:00+00:00': 11597.335510463221, '2025-05-26 21:00:00+00:00': 11607.536723417354, '2025-05-27 02:00:00+00:00': 11637.822931847828, '2025-05-27 04:00:00+00:00': 11649.463874622521, '2025-05-27 08:00:00+00:00': 11663.239889443517, '2025-05-27 13:00:00+00:00': 11673.125947593255, '2025-05-27 15:00:00+00:00': 11686.599581072667, '2025-05-28 03:00:00+00:00': 11734.635346501405, '2025-05-28 15:00:00+00:00': 11775.69963528043, '2025-05-28 17:00:00+00:00': 11778.763732692902, '2025-05-28 20:00:00+00:00': 11783.731871593889, '2025-05-29 03:00:00+00:00': 11776.54208011124, '2025-05-29 05:00:00+00:00': 11788.308102592571, '2025-05-29 14:00:00+00:00': 11801.422053124275, '2025-05-29 17:00:00+00:00': 11810.381843069106, '2025-05-31 03:00:00+00:00': 11841.257256035278, '2025-06-01 23:00:00+00:00': 11820.381843069106, '2025-06-02 04:00:00+00:00': 11800.243820820097, '2025-06-03 02:00:00+00:00': 11818.819193202153, '2025-06-04 05:00:00+00:00': 11803.819193202153, '2025-06-05 03:00:00+00:00': 11798.819193202153, '2025-06-05 20:00:00+00:00': 11721.319193202153, '2025-06-05 21:00:00+00:00': 11846.319193202153, '2025-06-06 12:00:00+00:00': 11858.84547461869, '2025-06-07 20:00:00+00:00': 11922.223513305167, '2025-06-08 13:00:00+00:00': 11863.84547461869, '2025-06-09 18:00:00+00:00': 11808.84547461869, '2025-06-09 22:00:00+00:00': 11926.34547461869, '2025-06-11 19:00:00+00:00': 11911.34547461869, '2025-06-11 23:00:00+00:00': 11858.84547461869, '2025-06-12 20:00:00+00:00': 11811.34547461869, '2025-06-13 01:00:00+00:00': 11766.34547461869, '2025-06-13 16:00:00+00:00': 11681.34547461869, '2025-06-15 02:00:00+00:00': 11708.84547461869, '2025-06-15 17:00:00+00:00': 11663.84547461869, '2025-06-16 15:00:00+00:00': 11528.84547461869, '2025-06-16 21:00:00+00:00': 11473.84547461869, '2025-06-17 09:00:00+00:00': 11396.34547461869, '2025-06-17 11:00:00+00:00': 11498.84547461869, '2025-06-17 16:00:00+00:00': 11358.84547461869, '2025-06-19 17:00:00+00:00': 11348.84547461869, '2025-06-19 18:00:00+00:00': 11293.84547461869, '2025-06-20 08:00:00+00:00': 11251.34547461869, '2025-06-20 10:00:00+00:00': 11216.59547461869, '2025-06-20 15:00:00+00:00': 11299.09547461869, '2025-06-21 20:00:00+00:00': 11433.84547461869, '2025-06-21 22:00:00+00:00': 11323.84547461869, '2025-06-22 01:00:00+00:00': 11521.84547461869, '2025-06-22 14:00:00+00:00': 11659.34547461869, '2025-06-22 15:00:00+00:00': 11739.09547461869, '2025-06-23 01:00:00+00:00': 11595.34547461869, '2025-06-23 03:00:00+00:00': 11649.09547461869, '2025-06-23 07:00:00+00:00': 11585.34547461869, '2025-06-23 18:00:00+00:00': 11500.59547461869, '2025-06-23 19:00:00+00:00': 11525.34547461869, '2025-06-23 21:00:00+00:00': 11513.09547461869, '2025-06-23 23:00:00+00:00': 11473.09547461869, '2025-06-24 06:00:00+00:00': 11460.84547461869, '2025-06-24 21:00:00+00:00': 11440.84547461869, '2025-06-25 06:00:00+00:00': 11419.84547461869, '2025-06-25 11:00:00+00:00': 11409.59547461869, '2025-06-25 14:00:00+00:00': 11454.09547461869, '2025-06-25 16:00:00+00:00': 11414.84547461869, '2025-06-26 14:00:00+00:00': 11396.59547461869, '2025-06-27 00:00:00+00:00': 11381.59547461869, '2025-06-30 21:00:00+00:00': 11389.221261324361, '2025-06-30 22:00:00+00:00': 11403.188341840907, '2025-07-01 00:00:00+00:00': 11410.42944821101, '2025-07-01 02:00:00+00:00': 11405.261528034649, '2025-07-01 05:00:00+00:00': 11414.548994820552, '2025-07-01 18:00:00+00:00': 11400.625053234577, '2025-07-01 20:00:00+00:00': 11417.663430822568, '2025-07-02 00:00:00+00:00': 11427.348394764444, '2025-07-02 08:00:00+00:00': 11392.519844224393, '2025-07-02 14:00:00+00:00': 11429.326574830211, '2025-07-02 17:00:00+00:00': 11447.53912598547, '2025-07-02 18:00:00+00:00': 11448.63489446733, '2025-07-02 20:00:00+00:00': 11428.01626015097, '2025-07-02 21:00:00+00:00': 11455.383712492836, '2025-07-02 22:00:00+00:00': 11459.745892359537, '2025-07-03 00:00:00+00:00': 11471.268071921888, '2025-07-03 05:00:00+00:00': 11481.33353609499, '2025-07-03 07:00:00+00:00': 11498.651914705266, '2025-07-03 10:00:00+00:00': 11524.822611017014, '2025-07-03 14:00:00+00:00': 11510.11043620889, '2025-07-03 16:00:00+00:00': 11535.579644793585, '2025-07-03 17:00:00+00:00': 11530.887289863811, '2025-07-03 21:00:00+00:00': 11543.71088556081, '2025-07-04 05:00:00+00:00': 11566.661457785824, '2025-07-04 16:00:00+00:00': 11582.028014147869, '2025-07-04 18:00:00+00:00': 11585.68061585304, '2025-07-04 20:00:00+00:00': 11588.57386081563, '2025-07-04 23:00:00+00:00': 11596.261189840436, '2025-07-05 23:00:00+00:00': 11562.682159134476, '2025-07-07 01:00:00+00:00': 11607.571931926612, '2025-07-08 00:00:00+00:00': 11621.882809748222, '2025-07-08 01:00:00+00:00': 11621.882809748222, '2025-07-08 05:00:00+00:00': 11616.783401045705, '2025-07-08 14:00:00+00:00': 11638.263318499674, '2025-07-08 17:00:00+00:00': 11653.829053338472, '2025-07-09 03:00:00+00:00': 11662.640733590262, '2025-07-09 05:00:00+00:00': 11664.93882687116, '2025-07-09 16:00:00+00:00': 11616.783401045705, '2025-07-09 20:00:00+00:00': 11703.803001537875, '2025-07-09 21:00:00+00:00': 11695.118444399077, '2025-07-10 01:00:00+00:00': 11705.736603553809, '2025-07-10 02:00:00+00:00': 11708.982239611862, '2025-07-10 06:00:00+00:00': 11722.342974485491, '2025-07-10 08:00:00+00:00': 11727.160599559535, '2025-07-10 14:00:00+00:00': 11731.536343685264, '2025-07-10 18:00:00+00:00': 11847.808476912907, '2025-07-10 22:00:00+00:00': 11955.308476912907, '2025-07-10 23:00:00+00:00': 11963.369204508297, '2025-07-11 06:00:00+00:00': 11986.962740875353, '2025-07-11 12:00:00+00:00': 11992.241821958058, '2025-07-11 16:00:00+00:00': 12018.117727408004, '2025-07-12 09:00:00+00:00': 11993.520535702766, '2025-07-13 11:00:00+00:00': 12013.14404349768, '2025-07-13 12:00:00+00:00': 12011.755324565525, '2025-07-13 23:00:00+00:00': 12006.406635592477, '2025-07-14 00:00:00+00:00': 12015.659948826233, '2025-07-14 03:00:00+00:00': 12001.007848003703, '2025-07-14 04:00:00+00:00': 12038.49760443991, '2025-07-14 07:00:00+00:00': 12066.583723910333, '2025-07-15 02:00:00+00:00': 12183.083723910333, '2025-07-15 08:00:00+00:00': 12383.083723910333, '2025-07-16 16:00:00+00:00': 12326.403155488666, '2025-07-17 03:00:00+00:00': 12398.903155488666, '2025-07-17 21:00:00+00:00': 12332.795859409678, '2025-07-18 01:00:00+00:00': 12337.056221525163, '2025-07-19 15:00:00+00:00': 12488.092701338484, '2025-07-20 00:00:00+00:00': 12439.556221525163, '2025-07-20 03:00:00+00:00': 12499.04236450814, '2025-07-20 10:00:00+00:00': 12546.23656600379, '2025-07-20 13:00:00+00:00': 12545.255332994104, '2025-07-21 02:00:00+00:00': 12552.740523967288, '2025-07-22 01:00:00+00:00': 12561.262471807222, '2025-07-22 05:00:00+00:00': 12518.096590757174, '2025-07-22 11:00:00+00:00': 12511.262471807222, '2025-07-22 12:00:00+00:00': 12506.317685353224, '2025-07-23 11:00:00+00:00': 12601.040606246146, '2025-07-23 14:00:00+00:00': 12604.507537372225, '2025-07-24 07:00:00+00:00': 12610.108250896381, '2025-07-24 12:00:00+00:00': 12566.317685353224, '2025-07-24 14:00:00+00:00': 12612.772840640415, '2025-07-25 04:00:00+00:00': 12682.951072384869, '2025-07-25 07:00:00+00:00': 12707.951072384869}]",301,COMPLETE
