number,value,datetime_start,datetime_complete,duration,params_CONVERGENCE_THRESHOLD,params_DAILY_LOSS_LIMIT,params_FIXED_TRADE_PCT,params_MAX_CONCURRENT_POSITIONS,params_MAX_DRAWDOWN_LIMIT,params_MAX_HOLD_HOURS,params_MAX_POSITION_PCT,params_MIN_DIV,params_MIN_TIME_BETWEEN_TRADES,params_STOP_LOSS_PCT,params_TAKE_PROFIT_PCT,params_TRAIL_PCT,user_attrs_cooldown_trades_pct,user_attrs_equity_curves,user_attrs_total_trades,state
7,385.46506356145306,2025-08-01 18:30:58.461652,2025-08-01 18:30:59.227075,0 days 00:00:00.765423,0.025,0.15,0.055,3,0.2,48,0.015,0.05,1.0,0.3,0.45,0.65,0.31746031746031744,"[{'2025-05-01 00:00:00+00:00': 10000.0, '2025-05-01 02:00:00+00:00': 10031.556137447265, '2025-05-01 06:00:00+00:00': 10043.220824048843, '2025-05-01 07:00:00+00:00': 10047.227371392653, '2025-05-01 11:00:00+00:00': 10109.113161018766, '2025-05-01 13:00:00+00:00': 10061.23886207778, '2025-05-01 15:00:00+00:00': 10118.413790038836, '2025-05-01 16:00:00+00:00': 10124.791498201985, '2025-05-01 17:00:00+00:00': 10126.555820261625, '2025-05-02 01:00:00+00:00': 10130.456386823196, '2025-05-02 13:00:00+00:00': 10097.383267704085, '2025-05-02 15:00:00+00:00': 10138.832560549012, '2025-05-02 16:00:00+00:00': 10129.356047179075, '2025-05-02 18:00:00+00:00': 10139.794970736453, '2025-05-02 20:00:00+00:00': 10145.86847143332, '2025-05-03 03:00:00+00:00': 10145.86847143332, '2025-05-03 23:00:00+00:00': 10149.834526928053, '2025-05-04 00:00:00+00:00': 10152.641329970775, '2025-05-04 22:00:00+00:00': 10151.330538913953, '2025-05-05 00:00:00+00:00': 10166.431972267615, '2025-05-05 01:00:00+00:00': 10173.881084857292, '2025-05-05 02:00:00+00:00': 10186.423852096348, '2025-05-05 03:00:00+00:00': 10189.374202974614, '2025-05-05 10:00:00+00:00': 10194.28912340566, '2025-05-05 11:00:00+00:00': 10199.226929718456, '2025-05-05 14:00:00+00:00': 10202.004197566357, '2025-05-05 19:00:00+00:00': 10220.779765699106, '2025-05-05 20:00:00+00:00': 10206.791620274247, '2025-05-05 23:00:00+00:00': 10224.475881841918, '2025-05-06 01:00:00+00:00': 10239.081281775598, '2025-05-06 11:00:00+00:00': 10235.637874000495, '2025-05-06 16:00:00+00:00': 10259.768568785019, '2025-05-06 17:00:00+00:00': 10263.604003903685, '2025-05-06 20:00:00+00:00': 10274.760348511012, '2025-05-07 01:00:00+00:00': 10310.59319088246, '2025-05-07 02:00:00+00:00': 10331.99128944974, '2025-05-07 04:00:00+00:00': 10345.726432649763, '2025-05-07 17:00:00+00:00': 10381.79137241836, '2025-05-07 18:00:00+00:00': 10389.559118733212, '2025-05-07 19:00:00+00:00': 10392.363621853012, '2025-05-07 20:00:00+00:00': 10397.213187420817, '2025-05-07 23:00:00+00:00': 10487.973434752097, '2025-05-08 04:00:00+00:00': 10533.045491664221, '2025-05-08 09:00:00+00:00': 10480.527238897643, '2025-05-08 17:00:00+00:00': 10591.721022414165, '2025-05-08 21:00:00+00:00': 10624.786535292535, '2025-05-09 00:00:00+00:00': 10610.206194738326, '2025-05-09 03:00:00+00:00': 10643.888549067176, '2025-05-09 08:00:00+00:00': 10636.63199024157, '2025-05-09 09:00:00+00:00': 10661.765750430255, '2025-05-09 15:00:00+00:00': 10667.006372093116, '2025-05-09 18:00:00+00:00': 10673.021387233312, '2025-05-10 07:00:00+00:00': 10695.88607136598, '2025-05-10 08:00:00+00:00': 10684.123267370413, '2025-05-10 22:00:00+00:00': 10704.484933373753, '2025-05-11 01:00:00+00:00': 10707.106868488087, '2025-05-11 13:00:00+00:00': 10715.942001750755, '2025-05-12 12:00:00+00:00': 10715.942001750755, '2025-05-12 16:00:00+00:00': 10755.6377931381, '2025-05-12 19:00:00+00:00': 10773.591857491194, '2025-05-12 21:00:00+00:00': 10786.014840174988, '2025-05-13 01:00:00+00:00': 10791.748497760089, '2025-05-13 06:00:00+00:00': 10795.774574193956, '2025-05-13 20:00:00+00:00': 10803.09682224624, '2025-05-15 01:00:00+00:00': 10808.545203292657, '2025-05-15 21:00:00+00:00': 10832.481927521352, '2025-05-16 11:00:00+00:00': 10838.717452288289, '2025-05-16 17:00:00+00:00': 10845.715102823891, '2025-05-17 05:00:00+00:00': 10856.45436622292, '2025-05-17 15:00:00+00:00': 10862.024330608054, '2025-05-18 15:00:00+00:00': 10888.83382897499, '2025-05-18 17:00:00+00:00': 10945.534523980221, '2025-05-18 18:00:00+00:00': 10933.540222008178, '2025-05-19 00:00:00+00:00': 10993.034523980221, '2025-05-19 01:00:00+00:00': 10978.026721171265, '2025-05-19 04:00:00+00:00': 11007.825144027362, '2025-05-19 08:00:00+00:00': 11027.465172940638, '2025-05-19 16:00:00+00:00': 11089.763240593109, '2025-05-19 18:00:00+00:00': 11105.33254416677, '2025-05-19 20:00:00+00:00': 11121.182648818447, '2025-05-20 02:00:00+00:00': 11158.682648818447, '2025-05-20 06:00:00+00:00': 11160.382177574505, '2025-05-20 08:00:00+00:00': 11184.760459603509, '2025-05-20 14:00:00+00:00': 11201.94575948572, '2025-05-20 16:00:00+00:00': 11211.395100608657, '2025-05-20 20:00:00+00:00': 11329.576351647986, '2025-05-21 07:00:00+00:00': 11346.51946175108, '2025-05-21 08:00:00+00:00': 11355.993268561595, '2025-05-21 15:00:00+00:00': 11423.571594740943, '2025-05-21 17:00:00+00:00': 11515.807376201907, '2025-05-21 18:00:00+00:00': 11480.74794932737, '2025-05-21 20:00:00+00:00': 11574.793091254433, '2025-05-21 21:00:00+00:00': 11523.24794932737, '2025-05-22 00:00:00+00:00': 11649.543091254433, '2025-05-22 01:00:00+00:00': 11661.47819834366, '2025-05-22 04:00:00+00:00': 11723.97819834366, '2025-05-22 07:00:00+00:00': 11741.941027688663, '2025-05-22 09:00:00+00:00': 11764.927303107808, '2025-05-22 15:00:00+00:00': 11786.155007721858, '2025-05-23 00:00:00+00:00': 11795.267915094964, '2025-05-23 07:00:00+00:00': 11805.064261178504, '2025-05-23 22:00:00+00:00': 11900.108841217461, '2025-05-24 00:00:00+00:00': 11910.831460291776, '2025-05-24 08:00:00+00:00': 11933.584730287079, '2025-05-24 14:00:00+00:00': 11950.251812213144, '2025-05-24 23:00:00+00:00': 11967.2703069536, '2025-05-25 23:00:00+00:00': 12032.2703069536, '2025-05-26 09:00:00+00:00': 12044.02224928742, '2025-05-26 16:00:00+00:00': 12057.478598162532, '2025-05-26 21:00:00+00:00': 12068.09916371259, '2025-05-27 02:00:00+00:00': 12099.630380965367, '2025-05-27 13:00:00+00:00': 12109.900385974375, '2025-05-27 15:00:00+00:00': 12123.897297708785, '2025-05-28 03:00:00+00:00': 12173.79863796924, '2025-05-28 15:00:00+00:00': 12216.457748917637, '2025-05-28 17:00:00+00:00': 12219.64084730706, '2025-05-28 20:00:00+00:00': 12224.801934833127, '2025-05-29 01:00:00+00:00': 12218.577749097507, '2025-05-29 06:00:00+00:00': 12225.517419587235, '2025-05-29 14:00:00+00:00': 12239.136182589906, '2025-05-29 17:00:00+00:00': 12248.440873462223, '2025-05-31 03:00:00+00:00': 12279.316286428395, '2025-06-01 23:00:00+00:00': 12258.440873462223, '2025-06-02 01:00:00+00:00': 12294.22449986317, '2025-06-02 04:00:00+00:00': 12253.211064647989, '2025-06-04 00:00:00+00:00': 12245.40964104374, '2025-06-04 02:00:00+00:00': 12220.40964104374, '2025-06-04 05:00:00+00:00': 12205.40964104374, '2025-06-05 19:00:00+00:00': 12377.764957522168, '2025-06-05 21:00:00+00:00': 12440.264957522168, '2025-06-06 09:00:00+00:00': 12445.264957522168, '2025-06-06 11:00:00+00:00': 12492.764957522168, '2025-06-06 15:00:00+00:00': 12415.264957522168, '2025-06-07 20:00:00+00:00': 12402.764957522168, '2025-06-08 12:00:00+00:00': 12467.764957522168, '2025-06-08 16:00:00+00:00': 12440.264957522168, '2025-06-09 18:00:00+00:00': 12500.264957522168, '2025-06-09 21:00:00+00:00': 12475.264957522168, '2025-06-09 22:00:00+00:00': 12592.764957522168, '2025-06-11 19:00:00+00:00': 12485.264957522168, '2025-06-11 22:00:00+00:00': 12482.764957522168, '2025-06-11 23:00:00+00:00': 12430.264957522168, '2025-06-12 13:00:00+00:00': 12387.764957522168, '2025-06-13 01:00:00+00:00': 12480.264957522168, '2025-06-13 08:00:00+00:00': 12400.264957522168, '2025-06-15 02:00:00+00:00': 12422.764957522168, '2025-06-15 04:00:00+00:00': 12412.764957522168, '2025-06-15 09:00:00+00:00': 12402.764957522168, '2025-06-16 09:00:00+00:00': 12320.264957522168, '2025-06-16 15:00:00+00:00': 12340.264957522168, '2025-06-16 19:00:00+00:00': 12380.264957522168, '2025-06-17 08:00:00+00:00': 12330.264957522168, '2025-06-17 11:00:00+00:00': 12357.764957522168, '2025-06-17 16:00:00+00:00': 12452.764957522168, '2025-06-17 17:00:00+00:00': 12510.264957522168, '2025-06-18 04:00:00+00:00': 12412.764957522168, '2025-06-18 19:00:00+00:00': 12382.764957522168, '2025-06-19 07:00:00+00:00': 12500.264957522168, '2025-06-20 05:00:00+00:00': 12372.764957522168, '2025-06-20 08:00:00+00:00': 12245.264957522168, '2025-06-20 09:00:00+00:00': 12275.264957522168, '2025-06-20 10:00:00+00:00': 12265.514957522168, '2025-06-20 15:00:00+00:00': 12333.014957522168, '2025-06-21 20:00:00+00:00': 12467.764957522168, '2025-06-21 22:00:00+00:00': 12520.264957522168, '2025-06-22 01:00:00+00:00': 12713.014957522168, '2025-06-22 10:00:00+00:00': 12759.014957522168, '2025-06-22 14:00:00+00:00': 12775.514957522168, '2025-06-22 15:00:00+00:00': 12695.014957522168, '2025-06-22 16:00:00+00:00': 12788.514957522168, '2025-06-22 17:00:00+00:00': 12749.264957522168, '2025-06-22 23:00:00+00:00': 12673.014957522168, '2025-06-23 02:00:00+00:00': 12711.014957522168, '2025-06-23 03:00:00+00:00': 12646.514957522168, '2025-06-23 05:00:00+00:00': 12637.514957522168, '2025-06-23 14:00:00+00:00': 12580.014957522168, '2025-06-23 17:00:00+00:00': 12625.764957522168, '2025-06-23 18:00:00+00:00': 12555.764957522168, '2025-06-23 19:00:00+00:00': 12555.764957522168, '2025-06-23 21:00:00+00:00': 12568.264957522168, '2025-06-23 23:00:00+00:00': 12555.014957522168, '2025-06-24 00:00:00+00:00': 12517.764957522168, '2025-06-24 03:00:00+00:00': 12517.264957522168, '2025-06-24 17:00:00+00:00': 12540.014957522168, '2025-06-25 01:00:00+00:00': 12540.014957522168, '2025-06-25 14:00:00+00:00': 12550.014957522168, '2025-06-25 16:00:00+00:00': 12500.764957522168, '2025-06-26 13:00:00+00:00': 12487.764957522168, '2025-06-27 00:00:00+00:00': 12475.764957522168, '2025-06-30 21:00:00+00:00': 12483.390744227838, '2025-06-30 23:00:00+00:00': 12498.627559336795, '2025-07-01 00:00:00+00:00': 12505.8686657069, '2025-07-01 02:00:00+00:00': 12500.700090331535, '2025-07-01 07:00:00+00:00': 12509.050354593657, '2025-07-01 11:00:00+00:00': 12517.490560712664, '2025-07-01 13:00:00+00:00': 12520.9779943379, '2025-07-01 18:00:00+00:00': 12496.06302851482, '2025-07-01 20:00:00+00:00': 12508.466091270919, '2025-07-02 00:00:00+00:00': 12518.161858916805, '2025-07-02 05:00:00+00:00': 12515.070332023735, '2025-07-02 08:00:00+00:00': 12503.165564727822, '2025-07-02 13:00:00+00:00': 12558.140824118746, '2025-07-02 14:00:00+00:00': 12553.263476494685, '2025-07-02 17:00:00+00:00': 12570.986355891977, '2025-07-02 18:00:00+00:00': 12572.085171746856, '2025-07-02 20:00:00+00:00': 12551.949447068837, '2025-07-02 21:00:00+00:00': 12578.853619252752, '2025-07-02 22:00:00+00:00': 12583.228486870676, '2025-07-03 00:00:00+00:00': 12589.901769262386, '2025-07-03 03:00:00+00:00': 12598.445987387548, '2025-07-03 05:00:00+00:00': 12618.43209595105, '2025-07-03 07:00:00+00:00': 12635.807124302955, '2025-07-03 10:00:00+00:00': 12650.560222153612, '2025-07-03 14:00:00+00:00': 12613.290345697967, '2025-07-03 16:00:00+00:00': 12661.348729020801, '2025-07-03 17:00:00+00:00': 12656.641770369733, '2025-07-04 02:00:00+00:00': 12668.485707747957, '2025-07-04 05:00:00+00:00': 12691.492076669903, '2025-07-04 13:00:00+00:00': 12711.930734328596, '2025-07-04 16:00:00+00:00': 12706.904912635364, '2025-07-04 18:00:00+00:00': 12715.59613962369, '2025-07-04 20:00:00+00:00': 12718.499526376992, '2025-07-05 23:00:00+00:00': 12687.500793527099, '2025-07-06 13:00:00+00:00': 12744.613840408023, '2025-07-06 21:00:00+00:00': 12739.438274658509, '2025-07-07 05:00:00+00:00': 12757.925445162697, '2025-07-07 08:00:00+00:00': 12759.934298053906, '2025-07-08 00:00:00+00:00': 12758.964043053971, '2025-07-08 01:00:00+00:00': 12757.925445162697, '2025-07-08 10:00:00+00:00': 12766.004924139319, '2025-07-08 13:00:00+00:00': 12736.213697020963, '2025-07-08 14:00:00+00:00': 12735.046270839166, '2025-07-08 17:00:00+00:00': 12751.858998695916, '2025-07-09 03:00:00+00:00': 12758.464524002393, '2025-07-09 05:00:00+00:00': 12764.417934918069, '2025-07-09 18:00:00+00:00': 12797.176149740502, '2025-07-09 20:00:00+00:00': 12844.263249629294, '2025-07-09 21:00:00+00:00': 12870.696706198622, '2025-07-10 01:00:00+00:00': 12881.398678748004, '2025-07-10 02:00:00+00:00': 12884.669933914969, '2025-07-10 06:00:00+00:00': 12898.136130434867, '2025-07-10 08:00:00+00:00': 12902.991782958465, '2025-07-10 14:00:00+00:00': 12907.402066589955, '2025-07-10 18:00:00+00:00': 13023.842109308433, '2025-07-10 19:00:00+00:00': 13029.005105705468, '2025-07-10 22:00:00+00:00': 13136.505105705468, '2025-07-11 01:00:00+00:00': 13151.133834526268, '2025-07-11 06:00:00+00:00': 13174.936054292119, '2025-07-11 12:00:00+00:00': 13175.299979933136, '2025-07-11 16:00:00+00:00': 13201.404756198044, '2025-07-11 21:00:00+00:00': 13206.522533185089, '2025-07-12 01:00:00+00:00': 13209.651478161451, '2025-07-12 16:00:00+00:00': 13214.445805136598, '2025-07-12 21:00:00+00:00': 13228.659253937454, '2025-07-13 01:00:00+00:00': 13230.906368307295, '2025-07-13 07:00:00+00:00': 13176.590003823392, '2025-07-13 11:00:00+00:00': 13238.917937194616, '2025-07-13 12:00:00+00:00': 13194.98607828815, '2025-07-13 22:00:00+00:00': 13220.528360624472, '2025-07-13 23:00:00+00:00': 13211.21020592296, '2025-07-14 04:00:00+00:00': 13243.648609377931, '2025-07-14 07:00:00+00:00': 13243.648609377931, '2025-07-14 18:00:00+00:00': 13567.470433847553, '2025-07-15 02:00:00+00:00': 13360.148609377931, '2025-07-15 08:00:00+00:00': 13560.148609377931, '2025-07-16 15:00:00+00:00': 13518.421994000884, '2025-07-17 03:00:00+00:00': 13583.421994000884, '2025-07-17 22:00:00+00:00': 13531.890249624448, '2025-07-18 01:00:00+00:00': 13536.168088944843, '2025-07-18 10:00:00+00:00': 13607.10280704, '2025-07-18 16:00:00+00:00': 13578.421994000884, '2025-07-18 22:00:00+00:00': 13601.668088944843, '2025-07-20 13:00:00+00:00': 13612.651267674824, '2025-07-20 17:00:00+00:00': 13604.60280704, '2025-07-22 01:00:00+00:00': 13622.204971960196, '2025-07-22 11:00:00+00:00': 13646.070941384447, '2025-07-22 18:00:00+00:00': 13649.704971960196, '2025-07-23 11:00:00+00:00': 13665.819904704907, '2025-07-23 15:00:00+00:00': 13709.072058954567, '2025-07-24 03:00:00+00:00': 13703.822353963385, '2025-07-24 06:00:00+00:00': 13720.161967433594, '2025-07-24 12:00:00+00:00': 13936.954349563468, '2025-07-24 15:00:00+00:00': 13935.236624751304, '2025-07-24 16:00:00+00:00': 13952.90066066946, '2025-07-24 19:00:00+00:00': 13705.819904704907, '2025-07-25 03:00:00+00:00': 13950.021509390674, '2025-07-25 04:00:00+00:00': 14014.997045472344, '2025-07-25 07:00:00+00:00': 14039.997045472344}]",314,COMPLETE
