number,value,datetime_start,datetime_complete,duration,params_CONVERGENCE_THRESHOLD,params_DAILY_LOSS_LIMIT,params_FIXED_TRADE_PCT,params_MAX_CONCURRENT_POSITIONS,params_MAX_DRAWDOWN_LIMIT,params_MAX_HOLD_HOURS,params_MAX_POSITION_PCT,params_MIN_DIV,params_MIN_TIME_BETWEEN_TRADES,params_STOP_LOSS_PCT,params_TAKE_PROFIT_PCT,params_TRAIL_PCT,user_attrs_cooldown_trades_pct,user_attrs_equity_curves,user_attrs_total_trades,state
14,460.4733231997608,2025-08-01 18:31:03.849031,2025-08-01 18:31:04.576462,0 days 00:00:00.727431,0.03,0.1,0.055,2,0.15,72,0.01,0.045,1.0,0.35,0.5,0.65,0.0,"[{'2025-05-01 00:00:00+00:00': 10000.0, '2025-05-01 02:00:00+00:00': 10041.276095375673, '2025-05-01 03:00:00+00:00': 10047.756476820994, '2025-05-01 06:00:00+00:00': 10061.868843086711, '2025-05-01 07:00:00+00:00': 10065.882829694523, '2025-05-01 11:00:00+00:00': 10076.680911921774, '2025-05-01 13:00:00+00:00': 10115.308731493786, '2025-05-01 15:00:00+00:00': 10108.927143092347, '2025-05-01 16:00:00+00:00': 10115.910272137373, '2025-05-02 01:00:00+00:00': 10119.80669759483, '2025-05-02 13:00:00+00:00': 10112.89242964051, '2025-05-02 15:00:00+00:00': 10117.581651420847, '2025-05-02 18:00:00+00:00': 10118.542044404501, '2025-05-02 20:00:00+00:00': 10124.602815094177, '2025-05-03 01:00:00+00:00': 10124.602815094177, '2025-05-03 23:00:00+00:00': 10128.56055776942, '2025-05-04 00:00:00+00:00': 10131.361477776198, '2025-05-04 03:00:00+00:00': 10131.361477776198, '2025-05-04 22:00:00+00:00': 10128.3240710669, '2025-05-05 00:00:00+00:00': 10143.39127928726, '2025-05-05 01:00:00+00:00': 10148.804515355034, '2025-05-05 02:00:00+00:00': 10161.316367196929, '2025-05-05 03:00:00+00:00': 10164.259446054002, '2025-05-05 10:00:00+00:00': 10165.310633727238, '2025-05-05 11:00:00+00:00': 10170.233894569663, '2025-05-05 14:00:00+00:00': 10173.00298132162, '2025-05-05 19:00:00+00:00': 10203.477163810825, '2025-05-05 23:00:00+00:00': 10215.059672452677, '2025-05-06 05:00:00+00:00': 10217.349891983855, '2025-05-06 10:00:00+00:00': 10215.02707809025, '2025-05-06 16:00:00+00:00': 10239.10918256399, '2025-05-06 17:00:00+00:00': 10242.936894532284, '2025-05-06 20:00:00+00:00': 10254.070774380245, '2025-05-06 21:00:00+00:00': 10269.635886172251, '2025-05-07 00:00:00+00:00': 10287.51443750627, '2025-05-07 01:00:00+00:00': 10295.288908769528, '2025-05-07 03:00:00+00:00': 10306.237990199123, '2025-05-07 17:00:00+00:00': 10307.32863089218, '2025-05-07 18:00:00+00:00': 10337.147384990054, '2025-05-07 19:00:00+00:00': 10339.938727942566, '2025-05-07 20:00:00+00:00': 10344.765536861007, '2025-05-07 23:00:00+00:00': 10373.69219937578, '2025-05-08 04:00:00+00:00': 10415.785442084642, '2025-05-08 13:00:00+00:00': 10329.416088925595, '2025-05-08 17:00:00+00:00': 10473.974864369175, '2025-05-08 19:00:00+00:00': 10477.325439145487, '2025-05-08 21:00:00+00:00': 10491.748305144009, '2025-05-08 23:00:00+00:00': 10500.135902142134, '2025-05-09 00:00:00+00:00': 10502.827302469164, '2025-05-09 03:00:00+00:00': 10521.710049067227, '2025-05-09 08:00:00+00:00': 10514.536786441915, '2025-05-09 09:00:00+00:00': 10546.035196784342, '2025-05-09 11:00:00+00:00': 10547.165357859687, '2025-05-09 15:00:00+00:00': 10552.34964951925, '2025-05-09 18:00:00+00:00': 10558.300010913292, '2025-05-10 07:00:00+00:00': 10580.918928834346, '2025-05-10 08:00:00+00:00': 10569.282559989126, '2025-05-10 22:00:00+00:00': 10583.307584781534, '2025-05-11 01:00:00+00:00': 10585.899838958643, '2025-05-11 11:00:00+00:00': 10606.580014458012, '2025-05-11 12:00:00+00:00': 10596.57281015896, '2025-05-11 19:00:00+00:00': 10613.76372739813, '2025-05-12 02:00:00+00:00': 10632.73000710172, '2025-05-12 12:00:00+00:00': 10638.124633170873, '2025-05-12 16:00:00+00:00': 10677.441918640367, '2025-05-12 19:00:00+00:00': 10695.224788028716, '2025-05-12 21:00:00+00:00': 10707.529315523714, '2025-05-13 01:00:00+00:00': 10713.208301738097, '2025-05-13 05:00:00+00:00': 10712.211379955334, '2025-05-13 10:00:00+00:00': 10719.13041628326, '2025-05-13 20:00:00+00:00': 10726.864316138972, '2025-05-14 19:00:00+00:00': 10729.124610101815, '2025-05-15 01:00:00+00:00': 10734.523397115778, '2025-05-15 21:00:00+00:00': 10758.242236679625, '2025-05-16 11:00:00+00:00': 10764.42100241759, '2025-05-16 14:00:00+00:00': 10772.39794164131, '2025-05-16 16:00:00+00:00': 10778.460811773934, '2025-05-17 05:00:00+00:00': 10785.604160522005, '2025-05-17 22:00:00+00:00': 10790.29597344627, '2025-05-18 01:00:00+00:00': 10795.054591507103, '2025-05-18 15:00:00+00:00': 10817.126611759726, '2025-05-18 18:00:00+00:00': 10818.880758368918, '2025-05-19 00:00:00+00:00': 10843.182903640989, '2025-05-19 01:00:00+00:00': 10870.144156346116, '2025-05-19 04:00:00+00:00': 10899.583658640138, '2025-05-19 08:00:00+00:00': 10918.987124355062, '2025-05-19 16:00:00+00:00': 10973.217866711695, '2025-05-19 18:00:00+00:00': 10978.14690570275, '2025-05-19 20:00:00+00:00': 10993.780747235509, '2025-05-20 02:00:00+00:00': 11031.280747235509, '2025-05-20 06:00:00+00:00': 11032.957165051748, '2025-05-20 08:00:00+00:00': 11057.003940475264, '2025-05-20 12:00:00+00:00': 11058.207108190496, '2025-05-20 14:00:00+00:00': 11075.160562561676, '2025-05-20 16:00:00+00:00': 11084.482423376643, '2025-05-20 20:00:00+00:00': 11156.676391990799, '2025-05-21 07:00:00+00:00': 11173.324567314407, '2025-05-21 08:00:00+00:00': 11198.0778644735, '2025-05-21 15:00:00+00:00': 11264.571694522867, '2025-05-21 21:00:00+00:00': 11255.429004407191, '2025-05-22 00:00:00+00:00': 11262.613002939523, '2025-05-22 01:00:00+00:00': 11274.126880834883, '2025-05-22 04:00:00+00:00': 11317.316778971715, '2025-05-22 07:00:00+00:00': 11334.619446926974, '2025-05-22 09:00:00+00:00': 11356.760941647364, '2025-05-22 14:00:00+00:00': 11370.392644364674, '2025-05-23 00:00:00+00:00': 11379.165370988825, '2025-05-23 07:00:00+00:00': 11388.596023862581, '2025-05-24 00:00:00+00:00': 11491.135326439637, '2025-05-24 08:00:00+00:00': 11513.040602509016, '2025-05-24 13:00:00+00:00': 11523.737879015845, '2025-05-24 23:00:00+00:00': 11540.114496161814, '2025-05-25 23:00:00+00:00': 11605.114496161814, '2025-05-26 09:00:00+00:00': 11616.42559005252, '2025-05-26 16:00:00+00:00': 11629.377153396605, '2025-05-26 21:00:00+00:00': 11639.599311631964, '2025-05-27 02:00:00+00:00': 11669.947704153263, '2025-05-27 13:00:00+00:00': 11679.832452360426, '2025-05-27 15:00:00+00:00': 11693.304300529066, '2025-05-28 07:00:00+00:00': 11748.19504395318, '2025-05-28 16:00:00+00:00': 11793.19504395318, '2025-05-28 17:00:00+00:00': 11793.19504395318, '2025-05-28 20:00:00+00:00': 11798.165791660744, '2025-05-29 03:00:00+00:00': 11790.972224765272, '2025-05-29 05:00:00+00:00': 11802.744425672257, '2025-05-29 14:00:00+00:00': 11815.865262436631, '2025-05-29 18:00:00+00:00': 11827.475017993365, '2025-05-31 03:00:00+00:00': 11843.350430959537, '2025-06-02 23:00:00+00:00': 11822.475017993365, '2025-06-03 04:00:00+00:00': 11786.387326494007, '2025-06-05 21:00:00+00:00': 12016.387326494007, '2025-06-06 10:00:00+00:00': 12063.887326494007, '2025-06-06 14:00:00+00:00': 12116.387326494007, '2025-06-09 10:00:00+00:00': 12068.887326494007, '2025-06-09 11:00:00+00:00': 12141.387326494007, '2025-06-09 22:00:00+00:00': 12103.887326494007, '2025-06-12 23:00:00+00:00': 12131.387326494007, '2025-06-13 00:00:00+00:00': 12141.387326494007, '2025-06-13 01:00:00+00:00': 12193.887326494007, '2025-06-16 01:00:00+00:00': 12183.887326494007, '2025-06-16 02:00:00+00:00': 12113.887326494007, '2025-06-16 17:00:00+00:00': 12146.387326494007, '2025-06-16 20:00:00+00:00': 12183.887326494007, '2025-06-17 10:00:00+00:00': 12236.387326494007, '2025-06-17 16:00:00+00:00': 12166.387326494007, '2025-06-17 17:00:00+00:00': 12216.387326494007, '2025-06-17 20:00:00+00:00': 12213.887326494007, '2025-06-18 18:00:00+00:00': 12178.887326494007, '2025-06-19 01:00:00+00:00': 12198.887326494007, '2025-06-20 08:00:00+00:00': 12136.387326494007, '2025-06-20 10:00:00+00:00': 12251.637326494007, '2025-06-20 15:00:00+00:00': 12276.637326494007, '2025-06-21 20:00:00+00:00': 12261.387326494007, '2025-06-21 22:00:00+00:00': 12301.387326494007, '2025-06-22 01:00:00+00:00': 12389.387326494007, '2025-06-22 14:00:00+00:00': 12371.387326494007, '2025-06-22 15:00:00+00:00': 12606.637326494007, '2025-06-22 16:00:00+00:00': 12645.887326494007, '2025-06-23 01:00:00+00:00': 12502.137326494007, '2025-06-23 03:00:00+00:00': 12555.887326494007, '2025-06-23 07:00:00+00:00': 12492.137326494007, '2025-06-23 18:00:00+00:00': 12407.387326494007, '2025-06-23 19:00:00+00:00': 12432.137326494007, '2025-06-23 23:00:00+00:00': 12417.137326494007, '2025-06-24 05:00:00+00:00': 12371.387326494007, '2025-06-24 21:00:00+00:00': 12397.137326494007, '2025-06-25 11:00:00+00:00': 12396.887326494007, '2025-06-25 14:00:00+00:00': 12407.137326494007, '2025-06-25 16:00:00+00:00': 12357.637326494007, '2025-06-26 14:00:00+00:00': 12339.387326494007, '2025-06-27 00:00:00+00:00': 12324.387326494007, '2025-06-30 21:00:00+00:00': 12332.013113199677, '2025-06-30 22:00:00+00:00': 12345.980193716223, '2025-07-01 00:00:00+00:00': 12353.221300086327, '2025-07-01 02:00:00+00:00': 12348.053379909965, '2025-07-01 05:00:00+00:00': 12357.340846695868, '2025-07-01 18:00:00+00:00': 12343.416905109892, '2025-07-01 20:00:00+00:00': 12360.455282697883, '2025-07-02 00:00:00+00:00': 12370.14024663976, '2025-07-02 08:00:00+00:00': 12335.311696099709, '2025-07-02 14:00:00+00:00': 12372.118426705527, '2025-07-02 17:00:00+00:00': 12384.921425097635, '2025-07-02 18:00:00+00:00': 12386.01660261707, '2025-07-02 20:00:00+00:00': 12370.808112026285, '2025-07-02 21:00:00+00:00': 12392.761793749507, '2025-07-02 22:00:00+00:00': 12397.121629330162, '2025-07-03 00:00:00+00:00': 12408.637616739601, '2025-07-03 05:00:00+00:00': 12418.697671615533, '2025-07-03 07:00:00+00:00': 12436.006743128315, '2025-07-03 10:00:00+00:00': 12462.16337500438, '2025-07-03 14:00:00+00:00': 12447.459106689606, '2025-07-03 16:00:00+00:00': 12472.914627826256, '2025-07-03 17:00:00+00:00': 12468.224794622436, '2025-07-03 21:00:00+00:00': 12481.041498770399, '2025-07-04 05:00:00+00:00': 12492.603090177006, '2025-07-04 16:00:00+00:00': 12507.961388373466, '2025-07-04 18:00:00+00:00': 12511.612027128123, '2025-07-04 20:00:00+00:00': 12514.503717227319, '2025-07-04 23:00:00+00:00': 12522.18691499236, '2025-07-06 23:00:00+00:00': 12488.6259300469, '2025-07-08 01:00:00+00:00': 12533.491578554576, '2025-07-08 05:00:00+00:00': 12560.591983225446, '2025-07-08 14:00:00+00:00': 12582.006491377082, '2025-07-08 17:00:00+00:00': 12597.524826412864, '2025-07-09 03:00:00+00:00': 12606.3096738866, '2025-07-09 05:00:00+00:00': 12608.600769157447, '2025-07-09 16:00:00+00:00': 12560.591983225446, '2025-07-09 20:00:00+00:00': 12647.34659706812, '2025-07-09 21:00:00+00:00': 12638.663956425105, '2025-07-10 01:00:00+00:00': 12649.282891501261, '2025-07-10 02:00:00+00:00': 12652.528764734, '2025-07-10 06:00:00+00:00': 12665.890475942628, '2025-07-10 08:00:00+00:00': 12670.708453064371, '2025-07-10 14:00:00+00:00': 12675.084516947374, '2025-07-10 18:00:00+00:00': 12791.358204635038, '2025-07-10 22:00:00+00:00': 12696.358204635038, '2025-07-10 23:00:00+00:00': 12889.337558810745, '2025-07-11 06:00:00+00:00': 12912.893584849953, '2025-07-11 12:00:00+00:00': 12918.164272953367, '2025-07-11 16:00:00+00:00': 12943.999039437045, '2025-07-12 09:00:00+00:00': 12919.44095372722, '2025-07-13 11:00:00+00:00': 12939.033262968454, '2025-07-13 12:00:00+00:00': 12937.646751899574, '2025-07-13 23:00:00+00:00': 12932.306566572348, '2025-07-14 00:00:00+00:00': 12941.545168369563, '2025-07-14 03:00:00+00:00': 12926.916362278984, '2025-07-14 04:00:00+00:00': 12964.346515397025, '2025-07-14 07:00:00+00:00': 12964.346515397025, '2025-07-15 04:00:00+00:00': 13100.846515397025, '2025-07-15 15:00:00+00:00': 13308.346515397025, '2025-07-16 15:00:00+00:00': 13231.355724893441, '2025-07-17 21:00:00+00:00': 13241.355724893441, '2025-07-18 01:00:00+00:00': 13245.602769687277, '2025-07-19 18:00:00+00:00': 13413.002863848049, '2025-07-20 03:00:00+00:00': 13419.358952252971, '2025-07-20 10:00:00+00:00': 13421.526020861624, '2025-07-20 13:00:00+00:00': 13420.55692150713, '2025-07-21 00:00:00+00:00': 13360.602769687277, '2025-07-21 02:00:00+00:00': 13427.94955268522, '2025-07-21 08:00:00+00:00': 13355.44955268522, '2025-07-22 01:00:00+00:00': 13363.954203461331, '2025-07-22 05:00:00+00:00': 13495.702679351723, '2025-07-22 12:00:00+00:00': 13484.071383537897, '2025-07-23 11:00:00+00:00': 13518.513273801134, '2025-07-23 14:00:00+00:00': 13521.952145253304, '2025-07-24 01:00:00+00:00': 13479.452145253304, '2025-07-24 07:00:00+00:00': 13485.070244936029, '2025-07-24 14:00:00+00:00': 13567.732966628397, '2025-07-25 03:00:00+00:00': 13565.070244936029, '2025-07-25 04:00:00+00:00': 13577.849726008626, '2025-07-25 07:00:00+00:00': 13607.849726008626}]",272,COMPLETE
