number,value,datetime_start,datetime_complete,duration,params_CONVERGENCE_THRESHOLD,params_DAILY_LOSS_LIMIT,params_FIXED_TRADE_PCT,params_MAX_CONCURRENT_POSITIONS,params_MAX_DRAWDOWN_LIMIT,params_MAX_HOLD_HOURS,params_MAX_POSITION_PCT,params_MIN_DIV,params_MIN_TIME_BETWEEN_TRADES,params_STOP_LOSS_PCT,params_TAKE_PROFIT_PCT,params_TRAIL_PCT,user_attrs_cooldown_trades_pct,user_attrs_equity_curves,user_attrs_total_trades,state
48,222.44425633400508,2025-08-01 18:31:30.032483,2025-08-01 18:31:30.881264,0 days 00:00:00.848781,0.03,0.05,0.065,4,0.25,48,0.01,0.04,2.0,0.35,0.5,0.55,0.5649717514124294,"[{'2025-05-01 00:00:00+00:00': 10000.0, '2025-05-01 03:00:00+00:00': 10040.19525883704, '2025-05-01 06:00:00+00:00': 10048.464816313504, '2025-05-01 07:00:00+00:00': 10053.202299160876, '2025-05-01 13:00:00+00:00': 10097.060904701873, '2025-05-01 15:00:00+00:00': 10089.537567983285, '2025-05-01 16:00:00+00:00': 10097.769120398285, '2025-05-02 01:00:00+00:00': 10097.769120398285, '2025-05-02 05:00:00+00:00': 10100.029908803795, '2025-05-02 09:00:00+00:00': 10103.448355034421, '2025-05-02 13:00:00+00:00': 10095.943817501857, '2025-05-02 15:00:00+00:00': 10099.555782564554, '2025-05-02 18:00:00+00:00': 10100.68928559591, '2025-05-02 20:00:00+00:00': 10107.842628676055, '2025-05-03 01:00:00+00:00': 10107.842628676055, '2025-05-03 23:00:00+00:00': 10112.514340245123, '2025-05-04 00:00:00+00:00': 10115.820775531969, '2025-05-04 08:00:00+00:00': 10115.820775531969, '2025-05-04 10:00:00+00:00': 10108.497833319152, '2025-05-04 22:00:00+00:00': 10113.731541481138, '2025-05-05 00:00:00+00:00': 10131.520662886383, '2025-05-05 01:00:00+00:00': 10137.91353405953, '2025-05-05 03:00:00+00:00': 10141.385279825154, '2025-05-05 10:00:00+00:00': 10138.92917532877, '2025-05-05 14:00:00+00:00': 10142.194265145985, '2025-05-05 19:00:00+00:00': 10178.128808459156, '2025-05-05 23:00:00+00:00': 10187.021290939649, '2025-05-06 07:00:00+00:00': 10189.415396465416, '2025-05-06 10:00:00+00:00': 10186.67716711855, '2025-05-06 16:00:00+00:00': 10223.358830449948, '2025-05-06 17:00:00+00:00': 10227.877560970728, '2025-05-06 20:00:00+00:00': 10240.46890476854, '2025-05-06 21:00:00+00:00': 10245.694659102697, '2025-05-07 01:00:00+00:00': 10320.694659102697, '2025-05-07 02:00:00+00:00': 10320.694659102697, '2025-05-07 03:00:00+00:00': 10333.67218784086, '2025-05-07 17:00:00+00:00': 10379.607624492111, '2025-05-07 18:00:00+00:00': 10388.789543495137, '2025-05-07 20:00:00+00:00': 10394.521236631766, '2025-05-07 23:00:00+00:00': 10403.322630805505, '2025-05-08 04:00:00+00:00': 10489.553342917043, '2025-05-08 07:00:00+00:00': 10512.640581627482, '2025-05-08 09:00:00+00:00': 10524.413839076391, '2025-05-08 13:00:00+00:00': 10359.856666459067, '2025-05-08 17:00:00+00:00': 10524.413839076391, '2025-05-08 19:00:00+00:00': 10528.410482236892, '2025-05-08 21:00:00+00:00': 10545.615411003955, '2025-05-09 00:00:00+00:00': 10548.824199483635, '2025-05-09 08:00:00+00:00': 10562.785336183615, '2025-05-09 09:00:00+00:00': 10591.772526006805, '2025-05-09 11:00:00+00:00': 10593.119927858663, '2025-05-09 15:00:00+00:00': 10599.300870049794, '2025-05-09 18:00:00+00:00': 10606.395788220389, '2025-05-10 08:00:00+00:00': 10619.49218121966, '2025-05-10 22:00:00+00:00': 10622.337993902953, '2025-05-11 01:00:00+00:00': 10625.426497524735, '2025-05-11 12:00:00+00:00': 10638.143220345335, '2025-05-11 19:00:00+00:00': 10646.696022305941, '2025-05-12 02:00:00+00:00': 10669.27971930803, '2025-05-12 09:00:00+00:00': 10678.010108682582, '2025-05-12 12:00:00+00:00': 10684.438889906945, '2025-05-12 16:00:00+00:00': 10729.438889906945, '2025-05-12 19:00:00+00:00': 10750.643259867344, '2025-05-12 21:00:00+00:00': 10765.319674716078, '2025-05-13 01:00:00+00:00': 10772.094790846853, '2025-05-13 05:00:00+00:00': 10776.387718872615, '2025-05-13 10:00:00+00:00': 10786.716737957964, '2025-05-13 20:00:00+00:00': 10795.951670837487, '2025-05-14 12:00:00+00:00': 10798.29753864296, '2025-05-14 19:00:00+00:00': 10800.997461133176, '2025-05-14 22:00:00+00:00': 10804.531466955343, '2025-05-15 01:00:00+00:00': 10810.982674043245, '2025-05-15 13:00:00+00:00': 10819.451376448389, '2025-05-15 21:00:00+00:00': 10853.516192957319, '2025-05-16 00:00:00+00:00': 10859.7007319807, '2025-05-16 11:00:00+00:00': 10867.101458096813, '2025-05-16 14:00:00+00:00': 10876.656977261715, '2025-05-16 16:00:00+00:00': 10883.920626120456, '2025-05-17 05:00:00+00:00': 10892.479624052203, '2025-05-17 09:00:00+00:00': 10892.479624052203, '2025-05-17 15:00:00+00:00': 10901.498324359249, '2025-05-17 18:00:00+00:00': 10910.077615606624, '2025-05-17 21:00:00+00:00': 10915.805842647575, '2025-05-17 22:00:00+00:00': 10894.882253594493, '2025-05-18 01:00:00+00:00': 10921.517893335053, '2025-05-18 09:00:00+00:00': 10962.148335268465, '2025-05-18 15:00:00+00:00': 10948.014371813611, '2025-05-18 17:00:00+00:00': 11026.443616775712, '2025-05-18 18:00:00+00:00': 11012.148335268465, '2025-05-19 00:00:00+00:00': 11052.824377181461, '2025-05-19 01:00:00+00:00': 11100.324377181461, '2025-05-19 02:00:00+00:00': 11097.822853205644, '2025-05-19 04:00:00+00:00': 11133.484396342574, '2025-05-19 08:00:00+00:00': 11138.72199069381, '2025-05-19 16:00:00+00:00': 11204.36051889686, '2025-05-19 18:00:00+00:00': 11222.977945759116, '2025-05-19 20:00:00+00:00': 11241.940368322723, '2025-05-20 02:00:00+00:00': 11253.469386421895, '2025-05-20 06:00:00+00:00': 11255.498403127634, '2025-05-20 08:00:00+00:00': 11284.603712580109, '2025-05-20 12:00:00+00:00': 11286.06055820001, '2025-05-20 14:00:00+00:00': 11294.232419187801, '2025-05-20 16:00:00+00:00': 11305.510775022716, '2025-05-20 20:00:00+00:00': 11385.510775022716, '2025-05-20 23:00:00+00:00': 11435.510775022716, '2025-05-21 01:00:00+00:00': 11432.651732324475, '2025-05-21 07:00:00+00:00': 11452.595709018584, '2025-05-21 08:00:00+00:00': 11463.91267027581, '2025-05-21 15:00:00+00:00': 11503.019385256786, '2025-05-21 18:00:00+00:00': 11659.25162657359, '2025-05-21 20:00:00+00:00': 11711.75162657359, '2025-05-21 21:00:00+00:00': 11581.484101095315, '2025-05-22 00:00:00+00:00': 11720.619450576432, '2025-05-22 04:00:00+00:00': 11773.88408548239, '2025-05-22 07:00:00+00:00': 11795.237709510098, '2025-05-22 09:00:00+00:00': 11820.237709510098, '2025-05-22 14:00:00+00:00': 11837.068247455365, '2025-05-23 00:00:00+00:00': 11847.901959831868, '2025-05-23 07:00:00+00:00': 11859.549800951563, '2025-05-24 00:00:00+00:00': 11986.2156472798, '2025-05-24 08:00:00+00:00': 12013.319005387246, '2025-05-24 13:00:00+00:00': 12026.559312358702, '2025-05-24 23:00:00+00:00': 12046.832518800336, '2025-05-25 19:00:00+00:00': 12055.2997819837, '2025-05-25 23:00:00+00:00': 12120.2997819837, '2025-05-26 01:00:00+00:00': 12130.456375658148, '2025-05-26 09:00:00+00:00': 12144.480312679276, '2025-05-26 16:00:00+00:00': 12160.541015469862, '2025-05-26 21:00:00+00:00': 12173.219665838453, '2025-05-27 02:00:00+00:00': 12210.719665838453, '2025-05-27 04:00:00+00:00': 12225.196687343449, '2025-05-27 08:00:00+00:00': 12242.332063278242, '2025-05-27 13:00:00+00:00': 12254.631537270561, '2025-05-27 15:00:00+00:00': 12271.3969804203, '2025-05-28 07:00:00+00:00': 12339.721735186033, '2025-05-28 16:00:00+00:00': 12384.721735186033, '2025-05-28 17:00:00+00:00': 12384.721735186033, '2025-05-28 20:00:00+00:00': 12390.91307740473, '2025-05-29 03:00:00+00:00': 12381.952403023583, '2025-05-29 05:00:00+00:00': 12396.61482857116, '2025-05-29 14:00:00+00:00': 12412.959965569296, '2025-05-29 18:00:00+00:00': 12427.425614596774, '2025-05-31 03:00:00+00:00': 12462.620538695546, '2025-06-01 23:00:00+00:00': 12437.425614596774, '2025-06-02 03:00:00+00:00': 12492.199846564872, '2025-06-02 05:00:00+00:00': 12487.199846564872, '2025-06-02 07:00:00+00:00': 12477.199846564872, '2025-06-03 02:00:00+00:00': 12465.476012033054, '2025-06-04 00:00:00+00:00': 12467.976012033054, '2025-06-04 04:00:00+00:00': 12445.476012033054, '2025-06-04 06:00:00+00:00': 12422.976012033054, '2025-06-05 03:00:00+00:00': 12432.976012033054, '2025-06-05 20:00:00+00:00': 12352.976012033054, '2025-06-05 21:00:00+00:00': 12540.476012033054, '2025-06-06 10:00:00+00:00': 12574.49186441503, '2025-06-06 15:00:00+00:00': 12469.49186441503, '2025-06-07 04:00:00+00:00': 12532.976012033054, '2025-06-07 21:00:00+00:00': 12626.99186441503, '2025-06-08 11:00:00+00:00': 12496.99186441503, '2025-06-08 16:00:00+00:00': 12469.49186441503, '2025-06-09 05:00:00+00:00': 12419.49186441503, '2025-06-09 21:00:00+00:00': 12616.790809921557, '2025-06-09 22:00:00+00:00': 12616.790809921557, '2025-06-11 22:00:00+00:00': 12611.790809921557, '2025-06-12 00:00:00+00:00': 12616.790809921557, '2025-06-12 02:00:00+00:00': 12631.790809921557, '2025-06-12 04:00:00+00:00': 12569.290809921557, '2025-06-12 20:00:00+00:00': 12524.290809921557, '2025-06-13 01:00:00+00:00': 12641.790809921557, '2025-06-13 17:00:00+00:00': 12556.790809921557, '2025-06-15 02:00:00+00:00': 12584.290809921557, '2025-06-15 06:00:00+00:00': 12509.290809921557, '2025-06-15 09:00:00+00:00': 12496.790809921557, '2025-06-15 18:00:00+00:00': 12489.290809921557, '2025-06-16 15:00:00+00:00': 12336.790809921557, '2025-06-16 20:00:00+00:00': 12364.290809921557, '2025-06-17 10:00:00+00:00': 12421.790809921557, '2025-06-17 15:00:00+00:00': 12416.790809921557, '2025-06-17 16:00:00+00:00': 12384.290809921557, '2025-06-17 17:00:00+00:00': 12359.290809921557, '2025-06-17 20:00:00+00:00': 12386.790809921557, '2025-06-19 01:00:00+00:00': 12344.290809921557, '2025-06-19 07:00:00+00:00': 12314.290809921557, '2025-06-19 08:00:00+00:00': 12326.790809921557, '2025-06-19 16:00:00+00:00': 12371.790809921557, '2025-06-20 09:00:00+00:00': 12152.040809921557, '2025-06-20 10:00:00+00:00': 12239.540809921557, '2025-06-20 12:00:00+00:00': 12284.290809921557, '2025-06-20 15:00:00+00:00': 12249.040809921557, '2025-06-21 16:00:00+00:00': 12461.290809921557, '2025-06-21 22:00:00+00:00': 12326.290809921557, '2025-06-22 14:00:00+00:00': 12578.540809921557, '2025-06-22 15:00:00+00:00': 12658.290809921557, '2025-06-23 00:00:00+00:00': 12558.290809921557, '2025-06-23 01:00:00+00:00': 12517.540809921557, '2025-06-23 05:00:00+00:00': 12507.540809921557, '2025-06-23 18:00:00+00:00': 12483.290809921557, '2025-06-23 19:00:00+00:00': 12423.290809921557, '2025-06-23 23:00:00+00:00': 12473.040809921557, '2025-06-24 00:00:00+00:00': 12462.540809921557, '2025-06-24 02:00:00+00:00': 12437.540809921557, '2025-06-24 05:00:00+00:00': 12411.790809921557, '2025-06-24 21:00:00+00:00': 12396.790809921557, '2025-06-25 11:00:00+00:00': 12422.290809921557, '2025-06-25 14:00:00+00:00': 12432.540809921557, '2025-06-25 16:00:00+00:00': 12383.040809921557, '2025-06-26 14:00:00+00:00': 12364.790809921557, '2025-06-27 00:00:00+00:00': 12349.790809921557, '2025-06-30 21:00:00+00:00': 12358.803103300985, '2025-06-30 22:00:00+00:00': 12373.468937151469, '2025-07-01 05:00:00+00:00': 12371.741685998164, '2025-07-01 11:00:00+00:00': 12378.191759174688, '2025-07-01 13:00:00+00:00': 12382.3099013622, '2025-07-01 18:00:00+00:00': 12361.87951391928, '2025-07-01 20:00:00+00:00': 12367.533149494036, '2025-07-02 00:00:00+00:00': 12378.982190421602, '2025-07-02 02:00:00+00:00': 12380.207047695449, '2025-07-02 08:00:00+00:00': 12361.274735680854, '2025-07-02 13:00:00+00:00': 12467.027991029558, '2025-07-02 14:00:00+00:00': 12461.268956689044, '2025-07-02 17:00:00+00:00': 12488.606717198034, '2025-07-02 18:00:00+00:00': 12489.905442120304, '2025-07-02 20:00:00+00:00': 12459.71738785057, '2025-07-02 21:00:00+00:00': 12497.939213720992, '2025-07-03 00:00:00+00:00': 12505.857565595901, '2025-07-03 05:00:00+00:00': 12517.83139172247, '2025-07-03 07:00:00+00:00': 12538.435152086677, '2025-07-03 14:00:00+00:00': 12552.072863022255, '2025-07-03 16:00:00+00:00': 12564.858242301472, '2025-07-03 17:00:00+00:00': 12559.280445395405, '2025-07-03 21:00:00+00:00': 12574.94462479906, '2025-07-04 05:00:00+00:00': 12602.236282288708, '2025-07-04 12:00:00+00:00': 12628.509425118624, '2025-07-04 16:00:00+00:00': 12620.510712904435, '2025-07-04 18:00:00+00:00': 12632.857806361482, '2025-07-04 23:00:00+00:00': 12642.007482705838, '2025-07-05 09:00:00+00:00': 12660.386941942732, '2025-07-05 23:00:00+00:00': 12597.504301980032, '2025-07-06 13:00:00+00:00': 12664.37379344199, '2025-07-07 01:00:00+00:00': 12655.471693232263, '2025-07-07 02:00:00+00:00': 12677.721771187998, '2025-07-07 05:00:00+00:00': 12682.218284151357, '2025-07-07 08:00:00+00:00': 12684.603381535166, '2025-07-07 19:00:00+00:00': 12693.252824849462, '2025-07-07 21:00:00+00:00': 12697.892233428458, '2025-07-08 00:00:00+00:00': 12681.423191847522, '2025-07-08 01:00:00+00:00': 12677.721771187998, '2025-07-08 10:00:00+00:00': 12724.847975809515, '2025-07-08 12:00:00+00:00': 12726.23621232081, '2025-07-08 14:00:00+00:00': 12718.93251629901, '2025-07-08 17:00:00+00:00': 12744.848577144707, '2025-07-09 03:00:00+00:00': 12754.382107722813, '2025-07-09 05:00:00+00:00': 12761.466507362107, '2025-07-09 16:00:00+00:00': 12691.802209180949, '2025-07-09 18:00:00+00:00': 12800.459194344205, '2025-07-09 20:00:00+00:00': 12795.746253543037, '2025-07-09 21:00:00+00:00': 12787.381983814154, '2025-07-10 01:00:00+00:00': 12800.081674394401, '2025-07-10 02:00:00+00:00': 12803.964294798388, '2025-07-10 06:00:00+00:00': 12812.326563716788, '2025-07-10 08:00:00+00:00': 12818.087176544128, '2025-07-10 14:00:00+00:00': 12823.319858946796, '2025-07-10 18:00:00+00:00': 12943.759845912275, '2025-07-10 22:00:00+00:00': 12848.759845912275, '2025-07-10 23:00:00+00:00': 13033.759845912275, '2025-07-11 06:00:00+00:00': 13061.912403659073, '2025-07-11 12:00:00+00:00': 13060.385984595207, '2025-07-11 16:00:00+00:00': 13112.762552152744, '2025-07-11 21:00:00+00:00': 13126.41766065137, '2025-07-12 01:00:00+00:00': 13130.121955555252, '2025-07-12 09:00:00+00:00': 13082.762552152744, '2025-07-12 13:00:00+00:00': 13144.88394746005, '2025-07-12 16:00:00+00:00': 13153.94215830444, '2025-07-12 21:00:00+00:00': 13170.83218510961, '2025-07-13 01:00:00+00:00': 13173.503101925544, '2025-07-13 10:00:00+00:00': 13179.355095426834, '2025-07-13 11:00:00+00:00': 13137.461566305641, '2025-07-13 12:00:00+00:00': 13112.762552152744, '2025-07-13 22:00:00+00:00': 13188.660526153551, '2025-07-13 23:00:00+00:00': 13177.580212503086, '2025-07-14 00:00:00+00:00': 13199.818874531904, '2025-07-14 03:00:00+00:00': 13164.74518050654, '2025-07-14 04:00:00+00:00': 13227.362607457202, '2025-07-14 07:00:00+00:00': 13244.120180252023, '2025-07-14 18:00:00+00:00': 13584.374857242972, '2025-07-15 04:00:00+00:00': 13380.620180252023, '2025-07-15 15:00:00+00:00': 13575.620180252023, '2025-07-16 15:00:00+00:00': 13493.847293787452, '2025-07-16 16:00:00+00:00': 13566.347293787452, '2025-07-17 21:00:00+00:00': 13520.597293787452, '2025-07-18 01:00:00+00:00': 13525.73323428981, '2025-07-18 09:00:00+00:00': 13586.79053291443, '2025-07-19 19:00:00+00:00': 13582.022014143833, '2025-07-20 03:00:00+00:00': 13713.741860028173, '2025-07-20 05:00:00+00:00': 13711.79053291443, '2025-07-20 13:00:00+00:00': 13747.556742554185, '2025-07-21 02:00:00+00:00': 13756.597090965572, '2025-07-22 01:00:00+00:00': 13766.890856555621, '2025-07-22 05:00:00+00:00': 13775.113789178022, '2025-07-22 06:00:00+00:00': 13748.741860028173, '2025-07-22 12:00:00+00:00': 13702.82904656118, '2025-07-22 19:00:00+00:00': 13715.113789178022, '2025-07-22 23:00:00+00:00': 13697.57904656118, '2025-07-23 11:00:00+00:00': 13806.82904656118, '2025-07-23 14:00:00+00:00': 13811.010809380688, '2025-07-24 07:00:00+00:00': 13817.766691532104, '2025-07-24 12:00:00+00:00': 14028.481156180555, '2025-07-24 14:00:00+00:00': 13820.981156180555, '2025-07-24 15:00:00+00:00': 14021.884405321392, '2025-07-24 20:00:00+00:00': 13765.07904656118, '2025-07-25 03:00:00+00:00': 14030.85790041537, '2025-07-25 04:00:00+00:00': 14091.300344027952, '2025-07-25 07:00:00+00:00': 14098.800344027952}]",352,COMPLETE
