number,value,datetime_start,datetime_complete,duration,params_CONVERGENCE_THRESHOLD,params_DAILY_LOSS_LIMIT,params_FIXED_TRADE_PCT,params_MAX_CONCURRENT_POSITIONS,params_MAX_DRAWDOWN_LIMIT,params_MAX_HOLD_HOURS,params_MAX_POSITION_PCT,params_MIN_DIV,params_MIN_TIME_BETWEEN_TRADES,params_STOP_LOSS_PCT,params_TAKE_PROFIT_PCT,params_TRAIL_PCT,user_attrs_cooldown_trades_pct,user_attrs_equity_curves,user_attrs_total_trades,state
37,182.58330399316316,2025-08-01 18:31:21.611912,2025-08-01 18:31:22.460631,0 days 00:00:00.848719,0.03,0.05,0.065,4,0.25,72,0.02,0.04,2.0,0.35,0.55,0.6,0.0,"[{'2025-05-01 00:00:00+00:00': 10000.0, '2025-05-01 03:00:00+00:00': 10040.19525883704, '2025-05-01 06:00:00+00:00': 10048.464816313504, '2025-05-01 07:00:00+00:00': 10053.202299160876, '2025-05-01 13:00:00+00:00': 10097.060904701873, '2025-05-01 15:00:00+00:00': 10089.537567983285, '2025-05-01 16:00:00+00:00': 10097.769120398285, '2025-05-02 01:00:00+00:00': 10102.362715939564, '2025-05-02 05:00:00+00:00': 10104.623504345074, '2025-05-02 09:00:00+00:00': 10108.0419505757, '2025-05-02 13:00:00+00:00': 10095.943817501857, '2025-05-02 15:00:00+00:00': 10104.149378105833, '2025-05-02 18:00:00+00:00': 10105.28288113719, '2025-05-02 20:00:00+00:00': 10112.436224217334, '2025-05-03 01:00:00+00:00': 10112.436224217334, '2025-05-03 23:00:00+00:00': 10117.107935786402, '2025-05-04 00:00:00+00:00': 10120.414371073248, '2025-05-04 08:00:00+00:00': 10120.414371073248, '2025-05-04 10:00:00+00:00': 10113.09142886043, '2025-05-04 22:00:00+00:00': 10118.325137022417, '2025-05-05 00:00:00+00:00': 10136.114258427662, '2025-05-05 01:00:00+00:00': 10142.507129600808, '2025-05-05 03:00:00+00:00': 10145.978875366432, '2025-05-05 10:00:00+00:00': 10143.52277087005, '2025-05-05 14:00:00+00:00': 10146.787860687264, '2025-05-05 19:00:00+00:00': 10182.722404000435, '2025-05-05 23:00:00+00:00': 10191.614886480927, '2025-05-06 07:00:00+00:00': 10194.008992006695, '2025-05-06 10:00:00+00:00': 10191.27076265983, '2025-05-06 16:00:00+00:00': 10227.952425991227, '2025-05-06 17:00:00+00:00': 10232.471156512007, '2025-05-06 20:00:00+00:00': 10245.06250030982, '2025-05-06 21:00:00+00:00': 10250.288254643976, '2025-05-07 01:00:00+00:00': 10325.288254643976, '2025-05-07 02:00:00+00:00': 10325.288254643976, '2025-05-07 03:00:00+00:00': 10338.26578338214, '2025-05-07 17:00:00+00:00': 10384.20122003339, '2025-05-07 18:00:00+00:00': 10393.383139036416, '2025-05-07 20:00:00+00:00': 10399.114832173045, '2025-05-07 23:00:00+00:00': 10407.916226346784, '2025-05-08 04:00:00+00:00': 10494.146938458322, '2025-05-08 07:00:00+00:00': 10517.23417716876, '2025-05-08 09:00:00+00:00': 10529.00743461767, '2025-05-08 13:00:00+00:00': 10364.450262000346, '2025-05-08 17:00:00+00:00': 10571.50743461767, '2025-05-08 19:00:00+00:00': 10575.50407777817, '2025-05-08 21:00:00+00:00': 10592.709006545234, '2025-05-09 00:00:00+00:00': 10595.917795024914, '2025-05-09 08:00:00+00:00': 10609.878931724894, '2025-05-09 09:00:00+00:00': 10638.866121548084, '2025-05-09 11:00:00+00:00': 10640.213523399942, '2025-05-09 15:00:00+00:00': 10646.394465591073, '2025-05-09 18:00:00+00:00': 10653.489383761667, '2025-05-10 08:00:00+00:00': 10666.58577676094, '2025-05-10 22:00:00+00:00': 10669.431589444232, '2025-05-11 01:00:00+00:00': 10672.520093066014, '2025-05-11 12:00:00+00:00': 10685.236815886614, '2025-05-11 19:00:00+00:00': 10693.78961784722, '2025-05-12 02:00:00+00:00': 10716.373314849308, '2025-05-12 09:00:00+00:00': 10725.10370422386, '2025-05-12 12:00:00+00:00': 10731.532485448224, '2025-05-12 16:00:00+00:00': 10776.532485448224, '2025-05-12 19:00:00+00:00': 10797.736855408622, '2025-05-12 21:00:00+00:00': 10812.413270257357, '2025-05-13 01:00:00+00:00': 10819.188386388132, '2025-05-13 05:00:00+00:00': 10823.481314413893, '2025-05-13 10:00:00+00:00': 10833.810333499243, '2025-05-13 20:00:00+00:00': 10843.045266378766, '2025-05-14 12:00:00+00:00': 10845.39113418424, '2025-05-14 19:00:00+00:00': 10848.091056674455, '2025-05-14 22:00:00+00:00': 10851.625062496621, '2025-05-15 01:00:00+00:00': 10858.076269584524, '2025-05-15 13:00:00+00:00': 10866.544971989668, '2025-05-15 21:00:00+00:00': 10900.609788498597, '2025-05-16 00:00:00+00:00': 10906.794327521979, '2025-05-16 11:00:00+00:00': 10914.195053638092, '2025-05-16 14:00:00+00:00': 10923.750572802994, '2025-05-16 16:00:00+00:00': 10931.014221661735, '2025-05-17 05:00:00+00:00': 10939.573219593482, '2025-05-17 09:00:00+00:00': 10939.573219593482, '2025-05-17 15:00:00+00:00': 10948.591919900528, '2025-05-17 18:00:00+00:00': 10957.171211147903, '2025-05-17 21:00:00+00:00': 10962.899438188853, '2025-05-17 22:00:00+00:00': 10941.975849135772, '2025-05-18 01:00:00+00:00': 10968.611488876331, '2025-05-18 09:00:00+00:00': 11009.241930809743, '2025-05-18 15:00:00+00:00': 10995.10796735489, '2025-05-18 17:00:00+00:00': 11073.537212316991, '2025-05-18 18:00:00+00:00': 11059.241930809743, '2025-05-19 00:00:00+00:00': 11099.91797272274, '2025-05-19 01:00:00+00:00': 11147.41797272274, '2025-05-19 02:00:00+00:00': 11144.916448746922, '2025-05-19 04:00:00+00:00': 11180.577991883853, '2025-05-19 08:00:00+00:00': 11185.815586235089, '2025-05-19 17:00:00+00:00': 11262.70643355866, '2025-05-19 18:00:00+00:00': 11281.323860420916, '2025-05-19 20:00:00+00:00': 11300.305253552257, '2025-05-20 02:00:00+00:00': 11311.845805621733, '2025-05-20 06:00:00+00:00': 11313.876852215728, '2025-05-20 08:00:00+00:00': 11343.011279479626, '2025-05-20 12:00:00+00:00': 11344.469582570924, '2025-05-20 14:00:00+00:00': 11352.649618929867, '2025-05-20 16:00:00+00:00': 11363.939257965152, '2025-05-20 20:00:00+00:00': 11443.939257965152, '2025-05-21 01:00:00+00:00': 11506.07737505058, '2025-05-21 05:00:00+00:00': 11508.939257965152, '2025-05-21 07:00:00+00:00': 11526.247230487448, '2025-05-21 08:00:00+00:00': 11517.356141531645, '2025-05-21 15:00:00+00:00': 11565.405825877406, '2025-05-21 18:00:00+00:00': 11721.739199694315, '2025-05-21 20:00:00+00:00': 11774.239199694315, '2025-05-21 21:00:00+00:00': 11643.974635898996, '2025-05-22 00:00:00+00:00': 11783.11865526174, '2025-05-22 04:00:00+00:00': 11836.453155225985, '2025-05-22 07:00:00+00:00': 11857.834787935062, '2025-05-22 09:00:00+00:00': 11882.834787935062, '2025-05-22 14:00:00+00:00': 11899.687355219035, '2025-05-23 00:00:00+00:00': 11910.535247743563, '2025-05-23 07:00:00+00:00': 11922.198334617022, '2025-05-24 00:00:00+00:00': 12049.029972724491, '2025-05-24 08:00:00+00:00': 12076.168806171929, '2025-05-24 13:00:00+00:00': 12089.426443261284, '2025-05-24 23:00:00+00:00': 12109.726185119243, '2025-05-25 19:00:00+00:00': 12118.204531026713, '2025-05-25 23:00:00+00:00': 12183.204531026713, '2025-05-26 01:00:00+00:00': 12193.374347424766, '2025-05-26 09:00:00+00:00': 12207.416542008323, '2025-05-26 16:00:00+00:00': 12223.498153997476, '2025-05-26 21:00:00+00:00': 12236.193310519104, '2025-05-27 02:00:00+00:00': 12273.693310519104, '2025-05-27 04:00:00+00:00': 12288.189121684863, '2025-05-27 08:00:00+00:00': 12305.346737546619, '2025-05-27 13:00:00+00:00': 12317.662174970632, '2025-05-27 15:00:00+00:00': 12334.449377913243, '2025-05-28 11:00:00+00:00': 12409.704154384914, '2025-05-28 17:00:00+00:00': 12439.924237573328, '2025-05-28 20:00:00+00:00': 12446.119625571715, '2025-05-29 03:00:00+00:00': 12437.153095769703, '2025-05-29 05:00:00+00:00': 12451.825102590838, '2025-05-29 16:00:00+00:00': 12469.162269514269, '2025-05-31 03:00:00+00:00': 12489.357193613041, '2025-06-02 23:00:00+00:00': 12464.162269514269, '2025-06-03 02:00:00+00:00': 12554.854232466549, '2025-06-03 05:00:00+00:00': 12559.854232466549, '2025-06-03 07:00:00+00:00': 12557.354232466549, '2025-06-05 18:00:00+00:00': 12679.854232466549, '2025-06-05 20:00:00+00:00': 12724.854232466549, '2025-06-05 21:00:00+00:00': 12804.854232466549, '2025-06-06 10:00:00+00:00': 12663.906780377816, '2025-06-07 21:00:00+00:00': 12591.858794532487, '2025-06-08 19:00:00+00:00': 12716.406780377816, '2025-06-09 11:00:00+00:00': 12669.358794532487, '2025-06-09 13:00:00+00:00': 12594.358794532487, '2025-06-09 18:00:00+00:00': 12619.358794532487, '2025-06-09 22:00:00+00:00': 12484.358794532487, '2025-06-09 23:00:00+00:00': 12549.358794532487, '2025-06-12 02:00:00+00:00': 12446.858794532487, '2025-06-12 14:00:00+00:00': 12499.358794532487, '2025-06-12 19:00:00+00:00': 12494.358794532487, '2025-06-12 23:00:00+00:00': 12506.858794532487, '2025-06-13 01:00:00+00:00': 12539.358794532487, '2025-06-13 17:00:00+00:00': 12441.858794532487, '2025-06-16 02:00:00+00:00': 12469.358794532487, '2025-06-16 06:00:00+00:00': 12389.358794532487, '2025-06-16 09:00:00+00:00': 12411.858794532487, '2025-06-16 15:00:00+00:00': 12396.858794532487, '2025-06-16 18:00:00+00:00': 12416.858794532487, '2025-06-16 19:00:00+00:00': 12364.358794532487, '2025-06-17 10:00:00+00:00': 12431.858794532487, '2025-06-17 14:00:00+00:00': 12296.858794532487, '2025-06-17 15:00:00+00:00': 12399.358794532487, '2025-06-17 16:00:00+00:00': 12316.858794532487, '2025-06-17 17:00:00+00:00': 12411.858794532487, '2025-06-18 18:00:00+00:00': 12204.358794532487, '2025-06-19 01:00:00+00:00': 12351.858794532487, '2025-06-20 08:00:00+00:00': 12239.358794532487, '2025-06-20 10:00:00+00:00': 12169.608794532487, '2025-06-20 15:00:00+00:00': 12294.358794532487, '2025-06-20 17:00:00+00:00': 12309.608794532487, '2025-06-20 18:00:00+00:00': 12272.108794532487, '2025-06-21 06:00:00+00:00': 12181.858794532487, '2025-06-21 20:00:00+00:00': 12511.608794532487, '2025-06-21 22:00:00+00:00': 12371.608794532487, '2025-06-22 14:00:00+00:00': 12656.358794532487, '2025-06-22 15:00:00+00:00': 12736.108794532487, '2025-06-23 00:00:00+00:00': 12636.108794532487, '2025-06-23 01:00:00+00:00': 12595.358794532487, '2025-06-23 05:00:00+00:00': 12585.358794532487, '2025-06-23 18:00:00+00:00': 12561.108794532487, '2025-06-23 19:00:00+00:00': 12501.108794532487, '2025-06-23 23:00:00+00:00': 12550.858794532487, '2025-06-24 00:00:00+00:00': 12540.358794532487, '2025-06-24 02:00:00+00:00': 12515.358794532487, '2025-06-24 05:00:00+00:00': 12489.608794532487, '2025-06-24 21:00:00+00:00': 12474.608794532487, '2025-06-25 11:00:00+00:00': 12500.108794532487, '2025-06-25 14:00:00+00:00': 12510.358794532487, '2025-06-25 16:00:00+00:00': 12460.858794532487, '2025-06-26 14:00:00+00:00': 12442.608794532487, '2025-06-27 00:00:00+00:00': 12427.608794532487, '2025-06-30 21:00:00+00:00': 12436.621087911915, '2025-06-30 22:00:00+00:00': 12451.2869217624, '2025-07-01 05:00:00+00:00': 12449.559670609095, '2025-07-01 11:00:00+00:00': 12456.009743785618, '2025-07-01 13:00:00+00:00': 12460.12788597313, '2025-07-01 18:00:00+00:00': 12439.697498530211, '2025-07-01 20:00:00+00:00': 12445.351134104967, '2025-07-02 00:00:00+00:00': 12456.800175032533, '2025-07-02 02:00:00+00:00': 12458.02503230638, '2025-07-02 08:00:00+00:00': 12439.092720291785, '2025-07-02 13:00:00+00:00': 12544.845975640488, '2025-07-02 14:00:00+00:00': 12539.086941299975, '2025-07-02 17:00:00+00:00': 12566.424701808965, '2025-07-02 18:00:00+00:00': 12567.723426731234, '2025-07-02 20:00:00+00:00': 12537.5353724615, '2025-07-02 21:00:00+00:00': 12575.757198331923, '2025-07-03 00:00:00+00:00': 12583.675550206832, '2025-07-03 05:00:00+00:00': 12595.6493763334, '2025-07-03 07:00:00+00:00': 12616.253136697607, '2025-07-03 14:00:00+00:00': 12629.890847633185, '2025-07-03 16:00:00+00:00': 12642.676226912403, '2025-07-03 17:00:00+00:00': 12637.098430006336, '2025-07-03 21:00:00+00:00': 12652.76260940999, '2025-07-04 05:00:00+00:00': 12666.518460591056, '2025-07-04 12:00:00+00:00': 12692.791603420972, '2025-07-04 16:00:00+00:00': 12684.792891206784, '2025-07-04 18:00:00+00:00': 12697.13998466383, '2025-07-04 23:00:00+00:00': 12706.289661008186, '2025-07-05 09:00:00+00:00': 12724.66912024508, '2025-07-06 13:00:00+00:00': 12728.655971744338, '2025-07-06 23:00:00+00:00': 12661.78648028238, '2025-07-07 02:00:00+00:00': 12724.962657277649, '2025-07-07 05:00:00+00:00': 12761.757128652787, '2025-07-07 08:00:00+00:00': 12764.13598230903, '2025-07-07 19:00:00+00:00': 12772.762783039409, '2025-07-07 21:00:00+00:00': 12777.390046536431, '2025-07-08 01:00:00+00:00': 12719.75387153461, '2025-07-08 05:00:00+00:00': 12777.390046536431, '2025-07-08 10:00:00+00:00': 12810.311123406404, '2025-07-08 12:00:00+00:00': 12811.695250801924, '2025-07-08 14:00:00+00:00': 12804.413173382065, '2025-07-08 17:00:00+00:00': 12830.252475708776, '2025-07-09 03:00:00+00:00': 12839.757762799813, '2025-07-09 05:00:00+00:00': 12846.821174605904, '2025-07-09 16:00:00+00:00': 12757.272386698083, '2025-07-09 18:00:00+00:00': 12885.698344105624, '2025-07-09 20:00:00+00:00': 12880.999365590671, '2025-07-09 21:00:00+00:00': 12872.63696622354, '2025-07-10 01:00:00+00:00': 12885.34570559381, '2025-07-10 02:00:00+00:00': 12889.231092444474, '2025-07-10 06:00:00+00:00': 12897.599319650999, '2025-07-10 08:00:00+00:00': 12903.364037033136, '2025-07-10 14:00:00+00:00': 12908.600447829345, '2025-07-10 18:00:00+00:00': 13029.05856130734, '2025-07-10 22:00:00+00:00': 12934.05856130734, '2025-07-10 23:00:00+00:00': 13119.05856130734, '2025-07-11 06:00:00+00:00': 13147.230830989343, '2025-07-11 12:00:00+00:00': 13145.703343153185, '2025-07-11 16:00:00+00:00': 13198.095578397255, '2025-07-11 21:00:00+00:00': 13211.760221261831, '2025-07-12 01:00:00+00:00': 13215.467102604569, '2025-07-12 09:00:00+00:00': 13168.095578397255, '2025-07-12 13:00:00+00:00': 13230.23940176812, '2025-07-12 16:00:00+00:00': 13239.303937337003, '2025-07-12 21:00:00+00:00': 13256.205757284075, '2025-07-13 01:00:00+00:00': 13258.878539017182, '2025-07-13 10:00:00+00:00': 13264.7346185623, '2025-07-13 11:00:00+00:00': 13222.811838076379, '2025-07-13 12:00:00+00:00': 13198.095578397255, '2025-07-13 22:00:00+00:00': 13274.0465466301, '2025-07-13 23:00:00+00:00': 13262.958496360105, '2025-07-14 00:00:00+00:00': 13285.212686114253, '2025-07-14 03:00:00+00:00': 13250.114502545119, '2025-07-14 04:00:00+00:00': 13312.77565093034, '2025-07-14 07:00:00+00:00': 13329.544924383554, '2025-07-14 18:00:00+00:00': 13622.305714162201, '2025-07-15 04:00:00+00:00': 13466.044924383554, '2025-07-17 11:00:00+00:00': 13613.544924383554, '2025-07-17 21:00:00+00:00': 13601.86508068234, '2025-07-18 01:00:00+00:00': 13607.002607281396, '2025-07-18 09:00:00+00:00': 13670.836614693639, '2025-07-20 03:00:00+00:00': 13666.066623294637, '2025-07-20 10:00:00+00:00': 13778.459100348702, '2025-07-20 13:00:00+00:00': 13777.286299300147, '2025-07-21 02:00:00+00:00': 13786.232695188215, '2025-07-21 05:00:00+00:00': 13775.836614693639, '2025-07-22 01:00:00+00:00': 13796.419482019523, '2025-07-22 05:00:00+00:00': 13779.632813820948, '2025-07-22 12:00:00+00:00': 13765.475201826775, '2025-07-23 00:00:00+00:00': 13771.419482019523, '2025-07-23 14:00:00+00:00': 13806.475201826775, '2025-07-24 07:00:00+00:00': 13940.722276572165, '2025-07-24 12:00:00+00:00': 14151.432550636073, '2025-07-24 14:00:00+00:00': 13943.932550636073, '2025-07-24 15:00:00+00:00': 14144.844245999417, '2025-07-25 02:00:00+00:00': 13933.975201826775, '2025-07-25 03:00:00+00:00': 14153.806251722346, '2025-07-25 04:00:00+00:00': 14157.257088334221, '2025-07-25 07:00:00+00:00': 14198.806251722346}]",331,COMPLETE
