number,value,datetime_start,datetime_complete,duration,params_CONVERGENCE_THRESHOLD,params_DAILY_LOSS_LIMIT,params_FIXED_TRADE_PCT,params_MAX_CONCURRENT_POSITIONS,params_MAX_DRAWDOWN_LIMIT,params_MAX_HOLD_HOURS,params_MAX_POSITION_PCT,params_MIN_DIV,params_MIN_TIME_BETWEEN_TRADES,params_STOP_LOSS_PCT,params_TAKE_PROFIT_PCT,params_TRAIL_PCT,user_attrs_cooldown_trades_pct,user_attrs_equity_curves,user_attrs_total_trades,state
19,202.48517192858827,2025-08-01 18:31:07.750264,2025-08-01 18:31:08.581678,0 days 00:00:00.831414,0.02,0.1,0.06,3,0.25,72,0.02,0.045,0.5,0.3,0.55,0.65,0.6968641114982579,"[{'2025-05-01 00:00:00+00:00': 10000.0, '2025-05-01 02:00:00+00:00': 10034.4248772152, '2025-05-01 06:00:00+00:00': 10056.171732004159, '2025-05-01 07:00:00+00:00': 10060.548147120127, '2025-05-01 13:00:00+00:00': 10075.853675132797, '2025-05-01 15:00:00+00:00': 10121.841298974101, '2025-05-01 16:00:00+00:00': 10131.119911672096, '2025-05-01 17:00:00+00:00': 10128.800791431235, '2025-05-02 01:00:00+00:00': 10135.375592185252, '2025-05-02 13:00:00+00:00': 10115.336213090159, '2025-05-02 16:00:00+00:00': 10134.17463878156, '2025-05-02 17:00:00+00:00': 10134.17463878156, '2025-05-02 19:00:00+00:00': 10134.17463878156, '2025-05-02 20:00:00+00:00': 10140.796603416951, '2025-05-03 10:00:00+00:00': 10133.786598243018, '2025-05-04 01:00:00+00:00': 10129.219858209713, '2025-05-04 22:00:00+00:00': 10129.219858209713, '2025-05-05 00:00:00+00:00': 10138.39439327475, '2025-05-05 01:00:00+00:00': 10144.301061522265, '2025-05-05 02:00:00+00:00': 10157.954066973649, '2025-05-05 03:00:00+00:00': 10161.16593121885, '2025-05-05 10:00:00+00:00': 10166.516641485665, '2025-05-05 12:00:00+00:00': 10172.967674656402, '2025-05-05 19:00:00+00:00': 10189.600246883654, '2025-05-06 03:00:00+00:00': 10121.955985106359, '2025-05-06 13:00:00+00:00': 10217.296640207016, '2025-05-06 16:00:00+00:00': 10243.508473466463, '2025-05-06 17:00:00+00:00': 10247.675584376733, '2025-05-06 20:00:00+00:00': 10259.797104685622, '2025-05-07 00:00:00+00:00': 10271.924669297538, '2025-05-07 01:00:00+00:00': 10255.094675677543, '2025-05-07 04:00:00+00:00': 10246.626286829372, '2025-05-07 17:00:00+00:00': 10264.605540605604, '2025-05-07 18:00:00+00:00': 10273.004722895603, '2025-05-07 20:00:00+00:00': 10338.901171974354, '2025-05-07 23:00:00+00:00': 10346.951377573945, '2025-05-08 04:00:00+00:00': 10395.68270255982, '2025-05-08 11:00:00+00:00': 10333.658449221135, '2025-05-08 16:00:00+00:00': 10433.201240623875, '2025-05-08 17:00:00+00:00': 10439.334960922351, '2025-05-08 21:00:00+00:00': 10485.558943108601, '2025-05-09 00:00:00+00:00': 10469.817949640843, '2025-05-09 03:00:00+00:00': 10505.144779550936, '2025-05-09 08:00:00+00:00': 10497.300510541585, '2025-05-09 09:00:00+00:00': 10531.74702351043, '2025-05-09 11:00:00+00:00': 10532.983239118354, '2025-05-09 18:00:00+00:00': 10538.654080944105, '2025-05-09 19:00:00+00:00': 10546.460813093783, '2025-05-10 07:00:00+00:00': 10571.207940963728, '2025-05-10 08:00:00+00:00': 10558.476708251377, '2025-05-11 01:00:00+00:00': 10585.58445718496, '2025-05-11 12:00:00+00:00': 10610.839279419126, '2025-05-11 13:00:00+00:00': 10599.875773083644, '2025-05-11 19:00:00+00:00': 10618.712792587825, '2025-05-12 02:00:00+00:00': 10639.501546621193, '2025-05-12 12:00:00+00:00': 10645.414543592995, '2025-05-12 16:00:00+00:00': 10688.511826632392, '2025-05-12 19:00:00+00:00': 10708.010893127452, '2025-05-12 21:00:00+00:00': 10721.504954454806, '2025-05-13 06:00:00+00:00': 10733.962256555775, '2025-05-13 12:00:00+00:00': 10755.369618282853, '2025-05-14 08:00:00+00:00': 10752.94105726585, '2025-05-15 01:00:00+00:00': 10763.831393811279, '2025-05-16 03:00:00+00:00': 10809.4210644787, '2025-05-16 07:00:00+00:00': 10809.4210644787, '2025-05-16 11:00:00+00:00': 10816.221047233179, '2025-05-16 16:00:00+00:00': 10823.746251218216, '2025-05-16 17:00:00+00:00': 10831.37774850754, '2025-05-17 05:00:00+00:00': 10840.26212524884, '2025-05-17 09:00:00+00:00': 10833.998640213462, '2025-05-17 18:00:00+00:00': 10871.558941566576, '2025-05-17 21:00:00+00:00': 10876.819152561487, '2025-05-18 06:00:00+00:00': 10883.18155173858, '2025-05-18 11:00:00+00:00': 10905.890616768547, '2025-05-18 14:00:00+00:00': 10860.922404708797, '2025-05-18 17:00:00+00:00': 10986.664519595863, '2025-05-19 00:00:00+00:00': 11013.556726425151, '2025-05-19 01:00:00+00:00': 10962.195799439418, '2025-05-19 04:00:00+00:00': 11046.226151559422, '2025-05-19 08:00:00+00:00': 11067.7637436471, '2025-05-19 17:00:00+00:00': 11148.733676686676, '2025-05-19 20:00:00+00:00': 11166.122160320927, '2025-05-20 02:00:00+00:00': 11203.622160320927, '2025-05-20 06:00:00+00:00': 11205.486847428867, '2025-05-20 08:00:00+00:00': 11232.234554436433, '2025-05-20 12:00:00+00:00': 11233.573126888008, '2025-05-20 14:00:00+00:00': 11252.434713301735, '2025-05-20 16:00:00+00:00': 11262.807206676833, '2025-05-20 20:00:00+00:00': 11342.807206676833, '2025-05-21 05:00:00+00:00': 11407.807206676833, '2025-05-21 07:00:00+00:00': 11415.977905393269, '2025-05-21 08:00:00+00:00': 11407.807206676833, '2025-05-21 15:00:00+00:00': 11490.213685721594, '2025-05-21 18:00:00+00:00': 11523.807468720264, '2025-05-21 21:00:00+00:00': 11556.307468720264, '2025-05-22 00:00:00+00:00': 11564.384847249663, '2025-05-22 01:00:00+00:00': 11577.331307599177, '2025-05-22 04:00:00+00:00': 11612.462015386782, '2025-05-22 07:00:00+00:00': 11600.186930318643, '2025-05-22 09:00:00+00:00': 11637.302603203914, '2025-05-22 16:00:00+00:00': 11650.686734494457, '2025-05-23 00:00:00+00:00': 11660.530084278096, '2025-05-23 07:00:00+00:00': 11671.112396459434, '2025-05-24 00:00:00+00:00': 11786.182344206454, '2025-05-24 08:00:00+00:00': 11810.784492496055, '2025-05-24 16:00:00+00:00': 11821.298803339005, '2025-05-24 23:00:00+00:00': 11839.694039941995, '2025-05-25 23:00:00+00:00': 11904.694039941995, '2025-05-26 09:00:00+00:00': 11917.398944814255, '2025-05-26 16:00:00+00:00': 11931.947756043293, '2025-05-26 21:00:00+00:00': 11943.43172352492, '2025-05-27 02:00:00+00:00': 11977.529006652667, '2025-05-27 15:00:00+00:00': 11987.050514576407, '2025-05-28 11:00:00+00:00': 12054.822990323688, '2025-05-28 17:00:00+00:00': 12082.025685280714, '2025-05-28 20:00:00+00:00': 12087.601437619383, '2025-05-29 01:00:00+00:00': 12080.876915051616, '2025-05-29 06:00:00+00:00': 12088.374090215195, '2025-05-29 16:00:00+00:00': 12103.970503543525, '2025-05-31 03:00:00+00:00': 12121.743681324804, '2025-06-02 23:00:00+00:00': 12098.970503543525, '2025-06-03 01:00:00+00:00': 12080.135589682277, '2025-06-05 06:00:00+00:00': 12012.490659736271, '2025-06-05 17:00:00+00:00': 12054.990659736271, '2025-06-05 21:00:00+00:00': 11979.990659736271, '2025-06-06 09:00:00+00:00': 12102.490659736271, '2025-06-06 15:00:00+00:00': 12072.490659736271, '2025-06-08 18:00:00+00:00': 12027.490659736271, '2025-06-09 10:00:00+00:00': 12019.990659736271, '2025-06-09 13:00:00+00:00': 12069.739020704608, '2025-06-09 17:00:00+00:00': 12084.739020704608, '2025-06-09 22:00:00+00:00': 12081.989020704608, '2025-06-12 14:00:00+00:00': 11979.739020704608, '2025-06-12 23:00:00+00:00': 12109.489020704608, '2025-06-13 00:00:00+00:00': 12119.489020704608, '2025-06-13 01:00:00+00:00': 12291.989020704608, '2025-06-13 08:00:00+00:00': 12179.489020704608, '2025-06-14 13:00:00+00:00': 12271.989020704608, '2025-06-16 02:00:00+00:00': 12201.989020704608, '2025-06-16 06:00:00+00:00': 12159.489020704608, '2025-06-16 08:00:00+00:00': 12121.989020704608, '2025-06-16 20:00:00+00:00': 12111.989020704608, '2025-06-17 07:00:00+00:00': 12114.489020704608, '2025-06-17 10:00:00+00:00': 12181.989020704608, '2025-06-17 13:00:00+00:00': 12096.989020704608, '2025-06-17 16:00:00+00:00': 12054.489020704608, '2025-06-17 17:00:00+00:00': 12176.989020704608, '2025-06-18 04:00:00+00:00': 11921.989020704608, '2025-06-18 19:00:00+00:00': 12009.489020704608, '2025-06-19 07:00:00+00:00': 12039.489020704608, '2025-06-20 08:00:00+00:00': 11779.489020704608, '2025-06-20 09:00:00+00:00': 11906.989020704608, '2025-06-20 15:00:00+00:00': 11876.989020704608, '2025-06-20 17:00:00+00:00': 11919.489020704608, '2025-06-20 18:00:00+00:00': 11881.989020704608, '2025-06-21 16:00:00+00:00': 11936.739020704608, '2025-06-21 22:00:00+00:00': 12079.239020704608, '2025-06-22 01:00:00+00:00': 12194.739020704608, '2025-06-22 14:00:00+00:00': 12396.989020704608, '2025-06-22 15:00:00+00:00': 12411.989020704608, '2025-06-22 20:00:00+00:00': 12448.989020704608, '2025-06-22 23:00:00+00:00': 12320.739020704608, '2025-06-23 02:00:00+00:00': 12371.489020704608, '2025-06-23 03:00:00+00:00': 12294.239020704608, '2025-06-23 05:00:00+00:00': 12285.239020704608, '2025-06-23 14:00:00+00:00': 12227.739020704608, '2025-06-23 17:00:00+00:00': 12273.489020704608, '2025-06-23 18:00:00+00:00': 12203.489020704608, '2025-06-23 19:00:00+00:00': 12203.489020704608, '2025-06-23 23:00:00+00:00': 12213.239020704608, '2025-06-24 00:00:00+00:00': 12202.739020704608, '2025-06-24 03:00:00+00:00': 12164.989020704608, '2025-06-24 17:00:00+00:00': 12187.739020704608, '2025-06-25 01:00:00+00:00': 12187.739020704608, '2025-06-25 14:00:00+00:00': 12197.739020704608, '2025-06-25 16:00:00+00:00': 12148.489020704608, '2025-06-26 13:00:00+00:00': 12135.489020704608, '2025-06-27 00:00:00+00:00': 12123.489020704608, '2025-06-30 21:00:00+00:00': 12131.808060747157, '2025-07-01 00:00:00+00:00': 12148.43004086602, '2025-07-01 07:00:00+00:00': 12164.229179534248, '2025-07-01 11:00:00+00:00': 12172.278666013308, '2025-07-01 13:00:00+00:00': 12170.551100190913, '2025-07-01 18:00:00+00:00': 12155.12836310881, '2025-07-02 05:00:00+00:00': 12153.994959332975, '2025-07-02 08:00:00+00:00': 12151.101330104111, '2025-07-02 13:00:00+00:00': 12196.676103539969, '2025-07-02 15:00:00+00:00': 12191.360024300375, '2025-07-02 17:00:00+00:00': 12210.67191895365, '2025-07-02 19:00:00+00:00': 12210.67191895365, '2025-07-02 20:00:00+00:00': 12194.224484695407, '2025-07-02 21:00:00+00:00': 12218.048997458638, '2025-07-02 23:00:00+00:00': 12221.228033460804, '2025-07-03 03:00:00+00:00': 12238.849345828758, '2025-07-03 05:00:00+00:00': 12229.537348418085, '2025-07-03 07:00:00+00:00': 12273.948189039886, '2025-07-03 10:00:00+00:00': 12290.025176016794, '2025-07-03 14:00:00+00:00': 12255.016936578637, '2025-07-03 16:00:00+00:00': 12301.784030912122, '2025-07-03 17:00:00+00:00': 12296.653335013298, '2025-07-04 02:00:00+00:00': 12309.563833000795, '2025-07-04 13:00:00+00:00': 12340.737534537962, '2025-07-04 18:00:00+00:00': 12344.726140017232, '2025-07-04 20:00:00+00:00': 12335.260539537327, '2025-07-06 23:00:00+00:00': 12317.855387326475, '2025-07-07 11:00:00+00:00': 12367.252605334485, '2025-07-07 21:00:00+00:00': 12362.74050788919, '2025-07-08 10:00:00+00:00': 12360.018409784989, '2025-07-08 14:00:00+00:00': 12389.85572944667, '2025-07-08 17:00:00+00:00': 12398.736068486402, '2025-07-09 10:00:00+00:00': 12437.42844349009, '2025-07-09 20:00:00+00:00': 12412.710185023327, '2025-07-09 21:00:00+00:00': 12353.424327125214, '2025-07-10 03:00:00+00:00': 12434.659636331222, '2025-07-10 06:00:00+00:00': 12440.112128957124, '2025-07-10 08:00:00+00:00': 12445.346096773683, '2025-07-10 10:00:00+00:00': 12431.130918351968, '2025-07-10 14:00:00+00:00': 12450.108696707797, '2025-07-10 18:00:00+00:00': 12568.262370968243, '2025-07-10 19:00:00+00:00': 12573.838028552254, '2025-07-10 22:00:00+00:00': 12473.262370968243, '2025-07-10 23:00:00+00:00': 12663.838028552254, '2025-07-11 01:00:00+00:00': 12679.481696432744, '2025-07-11 07:00:00+00:00': 12700.02225258187, '2025-07-11 12:00:00+00:00': 12701.506732640606, '2025-07-11 16:00:00+00:00': 12729.657937096697, '2025-07-12 01:00:00+00:00': 12741.399924468924, '2025-07-12 17:00:00+00:00': 12747.866600312293, '2025-07-12 21:00:00+00:00': 12763.206176738482, '2025-07-13 01:00:00+00:00': 12765.631620651286, '2025-07-13 11:00:00+00:00': 12770.945680776878, '2025-07-13 12:00:00+00:00': 12722.734548868184, '2025-07-13 22:00:00+00:00': 12751.099969979461, '2025-07-13 23:00:00+00:00': 12741.04397969244, '2025-07-14 00:00:00+00:00': 12761.219607702336, '2025-07-14 04:00:00+00:00': 12786.197370422524, '2025-07-14 07:00:00+00:00': 12786.197370422524, '2025-07-14 20:00:00+00:00': 13076.736716147308, '2025-07-15 04:00:00+00:00': 12922.697370422524, '2025-07-16 16:00:00+00:00': 13060.444599704904, '2025-07-17 10:00:00+00:00': 13067.697370422524, '2025-07-17 22:00:00+00:00': 13047.334073317805, '2025-07-18 11:00:00+00:00': 13127.520169829706, '2025-07-19 19:00:00+00:00': 13207.270169829706, '2025-07-20 11:00:00+00:00': 13119.834073317805, '2025-07-21 08:00:00+00:00': 13137.709038105344, '2025-07-22 01:00:00+00:00': 13293.775627001967, '2025-07-22 11:00:00+00:00': 13289.85076337123, '2025-07-24 06:00:00+00:00': 13319.153014003758, '2025-07-24 07:00:00+00:00': 13272.709038105344, '2025-07-24 09:00:00+00:00': 13286.653014003758, '2025-07-24 12:00:00+00:00': 13577.220565734939, '2025-07-24 15:00:00+00:00': 13575.353454756878, '2025-07-25 03:00:00+00:00': 13581.75344459236, '2025-07-25 04:00:00+00:00': 13570.903289704293, '2025-07-25 07:00:00+00:00': 13585.903289704293}]",285,COMPLETE
