number,value,datetime_start,datetime_complete,duration,params_CONVERGENCE_THRESHOLD,params_DAILY_LOSS_LIMIT,params_FIXED_TRADE_PCT,params_MAX_CONCURRENT_POSITIONS,params_MAX_DRAWDOWN_LIMIT,params_MAX_HOLD_HOURS,params_MAX_POSITION_PCT,params_MIN_DIV,params_MIN_TIME_BETWEEN_TRADES,params_STOP_LOSS_PCT,params_TAKE_PROFIT_PCT,params_TRAIL_PCT,user_attrs_cooldown_trades_pct,user_attrs_equity_curves,user_attrs_total_trades,state
8,226.63353746898076,2025-08-01 18:30:59.233489,2025-08-01 18:30:59.946340,0 days 00:00:00.712851,0.025,0.15,0.055,2,0.25,48,0.02,0.05,0.5,0.25,0.5,0.65,0.3787878787878788,"[{'2025-05-01 00:00:00+00:00': 10000.0, '2025-05-01 02:00:00+00:00': 10031.556137447265, '2025-05-01 06:00:00+00:00': 10043.220824048843, '2025-05-01 07:00:00+00:00': 10047.227371392653, '2025-05-01 13:00:00+00:00': 10061.23886207778, '2025-05-01 15:00:00+00:00': 10091.012986332198, '2025-05-01 17:00:00+00:00': 10099.145535224488, '2025-05-02 01:00:00+00:00': 10103.035506019756, '2025-05-02 13:00:00+00:00': 10097.383267704085, '2025-05-02 15:00:00+00:00': 10111.389007315767, '2025-05-02 16:00:00+00:00': 10101.938144749074, '2025-05-02 18:00:00+00:00': 10112.348812473974, '2025-05-02 20:00:00+00:00': 10118.40587356217, '2025-05-03 03:00:00+00:00': 10118.40587356217, '2025-05-03 23:00:00+00:00': 10122.36119383128, '2025-05-04 00:00:00+00:00': 10125.16039948562, '2025-05-04 22:00:00+00:00': 10121.427474617329, '2025-05-05 00:00:00+00:00': 10136.484423247455, '2025-05-05 01:00:00+00:00': 10143.911592773426, '2025-05-05 02:00:00+00:00': 10156.417412424797, '2025-05-05 03:00:00+00:00': 10159.359072370216, '2025-05-05 10:00:00+00:00': 10164.259514779777, '2025-05-05 11:00:00+00:00': 10169.182775655489, '2025-05-05 14:00:00+00:00': 10171.95186242617, '2025-05-05 19:00:00+00:00': 10190.67212283163, '2025-05-05 20:00:00+00:00': 10176.725182686258, '2025-05-05 23:00:00+00:00': 10197.700021205625, '2025-05-06 01:00:00+00:00': 10194.673304814953, '2025-05-06 11:00:00+00:00': 10191.24483146306, '2025-05-06 16:00:00+00:00': 10215.270868875645, '2025-05-06 17:00:00+00:00': 10219.089669307106, '2025-05-06 20:00:00+00:00': 10230.19762766955, '2025-05-07 01:00:00+00:00': 10265.875059219004, '2025-05-07 04:00:00+00:00': 10279.522308820919, '2025-05-07 17:00:00+00:00': 10326.335677322631, '2025-05-07 18:00:00+00:00': 10334.05185350385, '2025-05-07 19:00:00+00:00': 10336.837737503662, '2025-05-07 20:00:00+00:00': 10341.655106764552, '2025-05-08 09:00:00+00:00': 10424.416035547354, '2025-05-08 16:00:00+00:00': 10318.687114587083, '2025-05-08 17:00:00+00:00': 10445.610787117103, '2025-05-08 21:00:00+00:00': 10478.22016922535, '2025-05-09 00:00:00+00:00': 10463.840960950265, '2025-05-09 03:00:00+00:00': 10497.05867533005, '2025-05-09 08:00:00+00:00': 10489.902218982146, '2025-05-09 09:00:00+00:00': 10514.689265014811, '2025-05-09 15:00:00+00:00': 10519.857593566605, '2025-05-09 18:00:00+00:00': 10525.789633024606, '2025-05-10 07:00:00+00:00': 10548.338904357832, '2025-05-10 08:00:00+00:00': 10536.738365404546, '2025-05-10 22:00:00+00:00': 10556.819147139458, '2025-05-11 01:00:00+00:00': 10559.404913291668, '2025-05-11 13:00:00+00:00': 10568.11816802325, '2025-05-12 12:00:00+00:00': 10573.489593959928, '2025-05-12 16:00:00+00:00': 10573.489593959928, '2025-05-12 19:00:00+00:00': 10591.195986328308, '2025-05-12 21:00:00+00:00': 10603.447596964143, '2025-05-13 01:00:00+00:00': 10609.102160126618, '2025-05-13 06:00:00+00:00': 10613.072697807735, '2025-05-13 20:00:00+00:00': 10620.293937215289, '2025-05-15 01:00:00+00:00': 10625.667159160083, '2025-05-15 21:00:00+00:00': 10649.273682054934, '2025-05-16 11:00:00+00:00': 10655.423189262592, '2025-05-16 17:00:00+00:00': 10662.324308897869, '2025-05-17 05:00:00+00:00': 10672.915426750124, '2025-05-17 15:00:00+00:00': 10678.408554820819, '2025-05-18 15:00:00+00:00': 10704.84822262799, '2025-05-18 17:00:00+00:00': 10760.766745229777, '2025-05-18 18:00:00+00:00': 10748.937901758733, '2025-05-19 00:00:00+00:00': 10808.266745229777, '2025-05-19 01:00:00+00:00': 10793.465971438585, '2025-05-19 04:00:00+00:00': 10822.8551099545, '2025-05-19 08:00:00+00:00': 10842.225381091877, '2025-05-19 16:00:00+00:00': 10903.667778508481, '2025-05-19 18:00:00+00:00': 10908.591671865264, '2025-05-19 20:00:00+00:00': 10924.209192563287, '2025-05-20 02:00:00+00:00': 10961.709192563287, '2025-05-20 06:00:00+00:00': 10963.38386625491, '2025-05-20 08:00:00+00:00': 10987.405623707036, '2025-05-20 14:00:00+00:00': 11004.339594075473, '2025-05-20 16:00:00+00:00': 11013.650741607014, '2025-05-20 20:00:00+00:00': 11085.761740258129, '2025-05-20 23:00:00+00:00': 11135.761740258129, '2025-05-21 07:00:00+00:00': 11148.95489388106, '2025-05-21 08:00:00+00:00': 11158.294878343504, '2025-05-21 15:00:00+00:00': 11224.897744879754, '2025-05-21 18:00:00+00:00': 11255.055992848791, '2025-05-21 20:00:00+00:00': 11305.449166008946, '2025-05-21 21:00:00+00:00': 11289.609354273653, '2025-05-22 00:00:00+00:00': 11380.199166008946, '2025-05-22 01:00:00+00:00': 11391.892967355152, '2025-05-22 04:00:00+00:00': 11454.392967355152, '2025-05-22 07:00:00+00:00': 11471.994556756978, '2025-05-22 09:00:00+00:00': 11494.51856865033, '2025-05-22 15:00:00+00:00': 11515.319375326351, '2025-05-23 00:00:00+00:00': 11524.249018355162, '2025-05-23 07:00:00+00:00': 11533.848355858672, '2025-05-24 00:00:00+00:00': 11638.221763085967, '2025-05-24 08:00:00+00:00': 11660.518855441336, '2025-05-24 14:00:00+00:00': 11676.851780997826, '2025-05-24 23:00:00+00:00': 11693.52907393443, '2025-05-25 23:00:00+00:00': 11758.52907393443, '2025-05-26 09:00:00+00:00': 11770.046675195577, '2025-05-26 16:00:00+00:00': 11783.234696066684, '2025-05-26 21:00:00+00:00': 11793.643480904017, '2025-05-27 02:00:00+00:00': 11824.54594598428, '2025-05-27 13:00:00+00:00': 11834.611160676779, '2025-05-27 15:00:00+00:00': 11848.328965246028, '2025-05-28 07:00:00+00:00': 11904.2218525119, '2025-05-28 16:00:00+00:00': 11949.2218525119, '2025-05-28 17:00:00+00:00': 11949.2218525119, '2025-05-28 20:00:00+00:00': 11954.283004638026, '2025-05-29 01:00:00+00:00': 11948.179339332968, '2025-05-29 06:00:00+00:00': 11968.68466507424, '2025-05-29 14:00:00+00:00': 11982.054979156226, '2025-05-29 18:00:00+00:00': 11993.885480594221, '2025-05-31 03:00:00+00:00': 12024.760893560393, '2025-06-01 23:00:00+00:00': 12003.885480594221, '2025-06-02 04:00:00+00:00': 11983.747458345211, '2025-06-03 02:00:00+00:00': 12002.322830727268, '2025-06-04 05:00:00+00:00': 11987.322830727268, '2025-06-05 03:00:00+00:00': 11982.322830727268, '2025-06-05 17:00:00+00:00': 11929.822830727268, '2025-06-05 21:00:00+00:00': 12027.322830727268, '2025-06-06 08:00:00+00:00': 12089.822830727268, '2025-06-06 14:00:00+00:00': 12127.322830727268, '2025-06-07 20:00:00+00:00': 12079.822830727268, '2025-06-08 09:00:00+00:00': 12127.322830727268, '2025-06-09 12:00:00+00:00': 12039.822830727268, '2025-06-09 22:00:00+00:00': 12170.276037570657, '2025-06-09 23:00:00+00:00': 12227.776037570657, '2025-06-11 23:00:00+00:00': 12232.776037570657, '2025-06-12 00:00:00+00:00': 12237.776037570657, '2025-06-12 12:00:00+00:00': 12132.776037570657, '2025-06-12 13:00:00+00:00': 12202.776037570657, '2025-06-13 01:00:00+00:00': 12177.776037570657, '2025-06-13 08:00:00+00:00': 12070.276037570657, '2025-06-14 00:00:00+00:00': 12092.776037570657, '2025-06-14 10:00:00+00:00': 12017.776037570657, '2025-06-15 09:00:00+00:00': 12060.276037570657, '2025-06-16 08:00:00+00:00': 11960.276037570657, '2025-06-16 11:00:00+00:00': 12032.776037570657, '2025-06-16 19:00:00+00:00': 11907.776037570657, '2025-06-17 08:00:00+00:00': 11845.276037570657, '2025-06-17 11:00:00+00:00': 11865.276037570657, '2025-06-17 17:00:00+00:00': 11870.276037570657, '2025-06-17 20:00:00+00:00': 11912.776037570657, '2025-06-18 11:00:00+00:00': 11887.776037570657, '2025-06-18 23:00:00+00:00': 11862.776037570657, '2025-06-19 12:00:00+00:00': 11897.776037570657, '2025-06-20 08:00:00+00:00': 11795.276037570657, '2025-06-20 09:00:00+00:00': 11852.776037570657, '2025-06-20 15:00:00+00:00': 11922.776037570657, '2025-06-20 18:00:00+00:00': 11897.776037570657, '2025-06-21 08:00:00+00:00': 11935.026037570657, '2025-06-21 22:00:00+00:00': 11990.026037570657, '2025-06-22 01:00:00+00:00': 12008.026037570657, '2025-06-22 14:00:00+00:00': 12070.526037570657, '2025-06-22 15:00:00+00:00': 12287.776037570657, '2025-06-22 16:00:00+00:00': 12327.026037570657, '2025-06-22 23:00:00+00:00': 12219.026037570657, '2025-06-23 00:00:00+00:00': 12257.026037570657, '2025-06-23 02:00:00+00:00': 12196.276037570657, '2025-06-23 09:00:00+00:00': 12146.276037570657, '2025-06-23 14:00:00+00:00': 12132.026037570657, '2025-06-23 19:00:00+00:00': 12088.276037570657, '2025-06-23 23:00:00+00:00': 12048.276037570657, '2025-06-24 00:00:00+00:00': 12037.776037570657, '2025-06-24 03:00:00+00:00': 12000.026037570657, '2025-06-24 17:00:00+00:00': 12022.776037570657, '2025-06-25 01:00:00+00:00': 11976.026037570657, '2025-06-25 09:00:00+00:00': 11986.026037570657, '2025-06-25 14:00:00+00:00': 12022.776037570657, '2025-06-25 16:00:00+00:00': 11983.526037570657, '2025-06-26 13:00:00+00:00': 11970.526037570657, '2025-06-27 00:00:00+00:00': 11958.526037570657, '2025-06-30 21:00:00+00:00': 11966.151824276327, '2025-06-30 23:00:00+00:00': 11981.388639385284, '2025-07-01 00:00:00+00:00': 11988.629745755388, '2025-07-01 02:00:00+00:00': 11983.461170380024, '2025-07-01 07:00:00+00:00': 11992.749813037208, '2025-07-01 11:00:00+00:00': 12000.123082340117, '2025-07-01 18:00:00+00:00': 11978.824108563309, '2025-07-01 20:00:00+00:00': 11999.729611376413, '2025-07-02 00:00:00+00:00': 12009.42291904515, '2025-07-02 08:00:00+00:00': 11974.564363239786, '2025-07-02 14:00:00+00:00': 12011.389896105637, '2025-07-02 17:00:00+00:00': 12024.199434750057, '2025-07-02 18:00:00+00:00': 12025.295171727292, '2025-07-02 20:00:00+00:00': 12010.078912068457, '2025-07-02 21:00:00+00:00': 12032.043808556631, '2025-07-02 22:00:00+00:00': 12036.405871305007, '2025-07-03 00:00:00+00:00': 12051.003793049658, '2025-07-03 14:00:00+00:00': 12080.267552356332, '2025-07-03 16:00:00+00:00': 12084.949967829842, '2025-07-04 02:00:00+00:00': 12092.049732689378, '2025-07-05 23:00:00+00:00': 12110.954375171297, '2025-07-06 03:00:00+00:00': 12154.310382476668, '2025-07-08 00:00:00+00:00': 12164.461322394507, '2025-07-08 01:00:00+00:00': 12178.093660838154, '2025-07-08 04:00:00+00:00': 12178.093660838154, '2025-07-08 10:00:00+00:00': 12180.249235138239, '2025-07-08 14:00:00+00:00': 12132.35207745427, '2025-07-08 17:00:00+00:00': 12147.87242636947, '2025-07-09 03:00:00+00:00': 12156.658413889703, '2025-07-09 05:00:00+00:00': 12158.949806485592, '2025-07-09 20:00:00+00:00': 12197.70066260484, '2025-07-09 21:00:00+00:00': 12223.80442132973, '2025-07-10 01:00:00+00:00': 12234.372910871642, '2025-07-10 02:00:00+00:00': 12237.603364497032, '2025-07-10 06:00:00+00:00': 12250.901600540261, '2025-07-10 08:00:00+00:00': 12255.696689733211, '2025-07-10 14:00:00+00:00': 12260.051965008044, '2025-07-10 18:00:00+00:00': 12376.224591475062, '2025-07-10 22:00:00+00:00': 12391.364723858524, '2025-07-11 01:00:00+00:00': 12405.680724985225, '2025-07-11 06:00:00+00:00': 12428.974109472698, '2025-07-11 12:00:00+00:00': 12429.33025524248, '2025-07-11 16:00:00+00:00': 12454.87697300577, '2025-07-13 07:00:00+00:00': 12430.592701466798, '2025-07-13 11:00:00+00:00': 12451.60698016614, '2025-07-13 12:00:00+00:00': 12448.595511279627, '2025-07-13 23:00:00+00:00': 12424.59449901696, '2025-07-14 04:00:00+00:00': 12447.115120800632, '2025-07-14 07:00:00+00:00': 12447.115120800632, '2025-07-15 04:00:00+00:00': 12583.615120800632, '2025-07-15 15:00:00+00:00': 12791.115120800632, '2025-07-16 09:00:00+00:00': 12723.933762578037, '2025-07-16 16:00:00+00:00': 12776.433762578037, '2025-07-17 22:00:00+00:00': 12650.459631357822, '2025-07-18 01:00:00+00:00': 12654.619130519897, '2025-07-19 18:00:00+00:00': 12808.439085532069, '2025-07-20 00:00:00+00:00': 12757.119130519897, '2025-07-20 13:00:00+00:00': 12811.467497192407, '2025-07-21 08:00:00+00:00': 12751.467497192407, '2025-07-22 01:00:00+00:00': 12760.775531804436, '2025-07-22 11:00:00+00:00': 12849.753716328098, '2025-07-22 23:00:00+00:00': 12839.02149065002, '2025-07-23 09:00:00+00:00': 12853.275531804436, '2025-07-23 11:00:00+00:00': 12875.983459079956, '2025-07-23 15:00:00+00:00': 12961.65638858892, '2025-07-24 03:00:00+00:00': 12956.534570064596, '2025-07-24 07:00:00+00:00': 12973.226330667714, '2025-07-25 04:00:00+00:00': 12982.29296607468, '2025-07-25 07:00:00+00:00': 13007.29296607468}]",263,COMPLETE
