number,value,datetime_start,datetime_complete,duration,params_CONVERGENCE_THRESHOLD,params_DAILY_LOSS_LIMIT,params_FIXED_TRADE_PCT,params_MAX_CONCURRENT_POSITIONS,params_MAX_DRAWDOWN_LIMIT,params_MAX_HOLD_HOURS,params_MAX_POSITION_PCT,params_MIN_DIV,params_MIN_TIME_BETWEEN_TRADES,params_STOP_LOSS_PCT,params_TAKE_PROFIT_PCT,params_TRAIL_PCT,user_attrs_cooldown_trades_pct,user_attrs_equity_curves,user_attrs_total_trades,state
47,563.6099859434721,2025-08-01 18:31:29.265404,2025-08-01 18:31:30.026998,0 days 00:00:00.761594,0.025,0.1,0.065,2,0.15,72,0.02,0.04,1.0,0.35,0.5,0.6,0.0,"[{'2025-05-01 00:00:00+00:00': 10000.0, '2025-05-01 02:00:00+00:00': 10037.293616983134, '2025-05-01 06:00:00+00:00': 10051.08259390071, '2025-05-01 07:00:00+00:00': 10055.821310934261, '2025-05-01 13:00:00+00:00': 10072.394509222308, '2025-05-01 15:00:00+00:00': 10107.610300602628, '2025-05-01 17:00:00+00:00': 10117.231043043896, '2025-05-02 01:00:00+00:00': 10121.83352459283, '2025-05-02 05:00:00+00:00': 10124.098686344427, '2025-05-02 09:00:00+00:00': 10127.523745333861, '2025-05-02 13:00:00+00:00': 10115.147162377492, '2025-05-02 15:00:00+00:00': 10127.49218995446, '2025-05-02 16:00:00+00:00': 10126.22372038634, '2025-05-02 18:00:00+00:00': 10128.628311627624, '2025-05-02 20:00:00+00:00': 10135.798180506761, '2025-05-03 03:00:00+00:00': 10135.798180506761, '2025-05-03 23:00:00+00:00': 10140.48068475912, '2025-05-04 00:00:00+00:00': 10140.2318611094, '2025-05-04 22:00:00+00:00': 10132.802324728053, '2025-05-05 00:00:00+00:00': 10150.61689861147, '2025-05-05 01:00:00+00:00': 10157.018916633991, '2025-05-05 02:00:00+00:00': 10171.817618951576, '2025-05-05 03:00:00+00:00': 10175.299397598223, '2025-05-05 10:00:00+00:00': 10179.030383741345, '2025-05-05 11:00:00+00:00': 10184.855102596575, '2025-05-05 14:00:00+00:00': 10188.131502546621, '2025-05-05 20:00:00+00:00': 10179.030383741345, '2025-05-05 23:00:00+00:00': 10191.45778831145, '2025-05-06 01:00:00+00:00': 10208.663578881567, '2025-05-06 07:00:00+00:00': 10211.065786687981, '2025-05-06 10:00:00+00:00': 10206.236587136265, '2025-05-06 16:00:00+00:00': 10247.818698681487, '2025-05-06 17:00:00+00:00': 10252.346206162601, '2025-05-06 20:00:00+00:00': 10265.516515135932, '2025-05-07 00:00:00+00:00': 10278.693391382705, '2025-05-07 01:00:00+00:00': 10244.674978352834, '2025-05-07 02:00:00+00:00': 10247.108587869257, '2025-05-07 04:00:00+00:00': 10263.207671849108, '2025-05-07 17:00:00+00:00': 10300.730920936952, '2025-05-07 18:00:00+00:00': 10309.829855601289, '2025-05-07 19:00:00+00:00': 10313.115424812235, '2025-05-07 20:00:00+00:00': 10318.79713254449, '2025-05-08 04:00:00+00:00': 10331.870940926508, '2025-05-08 16:00:00+00:00': 10299.535525063653, '2025-05-08 17:00:00+00:00': 10354.044772732135, '2025-05-08 19:00:00+00:00': 10357.959202389437, '2025-05-08 21:00:00+00:00': 10374.810214779825, '2025-05-09 00:00:00+00:00': 10389.155432322557, '2025-05-09 03:00:00+00:00': 10411.229880284463, '2025-05-09 08:00:00+00:00': 10402.84413980348, '2025-05-09 09:00:00+00:00': 10439.674350420395, '2025-05-09 11:00:00+00:00': 10440.996524831826, '2025-05-09 15:00:00+00:00': 10447.061741079211, '2025-05-09 18:00:00+00:00': 10454.02382090968, '2025-05-10 07:00:00+00:00': 10480.49126345227, '2025-05-10 08:00:00+00:00': 10466.875009797246, '2025-05-11 01:00:00+00:00': 10498.903971884423, '2025-05-11 11:00:00+00:00': 10525.923294706108, '2025-05-11 13:00:00+00:00': 10514.1937915566, '2025-05-11 19:00:00+00:00': 10534.348577078727, '2025-05-12 02:00:00+00:00': 10556.595558259476, '2025-05-12 09:00:00+00:00': 10565.195780273538, '2025-05-12 12:00:00+00:00': 10571.52871039124, '2025-05-12 16:00:00+00:00': 10616.52871039124, '2025-05-12 19:00:00+00:00': 10637.418252797488, '2025-05-12 21:00:00+00:00': 10651.876762572922, '2025-05-13 01:00:00+00:00': 10658.551286550073, '2025-05-13 06:00:00+00:00': 10663.238475806347, '2025-05-13 10:00:00+00:00': 10673.414574879618, '2025-05-13 20:00:00+00:00': 10682.512785575183, '2025-05-14 13:00:00+00:00': 10685.979491804115, '2025-05-14 22:00:00+00:00': 10688.639730508554, '2025-05-15 01:00:00+00:00': 10694.994042601782, '2025-05-15 13:00:00+00:00': 10703.335547900511, '2025-05-15 21:00:00+00:00': 10731.276735762147, '2025-05-16 03:00:00+00:00': 10743.453653129818, '2025-05-16 11:00:00+00:00': 10750.743544598003, '2025-05-16 14:00:00+00:00': 10760.155958534335, '2025-05-16 16:00:00+00:00': 10767.310825639595, '2025-05-17 05:00:00+00:00': 10775.741642429719, '2025-05-17 09:00:00+00:00': 10775.741642429719, '2025-05-17 22:00:00+00:00': 10778.108289746042, '2025-05-18 01:00:00+00:00': 10783.724034888635, '2025-05-18 15:00:00+00:00': 10809.773781022366, '2025-05-18 18:00:00+00:00': 10811.84482190242, '2025-05-19 00:00:00+00:00': 10837.601675835069, '2025-05-19 01:00:00+00:00': 10869.438887582635, '2025-05-19 02:00:00+00:00': 10866.999794113766, '2025-05-19 04:00:00+00:00': 10901.771332502338, '2025-05-19 08:00:00+00:00': 10906.878212267706, '2025-05-19 16:00:00+00:00': 10970.878600428645, '2025-05-19 18:00:00+00:00': 10976.700839753026, '2025-05-19 20:00:00+00:00': 10995.169228952049, '2025-05-20 02:00:00+00:00': 11010.333787633128, '2025-05-20 06:00:00+00:00': 11012.310649899948, '2025-05-20 08:00:00+00:00': 11040.66782796454, '2025-05-20 12:00:00+00:00': 11042.087226398478, '2025-05-20 14:00:00+00:00': 11062.087915525311, '2025-05-20 16:00:00+00:00': 11073.0883651268, '2025-05-20 20:00:00+00:00': 11153.0883651268, '2025-05-21 07:00:00+00:00': 11172.751347593023, '2025-05-21 08:00:00+00:00': 11201.995136777185, '2025-05-21 15:00:00+00:00': 11240.051120708938, '2025-05-21 18:00:00+00:00': 11237.878628988063, '2025-05-21 21:00:00+00:00': 11290.378628988063, '2025-05-22 00:00:00+00:00': 11298.892737853123, '2025-05-22 01:00:00+00:00': 11312.53998425408, '2025-05-22 04:00:00+00:00': 11363.741918001644, '2025-05-22 07:00:00+00:00': 11384.26861164495, '2025-05-22 09:00:00+00:00': 11409.26861164495, '2025-05-22 15:00:00+00:00': 11433.538824820052, '2025-05-23 00:00:00+00:00': 11443.961270480882, '2025-05-23 07:00:00+00:00': 11455.166939130468, '2025-05-24 00:00:00+00:00': 11577.024327859232, '2025-05-24 08:00:00+00:00': 11603.098794974821, '2025-05-24 14:00:00+00:00': 11622.205317533335, '2025-05-24 23:00:00+00:00': 11641.71963165366, '2025-05-25 20:00:00+00:00': 11651.22832183732, '2025-05-25 23:00:00+00:00': 11716.22832183732, '2025-05-26 01:00:00+00:00': 11726.007891879006, '2025-05-26 09:00:00+00:00': 11739.511245341235, '2025-05-26 16:00:00+00:00': 11754.975757646616, '2025-05-26 21:00:00+00:00': 11767.18376293737, '2025-05-27 02:00:00+00:00': 11803.433699955323, '2025-05-27 04:00:00+00:00': 11817.373486911069, '2025-05-27 08:00:00+00:00': 11833.872978181093, '2025-05-27 13:00:00+00:00': 11845.716025251342, '2025-05-27 15:00:00+00:00': 11861.859311744727, '2025-05-28 07:00:00+00:00': 11927.648571290223, '2025-05-28 16:00:00+00:00': 11972.648571290223, '2025-05-28 17:00:00+00:00': 11972.648571290223, '2025-05-28 20:00:00+00:00': 11978.610989277018, '2025-05-29 03:00:00+00:00': 11969.981634895246, '2025-05-29 06:00:00+00:00': 11986.119102203045, '2025-05-29 14:00:00+00:00': 12001.862533908507, '2025-05-29 18:00:00+00:00': 12015.795666286978, '2025-05-31 03:00:00+00:00': 12035.466608883364, '2025-06-02 23:00:00+00:00': 12010.795666286978, '2025-06-03 04:00:00+00:00': 11972.966608883364, '2025-06-05 21:00:00+00:00': 12202.966608883364, '2025-06-06 10:00:00+00:00': 12250.466608883364, '2025-06-06 14:00:00+00:00': 12302.966608883364, '2025-06-09 10:00:00+00:00': 12255.466608883364, '2025-06-09 11:00:00+00:00': 12327.966608883364, '2025-06-09 22:00:00+00:00': 12290.466608883364, '2025-06-12 23:00:00+00:00': 12317.966608883364, '2025-06-13 00:00:00+00:00': 12327.966608883364, '2025-06-13 01:00:00+00:00': 12380.466608883364, '2025-06-16 01:00:00+00:00': 12370.466608883364, '2025-06-16 02:00:00+00:00': 12300.466608883364, '2025-06-16 17:00:00+00:00': 12332.966608883364, '2025-06-16 20:00:00+00:00': 12370.466608883364, '2025-06-17 10:00:00+00:00': 12422.966608883364, '2025-06-17 16:00:00+00:00': 12352.966608883364, '2025-06-17 17:00:00+00:00': 12402.966608883364, '2025-06-17 20:00:00+00:00': 12400.466608883364, '2025-06-18 18:00:00+00:00': 12365.466608883364, '2025-06-19 01:00:00+00:00': 12385.466608883364, '2025-06-20 08:00:00+00:00': 12322.966608883364, '2025-06-20 10:00:00+00:00': 12438.216608883364, '2025-06-20 15:00:00+00:00': 12463.216608883364, '2025-06-21 20:00:00+00:00': 12447.966608883364, '2025-06-21 22:00:00+00:00': 12487.966608883364, '2025-06-22 01:00:00+00:00': 12575.966608883364, '2025-06-22 14:00:00+00:00': 12557.966608883364, '2025-06-22 15:00:00+00:00': 12793.216608883364, '2025-06-22 16:00:00+00:00': 12832.466608883364, '2025-06-23 01:00:00+00:00': 12688.716608883364, '2025-06-23 03:00:00+00:00': 12742.466608883364, '2025-06-23 07:00:00+00:00': 12678.716608883364, '2025-06-23 18:00:00+00:00': 12593.966608883364, '2025-06-23 19:00:00+00:00': 12618.716608883364, '2025-06-23 23:00:00+00:00': 12603.716608883364, '2025-06-24 05:00:00+00:00': 12557.966608883364, '2025-06-24 21:00:00+00:00': 12583.716608883364, '2025-06-25 11:00:00+00:00': 12583.466608883364, '2025-06-25 14:00:00+00:00': 12593.716608883364, '2025-06-25 16:00:00+00:00': 12544.216608883364, '2025-06-26 14:00:00+00:00': 12525.966608883364, '2025-06-27 00:00:00+00:00': 12510.966608883364, '2025-06-30 21:00:00+00:00': 12519.978902262792, '2025-06-30 23:00:00+00:00': 12537.986047391561, '2025-07-01 00:00:00+00:00': 12546.544904178918, '2025-07-01 02:00:00+00:00': 12540.434772831315, '2025-07-01 07:00:00+00:00': 12551.419174105064, '2025-07-01 11:00:00+00:00': 12560.13999262086, '2025-07-01 18:00:00+00:00': 12534.951617707104, '2025-07-01 20:00:00+00:00': 12559.673439062195, '2025-07-02 00:00:00+00:00': 12571.138909022782, '2025-07-02 08:00:00+00:00': 12531.138909022782, '2025-07-02 14:00:00+00:00': 12574.67795601477, '2025-07-02 17:00:00+00:00': 12596.22227619181, '2025-07-02 18:00:00+00:00': 12597.518930374676, '2025-07-02 20:00:00+00:00': 12573.127971773987, '2025-07-02 21:00:00+00:00': 12605.51026583078, '2025-07-02 22:00:00+00:00': 12610.676190982571, '2025-07-03 00:00:00+00:00': 12618.556747230201, '2025-07-03 03:00:00+00:00': 12628.646713093327, '2025-07-03 05:00:00+00:00': 12646.178690202529, '2025-07-03 07:00:00+00:00': 12666.692250379336, '2025-07-03 10:00:00+00:00': 12684.11569237518, '2025-07-03 14:00:00+00:00': 12646.178690202529, '2025-07-03 16:00:00+00:00': 12696.861780156838, '2025-07-03 17:00:00+00:00': 12691.299910842941, '2025-07-04 02:00:00+00:00': 12705.295735742788, '2025-07-04 05:00:00+00:00': 12719.002675508309, '2025-07-04 16:00:00+00:00': 12737.222016133936, '2025-07-04 18:00:00+00:00': 12741.553907721327, '2025-07-04 20:00:00+00:00': 12744.985445496533, '2025-07-06 23:00:00+00:00': 12714.284960199395, '2025-07-07 21:00:00+00:00': 12764.524101679826, '2025-07-08 01:00:00+00:00': 12757.613400388547, '2025-07-08 10:00:00+00:00': 12760.17480324404, '2025-07-08 14:00:00+00:00': 12772.188333609729, '2025-07-08 17:00:00+00:00': 12790.610112889171, '2025-07-09 03:00:00+00:00': 12801.041456562785, '2025-07-09 05:00:00+00:00': 12803.76238309714, '2025-07-09 20:00:00+00:00': 12849.779165598678, '2025-07-09 21:00:00+00:00': 12880.9744562123, '2025-07-10 01:00:00+00:00': 12893.591916388861, '2025-07-10 02:00:00+00:00': 12897.44939685411, '2025-07-10 06:00:00+00:00': 12913.329710550344, '2025-07-10 08:00:00+00:00': 12919.05719265681, '2025-07-10 14:00:00+00:00': 12924.259780598124, '2025-07-10 18:00:00+00:00': 13044.553455854679, '2025-07-10 22:00:00+00:00': 12949.553455854679, '2025-07-10 23:00:00+00:00': 13134.553455854679, '2025-07-11 01:00:00+00:00': 13151.635749336834, '2025-07-11 06:00:00+00:00': 13179.67421064574, '2025-07-11 12:00:00+00:00': 13185.350662698525, '2025-07-11 16:00:00+00:00': 13215.350662698525, '2025-07-13 11:00:00+00:00': 13186.870895504664, '2025-07-13 12:00:00+00:00': 13207.850662698525, '2025-07-13 23:00:00+00:00': 13175.306776738968, '2025-07-14 00:00:00+00:00': 13186.310730768268, '2025-07-14 04:00:00+00:00': 13213.473350237411, '2025-07-14 07:00:00+00:00': 13245.46122447474, '2025-07-15 04:00:00+00:00': 13381.96122447474, '2025-07-15 15:00:00+00:00': 13589.46122447474, '2025-07-16 15:00:00+00:00': 13491.17818295743, '2025-07-17 22:00:00+00:00': 13563.67818295743, '2025-07-18 01:00:00+00:00': 13568.72649468221, '2025-07-19 16:00:00+00:00': 13563.67818295743, '2025-07-19 18:00:00+00:00': 13631.01703467898, '2025-07-20 13:00:00+00:00': 13659.720159860619, '2025-07-22 01:00:00+00:00': 13670.99505612131, '2025-07-22 11:00:00+00:00': 13666.704689631471, '2025-07-22 17:00:00+00:00': 13656.01703467898, '2025-07-23 14:00:00+00:00': 13693.941145863853, '2025-07-24 07:00:00+00:00': 13790.572066939472, '2025-07-25 03:00:00+00:00': 13783.941145863853, '2025-07-25 04:00:00+00:00': 13801.53947526374, '2025-07-25 07:00:00+00:00': 13831.53947526374}]",269,COMPLETE
