number,value,datetime_start,datetime_complete,duration,params_CONVERGENCE_THRESHOLD,params_DAILY_LOSS_LIMIT,params_FIXED_TRADE_PCT,params_MAX_CONCURRENT_POSITIONS,params_MAX_DRAWDOWN_LIMIT,params_MAX_HOLD_HOURS,params_MAX_POSITION_PCT,params_MIN_DIV,params_MIN_TIME_BETWEEN_TRADES,params_STOP_LOSS_PCT,params_TAKE_PROFIT_PCT,params_TRAIL_PCT,user_attrs_cooldown_trades_pct,user_attrs_equity_curves,user_attrs_total_trades,state
2,165.22907816326315,2025-08-01 18:30:54.568540,2025-08-01 18:30:55.426065,0 days 00:00:00.857525,0.025,0.05,0.06,4,0.15,96,0.015,0.05,1.0,0.25,0.45,0.55,0.8928571428571428,"[{'2025-05-01 00:00:00+00:00': 10000.0, '2025-05-01 02:00:00+00:00': 10034.4248772152, '2025-05-01 06:00:00+00:00': 10047.151576736062, '2025-05-01 07:00:00+00:00': 10051.524066308104, '2025-05-01 11:00:00+00:00': 10119.06470820541, '2025-05-01 13:00:00+00:00': 10066.81586561339, '2025-05-01 15:00:00+00:00': 10140.452533181506, '2025-05-01 16:00:00+00:00': 10136.177477076553, '2025-05-01 17:00:00+00:00': 10149.350013959638, '2025-05-02 01:00:00+00:00': 10153.613397108433, '2025-05-02 13:00:00+00:00': 10106.262988640274, '2025-05-02 15:00:00+00:00': 10162.771928733153, '2025-05-02 16:00:00+00:00': 10152.410282684294, '2025-05-02 18:00:00+00:00': 10163.824309738571, '2025-05-02 20:00:00+00:00': 10170.465648331836, '2025-05-03 03:00:00+00:00': 10170.465648331836, '2025-05-03 23:00:00+00:00': 10174.802743550676, '2025-05-04 00:00:00+00:00': 10177.872242831558, '2025-05-04 22:00:00+00:00': 10176.438735290762, '2025-05-05 00:00:00+00:00': 10192.953773563502, '2025-05-05 01:00:00+00:00': 10201.101277801452, '2025-05-05 02:00:00+00:00': 10214.82090548968, '2025-05-05 03:00:00+00:00': 10218.048442590298, '2025-05-05 10:00:00+00:00': 10223.425262587161, '2025-05-05 11:00:00+00:00': 10228.827356020123, '2025-05-05 14:00:00+00:00': 10231.865895762581, '2025-05-05 19:00:00+00:00': 10252.408286688638, '2025-05-05 20:00:00+00:00': 10237.103825613674, '2025-05-05 23:00:00+00:00': 10252.408286688638, '2025-05-06 01:00:00+00:00': 10268.390755923037, '2025-05-06 11:00:00+00:00': 10264.622074606685, '2025-05-06 16:00:00+00:00': 10291.031411889398, '2025-05-06 17:00:00+00:00': 10295.22992164011, '2025-05-06 20:00:00+00:00': 10307.442776614735, '2025-05-07 01:00:00+00:00': 10342.388627920824, '2025-05-07 02:00:00+00:00': 10374.21972014135, '2025-05-07 04:00:00+00:00': 10389.270618416478, '2025-05-07 17:00:00+00:00': 10428.795161029451, '2025-05-07 18:00:00+00:00': 10437.308806299392, '2025-05-07 19:00:00+00:00': 10440.382821676167, '2025-05-07 20:00:00+00:00': 10445.698560375507, '2025-05-07 23:00:00+00:00': 10545.187527144879, '2025-05-08 04:00:00+00:00': 10628.296096883534, '2025-05-08 09:00:00+00:00': 10537.025205492999, '2025-05-08 17:00:00+00:00': 10670.574019395744, '2025-05-08 21:00:00+00:00': 10707.003800988217, '2025-05-09 00:00:00+00:00': 10690.939975700294, '2025-05-09 03:00:00+00:00': 10728.055313806237, '2025-05-09 08:00:00+00:00': 10720.058170524164, '2025-05-09 09:00:00+00:00': 10747.760227548515, '2025-05-09 15:00:00+00:00': 10753.537515437385, '2025-05-09 18:00:00+00:00': 10760.168794780897, '2025-05-10 07:00:00+00:00': 10785.377355728648, '2025-05-10 08:00:00+00:00': 10772.408737412376, '2025-05-10 22:00:00+00:00': 10794.859536248567, '2025-05-11 01:00:00+00:00': 10797.751020913842, '2025-05-11 13:00:00+00:00': 10807.494672049725, '2025-05-12 12:00:00+00:00': 10813.50175262854, '2025-05-12 16:00:00+00:00': 10857.28477047554, '2025-05-12 19:00:00+00:00': 10877.094092923377, '2025-05-12 21:00:00+00:00': 10890.802862624334, '2025-05-13 01:00:00+00:00': 10897.130619755957, '2025-05-13 06:00:00+00:00': 10901.574077245488, '2025-05-13 20:00:00+00:00': 10909.655692433642, '2025-05-15 01:00:00+00:00': 10915.669478152828, '2025-05-15 21:00:00+00:00': 10942.091441371382, '2025-05-16 11:00:00+00:00': 10948.975753708342, '2025-05-16 17:00:00+00:00': 10956.701892558294, '2025-05-17 05:00:00+00:00': 10968.5598588921, '2025-05-17 15:00:00+00:00': 10974.71059608107, '2025-05-18 15:00:00+00:00': 10974.71059608107, '2025-05-18 17:00:00+00:00': 11037.329278034986, '2025-05-18 18:00:00+00:00': 11024.080765713748, '2025-05-19 00:00:00+00:00': 11084.829278034986, '2025-05-19 01:00:00+00:00': 11068.244365275037, '2025-05-19 04:00:00+00:00': 11101.168267728748, '2025-05-19 08:00:00+00:00': 11122.873626120216, '2025-05-19 16:00:00+00:00': 11191.734049820541, '2025-05-19 18:00:00+00:00': 11208.94339324323, '2025-05-19 20:00:00+00:00': 11226.474278868913, '2025-05-20 02:00:00+00:00': 11263.974278868913, '2025-05-20 06:00:00+00:00': 11265.85418572429, '2025-05-20 08:00:00+00:00': 11292.82020997311, '2025-05-20 14:00:00+00:00': 11311.833485495583, '2025-05-20 16:00:00+00:00': 11322.28939678904, '2025-05-20 20:00:00+00:00': 11447.28939678904, '2025-05-21 07:00:00+00:00': 11466.047115817059, '2025-05-21 08:00:00+00:00': 11476.535568361842, '2025-05-21 15:00:00+00:00': 11551.367354900936, '2025-05-21 17:00:00+00:00': 11653.50318305441, '2025-05-21 18:00:00+00:00': 11614.659814942985, '2025-05-21 20:00:00+00:00': 11709.659814942985, '2025-05-21 21:00:00+00:00': 11657.159814942985, '2025-05-22 00:00:00+00:00': 11784.409814942985, '2025-05-22 01:00:00+00:00': 11797.637031051612, '2025-05-22 04:00:00+00:00': 11860.137031051612, '2025-05-22 07:00:00+00:00': 11880.044718521714, '2025-05-22 09:00:00+00:00': 11905.044718521714, '2025-05-22 15:00:00+00:00': 11928.57727946785, '2025-05-23 00:00:00+00:00': 11938.6812991226, '2025-05-23 07:00:00+00:00': 11949.5438502483, '2025-05-23 22:00:00+00:00': 12054.940745344187, '2025-05-24 00:00:00+00:00': 12066.83990830352, '2025-05-24 08:00:00+00:00': 12092.091855921233, '2025-05-24 14:00:00+00:00': 12110.592458169493, '2025-05-24 23:00:00+00:00': 12129.4855257051, '2025-05-25 23:00:00+00:00': 12194.4855257051, '2025-05-26 09:00:00+00:00': 12207.532390405075, '2025-05-26 16:00:00+00:00': 12222.472791262793, '2025-05-26 21:00:00+00:00': 12234.265856339482, '2025-05-27 02:00:00+00:00': 12269.28088746937, '2025-05-27 13:00:00+00:00': 12280.688303057923, '2025-05-27 15:00:00+00:00': 12296.236581116556, '2025-05-28 03:00:00+00:00': 12351.674617978308, '2025-05-28 15:00:00+00:00': 12399.08453196149, '2025-05-28 17:00:00+00:00': 12402.62324391501, '2025-05-28 20:00:00+00:00': 12408.361060405048, '2025-05-29 01:00:00+00:00': 12401.44108366767, '2025-05-29 06:00:00+00:00': 12409.156170828903, '2025-05-29 14:00:00+00:00': 12424.297431975041, '2025-05-29 17:00:00+00:00': 12434.643378918774, '2025-05-31 03:00:00+00:00': 12429.916556700053, '2025-06-02 23:00:00+00:00': 12393.646434447015, '2025-06-03 02:00:00+00:00': 12473.285904873946, '2025-06-03 15:00:00+00:00': 12407.143378918774, '2025-06-04 02:00:00+00:00': 12458.285904873946, '2025-06-05 02:00:00+00:00': 12446.146434447015, '2025-06-05 18:00:00+00:00': 12546.146434447015, '2025-06-05 20:00:00+00:00': 12498.646434447015, '2025-06-05 21:00:00+00:00': 12558.646434447015, '2025-06-06 06:00:00+00:00': 12595.29248117619, '2025-06-06 08:00:00+00:00': 12557.79248117619, '2025-06-06 15:00:00+00:00': 12492.681543142278, '2025-06-07 20:00:00+00:00': 12641.790068971643, '2025-06-09 10:00:00+00:00': 12562.681543142278, '2025-06-09 11:00:00+00:00': 12615.181543142278, '2025-06-09 12:00:00+00:00': 12482.681543142278, '2025-06-09 13:00:00+00:00': 12467.681543142278, '2025-06-09 22:00:00+00:00': 12549.931543142278, '2025-06-09 23:00:00+00:00': 12642.431543142278, '2025-06-11 19:00:00+00:00': 12599.931543142278, '2025-06-12 11:00:00+00:00': 12567.431543142278, '2025-06-12 21:00:00+00:00': 12537.431543142278, '2025-06-12 23:00:00+00:00': 12642.431543142278, '2025-06-13 01:00:00+00:00': 12474.931543142278, '2025-06-13 16:00:00+00:00': 12352.431543142278, '2025-06-13 17:00:00+00:00': 12402.431543142278, '2025-06-14 11:00:00+00:00': 12519.931543142278, '2025-06-14 16:00:00+00:00': 12279.931543142278, '2025-06-16 06:00:00+00:00': 12319.931543142278, '2025-06-16 08:00:00+00:00': 12319.931543142278, '2025-06-16 14:00:00+00:00': 12417.431543142278, '2025-06-16 15:00:00+00:00': 12264.931543142278, '2025-06-16 17:00:00+00:00': 12294.931543142278, '2025-06-16 20:00:00+00:00': 12199.931543142278, '2025-06-17 08:00:00+00:00': 12174.931543142278, '2025-06-17 10:00:00+00:00': 12257.431543142278, '2025-06-17 15:00:00+00:00': 12209.931543142278, '2025-06-17 16:00:00+00:00': 12242.431543142278, '2025-06-17 17:00:00+00:00': 12302.431543142278, '2025-06-18 03:00:00+00:00': 12142.431543142278, '2025-06-18 04:00:00+00:00': 12174.931543142278, '2025-06-18 18:00:00+00:00': 12272.431543142278, '2025-06-19 01:00:00+00:00': 12132.431543142278, '2025-06-19 07:00:00+00:00': 12262.431543142278, '2025-06-20 04:00:00+00:00': 12054.931543142278, '2025-06-20 08:00:00+00:00': 11999.931543142278, '2025-06-20 09:00:00+00:00': 12047.431543142278, '2025-06-20 10:00:00+00:00': 12079.931543142278, '2025-06-20 15:00:00+00:00': 12104.431543142278, '2025-06-20 17:00:00+00:00': 12034.931543142278, '2025-06-21 08:00:00+00:00': 12279.181543142278, '2025-06-21 19:00:00+00:00': 12269.181543142278, '2025-06-21 20:00:00+00:00': 12239.181543142278, '2025-06-21 22:00:00+00:00': 12291.681543142278, '2025-06-22 01:00:00+00:00': 12406.181543142278, '2025-06-22 10:00:00+00:00': 12480.931543142278, '2025-06-22 14:00:00+00:00': 12522.931543142278, '2025-06-22 15:00:00+00:00': 12515.431543142278, '2025-06-22 16:00:00+00:00': 12554.681543142278, '2025-06-22 23:00:00+00:00': 12446.681543142278, '2025-06-23 00:00:00+00:00': 12484.681543142278, '2025-06-23 02:00:00+00:00': 12423.931543142278, '2025-06-23 05:00:00+00:00': 12365.181543142278, '2025-06-23 09:00:00+00:00': 12373.931543142278, '2025-06-23 14:00:00+00:00': 12350.931543142278, '2025-06-23 17:00:00+00:00': 12405.931543142278, '2025-06-23 18:00:00+00:00': 12322.181543142278, '2025-06-23 19:00:00+00:00': 12392.181543142278, '2025-06-23 21:00:00+00:00': 12334.681543142278, '2025-06-23 23:00:00+00:00': 12321.431543142278, '2025-06-24 00:00:00+00:00': 12284.181543142278, '2025-06-24 03:00:00+00:00': 12283.681543142278, '2025-06-24 17:00:00+00:00': 12306.431543142278, '2025-06-25 01:00:00+00:00': 12259.681543142278, '2025-06-25 09:00:00+00:00': 12269.681543142278, '2025-06-25 14:00:00+00:00': 12306.431543142278, '2025-06-25 16:00:00+00:00': 12267.181543142278, '2025-06-26 13:00:00+00:00': 12254.181543142278, '2025-06-27 00:00:00+00:00': 12242.181543142278, '2025-06-30 21:00:00+00:00': 12250.500583184827, '2025-06-30 23:00:00+00:00': 12267.12256330369, '2025-07-01 00:00:00+00:00': 12275.022499281547, '2025-07-01 02:00:00+00:00': 12269.38321570456, '2025-07-01 07:00:00+00:00': 12278.495080878842, '2025-07-01 11:00:00+00:00': 12287.706085931519, '2025-07-01 13:00:00+00:00': 12291.51229841401, '2025-07-01 18:00:00+00:00': 12264.323222301673, '2025-07-01 20:00:00+00:00': 12277.85576669743, '2025-07-02 00:00:00+00:00': 12288.437708797306, '2025-07-02 05:00:00+00:00': 12287.423885086428, '2025-07-02 08:00:00+00:00': 12272.071059630025, '2025-07-02 13:00:00+00:00': 12367.664255410717, '2025-07-02 14:00:00+00:00': 12362.340366007984, '2025-07-02 17:00:00+00:00': 12381.686635516493, '2025-07-02 18:00:00+00:00': 12382.886259068788, '2025-07-02 20:00:00+00:00': 12360.906031637262, '2025-07-02 21:00:00+00:00': 12390.302479785702, '2025-07-02 22:00:00+00:00': 12395.096335370228, '2025-07-03 00:00:00+00:00': 12402.409016266689, '2025-07-03 03:00:00+00:00': 12411.771896029828, '2025-07-03 05:00:00+00:00': 12433.674281114007, '2025-07-03 07:00:00+00:00': 12452.717572599146, '2025-07-03 10:00:00+00:00': 12468.889706473054, '2025-07-03 14:00:00+00:00': 12428.039537677492, '2025-07-03 16:00:00+00:00': 12480.718154880844, '2025-07-03 17:00:00+00:00': 12475.55709227009, '2025-07-04 02:00:00+00:00': 12488.544002771796, '2025-07-04 05:00:00+00:00': 12521.070667380003, '2025-07-04 13:00:00+00:00': 12543.48552439714, '2025-07-04 16:00:00+00:00': 12537.973759557754, '2025-07-04 18:00:00+00:00': 12547.506066169186, '2025-07-04 20:00:00+00:00': 12550.69086221521, '2025-07-06 13:00:00+00:00': 12579.337032461626, '2025-07-07 05:00:00+00:00': 12578.199801242925, '2025-07-07 08:00:00+00:00': 12580.394924571445, '2025-07-07 23:00:00+00:00': 12516.693625646465, '2025-07-08 01:00:00+00:00': 12573.659681051746, '2025-07-08 10:00:00+00:00': 12587.028566070327, '2025-07-08 13:00:00+00:00': 12558.419942969533, '2025-07-08 14:00:00+00:00': 12557.139628775913, '2025-07-08 17:00:00+00:00': 12575.581741880836, '2025-07-09 03:00:00+00:00': 12582.827539972079, '2025-07-09 05:00:00+00:00': 12589.358913470764, '2025-07-09 18:00:00+00:00': 12625.299637337639, '2025-07-09 20:00:00+00:00': 12676.96549091546, '2025-07-09 21:00:00+00:00': 12705.986340295223, '2025-07-10 01:00:00+00:00': 12717.738572955808, '2025-07-10 02:00:00+00:00': 12721.331195355839, '2025-07-10 06:00:00+00:00': 12736.12072995301, '2025-07-10 08:00:00+00:00': 12741.454179226297, '2025-07-10 14:00:00+00:00': 12746.298640334056, '2025-07-10 18:00:00+00:00': 12864.850287755247, '2025-07-10 19:00:00+00:00': 12870.521781621957, '2025-07-10 22:00:00+00:00': 12978.021781621957, '2025-07-11 01:00:00+00:00': 12994.092816090055, '2025-07-11 06:00:00+00:00': 13020.245050654434, '2025-07-11 12:00:00+00:00': 13025.538561330502, '2025-07-11 16:00:00+00:00': 13054.22617217507, '2025-07-11 21:00:00+00:00': 13059.851552101152, '2025-07-12 01:00:00+00:00': 13063.291175168102, '2025-07-12 08:00:00+00:00': 13072.909952935766, '2025-07-12 16:00:00+00:00': 13095.867681518375, '2025-07-12 21:00:00+00:00': 13111.532864432935, '2025-07-13 01:00:00+00:00': 13114.009792184226, '2025-07-13 11:00:00+00:00': 13119.436651542888, '2025-07-13 12:00:00+00:00': 13047.17086242677, '2025-07-13 22:00:00+00:00': 13099.162621223466, '2025-07-13 23:00:00+00:00': 13088.88959779528, '2025-07-14 04:00:00+00:00': 13124.655273167238, '2025-07-14 07:00:00+00:00': 13124.655273167238, '2025-07-14 18:00:00+00:00': 13449.227719141112, '2025-07-15 02:00:00+00:00': 13241.155273167238, '2025-07-15 08:00:00+00:00': 13441.155273167238, '2025-07-16 10:00:00+00:00': 13380.03504669176, '2025-07-16 16:00:00+00:00': 13440.03504669176, '2025-07-17 22:00:00+00:00': 13444.00430880232, '2025-07-18 01:00:00+00:00': 13448.725449360363, '2025-07-18 10:00:00+00:00': 13520.223565040274, '2025-07-18 22:00:00+00:00': 13514.225449360363, '2025-07-20 11:00:00+00:00': 13457.53504669176, '2025-07-20 13:00:00+00:00': 13529.058290546747, '2025-07-21 08:00:00+00:00': 13471.558290546747, '2025-07-22 01:00:00+00:00': 13482.118508277155, '2025-07-22 11:00:00+00:00': 13505.620857705846, '2025-07-22 23:00:00+00:00': 13493.438954259813, '2025-07-23 08:00:00+00:00': 13527.438954259813, '2025-07-23 14:00:00+00:00': 13632.438954259813, '2025-07-23 15:00:00+00:00': 13639.831174523948, '2025-07-23 16:00:00+00:00': 13599.831174523948, '2025-07-24 03:00:00+00:00': 13671.785329352564, '2025-07-24 06:00:00+00:00': 13689.871724160661, '2025-07-24 12:00:00+00:00': 13907.65886917001, '2025-07-24 15:00:00+00:00': 13905.757763618893, '2025-07-24 16:00:00+00:00': 13925.307307828589, '2025-07-25 03:00:00+00:00': 13922.120380180802, '2025-07-25 04:00:00+00:00': 13700.15886917001, '2025-07-25 07:00:00+00:00': 13952.120380180802}]",333,COMPLETE
