number,value,datetime_start,datetime_complete,duration,params_CONVERGENCE_THRESHOLD,params_DAILY_LOSS_LIMIT,params_FIXED_TRADE_PCT,params_MAX_CONCURRENT_POSITIONS,params_MAX_DRAWDOWN_LIMIT,params_MAX_HOLD_HOURS,params_MAX_POSITION_PCT,params_MIN_DIV,params_MIN_TIME_BETWEEN_TRADES,params_STOP_LOSS_PCT,params_TAKE_PROFIT_PCT,params_TRAIL_PCT,user_attrs_cooldown_trades_pct,user_attrs_equity_curves,user_attrs_total_trades,state
16,231.6623326444967,2025-08-01 18:31:05.454260,2025-08-01 18:31:06.263365,0 days 00:00:00.809105,0.03,0.15,0.06,3,0.15,72,0.01,0.045,0.5,0.35,0.5,0.65,0.0,"[{'2025-05-01 00:00:00+00:00': 10000.0, '2025-05-01 02:00:00+00:00': 10045.028467682554, '2025-05-01 03:00:00+00:00': 10052.098856305254, '2025-05-01 06:00:00+00:00': 10075.2733868465, '2025-05-01 07:00:00+00:00': 10079.65811494411, '2025-05-01 11:00:00+00:00': 10091.453961711135, '2025-05-01 13:00:00+00:00': 10145.915103319654, '2025-05-01 15:00:00+00:00': 10138.943012232281, '2025-05-01 16:00:00+00:00': 10148.238421817583, '2025-05-02 01:00:00+00:00': 10152.501289642814, '2025-05-02 13:00:00+00:00': 10131.011496579096, '2025-05-02 15:00:00+00:00': 10150.066124463452, '2025-05-02 18:00:00+00:00': 10151.117189750366, '2025-05-02 20:00:00+00:00': 10157.750225141626, '2025-05-03 01:00:00+00:00': 10157.750225141626, '2025-05-03 23:00:00+00:00': 10162.081897993092, '2025-05-04 00:00:00+00:00': 10165.147559693309, '2025-05-04 03:00:00+00:00': 10165.147559693309, '2025-05-04 22:00:00+00:00': 10164.250782757856, '2025-05-05 00:00:00+00:00': 10180.746041566701, '2025-05-05 01:00:00+00:00': 10186.673137453521, '2025-05-05 02:00:00+00:00': 10200.37336050019, '2025-05-05 03:00:00+00:00': 10203.596332666397, '2025-05-05 10:00:00+00:00': 10204.747520914289, '2025-05-05 11:00:00+00:00': 10210.139136671778, '2025-05-05 14:00:00+00:00': 10213.17178298908, '2025-05-05 19:00:00+00:00': 10252.548465020871, '2025-05-05 23:00:00+00:00': 10265.244696382073, '2025-05-06 05:00:00+00:00': 10267.755392050107, '2025-05-06 10:00:00+00:00': 10265.208912318038, '2025-05-06 16:00:00+00:00': 10291.609358524991, '2025-05-06 17:00:00+00:00': 10295.806454788197, '2025-05-06 20:00:00+00:00': 10308.015198132996, '2025-05-06 21:00:00+00:00': 10346.512178349138, '2025-05-07 00:00:00+00:00': 10320.230029273922, '2025-05-07 01:00:00+00:00': 10421.512178349138, '2025-05-07 02:00:00+00:00': 10426.848789210717, '2025-05-07 03:00:00+00:00': 10438.94587564162, '2025-05-07 17:00:00+00:00': 10473.029948864612, '2025-05-07 18:00:00+00:00': 10481.579707511515, '2025-05-07 19:00:00+00:00': 10484.666762317649, '2025-05-07 20:00:00+00:00': 10490.005049440068, '2025-05-07 23:00:00+00:00': 10530.19526279354, '2025-05-08 04:00:00+00:00': 10610.74400475874, '2025-05-08 09:00:00+00:00': 10645.15024883992, '2025-05-08 13:00:00+00:00': 10464.55665816022, '2025-05-08 17:00:00+00:00': 10687.389754880262, '2025-05-08 19:00:00+00:00': 10691.119404173452, '2025-05-08 21:00:00+00:00': 10707.174499021625, '2025-05-08 23:00:00+00:00': 10716.512483198185, '2025-05-09 00:00:00+00:00': 10719.5090600187, '2025-05-09 03:00:00+00:00': 10740.533401273595, '2025-05-09 08:00:00+00:00': 10732.546580047014, '2025-05-09 09:00:00+00:00': 10767.621065666457, '2025-05-09 11:00:00+00:00': 10768.879873547636, '2025-05-09 15:00:00+00:00': 10774.654351994122, '2025-05-09 18:00:00+00:00': 10781.282406606999, '2025-05-10 07:00:00+00:00': 10806.478708861583, '2025-05-10 08:00:00+00:00': 10793.516397066063, '2025-05-10 22:00:00+00:00': 10809.140064885543, '2025-05-11 01:00:00+00:00': 10812.0283221213, '2025-05-11 11:00:00+00:00': 10835.070428381732, '2025-05-11 12:00:00+00:00': 10823.920278092357, '2025-05-11 19:00:00+00:00': 10843.076028562755, '2025-05-12 02:00:00+00:00': 10864.213537256384, '2025-05-12 12:00:00+00:00': 10870.225731382892, '2025-05-12 16:00:00+00:00': 10914.046019672167, '2025-05-12 19:00:00+00:00': 10933.872204872847, '2025-05-12 21:00:00+00:00': 10947.592644210456, '2025-05-13 01:00:00+00:00': 10953.925787866774, '2025-05-13 05:00:00+00:00': 10957.938474437753, '2025-05-13 10:00:00+00:00': 10965.658432817647, '2025-05-13 20:00:00+00:00': 10974.288087572862, '2025-05-14 19:00:00+00:00': 10976.810338655192, '2025-05-15 01:00:00+00:00': 10982.834934511233, '2025-05-15 18:00:00+00:00': 11015.883818390774, '2025-05-15 21:00:00+00:00': 11021.203398947035, '2025-05-16 11:00:00+00:00': 11028.107554616747, '2025-05-16 14:00:00+00:00': 11037.021456103572, '2025-05-16 16:00:00+00:00': 11043.796920992163, '2025-05-17 04:00:00+00:00': 11059.411801516842, '2025-05-17 05:00:00+00:00': 11051.780266652322, '2025-05-17 15:00:00+00:00': 11070.834266780761, '2025-05-17 18:00:00+00:00': 11078.841221255132, '2025-05-17 21:00:00+00:00': 11084.186987360037, '2025-05-17 22:00:00+00:00': 11064.65927585498, '2025-05-18 01:00:00+00:00': 11089.518800799864, '2025-05-18 09:00:00+00:00': 11127.443051167482, '2025-05-18 15:00:00+00:00': 11114.250480689734, '2025-05-18 17:00:00+00:00': 11190.513852848426, '2025-05-18 18:00:00+00:00': 11177.174504688579, '2025-05-19 00:00:00+00:00': 11217.932232238909, '2025-05-19 01:00:00+00:00': 11265.432232238909, '2025-05-19 04:00:00+00:00': 11298.711545984295, '2025-05-19 08:00:00+00:00': 11320.65121224595, '2025-05-19 16:00:00+00:00': 11390.25497954496, '2025-05-19 18:00:00+00:00': 11395.8357589624, '2025-05-19 20:00:00+00:00': 11413.537503379886, '2025-05-20 02:00:00+00:00': 11451.037503379886, '2025-05-20 06:00:00+00:00': 11452.935671410074, '2025-05-20 08:00:00+00:00': 11480.16364017031, '2025-05-20 12:00:00+00:00': 11481.526247024218, '2025-05-20 14:00:00+00:00': 11500.726497927826, '2025-05-20 16:00:00+00:00': 11511.285232009333, '2025-05-20 20:00:00+00:00': 11591.285232009333, '2025-05-20 23:00:00+00:00': 11641.285232009333, '2025-05-21 01:00:00+00:00': 11638.609078586844, '2025-05-21 07:00:00+00:00': 11653.575046087095, '2025-05-21 08:00:00+00:00': 11664.167639468304, '2025-05-21 15:00:00+00:00': 11739.71662555444, '2025-05-21 18:00:00+00:00': 11773.904671172368, '2025-05-21 20:00:00+00:00': 11826.404671172368, '2025-05-21 21:00:00+00:00': 11813.120320199478, '2025-05-22 00:00:00+00:00': 11834.638484190205, '2025-05-22 01:00:00+00:00': 11847.83567847456, '2025-05-22 04:00:00+00:00': 11909.85731292529, '2025-05-22 07:00:00+00:00': 11929.719253708663, '2025-05-22 09:00:00+00:00': 11954.719253708663, '2025-05-22 14:00:00+00:00': 11970.371652069547, '2025-05-23 00:00:00+00:00': 11980.44590364322, '2025-05-23 07:00:00+00:00': 11991.276451931073, '2025-05-24 00:00:00+00:00': 12109.045669489464, '2025-05-24 08:00:00+00:00': 12134.224926202884, '2025-05-24 13:00:00+00:00': 12146.523156829526, '2025-05-24 23:00:00+00:00': 12165.35228952706, '2025-05-25 23:00:00+00:00': 12230.35228952706, '2025-05-26 09:00:00+00:00': 12243.35523741757, '2025-05-26 16:00:00+00:00': 12258.245347668859, '2025-05-26 21:00:00+00:00': 12269.998716327758, '2025-05-27 02:00:00+00:00': 12304.895884010308, '2025-05-27 13:00:00+00:00': 12316.264901308667, '2025-05-27 15:00:00+00:00': 12331.76084259669, '2025-05-28 07:00:00+00:00': 12394.90533164049, '2025-05-28 16:00:00+00:00': 12439.90533164049, '2025-05-28 17:00:00+00:00': 12439.90533164049, '2025-05-28 20:00:00+00:00': 12445.624808667759, '2025-05-29 03:00:00+00:00': 12437.347378105653, '2025-05-29 05:00:00+00:00': 12450.892558651447, '2025-05-29 14:00:00+00:00': 12465.990860587743, '2025-05-29 18:00:00+00:00': 12479.351694318064, '2025-05-31 03:00:00+00:00': 12497.124872099343, '2025-06-02 23:00:00+00:00': 12474.351694318064, '2025-06-03 01:00:00+00:00': 12535.0730517515, '2025-06-03 02:00:00+00:00': 12541.181271296251, '2025-06-03 04:00:00+00:00': 12472.919714802529, '2025-06-05 08:00:00+00:00': 12493.681271296251, '2025-06-05 21:00:00+00:00': 12661.181271296251, '2025-06-06 10:00:00+00:00': 12718.681271296251, '2025-06-06 14:00:00+00:00': 12771.181271296251, '2025-06-08 09:00:00+00:00': 12671.181271296251, '2025-06-09 10:00:00+00:00': 12723.681271296251, '2025-06-09 11:00:00+00:00': 12796.181271296251, '2025-06-09 22:00:00+00:00': 12903.158225102601, '2025-06-12 12:00:00+00:00': 12815.658225102601, '2025-06-12 23:00:00+00:00': 12930.658225102601, '2025-06-13 00:00:00+00:00': 12940.658225102601, '2025-06-13 01:00:00+00:00': 12793.158225102601, '2025-06-13 16:00:00+00:00': 12685.658225102601, '2025-06-16 01:00:00+00:00': 12783.158225102601, '2025-06-16 02:00:00+00:00': 12713.158225102601, '2025-06-16 08:00:00+00:00': 12640.658225102601, '2025-06-16 15:00:00+00:00': 12690.658225102601, '2025-06-16 20:00:00+00:00': 12625.658225102601, '2025-06-17 09:00:00+00:00': 12588.158225102601, '2025-06-17 10:00:00+00:00': 12665.658225102601, '2025-06-17 11:00:00+00:00': 12595.658225102601, '2025-06-17 16:00:00+00:00': 12535.658225102601, '2025-06-17 17:00:00+00:00': 12560.658225102601, '2025-06-18 05:00:00+00:00': 12465.908225102601, '2025-06-19 19:00:00+00:00': 12490.908225102601, '2025-06-20 08:00:00+00:00': 12433.408225102601, '2025-06-20 10:00:00+00:00': 12418.658225102601, '2025-06-20 12:00:00+00:00': 12505.658225102601, '2025-06-20 15:00:00+00:00': 12383.408225102601, '2025-06-21 20:00:00+00:00': 12518.158225102601, '2025-06-21 22:00:00+00:00': 12570.658225102601, '2025-06-22 01:00:00+00:00': 12763.408225102601, '2025-06-22 10:00:00+00:00': 12809.408225102601, '2025-06-22 14:00:00+00:00': 12825.908225102601, '2025-06-22 15:00:00+00:00': 12745.408225102601, '2025-06-22 16:00:00+00:00': 12838.908225102601, '2025-06-22 17:00:00+00:00': 12799.658225102601, '2025-06-23 01:00:00+00:00': 12695.158225102601, '2025-06-23 03:00:00+00:00': 12748.908225102601, '2025-06-23 05:00:00+00:00': 12685.158225102601, '2025-06-23 18:00:00+00:00': 12660.908225102601, '2025-06-23 19:00:00+00:00': 12600.908225102601, '2025-06-23 23:00:00+00:00': 12610.658225102601, '2025-06-24 00:00:00+00:00': 12600.158225102601, '2025-06-24 05:00:00+00:00': 12554.408225102601, '2025-06-24 21:00:00+00:00': 12580.158225102601, '2025-06-25 11:00:00+00:00': 12579.908225102601, '2025-06-25 14:00:00+00:00': 12590.158225102601, '2025-06-25 16:00:00+00:00': 12540.658225102601, '2025-06-26 14:00:00+00:00': 12522.408225102601, '2025-06-27 00:00:00+00:00': 12507.408225102601, '2025-06-30 21:00:00+00:00': 12515.72726514515, '2025-06-30 22:00:00+00:00': 12530.964080254107, '2025-07-01 00:00:00+00:00': 12538.864016231964, '2025-07-01 02:00:00+00:00': 12533.225512395942, '2025-07-01 03:00:00+00:00': 12544.66589653862, '2025-07-01 05:00:00+00:00': 12542.336119557975, '2025-07-01 11:00:00+00:00': 12550.628205225887, '2025-07-01 13:00:00+00:00': 12554.434774824138, '2025-07-01 18:00:00+00:00': 12528.166217591372, '2025-07-01 20:00:00+00:00': 12540.776963220096, '2025-07-02 00:00:00+00:00': 12551.359900778825, '2025-07-02 02:00:00+00:00': 12551.359900778825, '2025-07-02 08:00:00+00:00': 12534.991711976792, '2025-07-02 13:00:00+00:00': 12611.047696765594, '2025-07-02 14:00:00+00:00': 12605.724491404544, '2025-07-02 17:00:00+00:00': 12625.068275201249, '2025-07-02 18:00:00+00:00': 12626.267744619518, '2025-07-02 20:00:00+00:00': 12604.290341324746, '2025-07-02 21:00:00+00:00': 12633.667989247715, '2025-07-02 22:00:00+00:00': 12638.451517865848, '2025-07-03 00:00:00+00:00': 12651.08713724238, '2025-07-03 05:00:00+00:00': 12662.126418234157, '2025-07-03 07:00:00+00:00': 12681.121198370727, '2025-07-03 10:00:00+00:00': 12709.830930925813, '2025-07-03 14:00:00+00:00': 12693.691406053664, '2025-07-03 16:00:00+00:00': 12721.633679395845, '2025-07-03 17:00:00+00:00': 12716.484872807725, '2025-07-03 21:00:00+00:00': 12730.556266571062, '2025-07-04 05:00:00+00:00': 12743.251484562043, '2025-07-04 12:00:00+00:00': 12767.8152688099, '2025-07-04 16:00:00+00:00': 12760.116280666278, '2025-07-04 18:00:00+00:00': 12771.827562428174, '2025-07-04 20:00:00+00:00': 12775.005824855343, '2025-07-04 23:00:00+00:00': 12783.450661046914, '2025-07-05 09:00:00+00:00': 12800.413106430642, '2025-07-06 13:00:00+00:00': 12804.092445486658, '2025-07-06 23:00:00+00:00': 12738.884359565056, '2025-07-07 02:00:00+00:00': 12800.68410416446, '2025-07-07 05:00:00+00:00': 12834.637368780099, '2025-07-07 08:00:00+00:00': 12836.8325109866, '2025-07-07 19:00:00+00:00': 12844.79294924415, '2025-07-07 21:00:00+00:00': 12849.062512573515, '2025-07-08 01:00:00+00:00': 12795.876812042208, '2025-07-08 05:00:00+00:00': 12849.062512573515, '2025-07-08 10:00:00+00:00': 12879.459405657517, '2025-07-08 12:00:00+00:00': 12880.736308165924, '2025-07-08 14:00:00+00:00': 12874.018115936367, '2025-07-08 17:00:00+00:00': 12897.852380307188, '2025-07-09 03:00:00+00:00': 12905.0788723254, '2025-07-09 05:00:00+00:00': 12911.592843300285, '2025-07-09 16:00:00+00:00': 12830.498830691911, '2025-07-09 18:00:00+00:00': 12947.437804874184, '2025-07-09 20:00:00+00:00': 12943.105519862504, '2025-07-09 21:00:00+00:00': 12937.538390248563, '2025-07-10 01:00:00+00:00': 12949.252801856694, '2025-07-10 02:00:00+00:00': 12952.833862474026, '2025-07-10 06:00:00+00:00': 12967.57580136918, '2025-07-10 08:00:00+00:00': 12972.89208652816, '2025-07-10 14:00:00+00:00': 12977.720957184049, '2025-07-10 18:00:00+00:00': 13096.196810658827, '2025-07-10 19:00:00+00:00': 13101.850052515623, '2025-07-10 22:00:00+00:00': 13001.196810658827, '2025-07-10 23:00:00+00:00': 13200.660812445627, '2025-07-11 06:00:00+00:00': 13226.670369520745, '2025-07-11 12:00:00+00:00': 13232.491215024877, '2025-07-11 16:00:00+00:00': 13261.022316249659, '2025-07-11 21:00:00+00:00': 13266.617006060831, '2025-07-12 01:00:00+00:00': 13270.03786374152, '2025-07-12 09:00:00+00:00': 13233.901156458876, '2025-07-12 16:00:00+00:00': 13275.279612896236, '2025-07-12 21:00:00+00:00': 13292.364500349226, '2025-07-13 01:00:00+00:00': 13294.823367606055, '2025-07-13 10:00:00+00:00': 13300.210657072808, '2025-07-13 11:00:00+00:00': 13276.813539962597, '2025-07-13 12:00:00+00:00': 13254.005497815682, '2025-07-13 22:00:00+00:00': 13302.94254014144, '2025-07-13 23:00:00+00:00': 13292.749278042274, '2025-07-14 00:00:00+00:00': 13313.200318511712, '2025-07-14 03:00:00+00:00': 13286.770361362154, '2025-07-14 04:00:00+00:00': 13338.519046433144, '2025-07-14 07:00:00+00:00': 13338.519046433144, '2025-07-14 18:00:00+00:00': 13690.553392218055, '2025-07-15 04:00:00+00:00': 13475.019046433144, '2025-07-15 15:00:00+00:00': 13682.519046433144, '2025-07-16 15:00:00+00:00': 13613.063796869712, '2025-07-17 21:00:00+00:00': 13623.063796869712, '2025-07-18 01:00:00+00:00': 13627.781259087827, '2025-07-18 09:00:00+00:00': 13798.863432168851, '2025-07-19 19:00:00+00:00': 13794.483608860613, '2025-07-20 03:00:00+00:00': 13800.654952266772, '2025-07-20 10:00:00+00:00': 13803.061717312128, '2025-07-20 13:00:00+00:00': 13801.98540792216, '2025-07-21 00:00:00+00:00': 13742.781259087827, '2025-07-21 02:00:00+00:00': 13810.195809137489, '2025-07-21 08:00:00+00:00': 13737.695809137489, '2025-07-22 01:00:00+00:00': 13747.140076668993, '2025-07-22 05:00:00+00:00': 13879.635534705783, '2025-07-22 12:00:00+00:00': 13866.716064729235, '2025-07-23 11:00:00+00:00': 13903.216064729235, '2025-07-23 14:00:00+00:00': 13907.035913937705, '2025-07-24 01:00:00+00:00': 13864.535913937705, '2025-07-24 07:00:00+00:00': 13870.775346340773, '2025-07-24 12:00:00+00:00': 14161.232886192853, '2025-07-24 14:00:00+00:00': 13953.732886192853, '2025-07-24 15:00:00+00:00': 14159.332901016922, '2025-07-25 03:00:00+00:00': 14167.592808556272, '2025-07-25 04:00:00+00:00': 14170.773300984943, '2025-07-25 07:00:00+00:00': 14197.592808556272}]",344,COMPLETE
