number,value,datetime_start,datetime_complete,duration,params_CONVERGENCE_THRESHOLD,params_DAILY_LOSS_LIMIT,params_FIXED_TRADE_PCT,params_MAX_CONCURRENT_POSITIONS,params_MAX_DRAWDOWN_LIMIT,params_MAX_HOLD_HOURS,params_MAX_POSITION_PCT,params_MIN_DIV,params_MIN_TIME_BETWEEN_TRADES,params_STOP_LOSS_PCT,params_TAKE_PROFIT_PCT,params_TRAIL_PCT,user_attrs_cooldown_trades_pct,user_attrs_equity_curves,user_attrs_total_trades,state
15,218.281118201164,2025-08-01 18:31:04.581870,2025-08-01 18:31:05.448314,0 days 00:00:00.866444,0.025,0.1,0.055,3,0.2,72,0.02,0.045,1.0,0.3,0.45,0.65,0.5988023952095809,"[{'2025-05-01 00:00:00+00:00': 10000.0, '2025-05-01 02:00:00+00:00': 10031.556137447265, '2025-05-01 06:00:00+00:00': 10051.488268732948, '2025-05-01 07:00:00+00:00': 10055.498114212796, '2025-05-01 13:00:00+00:00': 10069.521138969136, '2025-05-01 15:00:00+00:00': 10111.656107523599, '2025-05-01 16:00:00+00:00': 10120.156646566304, '2025-05-01 17:00:00+00:00': 10118.031632825674, '2025-05-02 01:00:00+00:00': 10124.054727950832, '2025-05-02 13:00:00+00:00': 10105.695298185388, '2025-05-02 15:00:00+00:00': 10124.028036391073, '2025-05-02 16:00:00+00:00': 10122.955083635605, '2025-05-02 18:00:00+00:00': 10124.989041286062, '2025-05-02 20:00:00+00:00': 10131.053673576507, '2025-05-03 03:00:00+00:00': 10131.053673576507, '2025-05-03 23:00:00+00:00': 10135.01393791491, '2025-05-04 00:00:00+00:00': 10137.81664251896, '2025-05-04 22:00:00+00:00': 10133.753323305167, '2025-05-05 00:00:00+00:00': 10148.828608249116, '2025-05-05 01:00:00+00:00': 10154.244746062906, '2025-05-05 02:00:00+00:00': 10166.763304838656, '2025-05-05 03:00:00+00:00': 10169.707961322725, '2025-05-05 10:00:00+00:00': 10172.863214798721, '2025-05-05 11:00:00+00:00': 10177.78911473768, '2025-05-05 14:00:00+00:00': 10180.55968584878, '2025-05-05 19:00:00+00:00': 10211.05020391555, '2025-05-05 20:00:00+00:00': 10172.863214798721, '2025-05-05 23:00:00+00:00': 10217.903228792868, '2025-05-06 01:00:00+00:00': 10232.494725272574, '2025-05-06 10:00:00+00:00': 10229.053532559472, '2025-05-06 11:00:00+00:00': 10229.053532559472, '2025-05-06 16:00:00+00:00': 10253.168704644228, '2025-05-06 17:00:00+00:00': 10257.001672519064, '2025-05-06 20:00:00+00:00': 10268.150840516293, '2025-05-07 00:00:00+00:00': 10279.305567960537, '2025-05-07 01:00:00+00:00': 10250.524163349728, '2025-05-07 04:00:00+00:00': 10264.172684612242, '2025-05-07 17:00:00+00:00': 10298.61272933338, '2025-05-07 18:00:00+00:00': 10306.330439450701, '2025-05-07 19:00:00+00:00': 10309.116877269911, '2025-05-07 20:00:00+00:00': 10313.935204199011, '2025-05-07 23:00:00+00:00': 10404.110816363376, '2025-05-08 04:00:00+00:00': 10448.892540114333, '2025-05-08 09:00:00+00:00': 10396.712585428413, '2025-05-08 16:00:00+00:00': 10501.726117957918, '2025-05-08 17:00:00+00:00': 10487.348459308661, '2025-05-08 19:00:00+00:00': 10505.090786912908, '2025-05-08 21:00:00+00:00': 10519.574322636476, '2025-05-09 00:00:00+00:00': 10531.901033244565, '2025-05-09 03:00:00+00:00': 10539.10529050743, '2025-05-09 08:00:00+00:00': 10531.901033244565, '2025-05-09 09:00:00+00:00': 10563.535543694157, '2025-05-09 11:00:00+00:00': 10564.67058803319, '2025-05-09 15:00:00+00:00': 10569.877280272427, '2025-05-09 18:00:00+00:00': 10575.853352323438, '2025-05-10 07:00:00+00:00': 10598.570003340212, '2025-05-10 08:00:00+00:00': 10586.883355416472, '2025-05-11 01:00:00+00:00': 10614.367244100265, '2025-05-11 11:00:00+00:00': 10637.542301998046, '2025-05-11 13:00:00+00:00': 10627.481653313545, '2025-05-11 19:00:00+00:00': 10644.765995163081, '2025-05-12 02:00:00+00:00': 10663.837829770478, '2025-05-12 12:00:00+00:00': 10669.262479083238, '2025-05-12 16:00:00+00:00': 10708.798580912638, '2025-05-12 19:00:00+00:00': 10726.680419054852, '2025-05-12 21:00:00+00:00': 10739.053426148192, '2025-05-13 01:00:00+00:00': 10744.764018183692, '2025-05-13 06:00:00+00:00': 10748.773898382555, '2025-05-13 08:00:00+00:00': 10756.859830407822, '2025-05-13 12:00:00+00:00': 10767.308858504903, '2025-05-13 20:00:00+00:00': 10775.097791401233, '2025-05-14 22:00:00+00:00': 10777.374169209455, '2025-05-15 01:00:00+00:00': 10782.811373020968, '2025-05-15 18:00:00+00:00': 10812.636657847117, '2025-05-15 21:00:00+00:00': 10806.698991581894, '2025-05-16 07:00:00+00:00': 10818.637241512102, '2025-05-16 11:00:00+00:00': 10824.866842822808, '2025-05-16 14:00:00+00:00': 10832.90941202691, '2025-05-16 16:00:00+00:00': 10839.022164205355, '2025-05-17 05:00:00+00:00': 10851.961565183692, '2025-05-17 15:00:00+00:00': 10862.263960472048, '2025-05-17 18:00:00+00:00': 10869.485428407048, '2025-05-17 21:00:00+00:00': 10874.306480913956, '2025-05-17 22:00:00+00:00': 10856.69447998342, '2025-05-18 01:00:00+00:00': 10879.114566813874, '2025-05-18 09:00:00+00:00': 10913.312262536369, '2025-05-18 15:00:00+00:00': 10901.416035013812, '2025-05-18 17:00:00+00:00': 10970.17765958281, '2025-05-18 18:00:00+00:00': 10958.152500001766, '2025-05-19 00:00:00+00:00': 10994.883176187712, '2025-05-19 01:00:00+00:00': 11042.383176187712, '2025-05-19 04:00:00+00:00': 11072.36582858924, '2025-05-19 08:00:00+00:00': 11092.127282505993, '2025-05-19 16:00:00+00:00': 11154.810509626142, '2025-05-19 18:00:00+00:00': 11159.83384104835, '2025-05-19 20:00:00+00:00': 11175.766757700838, '2025-05-20 02:00:00+00:00': 11213.266757700838, '2025-05-20 06:00:00+00:00': 11214.975136154322, '2025-05-20 08:00:00+00:00': 11239.48035950101, '2025-05-20 12:00:00+00:00': 11240.706465416088, '2025-05-20 14:00:00+00:00': 11257.983134680333, '2025-05-20 16:00:00+00:00': 11267.482715279157, '2025-05-20 20:00:00+00:00': 11386.053050345521, '2025-05-21 07:00:00+00:00': 11403.085884551918, '2025-05-21 08:00:00+00:00': 11403.085884551918, '2025-05-21 15:00:00+00:00': 11470.965430175478, '2025-05-21 17:00:00+00:00': 11563.612337694141, '2025-05-21 18:00:00+00:00': 11528.396639102406, '2025-05-21 20:00:00+00:00': 11622.67153515155, '2025-05-21 21:00:00+00:00': 11570.896639102406, '2025-05-22 00:00:00+00:00': 11630.108206508947, '2025-05-22 01:00:00+00:00': 11642.027046076028, '2025-05-22 04:00:00+00:00': 11698.035706255389, '2025-05-22 07:00:00+00:00': 11715.964241713407, '2025-05-22 09:00:00+00:00': 11738.906632691174, '2025-05-22 15:00:00+00:00': 11760.093810254113, '2025-05-23 00:00:00+00:00': 11769.189319643332, '2025-05-23 07:00:00+00:00': 11778.96696295021, '2025-05-23 22:00:00+00:00': 11873.83008782842, '2025-05-24 00:00:00+00:00': 11884.53223572419, '2025-05-24 08:00:00+00:00': 11907.24206612238, '2025-05-24 14:00:00+00:00': 11923.877327948563, '2025-05-24 23:00:00+00:00': 11940.863331686402, '2025-05-25 23:00:00+00:00': 12005.863331686402, '2025-05-26 09:00:00+00:00': 12017.592958849787, '2025-05-26 16:00:00+00:00': 12031.023756142868, '2025-05-26 21:00:00+00:00': 12041.62415483679, '2025-05-27 02:00:00+00:00': 12073.095499051818, '2025-05-27 13:00:00+00:00': 12083.346002866418, '2025-05-27 15:00:00+00:00': 12097.316336571252, '2025-05-28 03:00:00+00:00': 12147.122921694114, '2025-05-28 15:00:00+00:00': 12189.701029408803, '2025-05-28 17:00:00+00:00': 12192.878083573276, '2025-05-28 20:00:00+00:00': 12198.029370970607, '2025-05-29 01:00:00+00:00': 12191.817004027282, '2025-05-29 06:00:00+00:00': 12212.687514029136, '2025-05-29 14:00:00+00:00': 12226.295943239034, '2025-05-29 17:00:00+00:00': 12235.593573797045, '2025-05-31 03:00:00+00:00': 12251.468986763217, '2025-06-02 23:00:00+00:00': 12230.593573797045, '2025-06-03 01:00:00+00:00': 12213.342044395147, '2025-06-03 02:00:00+00:00': 12281.082518565283, '2025-06-05 06:00:00+00:00': 12238.582518565283, '2025-06-05 21:00:00+00:00': 12321.082518565283, '2025-06-06 09:00:00+00:00': 12363.582518565283, '2025-06-06 11:00:00+00:00': 12411.082518565283, '2025-06-06 15:00:00+00:00': 12259.26005541189, '2025-06-07 07:00:00+00:00': 12289.26005541189, '2025-06-09 10:00:00+00:00': 12329.26005541189, '2025-06-09 12:00:00+00:00': 12239.26005541189, '2025-06-09 13:00:00+00:00': 12224.26005541189, '2025-06-09 23:00:00+00:00': 12281.76005541189, '2025-06-11 05:00:00+00:00': 12220.28756530042, '2025-06-12 14:00:00+00:00': 12235.28756530042, '2025-06-12 21:00:00+00:00': 12250.28756530042, '2025-06-13 00:00:00+00:00': 12325.28756530042, '2025-06-13 01:00:00+00:00': 12280.28756530042, '2025-06-13 08:00:00+00:00': 12187.78756530042, '2025-06-14 13:00:00+00:00': 12225.28756530042, '2025-06-16 02:00:00+00:00': 12210.28756530042, '2025-06-16 06:00:00+00:00': 12167.78756530042, '2025-06-16 08:00:00+00:00': 12130.28756530042, '2025-06-16 20:00:00+00:00': 12110.28756530042, '2025-06-17 07:00:00+00:00': 12112.78756530042, '2025-06-17 10:00:00+00:00': 12180.28756530042, '2025-06-17 13:00:00+00:00': 12095.28756530042, '2025-06-17 16:00:00+00:00': 12052.78756530042, '2025-06-18 04:00:00+00:00': 11935.28756530042, '2025-06-18 05:00:00+00:00': 12022.78756530042, '2025-06-19 07:00:00+00:00': 12037.78756530042, '2025-06-20 08:00:00+00:00': 11952.78756530042, '2025-06-20 09:00:00+00:00': 11942.78756530042, '2025-06-20 15:00:00+00:00': 11922.78756530042, '2025-06-21 05:00:00+00:00': 11985.28756530042, '2025-06-21 19:00:00+00:00': 11977.53756530042, '2025-06-21 20:00:00+00:00': 11992.53756530042, '2025-06-21 22:00:00+00:00': 11947.53756530042, '2025-06-22 01:00:00+00:00': 12198.03756530042, '2025-06-22 10:00:00+00:00': 12181.53756530042, '2025-06-22 14:00:00+00:00': 12180.03756530042, '2025-06-22 15:00:00+00:00': 12251.53756530042, '2025-06-22 17:00:00+00:00': 12171.78756530042, '2025-06-22 23:00:00+00:00': 12136.03756530042, '2025-06-23 02:00:00+00:00': 12174.03756530042, '2025-06-23 03:00:00+00:00': 12109.53756530042, '2025-06-23 05:00:00+00:00': 12100.53756530042, '2025-06-23 14:00:00+00:00': 12043.03756530042, '2025-06-23 17:00:00+00:00': 12088.78756530042, '2025-06-23 18:00:00+00:00': 12018.78756530042, '2025-06-23 19:00:00+00:00': 12018.78756530042, '2025-06-23 21:00:00+00:00': 12031.28756530042, '2025-06-23 23:00:00+00:00': 12018.03756530042, '2025-06-24 00:00:00+00:00': 11980.78756530042, '2025-06-24 03:00:00+00:00': 11980.28756530042, '2025-06-24 17:00:00+00:00': 12003.03756530042, '2025-06-25 01:00:00+00:00': 12003.03756530042, '2025-06-25 14:00:00+00:00': 12013.03756530042, '2025-06-25 16:00:00+00:00': 11963.78756530042, '2025-06-26 13:00:00+00:00': 11950.78756530042, '2025-06-27 00:00:00+00:00': 11938.78756530042, '2025-06-30 21:00:00+00:00': 11946.41335200609, '2025-06-30 23:00:00+00:00': 11961.650167115047, '2025-07-01 00:00:00+00:00': 11968.891273485151, '2025-07-01 02:00:00+00:00': 11963.722698109787, '2025-07-01 07:00:00+00:00': 11972.072962371909, '2025-07-01 11:00:00+00:00': 11980.513168490916, '2025-07-01 13:00:00+00:00': 11984.000602116152, '2025-07-01 18:00:00+00:00': 11959.085636293072, '2025-07-01 20:00:00+00:00': 11971.48869904917, '2025-07-02 00:00:00+00:00': 11981.184466695056, '2025-07-02 05:00:00+00:00': 11978.092939801987, '2025-07-02 08:00:00+00:00': 11966.188172506074, '2025-07-02 13:00:00+00:00': 12021.163431896997, '2025-07-02 14:00:00+00:00': 12016.286084272937, '2025-07-02 17:00:00+00:00': 12034.008963670229, '2025-07-02 18:00:00+00:00': 12035.107779525108, '2025-07-02 20:00:00+00:00': 12014.972054847089, '2025-07-02 21:00:00+00:00': 12041.876227031004, '2025-07-02 22:00:00+00:00': 12046.251094648927, '2025-07-03 00:00:00+00:00': 12060.891868707817, '2025-07-03 05:00:00+00:00': 12095.387332718095, '2025-07-03 07:00:00+00:00': 12112.761378602001, '2025-07-03 10:00:00+00:00': 12127.513642241267, '2025-07-03 14:00:00+00:00': 12090.241532010383, '2025-07-03 16:00:00+00:00': 12138.3082497568, '2025-07-03 17:00:00+00:00': 12133.594846577285, '2025-07-04 02:00:00+00:00': 12145.455000072328, '2025-07-04 05:00:00+00:00': 12167.745839164127, '2025-07-04 16:00:00+00:00': 12183.179764489969, '2025-07-04 18:00:00+00:00': 12186.848379671825, '2025-07-04 20:00:00+00:00': 12189.754308993262, '2025-07-06 23:00:00+00:00': 12153.071441704815, '2025-07-07 00:00:00+00:00': 12163.74909475457, '2025-07-07 05:00:00+00:00': 12191.676522033711, '2025-07-07 08:00:00+00:00': 12193.682819614427, '2025-07-07 21:00:00+00:00': 12206.299375992103, '2025-07-08 01:00:00+00:00': 12206.603158874612, '2025-07-08 10:00:00+00:00': 12199.745723713522, '2025-07-08 13:00:00+00:00': 12230.575816312334, '2025-07-08 14:00:00+00:00': 12229.408846072558, '2025-07-08 17:00:00+00:00': 12246.21500768278, '2025-07-09 03:00:00+00:00': 12252.817953187865, '2025-07-09 05:00:00+00:00': 12258.769038986755, '2025-07-09 18:00:00+00:00': 12291.514460021519, '2025-07-09 20:00:00+00:00': 12338.583169947327, '2025-07-09 21:00:00+00:00': 12365.143338867405, '2025-07-10 01:00:00+00:00': 12375.877663630337, '2025-07-10 02:00:00+00:00': 12379.158807847685, '2025-07-10 06:00:00+00:00': 12392.665712869077, '2025-07-10 08:00:00+00:00': 12397.536044098551, '2025-07-10 14:00:00+00:00': 12401.959660079496, '2025-07-10 18:00:00+00:00': 12518.464516348686, '2025-07-10 22:00:00+00:00': 12640.086203355504, '2025-07-11 01:00:00+00:00': 12654.7705867689, '2025-07-11 06:00:00+00:00': 12678.663361418921, '2025-07-11 12:00:00+00:00': 12683.49855374123, '2025-07-11 16:00:00+00:00': 12709.702644902574, '2025-07-11 21:00:00+00:00': 12714.839892330057, '2025-07-12 01:00:00+00:00': 12717.980741290701, '2025-07-12 16:00:00+00:00': 12722.793308149698, '2025-07-12 21:00:00+00:00': 12737.060831621844, '2025-07-13 01:00:00+00:00': 12739.316495075907, '2025-07-13 11:00:00+00:00': 12744.258478514043, '2025-07-13 12:00:00+00:00': 12703.259547310801, '2025-07-13 22:00:00+00:00': 12725.796598885436, '2025-07-13 23:00:00+00:00': 12716.441807609852, '2025-07-14 00:00:00+00:00': 12735.209425740224, '2025-07-14 04:00:00+00:00': 12758.440769220157, '2025-07-14 07:00:00+00:00': 12758.440769220157, '2025-07-14 18:00:00+00:00': 13082.297795367782, '2025-07-15 02:00:00+00:00': 12874.940769220157, '2025-07-15 08:00:00+00:00': 13074.940769220157, '2025-07-16 15:00:00+00:00': 12998.538415501102, '2025-07-17 22:00:00+00:00': 13063.538415501102, '2025-07-18 01:00:00+00:00': 13075.341007168983, '2025-07-18 10:00:00+00:00': 13146.30717152023, '2025-07-18 22:00:00+00:00': 13140.841007168983, '2025-07-19 16:00:00+00:00': 13071.038415501102, '2025-07-20 13:00:00+00:00': 13154.358294231643, '2025-07-22 01:00:00+00:00': 13202.767925468257, '2025-07-22 11:00:00+00:00': 13199.103724322762, '2025-07-22 17:00:00+00:00': 13179.358294231643, '2025-07-23 00:00:00+00:00': 13166.516648144612, '2025-07-23 11:00:00+00:00': 13219.016648144612, '2025-07-23 14:00:00+00:00': 13271.516648144612, '2025-07-23 15:00:00+00:00': 13274.779751589873, '2025-07-23 16:00:00+00:00': 13234.779751589873, '2025-07-24 03:00:00+00:00': 13307.223658095541, '2025-07-24 06:00:00+00:00': 13323.713520896192, '2025-07-24 12:00:00+00:00': 13540.591350224418, '2025-07-24 15:00:00+00:00': 13538.858117440512, '2025-07-24 16:00:00+00:00': 13556.681627896125, '2025-07-25 03:00:00+00:00': 13553.776483049358, '2025-07-25 04:00:00+00:00': 13333.091350224418, '2025-07-25 07:00:00+00:00': 13583.776483049358}]",332,COMPLETE
