number,value,datetime_start,datetime_complete,duration,params_CONVERGENCE_THRESHOLD,params_DAILY_LOSS_LIMIT,params_FIXED_TRADE_PCT,params_MAX_CONCURRENT_POSITIONS,params_MAX_DRAWDOWN_LIMIT,params_MAX_HOLD_HOURS,params_MAX_POSITION_PCT,params_MIN_DIV,params_MIN_TIME_BETWEEN_TRADES,params_STOP_LOSS_PCT,params_TAKE_PROFIT_PCT,params_TRAIL_PCT,user_attrs_cooldown_trades_pct,user_attrs_equity_curves,user_attrs_total_trades,state
10,232.36638509382274,2025-08-01 18:31:00.747416,2025-08-01 18:31:01.576058,0 days 00:00:00.828642,0.025,0.15,0.06,3,0.2,72,0.02,0.04,0.5,0.3,0.45,0.65,0.5714285714285714,"[{'2025-05-01 00:00:00+00:00': 10000.0, '2025-05-01 02:00:00+00:00': 10034.4248772152, '2025-05-01 06:00:00+00:00': 10056.171732004159, '2025-05-01 07:00:00+00:00': 10060.548147120127, '2025-05-01 13:00:00+00:00': 10075.853675132797, '2025-05-01 15:00:00+00:00': 10121.841298974101, '2025-05-01 16:00:00+00:00': 10131.119911672096, '2025-05-01 17:00:00+00:00': 10128.800791431235, '2025-05-02 01:00:00+00:00': 10135.375592185252, '2025-05-02 05:00:00+00:00': 10137.469998434548, '2025-05-02 09:00:00+00:00': 10140.636810236143, '2025-05-02 13:00:00+00:00': 10115.336213090159, '2025-05-02 15:00:00+00:00': 10140.607644478781, '2025-05-02 16:00:00+00:00': 10139.435233424107, '2025-05-02 18:00:00+00:00': 10141.657730315921, '2025-05-02 20:00:00+00:00': 10148.284584621095, '2025-05-03 03:00:00+00:00': 10148.284584621095, '2025-05-03 23:00:00+00:00': 10152.612220943096, '2025-05-04 00:00:00+00:00': 10152.38214582906, '2025-05-04 22:00:00+00:00': 10147.845795630114, '2025-05-05 00:00:00+00:00': 10164.314431275658, '2025-05-05 01:00:00+00:00': 10170.23196089598, '2025-05-05 02:00:00+00:00': 10183.91007193582, '2025-05-05 03:00:00+00:00': 10187.127842260983, '2025-05-05 10:00:00+00:00': 10190.57583298977, '2025-05-05 11:00:00+00:00': 10193.674947685377, '2025-05-05 14:00:00+00:00': 10196.702699345427, '2025-05-05 19:00:00+00:00': 10230.024349527466, '2025-05-05 20:00:00+00:00': 10190.57583298977, '2025-05-05 23:00:00+00:00': 10188.29203393544, '2025-05-06 01:00:00+00:00': 10245.975484676263, '2025-05-06 07:00:00+00:00': 10248.20072215766, '2025-05-06 10:00:00+00:00': 10243.726706849886, '2025-05-06 11:00:00+00:00': 10244.389104928172, '2025-05-06 16:00:00+00:00': 10252.078683882912, '2025-05-06 17:00:00+00:00': 10256.270403575269, '2025-05-06 20:00:00+00:00': 10268.463507256487, '2025-05-07 00:00:00+00:00': 10298.497094766093, '2025-05-07 01:00:00+00:00': 10267.019740464497, '2025-05-07 02:00:00+00:00': 10269.276826149822, '2025-05-07 04:00:00+00:00': 10284.207877300301, '2025-05-07 17:00:00+00:00': 10315.422368088173, '2025-05-07 18:00:00+00:00': 10323.866904306644, '2025-05-07 19:00:00+00:00': 10326.915966531136, '2025-05-07 20:00:00+00:00': 10332.188555011302, '2025-05-07 23:00:00+00:00': 10352.416514437778, '2025-05-08 04:00:00+00:00': 10344.320449987048, '2025-05-08 09:00:00+00:00': 10412.273212265505, '2025-05-08 16:00:00+00:00': 10444.043612586875, '2025-05-08 17:00:00+00:00': 10444.043612586875, '2025-05-08 19:00:00+00:00': 10447.702993913683, '2025-05-08 21:00:00+00:00': 10463.455604861525, '2025-05-09 00:00:00+00:00': 10476.86408100195, '2025-05-09 03:00:00+00:00': 10497.494877996147, '2025-05-09 08:00:00+00:00': 10489.65755813167, '2025-05-09 09:00:00+00:00': 10524.075501776973, '2025-05-09 11:00:00+00:00': 10525.310746655108, '2025-05-09 15:00:00+00:00': 10530.977135491386, '2025-05-09 18:00:00+00:00': 10537.48112282335, '2025-05-10 07:00:00+00:00': 10562.205787939682, '2025-05-10 08:00:00+00:00': 10549.486111256989, '2025-05-11 01:00:00+00:00': 10579.402750280022, '2025-05-11 11:00:00+00:00': 10604.634648930798, '2025-05-11 13:00:00+00:00': 10593.681094075055, '2025-05-11 19:00:00+00:00': 10612.501015379794, '2025-05-12 02:00:00+00:00': 10633.270899641197, '2025-05-12 09:00:00+00:00': 10641.300106588566, '2025-05-12 12:00:00+00:00': 10647.212188363608, '2025-05-12 16:00:00+00:00': 10690.30280092881, '2025-05-12 19:00:00+00:00': 10709.798849414132, '2025-05-12 21:00:00+00:00': 10723.29082216927, '2025-05-13 01:00:00+00:00': 10729.518509166961, '2025-05-13 06:00:00+00:00': 10733.891695725284, '2025-05-13 08:00:00+00:00': 10742.710235803974, '2025-05-13 10:00:00+00:00': 10752.212083724862, '2025-05-13 20:00:00+00:00': 10760.706837989654, '2025-05-14 13:00:00+00:00': 10763.943395720564, '2025-05-14 22:00:00+00:00': 10769.676966311103, '2025-05-15 01:00:00+00:00': 10775.610951890447, '2025-05-15 13:00:00+00:00': 10783.400324601012, '2025-05-15 18:00:00+00:00': 10815.975635827783, '2025-05-15 21:00:00+00:00': 10809.490489829084, '2025-05-16 03:00:00+00:00': 10833.904584850969, '2025-05-16 07:00:00+00:00': 10822.529828128485, '2025-05-16 11:00:00+00:00': 10840.717769772265, '2025-05-16 14:00:00+00:00': 10849.514219635988, '2025-05-16 16:00:00+00:00': 10856.200409435594, '2025-05-17 05:00:00+00:00': 10870.354381357618, '2025-05-17 09:00:00+00:00': 10870.354381357618, '2025-05-17 15:00:00+00:00': 10878.659956144747, '2025-05-17 18:00:00+00:00': 10886.560498667517, '2025-05-17 21:00:00+00:00': 10891.835219856923, '2025-05-17 22:00:00+00:00': 10872.56703048331, '2025-05-18 01:00:00+00:00': 10897.094744794098, '2025-05-18 09:00:00+00:00': 10934.504819768254, '2025-05-18 15:00:00+00:00': 10921.491113606884, '2025-05-18 17:00:00+00:00': 10996.72051016932, '2025-05-18 18:00:00+00:00': 10983.5620163315, '2025-05-19 00:00:00+00:00': 11020.999239263701, '2025-05-19 01:00:00+00:00': 11068.499239263701, '2025-05-19 02:00:00+00:00': 11066.19742838178, '2025-05-19 04:00:00+00:00': 11099.012443950474, '2025-05-19 08:00:00+00:00': 11103.830785232263, '2025-05-19 16:00:00+00:00': 11172.359891750995, '2025-05-19 18:00:00+00:00': 11177.85450564901, '2025-05-19 20:00:00+00:00': 11195.282940571822, '2025-05-20 02:00:00+00:00': 11230.35226007822, '2025-05-20 06:00:00+00:00': 11232.220813466034, '2025-05-20 08:00:00+00:00': 11259.023979709022, '2025-05-20 12:00:00+00:00': 11260.365327583728, '2025-05-20 14:00:00+00:00': 11279.26602199131, '2025-05-20 16:00:00+00:00': 11289.660021903468, '2025-05-20 20:00:00+00:00': 11414.660021903468, '2025-05-21 07:00:00+00:00': 11433.307879932187, '2025-05-21 08:00:00+00:00': 11433.307879932187, '2025-05-21 15:00:00+00:00': 11469.2998893682, '2025-05-21 17:00:00+00:00': 11565.841491228895, '2025-05-21 20:00:00+00:00': 11660.841491228895, '2025-05-21 21:00:00+00:00': 11608.341491228895, '2025-05-22 00:00:00+00:00': 11668.989373381091, '2025-05-22 01:00:00+00:00': 11682.048837269283, '2025-05-22 04:00:00+00:00': 11743.423192904569, '2025-05-22 07:00:00+00:00': 11763.077847736571, '2025-05-22 09:00:00+00:00': 11788.077847736571, '2025-05-22 15:00:00+00:00': 11811.311927991388, '2025-05-23 00:00:00+00:00': 11821.287790970859, '2025-05-23 07:00:00+00:00': 11832.012564411549, '2025-05-23 22:00:00+00:00': 11936.07263355878, '2025-05-24 00:00:00+00:00': 11947.820870726639, '2025-05-24 08:00:00+00:00': 11972.75252941365, '2025-05-24 14:00:00+00:00': 11991.018474985081, '2025-05-24 23:00:00+00:00': 12009.67190791942, '2025-05-25 20:00:00+00:00': 12018.759944497651, '2025-05-25 23:00:00+00:00': 12083.759944497651, '2025-05-26 01:00:00+00:00': 12093.104516205638, '2025-05-26 09:00:00+00:00': 12106.006406943832, '2025-05-26 16:00:00+00:00': 12120.78079327218, '2025-05-26 21:00:00+00:00': 12132.442816339542, '2025-05-27 02:00:00+00:00': 12167.068767954812, '2025-05-27 04:00:00+00:00': 12180.380905424101, '2025-05-27 08:00:00+00:00': 12196.136062151734, '2025-05-27 13:00:00+00:00': 12207.443623710102, '2025-05-27 15:00:00+00:00': 12222.855800982841, '2025-05-28 03:00:00+00:00': 12277.80856479012, '2025-05-28 15:00:00+00:00': 12324.803479341987, '2025-05-28 17:00:00+00:00': 12328.31121542306, '2025-05-28 20:00:00+00:00': 12333.998806329875, '2025-05-29 01:00:00+00:00': 12327.13940313439, '2025-05-29 06:00:00+00:00': 12334.786956809154, '2025-05-29 14:00:00+00:00': 12349.795679964034, '2025-05-29 17:00:00+00:00': 12360.051064370582, '2025-05-31 03:00:00+00:00': 12377.82424215186, '2025-06-02 23:00:00+00:00': 12355.051064370582, '2025-06-03 01:00:00+00:00': 12336.216150509334, '2025-06-03 02:00:00+00:00': 12404.432124201465, '2025-06-05 06:00:00+00:00': 12361.932124201465, '2025-06-05 21:00:00+00:00': 12444.432124201465, '2025-06-06 09:00:00+00:00': 12486.932124201465, '2025-06-06 11:00:00+00:00': 12534.432124201465, '2025-06-06 15:00:00+00:00': 12375.861979973972, '2025-06-07 07:00:00+00:00': 12405.861979973972, '2025-06-09 10:00:00+00:00': 12445.861979973972, '2025-06-09 12:00:00+00:00': 12355.861979973972, '2025-06-09 13:00:00+00:00': 12340.861979973972, '2025-06-09 23:00:00+00:00': 12398.361979973972, '2025-06-11 05:00:00+00:00': 12333.361979973972, '2025-06-12 14:00:00+00:00': 12348.361979973972, '2025-06-12 21:00:00+00:00': 12363.361979973972, '2025-06-13 00:00:00+00:00': 12438.361979973972, '2025-06-13 01:00:00+00:00': 12393.361979973972, '2025-06-13 08:00:00+00:00': 12300.861979973972, '2025-06-14 13:00:00+00:00': 12338.361979973972, '2025-06-16 02:00:00+00:00': 12323.361979973972, '2025-06-16 06:00:00+00:00': 12280.861979973972, '2025-06-16 08:00:00+00:00': 12243.361979973972, '2025-06-16 20:00:00+00:00': 12223.361979973972, '2025-06-17 07:00:00+00:00': 12225.861979973972, '2025-06-17 10:00:00+00:00': 12293.361979973972, '2025-06-17 13:00:00+00:00': 12208.361979973972, '2025-06-17 16:00:00+00:00': 12165.861979973972, '2025-06-18 04:00:00+00:00': 12048.361979973972, '2025-06-18 05:00:00+00:00': 12135.861979973972, '2025-06-19 07:00:00+00:00': 12150.861979973972, '2025-06-20 08:00:00+00:00': 12065.861979973972, '2025-06-20 09:00:00+00:00': 12055.861979973972, '2025-06-20 15:00:00+00:00': 12035.861979973972, '2025-06-21 05:00:00+00:00': 12098.361979973972, '2025-06-21 19:00:00+00:00': 12090.611979973972, '2025-06-21 20:00:00+00:00': 12105.611979973972, '2025-06-21 22:00:00+00:00': 12060.611979973972, '2025-06-22 01:00:00+00:00': 12311.111979973972, '2025-06-22 10:00:00+00:00': 12294.611979973972, '2025-06-22 14:00:00+00:00': 12293.111979973972, '2025-06-22 15:00:00+00:00': 12364.611979973972, '2025-06-22 17:00:00+00:00': 12284.861979973972, '2025-06-22 23:00:00+00:00': 12249.111979973972, '2025-06-23 02:00:00+00:00': 12287.111979973972, '2025-06-23 03:00:00+00:00': 12222.611979973972, '2025-06-23 05:00:00+00:00': 12213.611979973972, '2025-06-23 14:00:00+00:00': 12156.111979973972, '2025-06-23 17:00:00+00:00': 12201.861979973972, '2025-06-23 18:00:00+00:00': 12131.861979973972, '2025-06-23 19:00:00+00:00': 12131.861979973972, '2025-06-23 21:00:00+00:00': 12144.361979973972, '2025-06-23 23:00:00+00:00': 12131.111979973972, '2025-06-24 00:00:00+00:00': 12093.861979973972, '2025-06-24 03:00:00+00:00': 12093.361979973972, '2025-06-24 17:00:00+00:00': 12116.111979973972, '2025-06-25 01:00:00+00:00': 12116.111979973972, '2025-06-25 14:00:00+00:00': 12126.111979973972, '2025-06-25 16:00:00+00:00': 12076.861979973972, '2025-06-26 13:00:00+00:00': 12063.861979973972, '2025-06-27 00:00:00+00:00': 12051.861979973972, '2025-06-30 21:00:00+00:00': 12060.18102001652, '2025-06-30 23:00:00+00:00': 12076.803000135384, '2025-07-01 00:00:00+00:00': 12084.70293611324, '2025-07-01 02:00:00+00:00': 12079.063652536253, '2025-07-01 07:00:00+00:00': 12088.175517710535, '2025-07-01 11:00:00+00:00': 12097.386522763212, '2025-07-01 13:00:00+00:00': 12101.192735245704, '2025-07-01 18:00:00+00:00': 12074.003659133366, '2025-07-01 20:00:00+00:00': 12087.536203529124, '2025-07-02 00:00:00+00:00': 12098.118145629, '2025-07-02 05:00:00+00:00': 12094.743763488572, '2025-07-02 08:00:00+00:00': 12081.751496461718, '2025-07-02 13:00:00+00:00': 12141.752596014925, '2025-07-02 14:00:00+00:00': 12136.429957687238, '2025-07-02 17:00:00+00:00': 12161.695057457586, '2025-07-02 18:00:00+00:00': 12162.89510502862, '2025-07-02 20:00:00+00:00': 12134.995960374596, '2025-07-02 21:00:00+00:00': 12170.289625964986, '2025-07-02 22:00:00+00:00': 12175.069454780605, '2025-07-03 00:00:00+00:00': 12182.360738852898, '2025-07-03 03:00:00+00:00': 12191.696222932454, '2025-07-03 05:00:00+00:00': 12213.534521877895, '2025-07-03 07:00:00+00:00': 12232.522092900834, '2025-07-03 10:00:00+00:00': 12248.646907288248, '2025-07-03 14:00:00+00:00': 12207.916265638927, '2025-07-03 16:00:00+00:00': 12260.440745785621, '2025-07-03 17:00:00+00:00': 12255.294784387508, '2025-07-04 02:00:00+00:00': 12268.243695331405, '2025-07-04 05:00:00+00:00': 12280.924154299642, '2025-07-04 13:00:00+00:00': 12303.273425690782, '2025-07-04 16:00:00+00:00': 12297.777788214915, '2025-07-04 18:00:00+00:00': 12307.282203401663, '2025-07-04 20:00:00+00:00': 12310.457680769356, '2025-07-06 13:00:00+00:00': 12334.198640567272, '2025-07-06 23:00:00+00:00': 12276.559919742253, '2025-07-07 05:00:00+00:00': 12333.064736874654, '2025-07-07 08:00:00+00:00': 12321.368733334288, '2025-07-07 21:00:00+00:00': 12328.537901025402, '2025-07-08 01:00:00+00:00': 12335.476516272853, '2025-07-08 10:00:00+00:00': 12327.988328739457, '2025-07-08 13:00:00+00:00': 12361.655853487304, '2025-07-08 14:00:00+00:00': 12360.381399000025, '2025-07-08 17:00:00+00:00': 12378.739106690022, '2025-07-09 03:00:00+00:00': 12385.951742386791, '2025-07-09 05:00:00+00:00': 12392.4532232523, '2025-07-09 18:00:00+00:00': 12428.229454478405, '2025-07-09 20:00:00+00:00': 12479.658845019918, '2025-07-09 21:00:00+00:00': 12508.69888275455, '2025-07-10 01:00:00+00:00': 12520.44328955089, '2025-07-10 02:00:00+00:00': 12524.033519607612, '2025-07-10 06:00:00+00:00': 12538.813205787608, '2025-07-10 08:00:00+00:00': 12544.14310349319, '2025-07-10 14:00:00+00:00': 12548.98433865265, '2025-07-10 18:00:00+00:00': 12667.520302926581, '2025-07-10 19:00:00+00:00': 12673.188020120184, '2025-07-10 22:00:00+00:00': 12780.688020120184, '2025-07-11 01:00:00+00:00': 12796.748554672049, '2025-07-11 06:00:00+00:00': 12822.883702827165, '2025-07-11 12:00:00+00:00': 12828.17375501904, '2025-07-11 16:00:00+00:00': 12856.842622981101, '2025-07-11 21:00:00+00:00': 12862.46432759816, '2025-07-12 01:00:00+00:00': 12865.901703407526, '2025-07-12 16:00:00+00:00': 12871.168763140793, '2025-07-12 21:00:00+00:00': 12886.78432739787, '2025-07-13 01:00:00+00:00': 12889.25340960849, '2025-07-13 11:00:00+00:00': 12894.66307967053, '2025-07-13 12:00:00+00:00': 12849.791922778099, '2025-07-13 22:00:00+00:00': 12874.45326790718, '2025-07-13 23:00:00+00:00': 12864.212784567011, '2025-07-14 00:00:00+00:00': 12884.758566396122, '2025-07-14 04:00:00+00:00': 12910.194585695079, '2025-07-14 07:00:00+00:00': 12941.135755198506, '2025-07-14 18:00:00+00:00': 13265.713245337782, '2025-07-15 02:00:00+00:00': 13057.635755198506, '2025-07-15 08:00:00+00:00': 13257.635755198506, '2025-07-16 15:00:00+00:00': 13180.116926904955, '2025-07-17 22:00:00+00:00': 13245.116926904955, '2025-07-18 01:00:00+00:00': 13257.339736272945, '2025-07-18 10:00:00+00:00': 13328.839972142878, '2025-07-18 22:00:00+00:00': 13322.839736272945, '2025-07-19 16:00:00+00:00': 13252.616926904955, '2025-07-20 13:00:00+00:00': 13337.677802250617, '2025-07-22 01:00:00+00:00': 13373.237027359186, '2025-07-22 11:00:00+00:00': 13369.219303745434, '2025-07-22 17:00:00+00:00': 13362.677802250617, '2025-07-23 00:00:00+00:00': 13338.552780967828, '2025-07-23 11:00:00+00:00': 13391.052780967828, '2025-07-23 14:00:00+00:00': 13443.552780967828, '2025-07-23 15:00:00+00:00': 13447.131223981538, '2025-07-23 16:00:00+00:00': 13407.131223981538, '2025-07-24 03:00:00+00:00': 13479.086541133369, '2025-07-24 06:00:00+00:00': 13497.169145313366, '2025-07-24 12:00:00+00:00': 13714.954134296524, '2025-07-24 15:00:00+00:00': 13713.053420046628, '2025-07-24 16:00:00+00:00': 13732.598940407901, '2025-07-25 03:00:00+00:00': 13729.412668719846, '2025-07-25 04:00:00+00:00': 13507.454134296524, '2025-07-25 07:00:00+00:00': 13759.412668719846}]",348,COMPLETE
