number,value,datetime_start,datetime_complete,duration,params_CONVERGENCE_THRESHOLD,params_DAILY_LOSS_LIMIT,params_FIXED_TRADE_PCT,params_MAX_CONCURRENT_POSITIONS,params_MAX_DRAWDOWN_LIMIT,params_MAX_HOLD_HOURS,params_MAX_POSITION_PCT,params_MIN_DIV,params_MIN_TIME_BETWEEN_TRADES,params_STOP_LOSS_PCT,params_TAKE_PROFIT_PCT,params_TRAIL_PCT,user_attrs_cooldown_trades_pct,user_attrs_equity_curves,user_attrs_total_trades,state
6,222.9610414451204,2025-08-01 18:30:57.615283,2025-08-01 18:30:58.456513,0 days 00:00:00.841230,0.025,0.05,0.065,4,0.15,48,0.015,0.045,2.0,0.35,0.45,0.55,0.6269592476489028,"[{'2025-05-01 00:00:00+00:00': 10000.0, '2025-05-01 06:00:00+00:00': 10034.826537419427, '2025-05-01 07:00:00+00:00': 10039.557590318193, '2025-05-01 15:00:00+00:00': 10112.859502034344, '2025-05-01 16:00:00+00:00': 10100.734306812177, '2025-05-02 01:00:00+00:00': 10117.460018052749, '2025-05-02 13:00:00+00:00': 10082.241097733311, '2025-05-02 16:00:00+00:00': 10116.161284940908, '2025-05-02 18:00:00+00:00': 10116.161284940908, '2025-05-02 20:00:00+00:00': 10123.323131981893, '2025-05-03 03:00:00+00:00': 10123.323131981893, '2025-05-03 23:00:00+00:00': 10128.000397325162, '2025-05-04 00:00:00+00:00': 10131.310763333055, '2025-05-04 22:00:00+00:00': 10125.108045708252, '2025-05-05 00:00:00+00:00': 10142.911087399552, '2025-05-05 01:00:00+00:00': 10149.308961101684, '2025-05-05 03:00:00+00:00': 10152.783423566638, '2025-05-05 10:00:00+00:00': 10153.85671590923, '2025-05-05 11:00:00+00:00': 10159.667678541478, '2025-05-05 14:00:00+00:00': 10162.936340626502, '2025-05-05 19:00:00+00:00': 10198.910199186581, '2025-05-05 20:00:00+00:00': 10156.506569874065, '2025-05-05 23:00:00+00:00': 10203.260500755441, '2025-05-06 01:00:00+00:00': 10220.486411010688, '2025-05-06 11:00:00+00:00': 10216.42386850988, '2025-05-06 16:00:00+00:00': 10244.891590982534, '2025-05-06 17:00:00+00:00': 10249.418306640735, '2025-05-06 20:00:00+00:00': 10262.031900849383, '2025-05-07 01:00:00+00:00': 10293.843242694646, '2025-05-07 02:00:00+00:00': 10299.589902088099, '2025-05-07 04:00:00+00:00': 10315.773221648347, '2025-05-07 17:00:00+00:00': 10365.968824843725, '2025-05-07 18:00:00+00:00': 10375.131775019841, '2025-05-07 20:00:00+00:00': 10380.851627113769, '2025-05-07 23:00:00+00:00': 10389.634838582719, '2025-05-08 04:00:00+00:00': 10490.840359495898, '2025-05-08 09:00:00+00:00': 10454.576060988955, '2025-05-08 16:00:00+00:00': 10553.470453422406, '2025-05-08 17:00:00+00:00': 10536.435201589178, '2025-05-08 19:00:00+00:00': 10557.460706596874, '2025-05-08 21:00:00+00:00': 10574.638127465412, '2025-05-09 00:00:00+00:00': 10577.841785611276, '2025-05-09 08:00:00+00:00': 10591.780600711623, '2025-05-09 09:00:00+00:00': 10620.721444706422, '2025-05-09 11:00:00+00:00': 10622.066692280636, '2025-05-09 15:00:00+00:00': 10628.237752144854, '2025-05-09 18:00:00+00:00': 10635.321326688765, '2025-05-10 08:00:00+00:00': 10648.396780673727, '2025-05-11 01:00:00+00:00': 10664.023725463603, '2025-05-11 13:00:00+00:00': 10679.560155401996, '2025-05-11 19:00:00+00:00': 10688.111789479328, '2025-05-12 02:00:00+00:00': 10710.692402682433, '2025-05-12 12:00:00+00:00': 10717.115062610826, '2025-05-12 16:00:00+00:00': 10762.115062610826, '2025-05-12 19:00:00+00:00': 10783.299326881208, '2025-05-12 21:00:00+00:00': 10797.96182575658, '2025-05-13 01:00:00+00:00': 10804.730517816042, '2025-05-13 06:00:00+00:00': 10809.483836675747, '2025-05-13 08:00:00+00:00': 10819.068914355845, '2025-05-13 12:00:00+00:00': 10831.45774042981, '2025-05-13 20:00:00+00:00': 10840.69426902412, '2025-05-14 22:00:00+00:00': 10843.3940727217, '2025-05-15 01:00:00+00:00': 10849.842890738015, '2025-05-15 21:00:00+00:00': 10878.177494651358, '2025-05-16 07:00:00+00:00': 10885.291249624055, '2025-05-16 11:00:00+00:00': 10892.68022456074, '2025-05-16 14:00:00+00:00': 10902.220571076568, '2025-05-16 16:00:00+00:00': 10909.472686412826, '2025-05-17 05:00:00+00:00': 10918.018094013183, '2025-05-17 15:00:00+00:00': 10930.237033815029, '2025-05-17 18:00:00+00:00': 10938.802702508448, '2025-05-17 21:00:00+00:00': 10944.521834033269, '2025-05-17 22:00:00+00:00': 10923.631468321439, '2025-05-18 01:00:00+00:00': 10950.22649324461, '2025-05-18 09:00:00+00:00': 10990.804358799005, '2025-05-18 15:00:00+00:00': 10976.688684897115, '2025-05-18 17:00:00+00:00': 11055.0811420054, '2025-05-18 18:00:00+00:00': 11040.804358799005, '2025-05-19 00:00:00+00:00': 11084.431602138491, '2025-05-19 01:00:00+00:00': 11066.931602138491, '2025-05-19 04:00:00+00:00': 11102.356635169332, '2025-05-19 08:00:00+00:00': 11125.716627897715, '2025-05-19 16:00:00+00:00': 11191.026598192988, '2025-05-19 18:00:00+00:00': 11209.550834318257, '2025-05-19 20:00:00+00:00': 11228.41833924653, '2025-05-20 02:00:00+00:00': 11265.91833924653, '2025-05-20 06:00:00+00:00': 11267.941882388952, '2025-05-20 08:00:00+00:00': 11296.968676098453, '2025-05-20 12:00:00+00:00': 11298.421591668532, '2025-05-20 14:00:00+00:00': 11306.5714078903, '2025-05-20 16:00:00+00:00': 11317.819338744188, '2025-05-20 20:00:00+00:00': 11442.819338744188, '2025-05-21 07:00:00+00:00': 11466.55603016597, '2025-05-21 08:00:00+00:00': 11467.995372248794, '2025-05-21 15:00:00+00:00': 11548.480616587389, '2025-05-21 17:00:00+00:00': 11631.114843966949, '2025-05-21 18:00:00+00:00': 11589.314457834756, '2025-05-21 20:00:00+00:00': 11684.314457834756, '2025-05-21 21:00:00+00:00': 11631.814457834756, '2025-05-22 00:00:00+00:00': 11693.129156106379, '2025-05-22 04:00:00+00:00': 11746.074691008027, '2025-05-22 07:00:00+00:00': 11767.300388851105, '2025-05-22 09:00:00+00:00': 11792.300388851105, '2025-05-22 15:00:00+00:00': 11817.395271353093, '2025-05-23 00:00:00+00:00': 11828.171857753669, '2025-05-23 07:00:00+00:00': 11839.758280010808, '2025-05-23 22:00:00+00:00': 11952.187210673146, '2025-05-24 00:00:00+00:00': 11964.889485945432, '2025-05-24 08:00:00+00:00': 11991.847972651713, '2025-05-24 14:00:00+00:00': 12011.602276051797, '2025-05-24 23:00:00+00:00': 12031.778196635823, '2025-05-25 23:00:00+00:00': 12096.778196635823, '2025-05-26 09:00:00+00:00': 12110.7138119175, '2025-05-26 16:00:00+00:00': 12126.673365565366, '2025-05-26 21:00:00+00:00': 12139.272166712391, '2025-05-27 02:00:00+00:00': 12176.682516495519, '2025-05-27 13:00:00+00:00': 12188.87317933351, '2025-05-27 15:00:00+00:00': 12205.490301732043, '2025-05-28 03:00:00+00:00': 12264.745562825956, '2025-05-28 15:00:00+00:00': 12315.438787098925, '2025-05-28 17:00:00+00:00': 12319.223768064672, '2025-05-28 20:00:00+00:00': 12325.361040760254, '2025-05-29 03:00:00+00:00': 12316.478620717742, '2025-05-29 06:00:00+00:00': 12333.089337662333, '2025-05-29 14:00:00+00:00': 12349.294463461072, '2025-05-29 17:00:00+00:00': 12360.368463209397, '2025-05-31 03:00:00+00:00': 12395.56338730817, '2025-06-01 23:00:00+00:00': 12370.368463209397, '2025-06-02 03:00:00+00:00': 12425.142695177496, '2025-06-02 05:00:00+00:00': 12420.142695177496, '2025-06-02 07:00:00+00:00': 12410.142695177496, '2025-06-03 02:00:00+00:00': 12398.418860645677, '2025-06-04 00:00:00+00:00': 12400.918860645677, '2025-06-04 04:00:00+00:00': 12378.418860645677, '2025-06-04 06:00:00+00:00': 12355.918860645677, '2025-06-05 03:00:00+00:00': 12365.918860645677, '2025-06-05 20:00:00+00:00': 12285.918860645677, '2025-06-05 21:00:00+00:00': 12630.918860645677, '2025-06-06 10:00:00+00:00': 12668.256230699566, '2025-06-06 15:00:00+00:00': 12563.256230699566, '2025-06-07 07:00:00+00:00': 12623.256230699566, '2025-06-07 20:00:00+00:00': 12720.756230699566, '2025-06-08 11:00:00+00:00': 12630.756230699566, '2025-06-08 16:00:00+00:00': 12603.256230699566, '2025-06-09 08:00:00+00:00': 12578.256230699566, '2025-06-09 18:00:00+00:00': 12655.756230699566, '2025-06-09 19:00:00+00:00': 12710.756230699566, '2025-06-09 21:00:00+00:00': 12670.756230699566, '2025-06-09 22:00:00+00:00': 12825.506230699566, '2025-06-11 19:00:00+00:00': 12810.506230699566, '2025-06-11 21:00:00+00:00': 12795.506230699566, '2025-06-11 23:00:00+00:00': 12743.006230699566, '2025-06-12 01:00:00+00:00': 12685.506230699566, '2025-06-12 21:00:00+00:00': 12728.006230699566, '2025-06-12 23:00:00+00:00': 12698.006230699566, '2025-06-13 00:00:00+00:00': 12703.006230699566, '2025-06-13 01:00:00+00:00': 12740.506230699566, '2025-06-13 17:00:00+00:00': 12655.506230699566, '2025-06-14 22:00:00+00:00': 12688.006230699566, '2025-06-15 02:00:00+00:00': 12683.006230699566, '2025-06-15 06:00:00+00:00': 12608.006230699566, '2025-06-15 18:00:00+00:00': 12595.506230699566, '2025-06-16 06:00:00+00:00': 12578.006230699566, '2025-06-16 15:00:00+00:00': 12470.506230699566, '2025-06-16 20:00:00+00:00': 12508.006230699566, '2025-06-17 10:00:00+00:00': 12520.506230699566, '2025-06-17 12:00:00+00:00': 12418.006230699566, '2025-06-17 15:00:00+00:00': 12450.506230699566, '2025-06-17 16:00:00+00:00': 12485.506230699566, '2025-06-17 17:00:00+00:00': 12458.006230699566, '2025-06-17 20:00:00+00:00': 12485.506230699566, '2025-06-19 01:00:00+00:00': 12443.006230699566, '2025-06-19 07:00:00+00:00': 12413.006230699566, '2025-06-19 08:00:00+00:00': 12425.506230699566, '2025-06-19 16:00:00+00:00': 12470.506230699566, '2025-06-20 09:00:00+00:00': 12250.756230699566, '2025-06-20 10:00:00+00:00': 12338.256230699566, '2025-06-20 12:00:00+00:00': 12383.006230699566, '2025-06-20 15:00:00+00:00': 12347.756230699566, '2025-06-21 16:00:00+00:00': 12560.006230699566, '2025-06-21 22:00:00+00:00': 12425.006230699566, '2025-06-22 14:00:00+00:00': 12677.256230699566, '2025-06-22 15:00:00+00:00': 12757.006230699566, '2025-06-23 00:00:00+00:00': 12657.006230699566, '2025-06-23 01:00:00+00:00': 12616.256230699566, '2025-06-23 05:00:00+00:00': 12606.256230699566, '2025-06-23 18:00:00+00:00': 12582.006230699566, '2025-06-23 19:00:00+00:00': 12522.006230699566, '2025-06-23 21:00:00+00:00': 12534.506230699566, '2025-06-24 00:00:00+00:00': 12524.006230699566, '2025-06-24 02:00:00+00:00': 12499.006230699566, '2025-06-24 05:00:00+00:00': 12473.256230699566, '2025-06-24 21:00:00+00:00': 12458.256230699566, '2025-06-25 11:00:00+00:00': 12483.756230699566, '2025-06-25 14:00:00+00:00': 12494.006230699566, '2025-06-25 16:00:00+00:00': 12444.506230699566, '2025-06-26 14:00:00+00:00': 12426.256230699566, '2025-06-27 00:00:00+00:00': 12411.256230699566, '2025-06-30 21:00:00+00:00': 12420.268524078994, '2025-06-30 23:00:00+00:00': 12436.76758716079, '2025-07-01 07:00:00+00:00': 12435.04002011074, '2025-07-01 11:00:00+00:00': 12441.491272940335, '2025-07-01 13:00:00+00:00': 12445.610168294352, '2025-07-01 18:00:00+00:00': 12425.176044340446, '2025-07-01 20:00:00+00:00': 12430.8307139079, '2025-07-02 00:00:00+00:00': 12442.28184874912, '2025-07-02 05:00:00+00:00': 12439.831686173442, '2025-07-02 08:00:00+00:00': 12424.571155494203, '2025-07-02 13:00:00+00:00': 12526.665829501535, '2025-07-02 14:00:00+00:00': 12520.907852059181, '2025-07-02 17:00:00+00:00': 12541.832386485517, '2025-07-02 20:00:00+00:00': 12519.356567964667, '2025-07-02 21:00:00+00:00': 12549.858600978256, '2025-07-03 00:00:00+00:00': 12557.769504316799, '2025-07-03 05:00:00+00:00': 12581.465060841725, '2025-07-03 07:00:00+00:00': 12602.049439917912, '2025-07-03 10:00:00+00:00': 12619.533032807843, '2025-07-03 14:00:00+00:00': 12575.3689949982, '2025-07-03 16:00:00+00:00': 12632.323127688796, '2025-07-03 17:00:00+00:00': 12626.74205333046, '2025-07-04 02:00:00+00:00': 12640.973676017577, '2025-07-04 05:00:00+00:00': 12668.258428521724, '2025-07-04 13:00:00+00:00': 12691.342384565109, '2025-07-04 16:00:00+00:00': 12686.541015273715, '2025-07-04 18:00:00+00:00': 12695.691349436653, '2025-07-05 23:00:00+00:00': 12663.524336263461, '2025-07-06 13:00:00+00:00': 12726.66892928424, '2025-07-06 21:00:00+00:00': 12720.529518497056, '2025-07-07 05:00:00+00:00': 12742.464761094916, '2025-07-07 08:00:00+00:00': 12744.84958149821, '2025-07-08 00:00:00+00:00': 12743.697305054504, '2025-07-08 01:00:00+00:00': 12742.464761094916, '2025-07-08 10:00:00+00:00': 12752.05661387947, '2025-07-08 13:00:00+00:00': 12716.679745559219, '2025-07-08 14:00:00+00:00': 12715.293281077835, '2025-07-08 17:00:00+00:00': 12735.268346317533, '2025-07-09 03:00:00+00:00': 12744.789704587174, '2025-07-09 05:00:00+00:00': 12751.86505894183, '2025-07-09 18:00:00+00:00': 12790.807960484011, '2025-07-09 20:00:00+00:00': 12846.794048498428, '2025-07-10 01:00:00+00:00': 12859.491240706533, '2025-07-10 02:00:00+00:00': 12863.373097294221, '2025-07-10 06:00:00+00:00': 12871.733721128468, '2025-07-10 08:00:00+00:00': 12877.493200687677, '2025-07-10 14:00:00+00:00': 12882.724853680387, '2025-07-10 18:00:00+00:00': 13003.159835913319, '2025-07-10 22:00:00+00:00': 13110.659835913319, '2025-07-11 06:00:00+00:00': 13138.853064182455, '2025-07-11 12:00:00+00:00': 13137.324439981094, '2025-07-11 16:00:00+00:00': 13188.933016155075, '2025-07-11 21:00:00+00:00': 13202.607796372347, '2025-07-12 01:00:00+00:00': 13206.317427729407, '2025-07-12 16:00:00+00:00': 13236.75241939806, '2025-07-12 21:00:00+00:00': 13253.644634626406, '2025-07-13 01:00:00+00:00': 13256.315897510249, '2025-07-13 11:00:00+00:00': 13262.16864924824, '2025-07-13 12:00:00+00:00': 13188.933016155075, '2025-07-13 22:00:00+00:00': 13246.606607781308, '2025-07-13 23:00:00+00:00': 13235.504451699906, '2025-07-14 00:00:00+00:00': 13257.786952419108, '2025-07-14 04:00:00+00:00': 13285.384981829427, '2025-07-14 07:00:00+00:00': 13285.384981829427, '2025-07-14 18:00:00+00:00': 13598.123425614081, '2025-07-15 02:00:00+00:00': 13401.884981829427, '2025-07-15 08:00:00+00:00': 13589.384981829427, '2025-07-16 16:00:00+00:00': 13515.671644757596, '2025-07-17 22:00:00+00:00': 13575.776509178058, '2025-07-18 01:00:00+00:00': 13580.87277834445, '2025-07-18 10:00:00+00:00': 13637.502320307205, '2025-07-18 17:00:00+00:00': 13595.671644757596, '2025-07-19 18:00:00+00:00': 13631.027382260947, '2025-07-20 13:00:00+00:00': 13648.740810062005, '2025-07-20 18:00:00+00:00': 13645.002320307205, '2025-07-22 01:00:00+00:00': 13660.123380752844, '2025-07-22 11:00:00+00:00': 13635.789151801573, '2025-07-22 19:00:00+00:00': 13640.123380752844, '2025-07-22 23:00:00+00:00': 13622.581996198956, '2025-07-23 08:00:00+00:00': 13751.581996198956, '2025-07-23 15:00:00+00:00': 13759.5618985444, '2025-07-24 06:00:00+00:00': 13717.581996198956, '2025-07-24 07:00:00+00:00': 13766.234522315164, '2025-07-24 12:00:00+00:00': 14032.364019588698, '2025-07-24 15:00:00+00:00': 14025.79312476757, '2025-07-24 16:00:00+00:00': 14046.935422813312, '2025-07-25 03:00:00+00:00': 14043.48836337768, '2025-07-25 04:00:00+00:00': 14031.529010248536, '2025-07-25 07:00:00+00:00': 14039.029010248536}]",317,COMPLETE
