number,value,datetime_start,datetime_complete,duration,params_CONVERGENCE_THRESHOLD,params_DAILY_LOSS_LIMIT,params_FIXED_TRADE_PCT,params_MAX_CONCURRENT_POSITIONS,params_MAX_DRAWDOWN_LIMIT,params_MAX_HOLD_HOURS,params_MAX_POSITION_PCT,params_MIN_DIV,params_MIN_TIME_BETWEEN_TRADES,params_STOP_LOSS_PCT,params_TAKE_PROFIT_PCT,params_TRAIL_PCT,user_attrs_cooldown_trades_pct,user_attrs_equity_curves,user_attrs_total_trades,state
21,356.37428834607283,2025-08-01 18:31:09.406518,2025-08-01 18:31:10.089621,0 days 00:00:00.683103,0.03,0.1,0.055,2,0.15,96,0.01,0.05,1.0,0.35,0.5,0.6,0.0,"[{'2025-05-01 00:00:00+00:00': 10000.0, '2025-05-01 02:00:00+00:00': 10041.276095375673, '2025-05-01 03:00:00+00:00': 10047.756476820994, '2025-05-01 06:00:00+00:00': 10060.69508747241, '2025-05-01 07:00:00+00:00': 10064.70860583328, '2025-05-01 11:00:00+00:00': 10075.5054284228, '2025-05-01 13:00:00+00:00': 10114.12874191142, '2025-05-01 15:00:00+00:00': 10107.747897946758, '2025-05-01 16:00:00+00:00': 10114.730212382981, '2025-05-02 01:00:00+00:00': 10118.626183307455, '2025-05-02 13:00:00+00:00': 10111.712721929027, '2025-05-02 15:00:00+00:00': 10124.794466090072, '2025-05-02 18:00:00+00:00': 10125.755543737003, '2025-05-02 20:00:00+00:00': 10131.820635144539, '2025-05-03 01:00:00+00:00': 10131.820635144539, '2025-05-03 23:00:00+00:00': 10135.781199290901, '2025-05-04 00:00:00+00:00': 10138.584116070979, '2025-05-04 03:00:00+00:00': 10138.584116070979, '2025-05-04 22:00:00+00:00': 10134.922083359043, '2025-05-05 00:00:00+00:00': 10149.999106986605, '2025-05-05 01:00:00+00:00': 10157.436178944525, '2025-05-05 02:00:00+00:00': 10169.95867224629, '2025-05-05 03:00:00+00:00': 10172.904254222482, '2025-05-05 10:00:00+00:00': 10177.81123025125, '2025-05-05 11:00:00+00:00': 10182.74105516938, '2025-05-05 14:00:00+00:00': 10185.513833883972, '2025-05-05 19:00:00+00:00': 10201.86921127982, '2025-05-05 23:00:00+00:00': 10213.449894649386, '2025-05-06 05:00:00+00:00': 10215.739753267884, '2025-05-06 10:00:00+00:00': 10213.417305423463, '2025-05-06 16:00:00+00:00': 10237.49561483007, '2025-05-06 17:00:00+00:00': 10241.322723594274, '2025-05-06 20:00:00+00:00': 10252.45484886877, '2025-05-06 21:00:00+00:00': 10256.879831552018, '2025-05-07 01:00:00+00:00': 10329.172179544554, '2025-05-07 02:00:00+00:00': 10350.533040351404, '2025-05-07 03:00:00+00:00': 10361.540874138562, '2025-05-07 17:00:00+00:00': 10391.45644195845, '2025-05-07 18:00:00+00:00': 10399.234184200921, '2025-05-07 19:00:00+00:00': 10402.042296296742, '2025-05-07 20:00:00+00:00': 10406.898102530044, '2025-05-07 23:00:00+00:00': 10435.99854352973, '2025-05-08 04:00:00+00:00': 10478.344663664018, '2025-05-08 13:00:00+00:00': 10383.746852637863, '2025-05-08 17:00:00+00:00': 10536.883610387149, '2025-05-08 21:00:00+00:00': 10569.777930392354, '2025-05-09 00:00:00+00:00': 10555.273077867028, '2025-05-09 03:00:00+00:00': 10588.781045697362, '2025-05-09 08:00:00+00:00': 10581.562056866791, '2025-05-09 09:00:00+00:00': 10606.565689915577, '2025-05-09 15:00:00+00:00': 10611.779178865181, '2025-05-09 18:00:00+00:00': 10617.76305195935, '2025-05-10 07:00:00+00:00': 10640.509356831273, '2025-05-10 08:00:00+00:00': 10628.807453394542, '2025-05-10 22:00:00+00:00': 10649.06369922435, '2025-05-11 01:00:00+00:00': 10651.672059572518, '2025-05-11 12:00:00+00:00': 10657.950195558835, '2025-05-12 12:00:00+00:00': 10663.36728015252, '2025-05-12 16:00:00+00:00': 10702.84824855553, '2025-05-12 19:00:00+00:00': 10720.705150324118, '2025-05-12 21:00:00+00:00': 10733.060903155043, '2025-05-13 01:00:00+00:00': 10738.76353172194, '2025-05-13 05:00:00+00:00': 10737.762459625135, '2025-05-13 20:00:00+00:00': 10745.041688453028, '2025-05-15 01:00:00+00:00': 10750.458059504, '2025-05-15 21:00:00+00:00': 10774.25415215297, '2025-05-16 11:00:00+00:00': 10780.453042345767, '2025-05-16 17:00:00+00:00': 10787.409580712478, '2025-05-17 04:00:00+00:00': 10799.610916409443, '2025-05-17 15:00:00+00:00': 10805.148938583161, '2025-05-18 15:00:00+00:00': 10831.80469186206, '2025-05-18 17:00:00+00:00': 10888.180224000536, '2025-05-18 18:00:00+00:00': 10876.254706046284, '2025-05-19 00:00:00+00:00': 10935.680224000536, '2025-05-19 01:00:00+00:00': 10920.758486806553, '2025-05-19 04:00:00+00:00': 10950.386762942073, '2025-05-19 08:00:00+00:00': 10969.914648788994, '2025-05-19 16:00:00+00:00': 11031.856999229165, '2025-05-19 18:00:00+00:00': 11036.820958004535, '2025-05-19 20:00:00+00:00': 11052.565557511685, '2025-05-20 02:00:00+00:00': 11090.065557511685, '2025-05-20 06:00:00+00:00': 11091.753811469442, '2025-05-20 08:00:00+00:00': 11115.970366189144, '2025-05-20 14:00:00+00:00': 11133.041657532682, '2025-05-20 16:00:00+00:00': 11142.428311034208, '2025-05-20 20:00:00+00:00': 11215.124072291781, '2025-05-20 23:00:00+00:00': 11265.124072291781, '2025-05-21 07:00:00+00:00': 11278.423733165522, '2025-05-21 08:00:00+00:00': 11287.839118559095, '2025-05-21 15:00:00+00:00': 11354.97966459288, '2025-05-21 18:00:00+00:00': 11385.381377632684, '2025-05-21 20:00:00+00:00': 11436.181370760703, '2025-05-21 21:00:00+00:00': 11420.213685519991, '2025-05-22 00:00:00+00:00': 11510.931370760703, '2025-05-22 01:00:00+00:00': 11522.718957255298, '2025-05-22 04:00:00+00:00': 11585.218957255298, '2025-05-22 07:00:00+00:00': 11602.960945063107, '2025-05-22 09:00:00+00:00': 11625.66461887755, '2025-05-22 14:00:00+00:00': 11639.642434555199, '2025-05-23 00:00:00+00:00': 11648.637903300792, '2025-05-23 07:00:00+00:00': 11658.308003237895, '2025-05-24 00:00:00+00:00': 11763.450809009091, '2025-05-24 08:00:00+00:00': 11785.91226651117, '2025-05-24 13:00:00+00:00': 11796.881150029692, '2025-05-24 23:00:00+00:00': 11813.673574324503, '2025-05-25 23:00:00+00:00': 11878.673574324503, '2025-05-26 09:00:00+00:00': 11890.270249042109, '2025-05-26 16:00:00+00:00': 11903.54881154341, '2025-05-26 21:00:00+00:00': 11914.029057319174, '2025-05-27 02:00:00+00:00': 11945.143681569698, '2025-05-27 13:00:00+00:00': 11955.277998438742, '2025-05-27 15:00:00+00:00': 11969.089981838955, '2025-05-28 07:00:00+00:00': 12025.366598640803, '2025-05-28 16:00:00+00:00': 12070.366598640803, '2025-05-28 17:00:00+00:00': 12070.366598640803, '2025-05-28 20:00:00+00:00': 12075.462367399929, '2025-05-29 03:00:00+00:00': 12068.087872533324, '2025-05-29 05:00:00+00:00': 12080.15616027134, '2025-05-29 14:00:00+00:00': 12093.607003889036, '2025-05-29 18:00:00+00:00': 12105.508760555755, '2025-05-31 03:00:00+00:00': 12111.384173521927, '2025-06-03 23:00:00+00:00': 12090.508760555755, '2025-06-04 04:00:00+00:00': 12047.58549652053, '2025-06-05 20:00:00+00:00': 11965.08549652053, '2025-06-05 21:00:00+00:00': 12082.58549652053, '2025-06-06 12:00:00+00:00': 12102.114412633066, '2025-06-08 16:00:00+00:00': 12165.120740122898, '2025-06-09 21:00:00+00:00': 12149.614412633066, '2025-06-09 22:00:00+00:00': 12267.114412633066, '2025-06-13 01:00:00+00:00': 12487.114412633066, '2025-06-13 16:00:00+00:00': 12332.114412633066, '2025-06-16 08:00:00+00:00': 12287.114412633066, '2025-06-16 20:00:00+00:00': 12222.114412633066, '2025-06-17 10:00:00+00:00': 12317.114412633066, '2025-06-17 17:00:00+00:00': 12297.114412633066, '2025-06-17 20:00:00+00:00': 12312.114412633066, '2025-06-18 18:00:00+00:00': 12164.614412633066, '2025-06-20 08:00:00+00:00': 12122.114412633066, '2025-06-20 10:00:00+00:00': 12112.364412633066, '2025-06-20 15:00:00+00:00': 12219.864412633066, '2025-06-21 20:00:00+00:00': 12354.614412633066, '2025-06-21 22:00:00+00:00': 12244.614412633066, '2025-06-22 01:00:00+00:00': 12442.614412633066, '2025-06-22 14:00:00+00:00': 12424.614412633066, '2025-06-22 15:00:00+00:00': 12659.864412633066, '2025-06-22 16:00:00+00:00': 12699.114412633066, '2025-06-23 01:00:00+00:00': 12555.364412633066, '2025-06-23 03:00:00+00:00': 12609.114412633066, '2025-06-23 07:00:00+00:00': 12545.364412633066, '2025-06-23 18:00:00+00:00': 12460.614412633066, '2025-06-23 19:00:00+00:00': 12485.364412633066, '2025-06-23 23:00:00+00:00': 12470.364412633066, '2025-06-24 05:00:00+00:00': 12424.614412633066, '2025-06-24 21:00:00+00:00': 12450.364412633066, '2025-06-25 11:00:00+00:00': 12450.114412633066, '2025-06-25 14:00:00+00:00': 12460.364412633066, '2025-06-25 16:00:00+00:00': 12410.864412633066, '2025-06-26 14:00:00+00:00': 12392.614412633066, '2025-06-27 00:00:00+00:00': 12377.614412633066, '2025-06-30 21:00:00+00:00': 12385.240199338736, '2025-06-30 22:00:00+00:00': 12399.207279855282, '2025-07-01 00:00:00+00:00': 12406.448386225386, '2025-07-01 02:00:00+00:00': 12401.280466049024, '2025-07-01 05:00:00+00:00': 12410.567932834927, '2025-07-01 18:00:00+00:00': 12396.643991248951, '2025-07-01 20:00:00+00:00': 12413.682368836942, '2025-07-02 00:00:00+00:00': 12423.367332778818, '2025-07-02 08:00:00+00:00': 12388.538782238767, '2025-07-02 14:00:00+00:00': 12425.345512844586, '2025-07-02 17:00:00+00:00': 12438.148511236694, '2025-07-02 18:00:00+00:00': 12439.243688756129, '2025-07-02 20:00:00+00:00': 12424.035198165344, '2025-07-02 21:00:00+00:00': 12445.988879888566, '2025-07-02 22:00:00+00:00': 12450.348715469221, '2025-07-03 00:00:00+00:00': 12461.86470287866, '2025-07-03 05:00:00+00:00': 12471.924757754592, '2025-07-03 07:00:00+00:00': 12489.233829267374, '2025-07-03 10:00:00+00:00': 12515.39046114344, '2025-07-03 14:00:00+00:00': 12500.686192828665, '2025-07-03 16:00:00+00:00': 12526.141713965315, '2025-07-03 17:00:00+00:00': 12521.451880761495, '2025-07-03 21:00:00+00:00': 12534.268584909458, '2025-07-04 05:00:00+00:00': 12563.843200597752, '2025-07-04 16:00:00+00:00': 12579.201498794211, '2025-07-04 18:00:00+00:00': 12582.852137548869, '2025-07-04 20:00:00+00:00': 12585.743827648064, '2025-07-04 23:00:00+00:00': 12593.427025413106, '2025-07-07 23:00:00+00:00': 12559.866040467645, '2025-07-08 01:00:00+00:00': 12604.731688975322, '2025-07-08 05:00:00+00:00': 12599.98430824423, '2025-07-08 14:00:00+00:00': 12621.436600323406, '2025-07-08 17:00:00+00:00': 12636.982316032254, '2025-07-09 03:00:00+00:00': 12645.782663560349, '2025-07-09 05:00:00+00:00': 12648.07780125781, '2025-07-09 16:00:00+00:00': 12599.98430824423, '2025-07-09 20:00:00+00:00': 12686.891992613675, '2025-07-09 21:00:00+00:00': 12678.178569556421, '2025-07-10 01:00:00+00:00': 12688.783387126732, '2025-07-10 02:00:00+00:00': 12692.024945083596, '2025-07-10 06:00:00+00:00': 12705.368892360653, '2025-07-10 08:00:00+00:00': 12710.180464148934, '2025-07-10 14:00:00+00:00': 12714.550710206797, '2025-07-10 18:00:00+00:00': 12830.7961152646, '2025-07-10 22:00:00+00:00': 12735.7961152646, '2025-07-10 23:00:00+00:00': 12928.764957448206, '2025-07-11 06:00:00+00:00': 12952.290215164709, '2025-07-11 12:00:00+00:00': 12957.554018820289, '2025-07-11 16:00:00+00:00': 12983.35504054452, '2025-07-12 09:00:00+00:00': 12958.829032023985, '2025-07-13 11:00:00+00:00': 12978.395750255415, '2025-07-13 12:00:00+00:00': 12977.01105021442, '2025-07-13 23:00:00+00:00': 12971.677840110653, '2025-07-14 03:00:00+00:00': 12966.294676374337, '2025-07-14 04:00:00+00:00': 12994.429612294825, '2025-07-14 07:00:00+00:00': 12994.429612294825, '2025-07-15 04:00:00+00:00': 13130.929612294825, '2025-07-15 15:00:00+00:00': 13338.429612294825, '2025-07-16 15:00:00+00:00': 13261.448466406906, '2025-07-17 21:00:00+00:00': 13271.448466406906, '2025-07-18 01:00:00+00:00': 13275.686511211523, '2025-07-19 18:00:00+00:00': 13475.475563387698, '2025-07-20 03:00:00+00:00': 13481.818182491046, '2025-07-20 10:00:00+00:00': 13483.980658825527, '2025-07-20 13:00:00+00:00': 13483.013613106954, '2025-07-21 02:00:00+00:00': 13490.390578426985, '2025-07-21 20:00:00+00:00': 13423.186511211523, '2025-07-22 01:00:00+00:00': 13498.789310523403, '2025-07-22 05:00:00+00:00': 13455.587673313144, '2025-07-22 11:00:00+00:00': 13448.789310523403, '2025-07-22 12:00:00+00:00': 13443.87039522821, '2025-07-23 11:00:00+00:00': 13585.910829028318, '2025-07-23 14:00:00+00:00': 13589.35953961978, '2025-07-24 07:00:00+00:00': 13594.930818467865, '2025-07-24 14:00:00+00:00': 13597.581404400484, '2025-07-25 03:00:00+00:00': 13551.37039522821, '2025-07-25 04:00:00+00:00': 13607.652055108661, '2025-07-25 07:00:00+00:00': 13637.652055108661}]",258,COMPLETE
