number,value,datetime_start,datetime_complete,duration,params_CONVERGENCE_THRESHOLD,params_DAILY_LOSS_LIMIT,params_FIXED_TRADE_PCT,params_MAX_CONCURRENT_POSITIONS,params_MAX_DRAWDOWN_LIMIT,params_MAX_HOLD_HOURS,params_MAX_POSITION_PCT,params_MIN_DIV,params_MIN_TIME_BETWEEN_TRADES,params_STOP_LOSS_PCT,params_TAKE_PROFIT_PCT,params_TRAIL_PCT,user_attrs_cooldown_trades_pct,user_attrs_equity_curves,user_attrs_total_trades,state
20,219.28912605983703,2025-08-01 18:31:08.587339,2025-08-01 18:31:09.400764,0 days 00:00:00.813425,0.03,0.15,0.055,3,0.2,48,0.01,0.045,1.0,0.35,0.45,0.65,0.0,"[{'2025-05-01 00:00:00+00:00': 10000.0, '2025-05-01 02:00:00+00:00': 10041.276095375673, '2025-05-01 03:00:00+00:00': 10047.756476820994, '2025-05-01 06:00:00+00:00': 10068.99061963857, '2025-05-01 07:00:00+00:00': 10073.007447340431, '2025-05-01 11:00:00+00:00': 10083.813172435028, '2025-05-01 13:00:00+00:00': 10133.702710472891, '2025-05-01 15:00:00+00:00': 10127.316605192198, '2025-05-01 16:00:00+00:00': 10135.83125060529, '2025-05-02 01:00:00+00:00': 10139.735366842237, '2025-05-02 13:00:00+00:00': 10120.050320614844, '2025-05-02 15:00:00+00:00': 10137.505938943328, '2025-05-02 18:00:00+00:00': 10138.468223203632, '2025-05-02 20:00:00+00:00': 10144.54092920967, '2025-05-03 01:00:00+00:00': 10144.54092920967, '2025-05-03 23:00:00+00:00': 10148.506465763503, '2025-05-04 00:00:00+00:00': 10151.312901548405, '2025-05-04 03:00:00+00:00': 10151.312901548405, '2025-05-04 22:00:00+00:00': 10150.49197481949, '2025-05-05 00:00:00+00:00': 10165.592160699263, '2025-05-05 01:00:00+00:00': 10171.017244738656, '2025-05-05 02:00:00+00:00': 10183.55648132115, '2025-05-05 03:00:00+00:00': 10186.50600170679, '2025-05-05 10:00:00+00:00': 10187.559490118727, '2025-05-05 11:00:00+00:00': 10192.493526522017, '2025-05-05 14:00:00+00:00': 10195.26867398532, '2025-05-05 19:00:00+00:00': 10231.301031051034, '2025-05-05 23:00:00+00:00': 10242.915124041789, '2025-05-06 05:00:00+00:00': 10245.21158877381, '2025-05-06 10:00:00+00:00': 10242.882440797777, '2025-05-06 16:00:00+00:00': 10267.030214774863, '2025-05-06 17:00:00+00:00': 10270.868364532935, '2025-05-06 20:00:00+00:00': 10282.032605363704, '2025-05-06 21:00:00+00:00': 10313.969685687245, '2025-05-07 00:00:00+00:00': 10309.53193717745, '2025-05-07 01:00:00+00:00': 10386.47059304404, '2025-05-07 02:00:00+00:00': 10391.357220776837, '2025-05-07 03:00:00+00:00': 10402.408471245135, '2025-05-07 17:00:00+00:00': 10437.25844243724, '2025-05-07 18:00:00+00:00': 10445.067687054836, '2025-05-07 19:00:00+00:00': 10447.887172914132, '2025-05-07 20:00:00+00:00': 10452.76264673537, '2025-05-07 23:00:00+00:00': 10489.466930256482, '2025-05-08 04:00:00+00:00': 10563.005762373496, '2025-05-08 09:00:00+00:00': 10594.397819468253, '2025-05-08 13:00:00+00:00': 10592.086071352085, '2025-05-08 17:00:00+00:00': 10630.61937584948, '2025-05-08 19:00:00+00:00': 10634.020060460482, '2025-05-08 21:00:00+00:00': 10648.65862898147, '2025-05-08 23:00:00+00:00': 10657.171667471606, '2025-05-09 00:00:00+00:00': 10659.90331928815, '2025-05-09 03:00:00+00:00': 10679.068468570444, '2025-05-09 08:00:00+00:00': 10671.787925544499, '2025-05-09 09:00:00+00:00': 10703.75741331115, '2025-05-09 11:00:00+00:00': 10704.904476616244, '2025-05-09 15:00:00+00:00': 10710.16630243499, '2025-05-09 18:00:00+00:00': 10716.205655015832, '2025-05-10 07:00:00+00:00': 10739.162852281057, '2025-05-10 08:00:00+00:00': 10727.352454632372, '2025-05-10 22:00:00+00:00': 10741.587231995849, '2025-05-11 01:00:00+00:00': 10744.218254872945, '2025-05-11 11:00:00+00:00': 10765.207714672722, '2025-05-11 12:00:00+00:00': 10755.050846693071, '2025-05-11 19:00:00+00:00': 10772.498864304134, '2025-05-12 02:00:00+00:00': 10791.748795979132, '2025-05-12 12:00:00+00:00': 10797.224101883417, '2025-05-12 16:00:00+00:00': 10837.129400695969, '2025-05-12 19:00:00+00:00': 10855.178223451987, '2025-05-12 21:00:00+00:00': 10867.666772459677, '2025-05-13 01:00:00+00:00': 10873.43069128396, '2025-05-13 05:00:00+00:00': 10877.082540099267, '2025-05-13 10:00:00+00:00': 10884.10807234471, '2025-05-13 20:00:00+00:00': 10891.961010274812, '2025-05-14 19:00:00+00:00': 10894.256094065027, '2025-05-15 01:00:00+00:00': 10899.737977734256, '2025-05-15 18:00:00+00:00': 10929.80834983846, '2025-05-15 21:00:00+00:00': 10934.648264285555, '2025-05-16 11:00:00+00:00': 10940.928360774738, '2025-05-16 14:00:00+00:00': 10949.036120501814, '2025-05-16 16:00:00+00:00': 10955.198420716615, '2025-05-17 04:00:00+00:00': 10969.399461421524, '2025-05-17 05:00:00+00:00': 10962.458919220084, '2025-05-17 15:00:00+00:00': 10979.78646193539, '2025-05-17 18:00:00+00:00': 10987.06723393571, '2025-05-17 21:00:00+00:00': 10991.927877840842, '2025-05-17 22:00:00+00:00': 10974.1712438159, '2025-05-18 01:00:00+00:00': 10996.775448654747, '2025-05-18 09:00:00+00:00': 11031.253982345257, '2025-05-18 15:00:00+00:00': 11019.260060744375, '2025-05-18 17:00:00+00:00': 11088.58636882533, '2025-05-18 18:00:00+00:00': 11076.462456351424, '2025-05-19 00:00:00+00:00': 11113.494771821712, '2025-05-19 01:00:00+00:00': 11160.994771821712, '2025-05-19 04:00:00+00:00': 11191.222589161887, '2025-05-19 08:00:00+00:00': 11211.145630371595, '2025-05-19 16:00:00+00:00': 11274.34141152884, '2025-05-19 18:00:00+00:00': 11279.405818194273, '2025-05-19 20:00:00+00:00': 11295.469016600398, '2025-05-20 02:00:00+00:00': 11332.969016600398, '2025-05-20 06:00:00+00:00': 11334.69131760241, '2025-05-20 08:00:00+00:00': 11359.396247963969, '2025-05-20 12:00:00+00:00': 11360.632346114118, '2025-05-20 14:00:00+00:00': 11378.049812791096, '2025-05-20 16:00:00+00:00': 11387.626810879941, '2025-05-20 20:00:00+00:00': 11506.79671248733, '2025-05-21 01:00:00+00:00': 11521.532181467684, '2025-05-21 07:00:00+00:00': 11523.967808782441, '2025-05-21 08:00:00+00:00': 11531.131431960112, '2025-05-21 15:00:00+00:00': 11599.60459158679, '2025-05-21 17:00:00+00:00': 11693.061706379878, '2025-05-21 18:00:00+00:00': 11657.538042676979, '2025-05-21 20:00:00+00:00': 11752.265715818581, '2025-05-21 21:00:00+00:00': 11700.038042676979, '2025-05-22 00:00:00+00:00': 11759.767184050908, '2025-05-22 01:00:00+00:00': 11771.789874322107, '2025-05-22 04:00:00+00:00': 11828.286546674432, '2025-05-22 07:00:00+00:00': 11846.371296252175, '2025-05-22 09:00:00+00:00': 11869.513587853133, '2025-05-22 14:00:00+00:00': 11883.761444345451, '2025-05-23 00:00:00+00:00': 11892.9306987357, '2025-05-23 07:00:00+00:00': 11902.787617681235, '2025-05-23 22:00:00+00:00': 11998.41987828814, '2025-05-24 00:00:00+00:00': 12009.208797564579, '2025-05-24 08:00:00+00:00': 12032.102755799317, '2025-05-24 13:00:00+00:00': 12043.282847791634, '2025-05-24 23:00:00+00:00': 12060.398614229754, '2025-05-25 23:00:00+00:00': 12125.398614229754, '2025-05-26 09:00:00+00:00': 12137.217363812873, '2025-05-26 16:00:00+00:00': 12150.750209119677, '2025-05-26 21:00:00+00:00': 12161.431150286826, '2025-05-27 02:00:00+00:00': 12193.141615687007, '2025-05-27 13:00:00+00:00': 12203.470003452283, '2025-05-27 15:00:00+00:00': 12217.546484601271, '2025-05-28 03:00:00+00:00': 12267.731503183528, '2025-05-28 15:00:00+00:00': 12310.633121947152, '2025-05-28 17:00:00+00:00': 12313.834315562164, '2025-05-28 20:00:00+00:00': 12319.024742754069, '2025-05-29 03:00:00+00:00': 12311.513260092373, '2025-05-29 05:00:00+00:00': 12323.805726998951, '2025-05-29 14:00:00+00:00': 12337.50643198921, '2025-05-29 17:00:00+00:00': 12346.867107745311, '2025-05-31 03:00:00+00:00': 12377.742520711483, '2025-06-01 23:00:00+00:00': 12356.867107745311, '2025-06-02 01:00:00+00:00': 12392.650734146258, '2025-06-02 04:00:00+00:00': 12351.637298931077, '2025-06-04 00:00:00+00:00': 12343.835875326828, '2025-06-04 02:00:00+00:00': 12318.835875326828, '2025-06-04 05:00:00+00:00': 12303.835875326828, '2025-06-05 20:00:00+00:00': 12461.191191805256, '2025-06-05 21:00:00+00:00': 12538.691191805256, '2025-06-06 10:00:00+00:00': 12420.481445844736, '2025-06-06 12:00:00+00:00': 12472.981445844736, '2025-06-07 20:00:00+00:00': 12536.854505303265, '2025-06-08 11:00:00+00:00': 12447.981445844736, '2025-06-08 13:00:00+00:00': 12452.981445844736, '2025-06-09 18:00:00+00:00': 12287.981445844736, '2025-06-09 22:00:00+00:00': 12405.481445844736, '2025-06-11 19:00:00+00:00': 12390.481445844736, '2025-06-11 20:00:00+00:00': 12380.481445844736, '2025-06-11 23:00:00+00:00': 12327.981445844736, '2025-06-12 20:00:00+00:00': 12280.481445844736, '2025-06-13 01:00:00+00:00': 12310.481445844736, '2025-06-13 16:00:00+00:00': 12225.481445844736, '2025-06-15 02:00:00+00:00': 12252.981445844736, '2025-06-15 04:00:00+00:00': 12237.981445844736, '2025-06-15 17:00:00+00:00': 12220.481445844736, '2025-06-16 15:00:00+00:00': 12145.481445844736, '2025-06-16 19:00:00+00:00': 12182.981445844736, '2025-06-16 21:00:00+00:00': 12090.481445844736, '2025-06-17 00:00:00+00:00': 12047.981445844736, '2025-06-17 10:00:00+00:00': 12022.981445844736, '2025-06-17 11:00:00+00:00': 12115.481445844736, '2025-06-17 16:00:00+00:00': 12110.481445844736, '2025-06-17 17:00:00+00:00': 12202.981445844736, '2025-06-18 19:00:00+00:00': 12107.981445844736, '2025-06-19 17:00:00+00:00': 12192.981445844736, '2025-06-19 18:00:00+00:00': 12137.981445844736, '2025-06-20 08:00:00+00:00': 12100.481445844736, '2025-06-20 10:00:00+00:00': 12005.731445844736, '2025-06-20 15:00:00+00:00': 12073.231445844736, '2025-06-21 20:00:00+00:00': 12207.981445844736, '2025-06-21 22:00:00+00:00': 12260.481445844736, '2025-06-22 01:00:00+00:00': 12453.231445844736, '2025-06-22 10:00:00+00:00': 12499.231445844736, '2025-06-22 14:00:00+00:00': 12515.731445844736, '2025-06-22 15:00:00+00:00': 12435.231445844736, '2025-06-22 16:00:00+00:00': 12528.731445844736, '2025-06-22 17:00:00+00:00': 12489.481445844736, '2025-06-23 01:00:00+00:00': 12384.981445844736, '2025-06-23 03:00:00+00:00': 12438.731445844736, '2025-06-23 05:00:00+00:00': 12374.981445844736, '2025-06-23 18:00:00+00:00': 12350.731445844736, '2025-06-23 19:00:00+00:00': 12290.731445844736, '2025-06-23 21:00:00+00:00': 12303.231445844736, '2025-06-23 23:00:00+00:00': 12289.981445844736, '2025-06-24 00:00:00+00:00': 12252.731445844736, '2025-06-24 05:00:00+00:00': 12244.231445844736, '2025-06-24 21:00:00+00:00': 12269.981445844736, '2025-06-25 11:00:00+00:00': 12269.731445844736, '2025-06-25 14:00:00+00:00': 12279.981445844736, '2025-06-25 16:00:00+00:00': 12230.481445844736, '2025-06-26 14:00:00+00:00': 12212.231445844736, '2025-06-27 00:00:00+00:00': 12197.231445844736, '2025-06-30 21:00:00+00:00': 12204.857232550406, '2025-06-30 22:00:00+00:00': 12218.824313066953, '2025-07-01 00:00:00+00:00': 12226.065419437056, '2025-07-01 02:00:00+00:00': 12220.897499260695, '2025-07-01 03:00:00+00:00': 12231.381687486064, '2025-07-01 05:00:00+00:00': 12229.24670644308, '2025-07-01 11:00:00+00:00': 12236.844816689298, '2025-07-01 13:00:00+00:00': 12240.332550197892, '2025-07-01 18:00:00+00:00': 12216.261024460622, '2025-07-01 20:00:00+00:00': 12227.81957233667, '2025-07-02 00:00:00+00:00': 12237.516175731746, '2025-07-02 02:00:00+00:00': 12237.516175731746, '2025-07-02 08:00:00+00:00': 12222.51858890239, '2025-07-02 13:00:00+00:00': 12292.201357956414, '2025-07-02 14:00:00+00:00': 12287.32353453682, '2025-07-02 17:00:00+00:00': 12305.048142838326, '2025-07-02 18:00:00+00:00': 12306.147065885007, '2025-07-02 20:00:00+00:00': 12286.009376924634, '2025-07-02 21:00:00+00:00': 12312.923957194316, '2025-07-02 22:00:00+00:00': 12317.30428256634, '2025-07-03 00:00:00+00:00': 12328.874391323945, '2025-07-03 05:00:00+00:00': 12338.981725144633, '2025-07-03 07:00:00+00:00': 12356.372143592982, '2025-07-03 10:00:00+00:00': 12382.651703024481, '2025-07-03 14:00:00+00:00': 12367.878329491308, '2025-07-03 16:00:00+00:00': 12393.453483193818, '2025-07-03 17:00:00+00:00': 12388.741609318484, '2025-07-03 21:00:00+00:00': 12401.618547754908, '2025-07-04 05:00:00+00:00': 12424.664588241933, '2025-07-04 12:00:00+00:00': 12447.13926916683, '2025-07-04 16:00:00+00:00': 12440.095065381838, '2025-07-04 18:00:00+00:00': 12450.80959183116, '2025-07-04 20:00:00+00:00': 12453.716873658417, '2025-07-04 23:00:00+00:00': 12461.44149852183, '2025-07-05 09:00:00+00:00': 12476.956251425405, '2025-07-05 23:00:00+00:00': 12420.668736769045, '2025-07-06 13:00:00+00:00': 12480.32144637737, '2025-07-07 01:00:00+00:00': 12472.807115794174, '2025-07-07 02:00:00+00:00': 12491.584515241871, '2025-07-07 05:00:00+00:00': 12495.377849414699, '2025-07-07 08:00:00+00:00': 12497.389822857796, '2025-07-07 19:00:00+00:00': 12504.685890292265, '2025-07-07 21:00:00+00:00': 12508.598867660601, '2025-07-08 00:00:00+00:00': 12494.707549444189, '2025-07-08 01:00:00+00:00': 12491.584515241871, '2025-07-08 05:00:00+00:00': 12503.464062840692, '2025-07-08 10:00:00+00:00': 12531.326605724871, '2025-07-08 12:00:00+00:00': 12532.496994658097, '2025-07-08 14:00:00+00:00': 12526.338985188067, '2025-07-08 17:00:00+00:00': 12548.182005443266, '2025-07-09 03:00:00+00:00': 12554.804296136432, '2025-07-09 05:00:00+00:00': 12560.772817316845, '2025-07-09 16:00:00+00:00': 12503.464062840692, '2025-07-09 18:00:00+00:00': 12593.614175282817, '2025-07-09 20:00:00+00:00': 12605.797417403273, '2025-07-09 21:00:00+00:00': 12632.422251565444, '2025-07-10 01:00:00+00:00': 12643.165672325722, '2025-07-10 02:00:00+00:00': 12646.449596902314, '2025-07-10 06:00:00+00:00': 12659.967947335961, '2025-07-10 08:00:00+00:00': 12664.842405561862, '2025-07-10 14:00:00+00:00': 12669.269770003943, '2025-07-10 18:00:00+00:00': 12785.792848948508, '2025-07-10 19:00:00+00:00': 12790.975841375483, '2025-07-10 22:00:00+00:00': 12898.475841375483, '2025-07-10 23:00:00+00:00': 12906.633790809645, '2025-07-11 06:00:00+00:00': 12930.511892926084, '2025-07-11 12:00:00+00:00': 12935.854645924734, '2025-07-11 16:00:00+00:00': 12962.042645174897, '2025-07-11 21:00:00+00:00': 12967.176737822892, '2025-07-12 01:00:00+00:00': 12970.31565799073, '2025-07-12 09:00:00+00:00': 12937.14878245852, '2025-07-12 16:00:00+00:00': 12975.125269456312, '2025-07-12 21:00:00+00:00': 12990.80020113048, '2025-07-13 01:00:00+00:00': 12993.055867564704, '2025-07-13 10:00:00+00:00': 12997.997857532138, '2025-07-13 11:00:00+00:00': 12976.532658808224, '2025-07-13 12:00:00+00:00': 12955.603504284143, '2025-07-13 22:00:00+00:00': 13000.503931540085, '2025-07-13 23:00:00+00:00': 12991.153213167032, '2025-07-14 00:00:00+00:00': 13009.912660224727, '2025-07-14 03:00:00+00:00': 12985.668495369348, '2025-07-14 04:00:00+00:00': 13033.133889208797, '2025-07-14 07:00:00+00:00': 13033.133889208797, '2025-07-14 18:00:00+00:00': 13357.001964331579, '2025-07-15 02:00:00+00:00': 13149.633889208797, '2025-07-15 08:00:00+00:00': 13349.633889208797, '2025-07-16 16:00:00+00:00': 13300.553209847936, '2025-07-17 03:00:00+00:00': 13373.053209847936, '2025-07-17 21:00:00+00:00': 13306.785046359908, '2025-07-18 01:00:00+00:00': 13311.107012867371, '2025-07-18 09:00:00+00:00': 13460.153859388534, '2025-07-19 18:00:00+00:00': 13456.141367165552, '2025-07-20 00:00:00+00:00': 13413.607012867371, '2025-07-20 03:00:00+00:00': 13466.618149234966, '2025-07-20 10:00:00+00:00': 13513.842338421977, '2025-07-20 13:00:00+00:00': 13512.847695106671, '2025-07-21 02:00:00+00:00': 13520.43518461402, '2025-07-22 01:00:00+00:00': 13529.07360012664, '2025-07-22 05:00:00+00:00': 13486.000743593784, '2025-07-22 11:00:00+00:00': 13479.07360012664, '2025-07-22 12:00:00+00:00': 13474.061506331947, '2025-07-23 11:00:00+00:00': 13569.259192233298, '2025-07-23 14:00:00+00:00': 13572.77352656, '2025-07-24 07:00:00+00:00': 13578.45081840001, '2025-07-24 12:00:00+00:00': 13788.651840965354, '2025-07-24 14:00:00+00:00': 13581.151840965354, '2025-07-24 15:00:00+00:00': 13843.079234629657, '2025-07-25 03:00:00+00:00': 13850.65992651962, '2025-07-25 04:00:00+00:00': 13840.532319455033, '2025-07-25 07:00:00+00:00': 13865.532319455033}]",360,COMPLETE
