number,value,datetime_start,datetime_complete,duration,params_CONVERGENCE_THRESHOLD,params_DAILY_LOSS_LIMIT,params_FIXED_TRADE_PCT,params_MAX_CONCURRENT_POSITIONS,params_MAX_DRAWDOWN_LIMIT,params_MAX_HOLD_HOURS,params_MAX_POSITION_PCT,params_MIN_DIV,params_MIN_TIME_BETWEEN_TRADES,params_STOP_LOSS_PCT,params_TAKE_PROFIT_PCT,params_TRAIL_PCT,user_attrs_cooldown_trades_pct,user_attrs_equity_curves,user_attrs_total_trades,state
45,311.6832921557874,2025-08-01 18:31:27.784255,2025-08-01 18:31:28.520616,0 days 00:00:00.736361,0.03,0.05,0.065,2,0.15,72,0.01,0.04,1.0,0.25,0.5,0.6,0.6622516556291391,"[{'2025-05-01 00:00:00+00:00': 10000.0, '2025-05-01 02:00:00+00:00': 10048.780839989433, '2025-05-01 03:00:00+00:00': 10056.44138272142, '2025-05-01 06:00:00+00:00': 10073.134049820794, '2025-05-01 07:00:00+00:00': 10077.883163307544, '2025-05-01 11:00:00+00:00': 10090.65974704904, '2025-05-01 13:00:00+00:00': 10134.62744627089, '2025-05-01 15:00:00+00:00': 10127.076078186305, '2025-05-01 16:00:00+00:00': 10135.338300723764, '2025-05-02 01:00:00+00:00': 10139.949011643854, '2025-05-02 05:00:00+00:00': 10142.218223570684, '2025-05-02 09:00:00+00:00': 10145.649406665418, '2025-05-02 13:00:00+00:00': 10133.506196891069, '2025-05-02 15:00:00+00:00': 10143.01309149474, '2025-05-02 18:00:00+00:00': 10144.150954332677, '2025-05-02 20:00:00+00:00': 10151.331811403841, '2025-05-03 01:00:00+00:00': 10151.331811403841, '2025-05-03 23:00:00+00:00': 10156.02149183428, '2025-05-04 00:00:00+00:00': 10159.340644703629, '2025-05-04 03:00:00+00:00': 10159.340644703629, '2025-05-04 08:00:00+00:00': 10159.340644703629, '2025-05-04 22:00:00+00:00': 10154.228983450857, '2025-05-05 00:00:00+00:00': 10172.081227741992, '2025-05-05 01:00:00+00:00': 10178.49678336753, '2025-05-05 02:00:00+00:00': 10193.32677877995, '2025-05-05 03:00:00+00:00': 10196.815919939001, '2025-05-05 10:00:00+00:00': 10198.062211814215, '2025-05-05 11:00:00+00:00': 10203.899247525047, '2025-05-05 14:00:00+00:00': 10207.182575697052, '2025-05-05 19:00:00+00:00': 10209.404788680065, '2025-05-05 23:00:00+00:00': 10242.502396159347, '2025-05-06 07:00:00+00:00': 10244.908455636423, '2025-05-06 10:00:00+00:00': 10240.063248661212, '2025-05-06 16:00:00+00:00': 10281.78317828706, '2025-05-06 17:00:00+00:00': 10286.32569134546, '2025-05-06 20:00:00+00:00': 10299.539650846154, '2025-05-06 21:00:00+00:00': 10318.013741174698, '2025-05-07 00:00:00+00:00': 10339.238294567853, '2025-05-07 01:00:00+00:00': 10348.472501805745, '2025-05-07 02:00:00+00:00': 10350.9307682919, '2025-05-07 03:00:00+00:00': 10350.9307682919, '2025-05-07 17:00:00+00:00': 10372.286759514944, '2025-05-07 18:00:00+00:00': 10381.474999754151, '2025-05-07 19:00:00+00:00': 10384.7928166576, '2025-05-07 20:00:00+00:00': 10390.530290058476, '2025-05-07 23:00:00+00:00': 10394.130870186915, '2025-05-08 04:00:00+00:00': 10444.047488670674, '2025-05-08 13:00:00+00:00': 10371.079630892746, '2025-05-08 17:00:00+00:00': 10502.368303500392, '2025-05-08 19:00:00+00:00': 10506.343726501276, '2025-05-08 21:00:00+00:00': 10523.457305773281, '2025-05-08 23:00:00+00:00': 10533.41217073677, '2025-05-09 00:00:00+00:00': 10536.60693773791, '2025-05-09 03:00:00+00:00': 10559.02232715866, '2025-05-09 08:00:00+00:00': 10550.507068304305, '2025-05-09 09:00:00+00:00': 10587.90612421053, '2025-05-09 11:00:00+00:00': 10589.248719702184, '2025-05-09 15:00:00+00:00': 10595.407613656897, '2025-05-09 18:00:00+00:00': 10602.477223318148, '2025-05-10 07:00:00+00:00': 10629.353457441295, '2025-05-10 08:00:00+00:00': 10615.526899755425, '2025-05-10 22:00:00+00:00': 10632.192807618809, '2025-05-11 01:00:00+00:00': 10635.274297612246, '2025-05-11 11:00:00+00:00': 10659.858534646539, '2025-05-11 12:00:00+00:00': 10647.962142251514, '2025-05-11 19:00:00+00:00': 10668.401436449421, '2025-05-12 02:00:00+00:00': 10690.958992057927, '2025-05-12 09:00:00+00:00': 10699.679275711314, '2025-05-12 12:00:00+00:00': 10706.10061540384, '2025-05-12 16:00:00+00:00': 10751.10061540384, '2025-05-12 19:00:00+00:00': 10772.280543296234, '2025-05-12 21:00:00+00:00': 10786.940040786401, '2025-05-13 01:00:00+00:00': 10793.70734730767, '2025-05-13 05:00:00+00:00': 10792.519260841542, '2025-05-13 10:00:00+00:00': 10802.83113694534, '2025-05-13 20:00:00+00:00': 10812.050742688503, '2025-05-14 12:00:00+00:00': 10814.392717077944, '2025-05-14 19:00:00+00:00': 10817.0881585307, '2025-05-14 22:00:00+00:00': 10820.616298994682, '2025-05-15 01:00:00+00:00': 10827.056799071283, '2025-05-15 13:00:00+00:00': 10835.511446046003, '2025-05-15 21:00:00+00:00': 10863.831619799344, '2025-05-16 00:00:00+00:00': 10870.002660510645, '2025-05-16 11:00:00+00:00': 10877.387233877078, '2025-05-16 14:00:00+00:00': 10886.921897262868, '2025-05-16 16:00:00+00:00': 10894.169692555359, '2025-05-17 05:00:00+00:00': 10902.710009705119, '2025-05-17 09:00:00+00:00': 10902.710009705119, '2025-05-17 22:00:00+00:00': 10905.107395292564, '2025-05-18 01:00:00+00:00': 10910.796078339994, '2025-05-18 15:00:00+00:00': 10937.184161391853, '2025-05-18 18:00:00+00:00': 10939.282101174686, '2025-05-19 00:00:00+00:00': 10965.373487909903, '2025-05-19 01:00:00+00:00': 10997.624204804475, '2025-05-19 02:00:00+00:00': 10995.153432126024, '2025-05-19 04:00:00+00:00': 11030.376587013143, '2025-05-19 08:00:00+00:00': 11035.549795484832, '2025-05-19 16:00:00+00:00': 11100.381427604092, '2025-05-19 18:00:00+00:00': 11106.27928680206, '2025-05-19 20:00:00+00:00': 11124.987545435984, '2025-05-20 02:00:00+00:00': 11140.349063044134, '2025-05-20 06:00:00+00:00': 11142.351601011726, '2025-05-20 08:00:00+00:00': 11171.077085169743, '2025-05-20 12:00:00+00:00': 11172.514918903946, '2025-05-20 14:00:00+00:00': 11192.775379142746, '2025-05-20 16:00:00+00:00': 11203.91870377254, '2025-05-20 20:00:00+00:00': 11283.91870377254, '2025-05-21 07:00:00+00:00': 11303.835235667912, '2025-05-21 08:00:00+00:00': 11333.456116479272, '2025-05-21 15:00:00+00:00': 11372.0028231698, '2025-05-21 18:00:00+00:00': 11369.802317690757, '2025-05-21 21:00:00+00:00': 11422.302317690757, '2025-05-22 00:00:00+00:00': 11430.925702424918, '2025-05-22 01:00:00+00:00': 11444.748106876463, '2025-05-22 04:00:00+00:00': 11496.607201097142, '2025-05-22 07:00:00+00:00': 11517.397348300085, '2025-05-22 09:00:00+00:00': 11542.397348300085, '2025-05-22 14:00:00+00:00': 11558.784701446228, '2025-05-23 00:00:00+00:00': 11569.33313852975, '2025-05-23 07:00:00+00:00': 11580.674266569706, '2025-05-24 00:00:00+00:00': 11704.004724698027, '2025-05-24 08:00:00+00:00': 11730.394392229598, '2025-05-24 13:00:00+00:00': 11743.286053019658, '2025-05-24 23:00:00+00:00': 11763.025421686549, '2025-05-25 19:00:00+00:00': 11771.269723349298, '2025-05-25 23:00:00+00:00': 11836.269723349298, '2025-05-26 01:00:00+00:00': 11846.160303132785, '2025-05-26 09:00:00+00:00': 11859.8169357039, '2025-05-26 16:00:00+00:00': 11875.456988601636, '2025-05-26 21:00:00+00:00': 11887.803569260166, '2025-05-27 02:00:00+00:00': 11924.464986141906, '2025-05-27 04:00:00+00:00': 11938.563006245337, '2025-05-27 08:00:00+00:00': 11955.24978634891, '2025-05-27 13:00:00+00:00': 11967.227266077425, '2025-05-27 15:00:00+00:00': 11983.553798056839, '2025-05-28 07:00:00+00:00': 12050.089843880693, '2025-05-28 16:00:00+00:00': 12095.089843880693, '2025-05-28 17:00:00+00:00': 12095.089843880693, '2025-05-28 20:00:00+00:00': 12101.11968754189, '2025-05-29 01:00:00+00:00': 12093.847238409342, '2025-05-29 05:00:00+00:00': 12100.603641379972, '2025-05-29 14:00:00+00:00': 12116.51443597873, '2025-05-29 18:00:00+00:00': 12130.595686594139, '2025-05-31 03:00:00+00:00': 12150.266629190524, '2025-06-02 23:00:00+00:00': 12085.266629190524, '2025-06-05 21:00:00+00:00': 12260.266629190524, '2025-06-06 08:00:00+00:00': 12322.766629190524, '2025-06-06 14:00:00+00:00': 12360.266629190524, '2025-06-07 20:00:00+00:00': 12317.766629190524, '2025-06-09 09:00:00+00:00': 12365.266629190524, '2025-06-09 12:00:00+00:00': 12277.766629190524, '2025-06-09 18:00:00+00:00': 12202.766629190524, '2025-06-09 23:00:00+00:00': 12260.266629190524, '2025-06-11 16:00:00+00:00': 12240.266629190524, '2025-06-12 21:00:00+00:00': 12330.266629190524, '2025-06-13 00:00:00+00:00': 12250.266629190524, '2025-06-13 01:00:00+00:00': 12367.766629190524, '2025-06-14 00:00:00+00:00': 12282.766629190524, '2025-06-14 10:00:00+00:00': 12240.266629190524, '2025-06-14 11:00:00+00:00': 12312.766629190524, '2025-06-16 06:00:00+00:00': 12225.266629190524, '2025-06-16 08:00:00+00:00': 12145.266629190524, '2025-06-16 17:00:00+00:00': 12120.266629190524, '2025-06-16 19:00:00+00:00': 12067.766629190524, '2025-06-17 08:00:00+00:00': 12067.766629190524, '2025-06-17 16:00:00+00:00': 12162.766629190524, '2025-06-18 04:00:00+00:00': 12065.266629190524, '2025-06-19 07:00:00+00:00': 12152.766629190524, '2025-06-19 08:00:00+00:00': 12055.266629190524, '2025-06-20 09:00:00+00:00': 11997.766629190524, '2025-06-20 15:00:00+00:00': 11992.766629190524, '2025-06-21 20:00:00+00:00': 12127.516629190524, '2025-06-21 22:00:00+00:00': 12017.516629190524, '2025-06-22 01:00:00+00:00': 12215.516629190524, '2025-06-22 14:00:00+00:00': 12197.516629190524, '2025-06-22 15:00:00+00:00': 12432.766629190524, '2025-06-22 16:00:00+00:00': 12472.016629190524, '2025-06-22 23:00:00+00:00': 12364.016629190524, '2025-06-23 00:00:00+00:00': 12402.016629190524, '2025-06-23 02:00:00+00:00': 12341.266629190524, '2025-06-23 09:00:00+00:00': 12291.266629190524, '2025-06-23 14:00:00+00:00': 12277.016629190524, '2025-06-23 19:00:00+00:00': 12233.266629190524, '2025-06-23 23:00:00+00:00': 12193.266629190524, '2025-06-24 00:00:00+00:00': 12182.766629190524, '2025-06-24 03:00:00+00:00': 12145.016629190524, '2025-06-24 17:00:00+00:00': 12167.766629190524, '2025-06-25 01:00:00+00:00': 12121.016629190524, '2025-06-25 09:00:00+00:00': 12131.016629190524, '2025-06-25 14:00:00+00:00': 12167.766629190524, '2025-06-25 16:00:00+00:00': 12128.516629190524, '2025-06-26 13:00:00+00:00': 12115.516629190524, '2025-06-27 00:00:00+00:00': 12103.516629190524, '2025-06-30 21:00:00+00:00': 12112.528922569953, '2025-06-30 22:00:00+00:00': 12129.035472271324, '2025-07-01 00:00:00+00:00': 12137.59432905868, '2025-07-01 02:00:00+00:00': 12131.485112823735, '2025-07-01 05:00:00+00:00': 12142.46787162688, '2025-07-01 18:00:00+00:00': 12126.002777582271, '2025-07-01 20:00:00+00:00': 12146.150312038002, '2025-07-02 00:00:00+00:00': 12157.604119183197, '2025-07-02 08:00:00+00:00': 12117.604119183197, '2025-07-02 14:00:00+00:00': 12161.116726825941, '2025-07-02 17:00:00+00:00': 12182.647964084435, '2025-07-02 18:00:00+00:00': 12183.943830866217, '2025-07-02 20:00:00+00:00': 12159.56768382245, '2025-07-02 21:00:00+00:00': 12191.930313535604, '2025-07-02 22:00:00+00:00': 12197.093101648146, '2025-07-03 00:00:00+00:00': 12210.731065906353, '2025-07-03 05:00:00+00:00': 12222.64729599824, '2025-07-03 07:00:00+00:00': 12243.151948952338, '2025-07-03 10:00:00+00:00': 12274.149979915546, '2025-07-03 14:00:00+00:00': 12256.72406029897, '2025-07-03 16:00:00+00:00': 12286.895713893357, '2025-07-03 17:00:00+00:00': 12281.335219982175, '2025-07-03 21:00:00+00:00': 12296.532136682912, '2025-07-04 05:00:00+00:00': 12310.244752350693, '2025-07-04 16:00:00+00:00': 12328.4617452712, '2025-07-04 18:00:00+00:00': 12332.793078660341, '2025-07-04 20:00:00+00:00': 12336.224174254956, '2025-07-04 23:00:00+00:00': 12345.341038876157, '2025-07-06 23:00:00+00:00': 12305.527644956444, '2025-07-08 01:00:00+00:00': 12358.756965295946, '2025-07-08 05:00:00+00:00': 12390.92298296211, '2025-07-08 14:00:00+00:00': 12416.34540798216, '2025-07-08 17:00:00+00:00': 12434.775149666491, '2025-07-09 03:00:00+00:00': 12445.211002056694, '2025-07-09 05:00:00+00:00': 12447.933104651103, '2025-07-09 16:00:00+00:00': 12390.92298296211, '2025-07-09 20:00:00+00:00': 12418.9697768847, '2025-07-09 21:00:00+00:00': 12450.049495261881, '2025-07-10 01:00:00+00:00': 12462.638392813851, '2025-07-10 02:00:00+00:00': 12466.487140953826, '2025-07-10 06:00:00+00:00': 12482.331505779832, '2025-07-10 08:00:00+00:00': 12488.046022367169, '2025-07-10 14:00:00+00:00': 12493.236833012244, '2025-07-10 18:00:00+00:00': 12613.473250013903, '2025-07-10 22:00:00+00:00': 12518.473250013903, '2025-07-10 23:00:00+00:00': 12712.942123568871, '2025-07-11 06:00:00+00:00': 12740.898256995004, '2025-07-11 12:00:00+00:00': 12747.15600437589, '2025-07-11 16:00:00+00:00': 12777.15600437589, '2025-07-12 09:00:00+00:00': 12748.67177340112, '2025-07-13 11:00:00+00:00': 12771.302944824, '2025-07-13 12:00:00+00:00': 12769.65600437589, '2025-07-13 23:00:00+00:00': 12763.31341376806, '2025-07-14 00:00:00+00:00': 12774.287434765303, '2025-07-14 03:00:00+00:00': 12756.911280824379, '2025-07-14 04:00:00+00:00': 12801.376166288606, '2025-07-14 07:00:00+00:00': 12833.356881220066, '2025-07-15 04:00:00+00:00': 12969.856881220066, '2025-07-15 15:00:00+00:00': 13177.356881220066, '2025-07-16 09:00:00+00:00': 13107.11222366929, '2025-07-16 16:00:00+00:00': 13159.61222366929, '2025-07-17 21:00:00+00:00': 13119.11222366929, '2025-07-18 01:00:00+00:00': 13124.176803711294, '2025-07-19 18:00:00+00:00': 13301.668076610467, '2025-07-20 03:00:00+00:00': 13309.254797787664, '2025-07-20 10:00:00+00:00': 13311.841715193985, '2025-07-20 13:00:00+00:00': 13310.684820611626, '2025-07-21 00:00:00+00:00': 13239.176803711294, '2025-07-21 02:00:00+00:00': 13319.509878320521, '2025-07-21 07:00:00+00:00': 13264.509878320521, '2025-07-22 01:00:00+00:00': 13274.662601864411, '2025-07-22 05:00:00+00:00': 13285.233131931089, '2025-07-22 11:00:00+00:00': 13277.093448141499, '2025-07-22 23:00:00+00:00': 13263.972569681551, '2025-07-23 00:00:00+00:00': 13277.162601864411, '2025-07-23 11:00:00+00:00': 13305.722569681551, '2025-07-23 14:00:00+00:00': 13424.83555190481, '2025-07-24 03:00:00+00:00': 13418.624142938987, '2025-07-24 07:00:00+00:00': 13438.86509949175, '2025-07-24 08:00:00+00:00': 13408.86509949175, '2025-07-24 14:00:00+00:00': 13482.052742128213, '2025-07-25 04:00:00+00:00': 13494.164414253532, '2025-07-25 07:00:00+00:00': 13519.164414253532}]",300,COMPLETE
