number,value,datetime_start,datetime_complete,duration,params_CONVERGENCE_THRESHOLD,params_DAILY_LOSS_LIMIT,params_FIXED_TRADE_PCT,params_MAX_CONCURRENT_POSITIONS,params_MAX_DRAWDOWN_LIMIT,params_MAX_HOLD_HOURS,params_MAX_POSITION_PCT,params_MIN_DIV,params_MIN_TIME_BETWEEN_TRADES,params_STOP_LOSS_PCT,params_TAKE_PROFIT_PCT,params_TRAIL_PCT,user_attrs_cooldown_trades_pct,user_attrs_equity_curves,user_attrs_total_trades,state
9,131.746362687092,2025-08-01 18:30:59.952098,2025-08-01 18:31:00.742043,0 days 00:00:00.789945,0.03,0.05,0.055,4,0.25,48,0.015,0.05,2.0,0.25,0.55,0.55,0.3115264797507788,"[{'2025-05-01 00:00:00+00:00': 10000.0, '2025-05-01 03:00:00+00:00': 10034.01137286211, '2025-05-01 06:00:00+00:00': 10039.820249663979, '2025-05-01 07:00:00+00:00': 10043.825440414868, '2025-05-01 13:00:00+00:00': 10082.366031154395, '2025-05-01 16:00:00+00:00': 10100.916937796079, '2025-05-02 01:00:00+00:00': 10104.80759807858, '2025-05-02 13:00:00+00:00': 10079.957607762031, '2025-05-02 15:00:00+00:00': 10104.80759807858, '2025-05-02 18:00:00+00:00': 10105.766465958657, '2025-05-02 20:00:00+00:00': 10111.817612147515, '2025-05-03 01:00:00+00:00': 10111.817612147515, '2025-05-03 23:00:00+00:00': 10115.769069929374, '2025-05-04 00:00:00+00:00': 10118.565542076583, '2025-05-04 03:00:00+00:00': 10120.056367928664, '2025-05-04 22:00:00+00:00': 10118.82588693373, '2025-05-05 00:00:00+00:00': 10133.874067096796, '2025-05-05 01:00:00+00:00': 10141.296911384437, '2025-05-05 03:00:00+00:00': 10144.23323822274, '2025-05-05 10:00:00+00:00': 10149.124796334056, '2025-05-05 11:00:00+00:00': 10154.039131542595, '2025-05-05 14:00:00+00:00': 10156.803198074147, '2025-05-05 19:00:00+00:00': 10161.637896103422, '2025-05-05 23:00:00+00:00': 10168.64350055208, '2025-05-06 05:00:00+00:00': 10170.922575347524, '2025-05-06 10:00:00+00:00': 10168.611064801327, '2025-05-06 16:00:00+00:00': 10192.575980207987, '2025-05-06 17:00:00+00:00': 10196.385065648225, '2025-05-06 20:00:00+00:00': 10206.998277839244, '2025-05-06 21:00:00+00:00': 10211.402220243666, '2025-05-07 01:00:00+00:00': 10283.350826516169, '2025-05-07 02:00:00+00:00': 10288.187299066563, '2025-05-07 03:00:00+00:00': 10299.125326146923, '2025-05-07 17:00:00+00:00': 10337.964432362662, '2025-05-07 18:00:00+00:00': 10345.699687323062, '2025-05-07 20:00:00+00:00': 10350.527661371727, '2025-05-07 23:00:00+00:00': 10357.94070483798, '2025-05-08 04:00:00+00:00': 10430.559727588568, '2025-05-08 09:00:00+00:00': 10460.701546503167, '2025-05-08 13:00:00+00:00': 10321.190484366754, '2025-05-08 17:00:00+00:00': 10498.744888880989, '2025-05-08 21:00:00+00:00': 10531.509867307313, '2025-05-09 00:00:00+00:00': 10517.062048352731, '2025-05-09 08:00:00+00:00': 10543.247658197864, '2025-05-09 09:00:00+00:00': 10560.950295440787, '2025-05-09 15:00:00+00:00': 10566.139744412181, '2025-05-09 18:00:00+00:00': 10572.096025201046, '2025-05-10 08:00:00+00:00': 10583.089499671129, '2025-05-10 22:00:00+00:00': 10591.595032777677, '2025-05-11 01:00:00+00:00': 10594.188510367854, '2025-05-11 12:00:00+00:00': 10600.430824624791, '2025-05-12 12:00:00+00:00': 10605.81700046805, '2025-05-12 16:00:00+00:00': 10645.07269873214, '2025-05-12 19:00:00+00:00': 10662.827712758231, '2025-05-12 21:00:00+00:00': 10675.112966250632, '2025-05-13 01:00:00+00:00': 10680.78305681298, '2025-05-13 05:00:00+00:00': 10679.78769662395, '2025-05-13 20:00:00+00:00': 10687.025391696323, '2025-05-15 01:00:00+00:00': 10692.410858068195, '2025-05-15 21:00:00+00:00': 10716.071175195091, '2025-05-16 11:00:00+00:00': 10722.234695818413, '2025-05-16 17:00:00+00:00': 10729.15154163381, '2025-05-17 04:00:00+00:00': 10741.283259064085, '2025-05-17 15:00:00+00:00': 10746.789682442868, '2025-05-18 15:00:00+00:00': 10773.293343574916, '2025-05-18 17:00:00+00:00': 10829.347208731291, '2025-05-18 18:00:00+00:00': 10817.489735285442, '2025-05-19 00:00:00+00:00': 10876.847208731291, '2025-05-19 01:00:00+00:00': 10903.931353676184, '2025-05-19 04:00:00+00:00': 10933.50504433356, '2025-05-19 08:00:00+00:00': 10952.996953096252, '2025-05-19 17:00:00+00:00': 11016.813958934039, '2025-05-19 18:00:00+00:00': 11032.26584274218, '2025-05-19 20:00:00+00:00': 11047.999246987696, '2025-05-20 02:00:00+00:00': 11085.499246987696, '2025-05-20 06:00:00+00:00': 11087.18630456477, '2025-05-20 08:00:00+00:00': 11111.385698229922, '2025-05-20 14:00:00+00:00': 11128.44489200775, '2025-05-20 16:00:00+00:00': 11137.824893659967, '2025-05-20 20:00:00+00:00': 11210.469139087192, '2025-05-21 05:00:00+00:00': 11275.469139087192, '2025-05-21 07:00:00+00:00': 11292.220879906185, '2025-05-21 08:00:00+00:00': 11284.836091908615, '2025-05-21 15:00:00+00:00': 11359.367903953558, '2025-05-21 18:00:00+00:00': 11411.656219395367, '2025-05-21 20:00:00+00:00': 11462.461113928948, '2025-05-21 21:00:00+00:00': 11446.491888056114, '2025-05-22 00:00:00+00:00': 11537.211113928948, '2025-05-22 04:00:00+00:00': 11599.711113928948, '2025-05-22 07:00:00+00:00': 11617.470253014777, '2025-05-22 09:00:00+00:00': 11640.195874596622, '2025-05-22 14:00:00+00:00': 11654.187202706215, '2025-05-23 00:00:00+00:00': 11663.19136742134, '2025-05-23 07:00:00+00:00': 11672.870815497687, '2025-05-24 00:00:00+00:00': 11778.1152634024, '2025-05-24 08:00:00+00:00': 11800.598434520029, '2025-05-24 13:00:00+00:00': 11811.577921719088, '2025-05-24 23:00:00+00:00': 11828.386579343603, '2025-05-25 23:00:00+00:00': 11893.386579343603, '2025-05-26 09:00:00+00:00': 11904.994403286839, '2025-05-26 16:00:00+00:00': 11918.28573200716, '2025-05-26 21:00:00+00:00': 11928.776053656195, '2025-05-27 02:00:00+00:00': 11959.920591996282, '2025-05-27 13:00:00+00:00': 11970.064652157098, '2025-05-27 15:00:00+00:00': 11983.889914615582, '2025-05-28 11:00:00+00:00': 12045.853708845449, '2025-05-28 17:00:00+00:00': 12070.713271504357, '2025-05-28 20:00:00+00:00': 12075.807796550174, '2025-05-29 01:00:00+00:00': 12069.663884058908, '2025-05-29 05:00:00+00:00': 12075.372358765235, '2025-05-29 16:00:00+00:00': 12089.620720560988, '2025-05-31 03:00:00+00:00': 12120.939502490719, '2025-06-01 23:00:00+00:00': 12099.620720560988, '2025-06-02 03:00:00+00:00': 12145.968147610918, '2025-06-02 05:00:00+00:00': 12140.968147610918, '2025-06-02 07:00:00+00:00': 12130.968147610918, '2025-06-03 02:00:00+00:00': 12102.521924323979, '2025-06-03 15:00:00+00:00': 12063.166379180424, '2025-06-04 00:00:00+00:00': 12123.166379180424, '2025-06-04 04:00:00+00:00': 12100.666379180424, '2025-06-04 20:00:00+00:00': 12070.021924323979, '2025-06-05 02:00:00+00:00': 12007.521924323979, '2025-06-05 20:00:00+00:00': 12220.32579041052, '2025-06-05 21:00:00+00:00': 12267.82579041052, '2025-06-06 01:00:00+00:00': 12077.82579041052, '2025-06-06 08:00:00+00:00': 12261.935652557495, '2025-06-06 11:00:00+00:00': 12191.935652557495, '2025-06-07 13:00:00+00:00': 12160.244082236919, '2025-06-07 21:00:00+00:00': 12210.244082236919, '2025-06-07 23:00:00+00:00': 12266.935652557495, '2025-06-09 10:00:00+00:00': 12122.744082236919, '2025-06-09 11:00:00+00:00': 12236.016426085425, '2025-06-09 12:00:00+00:00': 12148.516426085425, '2025-06-09 18:00:00+00:00': 12118.516426085425, '2025-06-09 22:00:00+00:00': 12171.016426085425, '2025-06-11 00:00:00+00:00': 12181.016426085425, '2025-06-11 16:00:00+00:00': 12151.016426085425, '2025-06-11 18:00:00+00:00': 12053.516426085425, '2025-06-11 23:00:00+00:00': 12098.516426085425, '2025-06-12 01:00:00+00:00': 12098.516426085425, '2025-06-12 13:00:00+00:00': 12188.516426085425, '2025-06-13 00:00:00+00:00': 12138.516426085425, '2025-06-13 01:00:00+00:00': 12141.016426085425, '2025-06-14 00:00:00+00:00': 11996.016426085425, '2025-06-14 11:00:00+00:00': 12123.516426085425, '2025-06-15 07:00:00+00:00': 12001.016426085425, '2025-06-16 01:00:00+00:00': 12006.016426085425, '2025-06-16 03:00:00+00:00': 12011.016426085425, '2025-06-16 08:00:00+00:00': 11931.016426085425, '2025-06-16 15:00:00+00:00': 11893.516426085425, '2025-06-16 19:00:00+00:00': 11841.016426085425, '2025-06-16 20:00:00+00:00': 11961.016426085425, '2025-06-17 10:00:00+00:00': 11968.516426085425, '2025-06-17 14:00:00+00:00': 11896.016426085425, '2025-06-17 16:00:00+00:00': 11953.516426085425, '2025-06-18 04:00:00+00:00': 11861.016426085425, '2025-06-18 11:00:00+00:00': 11836.016426085425, '2025-06-19 07:00:00+00:00': 11938.516426085425, '2025-06-19 08:00:00+00:00': 11826.016426085425, '2025-06-19 15:00:00+00:00': 11948.516426085425, '2025-06-20 08:00:00+00:00': 11676.016426085425, '2025-06-20 09:00:00+00:00': 11713.516426085425, '2025-06-20 15:00:00+00:00': 11800.766426085425, '2025-06-20 17:00:00+00:00': 11816.016426085425, '2025-06-20 18:00:00+00:00': 11778.516426085425, '2025-06-21 08:00:00+00:00': 12018.016426085425, '2025-06-21 19:00:00+00:00': 12008.016426085425, '2025-06-21 22:00:00+00:00': 11878.016426085425, '2025-06-22 01:00:00+00:00': 11973.766426085425, '2025-06-22 10:00:00+00:00': 11963.516426085425, '2025-06-22 14:00:00+00:00': 12088.766426085425, '2025-06-22 15:00:00+00:00': 12161.016426085425, '2025-06-22 23:00:00+00:00': 12073.516426085425, '2025-06-23 00:00:00+00:00': 12047.516426085425, '2025-06-23 05:00:00+00:00': 11991.266426085425, '2025-06-23 06:00:00+00:00': 12000.016426085425, '2025-06-23 18:00:00+00:00': 11977.766426085425, '2025-06-23 19:00:00+00:00': 11932.766426085425, '2025-06-23 23:00:00+00:00': 11952.016426085425, '2025-06-24 00:00:00+00:00': 11972.016426085425, '2025-06-24 05:00:00+00:00': 11923.516426085425, '2025-06-24 17:00:00+00:00': 11939.516426085425, '2025-06-25 01:00:00+00:00': 11949.266426085425, '2025-06-25 14:00:00+00:00': 11959.266426085425, '2025-06-25 16:00:00+00:00': 11910.016426085425, '2025-06-26 13:00:00+00:00': 11897.016426085425, '2025-06-27 00:00:00+00:00': 11885.016426085425, '2025-06-30 21:00:00+00:00': 11892.642212791096, '2025-06-30 22:00:00+00:00': 11905.05004546736, '2025-07-01 05:00:00+00:00': 11903.589056654662, '2025-07-01 11:00:00+00:00': 11909.043713091178, '2025-07-01 13:00:00+00:00': 11912.526036790743, '2025-07-01 18:00:00+00:00': 11895.247175945202, '2025-07-01 20:00:00+00:00': 11900.032460537408, '2025-07-02 00:00:00+00:00': 11909.71401036349, '2025-07-02 02:00:00+00:00': 11910.749775437753, '2025-07-02 08:00:00+00:00': 11894.739706656985, '2025-07-02 13:00:00+00:00': 11984.156617487746, '2025-07-02 14:00:00+00:00': 11979.28586349563, '2025-07-02 17:00:00+00:00': 11996.984783529608, '2025-07-02 20:00:00+00:00': 11977.973610491532, '2025-07-02 21:00:00+00:00': 12003.763721356107, '2025-07-03 00:00:00+00:00': 12010.444453664031, '2025-07-03 05:00:00+00:00': 12020.545587478438, '2025-07-03 07:00:00+00:00': 12037.925338355546, '2025-07-03 14:00:00+00:00': 12049.424466168515, '2025-07-03 16:00:00+00:00': 12060.203952605087, '2025-07-03 17:00:00+00:00': 12055.501799184509, '2025-07-03 21:00:00+00:00': 12068.705264512319, '2025-07-04 05:00:00+00:00': 12091.704559122938, '2025-07-04 12:00:00+00:00': 12113.843952849777, '2025-07-04 16:00:00+00:00': 12107.103737559813, '2025-07-04 18:00:00+00:00': 12117.50672681499, '2025-07-04 23:00:00+00:00': 12125.213275386328, '2025-07-05 09:00:00+00:00': 12140.691722422638, '2025-07-05 23:00:00+00:00': 12087.716812711707, '2025-07-06 13:00:00+00:00': 12144.04904252658, '2025-07-07 01:00:00+00:00': 12136.552296128606, '2025-07-07 02:00:00+00:00': 12155.285761347304, '2025-07-07 05:00:00+00:00': 12159.070220979776, '2025-07-07 08:00:00+00:00': 12161.07748739241, '2025-07-07 19:00:00+00:00': 12168.356485609684, '2025-07-07 21:00:00+00:00': 12172.260308531302, '2025-07-08 00:00:00+00:00': 12158.401489184238, '2025-07-08 01:00:00+00:00': 12155.285761347304, '2025-07-08 10:00:00+00:00': 12194.934874842345, '2025-07-08 12:00:00+00:00': 12196.102525639846, '2025-07-08 14:00:00+00:00': 12189.958922889879, '2025-07-08 17:00:00+00:00': 12211.75084119734, '2025-07-09 03:00:00+00:00': 12219.766141578282, '2025-07-09 05:00:00+00:00': 12225.72069934824, '2025-07-09 16:00:00+00:00': 12167.13751663472, '2025-07-09 18:00:00+00:00': 12258.48968815129, '2025-07-09 20:00:00+00:00': 12183.48968815129, '2025-07-09 21:00:00+00:00': 12201.912010855896, '2025-07-10 01:00:00+00:00': 12212.533642244398, '2025-07-10 02:00:00+00:00': 12215.780339654702, '2025-07-10 06:00:00+00:00': 12222.772577562442, '2025-07-10 08:00:00+00:00': 12227.588809004641, '2025-07-10 14:00:00+00:00': 12231.963287324861, '2025-07-10 18:00:00+00:00': 12348.229266997214, '2025-07-10 22:00:00+00:00': 12253.229266997214, '2025-07-10 23:00:00+00:00': 12438.229266997214, '2025-07-11 06:00:00+00:00': 12461.759122889713, '2025-07-11 12:00:00+00:00': 12460.483860475777, '2025-07-11 16:00:00+00:00': 12504.984657347448, '2025-07-11 21:00:00+00:00': 12516.389102979227, '2025-07-12 01:00:00+00:00': 12519.482244085966, '2025-07-12 09:00:00+00:00': 12479.178592633245, '2025-07-12 13:00:00+00:00': 12531.805658188838, '2025-07-12 16:00:00+00:00': 12539.365789921336, '2025-07-12 21:00:00+00:00': 12553.459528605916, '2025-07-13 01:00:00+00:00': 12555.687717074923, '2025-07-13 10:00:00+00:00': 12560.569504954688, '2025-07-13 11:00:00+00:00': 12525.610161011244, '2025-07-13 12:00:00+00:00': 12504.984657347448, '2025-07-13 22:00:00+00:00': 12568.331354386091, '2025-07-13 23:00:00+00:00': 12559.089038932527, '2025-07-14 03:00:00+00:00': 12548.383077142023, '2025-07-14 04:00:00+00:00': 12591.274767173874, '2025-07-14 07:00:00+00:00': 12591.274767173874, '2025-07-14 18:00:00+00:00': 12847.094351025642, '2025-07-15 04:00:00+00:00': 12727.774767173874, '2025-07-16 11:00:00+00:00': 12839.814429842025, '2025-07-16 16:00:00+00:00': 12832.102166281638, '2025-07-17 21:00:00+00:00': 12850.922952214429, '2025-07-18 01:00:00+00:00': 12855.18903548241, '2025-07-18 02:00:00+00:00': 12831.906786724867, '2025-07-18 09:00:00+00:00': 13046.250810544365, '2025-07-19 18:00:00+00:00': 12917.406786724867, '2025-07-20 03:00:00+00:00': 13052.643168757233, '2025-07-20 05:00:00+00:00': 13042.406786724867, '2025-07-20 13:00:00+00:00': 12991.657701338841, '2025-07-21 02:00:00+00:00': 12999.175193872921, '2025-07-21 08:00:00+00:00': 12992.643168757233, '2025-07-22 01:00:00+00:00': 13007.73391728987, '2025-07-22 05:00:00+00:00': 13042.03322306532, '2025-07-22 11:00:00+00:00': 13035.176417906476, '2025-07-22 23:00:00+00:00': 13024.122254793578, '2025-07-23 11:00:00+00:00': 13062.287202097194, '2025-07-23 14:00:00+00:00': 13180.759671158236, '2025-07-24 03:00:00+00:00': 13175.51585866503, '2025-07-24 07:00:00+00:00': 13192.605191754148, '2025-07-24 12:00:00+00:00': 13402.775525560592, '2025-07-24 14:00:00+00:00': 13195.275525560592, '2025-07-24 15:00:00+00:00': 13397.293625029499, '2025-07-25 02:00:00+00:00': 13177.287202097194, '2025-07-25 03:00:00+00:00': 13404.750934015841, '2025-07-25 04:00:00+00:00': 13407.622384411181, '2025-07-25 07:00:00+00:00': 13449.750934015841}]",320,COMPLETE
