number,value,datetime_start,datetime_complete,duration,params_CONVERGENCE_THRESHOLD,params_DAILY_LOSS_LIMIT,params_FIXED_TRADE_PCT,params_MAX_CONCURRENT_POSITIONS,params_MAX_DRAWDOWN_LIMIT,params_MAX_HOLD_HOURS,params_MAX_POSITION_PCT,params_MIN_DIV,params_MIN_TIME_BETWEEN_TRADES,params_STOP_LOSS_PCT,params_TAKE_PROFIT_PCT,params_TRAIL_PCT,user_attrs_cooldown_trades_pct,user_attrs_equity_curves,user_attrs_total_trades,state
12,207.9694483132395,2025-08-01 18:31:02.393992,2025-08-01 18:31:03.154862,0 days 00:00:00.760870,0.03,0.15,0.055,3,0.15,96,0.01,0.05,1.0,0.35,0.5,0.6,0.0,"[{'2025-05-01 00:00:00+00:00': 10000.0, '2025-05-01 02:00:00+00:00': 10041.276095375673, '2025-05-01 03:00:00+00:00': 10047.756476820994, '2025-05-01 06:00:00+00:00': 10060.69508747241, '2025-05-01 07:00:00+00:00': 10064.70860583328, '2025-05-01 11:00:00+00:00': 10123.463024159266, '2025-05-01 13:00:00+00:00': 10125.881861763582, '2025-05-01 15:00:00+00:00': 10119.493576301757, '2025-05-01 16:00:00+00:00': 10145.115155904145, '2025-05-02 01:00:00+00:00': 10149.022872483954, '2025-05-02 13:00:00+00:00': 10111.712721929027, '2025-05-02 15:00:00+00:00': 10155.20968499295, '2025-05-02 18:00:00+00:00': 10156.173649749056, '2025-05-02 20:00:00+00:00': 10162.256960892651, '2025-05-03 01:00:00+00:00': 10162.256960892651, '2025-05-03 23:00:00+00:00': 10166.229422705273, '2025-05-04 00:00:00+00:00': 10169.040759540467, '2025-05-04 03:00:00+00:00': 10169.040759540467, '2025-05-04 22:00:00+00:00': 10167.803920195976, '2025-05-05 00:00:00+00:00': 10182.929859861259, '2025-05-05 01:00:00+00:00': 10190.391060725613, '2025-05-05 02:00:00+00:00': 10202.954182122803, '2025-05-05 03:00:00+00:00': 10205.909320772951, '2025-05-05 10:00:00+00:00': 10210.832217041048, '2025-05-05 11:00:00+00:00': 10215.778036329657, '2025-05-05 14:00:00+00:00': 10218.559811073674, '2025-05-05 19:00:00+00:00': 10237.43632809562, '2025-05-05 23:00:00+00:00': 10249.05738558778, '2025-05-06 05:00:00+00:00': 10251.355227416734, '2025-05-06 10:00:00+00:00': 10249.02468274495, '2025-05-06 16:00:00+00:00': 10273.186937164539, '2025-05-06 17:00:00+00:00': 10277.027388505645, '2025-05-06 20:00:00+00:00': 10288.198324079689, '2025-05-06 21:00:00+00:00': 10292.638733727617, '2025-05-07 01:00:00+00:00': 10365.18311694357, '2025-05-07 02:00:00+00:00': 10394.308283880413, '2025-05-07 03:00:00+00:00': 10405.362672816265, '2025-05-07 17:00:00+00:00': 10437.918854058877, '2025-05-07 18:00:00+00:00': 10445.73137627108, '2025-05-07 19:00:00+00:00': 10448.552045488319, '2025-05-07 20:00:00+00:00': 10453.429565580032, '2025-05-07 23:00:00+00:00': 10490.14925414576, '2025-05-08 04:00:00+00:00': 10563.718951025163, '2025-05-08 09:00:00+00:00': 10595.124183585935, '2025-05-08 13:00:00+00:00': 10427.662566490062, '2025-05-08 17:00:00+00:00': 10633.668530603174, '2025-05-08 21:00:00+00:00': 10666.864996314356, '2025-05-09 00:00:00+00:00': 10652.22691170198, '2025-05-09 03:00:00+00:00': 10686.0426618058, '2025-05-09 08:00:00+00:00': 10678.757364066083, '2025-05-09 09:00:00+00:00': 10703.990664132103, '2025-05-09 15:00:00+00:00': 10709.252040780832, '2025-05-09 18:00:00+00:00': 10715.290877818934, '2025-05-10 07:00:00+00:00': 10738.246115368076, '2025-05-10 08:00:00+00:00': 10726.436725901092, '2025-05-10 22:00:00+00:00': 10746.879032354615, '2025-05-11 01:00:00+00:00': 10749.5113513947, '2025-05-11 12:00:00+00:00': 10755.847154231387, '2025-05-12 12:00:00+00:00': 10761.313996620604, '2025-05-12 16:00:00+00:00': 10801.157611373164, '2025-05-12 19:00:00+00:00': 10819.17853496043, '2025-05-12 21:00:00+00:00': 10831.647779654431, '2025-05-13 01:00:00+00:00': 10837.40278883701, '2025-05-13 05:00:00+00:00': 10836.39252154677, '2025-05-13 20:00:00+00:00': 10843.738612609019, '2025-05-15 01:00:00+00:00': 10849.204734901385, '2025-05-15 21:00:00+00:00': 10873.219402891378, '2025-05-16 11:00:00+00:00': 10879.475232034525, '2025-05-16 17:00:00+00:00': 10886.495668612102, '2025-05-17 04:00:00+00:00': 10898.809077797361, '2025-05-17 15:00:00+00:00': 10904.39796862011, '2025-05-18 15:00:00+00:00': 10931.298564211953, '2025-05-18 17:00:00+00:00': 10988.191925110992, '2025-05-18 18:00:00+00:00': 10976.156867149806, '2025-05-19 00:00:00+00:00': 11035.691925110992, '2025-05-19 01:00:00+00:00': 11020.633126600096, '2025-05-19 04:00:00+00:00': 11050.532364996187, '2025-05-19 08:00:00+00:00': 11070.238841054332, '2025-05-19 16:00:00+00:00': 11132.747678698268, '2025-05-19 18:00:00+00:00': 11148.36965713176, '2025-05-19 20:00:00+00:00': 11164.273386663757, '2025-05-20 02:00:00+00:00': 11201.773386663757, '2025-05-20 06:00:00+00:00': 11203.478646038091, '2025-05-20 08:00:00+00:00': 11227.939128870143, '2025-05-20 14:00:00+00:00': 11245.182375635126, '2025-05-20 16:00:00+00:00': 11254.663578864986, '2025-05-20 20:00:00+00:00': 11328.0915887857, '2025-05-20 23:00:00+00:00': 11378.0915887857, '2025-05-21 07:00:00+00:00': 11391.52461966491, '2025-05-21 08:00:00+00:00': 11401.034423255558, '2025-05-21 15:00:00+00:00': 11468.84825976469, '2025-05-21 18:00:00+00:00': 11499.55484348299, '2025-05-21 20:00:00+00:00': 11550.864262785524, '2025-05-21 21:00:00+00:00': 11534.736452389136, '2025-05-22 00:00:00+00:00': 11625.614262785524, '2025-05-22 01:00:00+00:00': 11637.519288474712, '2025-05-22 04:00:00+00:00': 11700.019288474712, '2025-05-22 07:00:00+00:00': 11717.937085309897, '2025-05-22 09:00:00+00:00': 11740.865734524754, '2025-05-22 14:00:00+00:00': 11754.982059269469, '2025-05-23 00:00:00+00:00': 11764.066665975708, '2025-05-23 07:00:00+00:00': 11773.832588933488, '2025-05-24 00:00:00+00:00': 11880.0172765174, '2025-05-24 08:00:00+00:00': 11902.701309248347, '2025-05-24 13:00:00+00:00': 11913.778885702728, '2025-05-24 23:00:00+00:00': 11930.737709603634, '2025-05-25 23:00:00+00:00': 11995.737709603634, '2025-05-26 09:00:00+00:00': 12007.448669362364, '2025-05-26 16:00:00+00:00': 12020.858091881599, '2025-05-26 21:00:00+00:00': 12031.441620309384, '2025-05-27 02:00:00+00:00': 12062.862878676895, '2025-05-27 13:00:00+00:00': 12073.097069074198, '2025-05-27 15:00:00+00:00': 12087.045169346646, '2025-05-28 07:00:00+00:00': 12143.876391293683, '2025-05-28 16:00:00+00:00': 12188.876391293683, '2025-05-28 17:00:00+00:00': 12188.876391293683, '2025-05-28 20:00:00+00:00': 12194.022191548878, '2025-05-29 03:00:00+00:00': 12186.575292099495, '2025-05-29 05:00:00+00:00': 12198.762069219403, '2025-05-29 14:00:00+00:00': 12212.344976488615, '2025-05-29 18:00:00+00:00': 12224.3635874947, '2025-05-31 03:00:00+00:00': 12230.239000460871, '2025-06-03 02:00:00+00:00': 12269.99423628694, '2025-06-03 23:00:00+00:00': 12209.3635874947, '2025-06-04 04:00:00+00:00': 12206.195559285545, '2025-06-05 08:00:00+00:00': 12158.695559285545, '2025-06-05 20:00:00+00:00': 12076.195559285545, '2025-06-05 21:00:00+00:00': 12193.695559285545, '2025-06-06 12:00:00+00:00': 12213.208552436565, '2025-06-08 16:00:00+00:00': 12276.165970896149, '2025-06-09 09:00:00+00:00': 12193.695559285545, '2025-06-09 10:00:00+00:00': 12135.708552436565, '2025-06-09 22:00:00+00:00': 12130.708552436565, '2025-06-12 12:00:00+00:00': 12131.609753816274, '2025-06-13 01:00:00+00:00': 12056.609753816274, '2025-06-13 16:00:00+00:00': 11901.609753816274, '2025-06-16 08:00:00+00:00': 11919.109753816274, '2025-06-16 15:00:00+00:00': 11964.109753816274, '2025-06-16 20:00:00+00:00': 11854.109753816274, '2025-06-17 10:00:00+00:00': 11919.109753816274, '2025-06-17 11:00:00+00:00': 11849.109753816274, '2025-06-17 17:00:00+00:00': 11866.609753816274, '2025-06-17 20:00:00+00:00': 11906.609753816274, '2025-06-18 19:00:00+00:00': 11876.609753816274, '2025-06-20 08:00:00+00:00': 11861.609753816274, '2025-06-20 10:00:00+00:00': 11851.859753816274, '2025-06-20 15:00:00+00:00': 11834.359753816274, '2025-06-21 12:00:00+00:00': 11891.609753816274, '2025-06-21 19:00:00+00:00': 11889.109753816274, '2025-06-21 20:00:00+00:00': 11904.109753816274, '2025-06-21 22:00:00+00:00': 11859.109753816274, '2025-06-22 01:00:00+00:00': 12189.359753816274, '2025-06-22 10:00:00+00:00': 12172.859753816274, '2025-06-22 14:00:00+00:00': 12171.359753816274, '2025-06-22 15:00:00+00:00': 12101.359753816274, '2025-06-22 16:00:00+00:00': 12202.359753816274, '2025-06-22 17:00:00+00:00': 12163.109753816274, '2025-06-23 01:00:00+00:00': 12058.609753816274, '2025-06-23 03:00:00+00:00': 12112.359753816274, '2025-06-23 05:00:00+00:00': 12048.609753816274, '2025-06-23 18:00:00+00:00': 12024.359753816274, '2025-06-23 19:00:00+00:00': 11964.359753816274, '2025-06-23 23:00:00+00:00': 11974.109753816274, '2025-06-24 00:00:00+00:00': 11963.609753816274, '2025-06-24 05:00:00+00:00': 11917.859753816274, '2025-06-24 21:00:00+00:00': 11943.609753816274, '2025-06-25 11:00:00+00:00': 11943.359753816274, '2025-06-25 14:00:00+00:00': 11953.609753816274, '2025-06-25 16:00:00+00:00': 11904.109753816274, '2025-06-26 14:00:00+00:00': 11885.859753816274, '2025-06-27 00:00:00+00:00': 11870.859753816274, '2025-06-30 21:00:00+00:00': 11878.485540521944, '2025-06-30 22:00:00+00:00': 11892.45262103849, '2025-07-01 00:00:00+00:00': 11899.693727408594, '2025-07-01 02:00:00+00:00': 11894.525807232232, '2025-07-01 03:00:00+00:00': 11905.009995457602, '2025-07-01 05:00:00+00:00': 11902.875014414618, '2025-07-01 11:00:00+00:00': 11910.473124660835, '2025-07-01 13:00:00+00:00': 11913.96085816943, '2025-07-01 18:00:00+00:00': 11889.88933243216, '2025-07-01 20:00:00+00:00': 11901.447880308207, '2025-07-02 00:00:00+00:00': 11911.144483703283, '2025-07-02 02:00:00+00:00': 11911.144483703283, '2025-07-02 08:00:00+00:00': 11896.146896873928, '2025-07-02 13:00:00+00:00': 11965.829665927951, '2025-07-02 14:00:00+00:00': 11960.951842508357, '2025-07-02 17:00:00+00:00': 11978.676450809864, '2025-07-02 18:00:00+00:00': 11979.775373856544, '2025-07-02 20:00:00+00:00': 11959.637684896172, '2025-07-02 21:00:00+00:00': 11986.552265165854, '2025-07-02 22:00:00+00:00': 11990.932590537877, '2025-07-03 00:00:00+00:00': 12002.502699295483, '2025-07-03 05:00:00+00:00': 12012.61003311617, '2025-07-03 07:00:00+00:00': 12030.00045156452, '2025-07-03 10:00:00+00:00': 12056.280010996019, '2025-07-03 14:00:00+00:00': 12041.506637462846, '2025-07-03 16:00:00+00:00': 12067.081791165356, '2025-07-03 17:00:00+00:00': 12062.369917290021, '2025-07-03 21:00:00+00:00': 12075.246855726446, '2025-07-04 05:00:00+00:00': 12104.960462368419, '2025-07-04 12:00:00+00:00': 12127.435143293316, '2025-07-04 16:00:00+00:00': 12120.390939508325, '2025-07-04 18:00:00+00:00': 12131.105465957646, '2025-07-04 20:00:00+00:00': 12134.012747784904, '2025-07-04 23:00:00+00:00': 12141.737372648317, '2025-07-05 09:00:00+00:00': 12157.252125551891, '2025-07-06 13:00:00+00:00': 12160.617320503856, '2025-07-07 02:00:00+00:00': 12157.500078356468, '2025-07-07 05:00:00+00:00': 12161.28219115606, '2025-07-07 08:00:00+00:00': 12163.288212815341, '2025-07-07 19:00:00+00:00': 12170.562697153751, '2025-07-07 21:00:00+00:00': 12174.464099222492, '2025-07-07 23:00:00+00:00': 12100.964610895531, '2025-07-08 01:00:00+00:00': 12153.10298992066, '2025-07-08 05:00:00+00:00': 12169.681202582764, '2025-07-08 10:00:00+00:00': 12197.522768709883, '2025-07-08 12:00:00+00:00': 12198.692276497248, '2025-07-08 14:00:00+00:00': 12192.53890318226, '2025-07-08 17:00:00+00:00': 12214.365478573423, '2025-07-09 03:00:00+00:00': 12220.982783570069, '2025-07-09 05:00:00+00:00': 12226.946811254704, '2025-07-09 16:00:00+00:00': 12169.681202582764, '2025-07-09 18:00:00+00:00': 12259.763444083761, '2025-07-09 20:00:00+00:00': 12255.79735053731, '2025-07-09 21:00:00+00:00': 12247.664103279325, '2025-07-10 01:00:00+00:00': 12258.34741299056, '2025-07-10 02:00:00+00:00': 12261.612963517055, '2025-07-10 06:00:00+00:00': 12275.055676754318, '2025-07-10 08:00:00+00:00': 12279.902861656015, '2025-07-10 14:00:00+00:00': 12284.305454330608, '2025-07-10 18:00:00+00:00': 12400.708108423272, '2025-07-10 19:00:00+00:00': 12405.862101230954, '2025-07-10 22:00:00+00:00': 12305.708108423272, '2025-07-10 23:00:00+00:00': 12503.893318280336, '2025-07-11 06:00:00+00:00': 12527.60114557839, '2025-07-11 12:00:00+00:00': 12532.905799389253, '2025-07-11 16:00:00+00:00': 12558.907051937585, '2025-07-11 21:00:00+00:00': 12564.004533355384, '2025-07-12 01:00:00+00:00': 12567.121069874014, '2025-07-12 09:00:00+00:00': 12534.190707431504, '2025-07-12 16:00:00+00:00': 12571.896383985693, '2025-07-12 21:00:00+00:00': 12587.4595376747, '2025-07-13 01:00:00+00:00': 12589.699118944762, '2025-07-13 10:00:00+00:00': 12594.605867566795, '2025-07-13 11:00:00+00:00': 12573.293737239881, '2025-07-13 12:00:00+00:00': 12552.513828579991, '2025-07-13 22:00:00+00:00': 12597.094070753414, '2025-07-13 23:00:00+00:00': 12587.81003238135, '2025-07-14 03:00:00+00:00': 12582.364426122864, '2025-07-14 04:00:00+00:00': 12620.129669911681, '2025-07-14 07:00:00+00:00': 12620.129669911681, '2025-07-14 18:00:00+00:00': 12971.438837622522, '2025-07-15 04:00:00+00:00': 12756.629669911681, '2025-07-15 15:00:00+00:00': 12964.129669911681, '2025-07-16 15:00:00+00:00': 12894.399449011955, '2025-07-17 21:00:00+00:00': 12904.399449011955, '2025-07-18 01:00:00+00:00': 12908.691843714401, '2025-07-18 09:00:00+00:00': 13107.22058478298, '2025-07-19 19:00:00+00:00': 13103.235546876786, '2025-07-20 03:00:00+00:00': 13108.849940747597, '2025-07-20 10:00:00+00:00': 13111.03882191759, '2025-07-20 13:00:00+00:00': 13110.059968123836, '2025-07-21 02:00:00+00:00': 13117.52700959996, '2025-07-21 20:00:00+00:00': 13056.191843714401, '2025-07-22 01:00:00+00:00': 13126.02829409706, '2025-07-22 05:00:00+00:00': 13082.908567062736, '2025-07-22 11:00:00+00:00': 13076.02829409706, '2025-07-22 12:00:00+00:00': 13071.05011317723, '2025-07-23 11:00:00+00:00': 13213.508588226476, '2025-07-23 14:00:00+00:00': 13216.999038400361, '2025-07-24 07:00:00+00:00': 13222.637746174858, '2025-07-24 12:00:00+00:00': 13432.820412024616, '2025-07-24 14:00:00+00:00': 13225.320412024616, '2025-07-24 15:00:00+00:00': 13431.096684305747, '2025-07-25 03:00:00+00:00': 13438.59028093757, '2025-07-25 04:00:00+00:00': 13441.475703956834, '2025-07-25 07:00:00+00:00': 13468.59028093757}]",311,COMPLETE
