number,value,datetime_start,datetime_complete,duration,params_CONVERGENCE_THRESHOLD,params_DAILY_LOSS_LIMIT,params_FIXED_TRADE_PCT,params_MAX_CONCURRENT_POSITIONS,params_MAX_DRAWDOWN_LIMIT,params_MAX_HOLD_HOURS,params_MAX_POSITION_PCT,params_MIN_DIV,params_MIN_TIME_BETWEEN_TRADES,params_STOP_LOSS_PCT,params_TAKE_PROFIT_PCT,params_TRAIL_PCT,user_attrs_cooldown_trades_pct,user_attrs_equity_curves,user_attrs_total_trades,state
40,111.5778242821274,2025-08-01 18:31:23.963211,2025-08-01 18:31:24.811129,0 days 00:00:00.847918,0.03,0.05,0.065,4,0.25,72,0.015,0.04,2.0,0.35,0.5,0.6,0.0,"[{'2025-05-01 00:00:00+00:00': 10000.0, '2025-05-01 03:00:00+00:00': 10040.19525883704, '2025-05-01 06:00:00+00:00': 10048.464816313504, '2025-05-01 07:00:00+00:00': 10053.202299160876, '2025-05-01 13:00:00+00:00': 10097.060904701873, '2025-05-01 15:00:00+00:00': 10089.537567983285, '2025-05-01 16:00:00+00:00': 10097.769120398285, '2025-05-02 01:00:00+00:00': 10102.362715939564, '2025-05-02 05:00:00+00:00': 10104.623504345074, '2025-05-02 09:00:00+00:00': 10108.0419505757, '2025-05-02 13:00:00+00:00': 10095.943817501857, '2025-05-02 15:00:00+00:00': 10104.149378105833, '2025-05-02 18:00:00+00:00': 10105.28288113719, '2025-05-02 20:00:00+00:00': 10112.436224217334, '2025-05-03 01:00:00+00:00': 10112.436224217334, '2025-05-03 23:00:00+00:00': 10117.107935786402, '2025-05-04 00:00:00+00:00': 10120.414371073248, '2025-05-04 08:00:00+00:00': 10120.414371073248, '2025-05-04 10:00:00+00:00': 10113.09142886043, '2025-05-04 22:00:00+00:00': 10118.325137022417, '2025-05-05 00:00:00+00:00': 10136.114258427662, '2025-05-05 01:00:00+00:00': 10142.507129600808, '2025-05-05 03:00:00+00:00': 10145.978875366432, '2025-05-05 10:00:00+00:00': 10143.52277087005, '2025-05-05 14:00:00+00:00': 10146.787860687264, '2025-05-05 19:00:00+00:00': 10182.722404000435, '2025-05-05 23:00:00+00:00': 10191.614886480927, '2025-05-06 07:00:00+00:00': 10194.008992006695, '2025-05-06 10:00:00+00:00': 10191.27076265983, '2025-05-06 16:00:00+00:00': 10227.952425991227, '2025-05-06 17:00:00+00:00': 10232.471156512007, '2025-05-06 20:00:00+00:00': 10245.06250030982, '2025-05-06 21:00:00+00:00': 10250.288254643976, '2025-05-07 01:00:00+00:00': 10325.288254643976, '2025-05-07 02:00:00+00:00': 10325.288254643976, '2025-05-07 03:00:00+00:00': 10338.26578338214, '2025-05-07 17:00:00+00:00': 10384.20122003339, '2025-05-07 18:00:00+00:00': 10393.383139036416, '2025-05-07 20:00:00+00:00': 10399.114832173045, '2025-05-07 23:00:00+00:00': 10407.916226346784, '2025-05-08 04:00:00+00:00': 10494.146938458322, '2025-05-08 07:00:00+00:00': 10517.23417716876, '2025-05-08 09:00:00+00:00': 10529.00743461767, '2025-05-08 13:00:00+00:00': 10364.450262000346, '2025-05-08 17:00:00+00:00': 10571.50743461767, '2025-05-08 19:00:00+00:00': 10575.50407777817, '2025-05-08 21:00:00+00:00': 10592.709006545234, '2025-05-09 00:00:00+00:00': 10595.917795024914, '2025-05-09 08:00:00+00:00': 10609.878931724894, '2025-05-09 09:00:00+00:00': 10638.866121548084, '2025-05-09 11:00:00+00:00': 10640.213523399942, '2025-05-09 15:00:00+00:00': 10646.394465591073, '2025-05-09 18:00:00+00:00': 10653.489383761667, '2025-05-10 08:00:00+00:00': 10666.58577676094, '2025-05-10 22:00:00+00:00': 10669.431589444232, '2025-05-11 01:00:00+00:00': 10672.520093066014, '2025-05-11 12:00:00+00:00': 10685.236815886614, '2025-05-11 19:00:00+00:00': 10693.78961784722, '2025-05-12 02:00:00+00:00': 10716.373314849308, '2025-05-12 09:00:00+00:00': 10725.10370422386, '2025-05-12 12:00:00+00:00': 10731.532485448224, '2025-05-12 16:00:00+00:00': 10776.532485448224, '2025-05-12 19:00:00+00:00': 10797.736855408622, '2025-05-12 21:00:00+00:00': 10812.413270257357, '2025-05-13 01:00:00+00:00': 10819.188386388132, '2025-05-13 05:00:00+00:00': 10823.481314413893, '2025-05-13 10:00:00+00:00': 10833.810333499243, '2025-05-13 20:00:00+00:00': 10843.045266378766, '2025-05-14 12:00:00+00:00': 10845.39113418424, '2025-05-14 19:00:00+00:00': 10848.091056674455, '2025-05-14 22:00:00+00:00': 10851.625062496621, '2025-05-15 01:00:00+00:00': 10858.076269584524, '2025-05-15 13:00:00+00:00': 10866.544971989668, '2025-05-15 21:00:00+00:00': 10900.609788498597, '2025-05-16 00:00:00+00:00': 10906.794327521979, '2025-05-16 11:00:00+00:00': 10914.195053638092, '2025-05-16 14:00:00+00:00': 10923.750572802994, '2025-05-16 16:00:00+00:00': 10931.014221661735, '2025-05-17 05:00:00+00:00': 10939.573219593482, '2025-05-17 09:00:00+00:00': 10939.573219593482, '2025-05-17 15:00:00+00:00': 10948.591919900528, '2025-05-17 18:00:00+00:00': 10957.171211147903, '2025-05-17 21:00:00+00:00': 10962.899438188853, '2025-05-17 22:00:00+00:00': 10941.975849135772, '2025-05-18 01:00:00+00:00': 10968.611488876331, '2025-05-18 09:00:00+00:00': 11009.241930809743, '2025-05-18 15:00:00+00:00': 10995.10796735489, '2025-05-18 17:00:00+00:00': 11073.537212316991, '2025-05-18 18:00:00+00:00': 11059.241930809743, '2025-05-19 00:00:00+00:00': 11099.91797272274, '2025-05-19 01:00:00+00:00': 11147.41797272274, '2025-05-19 02:00:00+00:00': 11144.916448746922, '2025-05-19 04:00:00+00:00': 11180.577991883853, '2025-05-19 08:00:00+00:00': 11185.815586235089, '2025-05-19 16:00:00+00:00': 11251.454114438138, '2025-05-19 18:00:00+00:00': 11270.071541300395, '2025-05-19 20:00:00+00:00': 11289.033963864002, '2025-05-20 02:00:00+00:00': 11300.562981963174, '2025-05-20 06:00:00+00:00': 11302.591998668913, '2025-05-20 08:00:00+00:00': 11331.697308121387, '2025-05-20 12:00:00+00:00': 11333.154153741289, '2025-05-20 14:00:00+00:00': 11341.32601472908, '2025-05-20 16:00:00+00:00': 11352.604370563995, '2025-05-20 20:00:00+00:00': 11432.604370563995, '2025-05-20 23:00:00+00:00': 11482.604370563995, '2025-05-21 01:00:00+00:00': 11479.745327865754, '2025-05-21 07:00:00+00:00': 11499.689304559863, '2025-05-21 08:00:00+00:00': 11511.006265817088, '2025-05-21 15:00:00+00:00': 11550.112980798065, '2025-05-21 18:00:00+00:00': 11706.34522211487, '2025-05-21 20:00:00+00:00': 11758.84522211487, '2025-05-21 21:00:00+00:00': 11628.577696636594, '2025-05-22 00:00:00+00:00': 11767.713046117711, '2025-05-22 04:00:00+00:00': 11820.977681023669, '2025-05-22 07:00:00+00:00': 11842.331305051377, '2025-05-22 09:00:00+00:00': 11867.331305051377, '2025-05-22 14:00:00+00:00': 11884.161842996644, '2025-05-23 00:00:00+00:00': 11894.995555373147, '2025-05-23 07:00:00+00:00': 11906.643396492842, '2025-05-24 00:00:00+00:00': 12033.309242821078, '2025-05-24 08:00:00+00:00': 12060.412600928525, '2025-05-24 13:00:00+00:00': 12073.652907899981, '2025-05-24 23:00:00+00:00': 12093.926114341615, '2025-05-25 19:00:00+00:00': 12102.393377524979, '2025-05-25 23:00:00+00:00': 12167.393377524979, '2025-05-26 01:00:00+00:00': 12177.549971199427, '2025-05-26 09:00:00+00:00': 12191.573908220555, '2025-05-26 16:00:00+00:00': 12207.63461101114, '2025-05-26 21:00:00+00:00': 12220.313261379732, '2025-05-27 02:00:00+00:00': 12257.813261379732, '2025-05-27 04:00:00+00:00': 12272.290282884727, '2025-05-27 08:00:00+00:00': 12289.42565881952, '2025-05-27 13:00:00+00:00': 12301.72513281184, '2025-05-27 15:00:00+00:00': 12318.49057596158, '2025-05-28 07:00:00+00:00': 12386.815330727311, '2025-05-28 16:00:00+00:00': 12431.815330727311, '2025-05-28 17:00:00+00:00': 12431.815330727311, '2025-05-28 20:00:00+00:00': 12438.006672946009, '2025-05-29 03:00:00+00:00': 12429.045998564861, '2025-05-29 05:00:00+00:00': 12443.70842411244, '2025-05-29 14:00:00+00:00': 12460.053561110575, '2025-05-29 18:00:00+00:00': 12474.519210138053, '2025-05-31 03:00:00+00:00': 12494.714134236825, '2025-06-02 23:00:00+00:00': 12469.519210138053, '2025-06-03 02:00:00+00:00': 12560.211173090333, '2025-06-03 05:00:00+00:00': 12565.211173090333, '2025-06-03 07:00:00+00:00': 12562.711173090333, '2025-06-05 18:00:00+00:00': 12685.211173090333, '2025-06-05 20:00:00+00:00': 12730.211173090333, '2025-06-05 21:00:00+00:00': 12810.211173090333, '2025-06-06 10:00:00+00:00': 12658.777899087054, '2025-06-07 21:00:00+00:00': 12586.729913241725, '2025-06-08 16:00:00+00:00': 12711.277899087054, '2025-06-09 11:00:00+00:00': 12664.229913241725, '2025-06-09 13:00:00+00:00': 12589.229913241725, '2025-06-09 18:00:00+00:00': 12614.229913241725, '2025-06-09 22:00:00+00:00': 12524.229913241725, '2025-06-12 06:00:00+00:00': 12409.229913241725, '2025-06-12 14:00:00+00:00': 12474.229913241725, '2025-06-12 19:00:00+00:00': 12469.229913241725, '2025-06-12 21:00:00+00:00': 12406.729913241725, '2025-06-13 01:00:00+00:00': 12426.729913241725, '2025-06-13 17:00:00+00:00': 12314.229913241725, '2025-06-15 22:00:00+00:00': 12411.729913241725, '2025-06-16 02:00:00+00:00': 12341.729913241725, '2025-06-16 06:00:00+00:00': 12256.729913241725, '2025-06-16 18:00:00+00:00': 12281.729913241725, '2025-06-16 19:00:00+00:00': 12254.229913241725, '2025-06-16 20:00:00+00:00': 12189.229913241725, '2025-06-17 10:00:00+00:00': 12201.729913241725, '2025-06-17 16:00:00+00:00': 12176.729913241725, '2025-06-17 17:00:00+00:00': 12179.229913241725, '2025-06-18 18:00:00+00:00': 12016.979913241725, '2025-06-19 08:00:00+00:00': 11999.479913241725, '2025-06-19 19:00:00+00:00': 12164.479913241725, '2025-06-20 08:00:00+00:00': 11956.979913241725, '2025-06-20 10:00:00+00:00': 11912.229913241725, '2025-06-20 15:00:00+00:00': 11926.979913241725, '2025-06-30 21:00:00+00:00': 11921.242206621153, '2025-06-30 22:00:00+00:00': 11935.908040471637, '2025-07-01 05:00:00+00:00': 11934.180789318332, '2025-07-01 11:00:00+00:00': 11940.630862494856, '2025-07-01 13:00:00+00:00': 11944.749004682368, '2025-07-01 18:00:00+00:00': 11924.318617239449, '2025-07-01 20:00:00+00:00': 11929.972252814205, '2025-07-02 00:00:00+00:00': 11941.42129374177, '2025-07-02 02:00:00+00:00': 11942.646151015617, '2025-07-02 08:00:00+00:00': 11923.713839001022, '2025-07-02 13:00:00+00:00': 12029.467094349726, '2025-07-02 14:00:00+00:00': 12023.708060009212, '2025-07-02 17:00:00+00:00': 12051.045820518202, '2025-07-02 18:00:00+00:00': 12052.344545440472, '2025-07-02 20:00:00+00:00': 12022.156491170737, '2025-07-02 21:00:00+00:00': 12060.37831704116, '2025-07-03 00:00:00+00:00': 12068.29666891607, '2025-07-03 05:00:00+00:00': 12080.270495042638, '2025-07-03 07:00:00+00:00': 12100.874255406845, '2025-07-03 14:00:00+00:00': 12114.511966342423, '2025-07-03 16:00:00+00:00': 12127.29734562164, '2025-07-03 17:00:00+00:00': 12121.719548715573, '2025-07-03 21:00:00+00:00': 12137.383728119228, '2025-07-04 05:00:00+00:00': 12151.139579300294, '2025-07-04 12:00:00+00:00': 12177.41272213021, '2025-07-04 16:00:00+00:00': 12169.414009916021, '2025-07-04 18:00:00+00:00': 12181.761103373068, '2025-07-04 23:00:00+00:00': 12190.910779717424, '2025-07-05 09:00:00+00:00': 12209.290238954318, '2025-07-06 13:00:00+00:00': 12213.277090453576, '2025-07-06 23:00:00+00:00': 12146.407598991618, '2025-07-07 02:00:00+00:00': 12209.583775986886, '2025-07-07 05:00:00+00:00': 12246.378247362025, '2025-07-07 08:00:00+00:00': 12248.757101018267, '2025-07-07 19:00:00+00:00': 12257.383901748646, '2025-07-07 21:00:00+00:00': 12262.011165245669, '2025-07-08 01:00:00+00:00': 12204.374990243849, '2025-07-08 05:00:00+00:00': 12262.011165245669, '2025-07-08 10:00:00+00:00': 12294.932242115641, '2025-07-08 12:00:00+00:00': 12296.316369511162, '2025-07-08 14:00:00+00:00': 12289.034292091303, '2025-07-08 17:00:00+00:00': 12314.873594418013, '2025-07-09 03:00:00+00:00': 12324.37888150905, '2025-07-09 05:00:00+00:00': 12331.442293315142, '2025-07-09 16:00:00+00:00': 12241.89350540732, '2025-07-09 18:00:00+00:00': 12370.319462814861, '2025-07-09 20:00:00+00:00': 12365.620484299909, '2025-07-09 21:00:00+00:00': 12357.258084932777, '2025-07-10 01:00:00+00:00': 12369.966824303048, '2025-07-10 02:00:00+00:00': 12373.852211153711, '2025-07-10 06:00:00+00:00': 12382.220438360237, '2025-07-10 08:00:00+00:00': 12387.985155742374, '2025-07-10 14:00:00+00:00': 12393.221566538583, '2025-07-10 18:00:00+00:00': 12513.679680016578, '2025-07-10 22:00:00+00:00': 12418.679680016578, '2025-07-10 23:00:00+00:00': 12603.679680016578, '2025-07-11 06:00:00+00:00': 12631.851949698581, '2025-07-11 12:00:00+00:00': 12630.324461862423, '2025-07-11 16:00:00+00:00': 12682.716697106493, '2025-07-11 21:00:00+00:00': 12696.381339971069, '2025-07-12 01:00:00+00:00': 12700.088221313807, '2025-07-12 09:00:00+00:00': 12652.716697106493, '2025-07-12 13:00:00+00:00': 12714.860520477358, '2025-07-12 16:00:00+00:00': 12723.92505604624, '2025-07-12 21:00:00+00:00': 12740.826875993313, '2025-07-13 01:00:00+00:00': 12743.49965772642, '2025-07-13 10:00:00+00:00': 12749.355737271537, '2025-07-13 11:00:00+00:00': 12707.432956785617, '2025-07-13 12:00:00+00:00': 12682.716697106493, '2025-07-13 22:00:00+00:00': 12758.667665339337, '2025-07-13 23:00:00+00:00': 12747.579615069342, '2025-07-14 00:00:00+00:00': 12769.833804823491, '2025-07-14 03:00:00+00:00': 12734.735621254356, '2025-07-14 04:00:00+00:00': 12797.396769639578, '2025-07-14 07:00:00+00:00': 12814.166043092791, '2025-07-14 18:00:00+00:00': 13154.426832871439, '2025-07-15 04:00:00+00:00': 12950.666043092791, '2025-07-15 15:00:00+00:00': 13145.666043092791, '2025-07-16 15:00:00+00:00': 13076.486199391578, '2025-07-17 21:00:00+00:00': 13086.486199391578, '2025-07-18 01:00:00+00:00': 13091.623725990634, '2025-07-18 09:00:00+00:00': 13152.699880515098, '2025-07-19 19:00:00+00:00': 13147.929889116096, '2025-07-20 03:00:00+00:00': 13259.65181024359, '2025-07-20 10:00:00+00:00': 13262.274107916877, '2025-07-20 13:00:00+00:00': 13261.101390935599, '2025-07-21 02:00:00+00:00': 13270.047145539176, '2025-07-21 05:00:00+00:00': 13257.699880515098, '2025-07-22 01:00:00+00:00': 13280.233202173822, '2025-07-22 05:00:00+00:00': 13263.445950674812, '2025-07-22 12:00:00+00:00': 13249.289344136334, '2025-07-23 00:00:00+00:00': 13255.233202173822, '2025-07-23 11:00:00+00:00': 13285.789344136334, '2025-07-23 14:00:00+00:00': 13404.965240205638, '2025-07-24 07:00:00+00:00': 13411.71164427934, '2025-07-24 12:00:00+00:00': 13582.454024499584, '2025-07-24 14:00:00+00:00': 13374.954024499584, '2025-07-24 15:00:00+00:00': 13575.801009143584, '2025-07-24 16:00:00+00:00': 13371.71164427934, '2025-07-25 04:00:00+00:00': 13635.594646639156, '2025-07-25 07:00:00+00:00': 13650.594646639156}]",315,COMPLETE
