number,value,datetime_start,datetime_complete,duration,params_CONVERGENCE_THRESHOLD,params_DAILY_LOSS_LIMIT,params_FIXED_TRADE_PCT,params_MAX_CONCURRENT_POSITIONS,params_MAX_DRAWDOWN_LIMIT,params_MAX_HOLD_HOURS,params_MAX_POSITION_PCT,params_MIN_DIV,params_MIN_TIME_BETWEEN_TRADES,params_STOP_LOSS_PCT,params_TAKE_PROFIT_PCT,params_TRAIL_PCT,user_attrs_cooldown_trades_pct,user_attrs_equity_curves,user_attrs_total_trades,state
24,466.5881202858371,2025-08-01 18:31:11.528187,2025-08-01 18:31:12.266971,0 days 00:00:00.738784,0.03,0.1,0.055,2,0.15,72,0.01,0.04,1.0,0.35,0.5,0.6,0.0,"[{'2025-05-01 00:00:00+00:00': 10000.0, '2025-05-01 02:00:00+00:00': 10041.276095375673, '2025-05-01 03:00:00+00:00': 10047.756476820994, '2025-05-01 06:00:00+00:00': 10061.868843086711, '2025-05-01 07:00:00+00:00': 10065.882829694523, '2025-05-01 11:00:00+00:00': 10076.680911921774, '2025-05-01 13:00:00+00:00': 10113.839864790138, '2025-05-01 15:00:00+00:00': 10107.459206402818, '2025-05-01 16:00:00+00:00': 10114.441317768828, '2025-05-02 01:00:00+00:00': 10118.33717538479, '2025-05-02 05:00:00+00:00': 10120.254429720884, '2025-05-02 09:00:00+00:00': 10123.153331841164, '2025-05-02 13:00:00+00:00': 10112.89242964051, '2025-05-02 15:00:00+00:00': 10120.927549841297, '2025-05-02 18:00:00+00:00': 10121.888260428255, '2025-05-02 20:00:00+00:00': 10127.951035423286, '2025-05-03 01:00:00+00:00': 10127.951035423286, '2025-05-03 23:00:00+00:00': 10131.910086929574, '2025-05-04 00:00:00+00:00': 10134.71193320452, '2025-05-04 03:00:00+00:00': 10134.71193320452, '2025-05-04 08:00:00+00:00': 10134.71193320452, '2025-05-04 22:00:00+00:00': 10130.397166837172, '2025-05-05 00:00:00+00:00': 10145.467459058933, '2025-05-05 01:00:00+00:00': 10150.881803124112, '2025-05-05 02:00:00+00:00': 10163.396215929395, '2025-05-05 03:00:00+00:00': 10166.339897184682, '2025-05-05 10:00:00+00:00': 10167.391300018167, '2025-05-05 11:00:00+00:00': 10172.315568568398, '2025-05-05 14:00:00+00:00': 10175.085222105343, '2025-05-05 19:00:00+00:00': 10176.9596784817, '2025-05-05 23:00:00+00:00': 10204.876345373808, '2025-05-06 07:00:00+00:00': 10206.904762945313, '2025-05-06 10:00:00+00:00': 10202.820033095644, '2025-05-06 16:00:00+00:00': 10237.99070805524, '2025-05-06 17:00:00+00:00': 10241.818001901393, '2025-05-06 20:00:00+00:00': 10252.950665534097, '2025-05-06 21:00:00+00:00': 10268.51407706288, '2025-05-07 00:00:00+00:00': 10286.390675423885, '2025-05-07 01:00:00+00:00': 10294.164297438661, '2025-05-07 02:00:00+00:00': 10296.23345298126, '2025-05-07 03:00:00+00:00': 10307.183538937446, '2025-05-07 17:00:00+00:00': 10325.15503218268, '2025-05-07 18:00:00+00:00': 10332.886981362857, '2025-05-07 19:00:00+00:00': 10335.678560119295, '2025-05-07 20:00:00+00:00': 10340.505776791462, '2025-05-07 23:00:00+00:00': 10343.534863233788, '2025-05-08 04:00:00+00:00': 10385.52634331614, '2025-05-08 13:00:00+00:00': 10324.139209332156, '2025-05-08 17:00:00+00:00': 10436.680662791388, '2025-05-08 19:00:00+00:00': 10440.019307329874, '2025-05-08 21:00:00+00:00': 10454.3908184914, '2025-05-08 23:00:00+00:00': 10462.748550157858, '2025-05-09 00:00:00+00:00': 10465.43036733927, '2025-05-09 03:00:00+00:00': 10484.245879008178, '2025-05-09 08:00:00+00:00': 10477.098157889866, '2025-05-09 09:00:00+00:00': 10508.484413288263, '2025-05-09 11:00:00+00:00': 10509.610550250938, '2025-05-09 15:00:00+00:00': 10514.776382441132, '2025-05-09 18:00:00+00:00': 10520.705556656461, '2025-05-10 07:00:00+00:00': 10543.24393643461, '2025-05-10 08:00:00+00:00': 10531.649000673866, '2025-05-10 22:00:00+00:00': 10545.6240872042, '2025-05-11 01:00:00+00:00': 10548.207111260836, '2025-05-11 11:00:00+00:00': 10568.813651808456, '2025-05-11 12:00:00+00:00': 10558.842079702454, '2025-05-11 19:00:00+00:00': 10575.971786031618, '2025-05-12 02:00:00+00:00': 10594.870533373558, '2025-05-12 09:00:00+00:00': 10602.176397553863, '2025-05-12 12:00:00+00:00': 10607.555528555391, '2025-05-12 16:00:00+00:00': 10646.759882379676, '2025-05-12 19:00:00+00:00': 10664.491673758122, '2025-05-12 21:00:00+00:00': 10676.760858769097, '2025-05-13 01:00:00+00:00': 10682.423533143823, '2025-05-13 05:00:00+00:00': 10681.429474834866, '2025-05-13 10:00:00+00:00': 10690.057449458393, '2025-05-13 20:00:00+00:00': 10697.770384670708, '2025-05-14 12:00:00+00:00': 10699.729375699908, '2025-05-14 19:00:00+00:00': 10701.983956095171, '2025-05-14 22:00:00+00:00': 10704.934927670507, '2025-05-15 01:00:00+00:00': 10710.321555167633, '2025-05-15 13:00:00+00:00': 10717.392102770948, '2025-05-15 21:00:00+00:00': 10741.073171771082, '2025-05-16 00:00:00+00:00': 10746.231267985073, '2025-05-16 11:00:00+00:00': 10752.403162152224, '2025-05-16 14:00:00+00:00': 10760.371230008252, '2025-05-16 16:00:00+00:00': 10766.42735746067, '2025-05-17 05:00:00+00:00': 10773.562761899339, '2025-05-17 09:00:00+00:00': 10773.562761899339, '2025-05-17 22:00:00+00:00': 10775.565527388982, '2025-05-18 01:00:00+00:00': 10780.317667586087, '2025-05-18 15:00:00+00:00': 10802.35964139716, '2025-05-18 18:00:00+00:00': 10804.111400102438, '2025-05-19 00:00:00+00:00': 10825.896803338008, '2025-05-19 01:00:00+00:00': 10852.815167566527, '2025-05-19 02:00:00+00:00': 10850.753845116089, '2025-05-19 04:00:00+00:00': 10880.140924253907, '2025-05-19 08:00:00+00:00': 10884.454868766677, '2025-05-19 16:00:00+00:00': 10938.51413920116, '2025-05-19 18:00:00+00:00': 10943.42759308765, '2025-05-19 20:00:00+00:00': 10959.012002052428, '2025-05-20 02:00:00+00:00': 10971.805185424177, '2025-05-20 06:00:00+00:00': 10973.472559484964, '2025-05-20 08:00:00+00:00': 10997.389609994909, '2025-05-20 12:00:00+00:00': 10998.586286992566, '2025-05-20 14:00:00+00:00': 11015.448282722647, '2025-05-20 16:00:00+00:00': 11024.71985498261, '2025-05-20 20:00:00+00:00': 11096.524359472201, '2025-05-21 07:00:00+00:00': 11113.082723040721, '2025-05-21 08:00:00+00:00': 11137.70248382007, '2025-05-21 15:00:00+00:00': 11169.728161754801, '2025-05-21 18:00:00+00:00': 11167.900874681596, '2025-05-21 21:00:00+00:00': 11220.400874681596, '2025-05-22 00:00:00+00:00': 11227.56252126151, '2025-05-22 01:00:00+00:00': 11239.040575423098, '2025-05-22 04:00:00+00:00': 11282.096094558643, '2025-05-22 07:00:00+00:00': 11299.344927813203, '2025-05-22 09:00:00+00:00': 11321.417532536721, '2025-05-22 14:00:00+00:00': 11335.00682222052, '2025-05-23 00:00:00+00:00': 11343.752253798995, '2025-05-23 07:00:00+00:00': 11353.153564586539, '2025-05-24 00:00:00+00:00': 11455.373831239283, '2025-05-24 08:00:00+00:00': 11477.210952271302, '2025-05-24 13:00:00+00:00': 11487.8749457792, '2025-05-24 23:00:00+00:00': 11504.20060949505, '2025-05-25 19:00:00+00:00': 11511.017388840937, '2025-05-25 23:00:00+00:00': 11576.017388840937, '2025-05-26 01:00:00+00:00': 11584.19556139078, '2025-05-26 09:00:00+00:00': 11595.486298889871, '2025-05-26 16:00:00+00:00': 11608.41455351616, '2025-05-26 21:00:00+00:00': 11618.618315099684, '2025-05-27 02:00:00+00:00': 11648.912090112806, '2025-05-27 04:00:00+00:00': 11660.55594121311, '2025-05-27 08:00:00+00:00': 11674.335397777397, '2025-05-27 13:00:00+00:00': 11684.223925819535, '2025-05-27 15:00:00+00:00': 11697.70092549652, '2025-05-28 07:00:00+00:00': 11752.612658625927, '2025-05-28 16:00:00+00:00': 11797.612658625927, '2025-05-28 17:00:00+00:00': 11797.612658625927, '2025-05-28 20:00:00+00:00': 11802.585299836224, '2025-05-29 03:00:00+00:00': 11795.388992701382, '2025-05-29 05:00:00+00:00': 11807.165677982932, '2025-05-29 14:00:00+00:00': 11820.29151285659, '2025-05-29 18:00:00+00:00': 11831.905690907717, '2025-05-31 03:00:00+00:00': 11847.78110387389, '2025-06-02 23:00:00+00:00': 11826.905690907717, '2025-06-03 04:00:00+00:00': 11790.817999408358, '2025-06-05 21:00:00+00:00': 12020.817999408358, '2025-06-06 10:00:00+00:00': 12068.317999408358, '2025-06-06 14:00:00+00:00': 12120.817999408358, '2025-06-09 10:00:00+00:00': 12073.317999408358, '2025-06-09 11:00:00+00:00': 12145.817999408358, '2025-06-09 22:00:00+00:00': 12108.317999408358, '2025-06-12 23:00:00+00:00': 12135.817999408358, '2025-06-13 00:00:00+00:00': 12145.817999408358, '2025-06-13 01:00:00+00:00': 12198.317999408358, '2025-06-16 01:00:00+00:00': 12188.317999408358, '2025-06-16 02:00:00+00:00': 12118.317999408358, '2025-06-16 17:00:00+00:00': 12150.817999408358, '2025-06-16 20:00:00+00:00': 12188.317999408358, '2025-06-17 10:00:00+00:00': 12240.817999408358, '2025-06-17 16:00:00+00:00': 12170.817999408358, '2025-06-17 17:00:00+00:00': 12220.817999408358, '2025-06-17 20:00:00+00:00': 12218.317999408358, '2025-06-18 18:00:00+00:00': 12183.317999408358, '2025-06-19 01:00:00+00:00': 12203.317999408358, '2025-06-20 08:00:00+00:00': 12140.817999408358, '2025-06-20 10:00:00+00:00': 12256.067999408358, '2025-06-20 15:00:00+00:00': 12281.067999408358, '2025-06-21 20:00:00+00:00': 12265.817999408358, '2025-06-21 22:00:00+00:00': 12305.817999408358, '2025-06-22 01:00:00+00:00': 12393.817999408358, '2025-06-22 14:00:00+00:00': 12375.817999408358, '2025-06-22 15:00:00+00:00': 12611.067999408358, '2025-06-22 16:00:00+00:00': 12650.317999408358, '2025-06-23 01:00:00+00:00': 12506.567999408358, '2025-06-23 03:00:00+00:00': 12560.317999408358, '2025-06-23 07:00:00+00:00': 12496.567999408358, '2025-06-23 18:00:00+00:00': 12411.817999408358, '2025-06-23 19:00:00+00:00': 12436.567999408358, '2025-06-23 23:00:00+00:00': 12421.567999408358, '2025-06-24 05:00:00+00:00': 12375.817999408358, '2025-06-24 21:00:00+00:00': 12401.567999408358, '2025-06-25 11:00:00+00:00': 12401.317999408358, '2025-06-25 14:00:00+00:00': 12411.567999408358, '2025-06-25 16:00:00+00:00': 12362.067999408358, '2025-06-26 14:00:00+00:00': 12343.817999408358, '2025-06-27 00:00:00+00:00': 12328.817999408358, '2025-06-30 21:00:00+00:00': 12336.443786114029, '2025-06-30 22:00:00+00:00': 12350.410866630575, '2025-07-01 00:00:00+00:00': 12357.651973000678, '2025-07-01 02:00:00+00:00': 12352.484052824317, '2025-07-01 05:00:00+00:00': 12361.77151961022, '2025-07-01 18:00:00+00:00': 12347.847578024244, '2025-07-01 20:00:00+00:00': 12364.885955612235, '2025-07-02 00:00:00+00:00': 12374.570919554111, '2025-07-02 08:00:00+00:00': 12339.74236901406, '2025-07-02 14:00:00+00:00': 12376.549099619879, '2025-07-02 17:00:00+00:00': 12394.761650775137, '2025-07-02 18:00:00+00:00': 12395.857419256998, '2025-07-02 20:00:00+00:00': 12375.238784940637, '2025-07-02 21:00:00+00:00': 12402.606237282504, '2025-07-02 22:00:00+00:00': 12406.968417149204, '2025-07-03 00:00:00+00:00': 12418.490596711556, '2025-07-03 05:00:00+00:00': 12428.556060884657, '2025-07-03 07:00:00+00:00': 12445.874439494934, '2025-07-03 10:00:00+00:00': 12472.045135806682, '2025-07-03 14:00:00+00:00': 12457.332960998558, '2025-07-03 16:00:00+00:00': 12482.802169583252, '2025-07-03 17:00:00+00:00': 12478.109814653479, '2025-07-03 21:00:00+00:00': 12490.933410350477, '2025-07-04 05:00:00+00:00': 12502.50121843129, '2025-07-04 16:00:00+00:00': 12517.867774793336, '2025-07-04 18:00:00+00:00': 12521.520376498507, '2025-07-04 20:00:00+00:00': 12524.413621461097, '2025-07-04 23:00:00+00:00': 12532.100950485903, '2025-07-06 23:00:00+00:00': 12498.521919779943, '2025-07-08 01:00:00+00:00': 12543.41169257208, '2025-07-08 05:00:00+00:00': 12570.526669145795, '2025-07-08 14:00:00+00:00': 12591.952691890518, '2025-07-08 17:00:00+00:00': 12607.479371143785, '2025-07-09 03:00:00+00:00': 12616.268942234954, '2025-07-09 05:00:00+00:00': 12618.561269429018, '2025-07-09 16:00:00+00:00': 12570.526669145795, '2025-07-09 20:00:00+00:00': 12657.327930993171, '2025-07-09 21:00:00+00:00': 12648.659441209096, '2025-07-10 01:00:00+00:00': 12659.284105468023, '2025-07-10 02:00:00+00:00': 12662.531729931074, '2025-07-10 06:00:00+00:00': 12675.900650119238, '2025-07-10 08:00:00+00:00': 12680.721226660915, '2025-07-10 14:00:00+00:00': 12685.099651540535, '2025-07-10 18:00:00+00:00': 12801.3848169182, '2025-07-10 22:00:00+00:00': 12706.3848169182, '2025-07-10 23:00:00+00:00': 12899.368437082861, '2025-07-11 06:00:00+00:00': 12922.936949558858, '2025-07-11 12:00:00+00:00': 12928.210431516962, '2025-07-11 16:00:00+00:00': 12954.058892338473, '2025-07-12 09:00:00+00:00': 12929.487789026092, '2025-07-13 11:00:00+00:00': 12949.090483640919, '2025-07-13 12:00:00+00:00': 12947.70323761858, '2025-07-13 23:00:00+00:00': 12942.360221597992, '2025-07-14 00:00:00+00:00': 12951.603720537752, '2025-07-14 03:00:00+00:00': 12936.967160097514, '2025-07-14 04:00:00+00:00': 12974.417153966282, '2025-07-14 07:00:00+00:00': 13002.47348460035, '2025-07-15 04:00:00+00:00': 13138.97348460035, '2025-07-15 15:00:00+00:00': 13346.47348460035, '2025-07-16 15:00:00+00:00': 13269.468652099788, '2025-07-17 21:00:00+00:00': 13279.468652099788, '2025-07-18 01:00:00+00:00': 13283.728800352159, '2025-07-19 18:00:00+00:00': 13451.290565155552, '2025-07-20 03:00:00+00:00': 13457.666264076704, '2025-07-20 10:00:00+00:00': 13459.840018768278, '2025-07-20 13:00:00+00:00': 13458.867929439855, '2025-07-21 00:00:00+00:00': 13398.728800352159, '2025-07-21 02:00:00+00:00': 13466.283369192097, '2025-07-21 08:00:00+00:00': 13393.783369192097, '2025-07-22 01:00:00+00:00': 13402.313987706362, '2025-07-22 05:00:00+00:00': 13429.083204427654, '2025-07-22 12:00:00+00:00': 13417.416160877076, '2025-07-23 00:00:00+00:00': 13422.313987706362, '2025-07-23 11:00:00+00:00': 13451.963905178085, '2025-07-23 14:00:00+00:00': 13570.419559138096, '2025-07-24 07:00:00+00:00': 13576.002054770343, '2025-07-24 14:00:00+00:00': 13538.685413950163, '2025-07-24 16:00:00+00:00': 13536.002054770343, '2025-07-25 04:00:00+00:00': 13628.88058351324, '2025-07-25 07:00:00+00:00': 13653.88058351324}]",291,COMPLETE
