number,value,datetime_start,datetime_complete,duration,params_CONVERGENCE_THRESHOLD,params_DAILY_LOSS_LIMIT,params_FIXED_TRADE_PCT,params_MAX_CONCURRENT_POSITIONS,params_MAX_DRAWDOWN_LIMIT,params_MAX_HOLD_HOURS,params_MAX_POSITION_PCT,params_MIN_DIV,params_MIN_TIME_BETWEEN_TRADES,params_STOP_LOSS_PCT,params_TAKE_PROFIT_PCT,params_TRAIL_PCT,user_attrs_cooldown_trades_pct,user_attrs_equity_curves,user_attrs_total_trades,state
5,322.50243961725926,2025-08-01 18:30:56.929874,2025-08-01 18:30:57.609779,0 days 00:00:00.679905,0.02,0.1,0.065,2,0.2,96,0.015,0.05,2.0,0.25,0.5,0.55,0.4629629629629629,"[{'2025-05-01 00:00:00+00:00': 10000.0, '2025-05-01 06:00:00+00:00': 10034.826537419427, '2025-05-01 07:00:00+00:00': 10039.557590318193, '2025-05-01 16:00:00+00:00': 10100.734306812177, '2025-05-02 01:00:00+00:00': 10105.329283487987, '2025-05-02 13:00:00+00:00': 10082.241097733311, '2025-05-02 16:00:00+00:00': 10104.032107544312, '2025-05-02 19:00:00+00:00': 10104.032107544312, '2025-05-02 20:00:00+00:00': 10111.184565224936, '2025-05-03 10:00:00+00:00': 10103.612568619263, '2025-05-04 01:00:00+00:00': 10098.679997839323, '2025-05-04 22:00:00+00:00': 10101.679160374684, '2025-05-05 00:00:00+00:00': 10119.439016333772, '2025-05-05 01:00:00+00:00': 10128.201820058588, '2025-05-05 03:00:00+00:00': 10131.66866916531, '2025-05-05 10:00:00+00:00': 10137.444315946139, '2025-05-05 12:00:00+00:00': 10144.407974988728, '2025-05-05 19:00:00+00:00': 10162.363188549905, '2025-05-07 00:00:00+00:00': 10204.588918336876, '2025-05-07 01:00:00+00:00': 10213.702867175733, '2025-05-07 04:00:00+00:00': 10229.749467911335, '2025-05-07 17:00:00+00:00': 10292.625865008222, '2025-05-07 18:00:00+00:00': 10301.708986400305, '2025-05-07 20:00:00+00:00': 10307.379006417365, '2025-05-07 23:00:00+00:00': 10316.085697434059, '2025-05-08 11:00:00+00:00': 10378.31529546645, '2025-05-08 16:00:00+00:00': 10275.81103492196, '2025-05-08 17:00:00+00:00': 10418.748801019117, '2025-05-08 21:00:00+00:00': 10435.643662201699, '2025-05-09 03:00:00+00:00': 10456.711764564885, '2025-05-09 08:00:00+00:00': 10448.288500511004, '2025-05-09 09:00:00+00:00': 10477.467829352994, '2025-05-09 18:00:00+00:00': 10483.554231925671, '2025-05-09 19:00:00+00:00': 10491.933043414336, '2025-05-10 08:00:00+00:00': 10504.83083431729, '2025-05-10 22:00:00+00:00': 10514.811601876261, '2025-05-11 01:00:00+00:00': 10517.855347313167, '2025-05-11 13:00:00+00:00': 10528.112311233068, '2025-05-12 12:00:00+00:00': 10534.436329381017, '2025-05-12 16:00:00+00:00': 10579.436329381017, '2025-05-12 19:00:00+00:00': 10600.296599995443, '2025-05-12 21:00:00+00:00': 10614.734849562205, '2025-05-13 06:00:00+00:00': 10628.065191958238, '2025-05-14 08:00:00+00:00': 10628.065191958238, '2025-05-15 01:00:00+00:00': 10634.392613046684, '2025-05-16 03:00:00+00:00': 10683.044737713697, '2025-05-16 11:00:00+00:00': 10690.304049213377, '2025-05-16 17:00:00+00:00': 10698.451468673149, '2025-05-17 05:00:00+00:00': 10710.956743439785, '2025-05-17 18:00:00+00:00': 10722.309132727582, '2025-05-18 15:00:00+00:00': 10753.550008447211, '2025-05-18 17:00:00+00:00': 10825.033118113837, '2025-05-19 00:00:00+00:00': 10872.533118113837, '2025-05-19 01:00:00+00:00': 10811.050008447211, '2025-05-19 04:00:00+00:00': 10907.371887605877, '2025-05-19 08:00:00+00:00': 10930.345286142765, '2025-05-19 16:00:00+00:00': 10994.574414699067, '2025-05-19 18:00:00+00:00': 11012.792085571034, '2025-05-19 20:00:00+00:00': 11031.347344348458, '2025-05-20 02:00:00+00:00': 11068.847344348458, '2025-05-20 06:00:00+00:00': 11070.837510690042, '2025-05-20 08:00:00+00:00': 11099.385529575156, '2025-05-20 14:00:00+00:00': 11119.518227728287, '2025-05-20 16:00:00+00:00': 11130.591282760095, '2025-05-20 20:00:00+00:00': 11210.591282760095, '2025-05-20 23:00:00+00:00': 11260.591282760095, '2025-05-21 07:00:00+00:00': 11276.29323503697, '2025-05-21 08:00:00+00:00': 11287.409302846652, '2025-05-21 15:00:00+00:00': 11366.706315412708, '2025-05-21 18:00:00+00:00': 11415.523042980236, '2025-05-21 21:00:00+00:00': 11448.023042980236, '2025-05-22 00:00:00+00:00': 11522.773042980236, '2025-05-22 07:00:00+00:00': 11540.273042980236, '2025-05-22 09:00:00+00:00': 11565.273042980236, '2025-05-22 16:00:00+00:00': 11579.643820226991, '2025-05-23 00:00:00+00:00': 11590.213807725408, '2025-05-23 07:00:00+00:00': 11601.578105644721, '2025-05-24 00:00:00+00:00': 11725.160527407164, '2025-05-24 08:00:00+00:00': 11751.604108924263, '2025-05-24 16:00:00+00:00': 11762.907357525699, '2025-05-24 23:00:00+00:00': 11782.684337191642, '2025-05-25 23:00:00+00:00': 11847.684337191642, '2025-05-26 09:00:00+00:00': 11861.345884742563, '2025-05-26 16:00:00+00:00': 11876.99156644694, '2025-05-26 21:00:00+00:00': 11889.342590601645, '2025-05-27 02:00:00+00:00': 11926.01720181388, '2025-05-27 15:00:00+00:00': 11936.260841171772, '2025-05-28 07:00:00+00:00': 12002.549296620422, '2025-05-28 16:00:00+00:00': 12047.549296620422, '2025-05-28 17:00:00+00:00': 12047.549296620422, '2025-05-28 20:00:00+00:00': 12053.55678589656, '2025-05-29 01:00:00+00:00': 12046.311297849135, '2025-05-29 06:00:00+00:00': 12054.388923871684, '2025-05-29 14:00:00+00:00': 12070.242504102438, '2025-05-29 18:00:00+00:00': 12084.273119292338, '2025-05-31 03:00:00+00:00': 12081.96804339111, '2025-06-02 23:00:00+00:00': 12016.96804339111, '2025-06-03 15:00:00+00:00': 12056.773119292338, '2025-06-05 02:00:00+00:00': 11924.46804339111, '2025-06-05 06:00:00+00:00': 11986.96804339111, '2025-06-05 20:00:00+00:00': 11876.96804339111, '2025-06-05 21:00:00+00:00': 11951.96804339111, '2025-06-06 08:00:00+00:00': 12011.348027330225, '2025-06-08 16:00:00+00:00': 12048.848027330225, '2025-06-09 11:00:00+00:00': 12098.848027330225, '2025-06-09 15:00:00+00:00': 12031.348027330225, '2025-06-09 22:00:00+00:00': 12180.379735567307, '2025-06-12 04:00:00+00:00': 12175.379735567307, '2025-06-13 01:00:00+00:00': 12207.879735567307, '2025-06-13 08:00:00+00:00': 12102.879735567307, '2025-06-14 00:00:00+00:00': 12122.879735567307, '2025-06-14 10:00:00+00:00': 12045.379735567307, '2025-06-16 05:00:00+00:00': 12087.879735567307, '2025-06-16 15:00:00+00:00': 12042.879735567307, '2025-06-17 08:00:00+00:00': 12017.879735567307, '2025-06-17 16:00:00+00:00': 12132.879735567307, '2025-06-18 04:00:00+00:00': 12045.379735567307, '2025-06-19 07:00:00+00:00': 12122.879735567307, '2025-06-19 08:00:00+00:00': 12035.379735567307, '2025-06-20 08:00:00+00:00': 11950.379735567307, '2025-06-20 09:00:00+00:00': 11977.879735567307, '2025-06-20 10:00:00+00:00': 11940.629735567307, '2025-06-20 15:00:00+00:00': 11983.129735567307, '2025-06-21 22:00:00+00:00': 12060.379735567307, '2025-06-22 01:00:00+00:00': 12063.379735567307, '2025-06-22 10:00:00+00:00': 12053.129735567307, '2025-06-22 14:00:00+00:00': 12307.879735567307, '2025-06-22 15:00:00+00:00': 12237.879735567307, '2025-06-22 16:00:00+00:00': 12347.129735567307, '2025-06-22 23:00:00+00:00': 12259.629735567307, '2025-06-23 00:00:00+00:00': 12233.629735567307, '2025-06-23 05:00:00+00:00': 12177.379735567307, '2025-06-23 06:00:00+00:00': 12186.129735567307, '2025-06-23 19:00:00+00:00': 12117.629735567307, '2025-06-23 23:00:00+00:00': 12077.629735567307, '2025-06-24 00:00:00+00:00': 12069.129735567307, '2025-06-24 05:00:00+00:00': 12038.629735567307, '2025-06-24 17:00:00+00:00': 12054.129735567307, '2025-06-25 01:00:00+00:00': 12064.379735567307, '2025-06-25 14:00:00+00:00': 12074.379735567307, '2025-06-25 16:00:00+00:00': 12025.129735567307, '2025-06-26 13:00:00+00:00': 12012.129735567307, '2025-06-27 00:00:00+00:00': 12000.129735567307, '2025-06-30 21:00:00+00:00': 12009.142028946735, '2025-07-01 00:00:00+00:00': 12025.64109202853, '2025-07-01 07:00:00+00:00': 12023.93260127189, '2025-07-01 11:00:00+00:00': 12032.638957003002, '2025-07-01 18:00:00+00:00': 12014.068625501595, '2025-07-02 05:00:00+00:00': 12029.044677445741, '2025-07-02 08:00:00+00:00': 12025.916176711373, '2025-07-02 15:00:00+00:00': 12069.437942314216, '2025-07-02 17:00:00+00:00': 12084.58927748506, '2025-07-02 20:00:00+00:00': 12072.540615531094, '2025-07-02 21:00:00+00:00': 12092.578954881694, '2025-07-03 05:00:00+00:00': 12101.578830497934, '2025-07-03 07:00:00+00:00': 12139.565197004407, '2025-07-03 10:00:00+00:00': 12156.960687923938, '2025-07-03 14:00:00+00:00': 12119.084545140786, '2025-07-03 16:00:00+00:00': 12169.686329164178, '2025-07-03 17:00:00+00:00': 12164.13338130735, '2025-07-04 02:00:00+00:00': 12178.293282007926, '2025-07-04 20:00:00+00:00': 12227.424187095534, '2025-07-07 23:00:00+00:00': 12208.583250185555, '2025-07-08 14:00:00+00:00': 12267.69340188814, '2025-07-08 17:00:00+00:00': 12227.122770898834, '2025-07-09 20:00:00+00:00': 12283.404570926663, '2025-07-10 03:00:00+00:00': 12307.142632836456, '2025-07-10 06:00:00+00:00': 12313.046254820798, '2025-07-10 08:00:00+00:00': 12318.71352168762, '2025-07-10 10:00:00+00:00': 12303.32206427876, '2025-07-10 14:00:00+00:00': 12323.871368762932, '2025-07-10 18:00:00+00:00': 12443.947525171541, '2025-07-10 22:00:00+00:00': 12348.947525171541, '2025-07-10 23:00:00+00:00': 12533.947525171541, '2025-07-11 07:00:00+00:00': 12556.153049176119, '2025-07-11 12:00:00+00:00': 12554.648873268152, '2025-07-11 16:00:00+00:00': 12600.596105258253, '2025-07-13 12:00:00+00:00': 12600.596105258253, '2025-07-13 23:00:00+00:00': 12574.547334566607, '2025-07-14 04:00:00+00:00': 12601.453197518427, '2025-07-14 07:00:00+00:00': 12601.453197518427, '2025-07-15 04:00:00+00:00': 12737.953197518427, '2025-07-15 15:00:00+00:00': 12930.911539976458, '2025-07-16 09:00:00+00:00': 12860.876749444067, '2025-07-16 16:00:00+00:00': 12913.376749444067, '2025-07-17 22:00:00+00:00': 12781.626749444067, '2025-07-18 02:00:00+00:00': 12762.792181411507, '2025-07-18 11:00:00+00:00': 12789.84485046146, '2025-07-18 22:00:00+00:00': 12840.292181411507, '2025-07-22 01:00:00+00:00': 12914.929752871, '2025-07-22 11:00:00+00:00': 12910.745432884627, '2025-07-22 12:00:00+00:00': 12895.292181411507, '2025-07-22 23:00:00+00:00': 12897.99507618394, '2025-07-23 11:00:00+00:00': 13042.24507618394, '2025-07-24 03:00:00+00:00': 13038.09893949168, '2025-07-24 07:00:00+00:00': 13057.86163880229, '2025-07-25 02:00:00+00:00': 13000.49507618394, '2025-07-25 04:00:00+00:00': 13068.599327635038, '2025-07-25 07:00:00+00:00': 13113.599327635038}]",215,COMPLETE
