number,value,datetime_start,datetime_complete,duration,params_CONVERGENCE_THRESHOLD,params_DAILY_LOSS_LIMIT,params_FIXED_TRADE_PCT,params_MAX_CONCURRENT_POSITIONS,params_MAX_DRAWDOWN_LIMIT,params_MAX_HOLD_HOURS,params_MAX_POSITION_PCT,params_MIN_DIV,params_MIN_TIME_BETWEEN_TRADES,params_STOP_LOSS_PCT,params_TAKE_PROFIT_PCT,params_TRAIL_PCT,user_attrs_cooldown_trades_pct,user_attrs_equity_curves,user_attrs_total_trades,state
22,543.4323130036616,2025-08-01 18:31:10.094690,2025-08-01 18:31:10.778606,0 days 00:00:00.683916,0.03,0.1,0.055,2,0.15,72,0.01,0.05,1.0,0.35,0.5,0.6,0.0,"[{'2025-05-01 00:00:00+00:00': 10000.0, '2025-05-01 02:00:00+00:00': 10041.276095375673, '2025-05-01 03:00:00+00:00': 10047.756476820994, '2025-05-01 06:00:00+00:00': 10060.69508747241, '2025-05-01 07:00:00+00:00': 10064.70860583328, '2025-05-01 11:00:00+00:00': 10075.5054284228, '2025-05-01 13:00:00+00:00': 10114.12874191142, '2025-05-01 15:00:00+00:00': 10107.747897946758, '2025-05-01 16:00:00+00:00': 10114.730212382981, '2025-05-02 01:00:00+00:00': 10118.626183307455, '2025-05-02 13:00:00+00:00': 10111.712721929027, '2025-05-02 15:00:00+00:00': 10124.794466090072, '2025-05-02 18:00:00+00:00': 10125.755543737003, '2025-05-02 20:00:00+00:00': 10131.820635144539, '2025-05-03 01:00:00+00:00': 10131.820635144539, '2025-05-03 23:00:00+00:00': 10135.781199290901, '2025-05-04 00:00:00+00:00': 10138.584116070979, '2025-05-04 03:00:00+00:00': 10138.584116070979, '2025-05-04 22:00:00+00:00': 10134.922083359043, '2025-05-05 00:00:00+00:00': 10149.999106986605, '2025-05-05 01:00:00+00:00': 10157.436178944525, '2025-05-05 02:00:00+00:00': 10169.95867224629, '2025-05-05 03:00:00+00:00': 10172.904254222482, '2025-05-05 10:00:00+00:00': 10177.81123025125, '2025-05-05 11:00:00+00:00': 10182.74105516938, '2025-05-05 14:00:00+00:00': 10185.513833883972, '2025-05-05 19:00:00+00:00': 10201.86921127982, '2025-05-05 23:00:00+00:00': 10213.449894649386, '2025-05-06 05:00:00+00:00': 10215.739753267884, '2025-05-06 10:00:00+00:00': 10213.417305423463, '2025-05-06 16:00:00+00:00': 10237.49561483007, '2025-05-06 17:00:00+00:00': 10241.322723594274, '2025-05-06 20:00:00+00:00': 10252.45484886877, '2025-05-06 21:00:00+00:00': 10256.879831552018, '2025-05-07 01:00:00+00:00': 10329.172179544554, '2025-05-07 02:00:00+00:00': 10350.533040351404, '2025-05-07 03:00:00+00:00': 10361.540874138562, '2025-05-07 17:00:00+00:00': 10391.45644195845, '2025-05-07 18:00:00+00:00': 10399.234184200921, '2025-05-07 19:00:00+00:00': 10402.042296296742, '2025-05-07 20:00:00+00:00': 10406.898102530044, '2025-05-07 23:00:00+00:00': 10435.99854352973, '2025-05-08 04:00:00+00:00': 10478.344663664018, '2025-05-08 13:00:00+00:00': 10383.746852637863, '2025-05-08 17:00:00+00:00': 10536.883610387149, '2025-05-08 21:00:00+00:00': 10569.777930392354, '2025-05-09 00:00:00+00:00': 10555.273077867028, '2025-05-09 03:00:00+00:00': 10588.781045697362, '2025-05-09 08:00:00+00:00': 10581.562056866791, '2025-05-09 09:00:00+00:00': 10606.565689915577, '2025-05-09 15:00:00+00:00': 10611.779178865181, '2025-05-09 18:00:00+00:00': 10617.76305195935, '2025-05-10 07:00:00+00:00': 10640.509356831273, '2025-05-10 08:00:00+00:00': 10628.807453394542, '2025-05-10 22:00:00+00:00': 10649.06369922435, '2025-05-11 01:00:00+00:00': 10651.672059572518, '2025-05-11 12:00:00+00:00': 10657.950195558835, '2025-05-12 12:00:00+00:00': 10663.36728015252, '2025-05-12 16:00:00+00:00': 10702.84824855553, '2025-05-12 19:00:00+00:00': 10720.705150324118, '2025-05-12 21:00:00+00:00': 10733.060903155043, '2025-05-13 01:00:00+00:00': 10738.76353172194, '2025-05-13 05:00:00+00:00': 10737.762459625135, '2025-05-13 20:00:00+00:00': 10745.041688453028, '2025-05-15 01:00:00+00:00': 10750.458059504, '2025-05-15 21:00:00+00:00': 10774.25415215297, '2025-05-16 11:00:00+00:00': 10780.453042345767, '2025-05-16 17:00:00+00:00': 10787.409580712478, '2025-05-17 04:00:00+00:00': 10799.610916409443, '2025-05-17 15:00:00+00:00': 10805.148938583161, '2025-05-18 15:00:00+00:00': 10831.80469186206, '2025-05-18 17:00:00+00:00': 10888.180224000536, '2025-05-18 18:00:00+00:00': 10876.254706046284, '2025-05-19 00:00:00+00:00': 10935.680224000536, '2025-05-19 01:00:00+00:00': 10920.758486806553, '2025-05-19 04:00:00+00:00': 10950.386762942073, '2025-05-19 08:00:00+00:00': 10969.914648788994, '2025-05-19 16:00:00+00:00': 11031.856999229165, '2025-05-19 18:00:00+00:00': 11036.820958004535, '2025-05-19 20:00:00+00:00': 11052.565557511685, '2025-05-20 02:00:00+00:00': 11090.065557511685, '2025-05-20 06:00:00+00:00': 11091.753811469442, '2025-05-20 08:00:00+00:00': 11115.970366189144, '2025-05-20 14:00:00+00:00': 11133.041657532682, '2025-05-20 16:00:00+00:00': 11142.428311034208, '2025-05-20 20:00:00+00:00': 11215.124072291781, '2025-05-20 23:00:00+00:00': 11265.124072291781, '2025-05-21 07:00:00+00:00': 11278.423733165522, '2025-05-21 08:00:00+00:00': 11287.839118559095, '2025-05-21 15:00:00+00:00': 11354.97966459288, '2025-05-21 18:00:00+00:00': 11385.381377632684, '2025-05-21 20:00:00+00:00': 11436.181370760703, '2025-05-21 21:00:00+00:00': 11420.213685519991, '2025-05-22 00:00:00+00:00': 11510.931370760703, '2025-05-22 01:00:00+00:00': 11522.718957255298, '2025-05-22 04:00:00+00:00': 11585.218957255298, '2025-05-22 07:00:00+00:00': 11602.960945063107, '2025-05-22 09:00:00+00:00': 11625.66461887755, '2025-05-22 14:00:00+00:00': 11639.642434555199, '2025-05-23 00:00:00+00:00': 11648.637903300792, '2025-05-23 07:00:00+00:00': 11658.308003237895, '2025-05-24 00:00:00+00:00': 11763.450809009091, '2025-05-24 08:00:00+00:00': 11785.91226651117, '2025-05-24 13:00:00+00:00': 11796.881150029692, '2025-05-24 23:00:00+00:00': 11813.673574324503, '2025-05-25 23:00:00+00:00': 11878.673574324503, '2025-05-26 09:00:00+00:00': 11890.270249042109, '2025-05-26 16:00:00+00:00': 11903.54881154341, '2025-05-26 21:00:00+00:00': 11914.029057319174, '2025-05-27 02:00:00+00:00': 11945.143681569698, '2025-05-27 13:00:00+00:00': 11955.277998438742, '2025-05-27 15:00:00+00:00': 11969.089981838955, '2025-05-28 07:00:00+00:00': 12025.366598640803, '2025-05-28 16:00:00+00:00': 12070.366598640803, '2025-05-28 17:00:00+00:00': 12070.366598640803, '2025-05-28 20:00:00+00:00': 12075.462367399929, '2025-05-29 03:00:00+00:00': 12068.087872533324, '2025-05-29 05:00:00+00:00': 12080.15616027134, '2025-05-29 14:00:00+00:00': 12093.607003889036, '2025-05-29 18:00:00+00:00': 12105.508760555755, '2025-05-31 03:00:00+00:00': 12121.384173521927, '2025-06-02 23:00:00+00:00': 12100.508760555755, '2025-06-03 04:00:00+00:00': 12064.421069056396, '2025-06-05 21:00:00+00:00': 12294.421069056396, '2025-06-06 10:00:00+00:00': 12341.921069056396, '2025-06-06 14:00:00+00:00': 12394.421069056396, '2025-06-09 10:00:00+00:00': 12346.921069056396, '2025-06-09 11:00:00+00:00': 12419.421069056396, '2025-06-09 22:00:00+00:00': 12381.921069056396, '2025-06-12 23:00:00+00:00': 12409.421069056396, '2025-06-13 00:00:00+00:00': 12419.421069056396, '2025-06-13 01:00:00+00:00': 12471.921069056396, '2025-06-16 01:00:00+00:00': 12461.921069056396, '2025-06-16 02:00:00+00:00': 12391.921069056396, '2025-06-16 17:00:00+00:00': 12424.421069056396, '2025-06-16 20:00:00+00:00': 12461.921069056396, '2025-06-17 10:00:00+00:00': 12514.421069056396, '2025-06-17 16:00:00+00:00': 12444.421069056396, '2025-06-17 17:00:00+00:00': 12494.421069056396, '2025-06-17 20:00:00+00:00': 12491.921069056396, '2025-06-18 18:00:00+00:00': 12456.921069056396, '2025-06-19 01:00:00+00:00': 12476.921069056396, '2025-06-20 08:00:00+00:00': 12414.421069056396, '2025-06-20 10:00:00+00:00': 12529.671069056396, '2025-06-20 15:00:00+00:00': 12554.671069056396, '2025-06-21 20:00:00+00:00': 12539.421069056396, '2025-06-21 22:00:00+00:00': 12579.421069056396, '2025-06-22 01:00:00+00:00': 12667.421069056396, '2025-06-22 14:00:00+00:00': 12649.421069056396, '2025-06-22 15:00:00+00:00': 12884.671069056396, '2025-06-22 16:00:00+00:00': 12923.921069056396, '2025-06-23 01:00:00+00:00': 12780.171069056396, '2025-06-23 03:00:00+00:00': 12833.921069056396, '2025-06-23 07:00:00+00:00': 12770.171069056396, '2025-06-23 18:00:00+00:00': 12685.421069056396, '2025-06-23 19:00:00+00:00': 12710.171069056396, '2025-06-23 23:00:00+00:00': 12695.171069056396, '2025-06-24 05:00:00+00:00': 12649.421069056396, '2025-06-24 21:00:00+00:00': 12675.171069056396, '2025-06-25 11:00:00+00:00': 12674.921069056396, '2025-06-25 14:00:00+00:00': 12685.171069056396, '2025-06-25 16:00:00+00:00': 12635.671069056396, '2025-06-26 14:00:00+00:00': 12617.421069056396, '2025-06-27 00:00:00+00:00': 12602.421069056396, '2025-06-30 21:00:00+00:00': 12610.046855762066, '2025-06-30 22:00:00+00:00': 12624.013936278612, '2025-07-01 00:00:00+00:00': 12631.255042648716, '2025-07-01 02:00:00+00:00': 12626.087122472354, '2025-07-01 05:00:00+00:00': 12635.374589258257, '2025-07-01 18:00:00+00:00': 12621.450647672282, '2025-07-01 20:00:00+00:00': 12638.489025260273, '2025-07-02 00:00:00+00:00': 12648.173989202149, '2025-07-02 08:00:00+00:00': 12613.345438662098, '2025-07-02 14:00:00+00:00': 12650.152169267916, '2025-07-02 17:00:00+00:00': 12662.955167660024, '2025-07-02 18:00:00+00:00': 12664.05034517946, '2025-07-02 20:00:00+00:00': 12648.841854588674, '2025-07-02 21:00:00+00:00': 12670.795536311896, '2025-07-02 22:00:00+00:00': 12675.155371892552, '2025-07-03 00:00:00+00:00': 12686.67135930199, '2025-07-03 05:00:00+00:00': 12696.731414177922, '2025-07-03 07:00:00+00:00': 12714.040485690704, '2025-07-03 10:00:00+00:00': 12740.19711756677, '2025-07-03 14:00:00+00:00': 12725.492849251996, '2025-07-03 16:00:00+00:00': 12750.948370388645, '2025-07-03 17:00:00+00:00': 12746.258537184825, '2025-07-03 21:00:00+00:00': 12759.075241332788, '2025-07-04 05:00:00+00:00': 12770.636832739396, '2025-07-04 16:00:00+00:00': 12785.995130935855, '2025-07-04 18:00:00+00:00': 12789.645769690513, '2025-07-04 20:00:00+00:00': 12792.537459789708, '2025-07-04 23:00:00+00:00': 12800.22065755475, '2025-07-06 23:00:00+00:00': 12766.659672609288, '2025-07-08 01:00:00+00:00': 12811.525321116966, '2025-07-08 05:00:00+00:00': 12838.625725787835, '2025-07-08 14:00:00+00:00': 12860.040233939471, '2025-07-08 17:00:00+00:00': 12875.558568975253, '2025-07-09 03:00:00+00:00': 12884.34341644899, '2025-07-09 05:00:00+00:00': 12886.634511719836, '2025-07-09 16:00:00+00:00': 12838.625725787835, '2025-07-09 20:00:00+00:00': 12925.38033963051, '2025-07-09 21:00:00+00:00': 12916.697698987495, '2025-07-10 01:00:00+00:00': 12927.31663406365, '2025-07-10 02:00:00+00:00': 12930.562507296389, '2025-07-10 06:00:00+00:00': 12943.924218505017, '2025-07-10 08:00:00+00:00': 12948.74219562676, '2025-07-10 14:00:00+00:00': 12953.118259509763, '2025-07-10 18:00:00+00:00': 13069.391947197428, '2025-07-10 22:00:00+00:00': 12974.391947197428, '2025-07-10 23:00:00+00:00': 13167.371301373134, '2025-07-11 06:00:00+00:00': 13190.927327412342, '2025-07-11 12:00:00+00:00': 13196.198015515756, '2025-07-11 16:00:00+00:00': 13222.032781999435, '2025-07-12 09:00:00+00:00': 13197.47469628961, '2025-07-13 11:00:00+00:00': 13217.067005530844, '2025-07-13 12:00:00+00:00': 13215.680494461963, '2025-07-13 23:00:00+00:00': 13210.340309134737, '2025-07-14 03:00:00+00:00': 13204.950104841373, '2025-07-14 04:00:00+00:00': 13233.121838011786, '2025-07-14 07:00:00+00:00': 13233.121838011786, '2025-07-15 04:00:00+00:00': 13369.621838011786, '2025-07-15 15:00:00+00:00': 13577.121838011786, '2025-07-16 15:00:00+00:00': 13500.134905697952, '2025-07-17 21:00:00+00:00': 13510.134905697952, '2025-07-18 01:00:00+00:00': 13514.378350175575, '2025-07-19 18:00:00+00:00': 13681.734023587853, '2025-07-20 03:00:00+00:00': 13688.08472379245, '2025-07-20 10:00:00+00:00': 13690.249955327885, '2025-07-20 13:00:00+00:00': 13689.281677500898, '2025-07-21 00:00:00+00:00': 13629.378350175575, '2025-07-21 02:00:00+00:00': 13696.668041777839, '2025-07-21 08:00:00+00:00': 13624.168041777839, '2025-07-22 01:00:00+00:00': 13632.665557638502, '2025-07-22 05:00:00+00:00': 13659.408334762451, '2025-07-22 12:00:00+00:00': 13647.786861023913, '2025-07-23 00:00:00+00:00': 13652.665557638502, '2025-07-23 11:00:00+00:00': 13682.199666751376, '2025-07-23 14:00:00+00:00': 13800.641847687553, '2025-07-24 07:00:00+00:00': 13806.202578091692, '2025-07-24 14:00:00+00:00': 13768.875582268825, '2025-07-24 16:00:00+00:00': 13766.202578091692, '2025-07-25 04:00:00+00:00': 13859.031408977986, '2025-07-25 07:00:00+00:00': 13884.031408977986}]",263,COMPLETE
