number,value,datetime_start,datetime_complete,duration,params_CONVERGENCE_THRESHOLD,params_DAILY_LOSS_LIMIT,params_FIXED_TRADE_PCT,params_MAX_CONCURRENT_POSITIONS,params_MAX_DRAWDOWN_LIMIT,params_MAX_HOLD_HOURS,params_MAX_POSITION_PCT,params_MIN_DIV,params_MIN_TIME_BETWEEN_TRADES,params_STOP_LOSS_PCT,params_TAKE_PROFIT_PCT,params_TRAIL_PCT,user_attrs_cooldown_trades_pct,user_attrs_equity_curves,user_attrs_total_trades,state
28,182.42799702242053,2025-08-01 18:31:14.737246,2025-08-01 18:31:15.466060,0 days 00:00:00.728814,0.03,0.1,0.065,2,0.15,72,0.01,0.04,2.0,0.35,0.5,0.6,0.0,"[{'2025-05-01 00:00:00+00:00': 10000.0, '2025-05-01 03:00:00+00:00': 10040.19525883704, '2025-05-01 06:00:00+00:00': 10048.464816313504, '2025-05-01 07:00:00+00:00': 10053.202299160876, '2025-05-01 13:00:00+00:00': 10097.060904701873, '2025-05-01 15:00:00+00:00': 10089.537567983285, '2025-05-01 16:00:00+00:00': 10097.769120398285, '2025-05-02 01:00:00+00:00': 10102.362715939564, '2025-05-02 05:00:00+00:00': 10104.623504345074, '2025-05-02 09:00:00+00:00': 10108.0419505757, '2025-05-02 13:00:00+00:00': 10095.943817501857, '2025-05-02 15:00:00+00:00': 10104.149378105833, '2025-05-02 18:00:00+00:00': 10105.28288113719, '2025-05-02 20:00:00+00:00': 10112.436224217334, '2025-05-03 01:00:00+00:00': 10112.436224217334, '2025-05-03 23:00:00+00:00': 10117.107935786402, '2025-05-04 00:00:00+00:00': 10120.414371073248, '2025-05-04 08:00:00+00:00': 10120.414371073248, '2025-05-04 22:00:00+00:00': 10115.322295532935, '2025-05-05 00:00:00+00:00': 10133.106137614664, '2025-05-05 01:00:00+00:00': 10139.497111558918, '2025-05-05 03:00:00+00:00': 10142.967827005583, '2025-05-05 19:00:00+00:00': 10140.512451413675, '2025-05-05 23:00:00+00:00': 10149.368072311481, '2025-05-06 07:00:00+00:00': 10151.752253666018, '2025-05-06 10:00:00+00:00': 10146.951103802838, '2025-05-06 16:00:00+00:00': 10188.291677165304, '2025-05-06 17:00:00+00:00': 10192.792885485283, '2025-05-06 20:00:00+00:00': 10205.33540405367, '2025-05-06 21:00:00+00:00': 10210.540894573387, '2025-05-07 01:00:00+00:00': 10285.540894573387, '2025-05-07 02:00:00+00:00': 10285.540894573387, '2025-05-07 03:00:00+00:00': 10298.468466109885, '2025-05-07 17:00:00+00:00': 10341.479931950345, '2025-05-07 18:00:00+00:00': 10350.624069792982, '2025-05-07 20:00:00+00:00': 10356.33217853319, '2025-05-07 23:00:00+00:00': 10365.097357305245, '2025-05-08 04:00:00+00:00': 10414.783408167968, '2025-05-08 13:00:00+00:00': 10324.552147164457, '2025-05-08 17:00:00+00:00': 10473.031145779138, '2025-05-08 19:00:00+00:00': 10476.990559188944, '2025-05-08 21:00:00+00:00': 10494.035219655087, '2025-05-09 00:00:00+00:00': 10497.214117451427, '2025-05-09 08:00:00+00:00': 10511.045202601172, '2025-05-09 09:00:00+00:00': 10539.762369355723, '2025-05-09 11:00:00+00:00': 10541.097219815572, '2025-05-09 15:00:00+00:00': 10547.220584953262, '2025-05-09 18:00:00+00:00': 10554.249412150986, '2025-05-10 08:00:00+00:00': 10567.223808908217, '2025-05-10 22:00:00+00:00': 10570.043112120318, '2025-05-11 01:00:00+00:00': 10573.1028455429, '2025-05-11 12:00:00+00:00': 10585.701108846037, '2025-05-11 19:00:00+00:00': 10594.174239274322, '2025-05-12 02:00:00+00:00': 10616.547563377108, '2025-05-12 09:00:00+00:00': 10625.19662694727, '2025-05-12 12:00:00+00:00': 10631.56552243437, '2025-05-12 16:00:00+00:00': 10676.56552243437, '2025-05-12 19:00:00+00:00': 10697.573194820288, '2025-05-12 21:00:00+00:00': 10712.113467203662, '2025-05-13 01:00:00+00:00': 10718.825735491648, '2025-05-13 05:00:00+00:00': 10717.647311685232, '2025-05-13 10:00:00+00:00': 10727.875321713092, '2025-05-13 20:00:00+00:00': 10737.019944771477, '2025-05-14 12:00:00+00:00': 10739.342871976873, '2025-05-14 19:00:00+00:00': 10742.016391512096, '2025-05-14 22:00:00+00:00': 10745.51583775079, '2025-05-15 01:00:00+00:00': 10751.90395749785, '2025-05-15 13:00:00+00:00': 10760.289843166862, '2025-05-15 21:00:00+00:00': 10788.37969007971, '2025-05-16 00:00:00+00:00': 10794.500541963711, '2025-05-16 11:00:00+00:00': 10801.825056890295, '2025-05-16 14:00:00+00:00': 10811.2821752401, '2025-05-16 16:00:00+00:00': 10818.471024503346, '2025-05-17 05:00:00+00:00': 10826.941883595291, '2025-05-17 09:00:00+00:00': 10826.941883595291, '2025-05-17 22:00:00+00:00': 10829.319771341636, '2025-05-18 01:00:00+00:00': 10834.962188557356, '2025-05-18 15:00:00+00:00': 10861.135658385125, '2025-05-18 18:00:00+00:00': 10863.216535707608, '2025-05-19 00:00:00+00:00': 10889.095722238011, '2025-05-19 01:00:00+00:00': 10921.08414534192, '2025-05-19 04:00:00+00:00': 10956.028689329563, '2025-05-19 08:00:00+00:00': 10961.16097834727, '2025-05-19 16:00:00+00:00': 11025.479800089459, '2025-05-19 18:00:00+00:00': 11031.331007933755, '2025-05-19 20:00:00+00:00': 11049.891286502227, '2025-05-20 02:00:00+00:00': 11061.17580391153, '2025-05-20 06:00:00+00:00': 11063.161790414695, '2025-05-20 08:00:00+00:00': 11091.649851444208, '2025-05-20 12:00:00+00:00': 11093.07580113212, '2025-05-20 14:00:00+00:00': 11101.07435805951, '2025-05-20 16:00:00+00:00': 11112.11352910362, '2025-05-20 20:00:00+00:00': 11192.11352910362, '2025-05-21 07:00:00+00:00': 11211.845227564438, '2025-05-21 08:00:00+00:00': 11241.19121467625, '2025-05-21 15:00:00+00:00': 11279.380192409457, '2025-05-21 18:00:00+00:00': 11277.200108507202, '2025-05-21 21:00:00+00:00': 11329.700108507202, '2025-05-22 00:00:00+00:00': 11338.243832899521, '2025-05-22 04:00:00+00:00': 11389.56176166627, '2025-05-22 07:00:00+00:00': 11410.13495734668, '2025-05-22 09:00:00+00:00': 11435.13495734668, '2025-05-22 14:00:00+00:00': 11451.351674163681, '2025-05-23 00:00:00+00:00': 11461.790273705652, '2025-05-23 07:00:00+00:00': 11473.013310163655, '2025-05-24 00:00:00+00:00': 11595.059567209679, '2025-05-24 08:00:00+00:00': 11621.174447473613, '2025-05-24 13:00:00+00:00': 11633.931871474233, '2025-05-24 23:00:00+00:00': 11653.465700333758, '2025-05-25 19:00:00+00:00': 11661.624156688877, '2025-05-25 23:00:00+00:00': 11726.624156688877, '2025-05-26 01:00:00+00:00': 11736.412315013089, '2025-05-26 09:00:00+00:00': 11749.927526932704, '2025-05-26 16:00:00+00:00': 11765.405619957917, '2025-05-26 21:00:00+00:00': 11777.62434614929, '2025-05-27 02:00:00+00:00': 11813.906117358252, '2025-05-27 04:00:00+00:00': 11827.858146041213, '2025-05-27 08:00:00+00:00': 11844.372126935217, '2025-05-27 13:00:00+00:00': 11856.225574404849, '2025-05-27 15:00:00+00:00': 11872.383037708127, '2025-05-28 07:00:00+00:00': 11938.230072467237, '2025-05-28 16:00:00+00:00': 11983.230072467237, '2025-05-28 17:00:00+00:00': 11983.230072467237, '2025-05-28 20:00:00+00:00': 11989.197706849745, '2025-05-29 03:00:00+00:00': 11980.560802824975, '2025-05-29 05:00:00+00:00': 11994.693440262536, '2025-05-29 14:00:00+00:00': 12010.447988806522, '2025-05-29 18:00:00+00:00': 12024.390959725008, '2025-05-31 03:00:00+00:00': 12044.58588382378, '2025-06-02 23:00:00+00:00': 12019.390959725008, '2025-06-03 04:00:00+00:00': 11982.08588382378, '2025-06-05 21:00:00+00:00': 12212.08588382378, '2025-06-06 14:00:00+00:00': 12312.08588382378, '2025-06-07 21:00:00+00:00': 12212.067752739109, '2025-06-09 10:00:00+00:00': 12139.567752739109, '2025-06-09 22:00:00+00:00': 12274.075041790846, '2025-06-12 12:00:00+00:00': 12176.575041790846, '2025-06-12 23:00:00+00:00': 12301.575041790846, '2025-06-13 01:00:00+00:00': 12154.075041790846, '2025-06-13 17:00:00+00:00': 12056.575041790846, '2025-06-16 02:00:00+00:00': 12084.075041790846, '2025-06-16 17:00:00+00:00': 12024.075041790846, '2025-06-16 18:00:00+00:00': 12061.575041790846, '2025-06-17 11:00:00+00:00': 12019.075041790846, '2025-06-17 16:00:00+00:00': 12044.075041790846, '2025-06-19 19:00:00+00:00': 11949.325041790846, '2025-06-20 10:00:00+00:00': 11934.575041790846, '2025-06-20 12:00:00+00:00': 11964.075041790846, '2025-06-20 15:00:00+00:00': 11919.575041790846, '2025-06-21 22:00:00+00:00': 11996.825041790846, '2025-06-22 01:00:00+00:00': 12014.825041790846, '2025-06-22 14:00:00+00:00': 12030.325041790846, '2025-06-22 15:00:00+00:00': 12110.075041790846, '2025-06-23 00:00:00+00:00': 12010.075041790846, '2025-06-23 01:00:00+00:00': 11969.325041790846, '2025-06-23 14:00:00+00:00': 11904.325041790846, '2025-06-23 17:00:00+00:00': 11946.325041790846, '2025-06-23 18:00:00+00:00': 11876.325041790846, '2025-06-23 19:00:00+00:00': 11876.325041790846, '2025-06-23 23:00:00+00:00': 11836.325041790846, '2025-06-24 06:00:00+00:00': 11824.075041790846, '2025-06-24 21:00:00+00:00': 11804.075041790846, '2025-06-25 06:00:00+00:00': 11783.075041790846, '2025-06-25 11:00:00+00:00': 11772.825041790846, '2025-06-25 14:00:00+00:00': 11817.325041790846, '2025-06-25 16:00:00+00:00': 11778.075041790846, '2025-06-26 14:00:00+00:00': 11759.825041790846, '2025-06-27 00:00:00+00:00': 11744.825041790846, '2025-06-30 21:00:00+00:00': 11753.837335170274, '2025-06-30 22:00:00+00:00': 11768.503169020758, '2025-07-01 05:00:00+00:00': 11766.775917867453, '2025-07-01 18:00:00+00:00': 11756.91374578857, '2025-07-01 20:00:00+00:00': 11770.452117794768, '2025-07-02 00:00:00+00:00': 11781.886528599352, '2025-07-02 08:00:00+00:00': 11741.886528599352, '2025-07-02 14:00:00+00:00': 11783.778746569638, '2025-07-02 17:00:00+00:00': 11805.270051895175, '2025-07-02 18:00:00+00:00': 11806.563515356385, '2025-07-02 20:00:00+00:00': 11783.778746569638, '2025-07-02 21:00:00+00:00': 11814.535191391074, '2025-07-03 00:00:00+00:00': 11822.392339815611, '2025-07-03 05:00:00+00:00': 11834.273616446442, '2025-07-03 07:00:00+00:00': 11854.71812381901, '2025-07-03 14:00:00+00:00': 11868.250424566, '2025-07-03 16:00:00+00:00': 11880.936981598043, '2025-07-03 17:00:00+00:00': 11875.402297251447, '2025-07-03 21:00:00+00:00': 11890.94540324969, '2025-07-04 05:00:00+00:00': 11904.594931098782, '2025-07-04 16:00:00+00:00': 11922.728112850486, '2025-07-04 18:00:00+00:00': 11927.039519014788, '2025-07-04 23:00:00+00:00': 11936.111393992913, '2025-07-06 23:00:00+00:00': 11899.89952576512, '2025-07-08 01:00:00+00:00': 11949.46111588228, '2025-07-08 05:00:00+00:00': 11981.468411041125, '2025-07-08 14:00:00+00:00': 12006.765389653818, '2025-07-08 17:00:00+00:00': 12025.10419017573, '2025-07-09 03:00:00+00:00': 12035.488547077639, '2025-07-09 05:00:00+00:00': 12038.19721751557, '2025-07-09 16:00:00+00:00': 11981.468411041125, '2025-07-09 20:00:00+00:00': 12084.006722784025, '2025-07-09 21:00:00+00:00': 12080.15793352532, '2025-07-10 01:00:00+00:00': 12092.733203775144, '2025-07-10 02:00:00+00:00': 12096.577785700121, '2025-07-10 06:00:00+00:00': 12104.858128507381, '2025-07-10 08:00:00+00:00': 12110.562303947772, '2025-07-10 14:00:00+00:00': 12115.74372115863, '2025-07-10 18:00:00+00:00': 12235.934469643516, '2025-07-10 22:00:00+00:00': 12140.934469643516, '2025-07-10 23:00:00+00:00': 12325.934469643516, '2025-07-11 06:00:00+00:00': 12353.815989441013, '2025-07-11 12:00:00+00:00': 12352.304265933286, '2025-07-11 16:00:00+00:00': 12404.465403722852, '2025-07-12 09:00:00+00:00': 12374.465403722852, '2025-07-13 11:00:00+00:00': 12406.110184125982, '2025-07-13 12:00:00+00:00': 12404.465403722852, '2025-07-13 23:00:00+00:00': 12404.362880869317, '2025-07-14 00:00:00+00:00': 12415.33662663047, '2025-07-14 03:00:00+00:00': 12391.727290709025, '2025-07-14 04:00:00+00:00': 12442.424678749516, '2025-07-14 07:00:00+00:00': 12458.904993288721, '2025-07-15 04:00:00+00:00': 12595.404993288721, '2025-07-15 15:00:00+00:00': 12790.404993288721, '2025-07-16 15:00:00+00:00': 12712.561191690043, '2025-07-17 21:00:00+00:00': 12722.561191690043, '2025-07-18 01:00:00+00:00': 12727.60836530261, '2025-07-18 09:00:00+00:00': 12787.610381745628, '2025-07-19 19:00:00+00:00': 12782.924279541185, '2025-07-20 03:00:00+00:00': 12812.027983149586, '2025-07-20 10:00:00+00:00': 12814.604162827829, '2025-07-20 13:00:00+00:00': 12813.452070261728, '2025-07-21 02:00:00+00:00': 12822.240497087192, '2025-07-21 10:00:00+00:00': 12810.110381745628, '2025-07-22 01:00:00+00:00': 12832.247412919403, '2025-07-22 05:00:00+00:00': 12835.257457352358, '2025-07-22 12:00:00+00:00': 12821.450259021689, '2025-07-23 00:00:00+00:00': 12827.247412919403, '2025-07-23 11:00:00+00:00': 12857.950259021689, '2025-07-23 14:00:00+00:00': 12977.030534523328, '2025-07-24 07:00:00+00:00': 12983.622457983405, '2025-07-24 14:00:00+00:00': 12946.79133596364, '2025-07-24 16:00:00+00:00': 12943.622457983405, '2025-07-25 04:00:00+00:00': 12958.831710459428, '2025-07-25 07:00:00+00:00': 13041.331710459428}]",264,COMPLETE
