number,value,params_CONVERGENCE_THRESHOLD,params_FIXED_TRADE_PCT,params_MAX_HOLD_HOURS,params_MAX_POSITION_PCT,params_MIN_DIV,params_STOP_LOSS_PCT,params_TAKE_PROFIT_PCT,params_TRAIL_PCT,state,user_attrs_cooldown_trades_pct,user_attrs_equity_curves,user_attrs_total_trades
19,15.921049656683612,0.025,0.045,72,0.015,0.03,0.3,0.6,0.3,COMPLETE,0.8073817762399077,"[{'2025-05-01 00:00:00+00:00': 10000.0, '2025-05-01 02:00:00+00:00': 10089.37521096482, '2025-05-01 05:00:00+00:00': 10098.205672933896, '2025-05-01 06:00:00+00:00': 10095.135491023942, '2025-05-01 07:00:00+00:00': 10098.800039201198, '2025-05-01 11:00:00+00:00': 10165.597460216408, '2025-05-01 13:00:00+00:00': 10106.948671433684, '2025-05-01 14:00:00+00:00': 10305.077603627513, '2025-05-01 15:00:00+00:00': 10272.736672114383, '2025-05-01 16:00:00+00:00': 10153.393650423199, '2025-05-01 17:00:00+00:00': 10236.820607470736, '2025-05-02 01:00:00+00:00': 10268.20563327629, '2025-05-02 05:00:00+00:00': 10269.376745004136, '2025-05-02 06:00:00+00:00': 10283.374658093599, '2025-05-02 09:00:00+00:00': 10287.778022650265, '2025-05-02 13:00:00+00:00': 10279.670931116692, '2025-05-02 15:00:00+00:00': 10274.709926597785, '2025-05-02 16:00:00+00:00': 10263.644858261494, '2025-05-02 17:00:00+00:00': 10275.515634356776, '2025-05-02 18:00:00+00:00': 10266.763732194691, '2025-05-02 20:00:00+00:00': 10284.58944663218, '2025-05-03 00:00:00+00:00': 10263.609825212347, '2025-05-03 01:00:00+00:00': 10281.284260355684, '2025-05-03 03:00:00+00:00': 10268.487332215434, '2025-05-03 12:00:00+00:00': 10258.865005707286, '2025-05-03 23:00:00+00:00': 10253.69728235387, '2025-05-04 00:00:00+00:00': 10223.948095814423, '2025-05-04 10:00:00+00:00': 10197.806535638005, '2025-05-04 22:00:00+00:00': 10194.425880116067, '2025-05-05 00:00:00+00:00': 10258.050150912079, '2025-05-05 01:00:00+00:00': 10258.961918865598, '2025-05-05 02:00:00+00:00': 10272.259829176419, '2025-05-05 03:00:00+00:00': 10270.831750438627, '2025-05-05 06:00:00+00:00': 10281.004870487339, '2025-05-05 10:00:00+00:00': 10282.593168556112, '2025-05-05 11:00:00+00:00': 10283.469602578041, '2025-05-05 14:00:00+00:00': 10277.971727493454, '2025-05-05 19:00:00+00:00': 10354.496302260135, '2025-05-05 20:00:00+00:00': 10277.540684561798, '2025-05-05 23:00:00+00:00': 10360.430108232667, '2025-05-06 01:00:00+00:00': 10379.846938809684, '2025-05-06 07:00:00+00:00': 10372.050962237065, '2025-05-06 10:00:00+00:00': 10352.091857238132, '2025-05-06 11:00:00+00:00': 10324.245487366454, '2025-05-06 16:00:00+00:00': 10535.67036810168, '2025-05-06 17:00:00+00:00': 10534.158347037188, '2025-05-06 20:00:00+00:00': 10550.131112001201, '2025-05-06 23:00:00+00:00': 10851.030132106758, '2025-05-07 00:00:00+00:00': 10468.68163405154, '2025-05-07 01:00:00+00:00': 10849.954680585935, '2025-05-07 02:00:00+00:00': 10840.740311547968, '2025-05-07 03:00:00+00:00': 10896.54437725285, '2025-05-07 04:00:00+00:00': 10888.707159175945, '2025-05-07 08:00:00+00:00': 10997.432763576613, '2025-05-07 09:00:00+00:00': 10997.070785472351, '2025-05-07 11:00:00+00:00': 10991.364831312905, '2025-05-07 14:00:00+00:00': 10984.804168307062, '2025-05-07 17:00:00+00:00': 11000.61158197416, '2025-05-07 18:00:00+00:00': 10998.78974599958, '2025-05-07 19:00:00+00:00': 10989.604696347376, '2025-05-07 20:00:00+00:00': 10995.062781230077, '2025-05-07 23:00:00+00:00': 11003.639828195603, '2025-05-08 01:00:00+00:00': 11223.118515557235, '2025-05-08 04:00:00+00:00': 11302.104000817879, '2025-05-08 09:00:00+00:00': 11224.699215370933, '2025-05-08 10:00:00+00:00': 11373.194655974388, '2025-05-08 16:00:00+00:00': 11404.862579567076, '2025-05-08 17:00:00+00:00': 11421.427064313417, '2025-05-08 19:00:00+00:00': 11417.001261010157, '2025-05-08 21:00:00+00:00': 11485.953245631805, '2025-05-08 22:00:00+00:00': 11534.470254545955, '2025-05-09 00:00:00+00:00': 11736.998638941785, '2025-05-09 02:00:00+00:00': 11728.518933704883, '2025-05-09 03:00:00+00:00': 11788.11069601455, '2025-05-09 08:00:00+00:00': 11789.150855630069, '2025-05-09 09:00:00+00:00': 11780.309513069242, '2025-05-09 11:00:00+00:00': 11776.680642045882, '2025-05-09 14:00:00+00:00': 11784.866470879082, '2025-05-09 15:00:00+00:00': 11763.169035641751, '2025-05-09 18:00:00+00:00': 11771.075662697283, '2025-05-10 07:00:00+00:00': 11798.373584188874, '2025-05-10 08:00:00+00:00': 11795.346828628872, '2025-05-10 10:00:00+00:00': 11791.957909847892, '2025-05-10 11:00:00+00:00': 11797.551888064505, '2025-05-10 13:00:00+00:00': 11784.52539087258, '2025-05-10 14:00:00+00:00': 11777.069306139587, '2025-05-10 22:00:00+00:00': 11811.019915024153, '2025-05-11 00:00:00+00:00': 11873.238914854608, '2025-05-11 01:00:00+00:00': 11857.84884415588, '2025-05-11 04:00:00+00:00': 11870.92688068677, '2025-05-11 11:00:00+00:00': 11889.655600142596, '2025-05-11 13:00:00+00:00': 11927.18416812455, '2025-05-11 19:00:00+00:00': 11930.60664662128, '2025-05-12 01:00:00+00:00': 11939.41438202868, '2025-05-12 02:00:00+00:00': 11937.06811290177, '2025-05-12 08:00:00+00:00': 11942.49536886233, '2025-05-12 09:00:00+00:00': 11959.773803626395, '2025-05-12 12:00:00+00:00': 11959.603975780792, '2025-05-12 15:00:00+00:00': 12008.516335931901, '2025-05-12 16:00:00+00:00': 11974.183016960997, '2025-05-12 19:00:00+00:00': 12019.132448939388, '2025-05-12 21:00:00+00:00': 12043.66878808282, '2025-05-12 23:00:00+00:00': 12041.3313623368, '2025-05-13 01:00:00+00:00': 12038.439920116753, '2025-05-13 06:00:00+00:00': 12033.840713464657, '2025-05-13 08:00:00+00:00': 12061.750003484427, '2025-05-13 10:00:00+00:00': 12066.795863092353, '2025-05-13 12:00:00+00:00': 12096.719468198304, '2025-05-13 16:00:00+00:00': 12100.872197800842, '2025-05-13 18:00:00+00:00': 12143.005354671293, '2025-05-13 20:00:00+00:00': 12140.218372106157, '2025-05-14 01:00:00+00:00': 12123.895858410167, '2025-05-14 03:00:00+00:00': 12115.414587598843, '2025-05-14 06:00:00+00:00': 12112.590637899866, '2025-05-14 13:00:00+00:00': 12128.207860262017, '2025-05-14 19:00:00+00:00': 12121.57112251569, '2025-05-14 22:00:00+00:00': 12113.989400158776, '2025-05-15 01:00:00+00:00': 12111.59475473671, '2025-05-15 02:00:00+00:00': 12108.753250064927, '2025-05-15 12:00:00+00:00': 12118.779671403603, '2025-05-15 13:00:00+00:00': 12125.45021040214, '2025-05-15 18:00:00+00:00': 12285.356204944097, '2025-05-15 19:00:00+00:00': 12319.620657687521, '2025-05-15 21:00:00+00:00': 12165.232273432113, '2025-05-16 03:00:00+00:00': 12350.113099408907, '2025-05-16 07:00:00+00:00': 12343.92105480522, '2025-05-16 11:00:00+00:00': 12372.73520863049, '2025-05-16 14:00:00+00:00': 12384.49100302351, '2025-05-16 16:00:00+00:00': 12384.295927243817, '2025-05-16 17:00:00+00:00': 12406.532243215275, '2025-05-16 20:00:00+00:00': 12390.15390594648, '2025-05-17 01:00:00+00:00': 12368.11538305798, '2025-05-17 05:00:00+00:00': 12416.880550447366, '2025-05-17 09:00:00+00:00': 12395.024712110286, '2025-05-17 15:00:00+00:00': 12398.508540014704, '2025-05-17 18:00:00+00:00': 12405.040366073357, '2025-05-17 21:00:00+00:00': 12404.45769294029, '2025-05-17 22:00:00+00:00': 12398.348575309776, '2025-05-18 01:00:00+00:00': 12420.432610018339, '2025-05-18 06:00:00+00:00': 12496.739519452025, '2025-05-18 09:00:00+00:00': 12509.442783383773, '2025-05-18 11:00:00+00:00': 12511.391753994836, '2025-05-18 15:00:00+00:00': 12495.154471732852, '2025-05-18 17:00:00+00:00': 12606.150043647454, '2025-05-18 18:00:00+00:00': 12580.990435029244, '2025-05-18 19:00:00+00:00': 12575.035216071847, '2025-05-18 20:00:00+00:00': 12586.951117432165, '2025-05-19 00:00:00+00:00': 12732.1310693953, '2025-05-19 01:00:00+00:00': 12616.911497196297, '2025-05-19 02:00:00+00:00': 12711.29665218186, '2025-05-19 04:00:00+00:00': 12820.823832206152, '2025-05-19 05:00:00+00:00': 12788.986461957156, '2025-05-19 08:00:00+00:00': 12870.274773699857, '2025-05-19 16:00:00+00:00': 13120.882339800979, '2025-05-19 17:00:00+00:00': 13125.084960569555, '2025-05-19 18:00:00+00:00': 12965.043482161407, '2025-05-19 20:00:00+00:00': 13133.133873895376, '2025-05-19 23:00:00+00:00': 13234.377066066883, '2025-05-20 02:00:00+00:00': 13253.971489626434, '2025-05-20 05:00:00+00:00': 13270.627488216724, '2025-05-20 06:00:00+00:00': 13258.142759730372, '2025-05-20 08:00:00+00:00': 13301.094989889549, '2025-05-20 12:00:00+00:00': 13287.143730779917, '2025-05-20 14:00:00+00:00': 13306.55971770601, '2025-05-20 16:00:00+00:00': 13344.78933465085, '2025-05-20 18:00:00+00:00': 13483.895951612716, '2025-05-20 20:00:00+00:00': 13592.668341396304, '2025-05-21 05:00:00+00:00': 13903.479152207115, '2025-05-21 07:00:00+00:00': 13890.448901578826, '2025-05-21 08:00:00+00:00': 13889.867371720713, '2025-05-21 17:00:00+00:00': 14008.341060025574, '2025-05-21 18:00:00+00:00': 14127.174852508851, '2025-05-21 20:00:00+00:00': 14250.513440886552, '2025-05-21 21:00:00+00:00': 14052.509905011006, '2025-05-22 00:00:00+00:00': 14412.269238156714, '2025-05-22 01:00:00+00:00': 14297.89342875445, '2025-05-22 04:00:00+00:00': 14567.635139372169, '2025-05-22 07:00:00+00:00': 14601.45708153264, '2025-05-22 09:00:00+00:00': 14637.278590415235, '2025-05-22 12:00:00+00:00': 14683.587699595873, '2025-05-22 15:00:00+00:00': 14664.09933658358, '2025-05-22 20:00:00+00:00': 14653.260450988422, '2025-05-22 21:00:00+00:00': 14677.02206277782, '2025-05-23 00:00:00+00:00': 14677.769182937482, '2025-05-23 01:00:00+00:00': 14681.45070831253, '2025-05-23 06:00:00+00:00': 14647.931575753184, '2025-05-23 07:00:00+00:00': 14657.643750997438, '2025-05-23 19:00:00+00:00': 14833.813607213346, '2025-05-24 00:00:00+00:00': 14849.973210520535, '2025-05-24 04:00:00+00:00': 14859.803339916802, '2025-05-24 08:00:00+00:00': 14874.548602989364, '2025-05-24 11:00:00+00:00': 14899.558393669813, '2025-05-24 14:00:00+00:00': 14908.536500781836, '2025-05-24 23:00:00+00:00': 14910.153666274626, '2025-05-25 14:00:00+00:00': 14914.050946763819, '2025-05-25 20:00:00+00:00': 14935.200842402981, '2025-05-25 23:00:00+00:00': 15162.547781178491, '2025-05-26 01:00:00+00:00': 15171.828089054225, '2025-05-26 09:00:00+00:00': 15174.093744604663, '2025-05-26 16:00:00+00:00': 15195.162721649109, '2025-05-26 21:00:00+00:00': 15208.082434203228, '2025-05-27 02:00:00+00:00': 15228.10188077232, '2025-05-27 04:00:00+00:00': 15266.910442701248, '2025-05-27 08:00:00+00:00': 15306.243844523036, '2025-05-27 13:00:00+00:00': 15303.645133304619, '2025-05-27 15:00:00+00:00': 15300.26926483807, '2025-05-28 17:00:00+00:00': 15415.068616522283, '2025-05-28 20:00:00+00:00': 15404.801904274434, '2025-05-29 06:00:00+00:00': 15392.112630553842, '2025-05-29 18:00:00+00:00': 15396.327123747586, '2025-05-31 03:00:00+00:00': 15918.250177139638, '2025-05-31 04:00:00+00:00': 14924.543539219534, '2025-05-31 05:00:00+00:00': 16220.059695285208, '2025-05-31 06:00:00+00:00': 16451.24043386706, '2025-05-31 07:00:00+00:00': 16706.06803177214, '2025-05-31 08:00:00+00:00': 17313.941234672733, '2025-05-31 11:00:00+00:00': 17253.1845956629, '2025-05-31 15:00:00+00:00': 17135.227203029375, '2025-05-31 16:00:00+00:00': 17305.358003308374, '2025-06-01 01:00:00+00:00': 17473.36122817862, '2025-06-01 12:00:00+00:00': 17543.834583047996, '2025-06-01 13:00:00+00:00': 17488.5233038534, '2025-06-01 21:00:00+00:00': 17216.460212384958, '2025-06-02 10:00:00+00:00': 17478.96096007653, '2025-06-02 12:00:00+00:00': 15180.114889533923, '2025-06-02 14:00:00+00:00': 17345.686524608038, '2025-06-02 23:00:00+00:00': 17347.978483844283, '2025-06-03 00:00:00+00:00': 14725.221971074687, '2025-06-03 01:00:00+00:00': 17505.59821385446, '2025-06-03 02:00:00+00:00': 17512.130097582572, '2025-06-03 03:00:00+00:00': 17277.445694159105, '2025-06-03 07:00:00+00:00': 17191.621818230222, '2025-06-03 10:00:00+00:00': 17185.85895058256, '2025-06-03 14:00:00+00:00': 17238.34014933833, '2025-06-03 15:00:00+00:00': 17188.592205517227, '2025-06-03 16:00:00+00:00': 17567.804681672642, '2025-06-03 18:00:00+00:00': 17183.106448743514, '2025-06-03 21:00:00+00:00': 17188.301720111027, '2025-06-03 23:00:00+00:00': 17177.52930236641, '2025-06-04 05:00:00+00:00': 17183.913624682133, '2025-06-04 07:00:00+00:00': 17179.031101714718, '2025-06-04 09:00:00+00:00': 17173.488857599415, '2025-06-04 15:00:00+00:00': 17508.258816984162, '2025-06-04 16:00:00+00:00': 17179.687997582412, '2025-06-04 21:00:00+00:00': 17456.903676137827, '2025-06-04 22:00:00+00:00': 18522.978683359055, '2025-06-05 01:00:00+00:00': 18360.252435915325, '2025-06-05 05:00:00+00:00': 18358.891441437518, '2025-06-05 10:00:00+00:00': 18352.28563937171, '2025-06-05 13:00:00+00:00': 17185.19721272911, '2025-06-05 16:00:00+00:00': 18339.28585233748, '2025-06-05 17:00:00+00:00': 17195.717029191987, '2025-06-05 19:00:00+00:00': 18186.449254550433, '2025-06-05 20:00:00+00:00': 18366.63985277377, '2025-06-05 21:00:00+00:00': 18649.13512495927, '2025-06-06 02:00:00+00:00': 19122.491111501982, '2025-06-06 05:00:00+00:00': 18320.192417284903, '2025-06-06 07:00:00+00:00': 18575.966704194772, '2025-06-06 09:00:00+00:00': 18586.350760845486, '2025-06-06 11:00:00+00:00': 18944.93319583474, '2025-06-06 13:00:00+00:00': 19105.55901232364, '2025-06-06 15:00:00+00:00': 18750.905984504767, '2025-06-07 13:00:00+00:00': 18724.042506578913, '2025-06-07 23:00:00+00:00': 18866.43319583474, '2025-06-08 14:00:00+00:00': 18565.170430898685, '2025-06-08 18:00:00+00:00': 18396.336726992016, '2025-06-08 19:00:00+00:00': 19125.399074767174, '2025-06-08 22:00:00+00:00': 18426.47601039562, '2025-06-09 10:00:00+00:00': 18248.644070555958, '2025-06-09 11:00:00+00:00': 18110.474110920968, '2025-06-09 12:00:00+00:00': 17989.56450764819, '2025-06-09 13:00:00+00:00': 17845.677187826142, '2025-06-09 15:00:00+00:00': 18539.178280052318, '2025-06-09 16:00:00+00:00': 18337.069593922526, '2025-06-09 19:00:00+00:00': 18057.04565700845, '2025-06-09 22:00:00+00:00': 18079.110115356478, '2025-06-09 23:00:00+00:00': 17817.335407855593, '2025-06-10 00:00:00+00:00': 18308.08056605604, '2025-06-10 01:00:00+00:00': 18128.84979682527, '2025-06-10 02:00:00+00:00': 18338.490988507, '2025-06-10 12:00:00+00:00': 18082.994772296835, '2025-06-10 20:00:00+00:00': 17956.07057395982, '2025-06-10 23:00:00+00:00': 18005.49559632669, '2025-06-11 00:00:00+00:00': 18222.94457591853, '2025-06-11 05:00:00+00:00': 17941.896748485506, '2025-06-11 06:00:00+00:00': 17742.665407647448, '2025-06-11 15:00:00+00:00': 17945.943175889293, '2025-06-11 16:00:00+00:00': 18044.905486253174, '2025-06-11 17:00:00+00:00': 17695.828887746127, '2025-06-11 21:00:00+00:00': 19680.4032717249, '2025-06-11 23:00:00+00:00': 17681.141135460497, '2025-06-12 11:00:00+00:00': 17882.33601432288, '2025-06-12 20:00:00+00:00': 19203.2842103789, '2025-06-12 21:00:00+00:00': 19310.349530888092, '2025-06-12 23:00:00+00:00': 18229.828235735342, '2025-06-13 01:00:00+00:00': 19569.40736235976, '2025-06-13 02:00:00+00:00': 19743.111066063466, '2025-06-13 03:00:00+00:00': 19337.358296416503, '2025-06-13 08:00:00+00:00': 19258.998630449187, '2025-06-13 10:00:00+00:00': 19201.2843447349, '2025-06-13 14:00:00+00:00': 19047.45455750086, '2025-06-13 16:00:00+00:00': 18726.69194591884, '2025-06-14 00:00:00+00:00': 19549.993721582694, '2025-06-14 11:00:00+00:00': 19468.920374689107, '2025-06-14 16:00:00+00:00': 19278.016191153347, '2025-06-14 17:00:00+00:00': 19345.32388346104, '2025-06-16 03:00:00+00:00': 18166.784189544087, '2025-06-16 05:00:00+00:00': 18485.450856210755, '2025-06-16 06:00:00+00:00': 18035.759887391407, '2025-06-16 08:00:00+00:00': 18913.78386627751, '2025-06-16 14:00:00+00:00': 18365.698701442343, '2025-06-16 15:00:00+00:00': 18153.128993271217, '2025-06-16 18:00:00+00:00': 17944.46292270097, '2025-06-16 19:00:00+00:00': 18081.793271300987, '2025-06-16 20:00:00+00:00': 17604.294860668713, '2025-06-16 21:00:00+00:00': 18231.756629176125, '2025-06-16 23:00:00+00:00': 17425.064091437944, '2025-06-17 00:00:00+00:00': 18550.654656668503, '2025-06-17 04:00:00+00:00': 18738.28386627751, '2025-06-17 07:00:00+00:00': 17781.73024711046, '2025-06-17 11:00:00+00:00': 17933.818819893866, '2025-06-17 14:00:00+00:00': 18023.800425768663, '2025-06-17 15:00:00+00:00': 18202.11546909383, '2025-06-17 16:00:00+00:00': 18376.9509529648, '2025-06-17 17:00:00+00:00': 17858.11890105508, '2025-06-17 18:00:00+00:00': 18026.662811342783, '2025-06-17 20:00:00+00:00': 17469.348664916004, '2025-06-18 01:00:00+00:00': 17763.006561398975, '2025-06-18 04:00:00+00:00': 18009.664617562685, '2025-06-18 05:00:00+00:00': 17161.489557961348, '2025-06-18 11:00:00+00:00': 17656.427614030556, '2025-06-18 14:00:00+00:00': 17633.081459956884, '2025-06-18 15:00:00+00:00': 17728.574576048664, '2025-06-18 19:00:00+00:00': 16204.204785018075, '2025-06-19 01:00:00+00:00': 16809.49649609156, '2025-06-19 02:00:00+00:00': 16514.096721316786, '2025-06-19 04:00:00+00:00': 18051.128896861857, '2025-06-19 07:00:00+00:00': 16314.9889770747, '2025-06-19 14:00:00+00:00': 16604.721721316786, '2025-06-19 21:00:00+00:00': 15821.09258110832, '2025-06-19 23:00:00+00:00': 18142.607770101295, '2025-06-20 04:00:00+00:00': 16403.263387983454, '2025-06-20 05:00:00+00:00': 15875.534654982252, '2025-06-20 07:00:00+00:00': 16264.299332468992, '2025-06-20 08:00:00+00:00': 15658.108710140577, '2025-06-20 09:00:00+00:00': 16151.474251503018, '2025-06-20 15:00:00+00:00': 16237.849386006963, '2025-06-20 17:00:00+00:00': 16416.99012099458, '2025-06-20 18:00:00+00:00': 16046.182719340297, '2025-06-20 23:00:00+00:00': 15949.625564073162, '2025-06-21 09:00:00+00:00': 16019.434209601299, '2025-06-21 10:00:00+00:00': 16162.600876267965, '2025-06-21 16:00:00+00:00': 15948.491020637674, '2025-06-21 17:00:00+00:00': 15885.505638172728, '2025-06-21 20:00:00+00:00': 18234.987745681803, '2025-06-21 22:00:00+00:00': 17826.54361399878, '2025-06-21 23:00:00+00:00': 18099.04361399878, '2025-06-22 01:00:00+00:00': 18313.10309381955, '2025-06-22 10:00:00+00:00': 18611.138663865637, '2025-06-22 14:00:00+00:00': 19026.054273732523, '2025-06-22 15:00:00+00:00': 18989.13628946152, '2025-06-22 16:00:00+00:00': 18481.338412548143, '2025-06-22 20:00:00+00:00': 19094.856982420566, '2025-06-22 23:00:00+00:00': 18591.937185221024, '2025-06-23 01:00:00+00:00': 18797.98398920263, '2025-06-23 03:00:00+00:00': 18407.752037072813, '2025-06-23 05:00:00+00:00': 18059.189111109066, '2025-06-23 09:00:00+00:00': 17828.499455936653, '2025-06-23 13:00:00+00:00': 17589.19227995001, '2025-06-23 14:00:00+00:00': 17651.157683784753, '2025-06-23 18:00:00+00:00': 17346.771911718497, '2025-06-23 19:00:00+00:00': 17272.68100262759, '2025-06-23 21:00:00+00:00': 17434.268151082484, '2025-06-23 22:00:00+00:00': 17586.676590207804, '2025-06-23 23:00:00+00:00': 17181.168151082486, '2025-06-24 00:00:00+00:00': 16898.054980687222, '2025-06-24 02:00:00+00:00': 16370.260354803147, '2025-06-24 03:00:00+00:00': 16555.46035480315, '2025-06-24 09:00:00+00:00': 15999.425209886991, '2025-06-24 14:00:00+00:00': 16195.461245923027, '2025-06-24 15:00:00+00:00': 16278.61143544306, '2025-06-24 16:00:00+00:00': 16724.351276983518, '2025-06-24 21:00:00+00:00': 15640.268471823245, '2025-06-25 02:00:00+00:00': 15466.079282634055, '2025-06-25 05:00:00+00:00': 15949.44590489648, '2025-06-25 10:00:00+00:00': 15312.52572031514, '2025-06-25 12:00:00+00:00': 15170.602643392063, '2025-06-25 14:00:00+00:00': 15566.491595136691, '2025-06-25 16:00:00+00:00': 15343.206063052487, '2025-06-26 01:00:00+00:00': 15191.956063052487, '2025-06-26 06:00:00+00:00': 15124.61994223193, '2025-06-26 10:00:00+00:00': 15052.759610842537, '2025-06-26 14:00:00+00:00': 14918.605780639018, '2025-06-27 00:00:00+00:00': 14714.174773833125, '2025-06-30 20:00:00+00:00': 14779.609764352486, '2025-06-30 21:00:00+00:00': 14776.739695537806, '2025-06-30 23:00:00+00:00': 14789.397130758089, '2025-07-01 00:00:00+00:00': 14985.684913635241, '2025-07-01 02:00:00+00:00': 14981.699403542447, '2025-07-01 04:00:00+00:00': 14945.464392000917, '2025-07-01 05:00:00+00:00': 14956.3113285002, '2025-07-01 07:00:00+00:00': 14970.131066615768, '2025-07-01 08:00:00+00:00': 14950.190659196338, '2025-07-01 10:00:00+00:00': 14959.0472352059, '2025-07-01 11:00:00+00:00': 14973.593023855117, '2025-07-01 13:00:00+00:00': 15011.756955831272, '2025-07-01 18:00:00+00:00': 14954.325129716597, '2025-07-01 19:00:00+00:00': 14970.985592609204, '2025-07-01 20:00:00+00:00': 14931.331067607794, '2025-07-02 00:00:00+00:00': 14863.995662622103, '2025-07-02 05:00:00+00:00': 14854.767344025826, '2025-07-02 07:00:00+00:00': 14938.534293934541, '2025-07-02 08:00:00+00:00': 14956.108015222468, '2025-07-02 13:00:00+00:00': 14957.526356262728, '2025-07-02 14:00:00+00:00': 14945.69619183262, '2025-07-02 15:00:00+00:00': 14863.57646275501, '2025-07-02 17:00:00+00:00': 15076.840006284348, '2025-07-02 18:00:00+00:00': 15068.599102338932, '2025-07-02 20:00:00+00:00': 14965.122910116981, '2025-07-02 21:00:00+00:00': 15102.611171390068, '2025-07-02 22:00:00+00:00': 15094.23976900218, '2025-07-02 23:00:00+00:00': 14798.16974207798, '2025-07-03 00:00:00+00:00': 15098.087054288148, '2025-07-03 03:00:00+00:00': 15094.754021223305, '2025-07-03 05:00:00+00:00': 15108.89138524267, '2025-07-03 07:00:00+00:00': 15109.326137587705, '2025-07-03 09:00:00+00:00': 15100.581447640921, '2025-07-03 10:00:00+00:00': 15100.640968185091, '2025-07-03 13:00:00+00:00': 15101.694053716634, '2025-07-03 14:00:00+00:00': 15107.84838187499, '2025-07-03 16:00:00+00:00': 15075.371237231388, '2025-07-03 17:00:00+00:00': 15103.149462816811, '2025-07-03 18:00:00+00:00': 15139.221227895652, '2025-07-03 20:00:00+00:00': 15078.616369873094, '2025-07-04 02:00:00+00:00': 15125.10406899347, '2025-07-04 03:00:00+00:00': 15173.100512558836, '2025-07-04 05:00:00+00:00': 15168.094231325262, '2025-07-04 08:00:00+00:00': 15217.937564614205, '2025-07-04 13:00:00+00:00': 15221.242983707396, '2025-07-04 16:00:00+00:00': 15224.50467120064, '2025-07-04 17:00:00+00:00': 15293.024708637588, '2025-07-04 18:00:00+00:00': 15294.404694764524, '2025-07-04 20:00:00+00:00': 15288.521103756972, '2025-07-04 22:00:00+00:00': 15300.925301598176, '2025-07-05 