number,value,params_CONVERGENCE_THRESHOLD,params_FIXED_TRADE_PCT,params_MAX_HOLD_HOURS,params_MAX_POSITION_PCT,params_MIN_DIV,params_STOP_LOSS_PCT,params_TAKE_PROFIT_PCT,params_TRAIL_PCT,state,user_attrs_cooldown_trades_pct,user_attrs_equity_curves,user_attrs_total_trades
36,15.622826171919533,0.025,0.05,48,0.02,0.035,0.25,0.4,0.6,COMPLETE,1.3348164627363739,"[{'2025-05-01 00:00:00+00:00': 10000.0, '2025-05-01 02:00:00+00:00': 10081.083268137243, '2025-05-01 06:00:00+00:00': 10089.251645420109, '2025-05-01 07:00:00+00:00': 10089.911466804288, '2025-05-01 11:00:00+00:00': 10330.317510168561, '2025-05-01 13:00:00+00:00': 10098.957533606743, '2025-05-01 15:00:00+00:00': 10294.376674055902, '2025-05-01 16:00:00+00:00': 10320.460331403947, '2025-05-02 01:00:00+00:00': 10288.956443514597, '2025-05-02 05:00:00+00:00': 10284.397924336354, '2025-05-02 06:00:00+00:00': 10302.842202486667, '2025-05-02 09:00:00+00:00': 10307.725204068473, '2025-05-02 13:00:00+00:00': 10298.734605369691, '2025-05-02 15:00:00+00:00': 10293.187751397378, '2025-05-02 16:00:00+00:00': 10280.89483509689, '2025-05-02 17:00:00+00:00': 10279.027722728166, '2025-05-02 18:00:00+00:00': 10284.342768426304, '2025-05-02 20:00:00+00:00': 10304.183030779359, '2025-05-03 01:00:00+00:00': 10300.468421385745, '2025-05-03 22:00:00+00:00': 10248.104748443597, '2025-05-04 00:00:00+00:00': 10247.420693238026, '2025-05-04 22:00:00+00:00': 10230.203126142105, '2025-05-05 00:00:00+00:00': 10263.117614141085, '2025-05-05 01:00:00+00:00': 10264.354840158157, '2025-05-05 06:00:00+00:00': 10290.006761822102, '2025-05-05 10:00:00+00:00': 10267.908593658556, '2025-05-05 11:00:00+00:00': 10290.971619197187, '2025-05-05 19:00:00+00:00': 10369.159799829502, '2025-05-05 20:00:00+00:00': 10290.479316903647, '2025-05-05 23:00:00+00:00': 10375.72318934888, '2025-05-06 01:00:00+00:00': 10397.285538204373, '2025-05-06 07:00:00+00:00': 10388.675981581402, '2025-05-06 10:00:00+00:00': 10366.583171414808, '2025-05-06 11:00:00+00:00': 10335.694126776107, '2025-05-06 16:00:00+00:00': 10515.475099465499, '2025-05-06 17:00:00+00:00': 10513.798062733791, '2025-05-06 20:00:00+00:00': 10531.51373923906, '2025-05-06 23:00:00+00:00': 10675.816969791686, '2025-05-07 00:00:00+00:00': 10521.864345598544, '2025-05-07 01:00:00+00:00': 10859.78755802698, '2025-05-07 02:00:00+00:00': 10929.138084032438, '2025-05-07 04:00:00+00:00': 10978.990428954728, '2025-05-07 09:00:00+00:00': 11050.81361380208, '2025-05-07 17:00:00+00:00': 11051.221050390775, '2025-05-07 18:00:00+00:00': 11066.46262402921, '2025-05-07 19:00:00+00:00': 11056.183623357683, '2025-05-07 20:00:00+00:00': 11062.291191302607, '2025-05-07 23:00:00+00:00': 11261.299246878209, '2025-05-08 03:00:00+00:00': 11251.735705671173, '2025-05-08 04:00:00+00:00': 11347.28611696042, '2025-05-08 09:00:00+00:00': 11433.917846556498, '2025-05-08 10:00:00+00:00': 11442.09515352254, '2025-05-08 16:00:00+00:00': 11511.187719267036, '2025-05-08 17:00:00+00:00': 11521.400763618372, '2025-05-08 19:00:00+00:00': 11516.44016015781, '2025-05-08 21:00:00+00:00': 11723.705306910964, '2025-05-08 22:00:00+00:00': 11777.823088020918, '2025-05-09 00:00:00+00:00': 11721.361229816383, '2025-05-09 03:00:00+00:00': 11939.32737975399, '2025-05-09 08:00:00+00:00': 11949.310670134977, '2025-05-09 09:00:00+00:00': 12114.126084504753, '2025-05-09 11:00:00+00:00': 12099.91720850515, '2025-05-09 14:00:00+00:00': 12109.22269292209, '2025-05-09 15:00:00+00:00': 12084.487490843754, '2025-05-09 18:00:00+00:00': 12093.407566126543, '2025-05-10 07:00:00+00:00': 12115.658807585107, '2025-05-10 08:00:00+00:00': 12114.737523432823, '2025-05-10 11:00:00+00:00': 12118.154837439095, '2025-05-10 14:00:00+00:00': 12109.52630370706, '2025-05-10 22:00:00+00:00': 12148.216184809513, '2025-05-11 00:00:00+00:00': 12218.868734921669, '2025-05-11 01:00:00+00:00': 12201.31373642485, '2025-05-11 04:00:00+00:00': 12216.225026643464, '2025-05-11 11:00:00+00:00': 12262.757979254742, '2025-05-11 13:00:00+00:00': 12263.216151736973, '2025-05-11 19:00:00+00:00': 12266.640210507921, '2025-05-12 01:00:00+00:00': 12263.533605126804, '2025-05-12 02:00:00+00:00': 12269.691546948157, '2025-05-12 08:00:00+00:00': 12284.728994204837, '2025-05-12 09:00:00+00:00': 12281.210977054108, '2025-05-12 12:00:00+00:00': 12284.535169556279, '2025-05-12 15:00:00+00:00': 12277.509814644889, '2025-05-12 16:00:00+00:00': 12340.094563430717, '2025-05-12 19:00:00+00:00': 12352.215945988053, '2025-05-12 21:00:00+00:00': 12414.072776959716, '2025-05-13 01:00:00+00:00': 12410.760613298857, '2025-05-13 06:00:00+00:00': 12405.492336276897, '2025-05-13 08:00:00+00:00': 12437.405033079232, '2025-05-13 10:00:00+00:00': 12477.404037212298, '2025-05-13 12:00:00+00:00': 12471.622915561376, '2025-05-13 16:00:00+00:00': 12482.16338863484, '2025-05-13 18:00:00+00:00': 12530.3692659496, '2025-05-13 20:00:00+00:00': 12527.18043055762, '2025-05-14 01:00:00+00:00': 12508.459163279662, '2025-05-14 13:00:00+00:00': 12526.378752903443, '2025-05-14 19:00:00+00:00': 12518.762505295477, '2025-05-14 22:00:00+00:00': 12510.078264633315, '2025-05-15 01:00:00+00:00': 12505.23722400096, '2025-05-15 13:00:00+00:00': 12512.89161994504, '2025-05-15 17:00:00+00:00': 12673.263300766796, '2025-05-15 18:00:00+00:00': 12670.83133024064, '2025-05-15 19:00:00+00:00': 12709.943453946486, '2025-05-15 21:00:00+00:00': 12558.506296740466, '2025-05-16 03:00:00+00:00': 12744.786880971182, '2025-05-16 07:00:00+00:00': 12737.702062804692, '2025-05-16 11:00:00+00:00': 12770.672736198556, '2025-05-16 14:00:00+00:00': 12784.139437167649, '2025-05-16 16:00:00+00:00': 12783.91569173495, '2025-05-16 17:00:00+00:00': 12809.3651054379, '2025-05-16 20:00:00+00:00': 12790.576069524022, '2025-05-17 01:00:00+00:00': 12765.29744859422, '2025-05-17 05:00:00+00:00': 12821.103482136867, '2025-05-17 09:00:00+00:00': 12796.028659924736, '2025-05-17 15:00:00+00:00': 12800.024486797722, '2025-05-17 18:00:00+00:00': 12807.503606693497, '2025-05-17 21:00:00+00:00': 12806.548252842495, '2025-05-17 22:00:00+00:00': 12799.841323092256, '2025-05-18 01:00:00+00:00': 12824.886501246781, '2025-05-18 06:00:00+00:00': 12903.721458860864, '2025-05-18 09:00:00+00:00': 12918.2229745294, '2025-05-18 11:00:00+00:00': 12920.448093534027, '2025-05-18 14:00:00+00:00': 12901.912060526995, '2025-05-18 17:00:00+00:00': 13092.095341836066, '2025-05-18 20:00:00+00:00': 13105.879629868543, '2025-05-18 23:00:00+00:00': 13187.410558342772, '2025-05-19 00:00:00+00:00': 13379.342588483602, '2025-05-19 02:00:00+00:00': 13411.893178585597, '2025-05-19 04:00:00+00:00': 13449.660565777145, '2025-05-19 08:00:00+00:00': 13507.233148943023, '2025-05-19 16:00:00+00:00': 13745.762083433036, '2025-05-19 17:00:00+00:00': 13749.761815992957, '2025-05-19 18:00:00+00:00': 13750.439378832234, '2025-05-19 20:00:00+00:00': 13887.345018820393, '2025-05-20 02:00:00+00:00': 13910.09800833758, '2025-05-20 05:00:00+00:00': 13915.009219026027, '2025-05-20 06:00:00+00:00': 13895.586397303916, '2025-05-20 08:00:00+00:00': 13965.098409870569, '2025-05-20 12:00:00+00:00': 13951.686706806355, '2025-05-20 14:00:00+00:00': 13974.338993205642, '2025-05-20 16:00:00+00:00': 14018.872559582847, '2025-05-20 18:00:00+00:00': 14169.015416725704, '2025-05-20 20:00:00+00:00': 14497.118225416749, '2025-05-21 07:00:00+00:00': 14546.904753002362, '2025-05-21 08:00:00+00:00': 14530.530072003676, '2025-05-21 15:00:00+00:00': 14719.436354571904, '2025-05-21 17:00:00+00:00': 14666.207041436419, '2025-05-21 18:00:00+00:00': 14593.714492916279, '2025-05-21 20:00:00+00:00': 14792.899349128726, '2025-05-21 21:00:00+00:00': 14562.576410553687, '2025-05-22 00:00:00+00:00': 14949.82326518398, '2025-05-22 01:00:00+00:00': 15014.59338012651, '2025-05-22 04:00:00+00:00': 15194.219935078745, '2025-05-22 07:00:00+00:00': 15233.416263324441, '2025-05-22 09:00:00+00:00': 15271.726122479371, '2025-05-22 15:00:00+00:00': 15249.205064078957, '2025-05-22 20:00:00+00:00': 15236.68132722923, '2025-05-22 21:00:00+00:00': 15264.134307772922, '2025-05-23 00:00:00+00:00': 15259.880091931933, '2025-05-23 01:00:00+00:00': 15264.985030057096, '2025-05-23 07:00:00+00:00': 15276.230926520446, '2025-05-23 12:00:00+00:00': 15437.649640092599, '2025-05-24 00:00:00+00:00': 15487.575852694305, '2025-05-24 08:00:00+00:00': 15504.651626779476, '2025-05-24 11:00:00+00:00': 15533.617442602703, '2025-05-24 14:00:00+00:00': 15544.01763758776, '2025-05-24 23:00:00+00:00': 15545.89107946461, '2025-05-25 14:00:00+00:00': 15550.406026448405, '2025-05-25 20:00:00+00:00': 15574.90860725328, '2025-05-25 23:00:00+00:00': 15802.25554602879, '2025-05-26 01:00:00+00:00': 15813.002039348643, '2025-05-26 09:00:00+00:00': 15815.625821593036, '2025-05-26 16:00:00+00:00': 15840.025525675468, '2025-05-26 21:00:00+00:00': 15854.989979268033, '2025-05-27 02:00:00+00:00': 15878.092169049056, '2025-05-27 04:00:00+00:00': 15923.053337119942, '2025-05-27 08:00:00+00:00': 15968.635422600339, '2025-05-27 13:00:00+00:00': 15965.623008375642, '2025-05-27 15:00:00+00:00': 15961.70979083874, '2025-05-28 15:00:00+00:00': 16089.48452171364, '2025-05-28 17:00:00+00:00': 16070.710949894681, '2025-05-28 20:00:00+00:00': 16058.818303445545, '2025-05-29 06:00:00+00:00': 16044.120524117607, '2025-05-29 18:00:00+00:00': 16049.001655871503, '2025-05-31 03:00:00+00:00': 17104.82213836866, '2025-05-31 04:00:00+00:00': 15669.47966748382, '2025-05-31 05:00:00+00:00': 15997.318395480424, '2025-05-31 06:00:00+00:00': 17912.41440812884, '2025-05-31 07:00:00+00:00': 18060.04600022047, '2025-05-31 08:00:00+00:00': 17777.687537744867, '2025-05-31 10:00:00+00:00': 18184.984774571327, '2025-05-31 11:00:00+00:00': 18225.393222442694, '2025-05-31 16:00:00+00:00': 17902.971894337123, '2025-06-01 01:00:00+00:00': 18182.100951278346, '2025-06-01 13:00:00+00:00': 18307.669959756513, '2025-06-01 23:00:00+00:00': 16015.705320441495, '2025-06-02 07:00:00+00:00': 18299.25287076396, '2025-06-02 08:00:00+00:00': 18298.12421130004, '2025-06-02 09:00:00+00:00': 18260.301630654878, '2025-06-02 12:00:00+00:00': 17843.186491506574, '2025-06-02 14:00:00+00:00': 18179.697018915478, '2025-06-02 18:00:00+00:00': 18236.23356993882, '2025-06-03 00:00:00+00:00': 17942.08809871657, '2025-06-03 01:00:00+00:00': 18015.67396528171, '2025-06-03 02:00:00+00:00': 17901.43599345547, '2025-06-03 03:00:00+00:00': 17984.143712064142, '2025-06-03 07:00:00+00:00': 17368.063237684728, '2025-06-03 15:00:00+00:00': 17369.73249002849, '2025-06-03 18:00:00+00:00': 17384.97470122093, '2025-06-03 21:00:00+00:00': 17390.681197506045, '2025-06-03 23:00:00+00:00': 17376.65884886854, '2025-06-04 00:00:00+00:00': 17703.755013298072, '2025-06-04 05:00:00+00:00': 17484.244244256774, '2025-06-04 07:00:00+00:00': 17404.239187887855, '2025-06-04 09:00:00+00:00': 17957.489387142738, '2025-06-04 10:00:00+00:00': 17880.314261783038, '2025-06-04 13:00:00+00:00': 18010.902628681335, '2025-06-04 16:00:00+00:00': 18072.826680169008, '2025-06-04 19:00:00+00:00': 17848.276429318797, '2025-06-04 22:00:00+00:00': 18339.60986875285, '2025-06-05 01:00:00+00:00': 17808.758634651374, '2025-06-05 02:00:00+00:00': 17525.538522130813, '2025-06-05 04:00:00+00:00': 17372.54536751285, '2025-06-05 05:00:00+00:00': 18667.46697774634, '2025-06-05 10:00:00+00:00': 18143.97839045604, '2025-06-05 13:00:00+00:00': 17384.55621486721, '2025-06-05 16:00:00+00:00': 18130.388357900654, '2025-06-05 17:00:00+00:00': 17477.346540537175, '2025-06-05 19:00:00+00:00': 18015.206191753055, '2025-06-05 20:00:00+00:00': 18158.96633277798, '2025-06-05 21:00:00+00:00': 18597.518491712286, '2025-06-06 02:00:00+00:00': 18988.573254781335, '2025-06-06 04:00:00+00:00': 19135.92938832741, '2025-06-06 05:00:00+00:00': 18972.136284879136, '2025-06-06 06:00:00+00:00': 19242.46540445226, '2025-06-06 10:00:00+00:00': 19130.931746078877, '2025-06-06 11:00:00+00:00': 18778.928748122544, '2025-06-06 13:00:00+00:00': 19001.608875968766, '2025-06-06 15:00:00+00:00': 18482.98696626977, '2025-06-06 16:00:00+00:00': 18161.05915764572, '2025-06-07 13:00:00+00:00': 18240.716577293417, '2025-06-07 15:00:00+00:00': 19138.095880838733, '2025-06-07 23:00:00+00:00': 18646.554155845904, '2025-06-08 05:00:00+00:00': 19021.153899942627, '2025-06-08 06:00:00+00:00': 18925.41839977829, '2025-06-08 11:00:00+00:00': 18531.562590133755, '2025-06-08 12:00:00+00:00': 18501.562590133755, '2025-06-08 15:00:00+00:00': 18484.26502509884, '2025-06-08 16:00:00+00:00': 18178.185802248696, '2025-06-08 17:00:00+00:00': 18131.600288621812, '2025-06-08 22:00:00+00:00': 18146.12309787553, '2025-06-09 12:00:00+00:00': 17997.03308816965, '2025-06-09 13:00:00+00:00': 17796.702578543445, '2025-06-09 14:00:00+00:00': 18155.54211476044, '2025-06-09 15:00:00+00:00': 17672.155627523916, '2025-06-09 19:00:00+00:00': 17839.27519130942, '2025-06-09 21:00:00+00:00': 18088.433915644695, '2025-06-09 22:00:00+00:00': 17713.327269692752, '2025-06-09 23:00:00+00:00': 18177.660263292935, '2025-06-10 00:00:00+00:00': 18058.703762737994, '2025-06-10 01:00:00+00:00': 17363.75019618842, '2025-06-10 02:00:00+00:00': 17479.07961497839, '2025-06-10 12:00:00+00:00': 17396.98873458643, '2025-06-10 20:00:00+00:00': 17085.861491975196, '2025-06-10 21:00:00+00:00': 17535.0709509054, '2025-06-11 00:00:00+00:00': 17414.61902046062, '2025-06-11 05:00:00+00:00': 17751.45808861659, '2025-06-11 15:00:00+00:00': 17364.95983979429, '2025-06-11 16:00:00+00:00': 17222.952353793953, '2025-06-11 17:00:00+00:00': 16948.00452829818, '2025-06-11 21:00:00+00:00': 17779.26516525802, '2025-06-11 22:00:00+00:00': 17624.502940202216, '2025-06-11 23:00:00+00:00': 17795.600501177825, '2025-06-12 12:00:00+00:00': 16932.99482530853, '2025-06-12 13:00:00+00:00': 18444.64211547095, '2025-06-12 20:00:00+00:00': 17716.385757769083, '2025-06-12 21:00:00+00:00': 18923.807714928607, '2025-06-12 23:00:00+00:00': 17103.513356868883, '2025-06-13 01:00:00+00:00': 18869.539945139186, '2025-06-13 03:00:00+00:00': 17980.576463645357, '2025-06-13 17:00:00+00:00': 18343.140674163973, '2025-06-14 00:00:00+00:00': 18494.390674163973, '2025-06-14 07:00:00+00:00': 17912.645651797346, '2025-06-15 02:00:00+00:00': 17921.2343583822, '2025-06-15 05:00:00+00:00': 17903.663819934718, '2025-06-15 18:00:00+00:00': 17833.883829453353, '2025-06-15 22:00:00+00:00': 18122.846817240003, '2025-06-16 01:00:00+00:00': 17858.863495502846, '2025-06-16 04:00:00+00:00': 17994.045313546587, '2025-06-16 06:00:00+00:00': 17951.599583226176, '2025-06-16 08:00:00+00:00': 17688.696073459436, '2025-06-16 09:00:00+00:00': 17976.132538452952, '2025-06-16 15:00:00+00:00': 17525.999519222765, '2025-06-16 19:00:00+00:00': 17128.556642706117, '2025-06-16 20:00:00+00:00': 17374.749519222765, '2025-06-16 23:00:00+00:00': 17533.704101266383, '2025-06-17 00:00:00+00:00': 17395.875740106352, '2025-06-17 04:00:00+00:00': 16787.180608868584, '2025-06-17 09:00:00+00:00': 17332.751720314, '2025-06-17 10:00:00+00:00': 17464.06617259401, '2025-06-17 11:00:00+00:00': 17457.77120601582, '2025-06-17 14:00:00+00:00': 16990.61579354227, '2025-06-17 15:00:00+00:00': 17147.326966290526, '2025-06-17 16:00:00+00:00': 17291.97120601582, '2025-06-17 17:00:00+00:00': 17521.505166095245, '2025-06-17 20:00:00+00:00': 16503.232390670462, '2025-06-18 02:00:00+00:00': 16903.83128178925, '2025-06-18 04:00:00+00:00': 16841.255281822912, '2025-06-18 05:00:00+00:00': 16675.011406012854, '2025-06-18 06:00:00+00:00': 17359.232438822517, '2025-06-18 09:00:00+00:00': 16519.67432736117, '2025-06-18 11:00:00+00:00': 15879.959133908811, '2025-06-18 14:00:00+00:00': 16348.233416773268, '2025-06-18 19:00:00+00:00': 16085.832906026068, '2025-06-18 21:00:00+00:00': 15424.97006352294, '2025-06-18 23:00:00+00:00': 16224.024837811825, '2025-06-19 07:00:00+00:00': 15515.177449433111, '2025-06-19 08:00:00+00:00': 16084.559133908811, '2025-06-19 14:00:00+00:00': 15696.739949433111, '2025-06-19 17:00:00+00:00': 17161.25830089148, '2025-06-19 19:00:00+00:00': 15365.559412966906, '2025-06-20 02:00:00+00:00': 15264.393140446016, '2025-06-20 05:00:00+00:00': 15893.541239359402, '2025-06-20 08:00:00+00:00': 14536.360290962506, '2025-06-20 09:00:00+00:00': 14499.305884971207, '2025-06-20 10:00:00+00:00': 14692.022277504091, '2025-06-20 15:00:00+00:00': 15102.285456959069, '2025-06-20 17:00:00+00:00': 14380.619550221765, '2025-06-20 18:00:00+00:00': 15570.034582714286, '2025-06-21 10:00:00+00:00': 15394.534582714286, '2025-06-21 19:00:00+00:00': 14961.645537475484, '2025-06-21 20:00:00+00:00': 16448.22663894258, '2025-06-21 22:00:00+00:00': 17335.615646447408, '2025-06-22 01:00:00+00:00': 17464.950967526696, '2025-06-22 08:00:00+00:00': 18316.52211275582, '2025-06-22 10:00:00+00:00': 17748.52798030269, '2025-06-22 14:00:00+00:00': 18231.855463824235, '2025-06-22 15:00:00+00:00': 18339.81383623191, '2025-06-22 16:00:00+00:00': 18286.684815230874, '2025-06-22 23:00:00+00:00': 17965.645977393295, '2025-06-23 01:00:00+00:00': 17905.758933305868, '2025-06-23 02:00:00+00:00': 17646.25017738182, '2025-06-23 05:00:00+00:00': 17467.536578648924, '2025-06-23 06:00:00+00:00': 17817.555598092866, '2025-06-23 09:00:00+00:00': 17236.84692347651, '2025-06-23 14:00:00+00:00': 16943.16281302095, '2025-06-23 17:00:00+00:00': 17055.34293332718, '2025-06-23 18:00:00+00:00': 16668.303688874585, '2025-06-23 19:00:00+00:00': 16681.064111787906, '2025-06-23 21:00:00+00:00': 16481.314111787906, '2025-06-23 23:00:00+00:00': 16134.663973662979, '2025-06-24 00:00:00+00:00': 16122.859856583616, '2025-06-24 02:00:00+00:00': 15607.632728006754, '2025-06-24 03:00:00+00:00': 15792.832728006755, '2025-06-24 04:00:00+00:00': 15961.334432854803, '2025-06-24 09:00:00+00:00': 15252.321252493864, '2025-06-24 16:00:00+00:00': 15960.960269959274, '2025-06-24 17:00:00+00:00': 14953.383874139387, '2025-06-25 01:00:00+00:00': 14465.238961857487, '2025-06-25 02:00:00+00:00': 14779.194684950198, '2025-06-25 09:00:00+00:00': 15111.015453086755, '2025-06-25 12:00:00+00:00': 14610.394232961733, '2025-06-25 14:00:00+00:00': 14856.253288087937, '2025-06-25 16:00:00+00:00': 14624.410772844703, '2025-06-26 01:00:00+00:00': 14473.160772844703, '2025-06-26 13:00:00+00:00': 14319.837585345995, '2025-06-27 00:00:00+00:00': 14127.24059348769, '2025-06-30 20:00:00+00:00': 14224.180970065376, '2025-06-30 21:00:00+00:00': 14220.992004715732, '2025-06-30 23:00:00+00:00': 14235.014592676021, '2025-07-01 00:00:00+00:00': 14486.338162581145, '2025-07-01 02:00:00+00:00': 14451.59295155584, '2025-07-01 04:00:00+00:00': 14441.92689682639, '2025-07-01 05:00:00+00:00': 14454.024417629502, '2025-07-01 07:00:00+00:00': 14457.698423899059, '2025-07-01 08:00:00+00:00': 14450.971918832656, '2025-07-01 10:00:00+00:00': 14460.811441175952, '2025-07-01 11:00:00+00:00': 14476.915038674533, '2025-07-01 13:00:00+00:00': 14475.788295501543, '2025-07-01 18:00:00+00:00': 14455.999698970269, '2025-07-01 20:00:00+00:00': 14386.74807836653, '2025-07-02 00:00:00+00:00': 14387.211421520187, '2025-07-02 05:00:00+00:00': 14377.049425575879, '2025-07-02 08:00:00+00:00': 14394.710499278257, '2025-07-02 13:00:00+00:00': 14474.763504664545, '2025-07-02 14:00:00+00:00': 14461.682960416802, '2025-07-02 15:00:00+00:00': 14476.153820924086, '2025-07-02 16:00:00+00:00': 14473.224181021727, '2025-07-02 17:00:00+00:00': 14609.435516812864, '2025-07-02 18:00:00+00:00': 14600.27035785362, '2025-07-02 20:00:00+00:00': 14575.757149977446, '2025-07-02 21:00:00+00:00': 14654.268154477537, '2025-07-02 22:00:00+00:00': 14644.976298514368, '2025-07-02 23:00:00+00:00': 14636.003971371936, '2025-07-03 00:00:00+00:00': 14638.45562146487, '2025-07-03 03:00:00+00:00': 14636.523903501065, '2025-07-03 05:00:00+00:00': 14633.404753203478, '2025-07-03 07:00:00+00:00': 14633.867197446807, '2025-07-03 09:00:00+00:00': 14624.120538000963, '2025-07-03 10:00:00+00:00': 14624.186479540758, '2025-07-03 13:00:00+00:00': 14625.362968906447, '2025-07-03 14:00:00+00:00': 14632.230050714179, '2025-07-03 16:00:00+00:00': 14678.554442344312, '2025-07-03 17:00:00+00:00': 14626.96558903722, '2025-07-03 18:00:00+00:00': 14678.86991925648, '2025-07-03 20:00:00+00:00': 14682.494308591231, '2025-07-04 02:00:00+00:00': 14641.406994876046, '2025-07-04 03:00:00+00:00': 14701.481122820758, '2025-07-04 05:00:00+00:00': 14695.928424669344, '2025-07-04 08:00:00+00:00': 14751.66189618749, '2025-07-04 13:00:00+00:00': 14755.335332533105, '2025-07-04 16:00:00+00:00': 14758.945367040254, '2025-07-04 17:00:00+00:00': 14835.805049999199, '2025-07-04 18:00:00+00:00': 14837.410841063836, '2025-07-04 20:00:00+00:00': 14830.889064703582, '2025-07-04 22:00:00+00:00': 14844.643014553189, '2025-07-05 00:00:00+00:00': 14847.611746820005, '2025-07-05 17:00:00+00:00': 14622.580899021845, '2025-07-05 23:00:00+00:00': 14680.019780235225, '2025-07-06 06:00:00+00:00': 14849.153812153998, '2025-07-06 13:00:00+00:00': 14844.36461999757, '2025-07-06 19:00:00+00:00': 14841.697187946904, '2025-07-06 21:00:00+00:00': 14835.356343616524, '2025-07-07 01:00:00+00:00': 14817.442652155165, '2025-07-07 05:00:00+00:00': 14823.726177649363, '2025-07-07 07:00:00+00:00': 14812.191405427297, '2025-07-07 08:00:00+00:00': 14804.403436343011, '2025-07-07 12:00:00+00:00': 14856.487406793425, '2025-07-07 13:00:00+00:00': 14860.373730082812, '2025-07-07 14:00:00+00:00': 14850.9274107081, '2025-07-07 17:00:00+00:00': 14910.271555537794, '2025-07-07 18:00:00+00:00': 14914.553989307868, '2025-07-07 23:00:00+00:00': 15055.821466070858, '2025-07-08 00:00:00+00:00': 14860.000704550283, '2025-07-08 01:00:00+00:00': 14800.733988055727, '2025-07-08 03:00:00+00:00': 14965.703186049921, '2025-07-08 10:00:00+00:00': 14988.26539029183, '2025-07-08 13:00:00+00:00': 14977.694807304011, '2025-07-08 14:00:00+00:00': 14983.059315647262, '2025-07-08 16:00:00+00:00': 15045.472760699708, '2025-07-08 17:00:00+00:00': 14979.073213792954, '2025-07-08 18:00:00+00:00': 15062.386879202724, '2025-07-08 21:00:00+00:00': 15058.2065336729, '2025-07-09 03:00:00+00:00': 15042.472156314949, '2025-07-09 04:00:00+00:00': 15062.225315139598, '2025