number,value,params_CONVERGENCE_THRESHOLD,params_FIXED_TRADE_PCT,params_MAX_HOLD_HOURS,params_MAX_POSITION_PCT,params_MIN_DIV,params_STOP_LOSS_PCT,params_TAKE_PROFIT_PCT,params_TRAIL_PCT,state,user_attrs_cooldown_trades_pct,user_attrs_equity_curves,user_attrs_total_trades
6,4.48853212686922,0.015,0.04,48,0.01,0.045,0.2,0.7,0.3,COMPLETE,5.563480741797433,"[{'2025-05-01 00:00:00+00:00': 10000.0, '2025-05-01 02:00:00+00:00': 10065.185770652803, '2025-05-01 06:00:00+00:00': 10070.387786574589, '2025-05-01 07:00:00+00:00': 10070.91465674828, '2025-05-01 11:00:00+00:00': 10231.972676561278, '2025-05-01 13:00:00+00:00': 10078.137884983453, '2025-05-01 15:00:00+00:00': 10258.066465780174, '2025-05-01 16:00:00+00:00': 10133.640373315204, '2025-05-01 17:00:00+00:00': 10287.586370606203, '2025-05-02 04:00:00+00:00': 10259.931128175984, '2025-05-02 15:00:00+00:00': 10237.451047284447, '2025-05-02 20:00:00+00:00': 10276.634368098608, '2025-05-02 23:00:00+00:00': 10238.145504555427, '2025-05-03 10:00:00+00:00': 10212.38893849536, '2025-05-04 01:00:00+00:00': 10188.656759087486, '2025-05-04 22:00:00+00:00': 10186.694597828904, '2025-05-05 01:00:00+00:00': 10137.99313266977, '2025-05-05 02:00:00+00:00': 10133.387471865453, '2025-05-05 03:00:00+00:00': 10127.88708404216, '2025-05-05 10:00:00+00:00': 10099.633228952158, '2025-05-05 12:00:00+00:00': 10125.940872770461, '2025-05-06 03:00:00+00:00': 10188.973230406982, '2025-05-06 13:00:00+00:00': 10123.327064613166, '2025-05-06 16:00:00+00:00': 10236.674578609445, '2025-05-06 17:00:00+00:00': 10235.37175164584, '2025-05-06 23:00:00+00:00': 10374.249338145224, '2025-05-07 01:00:00+00:00': 10466.98670937505, '2025-05-07 02:00:00+00:00': 10313.863096500187, '2025-05-07 04:00:00+00:00': 10502.72383826172, '2025-05-07 17:00:00+00:00': 10505.505053378358, '2025-05-07 18:00:00+00:00': 10632.571643437455, '2025-05-07 22:00:00+00:00': 10677.120513507552, '2025-05-08 03:00:00+00:00': 10414.738085134319, '2025-05-08 04:00:00+00:00': 10750.192176675513, '2025-05-08 12:00:00+00:00': 10705.233098074641, '2025-05-08 16:00:00+00:00': 10927.372897688472, '2025-05-08 17:00:00+00:00': 10935.77824184279, '2025-05-08 19:00:00+00:00': 10928.121499084004, '2025-05-08 21:00:00+00:00': 10994.60569613967, '2025-05-08 22:00:00+00:00': 11034.869397554836, '2025-05-09 00:00:00+00:00': 10992.870880897804, '2025-05-09 05:00:00+00:00': 11070.189125289562, '2025-05-09 08:00:00+00:00': 11052.791541737704, '2025-05-09 09:00:00+00:00': 11192.808210828607, '2025-05-09 16:00:00+00:00': 11182.34008970705, '2025-05-09 18:00:00+00:00': 11175.075464999481, '2025-05-11 00:00:00+00:00': 11263.248566456292, '2025-05-11 01:00:00+00:00': 11237.899354248912, '2025-05-11 06:00:00+00:00': 11251.0698302748, '2025-05-11 13:00:00+00:00': 11296.14860602111, '2025-05-11 17:00:00+00:00': 11273.785616570047, '2025-05-12 12:00:00+00:00': 11298.859529386185, '2025-05-12 16:00:00+00:00': 11346.419874320185, '2025-05-12 19:00:00+00:00': 11355.336129880196, '2025-05-13 00:00:00+00:00': 11390.964110348874, '2025-05-14 08:00:00+00:00': 11446.939820427135, '2025-05-15 01:00:00+00:00': 11453.026099850595, '2025-05-17 05:00:00+00:00': 11504.254980721158, '2025-05-17 18:00:00+00:00': 11672.186318187312, '2025-05-17 22:00:00+00:00': 11671.49823828919, '2025-05-18 06:00:00+00:00': 11672.798196321402, '2025-05-18 11:00:00+00:00': 11701.155648498485, '2025-05-18 15:00:00+00:00': 11662.45957333765, '2025-05-18 17:00:00+00:00': 11790.946492979043, '2025-05-19 00:00:00+00:00': 11883.469308405965, '2025-05-19 01:00:00+00:00': 11769.94076845758, '2025-05-19 08:00:00+00:00': 11915.336713980048, '2025-05-19 17:00:00+00:00': 12175.781222257687, '2025-05-19 20:00:00+00:00': 12185.887046607482, '2025-05-20 02:00:00+00:00': 12234.808489926858, '2025-05-20 05:00:00+00:00': 12248.102781948448, '2025-05-20 07:00:00+00:00': 12205.50270676983, '2025-05-20 08:00:00+00:00': 12282.413393208022, '2025-05-20 13:00:00+00:00': 12265.758376574626, '2025-05-20 14:00:00+00:00': 12281.451458526111, '2025-05-20 18:00:00+00:00': 12366.65341891981, '2025-05-20 20:00:00+00:00': 12453.762489992325, '2025-05-21 05:00:00+00:00': 12764.573300803137, '2025-05-21 07:00:00+00:00': 12754.003161704055, '2025-05-21 15:00:00+00:00': 12958.016977775216, '2025-05-21 18:00:00+00:00': 13000.029795833245, '2025-05-21 21:00:00+00:00': 13052.695833315609, '2025-05-22 00:00:00+00:00': 13126.26441706339, '2025-05-22 01:00:00+00:00': 13173.65616534993, '2025-05-22 04:00:00+00:00': 13261.718015238146, '2025-05-22 09:00:00+00:00': 13190.93652879471, '2025-05-22 16:00:00+00:00': 13273.703720261987, '2025-05-24 02:00:00+00:00': 13442.860158276815, '2025-05-24 08:00:00+00:00': 13454.717262076896, '2025-05-24 16:00:00+00:00': 13453.229321872823, '2025-05-25 01:00:00+00:00': 13467.771165760734, '2025-05-25 23:00:00+00:00': 13695.118104536245, '2025-05-27 02:00:00+00:00': 13740.264269234696, '2025-05-29 11:00:00+00:00': 13812.95153885198, '2025-05-31 03:00:00+00:00': 14771.444593201439, '2025-05-31 04:00:00+00:00': 14998.947067252735, '2025-05-31 05:00:00+00:00': 15115.56489243825, '2025-05-31 06:00:00+00:00': 14985.04951105227, '2025-05-31 07:00:00+00:00': 15222.044309809236, '2025-05-31 09:00:00+00:00': 15915.815130466344, '2025-05-31 11:00:00+00:00': 15454.732162446553, '2025-05-31 12:00:00+00:00': 15899.69000389012, '2025-05-31 17:00:00+00:00': 15665.313534634206, '2025-06-01 01:00:00+00:00': 15685.29575484895, '2025-06-01 14:00:00+00:00': 15905.470385230159, '2025-06-01 21:00:00+00:00': 15883.940357039197, '2025-06-01 23:00:00+00:00': 13777.24872325407, '2025-06-02 00:00:00+00:00': 13793.05806048461, '2025-06-02 03:00:00+00:00': 13923.67761742629, '2025-06-02 07:00:00+00:00': 16025.046125458022, '2025-06-02 08:00:00+00:00': 15997.5957424499, '2025-06-02 09:00:00+00:00': 15750.9973645163, '2025-06-02 10:00:00+00:00': 15827.145552961823, '2025-06-02 12:00:00+00:00': 15233.311302987708, '2025-06-02 18:00:00+00:00': 15731.979512618947, '2025-06-02 23:00:00+00:00': 14985.5261596445, '2025-06-03 01:00:00+00:00': 15336.214253964703, '2025-06-03 02:00:00+00:00': 15577.55487988214, '2025-06-03 03:00:00+00:00': 15048.980521309732, '2025-06-03 11:00:00+00:00': 15226.397225309312, '2025-06-03 12:00:00+00:00': 15568.37544553174, '2025-06-03 15:00:00+00:00': 15230.085240927412, '2025-06-03 16:00:00+00:00': 15133.716596581586, '2025-06-03 22:00:00+00:00': 15222.47463972763, '2025-06-04 01:00:00+00:00': 15162.021778234219, '2025-06-04 05:00:00+00:00': 15066.627771009282, '2025-06-04 07:00:00+00:00': 15138.770193276372, '2025-06-04 10:00:00+00:00': 15386.29484626164, '2025-06-04 13:00:00+00:00': 15580.759207033716, '2025-06-04 16:00:00+00:00': 15381.454766259156, '2025-06-04 19:00:00+00:00': 15553.858746521675, '2025-06-04 22:00:00+00:00': 15893.900104779905, '2025-06-05 02:00:00+00:00': 15330.17250587169, '2025-06-05 05:00:00+00:00': 16013.224333459693, '2025-06-05 13:00:00+00:00': 15154.995712178521, '2025-06-05 16:00:00+00:00': 16001.929633818761, '2025-06-05 17:00:00+00:00': 15376.31326345253, '2025-06-05 18:00:00+00:00': 15485.606782923742, '2025-06-05 20:00:00+00:00': 15596.556866171706, '2025-06-05 21:00:00+00:00': 15680.013999588244, '2025-06-06 01:00:00+00:00': 15174.312815764642, '2025-06-06 02:00:00+00:00': 15824.211313560607, '2025-06-06 04:00:00+00:00': 15952.18182153325, '2025-06-06 09:00:00+00:00': 16645.03275981918, '2025-06-06 10:00:00+00:00': 16745.474999940845, '2025-06-06 11:00:00+00:00': 16425.493647787956, '2025-06-06 15:00:00+00:00': 16337.74434346327, '2025-06-06 23:00:00+00:00': 15963.745762944436, '2025-06-07 14:00:00+00:00': 16069.227699465946, '2025-06-07 16:00:00+00:00': 16149.191872868412, '2025-06-07 21:00:00+00:00': 16052.14419361018, '2025-06-07 22:00:00+00:00': 16889.636370444663, '2025-06-07 23:00:00+00:00': 16551.24679455276, '2025-06-08 08:00:00+00:00': 16520.165794852466, '2025-06-08 16:00:00+00:00': 15883.797974811798, '2025-06-09 00:00:00+00:00': 15925.696429572668, '2025-06-09 04:00:00+00:00': 15730.865714630288, '2025-06-09 11:00:00+00:00': 15755.115626941648, '2025-06-09 12:00:00+00:00': 15848.823554169947, '2025-06-09 13:00:00+00:00': 16363.427392664067, '2025-06-09 15:00:00+00:00': 15956.003267065387, '2025-06-09 18:00:00+00:00': 16259.983738415518, '2025-06-09 19:00:00+00:00': 16034.440119233517, '2025-06-09 22:00:00+00:00': 15772.77251336829, '2025-06-09 23:00:00+00:00': 15584.733625718516, '2025-06-10 12:00:00+00:00': 15442.388819123255, '2025-06-10 17:00:00+00:00': 15289.201532316229, '2025-06-10 20:00:00+00:00': 15391.871778700995, '2025-06-10 23:00:00+00:00': 15707.148443521168, '2025-06-11 00:00:00+00:00': 15580.718386248813, '2025-06-11 05:00:00+00:00': 15844.331567988724, '2025-06-11 12:00:00+00:00': 15345.0207839467, '2025-06-11 15:00:00+00:00': 15378.823155769443, '2025-06-11 23:00:00+00:00': 15270.577661053936, '2025-06-12 02:00:00+00:00': 15544.64536745157, '2025-06-12 08:00:00+00:00': 15222.214725942864, '2025-06-12 12:00:00+00:00': 17139.439369678, '2025-06-12 13:00:00+00:00': 17041.089516048272, '2025-06-12 21:00:00+00:00': 16731.291804608434, '2025-06-13 01:00:00+00:00': 16872.69553836454, '2025-06-13 02:00:00+00:00': 17201.9547976238, '2025-06-13 03:00:00+00:00': 17351.993558994396, '2025-06-13 08:00:00+00:00': 16976.061678398004, '2025-06-13 10:00:00+00:00': 16531.569959180364, '2025-06-13 12:00:00+00:00': 16332.908837931176, '2025-06-13 13:00:00+00:00': 16398.37846981866, '2025-06-13 16:00:00+00:00': 16760.79564742157, '2025-06-13 17:00:00+00:00': 16652.42749574799, '2025-06-14 04:00:00+00:00': 16066.825093470256, '2025-06-14 07:00:00+00:00': 17106.16634331064, '2025-06-14 16:00:00+00:00': 16585.1198034403, '2025-06-14 17:00:00+00:00': 16853.061194070415, '2025-06-15 05:00:00+00:00': 16268.98039285116, '2025-06-15 06:00:00+00:00': 15878.939913504502, '2025-06-15 09:00:00+00:00': 16178.233019802681, '2025-06-15 13:00:00+00:00': 16037.460597226318, '2025-06-15 14:00:00+00:00': 15981.244381010101, '2025-06-15 18:00:00+00:00': 15849.800964929209, '2025-06-16 03:00:00+00:00': 15994.119476796679, '2025-06-16 05:00:00+00:00': 16264.941924888279, '2025-06-16 06:00:00+00:00': 16121.119476796679, '2025-06-16 07:00:00+00:00': 16364.641741729152, '2025-06-16 08:00:00+00:00': 15628.963208947678, '2025-06-16 11:00:00+00:00': 15762.891780376249, '2025-06-16 15:00:00+00:00': 15415.251930012857, '2025-06-16 17:00:00+00:00': 15444.422309336578, '2025-06-16 18:00:00+00:00': 16461.887393784942, '2025-06-16 19:00:00+00:00': 15281.323358584286, '2025-06-16 20:00:00+00:00': 15507.487953336982, '2025-06-16 21:00:00+00:00': 15159.48224676431, '2025-06-16 23:00:00+00:00': 15356.237953336982, '2025-06-17 00:00:00+00:00': 15416.306109271783, '2025-06-17 02:00:00+00:00': 15899.542551139697, '2025-06-17 07:00:00+00:00': 15335.735168193012, '2025-06-17 11:00:00+00:00': 15795.78700833621, '2025-06-17 12:00:00+00:00': 15710.293230496454, '2025-06-17 15:00:00+00:00': 16012.491143238562, '2025-06-17 16:00:00+00:00': 15533.162732472612, '2025-06-17 17:00:00+00:00': 15379.209094844071, '2025-06-17 20:00:00+00:00': 14394.964987284011, '2025-06-18 01:00:00+00:00': 15643.151218735484, '2025-06-18 04:00:00+00:00': 15006.607226954457, '2025-06-18 05:00:00+00:00': 14233.786612316579, '2025-06-18 11:00:00+00:00': 15212.149101642248, '2025-06-18 14:00:00+00:00': 14702.40509689089, '2025-06-18 18:00:00+00:00': 14772.740644994843, '2025-06-18 19:00:00+00:00': 14578.745475088888, '2025-06-18 21:00:00+00:00': 14146.729564913592, '2025-06-19 01:00:00+00:00': 14114.224215322129, '2025-06-19 02:00:00+00:00': 13908.789356496065, '2025-06-19 04:00:00+00:00': 14877.120047467277, '2025-06-19 07:00:00+00:00': 13153.605384481314, '2025-06-19 11:00:00+00:00': 13997.110147166168, '2025-06-19 17:00:00+00:00': 14655.680958959856, '2025-06-19 21:00:00+00:00': 12890.102408112823, '2025-06-19 23:00:00+00:00': 12796.026401034755, '2025-06-20 02:00:00+00:00': 13281.129994815954, '2025-06-20 04:00:00+00:00': 13632.386048065937, '2025-06-20 05:00:00+00:00': 12726.382594333352, '2025-06-20 08:00:00+00:00': 12959.321122410638, '2025-06-20 09:00:00+00:00': 13158.148893716701, '2025-06-20 15:00:00+00:00': 13300.364645302177, '2025-06-20 17:00:00+00:00': 13457.598421652301, '2025-06-20 18:00:00+00:00': 13537.146516792825, '2025-06-21 08:00:00+00:00': 13383.856411271623, '2025-06-21 09:00:00+00:00': 13580.272329330975, '2025-06-21 10:00:00+00:00': 13640.240825617404, '2025-06-21 16:00:00+00:00': 13450.010255696321, '2025-06-21 17:00:00+00:00': 13519.092260328227, '2025-06-21 19:00:00+00:00': 12896.374160808575, '2025-06-21 20:00:00+00:00': 14534.534973103613, '2025-06-21 22:00:00+00:00': 14712.01603506506, '2025-06-22 01:00:00+00:00': 14768.70529938943, '2025-06-22 03:00:00+00:00': 15855.62412347509, '2025-06-22 10:00:00+00:00': 14804.813852047619, '2025-06-22 14:00:00+00:00': 15758.37583907261, '2025-06-22 15:00:00+00:00': 14800.41019501458, '2025-06-22 16:00:00+00:00': 15480.060357079023, '2025-06-22 23:00:00+00:00': 15362.46027556932, '2025-06-23 01:00:00+00:00': 15257.638528834088, '2025-06-23 05:00:00+00:00': 14632.421800070711, '2025-06-23 07:00:00+00:00': 14877.041011266847, '2025-06-23 09:00:00+00:00': 14480.637659101549, '2025-06-23 13:00:00+00:00': 14455.40270995684, '2025-06-23 14:00:00+00:00': 14193.783731181531, '2025-06-23 18:00:00+00:00': 14018.969206392245, '2025-06-23 19:00:00+00:00': 14177.858536406322, '2025-06-23 21:00:00+00:00': 13782.302709433596, '2025-06-23 23:00:00+00:00': 13452.814675056, '2025-06-24 00:00:00+00:00': 14047.646777230206, '2025-06-24 02:00:00+00:00': 13267.614675056, '2025-06-24 03:00:00+00:00': 13025.128633300717, '2025-06-24 07:00:00+00:00': 12887.35085552294, '2025-06-24 09:00:00+00:00': 12691.314819486905, '2025-06-24 14:00:00+00:00': 12618.33159165752, '2025-06-24 15:00:00+00:00': 13169.947924702841, '2025-06-24 17:00:00+00:00': 12426.664924990853, '2025-06-24 21:00:00+00:00': 12272.02555180462, '2025-06-25 02:00:00+00:00': 12097.836362615431, '2025-06-25 05:00:00+00:00': 12382.741938511976, '2025-06-25 07:00:00+00:00': 11963.90779118686, '2025-06-25 08:00:00+00:00': 11852.8736598203, '2025-06-25 14:00:00+00:00': 12083.366119815188, '2025-06-25 15:00:00+00:00': 11980.641467745843, '2025-06-25 16:00:00+00:00': 11840.695559418533, '2025-06-26 01:00:00+00:00': 11689.445559418533, '2025-06-26 06:00:00+00:00': 11630.678483577323, '2025-06-26 10:00:00+00:00': 11567.900463613425, '2025-06-26 14:00:00+00:00': 11450.576324065407, '2025-06-26 16:00:00+00:00': 11342.710817055802, '2025-06-27 00:00:00+00:00': 11204.778456112988, '2025-06-30 21:00:00+00:00': 11106.844857252234, '2025-07-01 00:00:00+00:00': 11097.18674177869, '2025-07-01 04:00:00+00:00': 11109.396029531948, '2025-07-01 07:00:00+00:00': 11249.458536811007, '2025-07-01 09:00:00+00:00': 11197.06477538948, '2025-07-01 13:00:00+00:00': 11290.968145526007, '2025-07-01 20:00:00+00:00': 11119.271412136259, '2025-07-02 07:00:00+00:00': 11221.305068366297, '2025-07-02 08:00:00+00:00': 11340.63967644026, '2025-07-02 13:00:00+00:00': 11351.367190197077, '2025-07-02 14:00:00+00:00': 11286.779717940186, '2025-07-02 15:00:00+00:00': 11263.949879597058, '2025-07-02 17:00:00+00:00': 11378.093596187371, '2025-07-02 20:00:00+00:00': 11283.606941285638, '2025-07-02 21:00:00+00:00': 11369.04714794657, '2025-07-02 22:00:00+00:00': 11376.63904293964, '2025-07-02 23:00:00+00:00': 11399.294567719942, '2025-07-03 04:00:00+00:00': 11401.329065688824, '2025-07-03 05:00:00+00:00': 11402.878134358463, '2025-07-03 07:00:00+00:00': 11401.3304596418, '2025-07-03 10:00:00+00:00': 11351.661296105842, '2025-07-03 13:00:00+00:00': 11351.608401025285, '2025-07-03 14:00:00+00:00': 11358.186096756373, '2025-07-03 16:00:00+00:00': 11509.737618564264, '2025-07-03 19:00:00+00:00': 11348.484596575863, '2025-07-03 20:00:00+00:00': 11512.896838007657, '2025-07-03 21:00:00+00:00': 11348.625047606007, '2025-07-04 02:00:00+00:00': 11508.92188523612, '2025-07-04 08:00:00+00:00': 11508.271269368803, '2025-07-04 13:00:00+00:00': 11643.429217469062, '2025-07-04 15:00:00+00:00': 11640.844971873476, '2025-07-04 17:00:00+00:00': 11462.913680325793, '2025-07-04 22:00:00+00:00': 11666.955172866055, '2025-07-05 00:00:00+00:00': 11718.585107139394, '2025-07-05 05:00:00+00:00': 11400.017176803509, '2025-07-05 23:00:00+00:00': 11488.594580878607, '2025-07-06 05:00:00+00:00': 11646.339882501907, '2025-07-06 13:00:00+00:00': 11715.73348181563, '2025-07-06 18:00:00+00:00': 11719.568632765864, '2025-07-06 21:00:00+00:00': 11653.570246852983, '2025-07-06 22:00:00+00:00': 11661.316734181268, '2025-07-07 02:00:00+00:00': 11697.630939253884, '2025-07-07 06:00:00+00:00': 11663.411221920887, '2025-07-07 07:00:00+00:00': 11697.01324142367, '2025-07-07 13:00:00+00:00': 11732.720111576213, '2025-07-07 14:00:00+00:00': 11687.786702185036, '2025-07-07 18:00:00+00:00': 11728.301944246785, '2025-07-08 00:00:00+00:00': 11666.236609258416, '2025-07-08 03:00:00+00:00': 11823.125297542685, '2025-07-08 10:00:00+00:00': 11758.503502736248, '2025-07-08 14:00:00+00:00': 11687.247143162205, '2025-07-08 16:00:00+00:00': 11810.616151998176, '2025-07-08 17:00:00+00:00': 11756.065141835255, '2025-07-08 18:00:00+00:00': 11848.092055377589, '2025-07-08 19:00:00+00:00': 11673.475234473568, '2025-07-08 21:00:00+00:00': 11881.336470562195, '2025-07-08 23:00:00+00:00': 11672.26573741984, '2025-07-09 04:00:00+00:00': 11885.54093687337, '2025-07-09 05:00:00+00:00': 11877.897952818706, '2025-07-09 10:00:00+00:00': 11874.253038790164, '2025-07-09 12:00:00+00:00': 11867.483984132967, '2025-07-09 15:00:00+00:00': 11805.119854011527, '2025-07-09 17:00:00+00:00': 11833.204318432152, '2025-07-09 19:00:00+00:00': 11899.487813649397, '2025-07-09 20:00:00+00:00': 11809.633322129202, '2025-07-09 21:00:00+00:00': 11933.046762640546, '2025-07-09 22:00:00+00:00': 11841.718043236844, '2025-07-10 00:00:00+00:00': 11802.655119838983, '2025-07-10 01:00:00+00:00': 11930.88600203786, '2025-07-10 03:00:00+00:00': 11924.651316101768, '2025-07-10 10:00:00+00:00': 11950.551931939734, '2025-07-10 13:00:00+00:00': 11941.852265314821, '2025-07-10 14:00:00+00:00': 11881.715420691335, '2025-07-10 15:00:00+00:00': 11952.479207217264, '2025-07-10 17:00:00+00:00': 11906.631307263087, '2025-07-10 18:00:00+00:00': 12088.203399454549, '2025-07-10 19:00:00+00:00': 12002.674623826937, '2025-07-10 22:00:00+00:00': 12251.831940239006, '2025-07-10 23:00:00+00:00': 12185.308447451825, '2025-07-11 01:00:00+00:00': 12289.615050123042, '2025-07-11 07:00:00+00:00': 12297.71101198492, '2025-07-11 09:00:00+00:00': 12292.844130923251, '2025-07-11 10:00:00+00:00': 12293.281978194746, '2025-07-11 12:00:00+00:00': 12271.908699038611, '2025-07-11 16:00:00+00:00': 12335.453584273093, '2025-07-11 18:00:00+00:00': 12293.293071561859, '2025-07-11 23:00:00+00:00': 12353.37570853115, '2025-07-12 01:00:00+00:00': 12404.678387603173, '2025-07-12 08:00:00+00:00': 12390.315490350382, '2025-07-12 09:00:00+00:00': 12389.720042343535, '2025-07-12 16:00:00+00:00': 12439.923341150268, '2025-07-12 17:00:00+00:00': 12490.221630439533, '2025-07-12 21:00:00+00:00': 12515.644656974544, '2025-07-13 01:00:00+00:00': 12512.912654071879, '2025-07-13 07:00:00+00:00': 12283.729259721425, '2025-07-13 11:00:00+00:00': 12506.500940647496, '2025-07-13 12:00:00+00:00': 12265.529493581947, '2025-07-13 14:00:00+00:00': 12498.463706700257, '2025-07-13 17:00:00+00:00': 12282.981235064226, '2025-07-13 18:00:00+00:00': 12437.791187518342, '2025-07-13 22:00:00+00:00': 12389.225566683686, '2025-07-13 23:00:00+00:00': 12445.779121285628, '2025-07-14 00:00:00+00:00': 12443.409112656715, '2025-07-14 02:00:00+00:00': 12440.60072580971, '2025-07-14 04:00:00+00:00': 12392.745027433662, '2025-07-14 07:00:00+00:00': 12504.615350250846, '2025-07-14 09:00:00+00:00': 12386.086911783921, '2025-07-14 11:00:00+00:00': 12340.401914198012, '2025-07-14 15:00:00+00:00': 12656.959116421349, '2025-07-14 16:00:00+00:00': 12876.596219057059, '2025-07-14 19:00:00+00:00': 13305.482379203866, '2025-07-15 04:00:00+00:00': 13423.508971680161, '2025-07-15 07:00:00+00:00': 12879.717701972797, '2025-07-15 12:00:00+00:00': 13374.274339556148, '2025-07-15 15:00:00+00:00': 12783.564433598425, '2025-07-15 16:00:00+00:00': 13390.212954140692, '2025-07-15 17:00:00+00:00': 13380.12760091032, '2025-07-15 18:00:00+00:00': 13308.436824277102, '2025-07-15 20:00:00+00:00': 13275.38628861514, '2025-07-15 23:00:00+00:00': 13265.87924636162, '2025-07-16 00:00:00+00:00': 13194.935799118522, '2025-07-16 07:00:00+00:00': 12517.885172072458, '2025-07-16 13:00:00+00:00': 13114.193533648586, '2025-07-16 17:00:00+00:00': 13157.856148550192, '2025-07-16 18:00:00+00:00': 13144.420152737814, '2025-07-17 05:00:00+00:00': 13378.589700727478, '2025-07-17 07:00:00+00:00': 13253.3216402988, '2025-07-17 09:00:00+00:00': 13161.89392945086, '2025-07-17 14:00:00+00:00': 13304.256169143822, '2025-07-17 17:00:00+00:00': 13393.125176186168, '2025-07-17 21:00:00+00:00': 13384.320818800332, '2025-07-17 22:00:00+00:00': 13124.852149228871, '2025-07-18 01:00:00+00:00': 13356.446122808753, '2025-07-18 08:00:00+00:00': 13088.144263588854, '2025-07-18 09:00:00+00:00': 13398.93853024744, '2025-07-18 11:00:00+00:00': 13452.901741753474, '2025-07-18 12:00:00+00:00': 13452.64058003288, '2025-07-18 13:00:00+00:00': 13442.169409885042, '2025-07-18 15:00:00+00:00': 14121.790550502354, '2025-07-18 16:00:00+00:00': 14173.495231941499, '2025-07-18 17:00:00+00:00': 14191.561008579345, '2025-07-18 21:00:00+00:00': 14174.575328423754, '2025-07-19 04:00:00+00:00': 14085.856775257194, '2025-07-19 15:00:00+00:00': 13456.985482562204, '2025-07-20 00:00:00+00:00': 14062.543837125048, '2025-07-20 03:00:00+00:00': 13988.062162076392, '2025-07-20 04:00:00+00:00': 13668.394661791566, '2025-07-20 06:00:00+00:00': 13656.055547522981, '2025-07-20 08:00:00+00:00': 13635.43445885656, '2025-07-20 09:00:00+00:00': 13635.731859210608, '2025-07-20 11:00:00+00:00': 14163.330169098195, '2025-07-20 12:00:00+00:00': 13525.119973173672, '2025-07-20 14:00:00+00:00': 13487.103552385723, '2025-