number,value,params_CONVERGENCE_THRESHOLD,params_FIXED_TRADE_PCT,params_MAX_HOLD_HOURS,params_MAX_POSITION_PCT,params_MIN_DIV,params_STOP_LOSS_PCT,params_TAKE_PROFIT_PCT,params_TRAIL_PCT,state,user_attrs_cooldown_trades_pct,user_attrs_equity_curves,user_attrs_total_trades
25,6.920345641829516,0.03,0.06,72,0.025,0.035,0.1,0.7,0.5,COMPLETE,6.145251396648044,"[{'2025-05-01 00:00:00+00:00': 10000.0, '2025-05-01 02:00:00+00:00': 10114.47965809974, '2025-05-01 03:00:00+00:00': 10086.512458520618, '2025-05-01 06:00:00+00:00': 10128.944926162298, '2025-05-01 07:00:00+00:00': 10129.739826877989, '2025-05-01 11:00:00+00:00': 10355.665874441689, '2025-05-01 13:00:00+00:00': 10350.085390165417, '2025-05-01 15:00:00+00:00': 10306.20143169059, '2025-05-01 16:00:00+00:00': 10357.806020660686, '2025-05-02 01:00:00+00:00': 10351.307029754302, '2025-05-02 05:00:00+00:00': 10345.84184878105, '2025-05-02 06:00:00+00:00': 10367.874405342904, '2025-05-02 09:00:00+00:00': 10373.730193858733, '2025-05-02 13:00:00+00:00': 10362.947438383382, '2025-05-02 15:00:00+00:00': 10344.195389606297, '2025-05-02 16:00:00+00:00': 10326.117157007659, '2025-05-02 18:00:00+00:00': 10333.528812726872, '2025-05-02 20:00:00+00:00': 10357.450993536339, '2025-05-03 17:00:00+00:00': 10301.922915006171, '2025-05-03 23:00:00+00:00': 10313.443241607914, '2025-05-04 00:00:00+00:00': 10301.086186576167, '2025-05-04 03:00:00+00:00': 10287.157435711704, '2025-05-04 08:00:00+00:00': 10273.834649030969, '2025-05-04 10:00:00+00:00': 10237.462539867716, '2025-05-04 14:00:00+00:00': 10228.014473782607, '2025-05-04 22:00:00+00:00': 10247.262226387229, '2025-05-05 00:00:00+00:00': 10286.82547478971, '2025-05-05 01:00:00+00:00': 10294.128203838853, '2025-05-05 02:00:00+00:00': 10306.200258604093, '2025-05-05 03:00:00+00:00': 10304.397781403724, '2025-05-05 06:00:00+00:00': 10226.222832802094, '2025-05-05 10:00:00+00:00': 10266.96334579452, '2025-05-05 11:00:00+00:00': 10227.37940501975, '2025-05-05 14:00:00+00:00': 10220.124009219133, '2025-05-05 17:00:00+00:00': 10226.786215628741, '2025-05-05 19:00:00+00:00': 10377.167286643338, '2025-05-05 23:00:00+00:00': 10416.80761757604, '2025-05-06 05:00:00+00:00': 10411.351914259316, '2025-05-06 07:00:00+00:00': 10418.359902358186, '2025-05-06 10:00:00+00:00': 10378.069823027477, '2025-05-06 16:00:00+00:00': 10685.47669315623, '2025-05-06 17:00:00+00:00': 10683.45812015374, '2025-05-06 20:00:00+00:00': 10704.780979390229, '2025-05-07 00:00:00+00:00': 10612.309127359342, '2025-05-07 02:00:00+00:00': 11258.211158168791, '2025-05-07 03:00:00+00:00': 11303.59192041864, '2025-05-07 09:00:00+00:00': 11263.341627790209, '2025-05-07 17:00:00+00:00': 11263.838361492204, '2025-05-07 18:00:00+00:00': 11386.000492024452, '2025-05-07 19:00:00+00:00': 11373.365180878742, '2025-05-07 23:00:00+00:00': 11461.690181542459, '2025-05-08 01:00:00+00:00': 11459.484762706432, '2025-05-08 04:00:00+00:00': 11619.059094411836, '2025-05-08 09:00:00+00:00': 11788.115061878092, '2025-05-08 13:00:00+00:00': 11366.391099432887, '2025-05-08 16:00:00+00:00': 11866.81846278677, '2025-05-08 17:00:00+00:00': 11893.075944300277, '2025-05-08 21:00:00+00:00': 12016.519004147262, '2025-05-08 23:00:00+00:00': 12202.050911156557, '2025-05-09 08:00:00+00:00': 12238.716046683257, '2025-05-09 09:00:00+00:00': 12499.775349492673, '2025-05-09 11:00:00+00:00': 12482.25318094487, '2025-05-09 14:00:00+00:00': 12463.140979577824, '2025-05-09 15:00:00+00:00': 12464.069687179375, '2025-05-09 18:00:00+00:00': 12455.019883589883, '2025-05-10 07:00:00+00:00': 12501.425571799793, '2025-05-10 08:00:00+00:00': 12507.790002603853, '2025-05-10 22:00:00+00:00': 12490.293699900689, '2025-05-11 00:00:00+00:00': 12585.248034493705, '2025-05-11 01:00:00+00:00': 12608.212725896727, '2025-05-11 10:00:00+00:00': 12648.422037677843, '2025-05-11 11:00:00+00:00': 12625.626914695546, '2025-05-11 12:00:00+00:00': 12652.904012988552, '2025-05-11 19:00:00+00:00': 12658.117224897922, '2025-05-12 15:00:00+00:00': 12736.77192358553, '2025-05-12 16:00:00+00:00': 12688.479603713913, '2025-05-12 19:00:00+00:00': 12751.785158782819, '2025-05-12 21:00:00+00:00': 12810.489428659463, '2025-05-13 05:00:00+00:00': 12821.124831598903, '2025-05-13 08:00:00+00:00': 12824.655818035822, '2025-05-13 10:00:00+00:00': 12854.028951942206, '2025-05-13 16:00:00+00:00': 12859.912564347034, '2025-05-13 18:00:00+00:00': 12870.528541335563, '2025-05-13 20:00:00+00:00': 12891.323641174458, '2025-05-13 23:00:00+00:00': 12851.089203555988, '2025-05-14 12:00:00+00:00': 12867.942183923507, '2025-05-14 19:00:00+00:00': 12864.257931966955, '2025-05-14 22:00:00+00:00': 12847.72442232463, '2025-05-15 01:00:00+00:00': 12841.758382338683, '2025-05-15 13:00:00+00:00': 12851.190837062977, '2025-05-15 21:00:00+00:00': 13139.375197489278, '2025-05-16 00:00:00+00:00': 13139.547586610037, '2025-05-16 07:00:00+00:00': 13127.3369722683, '2025-05-16 11:00:00+00:00': 13167.947845975921, '2025-05-16 14:00:00+00:00': 13184.572493813987, '2025-05-16 16:00:00+00:00': 13184.295589336334, '2025-05-16 17:00:00+00:00': 13215.655566970654, '2025-05-17 18:00:00+00:00': 13221.522906763845, '2025-05-17 21:00:00+00:00': 13220.343687705148, '2025-05-18 01:00:00+00:00': 13243.092775197183, '2025-05-18 06:00:00+00:00': 13433.168598777735, '2025-05-18 09:00:00+00:00': 13451.077464504402, '2025-05-18 11:00:00+00:00': 13453.82603997135, '2025-05-18 16:00:00+00:00': 13430.934119095939, '2025-05-18 17:00:00+00:00': 13528.30784996633, '2025-05-18 18:00:00+00:00': 13537.943687030174, '2025-05-19 00:00:00+00:00': 13693.788027914556, '2025-05-19 01:00:00+00:00': 13767.327353757253, '2025-05-19 02:00:00+00:00': 13737.289518463347, '2025-05-19 04:00:00+00:00': 13783.709947731419, '2025-05-19 08:00:00+00:00': 13851.256534468084, '2025-05-19 12:00:00+00:00': 13835.407410343414, '2025-05-19 16:00:00+00:00': 14283.662020159525, '2025-05-19 17:00:00+00:00': 14289.564083896017, '2025-05-19 20:00:00+00:00': 14445.54761314697, '2025-05-20 02:00:00+00:00': 14473.800311670278, '2025-05-20 05:00:00+00:00': 14496.709402579369, '2025-05-20 06:00:00+00:00': 14478.668198741516, '2025-05-20 08:00:00+00:00': 14541.209999167198, '2025-05-20 12:00:00+00:00': 14524.452017091078, '2025-05-20 14:00:00+00:00': 14552.750707031413, '2025-05-20 16:00:00+00:00': 14608.214286592194, '2025-05-20 18:00:00+00:00': 14758.357143735051, '2025-05-20 20:00:00+00:00': 14880.514006480149, '2025-05-21 01:00:00+00:00': 15166.3128734423, '2025-05-21 05:00:00+00:00': 15191.32481729096, '2025-05-21 07:00:00+00:00': 15156.983573416279, '2025-05-21 08:00:00+00:00': 15156.189922622629, '2025-05-21 10:00:00+00:00': 15096.823941284629, '2025-05-21 15:00:00+00:00': 15407.355856178247, '2025-05-21 18:00:00+00:00': 15329.395411914364, '2025-05-21 20:00:00+00:00': 15456.087719606672, '2025-05-21 21:00:00+00:00': 15524.080221841072, '2025-05-22 00:00:00+00:00': 15639.497131538279, '2025-05-22 01:00:00+00:00': 15704.267246480807, '2025-05-22 04:00:00+00:00': 15929.17594630254, '2025-05-22 07:00:00+00:00': 15978.486687761526, '2025-05-22 09:00:00+00:00': 16016.796546916456, '2025-05-22 14:00:00+00:00': 15998.11655963606, '2025-05-22 19:00:00+00:00': 16001.617479896126, '2025-05-22 21:00:00+00:00': 16036.21494247282, '2025-05-23 00:00:00+00:00': 16040.40885282325, '2025-05-23 07:00:00+00:00': 16054.589445349226, '2025-05-24 00:00:00+00:00': 16366.747072581065, '2025-05-24 08:00:00+00:00': 16388.40119416952, '2025-05-24 11:00:00+00:00': 16425.14140004226, '2025-05-24 13:00:00+00:00': 16425.60098014932, '2025-05-24 23:00:00+00:00': 16427.696568384614, '2025-05-25 14:00:00+00:00': 16433.421824944795, '2025-05-25 19:00:00+00:00': 16457.01550721358, '2025-05-25 23:00:00+00:00': 16684.36244598909, '2025-05-26 01:00:00+00:00': 16697.978101479504, '2025-05-26 09:00:00+00:00': 16701.302848420095, '2025-05-26 16:00:00+00:00': 16732.222157100463, '2025-05-26 21:00:00+00:00': 16749.92707513325, '2025-05-27 02:00:00+00:00': 16773.029264914272, '2025-05-27 04:00:00+00:00': 16830.023642813732, '2025-05-27 08:00:00+00:00': 16887.837748695205, '2025-05-27 13:00:00+00:00': 16884.014767358687, '2025-05-27 15:00:00+00:00': 16879.930797893037, '2025-05-28 17:00:00+00:00': 17048.79973115866, '2025-05-28 20:00:00+00:00': 17033.659989185802, '2025-05-29 05:00:00+00:00': 17012.957839874383, '2025-05-29 18:00:00+00:00': 17019.168899329972, '2025-05-31 02:00:00+00:00': 16834.75945515845, '2025-05-31 03:00:00+00:00': 16925.77377066953, '2025-05-31 04:00:00+00:00': 18779.280214291957, '2025-05-31 05:00:00+00:00': 17276.845199240957, '2025-05-31 06:00:00+00:00': 18564.124950626418, '2025-05-31 07:00:00+00:00': 18881.125289655043, '2025-05-31 08:00:00+00:00': 19319.40605440293, '2025-05-31 09:00:00+00:00': 19358.742657903116, '2025-05-31 10:00:00+00:00': 19226.172555070872, '2025-05-31 11:00:00+00:00': 18270.78193379596, '2025-05-31 12:00:00+00:00': 19135.547555070872, '2025-05-31 13:00:00+00:00': 19233.991184021877, '2025-05-31 16:00:00+00:00': 19058.0675242147, '2025-05-31 17:00:00+00:00': 19362.940386706494, '2025-05-31 22:00:00+00:00': 18861.418942712222, '2025-05-31 23:00:00+00:00': 18818.819578304796, '2025-06-01 01:00:00+00:00': 18805.252653993306, '2025-06-01 02:00:00+00:00': 18869.989853217376, '2025-06-01 13:00:00+00:00': 19147.56364258573, '2025-06-02 02:00:00+00:00': 18800.61032352358, '2025-06-02 08:00:00+00:00': 18722.664018761763, '2025-06-02 10:00:00+00:00': 19062.135071157158, '2025-06-02 12:00:00+00:00': 16630.7891551867, '2025-06-02 14:00:00+00:00': 18719.917790638832, '2025-06-02 19:00:00+00:00': 18721.727868581267, '2025-06-02 22:00:00+00:00': 19044.25740902451, '2025-06-02 23:00:00+00:00': 18938.717457681392, '2025-06-03 02:00:00+00:00': 19094.0507842471, '2025-06-03 03:00:00+00:00': 17132.265635203174, '2025-06-03 04:00:00+00:00': 18622.971461542238, '2025-06-03 06:00:00+00:00': 18310.288056089586, '2025-06-03 07:00:00+00:00': 19316.350498847376, '2025-06-03 14:00:00+00:00': 18544.471461542238, '2025-06-03 15:00:00+00:00': 18233.538657434972, '2025-06-03 18:00:00+00:00': 19262.244056238036, '2025-06-03 21:00:00+00:00': 19268.429382214843, '2025-06-03 22:00:00+00:00': 18315.322122403166, '2025-06-03 23:00:00+00:00': 19155.139729093473, '2025-06-04 04:00:00+00:00': 18096.96099113086, '2025-06-04 05:00:00+00:00': 19198.4873415613, '2025-06-04 07:00:00+00:00': 18165.566270375977, '2025-06-04 09:00:00+00:00': 19021.055521745562, '2025-06-04 14:00:00+00:00': 18460.10938748457, '2025-06-04 16:00:00+00:00': 18846.43503872079, '2025-06-04 17:00:00+00:00': 19191.161634176016, '2025-06-04 21:00:00+00:00': 18404.709877505207, '2025-06-04 22:00:00+00:00': 20622.802083119885, '2025-06-05 02:00:00+00:00': 18839.62480607121, '2025-06-05 05:00:00+00:00': 20621.221127798977, '2025-06-05 06:00:00+00:00': 19066.984278837677, '2025-06-05 09:00:00+00:00': 18801.243997613525, '2025-06-05 10:00:00+00:00': 20439.066146995698, '2025-06-05 13:00:00+00:00': 20720.662439439595, '2025-06-05 16:00:00+00:00': 20310.865894031227, '2025-06-05 17:00:00+00:00': 20531.295778976804, '2025-06-05 18:00:00+00:00': 20448.930740148953, '2025-06-05 19:00:00+00:00': 20148.63740068808, '2025-06-05 20:00:00+00:00': 19932.328081968593, '2025-06-05 21:00:00+00:00': 19565.15814674941, '2025-06-05 22:00:00+00:00': 19664.79204330576, '2025-06-06 00:00:00+00:00': 20696.009474178816, '2025-06-06 02:00:00+00:00': 20442.90277101259, '2025-06-06 03:00:00+00:00': 20799.23588582103, '2025-06-06 04:00:00+00:00': 20452.67414766202, '2025-06-06 05:00:00+00:00': 20366.37512496707, '2025-06-06 09:00:00+00:00': 19982.220823976546, '2025-06-06 10:00:00+00:00': 20095.346238595735, '2025-06-06 11:00:00+00:00': 19858.375192713982, '2025-06-06 13:00:00+00:00': 20073.19423349987, '2025-06-06 14:00:00+00:00': 19551.23552184323, '2025-06-06 15:00:00+00:00': 19360.357589218384, '2025-06-06 16:00:00+00:00': 18034.389181075763, '2025-06-06 18:00:00+00:00': 18997.6458247923, '2025-06-07 02:00:00+00:00': 18761.222574078576, '2025-06-07 14:00:00+00:00': 19176.796377315954, '2025-06-07 21:00:00+00:00': 18837.631108875394, '2025-06-07 22:00:00+00:00': 20269.09507360879, '2025-06-07 23:00:00+00:00': 19079.1219587113, '2025-06-08 09:00:00+00:00': 19039.06834817281, '2025-06-08 13:00:00+00:00': 19621.962739246752, '2025-06-08 14:00:00+00:00': 18995.64068754196, '2025-06-08 21:00:00+00:00': 19561.180875040227, '2025-06-08 22:00:00+00:00': 19049.14808952841, '2025-06-09 01:00:00+00:00': 18710.358360335224, '2025-06-09 02:00:00+00:00': 18803.964917712274, '2025-06-09 03:00:00+00:00': 18439.244256216563, '2025-06-09 06:00:00+00:00': 18416.958821378725, '2025-06-09 09:00:00+00:00': 18924.653195471208, '2025-06-09 10:00:00+00:00': 18626.166770836444, '2025-06-09 11:00:00+00:00': 19366.733964129828, '2025-06-09 12:00:00+00:00': 18980.533593482534, '2025-06-09 13:00:00+00:00': 19137.77946674599, '2025-06-09 15:00:00+00:00': 19066.534700104396, '2025-06-09 18:00:00+00:00': 18413.605665049945, '2025-06-09 21:00:00+00:00': 19038.784754724675, '2025-06-09 22:00:00+00:00': 18013.669784557875, '2025-06-09 23:00:00+00:00': 19444.655079792923, '2025-06-10 00:00:00+00:00': 18731.152369765823, '2025-06-10 01:00:00+00:00': 18030.897740863107, '2025-06-10 02:00:00+00:00': 17962.433400120397, '2025-06-10 12:00:00+00:00': 17931.76746116684, '2025-06-10 19:00:00+00:00': 17585.50497104735, '2025-06-10 23:00:00+00:00': 18291.01484293458, '2025-06-11 00:00:00+00:00': 17577.471292281207, '2025-06-11 05:00:00+00:00': 18172.83302475276, '2025-06-11 10:00:00+00:00': 17468.74689459688, '2025-06-11 15:00:00+00:00': 17583.100794500173, '2025-06-11 16:00:00+00:00': 18275.901942492135, '2025-06-11 17:00:00+00:00': 17580.410358810168, '2025-06-11 19:00:00+00:00': 18186.514187390094, '2025-06-11 20:00:00+00:00': 17471.919661559863, '2025-06-11 21:00:00+00:00': 19216.308512509262, '2025-06-11 22:00:00+00:00': 19118.63409390461, '2025-06-11 23:00:00+00:00': 17939.07734293458, '2025-06-12 04:00:00+00:00': 19296.44594063449, '2025-06-12 05:00:00+00:00': 19376.7386239649, '2025-06-12 07:00:00+00:00': 18971.124338850823, '2025-06-12 08:00:00+00:00': 19034.334361125566, '2025-06-12 11:00:00+00:00': 18704.5387834257, '2025-06-12 13:00:00+00:00': 19116.565130356335, '2025-06-12 20:00:00+00:00': 18783.30414180649, '2025-06-12 21:00:00+00:00': 18264.24296965995, '2025-06-12 22:00:00+00:00': 18680.624800442278, '2025-06-12 23:00:00+00:00': 18303.611211775762, '2025-06-13 00:00:00+00:00': 18369.944724045912, '2025-06-13 01:00:00+00:00': 18142.38565612555, '2025-06-13 02:00:00+00:00': 19103.146344874807, '2025-06-13 03:00:00+00:00': 18810.91490946522, '2025-06-13 04:00:00+00:00': 18574.82326693244, '2025-06-13 08:00:00+00:00': 18522.906613180687, '2025-06-13 12:00:00+00:00': 18420.03842290702, '2025-06-13 14:00:00+00:00': 18249.241009113914, '2025-06-13 17:00:00+00:00': 17824.371496548618, '2025-06-14 00:00:00+00:00': 17738.942925120045, '2025-06-14 01:00:00+00:00': 17499.760343849484, '2025-06-14 11:00:00+00:00': 18896.87644792676, '2025-06-14 17:00:00+00:00': 18989.08594201547, '2025-06-15 17:00:00+00:00': 17658.56593482149, '2025-06-15 18:00:00+00:00': 17573.137363392918, '2025-06-16 00:00:00+00:00': 19123.02487530511, '2025-06-16 02:00:00+00:00': 19112.68243324354, '2025-06-16 03:00:00+00:00': 17676.46586722111, '2025-06-16 04:00:00+00:00': 18640.51530883286, '2025-06-16 05:00:00+00:00': 17604.54225274578, '2025-06-16 06:00:00+00:00': 16994.53002582984, '2025-06-16 08:00:00+00:00': 16511.052012136777, '2025-06-16 10:00:00+00:00': 17304.56031286519, '2025-06-16 14:00:00+00:00': 16593.011478477187, '2025-06-16 15:00:00+00:00': 16346.289315674774, '2025-06-16 19:00:00+00:00': 16611.993272057873, '2025-06-16 20:00:00+00:00': 16454.02323143735, '2025-06-16 21:00:00+00:00': 16547.637568899347, '2025-06-16 23:00:00+00:00': 17103.612092561852, '2025-06-17 00:00:00+00:00': 17310.36615175172, '2025-06-17 01:00:00+00:00': 16980.10461329018, '2025-06-17 07:00:00+00:00': 17399.927555260492, '2025-06-17 08:00:00+00:00': 16907.199464883175, '2025-06-17 10:00:00+00:00': 17512.724138622765, '2025-06-17 11:00:00+00:00': 16846.584004379227, '2025-06-17 12:00:00+00:00': 17277.315796265557, '2025-06-17 13:00:00+00:00': 16684.01295257846, '2025-06-17 14:00:00+00:00': 16752.012877622066, '2025-06-17 15:00:00+00:00': 17066.06615175172, '2025-06-17 16:00:00+00:00': 16046.645907170578, '2025-06-17 17:00:00+00:00': 15584.76777264012, '2025-06-17 20:00:00+00:00': 15418.633820385478, '2025-06-18 05:00:00+00:00': 14750.118250006119, '2025-06-18 13:00:00+00:00': 15158.21608160025, '2025-06-18 18:00:00+00:00': 15337.214815429626, '2025-06-18 19:00:00+00:00': 14406.3528738, '2025-06-18 23:00:00+00:00': 16610.56621767437, '2025-06-19 04:00:00+00:00': 14487.622977675514, '2025-06-19 07:00:00+00:00': 14412.288417416174, '2025-06-19 08:00:00+00:00': 14670.48964434218, '2025-06-19 10:00:00+00:00': 16155.599395542671, '2025-06-19 11:00:00+00:00': 14905.13446096516, '2025-06-19 16:00:00+00:00': 15065.63543643896, '2025-06-19 18:00:00+00:00': 14582.28964434218, '2025-06-19 21:00:00+00:00': 14193.703373427905, '2025-06-19 23:00:00+00:00': 14311.885191609723, '2025-06-20 02:00:00+00:00': 13811.548057674241, '2025-06-20 05:00:00+00:00': 13907.684421310605, '2025-06-20 08:00:00+00:00': 13337.151515289119, '2025-06-20 09:00:00+00:00': 13776.529777834292, '2025-06-20 10:00:00+00:00': 13705.65497305313, '2025-06-20 11:00:00+00:00': 13637.991452527322, '2025-06-20 12:00:00+00:00': 13473.25526803037, '2025-06-20 13:00:00+00:00': 14470.050883629034, '2025-06-20 14:00:00+00:00': 14307.995352248798, '2025-06-20 15:00:00+00:00': 14153.138464974982, '2025-06-20 17:00:00+00:00': 13243.8906457239, '2025-06-20 18:00:00+00:00': 14561.93750385237, '2025-06-20 21:00:00+00:00': 14068.915642996093, '2025-06-20 23:00:00+00:00': 14239.154934220745, '2025-06-21 01:00:00+00:00': 14338.44064850646, '2025-06-21 02:00:00+00:00': 14250.929017178954, '2025-06-21 08:00:00+00:00': 14737.43750385237, '2025-06-21 09:00:00+00:00': 14134.095410411222, '2025-06-21 10:00:00+00:00': 14020.033347887616, '2025-06-21 16:00:00+00:00': 13952.20072166559, '2025-06-21 19:00:00+00:00': 15619.641255535877, '2025-06-21 20:00:00+00:00': 14099.679017178954, '2025-06-21 22:00:00+00:00': 15693.58068186155, '2025-06-21 23:00:00+00:00': 15528.163885206888, '2025-06-22 00:00:00+00:00': 15455.809245831488, '2025-06-22 01:00:00+00:00': 15448.200718113927, '2025-06-22 08:00:00+00:00': 15530.479802772797, '2025-06-22 10:00:00+00:00': 16503.038503758115, '2025-06-22 14:00:00+00:00': 16460.888911237063, '2025-06-22 15:00:00+00:00': 16296.341096482613, '2025-06-22 23:00:00+00:00': 16135.01903604082, '2025-06-23 00:00:00+00:00': 16219.445469956032, '2025-06-23 01:00:00+00:00': 15930.608923681268, '2025-06-23 02:00:00+00:00': 15526.741366566423, '2025-06-23 03:00:00+00:00': 15759.083099127587, '2025-06-23 04:00:00+00:00': 15599.796761283851, '2025-06-23 05:00:00+00:00': 15280.805419482986, '2025-06-23 06:00:00+00:00': 15372.363111790677, '2025-06-23 07:00:00+00:00': 15679.969175076954, '2025-06-23 09:00:00+00:00': 14973.847822484668, '2025-06-23 13:00:00+00:00': 14875.537963329738, '2025-06-23 14:00:00+00:00': 14796.455560938946, '2025-06-23 19:00:00+00:00': 14242.307229386603, '2025-06-23 21:00:00+00:00': 14500.67396410801, '2025-06-23 22:00:00+00:00': 14753.687523430044, '2025-06-23 23:00:00+00:00': 14185.641087961272, '2025-06-24 01:00:00+00:00': 13734.682858061557, '2025-06-24 02:00:00+00:00': 13842.00680795149, '2025-06-24 03:00:00+00:00': 13626.167724523266, '2025-06-24 04:00:00+00:00': 13371.979979559217, '2025-06-24 07:00:00+00:00': 13463.151150730388, '2025-06-24 08:00:00+00:00': 13207.679125857967, '2025-06-24 14:00:00+00:00': 13288.009314537212, '2025-06-24 15:00:00+00:00': 13553.776150730388, '2025-06-24 17:00:00+00:00': 12873.751362238138, '2025-06-24 20:00:00+00:00': 12609.920448155619, '2025-06-24 21:00:00+00:00': 12791.638594873764, '2025-06-25 01:00:00+00:00': 12518.556777380949, '2025-06-25 04:00:00+00:00': 12692.35288058805, '2025-06-25 06:00:00+00:00': 12949.082277467998, '2025-06-25 12:00:00+00:00': 12407.723444047615, '2025-06-25 14:00:00+00:00': 12862.331601409505, '2025-06-25 15:00:00+00:00': 12740.413084296344, '2025-06-25 16:00:00+00:00': 12575.444024407569, '2025-06-26 00:00:00+00:00': 12464.610691074235, '2025-06-26 06:00:00+00:00': 12395.98721577611, '2025-06-26 10:00:00+00:00': 12322.971892763002, '2025-06-26 13:00:00+00:00': 12250.362366046187, '2025-06-26 14:00:00+00:00': 12155.128632964577, '2025-06-26 16:00:00+00:00': 12031.947284387288, '2025-06-27 00:00:00+00:00': 11875.62749117886, '2025-06-30 20:00:00+00:00': 11850.509746666823, '2025-06-30 21:00:00+00:00': 11846.68298824725, '2025-06-30 22:00:00+00:00': 12063.338322496063, '2025-07-01 00:00:00+00:00': 12148.778336147654, '2025-07-01 02:00:00+00:00': 12096.985606278242, '2025-07-01 03:00:00+00:00': 12109.026926116283, '2025-07-01 04:00:00+00:00': 12085.695707454763, '2025-07-01 05:00:00+00:00': 12101.903041633339, '2025-07-01 07:00:00+00:00': 11968.410318462324, '2025-07-01 08:00:00+00:00': 12040.608317095053, '2025-07-01 09:00:00+00:00': 12043.767774520182, '2025-07-01 11:00:00+00:00': 12062.97828443731, '2025-07-01 13:00:00+00:00': 12109.257738783997, '2025-07-01 18:00:00+00:00': 12091.279783818864, '2025-07-01 20:00:00+00:00': 12018.6702340921, '2025-07-02 00:00:00+00:00': 12142.813882327415, '2025-07-02 02:00:00+00:00': 12134.166771272412, '2025-07-02 06:00:00+00:00': 12028.133122767513, '2025-07-02 08:00:00+00:00': 12266.525473369522, '2025-07-02 13:00:00+00:00': 12268.280808854184, '2025-07-02 14:00:00+00:00': 12252.77757878022, '2025-07-02 15:00:00+00:00': 12049.341868680236, '2025-07-02 17:00:00+00:00': 12427.061380372768, '2025-07-02 18:00:00+00:00': 12416.176846579372, '2025-07-02 19:00:00+00:00': 12409.167400439032, '2025-07-02 20:00:00+00:00': 12278.400502246262, '2025-07-02 21:00:00+00:00': 12402.818630375428, '2025-07-02 22:00:00+00:00': 12380.616658941637, '2025-07-02 23:00:00+00:00': 12391.794949918425, '2025-07-03 00:00:00+00:00': 