number,value,params_CONVERGENCE_THRESHOLD,params_FIXED_TRADE_PCT,params_MAX_HOLD_HOURS,params_MAX_POSITION_PCT,params_MIN_DIV,params_STOP_LOSS_PCT,params_TAKE_PROFIT_PCT,params_TRAIL_PCT,state,user_attrs_cooldown_trades_pct,user_attrs_equity_curves,user_attrs_total_trades
44,28.365059708724925,0.02,0.045,72,0.01,0.05,0.3,0.7,0.5,COMPLETE,2.360876897133221,"[{'2025-05-01 00:00:00+00:00': 10000.0, '2025-05-01 02:00:00+00:00': 10073.154343158138, '2025-05-01 06:00:00+00:00': 10051.86203967119, '2025-05-01 07:00:00+00:00': 10073.747234939194, '2025-05-01 11:00:00+00:00': 10163.461179536891, '2025-05-01 13:00:00+00:00': 10081.875652285997, '2025-05-01 15:00:00+00:00': 10176.536176131163, '2025-05-01 16:00:00+00:00': 10209.866475782233, '2025-05-01 17:00:00+00:00': 10231.292051041077, '2025-05-02 01:00:00+00:00': 10226.427314632712, '2025-05-02 13:00:00+00:00': 10154.21436237285, '2025-05-02 15:00:00+00:00': 10225.597302728811, '2025-05-02 16:00:00+00:00': 10210.484248916804, '2025-05-02 19:00:00+00:00': 10216.067322127732, '2025-05-02 20:00:00+00:00': 10233.805014696554, '2025-05-03 10:00:00+00:00': 10209.374566616145, '2025-05-04 01:00:00+00:00': 10182.67825322111, '2025-05-04 22:00:00+00:00': 10180.0762759245, '2025-05-05 00:00:00+00:00': 10138.788517020648, '2025-05-05 02:00:00+00:00': 10157.498707109571, '2025-05-05 03:00:00+00:00': 10156.080888415903, '2025-05-05 10:00:00+00:00': 10157.677963291271, '2025-05-05 12:00:00+00:00': 10160.643183385251, '2025-05-05 19:00:00+00:00': 10190.597274724914, '2025-05-06 03:00:00+00:00': 10109.882142562914, '2025-05-06 13:00:00+00:00': 10322.380782382314, '2025-05-06 16:00:00+00:00': 10376.202242833137, '2025-05-06 17:00:00+00:00': 10374.731383447486, '2025-05-06 20:00:00+00:00': 10390.269322576638, '2025-05-07 00:00:00+00:00': 10529.506520260966, '2025-05-07 01:00:00+00:00': 10665.686742183505, '2025-05-07 02:00:00+00:00': 10835.392624536446, '2025-05-07 04:00:00+00:00': 10879.874884134613, '2025-05-07 17:00:00+00:00': 11028.431951449784, '2025-05-08 16:00:00+00:00': 11413.516818957938, '2025-05-08 17:00:00+00:00': 11452.86596073642, '2025-05-08 21:00:00+00:00': 11565.083571662568, '2025-05-08 22:00:00+00:00': 11612.863752956418, '2025-05-09 00:00:00+00:00': 11563.019465636971, '2025-05-09 03:00:00+00:00': 11666.697406645759, '2025-05-09 08:00:00+00:00': 11633.556168815167, '2025-05-09 09:00:00+00:00': 11824.372943554758, '2025-05-09 14:00:00+00:00': 11823.95653359499, '2025-05-09 18:00:00+00:00': 11815.59820820651, '2025-05-09 19:00:00+00:00': 11819.422946030314, '2025-05-10 07:00:00+00:00': 11861.461410153806, '2025-05-10 22:00:00+00:00': 11856.989947075643, '2025-05-11 00:00:00+00:00': 11919.907067211745, '2025-05-11 01:00:00+00:00': 11962.578436793476, '2025-05-11 13:00:00+00:00': 11974.004437099413, '2025-05-12 12:00:00+00:00': 11973.834407179937, '2025-05-12 16:00:00+00:00': 12030.53611718397, '2025-05-12 19:00:00+00:00': 12041.171696749992, '2025-05-12 21:00:00+00:00': 12083.67400168096, '2025-05-13 06:00:00+00:00': 12090.47777640305, '2025-05-14 08:00:00+00:00': 12054.746075514218, '2025-05-15 01:00:00+00:00': 12050.547719365133, '2025-05-16 03:00:00+00:00': 12136.104310358141, '2025-05-16 07:00:00+00:00': 12206.583990627425, '2025-05-16 11:00:00+00:00': 12235.077561448677, '2025-05-16 17:00:00+00:00': 12257.471207426745, '2025-05-17 05:00:00+00:00': 12268.362456886487, '2025-05-18 16:00:00+00:00': 12511.331253221728, '2025-05-18 17:00:00+00:00': 12586.61054467002, '2025-05-19 00:00:00+00:00': 12805.664598724074, '2025-05-19 01:00:00+00:00': 12593.365557078576, '2025-05-19 04:00:00+00:00': 12838.118841986732, '2025-05-19 08:00:00+00:00': 12870.700631789714, '2025-05-19 17:00:00+00:00': 13186.778906848267, '2025-05-19 20:00:00+00:00': 13250.55978378365, '2025-05-20 02:00:00+00:00': 13286.154997770027, '2025-05-20 05:00:00+00:00': 13302.307400943546, '2025-05-20 08:00:00+00:00': 13345.402710708113, '2025-05-20 14:00:00+00:00': 13364.903829218203, '2025-05-20 16:00:00+00:00': 13399.070624295313, '2025-05-20 18:00:00+00:00': 13538.74307158821, '2025-05-20 20:00:00+00:00': 13647.95790414456, '2025-05-21 05:00:00+00:00': 13958.768714955371, '2025-05-21 07:00:00+00:00': 13952.07382992539, '2025-05-21 08:00:00+00:00': 13951.49574803206, '2025-05-21 15:00:00+00:00': 14202.587151811675, '2025-05-21 18:00:00+00:00': 14174.058710285211, '2025-05-21 21:00:00+00:00': 14238.801105985449, '2025-05-22 00:00:00+00:00': 14350.623962431879, '2025-05-22 01:00:00+00:00': 14296.427080078938, '2025-05-22 04:00:00+00:00': 14435.692873802034, '2025-05-22 07:00:00+00:00': 14435.737121589646, '2025-05-22 09:00:00+00:00': 14471.152072483952, '2025-05-22 16:00:00+00:00': 14485.865688765321, '2025-05-23 00:00:00+00:00': 14482.232112288797, '2025-05-23 07:00:00+00:00': 14491.834422039843, '2025-05-23 22:00:00+00:00': 14706.41115416391, '2025-05-24 00:00:00+00:00': 14703.179274578613, '2025-05-24 08:00:00+00:00': 14717.769120853653, '2025-05-24 16:00:00+00:00': 14715.938048898892, '2025-05-24 23:00:00+00:00': 14717.534322765576, '2025-05-25 23:00:00+00:00': 14944.881261541086, '2025-05-26 09:00:00+00:00': 14947.113026426774, '2025-05-26 16:00:00+00:00': 14967.86684451535, '2025-05-26 21:00:00+00:00': 14980.593298369246, '2025-05-27 02:00:00+00:00': 15000.313285317468, '2025-05-27 15:00:00+00:00': 14995.580349946142, '2025-05-28 17:00:00+00:00': 15108.093592197278, '2025-05-28 20:00:00+00:00': 15098.03133082282, '2025-05-29 06:00:00+00:00': 15085.594750762304, '2025-05-29 18:00:00+00:00': 15089.725316716875, '2025-05-31 03:00:00+00:00': 14651.5648605633, '2025-05-31 04:00:00+00:00': 14714.010528556628, '2025-05-31 05:00:00+00:00': 15021.171000429655, '2025-05-31 06:00:00+00:00': 16188.471323772063, '2025-05-31 07:00:00+00:00': 16444.8873769746, '2025-05-31 09:00:00+00:00': 17201.529869419104, '2025-05-31 11:00:00+00:00': 16699.949291988898, '2025-05-31 16:00:00+00:00': 17193.078786824728, '2025-05-31 17:00:00+00:00': 16927.661438324394, '2025-06-01 14:00:00+00:00': 17110.572712203102, '2025-06-02 10:00:00+00:00': 17103.962292594802, '2025-06-02 13:00:00+00:00': 14821.160968572534, '2025-06-02 14:00:00+00:00': 17081.025869242603, '2025-06-02 23:00:00+00:00': 14919.930540031686, '2025-06-03 00:00:00+00:00': 14840.478474639849, '2025-06-03 02:00:00+00:00': 17426.509740210346, '2025-06-03 03:00:00+00:00': 17254.130323729478, '2025-06-03 07:00:00+00:00': 17414.224691431205, '2025-06-03 15:00:00+00:00': 17296.36200910234, '2025-06-03 18:00:00+00:00': 17082.557506774436, '2025-06-03 23:00:00+00:00': 17022.724278978196, '2025-06-04 05:00:00+00:00': 17027.462432889784, '2025-06-04 07:00:00+00:00': 17300.540280218025, '2025-06-04 16:00:00+00:00': 17470.397165009657, '2025-06-05 05:00:00+00:00': 18319.683012852805, '2025-06-05 13:00:00+00:00': 17288.967730385586, '2025-06-05 14:00:00+00:00': 17377.420850595554, '2025-06-05 16:00:00+00:00': 18306.691565487206, '2025-06-05 19:00:00+00:00': 17977.804348988477, '2025-06-05 20:00:00+00:00': 17562.523468462943, '2025-06-05 21:00:00+00:00': 17984.27851862718, '2025-06-06 00:00:00+00:00': 17454.302308339426, '2025-06-06 02:00:00+00:00': 18821.82093596859, '2025-06-06 07:00:00+00:00': 18914.600445102176, '2025-06-06 09:00:00+00:00': 18547.453099852293, '2025-06-06 12:00:00+00:00': 18709.347387353675, '2025-06-06 15:00:00+00:00': 18231.337810999437, '2025-06-06 19:00:00+00:00': 17030.050209761474, '2025-06-07 21:00:00+00:00': 18084.89678021896, '2025-06-08 20:00:00+00:00': 18120.962771095266, '2025-06-08 21:00:00+00:00': 18192.197028209477, '2025-06-08 22:00:00+00:00': 17675.101208887423, '2025-06-09 08:00:00+00:00': 18387.402835858466, '2025-06-09 10:00:00+00:00': 17712.95948639805, '2025-06-09 11:00:00+00:00': 17928.800145890036, '2025-06-09 16:00:00+00:00': 17817.92459974256, '2025-06-09 17:00:00+00:00': 17566.516893766697, '2025-06-09 22:00:00+00:00': 18232.60216607854, '2025-06-09 23:00:00+00:00': 17957.763259098883, '2025-06-10 01:00:00+00:00': 18836.289403426093, '2025-06-10 12:00:00+00:00': 17849.120546843682, '2025-06-10 22:00:00+00:00': 17753.36420696886, '2025-06-11 00:00:00+00:00': 17990.06962393057, '2025-06-11 15:00:00+00:00': 17577.457006715213, '2025-06-11 17:00:00+00:00': 18639.065011340143, '2025-06-11 21:00:00+00:00': 19531.347645154507, '2025-06-12 13:00:00+00:00': 18120.04641421872, '2025-06-12 20:00:00+00:00': 17891.565350426295, '2025-06-12 21:00:00+00:00': 19256.48962777703, '2025-06-12 23:00:00+00:00': 18157.289105107575, '2025-06-13 01:00:00+00:00': 19033.363643847835, '2025-06-13 02:00:00+00:00': 19365.393189947652, '2025-06-13 03:00:00+00:00': 19179.380858786815, '2025-06-13 08:00:00+00:00': 18938.111388636964, '2025-06-13 23:00:00+00:00': 18753.32415459441, '2025-06-14 01:00:00+00:00': 19204.91054839545, '2025-06-14 16:00:00+00:00': 19035.73360726284, '2025-06-16 00:00:00+00:00': 19384.251338801918, '2025-06-16 02:00:00+00:00': 19010.809430215388, '2025-06-16 03:00:00+00:00': 19088.587207993165, '2025-06-16 05:00:00+00:00': 18653.676808562377, '2025-06-16 06:00:00+00:00': 18473.027537079724, '2025-06-16 08:00:00+00:00': 18291.465037079724, '2025-06-16 09:00:00+00:00': 18259.788782050073, '2025-06-16 11:00:00+00:00': 17760.105825879877, '2025-06-16 14:00:00+00:00': 18077.3602106215, '2025-06-16 15:00:00+00:00': 18129.887724589167, '2025-06-16 20:00:00+00:00': 17745.27800068943, '2025-06-16 21:00:00+00:00': 17983.96073084628, '2025-06-17 07:00:00+00:00': 18129.60324692936, '2025-06-17 10:00:00+00:00': 18392.814148999565, '2025-06-17 13:00:00+00:00': 18265.999249282133, '2025-06-17 14:00:00+00:00': 18438.634695255936, '2025-06-17 15:00:00+00:00': 17363.84929505438, '2025-06-17 16:00:00+00:00': 18756.876648999565, '2025-06-17 17:00:00+00:00': 18708.490129116522, '2025-06-17 20:00:00+00:00': 17175.643107795564, '2025-06-18 01:00:00+00:00': 17024.23596332392, '2025-06-18 11:00:00+00:00': 18069.977647533367, '2025-06-18 15:00:00+00:00': 18246.60555451011, '2025-06-19 04:00:00+00:00': 17533.3487144393, '2025-06-19 07:00:00+00:00': 18382.279063152182, '2025-06-19 14:00:00+00:00': 18572.982418230335, '2025-06-19 21:00:00+00:00': 15809.056920090392, '2025-06-20 02:00:00+00:00': 16838.343106181062, '2025-06-20 04:00:00+00:00': 16514.26596816869, '2025-06-20 08:00:00+00:00': 17710.483545899973, '2025-06-20 09:00:00+00:00': 16656.774931081985, '2025-06-20 10:00:00+00:00': 15988.287689321161, '2025-06-20 11:00:00+00:00': 18559.26830490228, '2025-06-20 12:00:00+00:00': 15731.82646151725, '2025-06-20 15:00:00+00:00': 16857.939303564322, '2025-06-20 18:00:00+00:00': 17014.27491781113, '2025-06-20 23:00:00+00:00': 16102.999301023423, '2025-06-21 09:00:00+00:00': 17917.593938992526, '2025-06-21 19:00:00+00:00': 17179.519319840885, '2025-06-21 20:00:00+00:00': 17617.70040799522, '2025-06-21 22:00:00+00:00': 18902.505457107225, '2025-06-22 01:00:00+00:00': 18847.15211969509, '2025-06-22 10:00:00+00:00': 19571.027980488154, '2025-06-22 14:00:00+00:00': 20176.033165766672, '2025-06-22 15:00:00+00:00': 19034.301698794945, '2025-06-22 16:00:00+00:00': 19522.398624726495, '2025-06-23 01:00:00+00:00': 19518.641618487894, '2025-06-23 02:00:00+00:00': 19690.194245119175, '2025-06-23 03:00:00+00:00': 19977.915958784128, '2025-06-23 05:00:00+00:00': 19330.958634975894, '2025-06-23 09:00:00+00:00': 18593.35448900874, '2025-06-23 14:00:00+00:00': 18793.65983252019, '2025-06-23 19:00:00+00:00': 18063.756355890837, '2025-06-23 21:00:00+00:00': 17943.24357872145, '2025-06-23 23:00:00+00:00': 17978.994405508394, '2025-06-24 00:00:00+00:00': 18342.26794915276, '2025-06-24 02:00:00+00:00': 17183.466602369055, '2025-06-24 03:00:00+00:00': 17368.666602369056, '2025-06-24 06:00:00+00:00': 18501.898871818743, '2025-06-24 09:00:00+00:00': 16987.43056633302, '2025-06-24 17:00:00+00:00': 17547.3284170746, '2025-06-25 01:00:00+00:00': 16474.73978568823, '2025-06-25 05:00:00+00:00': 16628.921560076342, '2025-06-25 14:00:00+00:00': 16271.525499973945, '2025-06-26 02:00:00+00:00': 16039.44216664061, '2025-06-26 06:00:00+00:00': 16864.2819204367, '2025-06-26 14:00:00+00:00': 15855.704057200168, '2025-06-27 00:00:00+00:00': 15633.063220389095, '2025-06-30 21:00:00+00:00': 15703.07831438942, '2025-07-01 00:00:00+00:00': 15979.510263761962, '2025-07-01 04:00:00+00:00': 15705.9483832041, '2025-07-01 07:00:00+00:00': 15940.035840126797, '2025-07-01 09:00:00+00:00': 15924.996125071979, '2025-07-01 11:00:00+00:00': 15971.174589654365, '2025-07-01 13:00:00+00:00': 15966.18980970891, '2025-07-01 18:00:00+00:00': 15952.755597473822, '2025-07-02 05:00:00+00:00': 15882.953058600502, '2025-07-02 08:00:00+00:00': 15892.757958689357, '2025-07-02 13:00:00+00:00': 16020.10222686004, '2025-07-02 14:00:00+00:00': 15966.520863437736, '2025-07-02 15:00:00+00:00': 16008.300095548646, '2025-07-02 17:00:00+00:00': 16078.920342904492, '2025-07-02 18:00:00+00:00': 16049.229035009956, '2025-07-02 19:00:00+00:00': 16068.56508463947, '2025-07-02 20:00:00+00:00': 16024.769059648646, '2025-07-02 21:00:00+00:00': 16109.998629977912, '2025-07-02 23:00:00+00:00': 16099.621420871954, '2025-07-03 03:00:00+00:00': 16101.89281920773, '2025-07-03 05:00:00+00:00': 16103.646677345036, '2025-07-03 07:00:00+00:00': 16086.866798576833, '2025-07-03 09:00:00+00:00': 16078.095419919746, '2025-07-03 10:00:00+00:00': 16078.155309669979, '2025-07-03 13:00:00+00:00': 16079.211421658587, '2025-07-03 14:00:00+00:00': 16089.664762817745, '2025-07-03 15:00:00+00:00': 16085.379876342247, '2025-07-03 16:00:00+00:00': 16279.796411669187, '2025-07-03 17:00:00+00:00': 16080.679364499307, '2025-07-03 18:00:00+00:00': 16280.270210632678, '2025-07-03 20:00:00+00:00': 16283.373408724285, '2025-07-04 02:00:00+00:00': 16274.144669885554, '2025-07-04 08:00:00+00:00': 16411.483174055436, '2025-07-04 13:00:00+00:00': 16416.670437271507, '2025-07-04 18:00:00+00:00': 16482.1527238039, '2025-07-04 20:00:00+00:00': 16419.961979021686, '2025-07-04 22:00:00+00:00': 16488.60892803271, '2025-07-05 00:00:00+00:00': 16490.976253371548, '2025-07-06 01:00:00+00:00': 16079.651244875275, '2025-07-06 13:00:00+00:00': 16492.12886495014, '2025-07-06 17:00:00+00:00': 16275.068239417758, '2025-07-06 19:00:00+00:00': 16478.45713281788, '2025-07-06 21:00:00+00:00': 16525.612317500018, '2025-07-06 23:00:00+00:00': 16280.325322803614, '2025-07-07 01:00:00+00:00': 16513.715210238875, '2025-07-07 07:00:00+00:00': 16479.09183802229, '2025-07-07 11:00:00+00:00': 16473.027878552428, '2025-07-07 13:00:00+00:00': 16530.34646603209, '2025-07-07 14:00:00+00:00': 16519.45502237503, '2025-07-07 17:00:00+00:00': 16597.510747881563, '2025-07-07 18:00:00+00:00': 16601.490118795446, '2025-07-07 21:00:00+00:00': 16495.46368467189, '2025-07-08 03:00:00+00:00': 16624.90671708694, '2025-07-08 10:00:00+00:00': 16647.435237119655, '2025-07-08 14:00:00+00:00': 16642.56201096621, '2025-07-08 16:00:00+00:00': 16706.853269290263, '2025-07-08 17:00:00+00:00': 16644.721727363332, '2025-07-08 18:00:00+00:00': 16749.49426359237, '2025-07-08 21:00:00+00:00': 16744.612712417686, '2025-07-09 02:00:00+00:00': 16531.4142567958, '2025-07-09 04:00:00+00:00': 16793.138601414677, '2025-07-09 05:00:00+00:00': 16739.508393753287, '2025-07-09 10:00:00+00:00': 16807.75954521257, '2025-07-09 12:00:00+00:00': 16785.17759781575, '2025-07-09 13:00:00+00:00': 16815.34301815431, '2025-07-09 14:00:00+00:00': 16612.132584367544, '2025-07-09 15:00:00+00:00': 16787.44464023878, '2025-07-09 19:00:00+00:00': 16709.468430111545, '2025-07-09 20:00:00+00:00': 16697.342412181442, '2025-07-09 21:00:00+00:00': 16744.361329059957, '2025-07-10 01:00:00+00:00': 16746.405575279307, '2025-07-10 03:00:00+00:00': 16739.36574363824, '2025-07-10 06:00:00+00:00': 16727.876835955358, '2025-07-10 08:00:00+00:00': 16731.221435553754, '2025-07-10 10:00:00+00:00': 16741.23704359745, '2025-07-10 14:00:00+00:00': 16735.834198917593, '2025-07-10 17:00:00+00:00': 16713.05238290258, '2025-07-10 18:00:00+00:00': 16820.840698391767, '2025-07-10 19:00:00+00:00': 16841.211857151007, '2025-07-10 22:00:00+00:00': 17191.236594622667, '2025-07-10 23:00:00+00:00': 17351.01920331832, '2025-07-11 01:00:00+00:00': 17396.0490731506, '2025-07-11 07:00:00+00:00': 17405.419025078405, '2025-07-11 09:00:00+00:00': 17399.61415864659, '2025-07-11 10:00:00+00:00': 17400.43360993741, '2025-07-11 12:00:00+00:00': 17377.0884230199, '2025-07-11 16:00:00+00:00': 17398.04449215916, '2025-07-11 18:00:00+00:00': 17326.677845380218, '2025-07-11 23:00:00+00:00': 17517.94625618751, '2025-07-12 01:00:00+00:00': 17398.36472142384, '2025-07-12 08:00:00+00:00': 17499.826554944575, '2025-07-12 09:00:00+00:00': 17500.13185810574, '2025-07-12 16:00:00+00:00': 17615.136235557184, '2025-07-12 17:00:00+00:00': 17556.067251591878, '2025-07-12 21:00:00+00:00': 17644.092313830588, '2025-07-13 01:00:00+00:00': 17641.02851668308, '2025-07-13 11:00:00+00:00': 17650.019431434546, '2025-07-13 12:00:00+00:00': 17357.611413987375, '2025-07-13 17:00:00+00:00': 17601.53499630501, '2025-07-13 22:00:00+00:00': 17656.05281188568, '2025-07-13 23:00:00+00:00': 17724.45599289886, '2025-07-14 04:00:00+00:00': 17662.729166314333, '2025-07-14 07:00:00+00:00': 17639.696166128735, '2025-07-14 09:00:00+00:00': 17654.68920118468, '2025-07-14 15:00:00+00:00': 17970.111254402655, '2025-07-14 16:00:00+00:00': 18082.267272438068, '2025-07-14 17:00:00+00:00': 17377.22647003152, '2025-07-14 18:00:00+00:00': 17340.919364777852, '2025-07-14 19:00:00+00:00': 18373.931107056087, '2025-07-14 20:00:00+00:00': 17967.56264329629, '2025-07-15 04:00:00+00:00': 18541.865603853203, '2025-07-15 12:00:00+00:00': 18387.906057380107, '2025-07-15 15:00:00+00:00': 18399.585069318255, '2025-07-15 16:00:00+00:00': 18406.80562921538, '2025-07-15 17:00:00+00:00': 18353.6237459461, '2025-07-15 20:00:00+00:00': 18316.33472860506, '2025-07-15 21:00:00+00:00': 18422.95444691492, '2025-07-15 23:00:00+00:00': 18441.718038048235, '2025-07-16 00:00:00+00:00': 18470.538316655162, '2025-07-16 13:00:00+00:00': 18354.703167178526, '2025-07-16 18:00:00+00:00': 18423.141760174316, '2025-07-16 19:00:00+00:00': 18288.08286301946, '2025-07-17 06:00:00+00:00': 18412.866359363405, '2025-07-17 07:00:00+00:00': 18597.058956327957, '2025-07-17 09:00:00+00:00': 18595.630119660596, '2025-07-17 10:00:00+00:00': 18357.623734039375, '2025-07-17 14:00:00+00:00': 18937.494154567386, '2025-07-17 17:00:00+00:00': 19043.45927987443, '2025-07-17 21:00:00+00:00': 19032.926489306545, '2025-07-17 22:00:00+00:00': 18723.061256897377, '2025-07-18 02:00:00+00:00': 18447.332581333405, '2025-07-18 06:00:00+00:00': 18648.46140930714, '2025-07-18 08:00:00+00:00': 19010.363230136005, '2025-07-18 09:00:00+00:00': 19021.836763700307, '2025-07-18 11:00:00+00:00': 18774.809744325416, '2025-07-18 12:00:00+00:00': 18994.04087948202, '2025-07-18 13:00:00+00:00': 19008.640697901184, '2025-07-18 15:00:00+00:00': 19719.40922631333, '2025-07-18 16:00:00+00:00': 19782.87350623227, '2025-07-18 17:00:00+00:00': 19804.716295833114, '2025-07-18 21:00:00+00:00': 19434.83480608217, '2025-07-19 15:00:00+00:00': 18779.46591466674, '2025-07-20 03:00:00+00:00': 19294.802486578217, '2025-07-20 04:00:00+00:00': 19421.211243792222, '2025-07-20 06:00:00+00:00': 19232.673777513144, '2025-07-20 08:00:00+00:00': 19247.286804318624, '2025-07-20 09:00:00+00:00': 19233.034565045054, '2025-07-20 11:00:00+00:00': 19770.290191160642, '2025-07-20 12:00:00+00:00': 19098.45026902601, '2025-07-20 14:00:00+00:00': 19052.312298352375, '2025-07-20 21:00:00+00:00': 19273.55234095567, '2025-07-21 14:00:00+00:00': 19220.111324533907, '2025-07-22 01:00:00+00:00': 19046.317224941922, '2025-07-22 05:00:00+00:00': 19643.797510720095, '2025-07-22 16:00:00+00:00': 19272.207066730887, '2025-07-23 13:00:00+00:00': 19164.209828640003, '2025-07-23 17:00:00+00:00': 19215.801729708728, '2025-07-24 15:00:00+00:00': 19591.455130145718, '2025-07-25 03:00:00+00:00': 19645.632920518805, '2025-07-25 06:00:00+00:00': 19694.868516531504, '2025-07-25 07:00:00+00:00': 19667.943480742448}]",579
