number,value,params_CONVERGENCE_THRESHOLD,params_FIXED_TRADE_PCT,params_MAX_HOLD_HOURS,params_MAX_POSITION_PCT,params_MIN_DIV,params_STOP_LOSS_PCT,params_TAKE_PROFIT_PCT,params_TRAIL_PCT,state,user_attrs_cooldown_trades_pct,user_attrs_equity_curves,user_attrs_total_trades
26,9.370558859617805,0.01,0.055,72,0.03,0.04,0.3,0.4,0.7,COMPLETE,1.015228426395939,"[{'2025-05-01 00:00:00+00:00': 10000.0, '2025-05-01 02:00:00+00:00': 10068.423814386437, '2025-05-01 06:00:00+00:00': 10075.475625770461, '2025-05-01 08:00:00+00:00': 10151.251090728358, '2025-05-01 12:00:00+00:00': 10251.879497223463, '2025-05-01 15:00:00+00:00': 10042.658407694305, '2025-05-01 16:00:00+00:00': 10232.420968131582, '2025-05-01 17:00:00+00:00': 9970.738876653024, '2025-05-01 18:00:00+00:00': 10222.933139634646, '2025-05-02 04:00:00+00:00': 10191.898612820656, '2025-05-02 06:00:00+00:00': 10199.408640686694, '2025-05-02 15:00:00+00:00': 10153.31180235671, '2025-05-02 20:00:00+00:00': 10154.246202712118, '2025-05-04 00:00:00+00:00': 10131.631514208879, '2025-05-04 01:00:00+00:00': 10086.760119713666, '2025-05-04 16:00:00+00:00': 10195.096743350185, '2025-05-04 23:00:00+00:00': 9980.702701842078, '2025-05-05 02:00:00+00:00': 10084.169173974891, '2025-05-05 03:00:00+00:00': 10005.393590906888, '2025-05-05 04:00:00+00:00': 10017.232034837221, '2025-05-05 12:00:00+00:00': 10060.052600669414, '2025-05-06 03:00:00+00:00': 10011.672038018733, '2025-05-06 13:00:00+00:00': 9988.633775782331, '2025-05-06 17:00:00+00:00': 10302.335670006449, '2025-05-06 23:00:00+00:00': 10304.000906817899, '2025-05-07 00:00:00+00:00': 10221.04366186277, '2025-05-07 01:00:00+00:00': 10391.924583132617, '2025-05-07 02:00:00+00:00': 10538.466661016811, '2025-05-07 06:00:00+00:00': 10616.410697160532, '2025-05-07 17:00:00+00:00': 10686.023675976274, '2025-05-07 18:00:00+00:00': 10702.061467915546, '2025-05-07 22:00:00+00:00': 10766.446867284343, '2025-05-08 01:00:00+00:00': 10840.6375648495, '2025-05-08 04:00:00+00:00': 10856.042265145472, '2025-05-08 09:00:00+00:00': 10804.756530147853, '2025-05-08 10:00:00+00:00': 10939.985604575437, '2025-05-08 16:00:00+00:00': 11077.003730892511, '2025-05-08 17:00:00+00:00': 11035.132412866846, '2025-05-08 19:00:00+00:00': 11078.038317546368, '2025-05-08 21:00:00+00:00': 11023.413814746084, '2025-05-08 22:00:00+00:00': 11214.036698197482, '2025-05-09 00:00:00+00:00': 11225.57634816599, '2025-05-09 05:00:00+00:00': 11274.178914609545, '2025-05-09 08:00:00+00:00': 11250.001762382997, '2025-05-09 09:00:00+00:00': 11444.900186299576, '2025-05-09 15:00:00+00:00': 11415.201379381702, '2025-05-09 16:00:00+00:00': 11430.182335891817, '2025-05-09 18:00:00+00:00': 11405.05004243062, '2025-05-09 21:00:00+00:00': 11424.067268520077, '2025-05-09 22:00:00+00:00': 11418.744242717245, '2025-05-10 07:00:00+00:00': 11458.65911702809, '2025-05-10 08:00:00+00:00': 11464.084471593038, '2025-05-10 10:00:00+00:00': 11463.149265591508, '2025-05-10 22:00:00+00:00': 11555.513016198345, '2025-05-11 00:00:00+00:00': 11573.219810619192, '2025-05-11 06:00:00+00:00': 11538.939569870661, '2025-05-11 15:00:00+00:00': 11577.991937109186, '2025-05-11 16:00:00+00:00': 11583.999591942536, '2025-05-11 22:00:00+00:00': 11570.90344996267, '2025-05-12 01:00:00+00:00': 11560.728553837484, '2025-05-12 02:00:00+00:00': 11559.65955238018, '2025-05-12 11:00:00+00:00': 11550.726873535483, '2025-05-12 12:00:00+00:00': 11550.52640536596, '2025-05-12 16:00:00+00:00': 11617.378475749445, '2025-05-12 22:00:00+00:00': 11597.700392859571, '2025-05-13 00:00:00+00:00': 11646.096785972897, '2025-05-13 06:00:00+00:00': 11654.111379400878, '2025-05-13 10:00:00+00:00': 11734.379590536626, '2025-05-13 12:00:00+00:00': 11745.126806175249, '2025-05-14 08:00:00+00:00': 11721.34758652908, '2025-05-14 14:00:00+00:00': 11708.44621517527, '2025-05-15 02:00:00+00:00': 11646.206333918184, '2025-05-15 05:00:00+00:00': 11670.228443242047, '2025-05-15 17:00:00+00:00': 11788.404574242468, '2025-05-16 08:00:00+00:00': 11803.17263549244, '2025-05-16 22:00:00+00:00': 11934.101231525005, '2025-05-17 22:00:00+00:00': 11932.872100855868, '2025-05-18 06:00:00+00:00': 11934.692518352167, '2025-05-18 15:00:00+00:00': 11928.94823456661, '2025-05-18 17:00:00+00:00': 12192.429164425688, '2025-05-18 23:00:00+00:00': 12271.213928226834, '2025-05-19 00:00:00+00:00': 12163.208711130274, '2025-05-19 01:00:00+00:00': 12183.048279386981, '2025-05-19 03:00:00+00:00': 12127.77810940618, '2025-05-19 09:00:00+00:00': 12231.562897481701, '2025-05-19 16:00:00+00:00': 12481.706974591936, '2025-05-19 17:00:00+00:00': 12479.3232569221, '2025-05-20 02:00:00+00:00': 12528.878558309096, '2025-05-20 05:00:00+00:00': 12617.723956375212, '2025-05-20 08:00:00+00:00': 12665.657633812565, '2025-05-20 14:00:00+00:00': 12687.363734051056, '2025-05-20 18:00:00+00:00': 12599.158919083426, '2025-05-20 20:00:00+00:00': 12976.930994744782, '2025-05-21 07:00:00+00:00': 13025.95342494026, '2025-05-21 15:00:00+00:00': 13240.83861065737, '2025-05-21 17:00:00+00:00': 13218.755319920723, '2025-05-21 18:00:00+00:00': 14297.326748492153, '2025-05-21 21:00:00+00:00': 14533.474053456692, '2025-05-22 00:00:00+00:00': 14707.72512719984, '2025-05-22 01:00:00+00:00': 14598.24416839922, '2025-05-22 04:00:00+00:00': 14842.209659805267, '2025-05-22 09:00:00+00:00': 14734.252531181246, '2025-05-22 20:00:00+00:00': 14880.030713392558, '2025-05-23 05:00:00+00:00': 14700.783667521982, '2025-05-23 07:00:00+00:00': 14712.580363601495, '2025-05-23 12:00:00+00:00': 14881.917480809223, '2025-05-24 02:00:00+00:00': 14932.028360997234, '2025-05-24 08:00:00+00:00': 14950.137943793534, '2025-05-24 16:00:00+00:00': 14947.864633069432, '2025-05-25 01:00:00+00:00': 14970.081089396219, '2025-05-25 21:00:00+00:00': 14983.53746729269, '2025-05-25 23:00:00+00:00': 15210.8844060682, '2025-05-26 01:00:00+00:00': 15222.263163607022, '2025-05-26 09:00:00+00:00': 15225.041503487053, '2025-05-26 16:00:00+00:00': 15250.878935572902, '2025-05-26 22:00:00+00:00': 15238.258706407289, '2025-05-27 04:00:00+00:00': 15236.5798742905, '2025-05-27 17:00:00+00:00': 15339.569504875913, '2025-05-28 15:00:00+00:00': 15474.643399214103, '2025-05-29 18:00:00+00:00': 15480.6999053669, '2025-05-31 03:00:00+00:00': 14873.529625009949, '2025-05-31 04:00:00+00:00': 14721.346646696285, '2025-05-31 05:00:00+00:00': 15540.082251365267, '2025-05-31 06:00:00+00:00': 17132.981774086904, '2025-05-31 07:00:00+00:00': 17620.53247374596, '2025-05-31 08:00:00+00:00': 16989.83256579456, '2025-05-31 16:00:00+00:00': 15507.070550546108, '2025-06-01 10:00:00+00:00': 17551.552990060358, '2025-06-02 13:00:00+00:00': 15353.527896587306, '2025-06-02 23:00:00+00:00': 17320.95930217679, '2025-06-03 01:00:00+00:00': 17731.282719790088, '2025-06-03 02:00:00+00:00': 17754.527678966977, '2025-06-03 03:00:00+00:00': 17402.750670203288, '2025-06-03 07:00:00+00:00': 17222.476918190405, '2025-06-03 08:00:00+00:00': 17510.92059433465, '2025-06-03 11:00:00+00:00': 17737.420861411603, '2025-06-03 15:00:00+00:00': 17742.143206310666, '2025-06-03 16:00:00+00:00': 17634.54934484179, '2025-06-03 18:00:00+00:00': 17633.284940542744, '2025-06-04 05:00:00+00:00': 17605.31509188544, '2025-06-04 07:00:00+00:00': 17581.01528124399, '2025-06-04 11:00:00+00:00': 18105.19849630641, '2025-06-04 16:00:00+00:00': 18112.115584004725, '2025-06-04 21:00:00+00:00': 17842.255205801674, '2025-06-04 22:00:00+00:00': 18102.211206185017, '2025-06-05 05:00:00+00:00': 18100.62377642974, '2025-06-05 16:00:00+00:00': 18085.45093784627, '2025-06-05 19:00:00+00:00': 17549.355008946713, '2025-06-05 20:00:00+00:00': 18108.389879893643, '2025-06-05 21:00:00+00:00': 18627.9259939532, '2025-06-06 03:00:00+00:00': 18724.471202244826, '2025-06-06 04:00:00+00:00': 18825.788953004812, '2025-06-06 05:00:00+00:00': 18816.51718244337, '2025-06-06 07:00:00+00:00': 18657.37986209572, '2025-06-06 09:00:00+00:00': 18735.16570831847, '2025-06-06 11:00:00+00:00': 18331.257113801305, '2025-06-06 15:00:00+00:00': 18837.897103475032, '2025-06-07 07:00:00+00:00': 18549.16409054549, '2025-06-07 13:00:00+00:00': 17999.042850234073, '2025-06-07 15:00:00+00:00': 18991.74854896441, '2025-06-07 23:00:00+00:00': 18138.078287738506, '2025-06-08 14:00:00+00:00': 17803.01187486913, '2025-06-08 22:00:00+00:00': 18622.6432065343, '2025-06-09 05:00:00+00:00': 18519.16409054549, '2025-06-09 06:00:00+00:00': 18302.127187583472, '2025-06-09 08:00:00+00:00': 18175.127187583472, '2025-06-09 12:00:00+00:00': 17256.519978385124, '2025-06-09 13:00:00+00:00': 17547.978376031653, '2025-06-09 16:00:00+00:00': 17631.227367044638, '2025-06-09 22:00:00+00:00': 17239.819592116695, '2025-06-09 23:00:00+00:00': 17068.472844916905, '2025-06-10 01:00:00+00:00': 17501.47363682562, '2025-06-10 12:00:00+00:00': 16721.70436766365, '2025-06-10 20:00:00+00:00': 16836.44824874314, '2025-06-10 21:00:00+00:00': 17039.945068606095, '2025-06-10 22:00:00+00:00': 17124.40010459368, '2025-06-11 05:00:00+00:00': 17050.40636684053, '2025-06-11 15:00:00+00:00': 16483.406495323223, '2025-06-12 01:00:00+00:00': 16949.354285755944, '2025-06-12 11:00:00+00:00': 16628.79563891887, '2025-06-12 13:00:00+00:00': 17217.910896598045, '2025-06-12 20:00:00+00:00': 17407.993823693432, '2025-06-12 21:00:00+00:00': 17187.747108516993, '2025-06-12 23:00:00+00:00': 17230.13668083629, '2025-06-13 01:00:00+00:00': 18041.89683689529, '2025-06-13 02:00:00+00:00': 17415.81967350819, '2025-06-14 01:00:00+00:00': 17863.930735200374, '2025-06-14 13:00:00+00:00': 17845.98893654361, '2025-06-15 17:00:00+00:00': 17269.981106344312, '2025-06-15 22:00:00+00:00': 17392.031496799813, '2025-06-16 02:00:00+00:00': 17152.92982429303, '2025-06-16 03:00:00+00:00': 17230.70760207081, '2025-06-16 05:00:00+00:00': 17209.04423974693, '2025-06-16 08:00:00+00:00': 17003.820527845044, '2025-06-16 11:00:00+00:00': 16822.500527845044, '2025-06-16 14:00:00+00:00': 16640.071956416472, '2025-06-16 15:00:00+00:00': 17045.986195544523, '2025-06-16 19:00:00+00:00': 15718.150535643454, '2025-06-16 20:00:00+00:00': 17185.383027845044, '2025-06-16 21:00:00+00:00': 16134.20888047856, '2025-06-17 00:00:00+00:00': 16382.679315389387, '2025-06-17 07:00:00+00:00': 16164.581433968973, '2025-06-17 11:00:00+00:00': 15905.675606435245, '2025-06-17 14:00:00+00:00': 16589.770698223405, '2025-06-17 15:00:00+00:00': 16074.555894984696, '2025-06-17 16:00:00+00:00': 16744.68356220942, '2025-06-17 17:00:00+00:00': 16420.878886787905, '2025-06-17 20:00:00+00:00': 15343.630322511539, '2025-06-18 05:00:00+00:00': 15134.511189355933, '2025-06-18 11:00:00+00:00': 16100.281419933484, '2025-06-18 14:00:00+00:00': 15163.791458003412, '2025-06-18 15:00:00+00:00': 16276.909326910229, '2025-06-18 21:00:00+00:00': 15736.566096646005, '2025-06-19 04:00:00+00:00': 15553.408201909164, '2025-06-19 14:00:00+00:00': 14744.169752614449, '2025-06-19 19:00:00+00:00': 14392.929483519008, '2025-06-19 21:00:00+00:00': 13858.951501929321, '2025-06-19 23:00:00+00:00': 16461.004419968525, '2025-06-20 01:00:00+00:00': 16246.919610865807, '2025-06-20 08:00:00+00:00': 14038.18227116009, '2025-06-20 09:00:00+00:00': 14948.944527389223, '2025-06-20 15:00:00+00:00': 14346.925010791234, '2025-06-20 17:00:00+00:00': 14381.035288069985, '2025-06-20 18:00:00+00:00': 14155.258344124568, '2025-06-21 10:00:00+00:00': 15465.317194823763, '2025-06-21 19:00:00+00:00': 14604.794126150977, '2025-06-21 20:00:00+00:00': 15666.269575776145, '2025-06-21 22:00:00+00:00': 16391.73690734425, '2025-06-22 01:00:00+00:00': 17041.710546772534, '2025-06-22 10:00:00+00:00': 16940.685819751583, '2025-06-22 14:00:00+00:00': 17443.25187002534, '2025-06-22 15:00:00+00:00': 17129.9701721636, '2025-06-22 16:00:00+00:00': 17452.39985487233, '2025-06-22 17:00:00+00:00': 17402.452365853533, '2025-06-22 23:00:00+00:00': 17074.875684714418, '2025-06-23 03:00:00+00:00': 16880.100043688777, '2025-06-23 05:00:00+00:00': 16678.913767004855, '2025-06-23 07:00:00+00:00': 17480.601574335768, '2025-06-23 09:00:00+00:00': 16030.877945497914, '2025-06-23 17:00:00+00:00': 16260.614642301904, '2025-06-23 18:00:00+00:00': 15806.885754865923, '2025-06-23 19:00:00+00:00': 16231.183289009365, '2025-06-23 20:00:00+00:00': 15823.272311695097, '2025-06-23 21:00:00+00:00': 15583.530986430089, '2025-06-23 22:00:00+00:00': 15615.67293847516, '2025-06-23 23:00:00+00:00': 15586.848921787398, '2025-06-24 00:00:00+00:00': 15416.70348545729, '2025-06-24 02:00:00+00:00': 15037.429991285664, '2025-06-24 03:00:00+00:00': 15222.629991285665, '2025-06-24 09:00:00+00:00': 14646.776330551878, '2025-06-24 17:00:00+00:00': 14773.911472767146, '2025-06-24 21:00:00+00:00': 14565.590524934289, '2025-06-25 05:00:00+00:00': 14411.415970191518, '2025-06-25 10:00:00+00:00': 14030.243276326755, '2025-06-25 14:00:00+00:00': 14208.201684477232, '2025-06-25 16:00:00+00:00': 13771.339693147967, '2025-06-26 02:00:00+00:00': 13539.256359814633, '2025-06-26 13:00:00+00:00': 13368.59941341554, '2025-06-27 00:00:00+00:00': 13154.704611736963, '2025-07-01 00:00:00+00:00': 13359.390942669068, '2025-07-01 05:00:00+00:00': 13607.99631608126, '2025-07-01 07:00:00+00:00': 13705.81119125926, '2025-07-01 09:00:00+00:00': 13700.65501418958, '2025-07-01 10:00:00+00:00': 13705.84693210933, '2025-07-01 13:00:00+00:00': 13758.478145025938, '2025-07-01 19:00:00+00:00': 13749.895482583674, '2025-07-02 08:00:00+00:00': 13453.45152308455, '2025-07-02 09:00:00+00:00': 13471.075241591094, '2025-07-02 13:00:00+00:00': 13361.56765903644, '2025-07-02 15:00:00+00:00': 13347.150478425023, '2025-07-02 17:00:00+00:00': 13447.114713672692, '2025-07-02 19:00:00+00:00': 13411.473321289724, '2025-07-02 21:00:00+00:00': 13541.11494997586, '2025-07-02 23:00:00+00:00': 13267.631568115015, '2025-07-03 02:00:00+00:00': 13361.446140915807, '2025-07-03 03:00:00+00:00': 13546.530236158873, '2025-07-03 04:00:00+00:00': 13532.694146628848, '2025-07-03 05:00:00+00:00': 13513.025856545531, '2025-07-03 07:00:00+00:00': 13502.153423221042, '2025-07-03 10:00:00+00:00': 13517.791186386434, '2025-07-03 13:00:00+00:00': 13534.687674883568, '2025-07-03 14:00:00+00:00': 13344.011447759, '2025-07-03 16:00:00+00:00': 13607.921576056988, '2025-07-03 20:00:00+00:00': 13581.185243228321, '2025-07-04 08:00:00+00:00': 13737.622313262791, '2025-07-04 13:00:00+00:00': 13602.235886754326, '2025-07-04 17:00:00+00:00': 13822.344176779698, '2025-07-05 18:00:00+00:00': 13480.918842268122, '2025-07-06 05:00:00+00:00': 13500.428898273423, '2025-07-06 13:00:00+00:00': 13618.239774392303, '2025-07-06 21:00:00+00:00': 13680.24828371696, '2025-07-06 22:00:00+00:00': 13710.943468477348, '2025-07-07 02:00:00+00:00': 13830.79752327619, '2025-07-07 05:00:00+00:00': 13736.991297788827, '2025-07-07 07:00:00+00:00': 13829.9821277941, '2025-07-07 13:00:00+00:00': 13891.836119529016, '2025-07-07 14:00:00+00:00': 13687.111345705256, '2025-07-07 18:00:00+00:00': 13832.646890937383, '2025-07-08 03:00:00+00:00': 13889.620827797033, '2025-07-08 10:00:00+00:00': 13938.37613906113, '2025-07-08 16:00:00+00:00': 14108.504052665943, '2025-07-08 18:00:00+00:00': 14114.846371315765, '2025-07-08 19:00:00+00:00': 13685.189829106486, '2025-07-08 21:00:00+00:00': 13950.080637407787, '2025-07-09 04:00:00+00:00': 13961.898661067526, '2025-07-09 05:00:00+00:00': 14094.298621979367, '2025-07-09 11:00:00+00:00': 13958.3674175882, '2025-07-09 12:00:00+00:00': 13832.47068715923, '2025-07-09 19:00:00+00:00': 13890.087087521342, '2025-07-09 20:00:00+00:00': 13848.04039767201, '2025-07-09 21:00:00+00:00': 13824.220850271033, '2025-07-09 22:00:00+00:00': 13818.800177986437, '2025-07-10 00:00:00+00:00': 13965.632922841569, '2025-07-10 01:00:00+00:00': 13856.359021023865, '2025-07-10 13:00:00+00:00': 13895.124555107774, '2025-07-10 14:00:00+00:00': 13866.508557140669, '2025-07-10 17:00:00+00:00': 13831.556291148143, '2025-07-10 18:00:00+00:00': 13965.09920879674, '2025-07-10 19:00:00+00:00': 14030.315617385637, '2025-07-10 22:00:00+00:00': 14254.84975510706, '2025-07-10 23:00:00+00:00': 14250.922498766291, '2025-07-11 03:00:00+00:00': 14244.460688318983, '2025-07-11 05:00:00+00:00': 14239.912434643105, '2025-07-11 09:00:00+00:00': 14206.96799438657, '2025-07-11 10:00:00+00:00': 14249.490953091594, '2025-07-11 12:00:00+00:00': 14259.712437995151, '2025-07-11 17:00:00+00:00': 14170.985817795974, '2025-07-11 18:00:00+00:00': 14149.134678279828, '2025-07-11 23:00:00+00:00': 14098.748050775463, '2025-07-12 01:00:00+00:00': 14168.081511122724, '2025-07-12 08:00:00+00:00': 14149.72675099094, '2025-07-12 09:00:00+00:00': 14147.80520201815, '2025-07-12 16:00:00+00:00': 14301.958917234162, '2025-07-12 21:00:00+00:00': 14324.146846755371, '2025-07-12 22:00:00+00:00': 14289.476636432699, '2025-07-13 03:00:00+00:00': 14142.721679057273, '2025-07-13 04:00:00+00:00': 14294.72049244337, '2025-07-13 11:00:00+00:00': 14305.597950378879, '2025-07-13 18:00:00+00:00': 14301.789371891065, '2025-07-13 22:00:00+00:00': 14367.3198320017, '2025-07-14 00:00:00+00:00': 14153.406235885115, '2025-07-14 04:00:00+00:00': 14161.747564145371, '2025-07-14 05:00:00+00:00': 14156.59675113997, '2025-07-14 07:00:00+00:00': 14168.574601153243, '2025-07-14 11:00:00+00:00': 14217.76700861429, '2025-07-14 12:00:00+00:00': 14398.36125313748, '2025-07-14 16:00:00+00:00': 14696.697238359076, '2025-07-14 17:00:00+00:00': 14147.255213882469, '2025-07-14 18:00:00+00:00': 13962.969637255364, '2025-07-14 19:00:00+00:00': 14871.540361810794, '2025-07-15 02:00:00+00:00': 14835.132700591139, '2025-07-15 04:00:00+00:00': 14833.404920008812, '2025-07-15 08:00:00+00:00': 14776.17888663886, '2025-07-15 12:00:00+00:00': 14827.766656538093, '2025-07-15 15:00:00+00:00': 14732.738390221652, '2025-07-15 20:00:00+00:00': 14634.765940910174, '2025-07-15 23:00:00+00:00': 14525.277300036092, '2025-07-16 00:00:00+00:00': 14575.146296778912, '2025-07-16 14:00:00+00:00': 14488.223183936563, '2025-07-16 18:00:00+00:00': 14563.292284475045, '2025-07-16 19:00:00+00:00': 14703.35063511961, '2025-07-17 06:00:00+00:00': 14645.232727996945, '2025-07-17 07:00:00+00:00': 14705.766061330278, '2025-07-17 10:00:00+00:00': 14490.938721417024, '2025-07-17 14:00:00+00:00': 15050.710086080297, '2025-07-17 17:00:00+00:00': 15167.963254997825, '2025-07-17 21:00:00+00:00': 15156.323441372066, '2025-07-17 22:00:00+00:00': 14815.086745924606, '2025-07-18 02:00:00+00:00': 14833.427549705764, '2025-07-18 03:00:00+00:00': 14792.266743775823, '2025-07-18 06:00:00+00:00': 14668.618976805392, '2025-07-18 07:00:00+00:00': 14883.282986301865, '2025-07-18 08:00:00+00:00': 15192.782986301865, '2025-07-18 09:00:00+00:00': 15205.562364023812, '2025-07-18 12:00:00+00:00': 15133.921245176743, '2025-07-18 14:00:00+00:00': 14709.461184655369, '2025-07-18 15:00:00+00:00': 15817.143497211095, '2025-07-18 16:00:00+00:00': 15339.048259115856, '2025-07-18 17:00:00+00:00': 15627.711331645041, '2025-07-18 20:00:00+00:00': 15784.644041302136, '2025-07-19 04:00:00+00:00': 15592.97737463547, '2025-07-19 15:00:00+00:00': 15802.087467891559, '2025-07-20 00:00:00+00:00': 15638.72612807744, '2025-07-20 04:00:00+00:00': 15371.088413940686, '2025-07-20 06:00:00+00:00': 15546.304960968422, '2025-07-20 08:00:00+00:00': 15572.144041302136, '2025-07-20 09:00:00+00:00': 15361.917991962773, '2025-07-20 12:00:00+00:00': 15212.011943284873, '2025-07-20 16:00:00+00:00': 15124.352522409872, '2025-07-20 21:00:00+00:00': 15182.103133656816, '2025-07-21 04:00:00+00:00': 14747.22085627108, '2025-07-21 12:00:00+00:00': 15149.669745665275, '2025-07-21 14:00:00+00:00': 15179.98668994541, '2025-07-21 16:00:00+00:00': 15641.405025338736, '2025-07-21 17:00:00+00:00': 15535.277537485666, '2025-07-22 09:00:00+00:00': 15743.22474744259, '2025-07-23 11:00:00+00:00': 15359.917177125306, '2025-07-23 18:00:00+00:00': 15239.810387223346, '2025-07-24 05:00:00+00:00': 15184.876526718803, '2025-07-24 15:00:00+00:00': 15549.05728785412, '2025-07-24 17:00:00+00:00': 15609.492413518725, '2025-07-25 01:00:00+00:00': 15736.030972064647, '2025-07-25 07:00:00+00:00': 15666.413810005995}]",585
