number,value,params_CONVERGENCE_THRESHOLD,params_FIXED_TRADE_PCT,params_MAX_HOLD_HOURS,params_MAX_POSITION_PCT,params_MIN_DIV,params_STOP_LOSS_PCT,params_TAKE_PROFIT_PCT,params_TRAIL_PCT,state,user_attrs_cooldown_trades_pct,user_attrs_equity_curves,user_attrs_total_trades
39,9.891708681708407,0.01,0.04,72,0.01,0.05,0.2,0.7,0.5,COMPLETE,4.642857142857143,"[{'2025-05-01 00:00:00+00:00': 10000.0, '2025-05-01 02:00:00+00:00': 10092.095243700458, '2025-05-01 08:00:00+00:00': 10092.59925899562, '2025-05-01 12:00:00+00:00': 10109.309706607244, '2025-05-01 17:00:00+00:00': 10150.628474787776, '2025-05-01 18:00:00+00:00': 10128.859693853678, '2025-05-02 04:00:00+00:00': 10182.27170348782, '2025-05-02 07:00:00+00:00': 10184.530679933187, '2025-05-02 15:00:00+00:00': 10198.277187580023, '2025-05-02 20:00:00+00:00': 10198.971501760261, '2025-05-04 01:00:00+00:00': 10162.283591266525, '2025-05-04 09:00:00+00:00': 10160.313051447227, '2025-05-04 23:00:00+00:00': 10132.241281648181, '2025-05-05 02:00:00+00:00': 10082.46486411725, '2025-05-05 04:00:00+00:00': 10064.158347267354, '2025-05-05 10:00:00+00:00': 10037.348876247892, '2025-05-05 12:00:00+00:00': 10054.425648263154, '2025-05-06 13:00:00+00:00': 10051.836635533387, '2025-05-06 17:00:00+00:00': 10450.353915317784, '2025-05-06 23:00:00+00:00': 10410.667791886193, '2025-05-07 00:00:00+00:00': 10451.587379515848, '2025-05-07 01:00:00+00:00': 10417.853679102163, '2025-05-07 02:00:00+00:00': 10490.76052604505, '2025-05-07 06:00:00+00:00': 10545.416846374837, '2025-05-07 17:00:00+00:00': 10656.312846348763, '2025-05-07 18:00:00+00:00': 10668.031767688204, '2025-05-07 22:00:00+00:00': 10712.71878247184, '2025-05-08 03:00:00+00:00': 10163.960775356345, '2025-05-08 04:00:00+00:00': 10786.017038681559, '2025-05-08 12:00:00+00:00': 10740.918543322765, '2025-05-08 16:00:00+00:00': 10985.322662361317, '2025-05-08 17:00:00+00:00': 10993.73991590758, '2025-05-08 19:00:00+00:00': 10986.07232443768, '2025-05-08 21:00:00+00:00': 10954.756659460672, '2025-05-08 22:00:00+00:00': 11091.05897139089, '2025-05-09 00:00:00+00:00': 11095.644438020592, '2025-05-09 21:00:00+00:00': 11261.621995774365, '2025-05-10 07:00:00+00:00': 11286.378331414715, '2025-05-10 08:00:00+00:00': 11290.325492550917, '2025-05-10 22:00:00+00:00': 11286.542239518469, '2025-05-11 00:00:00+00:00': 11322.542099665696, '2025-05-11 01:00:00+00:00': 11358.960268049512, '2025-05-11 06:00:00+00:00': 11274.077094172071, '2025-05-11 16:00:00+00:00': 11350.474435482245, '2025-05-11 17:00:00+00:00': 11296.59674623388, '2025-05-12 22:00:00+00:00': 11384.066956716955, '2025-05-13 00:00:00+00:00': 11418.935223788241, '2025-05-13 06:00:00+00:00': 11424.650326133438, '2025-05-14 08:00:00+00:00': 11394.63793340496, '2025-05-15 02:00:00+00:00': 11370.850395380687, '2025-05-17 12:00:00+00:00': 11418.233001618853, '2025-05-17 22:00:00+00:00': 11417.359416045332, '2025-05-18 11:00:00+00:00': 11445.943527785494, '2025-05-18 16:00:00+00:00': 11608.7776635194, '2025-05-19 01:00:00+00:00': 11676.721538197464, '2025-05-19 09:00:00+00:00': 11678.44633353207, '2025-05-19 17:00:00+00:00': 11994.043735118996, '2025-05-20 02:00:00+00:00': 11995.715855033684, '2025-05-20 05:00:00+00:00': 12055.524165475706, '2025-05-20 08:00:00+00:00': 12089.224680498624, '2025-05-20 14:00:00+00:00': 12104.469075689634, '2025-05-20 18:00:00+00:00': 12042.46626672237, '2025-05-21 05:00:00+00:00': 12649.562013828874, '2025-05-21 07:00:00+00:00': 12650.017916230994, '2025-05-21 15:00:00+00:00': 12846.333576963369, '2025-05-21 17:00:00+00:00': 12338.751203018062, '2025-05-21 18:00:00+00:00': 13839.318415771506, '2025-05-21 21:00:00+00:00': 13894.815399157751, '2025-05-22 00:00:00+00:00': 14063.96270412229, '2025-05-22 04:00:00+00:00': 14188.224926903109, '2025-05-22 09:00:00+00:00': 14183.97713929249, '2025-05-22 20:00:00+00:00': 14210.263495288458, '2025-05-23 05:00:00+00:00': 14177.21536453643, '2025-05-23 07:00:00+00:00': 14185.570983402182, '2025-05-23 22:00:00+00:00': 14372.274957595057, '2025-05-24 02:00:00+00:00': 14367.563051066452, '2025-05-26 01:00:00+00:00': 14641.330485604056, '2025-05-26 09:00:00+00:00': 14643.273983131816, '2025-05-26 16:00:00+00:00': 14661.346821020967, '2025-05-26 22:00:00+00:00': 14652.523267248243, '2025-05-27 04:00:00+00:00': 14651.277343028145, '2025-05-29 18:00:00+00:00': 14755.356533895563, '2025-05-31 03:00:00+00:00': 14359.426620855986, '2025-05-31 04:00:00+00:00': 15441.690537527178, '2025-05-31 05:00:00+00:00': 15662.674155036237, '2025-05-31 06:00:00+00:00': 16067.103735807386, '2025-05-31 07:00:00+00:00': 15852.271197699663, '2025-05-31 09:00:00+00:00': 16765.26625801901, '2025-05-31 11:00:00+00:00': 16301.128881257548, '2025-05-31 12:00:00+00:00': 16694.136292345054, '2025-05-31 16:00:00+00:00': 14774.675535748642, '2025-05-31 17:00:00+00:00': 16512.991574574236, '2025-06-02 09:00:00+00:00': 16667.77674652808, '2025-06-03 00:00:00+00:00': 14529.343060845096, '2025-06-03 01:00:00+00:00': 16642.96810143225, '2025-06-03 02:00:00+00:00': 16792.646189775744, '2025-06-03 03:00:00+00:00': 16734.077982541938, '2025-06-03 07:00:00+00:00': 16731.388928654156, '2025-06-03 11:00:00+00:00': 16602.918949877563, '2025-06-03 13:00:00+00:00': 16794.25490831457, '2025-06-03 15:00:00+00:00': 16606.416273452105, '2025-06-03 16:00:00+00:00': 16648.02762140297, '2025-06-04 04:00:00+00:00': 16678.311865727563, '2025-06-04 05:00:00+00:00': 17021.609191186228, '2025-06-04 07:00:00+00:00': 16592.187127343812, '2025-06-04 16:00:00+00:00': 17317.37770340561, '2025-06-05 05:00:00+00:00': 17855.761060154524, '2025-06-05 13:00:00+00:00': 16721.92095888647, '2025-06-05 16:00:00+00:00': 17613.37590039255, '2025-06-05 17:00:00+00:00': 16531.154743687428, '2025-06-05 18:00:00+00:00': 17508.51252201137, '2025-06-05 20:00:00+00:00': 17015.282273962748, '2025-06-05 21:00:00+00:00': 17074.6611018878, '2025-06-06 00:00:00+00:00': 16853.730754201886, '2025-06-06 02:00:00+00:00': 17482.81239710115, '2025-06-06 03:00:00+00:00': 18219.11307989537, '2025-06-06 04:00:00+00:00': 18314.22176078116, '2025-06-06 09:00:00+00:00': 17978.313091837717, '2025-06-06 10:00:00+00:00': 18227.388417231006, '2025-06-06 11:00:00+00:00': 17717.638724762153, '2025-06-06 15:00:00+00:00': 17619.606392214657, '2025-06-06 16:00:00+00:00': 17082.95986344402, '2025-06-06 23:00:00+00:00': 17273.3266516985, '2025-06-07 14:00:00+00:00': 17975.41948583701, '2025-06-07 16:00:00+00:00': 17424.466126570358, '2025-06-07 21:00:00+00:00': 17177.02620616787, '2025-06-07 22:00:00+00:00': 17318.798084036684, '2025-06-08 13:00:00+00:00': 17861.879468318984, '2025-06-08 21:00:00+00:00': 17071.71347450521, '2025-06-08 22:00:00+00:00': 17102.21067013549, '2025-06-09 04:00:00+00:00': 17431.444020461517, '2025-06-09 06:00:00+00:00': 17154.67064005175, '2025-06-09 11:00:00+00:00': 17403.791321162404, '2025-06-09 12:00:00+00:00': 17263.23630055458, '2025-06-09 13:00:00+00:00': 17920.478581207684, '2025-06-09 15:00:00+00:00': 17178.196106236293, '2025-06-09 16:00:00+00:00': 17363.786450971595, '2025-06-09 22:00:00+00:00': 17196.544481668807, '2025-06-09 23:00:00+00:00': 17675.732733730973, '2025-06-10 01:00:00+00:00': 17548.21581052445, '2025-06-10 12:00:00+00:00': 17423.645497237132, '2025-06-10 17:00:00+00:00': 17361.776895092033, '2025-06-10 23:00:00+00:00': 17359.869269739047, '2025-06-11 05:00:00+00:00': 17422.059257775472, '2025-06-11 15:00:00+00:00': 16836.175781134698, '2025-06-11 16:00:00+00:00': 17094.34158306768, '2025-06-11 19:00:00+00:00': 17162.335356591986, '2025-06-12 04:00:00+00:00': 16730.79090387067, '2025-06-12 05:00:00+00:00': 17060.933856903113, '2025-06-12 06:00:00+00:00': 18164.313620913712, '2025-06-12 08:00:00+00:00': 17232.119360845456, '2025-06-12 20:00:00+00:00': 17987.75602628373, '2025-06-12 21:00:00+00:00': 17798.876715938903, '2025-06-12 23:00:00+00:00': 17257.50189278417, '2025-06-13 01:00:00+00:00': 17695.817539487798, '2025-06-13 02:00:00+00:00': 18321.744996009336, '2025-06-13 03:00:00+00:00': 18175.27782546505, '2025-06-13 08:00:00+00:00': 17913.273652167416, '2025-06-13 12:00:00+00:00': 17718.30163907434, '2025-06-13 13:00:00+00:00': 17780.082162805713, '2025-06-13 16:00:00+00:00': 17957.79698545682, '2025-06-14 00:00:00+00:00': 17622.91284653186, '2025-06-14 01:00:00+00:00': 18063.968646305784, '2025-06-14 19:00:00+00:00': 18193.63888492878, '2025-06-15 22:00:00+00:00': 17847.90940441242, '2025-06-16 00:00:00+00:00': 18042.42304839846, '2025-06-16 02:00:00+00:00': 18010.92203625294, '2025-06-16 03:00:00+00:00': 17317.195231215606, '2025-06-16 05:00:00+00:00': 16977.831710316634, '2025-06-16 06:00:00+00:00': 17206.78220588953, '2025-06-16 08:00:00+00:00': 16529.80219404472, '2025-06-16 15:00:00+00:00': 16413.566558123704, '2025-06-16 17:00:00+00:00': 16305.027870757456, '2025-06-16 19:00:00+00:00': 16189.754849229686, '2025-06-16 20:00:00+00:00': 16294.433242408242, '2025-06-16 21:00:00+00:00': 16566.284266509403, '2025-06-16 23:00:00+00:00': 16755.082967808106, '2025-06-17 02:00:00+00:00': 17092.399734294493, '2025-06-17 10:00:00+00:00': 17351.916500613297, '2025-06-17 12:00:00+00:00': 16788.253115968022, '2025-06-17 13:00:00+00:00': 16663.730765473294, '2025-06-17 15:00:00+00:00': 17202.793693595755, '2025-06-17 16:00:00+00:00': 17219.374665754098, '2025-06-17 17:00:00+00:00': 16954.075118430785, '2025-06-17 20:00:00+00:00': 15593.275539703021, '2025-06-18 04:00:00+00:00': 16427.969193532714, '2025-06-18 13:00:00+00:00': 16063.315498975076, '2025-06-18 18:00:00+00:00': 16672.64536471734, '2025-06-18 21:00:00+00:00': 15352.443661741676, '2025-06-19 01:00:00+00:00': 15125.620707055688, '2025-06-19 04:00:00+00:00': 16195.420762132972, '2025-06-19 07:00:00+00:00': 14868.547157961813, '2025-06-19 14:00:00+00:00': 16776.67315764647, '2025-06-19 18:00:00+00:00': 15218.515090313105, '2025-06-19 19:00:00+00:00': 15449.175724092489, '2025-06-19 23:00:00+00:00': 16529.75743368286, '2025-06-20 05:00:00+00:00': 15908.154208652495, '2025-06-20 08:00:00+00:00': 13928.310870088631, '2025-06-20 09:00:00+00:00': 14506.93619390969, '2025-06-20 15:00:00+00:00': 15007.859236588525, '2025-06-20 17:00:00+00:00': 14806.478325707218, '2025-06-20 18:00:00+00:00': 15234.615794629672, '2025-06-21 08:00:00+00:00': 15544.739946417187, '2025-06-21 09:00:00+00:00': 15450.862593513593, '2025-06-21 10:00:00+00:00': 15341.738624759957, '2025-06-21 16:00:00+00:00': 15144.29183450883, '2025-06-21 17:00:00+00:00': 15323.7911063073, '2025-06-21 20:00:00+00:00': 16545.036210928753, '2025-06-21 22:00:00+00:00': 16516.31729548153, '2025-06-22 01:00:00+00:00': 17288.046410368785, '2025-06-22 03:00:00+00:00': 17190.79208261544, '2025-06-22 10:00:00+00:00': 16554.014380922752, '2025-06-22 14:00:00+00:00': 17599.37585294908, '2025-06-22 15:00:00+00:00': 16607.98328592388, '2025-06-22 16:00:00+00:00': 17229.260885954158, '2025-06-22 23:00:00+00:00': 17119.608457728664, '2025-06-23 01:00:00+00:00': 17344.556791107025, '2025-06-23 05:00:00+00:00': 16476.228276771282, '2025-06-23 07:00:00+00:00': 16725.927573789842, '2025-06-23 09:00:00+00:00': 16324.44413580212, '2025-06-23 14:00:00+00:00': 15867.517091261216, '2025-06-23 19:00:00+00:00': 15689.164150084745, '2025-06-23 21:00:00+00:00': 15414.570924586873, '2025-06-23 23:00:00+00:00': 15457.618497486674, '2025-06-24 00:00:00+00:00': 15924.37107942066, '2025-06-24 02:00:00+00:00': 15134.640719708896, '2025-06-24 03:00:00+00:00': 14981.390061430246, '2025-06-24 07:00:00+00:00': 15319.840719708896, '2025-06-24 09:00:00+00:00': 14682.001125109693, '2025-06-24 15:00:00+00:00': 14878.037161145729, '2025-06-24 17:00:00+00:00': 14392.353007646272, '2025-06-24 21:00:00+00:00': 14274.071292947347, '2025-06-25 02:00:00+00:00': 14099.882103758158, '2025-06-25 05:00:00+00:00': 14584.019674312938, '2025-06-25 07:00:00+00:00': 13965.953532329588, '2025-06-25 08:00:00+00:00': 13847.332361257086, '2025-06-25 14:00:00+00:00': 14217.329263428315, '2025-06-25 15:00:00+00:00': 13901.935850587282, '2025-06-25 16:00:00+00:00': 13753.400218716242, '2025-06-26 02:00:00+00:00': 14010.96562706468, '2025-06-26 10:00:00+00:00': 13651.395358770767, '2025-06-26 14:00:00+00:00': 13526.437161526583, '2025-06-26 16:00:00+00:00': 13411.553051976103, '2025-06-27 00:00:00+00:00': 13264.645695728294, '2025-07-01 00:00:00+00:00': 13226.272935722996, '2025-07-01 07:00:00+00:00': 13327.477970893782, '2025-07-01 09:00:00+00:00': 13214.98889903295, '2025-07-01 10:00:00+00:00': 13327.504607642279, '2025-07-01 13:00:00+00:00': 13323.53678543608, '2025-07-01 20:00:00+00:00': 13138.271390910126, '2025-07-02 08:00:00+00:00': 13131.229045789081, '2025-07-02 09:00:00+00:00': 13144.369152402827, '2025-07-02 13:00:00+00:00': 13360.122152407668, '2025-07-02 15:00:00+00:00': 13307.913203766557, '2025-07-02 16:00:00+00:00': 13247.558321585177, '2025-07-02 17:00:00+00:00': 13377.034434259585, '2025-07-02 21:00:00+00:00': 13397.709394699947, '2025-07-02 23:00:00+00:00': 13282.277924466056, '2025-07-03 02:00:00+00:00': 13350.712439370132, '2025-07-03 04:00:00+00:00': 13430.104318496791, '2025-07-03 05:00:00+00:00': 13436.352785814706, '2025-07-03 07:00:00+00:00': 13422.150909389677, '2025-07-03 10:00:00+00:00': 13379.790515006549, '2025-07-03 13:00:00+00:00': 13431.567262609673, '2025-07-03 14:00:00+00:00': 13379.739626287323, '2025-07-03 16:00:00+00:00': 13540.42735899884, '2025-07-03 20:00:00+00:00': 13543.60307051842, '2025-07-04 08:00:00+00:00': 13402.621707246044, '2025-07-04 13:00:00+00:00': 13536.246556238602, '2025-07-04 15:00:00+00:00': 13694.347700544933, '2025-07-04 21:00:00+00:00': 13193.27028684994, '2025-07-05 18:00:00+00:00': 13401.6827484208, '2025-07-06 05:00:00+00:00': 13420.887440633775, '2025-07-06 13:00:00+00:00': 13565.190005330569, '2025-07-06 21:00:00+00:00': 13611.63108399712, '2025-07-06 22:00:00+00:00': 13602.835918987219, '2025-07-07 02:00:00+00:00': 13626.601711054313, '2025-07-07 05:00:00+00:00': 13693.881036079485, '2025-07-07 07:00:00+00:00': 13626.000584578429, '2025-07-07 13:00:00+00:00': 13671.619512126721, '2025-07-07 14:00:00+00:00': 13616.564673685565, '2025-07-07 18:00:00+00:00': 13610.45395270268, '2025-07-07 22:00:00+00:00': 13634.217905472298, '2025-07-08 03:00:00+00:00': 13669.9780482844, '2025-07-08 10:00:00+00:00': 13705.573449041105, '2025-07-08 16:00:00+00:00': 13941.148280170562, '2025-07-08 18:00:00+00:00': 13945.722169791678, '2025-07-08 19:00:00+00:00': 13615.185362081365, '2025-07-08 21:00:00+00:00': 13823.930893194858, '2025-07-09 04:00:00+00:00': 13832.61513142347, '2025-07-09 05:00:00+00:00': 13930.61170616882, '2025-07-09 11:00:00+00:00': 13797.18502546781, '2025-07-09 12:00:00+00:00': 13627.853056530148, '2025-07-09 19:00:00+00:00': 13827.940184334046, '2025-07-09 20:00:00+00:00': 13819.630153966316, '2025-07-09 21:00:00+00:00': 13779.172755694934, '2025-07-09 22:00:00+00:00': 13800.264560177175, '2025-07-10 00:00:00+00:00': 13725.893281362794, '2025-07-10 01:00:00+00:00': 13834.909071673927, '2025-07-10 13:00:00+00:00': 13863.995849506615, '2025-07-10 14:00:00+00:00': 13810.388931618378, '2025-07-10 17:00:00+00:00': 13817.374270627017, '2025-07-10 18:00:00+00:00': 14006.453496521535, '2025-07-10 19:00:00+00:00': 13773.955560879143, '2025-07-10 22:00:00+00:00': 14026.36515616164, '2025-07-10 23:00:00+00:00': 14023.51316919877, '2025-07-11 03:00:00+00:00': 14019.07298461614, '2025-07-11 05:00:00+00:00': 14015.81981534973, '2025-07-11 09:00:00+00:00': 13991.900143471108, '2025-07-11 10:00:00+00:00': 14022.670497509804, '2025-07-11 12:00:00+00:00': 14029.991715657725, '2025-07-11 17:00:00+00:00': 13966.285831147776, '2025-07-11 18:00:00+00:00': 13950.5377319058, '2025-07-11 23:00:00+00:00': 13932.801305931753, '2025-07-12 01:00:00+00:00': 13983.310378846409, '2025-07-12 08:00:00+00:00': 13970.065040366191, '2025-07-12 09:00:00+00:00': 13968.635195999303, '2025-07-12 16:00:00+00:00': 14068.254031579367, '2025-07-12 17:00:00+00:00': 14019.585260501815, '2025-07-12 21:00:00+00:00': 14084.503126209922, '2025-07-12 22:00:00+00:00': 14059.23110315773, '2025-07-13 03:00:00+00:00': 13964.938977994434, '2025-07-13 04:00:00+00:00': 14063.074268895985, '2025-07-13 11:00:00+00:00': 14070.953533381911, '2025-07-13 18:00:00+00:00': 14068.199553664748, '2025-07-14 00:00:00+00:00': 14066.603428720704, '2025-07-14 03:00:00+00:00': 13873.355551116761, '2025-07-14 04:00:00+00:00': 13970.56326761401, '2025-07-14 07:00:00+00:00': 13957.250230390657, '2025-07-14 11:00:00+00:00': 13834.172671836614, '2025-07-14 13:00:00+00:00': 13970.222059739437, '2025-07-14 15:00:00+00:00': 14244.118844384093, '2025-07-14 16:00:00+00:00': 14456.15526211941, '2025-07-14 17:00:00+00:00': 13949.149789345553, '2025-07-15 02:00:00+00:00': 14940.690913116843, '2025-07-15 04:00:00+00:00': 14887.573156416589, '2025-07-15 08:00:00+00:00': 14460.03510283769, '2025-07-15 12:00:00+00:00': 14755.953566216469, '2025-07-15 15:00:00+00:00': 14365.351672384535, '2025-07-15 18:00:00+00:00': 14660.156883670961, '2025-07-15 20:00:00+00:00': 14767.991708534923, '2025-07-15 23:00:00+00:00': 14651.23209493768, '2025-07-16 00:00:00+00:00': 14687.306972643673, '2025-07-16 13:00:00+00:00': 14640.977125757012, '2025-07-16 15:00:00+00:00': 14857.211398705957, '2025-07-16 18:00:00+00:00': 14696.556807720113, '2025-07-16 20:00:00+00:00': 14590.962460305716, '2025-07-17 07:00:00+00:00': 14707.586794178067, '2025-07-17 08:00:00+00:00': 14517.641856440454, '2025-07-17 10:00:00+00:00': 14726.800785750329, '2025-07-17 14:00:00+00:00': 14932.231801476973, '2025-07-17 17:00:00+00:00': 15017.94023546627, '2025-07-17 21:00:00+00:00': 15009.448999782018, '2025-07-17 22:00:00+00:00': 14759.208178168474, '2025-07-18 01:00:00+00:00': 14665.36420624833, '2025-07-18 09:00:00+00:00': 15036.058268342464, '2025-07-18 12:00:00+00:00': 15016.105513913908, '2025-07-18 14:00:00+00:00': 14994.716391797348, '2025-07-18 15:00:00+00:00': 15735.806418225637, '2025-07-18 16:00:00+00:00': 15257.711180130398, '2025-07-18 17:00:00+00:00': 15753.535435475094, '2025-07-18 21:00:00+00:00': 15209.6829358985, '2025-07-19 04:00:00+00:00': 15358.865357544832, '2025-07-19 15:00:00+00:00': 14997.497539581664, '2025-07-20 04:00:00+00:00': 15191.756125300595, '2025-07-20 06:00:00+00:00': 15194.521148814438, '2025-07-20 08:00:00+00:00': 15419.539422236177, '2025-07-20 09:00:00+00:00': 15058.01053904192, '2025-07-20 12:00:00+00:00': 14951.703760904833, '2025-07-20 16:00:00+00:00': 14889.061870866064, '2025-07-20 21:00:00+00:00': 15037.047246890485, '2025-07-21 08:00:00+00:00': 15069.317355997138, '2025-07-21 14:00:00+00:00': 14994.09767327149, '2025-07-22 05:00:00+00:00': 15520.140342330544, '2025-07-23 12:00:00+00:00': 14887.521741810864, '2025-07-23 17:00:00+00:00': 14947.569211034106, '2025-07-23 18:00:00+00:00': 14988.816835238871, '2025-07-24 09:00:00+00:00': 15157.155925698675, '2025-07-24 15:00:00+00:00': 15389.906799912686, '2025-07-25 06:00:00+00:00': 15559.654561164907, '2025-07-25 07:00:00+00:00': 15494.665674264543}]",534
