number,value,params_CONVERGENCE_THRESHOLD,params_FIXED_TRADE_PCT,params_MAX_HOLD_HOURS,params_MAX_POSITION_PCT,params_MIN_DIV,params_STOP_LOSS_PCT,params_TAKE_PROFIT_PCT,params_TRAIL_PCT,state,user_attrs_cooldown_trades_pct,user_attrs_equity_curves,user_attrs_total_trades
35,4.646213368128935,0.02,0.06,24,0.025,0.04,0.2,0.5,0.7,COMPLETE,3.023758099352052,"[{'2025-05-01 00:00:00+00:00': 10000.0, '2025-05-01 02:00:00+00:00': 10096.82250483897, '2025-05-01 06:00:00+00:00': 10106.523544397609, '2025-05-01 07:00:00+00:00': 10107.316685525057, '2025-05-01 11:00:00+00:00': 10369.605590584326, '2025-05-01 13:00:00+00:00': 10118.190691176937, '2025-05-01 15:00:00+00:00': 10326.931460179765, '2025-05-01 16:00:00+00:00': 10285.853959717522, '2025-05-02 01:00:00+00:00': 10320.436301534082, '2025-05-02 06:00:00+00:00': 10328.73564079858, '2025-05-02 10:00:00+00:00': 10357.963433021387, '2025-05-02 11:00:00+00:00': 10340.682084341342, '2025-05-02 13:00:00+00:00': 10340.169870128399, '2025-05-02 15:00:00+00:00': 10338.781337134784, '2025-05-02 17:00:00+00:00': 10325.74125316915, '2025-05-02 19:00:00+00:00': 10312.910170423733, '2025-05-02 20:00:00+00:00': 10336.784618953341, '2025-05-03 10:00:00+00:00': 10303.882906821955, '2025-05-04 01:00:00+00:00': 10224.972816871405, '2025-05-05 00:00:00+00:00': 10204.9310564033, '2025-05-05 01:00:00+00:00': 10214.601157514573, '2025-05-05 02:00:00+00:00': 10179.192510415452, '2025-05-05 03:00:00+00:00': 10177.343949918437, '2025-05-05 06:00:00+00:00': 10177.139421030683, '2025-05-05 10:00:00+00:00': 10179.4261275718, '2025-05-05 12:00:00+00:00': 10183.41558912328, '2025-05-05 19:00:00+00:00': 10222.246645814954, '2025-05-06 01:00:00+00:00': 10161.75576182893, '2025-05-06 07:00:00+00:00': 10179.571997723013, '2025-05-06 13:00:00+00:00': 10203.368631621348, '2025-05-06 16:00:00+00:00': 10546.731920575483, '2025-05-07 00:00:00+00:00': 10474.600430380526, '2025-05-07 01:00:00+00:00': 10687.207990195573, '2025-05-07 02:00:00+00:00': 10871.025329715361, '2025-05-07 04:00:00+00:00': 10870.406869829014, '2025-05-07 07:00:00+00:00': 10812.037958777411, '2025-05-07 15:00:00+00:00': 10911.55043846351, '2025-05-07 17:00:00+00:00': 10938.041759236512, '2025-05-07 18:00:00+00:00': 10956.623753340516, '2025-05-07 23:00:00+00:00': 11206.162265435949, '2025-05-08 01:00:00+00:00': 11204.067370194181, '2025-05-08 04:00:00+00:00': 11308.127102334187, '2025-05-08 10:00:00+00:00': 11590.842008209287, '2025-05-08 11:00:00+00:00': 11072.262955450777, '2025-05-08 16:00:00+00:00': 11602.889995861386, '2025-05-08 17:00:00+00:00': 11644.774528253756, '2025-05-08 21:00:00+00:00': 11714.186217825287, '2025-05-08 22:00:00+00:00': 11772.368036007105, '2025-05-09 00:00:00+00:00': 11711.447818180926, '2025-05-09 03:00:00+00:00': 11845.35901099258, '2025-05-09 08:00:00+00:00': 11800.902703407379, '2025-05-09 14:00:00+00:00': 12039.838470219376, '2025-05-09 15:00:00+00:00': 12022.315497460175, '2025-05-09 18:00:00+00:00': 12010.413548448527, '2025-05-09 19:00:00+00:00': 12007.81758135618, '2025-05-09 21:00:00+00:00': 12026.011730210143, '2025-05-10 07:00:00+00:00': 12060.782046903325, '2025-05-10 08:00:00+00:00': 12059.72646187197, '2025-05-10 22:00:00+00:00': 12113.756690331655, '2025-05-11 00:00:00+00:00': 12208.199512725769, '2025-05-11 01:00:00+00:00': 12152.530892418466, '2025-05-11 11:00:00+00:00': 12263.87187285338, '2025-05-11 12:00:00+00:00': 12228.236094018357, '2025-05-11 13:00:00+00:00': 12264.416931807864, '2025-05-11 19:00:00+00:00': 12275.544035837816, '2025-05-12 01:00:00+00:00': 12279.218658633552, '2025-05-12 02:00:00+00:00': 12282.938929764849, '2025-05-12 09:00:00+00:00': 12293.275313860711, '2025-05-12 12:00:00+00:00': 12293.04256247302, '2025-05-12 16:00:00+00:00': 12363.387390059226, '2025-05-12 19:00:00+00:00': 12377.960505118188, '2025-05-12 22:00:00+00:00': 12446.14513083073, '2025-05-13 06:00:00+00:00': 12455.488952101958, '2025-05-13 10:00:00+00:00': 12579.336175543049, '2025-05-13 12:00:00+00:00': 12572.552322273463, '2025-05-14 08:00:00+00:00': 12551.552725558053, '2025-05-14 13:00:00+00:00': 12551.398939037386, '2025-05-15 01:00:00+00:00': 12557.251695115265, '2025-05-15 14:00:00+00:00': 12541.721249681763, '2025-05-16 03:00:00+00:00': 12659.329945333937, '2025-05-16 07:00:00+00:00': 12756.126406879433, '2025-05-16 11:00:00+00:00': 12795.588899508562, '2025-05-16 16:00:00+00:00': 12799.097860124766, '2025-05-16 17:00:00+00:00': 12799.281699893412, '2025-05-17 05:00:00+00:00': 12814.445259330218, '2025-05-17 09:00:00+00:00': 12819.710919383391, '2025-05-18 12:00:00+00:00': 12884.923947925683, '2025-05-18 16:00:00+00:00': 13302.172557988459, '2025-05-18 17:00:00+00:00': 13292.725052928943, '2025-05-19 00:00:00+00:00': 13431.594167060892, '2025-05-19 01:00:00+00:00': 13050.559654762652, '2025-05-19 03:00:00+00:00': 13377.132942146103, '2025-05-19 04:00:00+00:00': 13422.336346552473, '2025-05-19 08:00:00+00:00': 13465.82119503732, '2025-05-19 09:00:00+00:00': 13489.227611329661, '2025-05-19 16:00:00+00:00': 13855.781818739, '2025-05-19 17:00:00+00:00': 13852.138805747072, '2025-05-19 18:00:00+00:00': 13857.66042267745, '2025-05-19 20:00:00+00:00': 13944.400262947664, '2025-05-20 02:00:00+00:00': 13971.778865285094, '2025-05-20 05:00:00+00:00': 13994.210251140115, '2025-05-20 06:00:00+00:00': 13927.14760216463, '2025-05-20 08:00:00+00:00': 14054.659395538487, '2025-05-20 12:00:00+00:00': 14043.136519780262, '2025-05-20 14:00:00+00:00': 14070.497439537883, '2025-05-20 16:00:00+00:00': 14124.123050936596, '2025-05-20 18:00:00+00:00': 14396.42277082455, '2025-05-20 20:00:00+00:00': 14246.279913681694, '2025-05-20 23:00:00+00:00': 14628.584932986712, '2025-05-21 07:00:00+00:00': 14649.897412155531, '2025-05-21 08:00:00+00:00': 14609.32045100488, '2025-05-21 15:00:00+00:00': 14805.953087521926, '2025-05-21 17:00:00+00:00': 14967.989089125142, '2025-05-21 18:00:00+00:00': 15854.345787258238, '2025-05-21 21:00:00+00:00': 15963.57982981143, '2025-05-22 00:00:00+00:00': 16151.534780393244, '2025-05-22 01:00:00+00:00': 16216.304895335772, '2025-05-22 04:00:00+00:00': 16381.506910461485, '2025-05-22 16:00:00+00:00': 16440.488411407463, '2025-05-23 00:00:00+00:00': 16434.989923135032, '2025-05-23 06:00:00+00:00': 16373.668310532823, '2025-05-23 07:00:00+00:00': 16388.143522517603, '2025-05-23 13:00:00+00:00': 16644.676951058485, '2025-05-24 00:00:00+00:00': 16496.703978085512, '2025-05-24 08:00:00+00:00': 16518.530039927, '2025-05-24 16:00:00+00:00': 16515.789894837384, '2025-05-24 23:00:00+00:00': 16517.885483072678, '2025-05-25 20:00:00+00:00': 16549.11791441264, '2025-05-25 23:00:00+00:00': 16776.46485318815, '2025-05-26 01:00:00+00:00': 16790.15567095404, '2025-05-26 09:00:00+00:00': 16793.498771439605, '2025-05-26 16:00:00+00:00': 16824.58876346299, '2025-05-26 21:00:00+00:00': 16842.29368149578, '2025-05-27 02:00:00+00:00': 16865.3958712768, '2025-05-27 04:00:00+00:00': 16922.70410883662, '2025-05-27 15:00:00+00:00': 16960.84066464412, '2025-05-28 17:00:00+00:00': 17130.51903030923, '2025-05-28 20:00:00+00:00': 17115.306719643984, '2025-05-29 06:00:00+00:00': 17096.509047495867, '2025-05-29 18:00:00+00:00': 17102.750609673145, '2025-05-31 03:00:00+00:00': 16947.57859607733, '2025-05-31 04:00:00+00:00': 16784.407977181043, '2025-05-31 05:00:00+00:00': 17135.47940575247, '2025-05-31 06:00:00+00:00': 19148.048992231263, '2025-05-31 07:00:00+00:00': 18682.20084692423, '2025-05-31 08:00:00+00:00': 19541.982324411765, '2025-05-31 09:00:00+00:00': 19328.38584845947, '2025-05-31 14:00:00+00:00': 19743.371537911946, '2025-05-31 16:00:00+00:00': 19530.871537911946, '2025-05-31 23:00:00+00:00': 17229.822554199727, '2025-06-01 01:00:00+00:00': 19863.99368636257, '2025-06-01 07:00:00+00:00': 20011.976610375714, '2025-06-01 08:00:00+00:00': 20058.93737609645, '2025-06-01 09:00:00+00:00': 20016.81237609645, '2025-06-01 10:00:00+00:00': 19972.334764156152, '2025-06-01 14:00:00+00:00': 19442.889577795046, '2025-06-01 15:00:00+00:00': 19957.866400008887, '2025-06-01 18:00:00+00:00': 19930.274798721042, '2025-06-01 21:00:00+00:00': 19443.213727941722, '2025-06-02 00:00:00+00:00': 19559.241968475893, '2025-06-02 08:00:00+00:00': 19399.18889739775, '2025-06-02 09:00:00+00:00': 19362.114610538945, '2025-06-02 10:00:00+00:00': 19232.627431051766, '2025-06-02 11:00:00+00:00': 19157.858200282535, '2025-06-02 12:00:00+00:00': 18591.136115062236, '2025-06-02 14:00:00+00:00': 19079.030963929472, '2025-06-02 16:00:00+00:00': 19082.102362046193, '2025-06-02 19:00:00+00:00': 19062.757903953785, '2025-06-02 22:00:00+00:00': 18997.750830120174, '2025-06-03 00:00:00+00:00': 18389.414549375444, '2025-06-03 01:00:00+00:00': 18768.96551411714, '2025-06-03 02:00:00+00:00': 18886.817738679132, '2025-06-03 03:00:00+00:00': 18541.400251998417, '2025-06-03 07:00:00+00:00': 18391.40042975404, '2025-06-03 13:00:00+00:00': 19071.87242415625, '2025-06-03 14:00:00+00:00': 18731.19555031863, '2025-06-03 15:00:00+00:00': 18320.198167173894, '2025-06-03 20:00:00+00:00': 18827.741364403068, '2025-06-03 23:00:00+00:00': 18168.42263369193, '2025-06-04 01:00:00+00:00': 18709.967970319394, '2025-06-04 02:00:00+00:00': 18568.158724161316, '2025-06-04 03:00:00+00:00': 18393.31001685672, '2025-06-04 05:00:00+00:00': 18176.254444809892, '2025-06-04 09:00:00+00:00': 18168.08798418053, '2025-06-04 10:00:00+00:00': 17810.103330230286, '2025-06-04 14:00:00+00:00': 18278.222858531917, '2025-06-04 16:00:00+00:00': 17569.852318785972, '2025-06-04 18:00:00+00:00': 18161.59357627471, '2025-06-04 21:00:00+00:00': 18177.522244603122, '2025-06-04 22:00:00+00:00': 17545.763928230863, '2025-06-05 02:00:00+00:00': 18121.785506193122, '2025-06-05 03:00:00+00:00': 17955.780869951606, '2025-06-05 04:00:00+00:00': 17815.569684598555, '2025-06-05 05:00:00+00:00': 17621.833060738856, '2025-06-05 10:00:00+00:00': 17746.72718842448, '2025-06-05 13:00:00+00:00': 17552.464794005627, '2025-06-05 15:00:00+00:00': 17562.618597039273, '2025-06-05 16:00:00+00:00': 19864.80391219898, '2025-06-05 19:00:00+00:00': 19362.432665725075, '2025-06-05 20:00:00+00:00': 19370.139162595464, '2025-06-05 21:00:00+00:00': 19908.58355045822, '2025-06-05 22:00:00+00:00': 17623.533641418493, '2025-06-06 02:00:00+00:00': 19978.082714569606, '2025-06-06 04:00:00+00:00': 19699.708484709932, '2025-06-06 09:00:00+00:00': 19836.936881236274, '2025-06-06 10:00:00+00:00': 20124.193545345035, '2025-06-06 11:00:00+00:00': 19560.528994747096, '2025-06-06 14:00:00+00:00': 19711.861915285885, '2025-06-06 15:00:00+00:00': 20032.740672660504, '2025-06-06 21:00:00+00:00': 20003.464009310333, '2025-06-06 22:00:00+00:00': 20259.990975289227, '2025-06-06 23:00:00+00:00': 19013.572618454462, '2025-06-07 02:00:00+00:00': 18880.211962716756, '2025-06-07 05:00:00+00:00': 19725.952824376793, '2025-06-07 06:00:00+00:00': 19695.39385961196, '2025-06-07 11:00:00+00:00': 19399.534877100035, '2025-06-07 12:00:00+00:00': 19319.583284102035, '2025-06-07 14:00:00+00:00': 18997.394901174015, '2025-06-07 15:00:00+00:00': 19138.748788806417, '2025-06-07 16:00:00+00:00': 18850.37154104856, '2025-06-07 22:00:00+00:00': 18920.889584239718, '2025-06-07 23:00:00+00:00': 18979.612163763497, '2025-06-08 00:00:00+00:00': 19038.198036836417, '2025-06-08 03:00:00+00:00': 19109.239703503084, '2025-06-08 07:00:00+00:00': 18971.350258219347, '2025-06-08 12:00:00+00:00': 18856.23662185571, '2025-06-08 13:00:00+00:00': 18738.816047307784, '2025-06-08 15:00:00+00:00': 18624.406082621797, '2025-06-08 16:00:00+00:00': 18568.915734031674, '2025-06-08 17:00:00+00:00': 18517.54456551387, '2025-06-08 22:00:00+00:00': 18380.341428786465, '2025-06-08 23:00:00+00:00': 18473.61171143834, '2025-06-09 00:00:00+00:00': 18405.94180852572, '2025-06-09 01:00:00+00:00': 18389.92379569554, '2025-06-09 04:00:00+00:00': 18266.72073913129, '2025-06-09 08:00:00+00:00': 18257.41367399774, '2025-06-09 10:00:00+00:00': 17719.217049256033, '2025-06-09 12:00:00+00:00': 17591.94661202473, '2025-06-09 13:00:00+00:00': 18243.058835288062, '2025-06-09 18:00:00+00:00': 18509.88961425358, '2025-06-09 22:00:00+00:00': 17862.148901287597, '2025-06-09 23:00:00+00:00': 17999.134195405244, '2025-06-10 00:00:00+00:00': 18174.33620554799, '2025-06-10 01:00:00+00:00': 18166.211698229425, '2025-06-10 12:00:00+00:00': 17626.318575170004, '2025-06-10 13:00:00+00:00': 17866.64784043101, '2025-06-10 17:00:00+00:00': 17802.46091827978, '2025-06-10 19:00:00+00:00': 18111.216123105605, '2025-06-10 20:00:00+00:00': 17722.95503673875, '2025-06-10 23:00:00+00:00': 17889.148763849247, '2025-06-11 00:00:00+00:00': 17703.33319207551, '2025-06-11 13:00:00+00:00': 17654.89778696665, '2025-06-11 15:00:00+00:00': 17225.55557665363, '2025-06-11 17:00:00+00:00': 17335.133354431407, '2025-06-11 18:00:00+00:00': 17496.000124727943, '2025-06-11 20:00:00+00:00': 17711.816084459013, '2025-06-11 21:00:00+00:00': 17448.854894287095, '2025-06-12 00:00:00+00:00': 17436.839297214836, '2025-06-12 06:00:00+00:00': 17467.375472862153, '2025-06-12 08:00:00+00:00': 17590.2513438494, '2025-06-12 11:00:00+00:00': 18170.617997293015, '2025-06-12 12:00:00+00:00': 18032.840219515238, '2025-06-12 14:00:00+00:00': 17363.33335443141, '2025-06-12 16:00:00+00:00': 17492.644326056114, '2025-06-12 20:00:00+00:00': 18168.760790334698, '2025-06-12 21:00:00+00:00': 18695.810352460325, '2025-06-12 22:00:00+00:00': 18537.980682130656, '2025-06-13 01:00:00+00:00': 18726.82758553389, '2025-06-13 03:00:00+00:00': 18305.629259198573, '2025-06-13 16:00:00+00:00': 18174.587592531905, '2025-06-13 17:00:00+00:00': 18451.32317875423, '2025-06-14 00:00:00+00:00': 18321.835999267052, '2025-06-14 01:00:00+00:00': 18183.75028498134, '2025-06-14 02:00:00+00:00': 18246.287153935416, '2025-06-14 05:00:00+00:00': 18085.426548571206, '2025-06-14 07:00:00+00:00': 17661.14649593367, '2025-06-14 16:00:00+00:00': 17540.624001039585, '2025-06-14 17:00:00+00:00': 17774.810695307082, '2025-06-14 18:00:00+00:00': 18103.179822740953, '2025-06-15 01:00:00+00:00': 18120.115306611922, '2025-06-15 02:00:00+00:00': 18115.07854190604, '2025-06-15 03:00:00+00:00': 17938.603798755357, '2025-06-15 06:00:00+00:00': 17651.282443307333, '2025-06-15 08:00:00+00:00': 17519.302160791696, '2025-06-15 17:00:00+00:00': 17572.117013785184, '2025-06-15 18:00:00+00:00': 17778.1928667259, '2025-06-15 19:00:00+00:00': 17589.58744567588, '2025-06-15 21:00:00+00:00': 17026.590087207336, '2025-06-16 02:00:00+00:00': 17531.058033911173, '2025-06-16 03:00:00+00:00': 17389.134956988095, '2025-06-16 04:00:00+00:00': 17295.31916751441, '2025-06-16 06:00:00+00:00': 17043.758583320283, '2025-06-16 07:00:00+00:00': 17129.61023632193, '2025-06-16 08:00:00+00:00': 16775.061613623315, '2025-06-16 09:00:00+00:00': 17220.45642700197, '2025-06-16 11:00:00+00:00': 16907.940401502103, '2025-06-16 15:00:00+00:00': 16398.33820948587, '2025-06-16 17:00:00+00:00': 16290.686508372444, '2025-06-16 18:00:00+00:00': 17304.840087207336, '2025-06-16 20:00:00+00:00': 15740.719211038877, '2025-06-16 21:00:00+00:00': 16158.09035452629, '2025-06-16 23:00:00+00:00': 16752.90363234711, '2025-06-17 00:00:00+00:00': 16534.488998200766, '2025-06-17 02:00:00+00:00': 16366.015397060106, '2025-06-17 03:00:00+00:00': 16276.542653632336, '2025-06-17 06:00:00+00:00': 16261.363998200766, '2025-06-17 07:00:00+00:00': 16667.46534033139, '2025-06-17 08:00:00+00:00': 15875.249230432953, '2025-06-17 09:00:00+00:00': 16090.300807240985, '2025-06-17 13:00:00+00:00': 16898.669531054442, '2025-06-17 14:00:00+00:00': 16781.7890308477, '2025-06-17 15:00:00+00:00': 16603.780825329566, '2025-06-17 16:00:00+00:00': 16750.04067257798, '2025-06-17 17:00:00+00:00': 16577.437373146797, '2025-06-17 20:00:00+00:00': 15796.750458859162, '2025-06-17 22:00:00+00:00': 15389.646388484967, '2025-06-18 00:00:00+00:00': 16493.948089367797, '2025-06-18 04:00:00+00:00': 16193.666452507632, '2025-06-18 05:00:00+00:00': 15582.782204890907, '2025-06-18 13:00:00+00:00': 16445.332109988904, '2025-06-18 16:00:00+00:00': 16742.7862103561, '2025-06-18 18:00:00+00:00': 15932.185241467858, '2025-06-18 21:00:00+00:00': 15502.625253671431, '2025-06-18 23:00:00+00:00': 15366.616407694779, '2025-06-19 01:00:00+00:00': 15264.521813100184, '2025-06-19 05:00:00+00:00': 15209.76794656599, '2025-06-19 06:00:00+00:00': 15179.76794656599, '2025-06-19 07:00:00+00:00': 14624.715491220713, '2025-06-19 10:00:00+00:00': 15053.641820439863, '2025-06-19 17:00:00+00:00': 14936.443810447567, '2025-06-19 19:00:00+00:00': 14864.44997096411, '2025-06-19 22:00:00+00:00': 14756.415692283446, '2025-06-20 02:00:00+00:00': 14502.334538839761, '2025-06-20 06:00:00+00:00': 14457.702232147867, '2025-06-20 07:00:00+00:00': 13766.339921928327, '2025-06-20 08:00:00+00:00': 13776.988277474893, '2025-06-20 09:00:00+00:00': 13629.424692643735, '2025-06-20 15:00:00+00:00': 14253.393518293306, '2025-06-20 17:00:00+00:00': 14427.502441020828, '2025-06-20 18:00:00+00:00': 13952.690304823223, '2025-06-20 20:00:00+00:00': 14288.210499697116, '2025-06-21 08:00:00+00:00': 13726.846937819795, '2025-06-21 09:00:00+00:00': 13450.794293044184, '2025-06-21 10:00:00+00:00': 13862.082786876399, '2025-06-21 16:00:00+00:00': 14144.35697148989, '2025-06-21 17:00:00+00:00': 13593.96095971085, '2025-06-21 19:00:00+00:00': 13455.437150187041, '2025-06-21 20:00:00+00:00': 14459.32936283292, '2025-06-21 21:00:00+00:00': 13425.045469004514, '2025-06-21 22:00:00+00:00': 15310.365228547835, '2025-06-22 01:00:00+00:00': 15965.004559760899, '2025-06-22 03:00:00+00:00': 15909.119056923408, '2025-06-22 10:00:00+00:00': 16014.478735209, '2025-06-22 14:00:00+00:00': 16349.434900583637, '2025-06-22 15:00:00+00:00': 15012.626487911375, '2025-06-22 16:00:00+00:00': 16129.854423939918, '2025-06-22 23:00:00+00:00': 15945.32898176347, '2025-06-23 01:00:00+00:00': 15823.744657995298, '2025-06-23 03:00:00+00:00': 15927.473076865655, '2025-06-23 05:00:00+00:00': 15239.954064741796, '2025-06-23 09:00:00+00:00': 14774.72608237333, '2025-06-23 13:00:00+00:00': 15504.430627918528, '2025-06-23 17:00:00+00:00': 14887.04218530443, '2025-06-23 18:00:00+00:00': 14502.91177731725, '2025-06-23 19:00:00+00:00': 15061.226321361057, '2025-06-23 20:00:00+00:00': 14729.829070550331, '2025-06-23 22:00:00+00:00': 14668.341015161861, '2025-06-23 23:00:00+00:00': 14316.254431729014, '2025-06-24 00:00:00+00:00': 14903.00146613072, '2025-06-24 02:00:00+00:00': 13993.276653951236, '2025-06-24 03:00:00+00:00': 13825.36930067704, '2025-06-24 07:00:00+00:00': 14178.476653951237, '2025-06-24 09:00:00+00:00': 13421.635739103254, '2025-06-24 15:00:00+00:00': 13709.10841411082, '2025-06-24 17:00:00+00:00': 13229.969072436588, '2025-06-24 21:00:00+00:00': 13100.075445265495, '2025-06-25 02:00:00+00:00': 12925.886256076305, '2025-06-25 04:00:00+00:00': 13617.67177513929, '2025-06-25 07:00:00+00:00': 12791.957684647734, '2025-06-25 08:00:00+00:00': 12662.703029377366, '2025-06-25 14:00:00+00:00': 13024.931838418875, '2025-06-25 15:00:00+00:00': 12696.240150484355, '2025-06-25 16:00:00+00:00': 12530.716945777527, '2025-06-26 02:00:00+00:00': 12818.56820205524, '2025-06-26 10:00:00+00:00': 12418.115119434828, '2025-06-26 14:00:00+00:00': 12281.07793897412, '2025-06-26 16:00:00+00:00': 12156.114939545916, '2025-06-27 00:00:00+00:00': 11997.534192907435, '2025-06-30 21:00:00+00:00': 11852.11048952379, '2025-07-01 00:00:00+00:00': 12265.309950068598, '2025-07-01 04:00:00+00:00': 11855.937247943362, '2025-07-01 05:00:00+00:00': 11944.868690706957, '2025-07-01 07:00:00+00:00': 12237.44285467398, '2025-07-01 11:00:00+00:00': 12341.07840974789, '2025-07-01 13:00:00+00:00': 12340.640945903975, '2025-07-01 15:00:00+00:00': 12192.889917474382, '2025-07-01 18:00:00+00:00': 12230.141170515622, '2025-07-01 20:00:00+00:00': 11870.750321849828, '2025-07-01 21:00:00+00:00': 12020.50638509052, '2025-07-02 01:00:00+00:00': 12333.489998322364, '2025-07-02 03:00:00+00:00': 12243.035065326036, '2025-07-02 05:00:00+00:00': 12171.693727248932, '2025-07-02 06:00:00+00:00': 12438.200318875459, '2025-07-02 07:00:00+00:00': 12321.811917374844, '2025-07-02 08:00:00+00:00': 12405.693925658954, '2025-07-02 13:00:00+00:00': 12417.472517562084, '2025-07-02 14:00:00+00:00': 12390.901398864786, '2025-07-02 15:00:00+00:00': 12402.0359526274, '2025-07-02 17:00:00+00:00': 12546.787682107411, '2025-07-02 18:00:00+00:00': 12506.493567692416, '2025-07-02 19:00:00+00:00': 12518.384927648945, '2025-07-02 20:00:00+00:00': 12532.5476076945, '2025-07-02 21:00:00+00:00': 12588.512020716216, '2025-07-02 23:00:00+00:00': 12561.250980383827, '2025-07-03 03:00:00+00:00': 12564.21426390958, '2025-07-03 05:00:00+00:00': 12566.541432558595, '2025-07-03 07:00:00+00:00': 12566.617337371603, '2025-07-03 09:00:00+00:00': 12565.140989099033, '2025-07-03 10:00:00+00:00': 12555.158860494208, '2025-07-03 13:00:00+00:00': 12555.07938271563, '2025-07-03 14:00:00+00:00': 12570.25702263425, '2025-07-03 15:00:00+00:00': 12564.644188845212, '2025-07-03 16:00:00+00:00': 12616.112850689915, '2025-07-03 17:00:00+00:00': 12558.50845994535, '2025-07-03 18:00:00+00:00': 12616.768619883587, '2025-07-03 20:00:00+00:00': 12620.85956207475, '2025-07-04 01:00:00+00:00': 12557.0622517557, '2025-07-04 02:00:00+00:00': 12614.887411845535, '2025-07-04 08:00:00+00:00': 12729.853411767432, '2025-07-04 13:00:00+00:00': 12736.763428181377, '2025-07-04 17:00:00+00:00': 12582.484051978392, '2025-07-04 18:00:00+00:00': 12840.481517458335, '2025-07-04 19:00:00+00:00': 12841.362837775352, '2025-07-04 20:00:00+00:00': 12741.108193379616, '2025-07-04 22:00:00+00:00': 12851.86948696312, '2025-07-04 23:00:00+00:00': 12646.408364563256, '2025-07-05 00:00:00+00:00': 12844.007528231805, '2025-07-05 02:00:00+00:00': 12590.363538861036, '2025-07-05 18:00:00+00:00': 12849.0026124877, '2025-07-05 21:00:00+00:00': 12845.501682465128, '2025-07-06 00:00:00+00:00': 12823.36565001508, '2025-07-06 03:00:00+00:00': 12809.655947086374, '2025-07-06 05:00:00+00:00': 12805.554310039019, '2025-07-06 06:00:00+00:00': 12799.896754115287, '2025-07-06 13:00:00+00:00': 12