number,value,params_CONVERGENCE_THRESHOLD,params_FIXED_TRADE_PCT,params_MAX_HOLD_HOURS,params_MAX_POSITION_PCT,params_MIN_DIV,params_STOP_LOSS_PCT,params_TAKE_PROFIT_PCT,params_TRAIL_PCT,state,user_attrs_cooldown_trades_pct,user_attrs_equity_curves,user_attrs_total_trades
4,2.382941082854993,0.02,0.04,24,0.02,0.05,0.25,0.6,0.3,COMPLETE,2.6159334126040426,"[{'2025-05-01 00:00:00+00:00': 10000.0, '2025-05-01 02:00:00+00:00': 10065.185770652803, '2025-05-01 06:00:00+00:00': 10046.164942145148, '2025-05-01 07:00:00+00:00': 10065.712368663486, '2025-05-01 11:00:00+00:00': 10129.454525936198, '2025-05-01 13:00:00+00:00': 10072.931865627423, '2025-05-01 15:00:00+00:00': 10141.234688535571, '2025-05-01 16:00:00+00:00': 10170.976912765564, '2025-05-01 17:00:00+00:00': 10190.334906306989, '2025-05-02 10:00:00+00:00': 10121.20118553642, '2025-05-02 15:00:00+00:00': 10184.986613548106, '2025-05-02 16:00:00+00:00': 10171.547074610073, '2025-05-02 19:00:00+00:00': 10176.549162405681, '2025-05-02 20:00:00+00:00': 10192.255010394394, '2025-05-04 01:00:00+00:00': 10142.317594851409, '2025-05-04 13:00:00+00:00': 10140.363457495652, '2025-05-04 22:00:00+00:00': 10134.859006761631, '2025-05-05 00:00:00+00:00': 10106.694074871855, '2025-05-05 01:00:00+00:00': 10111.419585289046, '2025-05-05 10:00:00+00:00': 10123.438891362524, '2025-05-05 12:00:00+00:00': 10126.06701415411, '2025-05-05 17:00:00+00:00': 10081.060297708824, '2025-05-05 19:00:00+00:00': 10152.61494065814, '2025-05-06 13:00:00+00:00': 10147.667367267883, '2025-05-06 18:00:00+00:00': 10160.456272911335, '2025-05-07 00:00:00+00:00': 10603.831105717869, '2025-05-07 01:00:00+00:00': 10421.472147473667, '2025-05-07 02:00:00+00:00': 10767.886348257398, '2025-05-07 04:00:00+00:00': 10807.179795201882, '2025-05-07 17:00:00+00:00': 10863.953207081295, '2025-05-07 18:00:00+00:00': 10876.288059254863, '2025-05-07 20:00:00+00:00': 10957.725307104743, '2025-05-07 23:00:00+00:00': 10960.039610056787, '2025-05-08 04:00:00+00:00': 11032.677772023957, '2025-05-08 11:00:00+00:00': 10953.005666346784, '2025-05-08 16:00:00+00:00': 11317.207298204119, '2025-05-08 17:00:00+00:00': 11317.97915345439, '2025-05-08 21:00:00+00:00': 11459.102096780021, '2025-05-08 22:00:00+00:00': 11359.450742797697, '2025-05-09 03:00:00+00:00': 11506.476826114163, '2025-05-09 08:00:00+00:00': 11477.34289783874, '2025-05-09 09:00:00+00:00': 11644.731630274679, '2025-05-09 14:00:00+00:00': 11652.065572548367, '2025-05-09 18:00:00+00:00': 11644.384305408608, '2025-05-09 19:00:00+00:00': 11654.794417845998, '2025-05-09 21:00:00+00:00': 11656.4678883884, '2025-05-10 07:00:00+00:00': 11677.308226145375, '2025-05-10 08:00:00+00:00': 11676.577104419433, '2025-05-10 22:00:00+00:00': 11673.39529982748, '2025-05-11 00:00:00+00:00': 11766.427679633118, '2025-05-11 01:00:00+00:00': 11725.841437725143, '2025-05-11 13:00:00+00:00': 11776.417588821092, '2025-05-12 12:00:00+00:00': 11776.268945086158, '2025-05-12 16:00:00+00:00': 11825.838851819415, '2025-05-12 19:00:00+00:00': 11835.131844902895, '2025-05-12 21:00:00+00:00': 11872.265210343738, '2025-05-13 06:00:00+00:00': 11878.207201380264, '2025-05-14 08:00:00+00:00': 11847.003321238515, '2025-05-15 01:00:00+00:00': 11843.33576148475, '2025-05-16 03:00:00+00:00': 11918.078362021202, '2025-05-16 07:00:00+00:00': 11979.869225852955, '2025-05-16 11:00:00+00:00': 12004.776375539761, '2025-05-16 17:00:00+00:00': 12024.30715757741, '2025-05-17 05:00:00+00:00': 12033.804112200618, '2025-05-17 18:00:00+00:00': 12044.14740614405, '2025-05-18 15:00:00+00:00': 12212.276900541952, '2025-05-18 17:00:00+00:00': 12305.875117045445, '2025-05-19 00:00:00+00:00': 12509.18121199799, '2025-05-19 04:00:00+00:00': 12537.361519370977, '2025-05-19 08:00:00+00:00': 12565.644630020573, '2025-05-19 16:00:00+00:00': 12676.43010087342, '2025-05-19 17:00:00+00:00': 12815.599631823638, '2025-05-19 18:00:00+00:00': 12819.00300458535, '2025-05-19 20:00:00+00:00': 12874.237672299587, '2025-05-20 05:00:00+00:00': 12919.088222891936, '2025-05-20 06:00:00+00:00': 12863.597977783145, '2025-05-20 08:00:00+00:00': 12956.29160035857, '2025-05-20 14:00:00+00:00': 12973.120511968853, '2025-05-20 16:00:00+00:00': 13002.600705813009, '2025-05-20 18:00:00+00:00': 13217.76407696813, '2025-05-20 20:00:00+00:00': 13096.808026352095, '2025-05-21 05:00:00+00:00': 13528.574887778941, '2025-05-21 07:00:00+00:00': 13522.821341557565, '2025-05-21 08:00:00+00:00': 13522.321796475488, '2025-05-21 15:00:00+00:00': 13808.836302668882, '2025-05-21 18:00:00+00:00': 13714.532078739707, '2025-05-21 21:00:00+00:00': 13770.37285332727, '2025-05-22 00:00:00+00:00': 13824.56973568021, '2025-05-22 04:00:00+00:00': 13947.100823743021, '2025-05-22 09:00:00+00:00': 13977.515212800492, '2025-05-22 16:00:00+00:00': 13990.147842608665, '2025-05-23 00:00:00+00:00': 13987.028524742627, '2025-05-23 07:00:00+00:00': 13995.272053278526, '2025-05-23 19:00:00+00:00': 14144.791010817406, '2025-05-24 00:00:00+00:00': 14158.487898371468, '2025-05-24 08:00:00+00:00': 14170.976212516418, '2025-05-24 16:00:00+00:00': 14169.409062138833, '2025-05-24 23:00:00+00:00': 14170.775275941527, '2025-05-25 23:00:00+00:00': 14398.122214717037, '2025-05-26 09:00:00+00:00': 14400.033428657342, '2025-05-26 16:00:00+00:00': 14417.806057241241, '2025-05-26 21:00:00+00:00': 14428.702736128556, '2025-05-27 02:00:00+00:00': 14445.585843135017, '2025-05-27 15:00:00+00:00': 14441.534370763382, '2025-05-28 17:00:00+00:00': 14537.850978262508, '2025-05-28 20:00:00+00:00': 14529.24433865067, '2025-05-29 06:00:00+00:00': 14518.606065121146, '2025-05-29 18:00:00+00:00': 14522.139682509785, '2025-05-31 03:00:00+00:00': 15776.728255553091, '2025-05-31 04:00:00+00:00': 15946.644695542202, '2025-05-31 05:00:00+00:00': 16065.09675997173, '2025-05-31 06:00:00+00:00': 16463.942783361366, '2025-05-31 07:00:00+00:00': 16249.110245253643, '2025-05-31 08:00:00+00:00': 16786.76538146393, '2025-05-31 11:00:00+00:00': 16010.753401003252, '2025-05-31 23:00:00+00:00': 14643.665044773354, '2025-06-01 00:00:00+00:00': 14679.355652493403, '2025-06-01 07:00:00+00:00': 17195.548518067233, '2025-06-01 08:00:00+00:00': 17178.460760950777, '2025-06-01 09:00:00+00:00': 17142.269090978083, '2025-06-01 12:00:00+00:00': 17145.182063580596, '2025-06-01 14:00:00+00:00': 16578.217208862705, '2025-06-01 18:00:00+00:00': 17112.089850262088, '2025-06-01 23:00:00+00:00': 16741.869199927438, '2025-06-02 00:00:00+00:00': 16876.259934004993, '2025-06-02 01:00:00+00:00': 16866.450673489624, '2025-06-02 08:00:00+00:00': 16829.445382369257, '2025-06-02 09:00:00+00:00': 16715.989203699486, '2025-06-02 10:00:00+00:00': 16605.650160558416, '2025-06-02 11:00:00+00:00': 16586.49835263084, '2025-06-02 12:00:00+00:00': 16345.851844104112, '2025-06-02 14:00:00+00:00': 16530.494384125843, '2025-06-02 17:00:00+00:00': 16531.89687802346, '2025-06-02 19:00:00+00:00': 16518.920110712672, '2025-06-03 00:00:00+00:00': 15923.565389946105, '2025-06-03 01:00:00+00:00': 16248.765712040899, '2025-06-03 02:00:00+00:00': 16000.811521187086, '2025-06-03 03:00:00+00:00': 16301.834981931392, '2025-06-03 07:00:00+00:00': 15962.936852508965, '2025-06-03 13:00:00+00:00': 16336.04877626093, '2025-06-03 15:00:00+00:00': 15918.244741301154, '2025-06-03 16:00:00+00:00': 16293.394720183867, '2025-06-03 18:00:00+00:00': 16369.322752407354, '2025-06-03 20:00:00+00:00': 16326.449674872885, '2025-06-03 23:00:00+00:00': 15876.708716753763, '2025-06-04 01:00:00+00:00': 16217.493597195064, '2025-06-04 02:00:00+00:00': 15984.664782757452, '2025-06-04 04:00:00+00:00': 15966.623425718473, '2025-06-04 05:00:00+00:00': 15831.420459673034, '2025-06-04 09:00:00+00:00': 15697.464127558218, '2025-06-04 14:00:00+00:00': 15921.947048406037, '2025-06-04 16:00:00+00:00': 15433.863727370952, '2025-06-04 18:00:00+00:00': 15913.935379800787, '2025-06-04 19:00:00+00:00': 15871.508390290825, '2025-06-04 21:00:00+00:00': 15883.218245102744, '2025-06-05 02:00:00+00:00': 15792.799476366934, '2025-06-05 03:00:00+00:00': 15573.9253004597, '2025-06-05 05:00:00+00:00': 15999.617591147724, '2025-06-05 10:00:00+00:00': 15502.220415923188, '2025-06-05 13:00:00+00:00': 15497.088483616702, '2025-06-05 15:00:00+00:00': 15428.646782826489, '2025-06-05 16:00:00+00:00': 16441.145197757578, '2025-06-05 17:00:00+00:00': 15452.560290767628, '2025-06-05 18:00:00+00:00': 15509.345716060598, '2025-06-05 19:00:00+00:00': 16187.283079638883, '2025-06-05 20:00:00+00:00': 16192.902719894577, '2025-06-05 21:00:00+00:00': 16875.419598010132, '2025-06-05 22:00:00+00:00': 15431.21638413585, '2025-06-06 02:00:00+00:00': 16465.59657860806, '2025-06-06 04:00:00+00:00': 17159.84818395897, '2025-06-06 05:00:00+00:00': 16942.091283708025, '2025-06-06 06:00:00+00:00': 16898.27886237037, '2025-06-06 10:00:00+00:00': 17074.29905750082, '2025-06-06 11:00:00+00:00': 16989.952353121524, '2025-06-06 15:00:00+00:00': 16893.616337821055, '2025-06-06 21:00:00+00:00': 16947.389751388604, '2025-06-06 22:00:00+00:00': 17270.540755406913, '2025-06-06 23:00:00+00:00': 17192.616781116343, '2025-06-07 06:00:00+00:00': 17003.38720369055, '2025-06-07 08:00:00+00:00': 16870.16257847667, '2025-06-07 11:00:00+00:00': 16805.373739573184, '2025-06-07 12:00:00+00:00': 16745.87123469492, '2025-06-07 16:00:00+00:00': 16559.47730431333, '2025-06-07 22:00:00+00:00': 16611.11740118924, '2025-06-07 23:00:00+00:00': 16700.40695297018, '2025-06-08 00:00:00+00:00': 16645.469525103625, '2025-06-08 07:00:00+00:00': 16577.644001426535, '2025-06-08 09:00:00+00:00': 16547.43932090851, '2025-06-08 12:00:00+00:00': 16475.559665678196, '2025-06-08 13:00:00+00:00': 16387.258990072576, '2025-06-08 17:00:00+00:00': 16198.530638267968, '2025-06-08 22:00:00+00:00': 16008.358381886617, '2025-06-08 23:00:00+00:00': 16165.308516851599, '2025-06-09 00:00:00+00:00': 16018.799511412379, '2025-06-09 01:00:00+00:00': 16013.039680269148, '2025-06-09 08:00:00+00:00': 15940.62039861315, '2025-06-09 10:00:00+00:00': 15918.004954307757, '2025-06-09 12:00:00+00:00': 15540.627004563694, '2025-06-09 13:00:00+00:00': 15642.238047925883, '2025-06-09 18:00:00+00:00': 16201.6506918958, '2025-06-09 22:00:00+00:00': 15705.3295655192, '2025-06-09 23:00:00+00:00': 15591.922250831463, '2025-06-10 00:00:00+00:00': 15856.688861345792, '2025-06-10 12:00:00+00:00': 15663.413481331027, '2025-06-10 14:00:00+00:00': 15807.06550258821, '2025-06-10 19:00:00+00:00': 15723.369544843408, '2025-06-10 20:00:00+00:00': 15757.29061900397, '2025-06-10 23:00:00+00:00': 15926.243670010272, '2025-06-11 00:00:00+00:00': 15600.069418691626, '2025-06-11 05:00:00+00:00': 15703.445506318325, '2025-06-11 13:00:00+00:00': 15785.19003255307, '2025-06-11 16:00:00+00:00': 15343.989544817436, '2025-06-11 17:00:00+00:00': 15445.113328108797, '2025-06-11 20:00:00+00:00': 15606.098239954057, '2025-06-11 21:00:00+00:00': 15519.237094873248, '2025-06-11 23:00:00+00:00': 15470.994170040025, '2025-06-12 00:00:00+00:00': 15592.288287687084, '2025-06-12 01:00:00+00:00': 15418.516786028547, '2025-06-12 11:00:00+00:00': 15413.853429612323, '2025-06-12 13:00:00+00:00': 15484.87422059757, '2025-06-12 14:00:00+00:00': 15355.560973388865, '2025-06-12 17:00:00+00:00': 15531.957834880926, '2025-06-12 20:00:00+00:00': 15231.726107578834, '2025-06-12 21:00:00+00:00': 15522.334951320088, '2025-06-13 01:00:00+00:00': 16648.788351261395, '2025-06-13 03:00:00+00:00': 16628.386866780962, '2025-06-13 08:00:00+00:00': 16468.59553372108, '2025-06-13 10:00:00+00:00': 16570.672581066676, '2025-06-13 14:00:00+00:00': 16569.044761517805, '2025-06-13 16:00:00+00:00': 16537.14305957218, '2025-06-13 22:00:00+00:00': 16760.2834181379, '2025-06-14 02:00:00+00:00': 16430.606570929485, '2025-06-14 05:00:00+00:00': 16370.627454797746, '2025-06-14 09:00:00+00:00': 16287.350941518842, '2025-06-14 11:00:00+00:00': 16059.349377131251, '2025-06-14 15:00:00+00:00': 16191.182569939454, '2025-06-14 17:00:00+00:00': 15647.417517149486, '2025-06-14 23:00:00+00:00': 16041.474006637158, '2025-06-15 03:00:00+00:00': 15977.616870597762, '2025-06-15 06:00:00+00:00': 15616.18580189471, '2025-06-15 10:00:00+00:00': 15615.200173864898, '2025-06-15 12:00:00+00:00': 15554.838729389176, '2025-06-15 16:00:00+00:00': 15538.695872246319, '2025-06-15 18:00:00+00:00': 15768.786854597238, '2025-06-16 00:00:00+00:00': 15739.699339004957, '2025-06-16 03:00:00+00:00': 15294.084885815306, '2025-06-16 04:00:00+00:00': 15662.195773377647, '2025-06-16 05:00:00+00:00': 15480.994570564402, '2025-06-16 06:00:00+00:00': 15229.59977943458, '2025-06-16 07:00:00+00:00': 15553.659193850408, '2025-06-16 08:00:00+00:00': 15319.158723061877, '2025-06-16 09:00:00+00:00': 15345.583782144864, '2025-06-16 10:00:00+00:00': 15167.908723061877, '2025-06-16 13:00:00+00:00': 15426.329372503722, '2025-06-16 14:00:00+00:00': 15005.63599578915, '2025-06-16 15:00:00+00:00': 14921.147106500572, '2025-06-16 17:00:00+00:00': 14816.280049528534, '2025-06-16 19:00:00+00:00': 14705.306245652126, '2025-06-16 20:00:00+00:00': 15090.77837731421, '2025-06-16 23:00:00+00:00': 14773.7232702591, '2025-06-17 00:00:00+00:00': 14816.270255319163, '2025-06-17 04:00:00+00:00': 14572.148816650766, '2025-06-17 05:00:00+00:00': 15023.514525489556, '2025-06-17 08:00:00+00:00': 14810.489384742392, '2025-06-17 10:00:00+00:00': 15114.236655940258, '2025-06-17 11:00:00+00:00': 14474.655164127063, '2025-06-17 13:00:00+00:00': 14933.487901236707, '2025-06-17 15:00:00+00:00': 14965.113848922714, '2025-06-17 16:00:00+00:00': 14616.333258509994, '2025-06-17 17:00:00+00:00': 14262.048535860427, '2025-06-17 18:00:00+00:00': 14560.136771154544, '2025-06-17 20:00:00+00:00': 14024.720842436394, '2025-06-18 04:00:00+00:00': 14417.987892202234, '2025-06-18 05:00:00+00:00': 13694.387567049625, '2025-06-18 09:00:00+00:00': 14514.778393029592, '2025-06-18 11:00:00+00:00': 14397.77050228504, '2025-06-18 14:00:00+00:00': 14136.073344847231, '2025-06-18 16:00:00+00:00': 14416.542380578718, '2025-06-18 17:00:00+00:00': 14495.86359190907, '2025-06-18 18:00:00+00:00': 14270.08862379506, '2025-06-18 19:00:00+00:00': 13170.39095968209, '2025-06-18 21:00:00+00:00': 13879.649131058968, '2025-06-19 01:00:00+00:00': 13624.703986659637, '2025-06-19 02:00:00+00:00': 13371.687767155914, '2025-06-19 05:00:00+00:00': 13665.277631658848, '2025-06-19 07:00:00+00:00': 13300.518705927501, '2025-06-19 10:00:00+00:00': 13454.434086666262, '2025-06-19 17:00:00+00:00': 13260.681666373748, '2025-06-19 19:00:00+00:00': 13098.806278205362, '2025-06-19 20:00:00+00:00': 13135.504708170241, '2025-06-19 21:00:00+00:00': 12899.708839338293, '2025-06-19 22:00:00+00:00': 13076.465370856742, '2025-06-20 02:00:00+00:00': 12650.185758678119, '2025-06-20 05:00:00+00:00': 12056.03268936966, '2025-06-20 06:00:00+00:00': 12903.925417499991, '2025-06-20 08:00:00+00:00': 12121.89182973652, '2025-06-20 09:00:00+00:00': 12101.791650441186, '2025-06-20 15:00:00+00:00': 12453.83832373905, '2025-06-20 17:00:00+00:00': 12324.668232456152, '2025-06-20 18:00:00+00:00': 12490.091771600786, '2025-06-21 09:00:00+00:00': 11938.68485030229, '2025-06-21 10:00:00+00:00': 12325.537085587997, '2025-06-21 16:00:00+00:00': 12399.197425818033, '2025-06-21 17:00:00+00:00': 12074.048395111184, '2025-06-21 19:00:00+00:00': 11943.960331971626, '2025-06-21 20:00:00+00:00': 12907.72110022423, '2025-06-21 22:00:00+00:00': 13387.578605979315, '2025-06-21 23:00:00+00:00': 12799.480012236078, '2025-06-22 01:00:00+00:00': 13871.121812213465, '2025-06-22 10:00:00+00:00': 14146.45741798472, '2025-06-22 14:00:00+00:00': 14493.747070514279, '2025-06-22 15:00:00+00:00': 14447.547646728979, '2025-06-22 16:00:00+00:00': 14004.493080048005, '2025-06-22 20:00:00+00:00': 14514.056069349046, '2025-06-22 23:00:00+00:00': 14131.170391823913, '2025-06-23 01:00:00+00:00': 14290.707170475449, '2025-06-23 02:00:00+00:00': 13761.839565237533, '2025-06-23 05:00:00+00:00': 13887.17306202209, '2025-06-23 06:00:00+00:00': 14021.394492755251, '2025-06-23 09:00:00+00:00': 13353.808137913222, '2025-06-23 13:00:00+00:00': 13285.604633476925, '2025-06-23 14:00:00+00:00': 13584.497793085635, '2025-06-23 18:00:00+00:00': 13049.38145553055, '2025-06-23 19:00:00+00:00': 13130.688488360482, '2025-06-23 22:00:00+00:00': 12737.81227465349, '2025-06-23 23:00:00+00:00': 12496.797461995291, '2025-06-24 00:00:00+00:00': 13013.902289376625, '2025-06-24 02:00:00+00:00': 11927.77151963636, '2025-06-24 03:00:00+00:00': 12105.783262466168, '2025-06-24 04:00:00+00:00': 12852.376865647811, '2025-06-24 09:00:00+00:00': 11742.694409855421, '2025-06-24 14:00:00+00:00': 11677.286977049032, '2025-06-24 15:00:00+00:00': 12409.270733482308, '2025-06-24 16:00:00+00:00': 12235.567029778604, '2025-06-24 17:00:00+00:00': 11382.166978911408, '2025-06-24 21:00:00+00:00': 11538.699548957467, '2025-06-25 02:00:00+00:00': 11220.232260316161, '2025-06-25 05:00:00+00:00': 11637.923278399132, '2025-06-25 07:00:00+00:00': 11089.250001804856, '2025-06-25 08:00:00+00:00': 10989.741510450034, '2025-06-25 14:00:00+00:00': 11189.963834066051, '2025-06-25 16:00:00+00:00': 11014.78674796376, '2025-06-26 01:00:00+00:00': 10872.74726736996, '2025-06-26 06:00:00+00:00': 10819.746236404248, '2025-06-26 10:00:00+00:00': 10763.127802826522, '2025-06-26 14:00:00+00:00': 10657.315147284295, '2025-06-26 16:00:00+00:00': 10560.033072324573, '2025-06-27 00:00:00+00:00': 10435.634210736545, '2025-06-30 21:00:00+00:00': 10337.70061187579, '2025-07-01 00:00:00+00:00': 10649.103485962594, '2025-07-01 04:00:00+00:00': 10340.251784155505, '2025-07-01 06:00:00+00:00': 10600.587657218699, '2025-07-01 07:00:00+00:00': 10630.06719718412, '2025-07-01 11:00:00+00:00': 10636.492691134068, '2025-07-01 13:00:00+00:00': 10636.197521011956, '2025-07-01 18:00:00+00:00': 10625.172837745977, '2025-07-01 19:00:00+00:00': 10524.139342762519, '2025-07-01 20:00:00+00:00': 10350.127166759816, '2025-07-01 21:00:00+00:00': 10390.76976150285, '2025-07-02 03:00:00+00:00': 10633.994748077053, '2025-07-02 05:00:00+00:00': 10561.966941566883, '2025-07-02 07:00:00+00:00': 10570.724854204625, '2025-07-02 08:00:00+00:00': 10710.822782876165, '2025-07-02 13:00:00+00:00': 10729.487805762197, '2025-07-02 14:00:00+00:00': 10718.868522050632, '2025-07-02 15:00:00+00:00': 10718.94754674962, '2025-07-02 17:00:00+00:00': 10781.591269652296, '2025-07-02 18:00:00+00:00': 10754.30681640402, '2025-07-02 19:00:00+00:00': 10772.365662450251, '2025-07-02 20:00:00+00:00': 10733.618891952057, '2025-07-02 21:00:00+00:00': 10810.781884757342, '2025-07-02 23:00:00+00:00': 10794.457879449265, '2025-07-03 03:00:00+00:00': 10796.446776943347, '2025-07-03 05:00:00+00:00': 10798.00503757708, '2025-07-03 07:00:00+00:00': 10798.08402229935, '2025-07-03 09:00:00+00:00': 10797.095277951963, '2025-07-03 10:00:00+00:00': 10790.351401218606, '2025-07-03 13:00:00+00:00': 10790.29819257533, '2025-07-03 14:00:00+00:00': 10800.56438955527, '2025-07-03 15:00:00+00:00': 10796.762954303473, '2025-07-03 16:00:00+00:00': 10977.792061763319, '2025-07-03 17:00:00+00:00': 10792.59387914543, '2025-07-03 18:00:00+00:00': 10978.202051613958, '2025-07-03 20:00:00+00:00': 10980.97000938288, '2025-07-04 01:00:00+00:00': 10791.64708194363, '2025-07-04 02:00:00+00:00': 10976.971492684524, '2025-07-04 08:00:00+00:00': 11054.21235451867, '2025-07-04 13:00:00+00:00': 11058.815025383175, '2025-07-04 17:00:00+00:00': 10954.00724541787, '2025-07-04 18:00:00+00:00': 11114.216758044471, '2025-07-04 20:00:00+00:00': 11061.744527433802, '2025-07-04 22:00:00+00:00': 11121.909780353355, '2025-07-04 23:00:00+00:00': 10996.937216458255, '2025-07-05 00:00:00+00:00': 11102.68765777154, '2025-07-05 02:00:00+00:00': 10959.231854579077, '2025-07-05 18:00:00+00:00': 11119.963053625948, '2025-07-05 21:00:00+00:00': 11117.576623808598, '2025-07-06 00:00:00+00:00': 11103.690795814622, '2025-07-06 03:00:00+00:00': 11093.474290629847, '2025-07-06 05:00:00+00:00': 11090.678391138767, '2025-07-06 06:00:00+00:00': 11086.838116756011, '2025-07-06 13:00:00+00:00': 11088.939816627473, '2025-07-06 19:00:00+00:00': 11058.047230322201, '2025-07-06 20:00:00+00:00': 11085.82215431972, '2025-07-06 21:00:00+00:00': 11037.414620996833, '2025-07-06 22:00:00+00:00': 11095.625933868669, '2025-07-07 01:00:00+00:00': 11029.13594642868, '2025-07-07 04:00:00+00:00': 11076.13786396563, '2025-07-07 07:00:00+00:00': 11024.198491623158, '2025-07-07 11:00:00+00:00': 11019.640384775577, '2025-07-07 13:00:00+00:00': 11064.70590257136, '2025-07-07 14:00:00+00:00': 11034.124789200298, '2025-07-07 17:00:00+00:00': 11124.260388429157, '2025-07-07 18:00:00+00:00': 11127.807292523594, '2025-07-07 23:00:00+00:00': 11027.993417034579, '2025-07-08 02:00:00+00:00': 11050.464184742421, '2025-07-08 03:00:00+00:00': 11135.369946777522, '2025-07-08 05:00:00+00:00': 11024.81746054644, '2025-07-08 10:00:00+00:00': 11156.971281980468, '2025-07-08 14:00:00+00:00': 11152.420316751297, '2025-07-08 16:00:00+00:00': 11209.145328574636, '2025-07-08 17:00:00+00:00': 11154.554186815989, '2025-07-08 18:00:00+00:00': 11233.082583444291, '2025-07-08 21:00:00+00:00': 11228.69590572745, '2025-07-09 03:00:00+00:00': 11106.827847691584, '2025-07-09 04:00:00+00:00': 11068.171758485443, '2025-07-09 05:00:00+00:00': 11224.294828332391, '2025-07-09 06:00:00+00:00': 11152.687909760336, '2025-07-09 10:00:00+00:00': 11101.91744449893, '2025-07-09 12:00:00+00:00': 11061.305502610981, '2025-07-09 13:00:00+00:00': 11108.45710710075, '2025-07-09 14:00:00+00:00': 11217.29367739719, '2025-07-09 15:00:00+00:00': 11084.119303926038, '2025-07-09 16:00:00+00:00': 11208.89695508291, '2025-07-09 19:00:00+00:00': 11033.387472251217, '2025-07-09 20:00:00+00:00': 11022.7745094491, '2025-07-09 21:00:00+00:00': 11120.415721917132, '2025-07-10 01:00:00+00:00': 11122.198164408768, '2025-07-10 03:00:00+00:00': 11116.034342369892, '2025-07-10 06:00:00+00:00': 11106.01817914629, '2025-07-10 07:00:00+00:00': 11082.399220941916, '2025-07-10 08:00:00+00:00': 11108.958452529088, '2025-07-10 10:00:00+00:00': 11114.172267227337, '2025-07-10 14:00:00+00:00': 11109.4486872661