number,value,params_CONVERGENCE_THRESHOLD,params_FIXED_TRADE_PCT,params_MAX_HOLD_HOURS,params_MAX_POSITION_PCT,params_MIN_DIV,params_STOP_LOSS_PCT,params_TAKE_PROFIT_PCT,params_TRAIL_PCT,state,user_attrs_cooldown_trades_pct,user_attrs_equity_curves,user_attrs_total_trades
43,39.643549985934534,0.02,0.06,72,0.01,0.05,0.3,0.7,0.5,COMPLETE,2.360876897133221,"[{'2025-05-01 00:00:00+00:00': 10000.0, '2025-05-01 02:00:00+00:00': 10096.82250483897, '2025-05-01 06:00:00+00:00': 10068.855305259847, '2025-05-01 07:00:00+00:00': 10097.614884646919, '2025-05-01 11:00:00+00:00': 10216.741514577245, '2025-05-01 13:00:00+00:00': 10108.478452569294, '2025-05-01 15:00:00+00:00': 10233.46344078313, '2025-05-01 16:00:00+00:00': 10277.393333736289, '2025-05-01 17:00:00+00:00': 10304.579103606957, '2025-05-02 01:00:00+00:00': 10298.11406285564, '2025-05-02 13:00:00+00:00': 10204.565182054264, '2025-05-02 15:00:00+00:00': 10296.731177339456, '2025-05-02 16:00:00+00:00': 10276.707628434619, '2025-05-02 19:00:00+00:00': 10283.936143403931, '2025-05-02 20:00:00+00:00': 10307.743516888246, '2025-05-03 10:00:00+00:00': 10274.934241816869, '2025-05-04 01:00:00+00:00': 10239.0884730979, '2025-05-04 22:00:00+00:00': 10235.622771512724, '2025-05-05 00:00:00+00:00': 10181.312037952663, '2025-05-05 02:00:00+00:00': 10206.265930173458, '2025-05-05 03:00:00+00:00': 10204.374040529965, '2025-05-05 10:00:00+00:00': 10206.50502317547, '2025-05-05 12:00:00+00:00': 10210.461736804373, '2025-05-05 19:00:00+00:00': 10250.43564538008, '2025-05-06 03:00:00+00:00': 10142.801387166282, '2025-05-06 13:00:00+00:00': 10424.895389180512, '2025-05-06 16:00:00+00:00': 10496.535430411386, '2025-05-06 17:00:00+00:00': 10494.574106352076, '2025-05-06 20:00:00+00:00': 10515.292225925778, '2025-05-07 00:00:00+00:00': 10693.644077190072, '2025-05-07 01:00:00+00:00': 10872.903211033843, '2025-05-07 02:00:00+00:00': 11042.609093386784, '2025-05-07 04:00:00+00:00': 11103.05301346167, '2025-05-07 17:00:00+00:00': 11303.824420013994, '2025-05-08 16:00:00+00:00': 11822.408216529533, '2025-05-08 17:00:00+00:00': 11874.894767129997, '2025-05-08 21:00:00+00:00': 12005.182981463438, '2025-05-08 22:00:00+00:00': 12063.364799645256, '2025-05-09 00:00:00+00:00': 12002.36229959753, '2025-05-09 03:00:00+00:00': 12137.4495530125, '2025-05-09 08:00:00+00:00': 12091.860990019908, '2025-05-09 09:00:00+00:00': 12356.054747317368, '2025-05-09 14:00:00+00:00': 12355.392469803239, '2025-05-09 18:00:00+00:00': 12343.829026666897, '2025-05-09 19:00:00+00:00': 12349.118906134254, '2025-05-10 07:00:00+00:00': 12407.208370106806, '2025-05-10 22:00:00+00:00': 12400.972109417768, '2025-05-11 00:00:00+00:00': 12479.418012473987, '2025-05-11 01:00:00+00:00': 12536.02515533113, '2025-05-11 13:00:00+00:00': 12551.990122306197, '2025-05-12 12:00:00+00:00': 12551.75247261198, '2025-05-12 16:00:00+00:00': 12622.097300198186, '2025-05-12 19:00:00+00:00': 12636.97536479633, '2025-05-12 21:00:00+00:00': 12696.449153990745, '2025-05-13 06:00:00+00:00': 12705.980888550086, '2025-05-14 08:00:00+00:00': 12655.913243912146, '2025-05-15 01:00:00+00:00': 12650.036274420128, '2025-05-16 03:00:00+00:00': 12767.644970072302, '2025-05-16 07:00:00+00:00': 12865.313199650767, '2025-05-16 11:00:00+00:00': 12905.113473740153, '2025-05-16 17:00:00+00:00': 12936.606808210796, '2025-05-17 05:00:00+00:00': 12951.933059390072, '2025-05-18 16:00:00+00:00': 13291.873341273302, '2025-05-18 17:00:00+00:00': 13383.59340817315, '2025-05-19 00:00:00+00:00': 13602.647462227204, '2025-05-19 01:00:00+00:00': 13393.108635390949, '2025-05-19 04:00:00+00:00': 13648.612915130423, '2025-05-19 08:00:00+00:00': 13692.097763615271, '2025-05-19 17:00:00+00:00': 14138.667862006405, '2025-05-19 20:00:00+00:00': 14225.757553974552, '2025-05-20 02:00:00+00:00': 14262.500673240607, '2025-05-20 05:00:00+00:00': 14285.409764149697, '2025-05-20 08:00:00+00:00': 14347.116768841344, '2025-05-20 14:00:00+00:00': 14375.069947969994, '2025-05-20 16:00:00+00:00': 14424.06893570758, '2025-05-20 18:00:00+00:00': 14574.211792850438, '2025-05-20 20:00:00+00:00': 14696.368655595536, '2025-05-21 05:00:00+00:00': 15007.179466406347, '2025-05-21 07:00:00+00:00': 14997.850166380325, '2025-05-21 08:00:00+00:00': 14997.056515586675, '2025-05-21 15:00:00+00:00': 15308.382081273943, '2025-05-21 18:00:00+00:00': 15291.278709749271, '2025-05-21 21:00:00+00:00': 15358.278709749271, '2025-05-22 00:00:00+00:00': 15477.24570704474, '2025-05-22 01:00:00+00:00': 15423.0488246918, '2025-05-22 04:00:00+00:00': 15599.907029960828, '2025-05-22 07:00:00+00:00': 15599.95127774844, '2025-05-22 09:00:00+00:00': 15638.26113690337, '2025-05-22 16:00:00+00:00': 15658.932778694414, '2025-05-23 00:00:00+00:00': 15653.695680130926, '2025-05-23 07:00:00+00:00': 15667.534397211164, '2025-05-23 22:00:00+00:00': 15976.847741861038, '2025-05-24 00:00:00+00:00': 15972.166314374479, '2025-05-24 08:00:00+00:00': 15993.29838355528, '2025-05-24 16:00:00+00:00': 15990.645365524828, '2025-05-24 23:00:00+00:00': 15992.740953760122, '2025-05-25 23:00:00+00:00': 16220.087892535632, '2025-05-26 09:00:00+00:00': 16223.31748639838, '2025-05-26 16:00:00+00:00': 16253.351895434262, '2025-05-26 21:00:00+00:00': 16271.056813467048, '2025-05-27 02:00:00+00:00': 16294.15900324807, '2025-05-27 15:00:00+00:00': 16287.304106284644, '2025-05-28 17:00:00+00:00': 16450.244328204535, '2025-05-28 20:00:00+00:00': 16435.636117747097, '2025-05-29 06:00:00+00:00': 16417.584925072144, '2025-05-29 18:00:00+00:00': 16423.578626875587, '2025-05-31 03:00:00+00:00': 15895.911010802167, '2025-05-31 04:00:00+00:00': 15986.994958741208, '2025-05-31 05:00:00+00:00': 16338.066387312638, '2025-05-31 06:00:00+00:00': 17583.012177077006, '2025-05-31 07:00:00+00:00': 17885.026647926403, '2025-05-31 09:00:00+00:00': 18793.28154241552, '2025-05-31 11:00:00+00:00': 18197.598480654044, '2025-05-31 16:00:00+00:00': 18782.395567595788, '2025-05-31 17:00:00+00:00': 18465.436392242158, '2025-06-01 14:00:00+00:00': 18676.112698948495, '2025-06-02 10:00:00+00:00': 18667.679679788496, '2025-06-02 13:00:00+00:00': 16114.883723173885, '2025-06-02 14:00:00+00:00': 18638.013570931013, '2025-06-02 23:00:00+00:00': 16241.802346899172, '2025-06-03 00:00:00+00:00': 16139.530950279852, '2025-06-03 02:00:00+00:00': 18983.497441898755, '2025-06-03 03:00:00+00:00': 18858.813680317875, '2025-06-03 07:00:00+00:00': 18886.25829564563, '2025-06-03 15:00:00+00:00': 18731.196260894285, '2025-06-03 18:00:00+00:00': 18639.969607436935, '2025-06-03 23:00:00+00:00': 18428.060360248546, '2025-06-04 05:00:00+00:00': 18434.25206152953, '2025-06-04 07:00:00+00:00': 18736.624369176167, '2025-06-04 16:00:00+00:00': 19009.018276951785, '2025-06-05 05:00:00+00:00': 20072.82438255942, '2025-06-05 13:00:00+00:00': 18721.48357832616, '2025-06-05 14:00:00+00:00': 18927.28122568254, '2025-06-05 16:00:00+00:00': 20056.152497364474, '2025-06-05 19:00:00+00:00': 19650.000832495592, '2025-06-05 20:00:00+00:00': 19067.31717468881, '2025-06-05 21:00:00+00:00': 19658.310713218994, '2025-06-06 00:00:00+00:00': 19011.34116967449, '2025-06-06 02:00:00+00:00': 20525.627059246624, '2025-06-06 07:00:00+00:00': 20651.25015973777, '2025-06-06 09:00:00+00:00': 20202.16762907982, '2025-06-06 12:00:00+00:00': 20384.852814265007, '2025-06-06 15:00:00+00:00': 19843.4052483761, '2025-06-06 19:00:00+00:00': 18437.6360650188, '2025-06-07 21:00:00+00:00': 19662.662005132857, '2025-06-08 20:00:00+00:00': 19829.39605003554, '2025-06-08 21:00:00+00:00': 19916.32202678892, '2025-06-08 22:00:00+00:00': 19182.695821625555, '2025-06-09 08:00:00+00:00': 20030.702545673397, '2025-06-09 10:00:00+00:00': 19233.243725018237, '2025-06-09 11:00:00+00:00': 19483.837005132857, '2025-06-09 16:00:00+00:00': 19363.604446993322, '2025-06-09 17:00:00+00:00': 19051.591046036516, '2025-06-09 22:00:00+00:00': 19781.27120952482, '2025-06-09 23:00:00+00:00': 19460.535260689594, '2025-06-10 01:00:00+00:00': 20507.599698434613, '2025-06-10 12:00:00+00:00': 19357.66416502799, '2025-06-10 22:00:00+00:00': 19230.551956329226, '2025-06-11 00:00:00+00:00': 19413.602704555273, '2025-06-11 15:00:00+00:00': 19000.990087339916, '2025-06-11 17:00:00+00:00': 20074.07824459086, '2025-06-11 21:00:00+00:00': 21099.795602465096, '2025-06-12 13:00:00+00:00': 19642.963832118166, '2025-06-12 20:00:00+00:00': 19315.098431051, '2025-06-12 21:00:00+00:00': 20761.94451798314, '2025-06-12 23:00:00+00:00': 19704.44489639976, '2025-06-13 01:00:00+00:00': 20573.98729801233, '2025-06-13 02:00:00+00:00': 20941.930067896355, '2025-06-13 03:00:00+00:00': 20731.728679264168, '2025-06-13 08:00:00+00:00': 20465.435028470518, '2025-06-13 23:00:00+00:00': 20280.647794427965, '2025-06-14 01:00:00+00:00': 20757.258368872805, '2025-06-14 16:00:00+00:00': 20547.555067896355, '2025-06-16 00:00:00+00:00': 20965.22447056772, '2025-06-16 02:00:00+00:00': 20563.15725069274, '2025-06-16 03:00:00+00:00': 20640.935028470518, '2025-06-16 05:00:00+00:00': 20151.262548526327, '2025-06-16 06:00:00+00:00': 19936.500643764422, '2025-06-16 08:00:00+00:00': 19754.938143764422, '2025-06-16 09:00:00+00:00': 19720.46774936899, '2025-06-16 11:00:00+00:00': 19188.14774936899, '2025-06-16 14:00:00+00:00': 19538.039177940416, '2025-06-16 15:00:00+00:00': 19559.32838766686, '2025-06-16 20:00:00+00:00': 19153.719541292885, '2025-06-16 21:00:00+00:00': 19360.934735383536, '2025-06-17 07:00:00+00:00': 19537.421002367737, '2025-06-17 10:00:00+00:00': 19857.91412776299, '2025-06-17 13:00:00+00:00': 19704.788902050204, '2025-06-17 14:00:00+00:00': 19875.44412209598, '2025-06-17 15:00:00+00:00': 18791.891218543493, '2025-06-17 16:00:00+00:00': 20221.97662776299, '2025-06-17 17:00:00+00:00': 20206.466913830813, '2025-06-17 20:00:00+00:00': 18546.865587335393, '2025-06-18 01:00:00+00:00': 18363.70769259855, '2025-06-18 11:00:00+00:00': 19465.97066040825, '2025-06-18 15:00:00+00:00': 19642.598567384994, '2025-06-19 04:00:00+00:00': 18929.341727314182, '2025-06-19 07:00:00+00:00': 19809.089892343512, '2025-06-19 14:00:00+00:00': 20038.08239699376, '2025-06-19 21:00:00+00:00': 17031.68653095938, '2025-06-20 02:00:00+00:00': 18177.81483545569, '2025-06-20 04:00:00+00:00': 17776.861158179552, '2025-06-20 08:00:00+00:00': 19106.476558774855, '2025-06-20 09:00:00+00:00': 17953.81483545569, '2025-06-20 10:00:00+00:00': 17210.91730019015, '2025-06-20 11:00:00+00:00': 20028.11397265434, '2025-06-20 12:00:00+00:00': 16914.966415967378, '2025-06-20 15:00:00+00:00': 18108.538268279066, '2025-06-20 18:00:00+00:00': 18344.157315898112, '2025-06-20 23:00:00+00:00': 17286.13925547355, '2025-06-21 09:00:00+00:00': 19351.432176429083, '2025-06-21 19:00:00+00:00': 18550.311715832373, '2025-06-21 20:00:00+00:00': 19051.538645431778, '2025-06-21 22:00:00+00:00': 20367.8872927318, '2025-06-22 01:00:00+00:00': 20315.277421347193, '2025-06-22 10:00:00+00:00': 21040.82193962363, '2025-06-22 14:00:00+00:00': 21800.371086954427, '2025-06-22 15:00:00+00:00': 20533.096048798172, '2025-06-22 16:00:00+00:00': 20990.5239263786, '2025-06-23 01:00:00+00:00': 21113.4585488101, '2025-06-23 02:00:00+00:00': 21292.36205758203, '2025-06-23 03:00:00+00:00': 21602.253879971882, '2025-06-23 05:00:00+00:00': 20910.244263095814, '2025-06-23 09:00:00+00:00': 20132.738023436483, '2025-06-23 14:00:00+00:00': 20333.04336694793, '2025-06-23 19:00:00+00:00': 19590.641734144712, '2025-06-23 21:00:00+00:00': 19454.178319510567, '2025-06-23 23:00:00+00:00': 19561.015508741217, '2025-06-24 00:00:00+00:00': 19967.277527971986, '2025-06-24 02:00:00+00:00': 18723.06648822513, '2025-06-24 03:00:00+00:00': 18908.26648822513, '2025-06-24 06:00:00+00:00': 20161.910555494924, '2025-06-24 09:00:00+00:00': 18527.030452189094, '2025-06-24 17:00:00+00:00': 19114.339095485855, '2025-06-25 01:00:00+00:00': 17971.86937441144, '2025-06-25 05:00:00+00:00': 18151.10014364221, '2025-06-25 14:00:00+00:00': 17768.655088697153, '2025-06-26 02:00:00+00:00': 17536.57175536382, '2025-06-26 06:00:00+00:00': 18386.460504002567, '2025-06-26 14:00:00+00:00': 17327.544909726235, '2025-06-27 00:00:00+00:00': 17068.41105145852, '2025-06-30 21:00:00+00:00': 17160.79466422989, '2025-07-01 00:00:00+00:00': 17521.46116428409, '2025-07-01 04:00:00+00:00': 17164.62142264946, '2025-07-01 07:00:00+00:00': 17469.80881760687, '2025-07-01 09:00:00+00:00': 17449.04113168987, '2025-07-01 11:00:00+00:00': 17510.17503336053, '2025-07-01 13:00:00+00:00': 17503.737234386284, '2025-07-01 18:00:00+00:00': 17486.331352385525, '2025-07-02 05:00:00+00:00': 17393.817788804303, '2025-07-02 08:00:00+00:00': 17406.703393042495, '2025-07-02 13:00:00+00:00': 17572.506702076324, '2025-07-02 14:00:00+00:00': 17504.1746982302, '2025-07-02 15:00:00+00:00': 17557.056037744944, '2025-07-02 17:00:00+00:00': 17649.534886788522, '2025-07-02 18:00:00+00:00': 17610.386890529153, '2025-07-02 19:00:00+00:00': 17635.878596477698, '2025-07-02 20:00:00+00:00': 17578.779597237306, '2025-07-02 21:00:00+00:00': 17690.96653627466, '2025-07-02 23:00:00+00:00': 17677.09496540896, '2025-07-03 03:00:00+00:00': 17680.124133832272, '2025-07-03 05:00:00+00:00': 17682.455843446303, '2025-07-03 07:00:00+00:00': 17660.21042780636, '2025-07-03 09:00:00+00:00': 17648.63854159482, '2025-07-03 10:00:00+00:00': 17648.71817445705, '2025-07-03 13:00:00+00:00': 17650.11923160689, '2025-07-03 14:00:00+00:00': 17663.87238722424, '2025-07-03 15:00:00+00:00': 17658.23342910846, '2025-07-03 16:00:00+00:00': 17916.690107236787, '2025-07-03 17:00:00+00:00': 17652.07430992522, '2025-07-03 18:00:00+00:00': 17917.404816828042, '2025-07-03 20:00:00+00:00': 17921.446080799655, '2025-07-04 02:00:00+00:00': 17909.32462426565, '2025-07-04 08:00:00+00:00': 18092.70179336697, '2025-07-04 13:00:00+00:00': 18099.62529317964, '2025-07-04 18:00:00+00:00': 18187.932303950784, '2025-07-04 20:00:00+00:00': 18103.978536245082, '2025-07-04 22:00:00+00:00': 18196.470026049457, '2025-07-05 00:00:00+00:00': 18199.6044196818, '2025-07-06 01:00:00+00:00': 17650.65186961136, '2025-07-06 13:00:00+00:00': 18201.16077076339, '2025-07-06 17:00:00+00:00': 17910.55245428822, '2025-07-06 19:00:00+00:00': 18182.835264826306, '2025-07-06 21:00:00+00:00': 18246.10375645319, '2025-07-06 23:00:00+00:00': 17917.541975508262, '2025-07-07 01:00:00+00:00': 18230.196591926007, '2025-07-07 07:00:00+00:00': 18184.478853590383, '2025-07-07 11:00:00+00:00': 18175.65919097405, '2025-07-07 13:00:00+00:00': 18252.754814095522, '2025-07-07 14:00:00+00:00': 18237.899705026975, '2025-07-07 17:00:00+00:00': 18332.098742525894, '2025-07-07 18:00:00+00:00': 18337.391177731886, '2025-07-07 21:00:00+00:00': 18205.635152895517, '2025-07-08 03:00:00+00:00': 18368.59583134753, '2025-07-08 10:00:00+00:00': 18398.34840596402, '2025-07-08 14:00:00+00:00': 18391.834565305337, '2025-07-08 16:00:00+00:00': 18477.927295995778, '2025-07-08 17:00:00+00:00': 18394.787291442015, '2025-07-08 18:00:00+00:00': 18534.683661466646, '2025-07-08 21:00:00+00:00': 18528.244838877643, '2025-07-09 02:00:00+00:00': 18253.849395969, '2025-07-09 04:00:00+00:00': 18594.07147393443, '2025-07-09 05:00:00+00:00': 18521.40887819396, '2025-07-09 10:00:00+00:00': 18613.670934771035, '2025-07-09 12:00:00+00:00': 18583.293018361765, '2025-07-09 13:00:00+00:00': 18623.94279368528, '2025-07-09 14:00:00+00:00': 18351.426993385234, '2025-07-09 15:00:00+00:00': 18587.013555790727, '2025-07-09 19:00:00+00:00': 18480.716448183535, '2025-07-09 20:00:00+00:00': 18464.417387450998, '2025-07-09 21:00:00+00:00': 18528.308732698588, '2025-07-10 01:00:00+00:00': 18531.087833921658, '2025-07-10 03:00:00+00:00': 18521.72416184561, '2025-07-10 06:00:00+00:00': 18506.094971438783, '2025-07-10 08:00:00+00:00': 18510.55979639497, '2025-07-10 10:00:00+00:00': 18524.09623483894, '2025-07-10 14:00:00+00:00': 18516.88048897873, '2025-07-10 17:00:00+00:00': 18485.90859865096, '2025-07-10 18:00:00+00:00': 18611.109935339926, '2025-07-10 19:00:00+00:00': 18638.83188320203, '2025-07-10 22:00:00+00:00': 18988.01994627361, '2025-07-10 23:00:00+00:00': 19147.80255496926, '2025-07-11 01:00:00+00:00': 19209.526333957285, '2025-07-11 07:00:00+00:00': 19222.21801031248, '2025-07-11 09:00:00+00:00': 19214.302217945675, '2025-07-11 10:00:00+00:00': 19215.550286901533, '2025-07-11 12:00:00+00:00': 19184.392187867714, '2025-07-11 16:00:00+00:00': 19209.94648745902, '2025-07-11 18:00:00+00:00': 19115.135191646907, '2025-07-11 23:00:00+00:00': 19370.390172070365, '2025-07-12 01:00:00+00:00': 19208.626341527415, '2025-07-12 08:00:00+00:00': 19345.752380886588, '2025-07-12 09:00:00+00:00': 19346.20416280168, '2025-07-12 16:00:00+00:00': 19499.629392213024, '2025-07-12 17:00:00+00:00': 19419.476915972784, '2025-07-12 21:00:00+00:00': 19537.88171407863, '2025-07-13 01:00:00+00:00': 19533.829194371712, '2025-07-13 11:00:00+00:00': 19545.720372595202, '2025-07-13 12:00:00+00:00': 19155.500641338094, '2025-07-13 17:00:00+00:00': 19480.887937045372, '2025-07-13 22:00:00+00:00': 19553.198130261644, '2025-07-13 23:00:00+00:00': 19646.243545790694, '2025-07-14 04:00:00+00:00': 19562.38011405005, '2025-07-14 07:00:00+00:00': 19531.339483736847, '2025-07-14 09:00:00+00:00': 19551.49677695587, '2025-07-14 15:00:00+00:00': 19970.949012374822, '2025-07-14 16:00:00+00:00': 20122.826296656243, '2025-07-14 17:00:00+00:00': 19181.619912707076, '2025-07-14 18:00:00+00:00': 19132.99854587375, '2025-07-14 19:00:00+00:00': 20414.165746434817, '2025-07-14 20:00:00+00:00': 19967.594165102062, '2025-07-15 04:00:00+00:00': 20635.70123099038, '2025-07-15 12:00:00+00:00': 20450.441172371826, '2025-07-15 15:00:00+00:00': 20463.740812201122, '2025-07-15 16:00:00+00:00': 20473.634720758924, '2025-07-15 17:00:00+00:00': 20400.38746331736, '2025-07-15 20:00:00+00:00': 20363.098445976317, '2025-07-15 21:00:00+00:00': 20469.718164286176, '2025-07-15 23:00:00+00:00': 20484.337836903847, '2025-07-16 00:00:00+00:00': 20523.91504663912, '2025-07-16 13:00:00+00:00': 20364.66855771777, '2025-07-16 18:00:00+00:00': 20457.531262120287, '2025-07-16 19:00:00+00:00': 20296.102370275876, '2025-07-17 06:00:00+00:00': 20444.842911112584, '2025-07-17 07:00:00+00:00': 20682.466141780966, '2025-07-17 09:00:00+00:00': 20680.220487765142, '2025-07-17 10:00:00+00:00': 20367.369987934813, '2025-07-17 14:00:00+00:00': 21109.744974554007, '2025-07-17 17:00:00+00:00': 21256.997521530917, '2025-07-17 21:00:00+00:00': 21242.21607528813, '2025-07-17 22:00:00+00:00': 20809.63772469871, '2025-07-18 02:00:00+00:00': 20493.61208367307, '2025-07-18 06:00:00+00:00': 20646.781658193064, '2025-07-18 08:00:00+00:00': 21140.295765654806, '2025-07-18 09:00:00+00:00': 21156.10498926321, '2025-07-18 11:00:00+00:00': 20819.49758140753, '2025-07-18 12:00:00+00:00': 21117.4901234356, '2025-07-18 13:00:00+00:00': 21137.82893887794, '2025-07-18 15:00:00+00:00': 21939.79380436886, '2025-07-18 16:00:00+00:00': 22005.508723751514, '2025-07-18 17:00:00+00:00': 22031.904072588724, '2025-07-18 21:00:00+00:00': 21654.109373976095, '2025-07-19 15:00:00+00:00': 20825.745417006405, '2025-07-20 03:00:00+00:00': 21459.244539248706, '2025-07-20 04:00:00+00:00': 21635.457376764327, '2025-07-20 06:00:00+00:00': 21442.706956964717, '2025-07-20 08:00:00+00:00': 21402.304359885547, '2025-07-20 09:00:00+00:00': 21443.20975479329, '2025-07-20 11:00:00+00:00': 21984.536324132747, '2025-07-20 12:00:00+00:00': 21255.650039000775, '2025-07-20 14:00:00+00:00': 21191.842689246856, '2025-07-20 21:00:00+00:00': 21450.096494565143, '2025-07-21 14:00:00+00:00': 21376.59335697249, '2025-07-22 01:00:00+00:00': 21183.72996313445, '2025-07-22 05:00:00+00:00': 21800.27954315868, '2025-07-22 16:00:00+00:00': 21436.64911940138, '2025-07-23 13:00:00+00:00': 21330.43538949104, '2025-07-23 17:00:00+00:00': 21392.345883318198, '2025-07-24 15:00:00+00:00': 21766.341064220214, '2025-07-25 03:00:00+00:00': 21802.762823610534, '2025-07-25 06:00:00+00:00': 21870.30213968781, '2025-07-25 07:00:00+00:00': 21817.011794728678}]",579
