number,value,params_CONVERGENCE_THRESHOLD,params_FIXED_TRADE_PCT,params_MAX_HOLD_HOURS,params_MAX_POSITION_PCT,params_MIN_DIV,params_STOP_LOSS_PCT,params_TAKE_PROFIT_PCT,params_TRAIL_PCT,state,user_attrs_cooldown_trades_pct,user_attrs_equity_curves,user_attrs_total_trades
12,46.134414369687285,0.025,0.06,72,0.015,0.045,0.3,0.5,0.6,COMPLETE,1.394700139470014,"[{'2025-05-01 00:00:00+00:00': 10000.0, '2025-05-01 02:00:00+00:00': 10096.82250483897, '2025-05-01 06:00:00+00:00': 10104.4788192672, '2025-05-01 07:00:00+00:00': 10105.271799928432, '2025-05-01 11:00:00+00:00': 10306.099895246887, '2025-05-01 13:00:00+00:00': 10116.14360558023, '2025-05-01 15:00:00+00:00': 10343.674240991097, '2025-05-01 16:00:00+00:00': 10198.04739451558, '2025-05-01 17:00:00+00:00': 10386.693443411039, '2025-05-02 01:00:00+00:00': 10337.1838216147, '2025-05-02 13:00:00+00:00': 10294.206985558032, '2025-05-02 15:00:00+00:00': 10328.958012883726, '2025-05-02 16:00:00+00:00': 10315.696173854652, '2025-05-02 18:00:00+00:00': 10318.307148260705, '2025-05-02 20:00:00+00:00': 10342.194090826182, '2025-05-03 03:00:00+00:00': 10325.035951420348, '2025-05-03 23:00:00+00:00': 10318.101210344368, '2025-05-04 00:00:00+00:00': 10317.263167903402, '2025-05-04 22:00:00+00:00': 10295.89162698339, '2025-05-05 00:00:00+00:00': 10321.120366317806, '2025-05-05 01:00:00+00:00': 10331.079453799643, '2025-05-05 02:00:00+00:00': 10327.940865634557, '2025-05-05 03:00:00+00:00': 10326.037061786654, '2025-05-05 10:00:00+00:00': 10328.181464328463, '2025-05-05 11:00:00+00:00': 10356.35869552551, '2025-05-05 14:00:00+00:00': 10349.105597982367, '2025-05-05 19:00:00+00:00': 10450.042453720233, '2025-05-05 20:00:00+00:00': 10355.202489669775, '2025-05-05 23:00:00+00:00': 10309.983028113134, '2025-05-06 01:00:00+00:00': 10476.028830978272, '2025-05-06 10:00:00+00:00': 10434.810112996527, '2025-05-06 11:00:00+00:00': 10448.629289768569, '2025-05-06 16:00:00+00:00': 10548.501356971457, '2025-05-06 17:00:00+00:00': 10546.434228832355, '2025-05-06 20:00:00+00:00': 10568.269992156003, '2025-05-06 23:00:00+00:00': 10722.488938307935, '2025-05-07 00:00:00+00:00': 10719.738494811085, '2025-05-07 01:00:00+00:00': 10902.70712741906, '2025-05-07 02:00:00+00:00': 11072.413009772, '2025-05-07 04:00:00+00:00': 11133.02006751885, '2025-05-07 17:00:00+00:00': 11129.595159948956, '2025-05-07 18:00:00+00:00': 11335.121234384535, '2025-05-07 19:00:00+00:00': 11322.70941438252, '2025-05-07 20:00:00+00:00': 11330.082854214315, '2025-05-07 23:00:00+00:00': 11514.51028015513, '2025-05-08 04:00:00+00:00': 11723.797797674311, '2025-05-08 09:00:00+00:00': 11511.04568084222, '2025-05-08 16:00:00+00:00': 11752.421997828782, '2025-05-08 17:00:00+00:00': 11775.394149765452, '2025-05-08 19:00:00+00:00': 11860.653565896953, '2025-05-08 21:00:00+00:00': 12049.165322516053, '2025-05-08 22:00:00+00:00': 11918.835384078771, '2025-05-09 00:00:00+00:00': 12046.302916546303, '2025-05-09 03:00:00+00:00': 12130.87922502923, '2025-05-09 08:00:00+00:00': 12085.371062251965, '2025-05-09 09:00:00+00:00': 12330.8959866715, '2025-05-09 11:00:00+00:00': 12318.7761597665, '2025-05-09 14:00:00+00:00': 12318.115880363483, '2025-05-09 15:00:00+00:00': 12306.587324481701, '2025-05-09 18:00:00+00:00': 12328.771648278742, '2025-05-10 07:00:00+00:00': 12364.41732236134, '2025-05-10 08:00:00+00:00': 12363.335162531557, '2025-05-10 22:00:00+00:00': 12358.202569824736, '2025-05-11 00:00:00+00:00': 12476.748562779752, '2025-05-11 01:00:00+00:00': 12421.07994247245, '2025-05-11 11:00:00+00:00': 12519.55467327029, '2025-05-11 13:00:00+00:00': 12514.552403445452, '2025-05-11 19:00:00+00:00': 12531.470182838066, '2025-05-12 01:00:00+00:00': 12535.221415847658, '2025-05-12 02:00:00+00:00': 12539.019248890154, '2025-05-12 12:00:00+00:00': 12534.984083639189, '2025-05-12 16:00:00+00:00': 12605.328911225395, '2025-05-12 19:00:00+00:00': 12620.187210394039, '2025-05-12 21:00:00+00:00': 12679.581988976573, '2025-05-13 01:00:00+00:00': 12675.522384868882, '2025-05-13 06:00:00+00:00': 12669.065585122056, '2025-05-14 22:00:00+00:00': 12768.082672914692, '2025-05-15 01:00:00+00:00': 12762.153615809597, '2025-05-15 18:00:00+00:00': 12983.465091157255, '2025-05-15 21:00:00+00:00': 12816.501441896553, '2025-05-16 07:00:00+00:00': 13009.646486618476, '2025-05-16 11:00:00+00:00': 13049.893271748238, '2025-05-16 14:00:00+00:00': 13066.368874667145, '2025-05-16 16:00:00+00:00': 13066.094452720605, '2025-05-17 05:00:00+00:00': 13165.592215820472, '2025-05-17 15:00:00+00:00': 13199.831836036912, '2025-05-17 18:00:00+00:00': 13208.99980115577, '2025-05-17 22:00:00+00:00': 13199.607313152728, '2025-05-18 06:00:00+00:00': 13428.579214924783, '2025-05-18 09:00:00+00:00': 13446.390968485408, '2025-05-18 15:00:00+00:00': 13426.299981305663, '2025-05-18 17:00:00+00:00': 13565.175282210897, '2025-05-18 18:00:00+00:00': 13530.508615544231, '2025-05-19 00:00:00+00:00': 13730.721579262256, '2025-05-19 01:00:00+00:00': 13804.260905104953, '2025-05-19 04:00:00+00:00': 13850.907641062739, '2025-05-19 08:00:00+00:00': 13894.392489547587, '2025-05-19 16:00:00+00:00': 14266.029359116787, '2025-05-19 17:00:00+00:00': 14270.985266646036, '2025-05-19 18:00:00+00:00': 14271.829116376513, '2025-05-19 20:00:00+00:00': 14432.855077191023, '2025-05-20 02:00:00+00:00': 14469.598196457078, '2025-05-20 05:00:00+00:00': 14492.507287366168, '2025-05-20 06:00:00+00:00': 14474.471514597994, '2025-05-20 08:00:00+00:00': 14536.995187100682, '2025-05-20 12:00:00+00:00': 14525.076862741143, '2025-05-20 14:00:00+00:00': 14553.376770098375, '2025-05-20 16:00:00+00:00': 14602.983536011832, '2025-05-20 18:00:00+00:00': 14753.12639315469, '2025-05-20 20:00:00+00:00': 14875.283255899787, '2025-05-20 23:00:00+00:00': 15107.445418061949, '2025-05-21 07:00:00+00:00': 15129.419955925014, '2025-05-21 08:00:00+00:00': 15087.516378898994, '2025-05-21 15:00:00+00:00': 15611.11198579856, '2025-05-21 17:00:00+00:00': 15300.580070904942, '2025-05-21 18:00:00+00:00': 16556.62091436999, '2025-05-21 20:00:00+00:00': 16683.313222062297, '2025-05-21 21:00:00+00:00': 16725.54726461549, '2025-05-22 00:00:00+00:00': 16920.327055141526, '2025-05-22 01:00:00+00:00': 16985.097170084056, '2025-05-22 04:00:00+00:00': 17228.349278629612, '2025-05-22 07:00:00+00:00': 17281.681772407537, '2025-05-22 09:00:00+00:00': 17319.991631562465, '2025-05-22 15:00:00+00:00': 17376.857303204255, '2025-05-23 00:00:00+00:00': 17371.04564823985, '2025-05-23 07:00:00+00:00': 17386.402595955336, '2025-05-23 13:00:00+00:00': 17644.946899752806, '2025-05-24 00:00:00+00:00': 17496.973926779832, '2025-05-24 08:00:00+00:00': 17519.2046960106, '2025-05-24 14:00:00+00:00': 17533.280217993415, '2025-05-24 23:00:00+00:00': 17535.37580622871, '2025-05-25 23:00:00+00:00': 17762.72274500422, '2025-05-26 09:00:00+00:00': 17766.25949404917, '2025-05-26 16:00:00+00:00': 17799.150368873583, '2025-05-26 21:00:00+00:00': 17816.85528690637, '2025-05-27 02:00:00+00:00': 17839.957476687392, '2025-05-27 13:00:00+00:00': 17835.91895941286, '2025-05-27 15:00:00+00:00': 17831.83498994721, '2025-05-28 17:00:00+00:00': 18010.226891488466, '2025-05-28 20:00:00+00:00': 17994.233379199657, '2025-05-29 06:00:00+00:00': 17974.470385456127, '2025-05-29 18:00:00+00:00': 17981.03247214896, '2025-05-31 03:00:00+00:00': 18799.126674790696, '2025-05-31 04:00:00+00:00': 18263.513126384933, '2025-05-31 05:00:00+00:00': 18023.987666849844, '2025-05-31 06:00:00+00:00': 19264.97482009773, '2025-05-31 07:00:00+00:00': 19563.83208518621, '2025-05-31 08:00:00+00:00': 19946.879442546982, '2025-05-31 09:00:00+00:00': 19744.16894141442, '2025-05-31 14:00:00+00:00': 20282.06462773217, '2025-05-31 16:00:00+00:00': 19733.28296659469, '2025-06-01 10:00:00+00:00': 20258.247413009925, '2025-06-01 13:00:00+00:00': 20069.56462773217, '2025-06-02 13:00:00+00:00': 17854.113848423676, '2025-06-02 14:00:00+00:00': 20255.265916662294, '2025-06-02 23:00:00+00:00': 17672.33756844726, '2025-06-03 00:00:00+00:00': 17696.984795553228, '2025-06-03 02:00:00+00:00': 20478.297193643404, '2025-06-03 03:00:00+00:00': 20360.968435876388, '2025-06-03 07:00:00+00:00': 20761.57989037409, '2025-06-03 09:00:00+00:00': 20428.09778275549, '2025-06-03 10:00:00+00:00': 20535.635096188325, '2025-06-03 12:00:00+00:00': 20407.389182711086, '2025-06-03 15:00:00+00:00': 20494.693107105086, '2025-06-03 18:00:00+00:00': 20353.374691639463, '2025-06-03 21:00:00+00:00': 20479.800961803805, '2025-06-03 23:00:00+00:00': 20625.102915070038, '2025-06-04 05:00:00+00:00': 20642.215653480216, '2025-06-04 07:00:00+00:00': 20590.832475199695, '2025-06-04 09:00:00+00:00': 21192.40253888956, '2025-06-04 16:00:00+00:00': 21199.980046313703, '2025-06-04 22:00:00+00:00': 21607.030364499366, '2025-06-05 05:00:00+00:00': 21605.31345233664, '2025-06-05 13:00:00+00:00': 20634.24900887666, '2025-06-05 14:00:00+00:00': 20199.049700446078, '2025-06-05 16:00:00+00:00': 21588.90327083383, '2025-06-05 19:00:00+00:00': 21184.954047504412, '2025-06-05 20:00:00+00:00': 20129.523172874116, '2025-06-05 21:00:00+00:00': 21757.32205782683, '2025-06-06 02:00:00+00:00': 22190.705436564764, '2025-06-06 05:00:00+00:00': 21693.872517800606, '2025-06-06 07:00:00+00:00': 22194.635737841912, '2025-06-06 08:00:00+00:00': 21969.82205782683, '2025-06-06 09:00:00+00:00': 21877.84077176886, '2025-06-06 10:00:00+00:00': 22375.152979221224, '2025-06-06 11:00:00+00:00': 21805.239735744904, '2025-06-06 13:00:00+00:00': 21650.296495483795, '2025-06-06 15:00:00+00:00': 22140.60752467577, '2025-06-07 07:00:00+00:00': 21993.14671248909, '2025-06-07 13:00:00+00:00': 21444.212158134396, '2025-06-08 14:00:00+00:00': 21174.176661176993, '2025-06-08 16:00:00+00:00': 21481.525411448554, '2025-06-08 20:00:00+00:00': 21365.96839548805, '2025-06-08 22:00:00+00:00': 22070.818271212283, '2025-06-09 08:00:00+00:00': 21678.239735744904, '2025-06-09 09:00:00+00:00': 21620.296495483795, '2025-06-09 11:00:00+00:00': 21371.418040487337, '2025-06-09 12:00:00+00:00': 20523.4814284839, '2025-06-09 13:00:00+00:00': 20345.00133039541, '2025-06-09 16:00:00+00:00': 20908.315645990533, '2025-06-09 19:00:00+00:00': 20917.715116507952, '2025-06-09 22:00:00+00:00': 20683.169661962496, '2025-06-09 23:00:00+00:00': 20721.328563105057, '2025-06-10 01:00:00+00:00': 20864.732161962496, '2025-06-10 02:00:00+00:00': 20107.500056884313, '2025-06-10 12:00:00+00:00': 20147.07455200543, '2025-06-10 20:00:00+00:00': 20245.228295795387, '2025-06-10 21:00:00+00:00': 20899.52842307154, '2025-06-10 22:00:00+00:00': 20035.045715112683, '2025-06-10 23:00:00+00:00': 20120.329917041126, '2025-06-11 00:00:00+00:00': 20457.97295600116, '2025-06-11 05:00:00+00:00': 20733.666949249182, '2025-06-11 06:00:00+00:00': 19617.76238177935, '2025-06-11 15:00:00+00:00': 19802.96238177935, '2025-06-11 17:00:00+00:00': 20501.64278056709, '2025-06-11 21:00:00+00:00': 21699.71348332116, '2025-06-12 11:00:00+00:00': 20159.144505501605, '2025-06-12 13:00:00+00:00': 20527.2508658181, '2025-06-12 20:00:00+00:00': 19970.910168443785, '2025-06-12 21:00:00+00:00': 21588.877225218028, '2025-06-13 01:00:00+00:00': 21678.476092404537, '2025-06-13 02:00:00+00:00': 22337.816573236243, '2025-06-13 03:00:00+00:00': 21726.46468770387, '2025-06-13 23:00:00+00:00': 21443.43372606275, '2025-06-14 01:00:00+00:00': 21968.18380487466, '2025-06-15 17:00:00+00:00': 22146.149906569575, '2025-06-16 02:00:00+00:00': 21725.913506601508, '2025-06-16 03:00:00+00:00': 21628.220960105304, '2025-06-16 05:00:00+00:00': 21314.048480161113, '2025-06-16 08:00:00+00:00': 21132.485980161113, '2025-06-16 11:00:00+00:00': 20376.752344753208, '2025-06-16 14:00:00+00:00': 20196.752344753208, '2025-06-16 15:00:00+00:00': 20755.31372406355, '2025-06-16 19:00:00+00:00': 19870.610974183517, '2025-06-16 20:00:00+00:00': 20442.504874068945, '2025-06-16 21:00:00+00:00': 19950.88577879031, '2025-06-17 00:00:00+00:00': 20864.552205456468, '2025-06-17 13:00:00+00:00': 20603.825815355074, '2025-06-17 14:00:00+00:00': 20256.318433390978, '2025-06-17 15:00:00+00:00': 19896.313840224215, '2025-06-17 16:00:00+00:00': 20902.932958212215, '2025-06-17 17:00:00+00:00': 20985.79251942565, '2025-06-18 05:00:00+00:00': 19280.136399769475, '2025-06-18 11:00:00+00:00': 20449.896221891056, '2025-06-18 15:00:00+00:00': 20626.5241288678, '2025-06-18 21:00:00+00:00': 19711.50435246895, '2025-06-19 04:00:00+00:00': 20089.768630184517, '2025-06-19 07:00:00+00:00': 20782.382954053184, '2025-06-19 10:00:00+00:00': 20272.92652492136, '2025-06-19 14:00:00+00:00': 18898.040573617447, '2025-06-19 21:00:00+00:00': 18142.909028328366, '2025-06-20 01:00:00+00:00': 20749.97521173334, '2025-06-20 08:00:00+00:00': 18322.139797559135, '2025-06-20 09:00:00+00:00': 17944.213376154454, '2025-06-20 15:00:00+00:00': 18450.490351701268, '2025-06-20 17:00:00+00:00': 18674.012443236046, '2025-06-20 18:00:00+00:00': 18713.8236850346, '2025-06-21 10:00:00+00:00': 19850.02945866876, '2025-06-21 19:00:00+00:00': 18545.246560103624, '2025-06-21 20:00:00+00:00': 20025.52945866876, '2025-06-21 22:00:00+00:00': 21105.171545882076, '2025-06-22 01:00:00+00:00': 21475.17272332159, '2025-06-22 10:00:00+00:00': 22539.165450073546, '2025-06-22 14:00:00+00:00': 22395.036804739928, '2025-06-22 15:00:00+00:00': 22295.11971873448, '2025-06-22 16:00:00+00:00': 22234.269302067813, '2025-06-22 17:00:00+00:00': 22343.468313783185, '2025-06-22 23:00:00+00:00': 21917.977250494918, '2025-06-23 02:00:00+00:00': 22106.856560839744, '2025-06-23 03:00:00+00:00': 21519.98732375499, '2025-06-23 05:00:00+00:00': 21714.76296478063, '2025-06-23 07:00:00+00:00': 22214.357193089443, '2025-06-23 09:00:00+00:00': 20857.011318835775, '2025-06-23 14:00:00+00:00': 21315.69044875499, '2025-06-23 17:00:00+00:00': 21194.507550169255, '2025-06-23 18:00:00+00:00': 20740.77866273327, '2025-06-23 19:00:00+00:00': 21057.316662347224, '2025-06-23 20:00:00+00:00': 20649.405685032958, '2025-06-23 22:00:00+00:00': 20327.922071192672, '2025-06-23 23:00:00+00:00': 20807.317889823582, '2025-06-24 00:00:00+00:00': 20615.651223156914, '2025-06-24 02:00:00+00:00': 20430.451223156913, '2025-06-24 03:00:00+00:00': 19960.86009737767, '2025-06-24 09:00:00+00:00': 19546.212950230525, '2025-06-24 17:00:00+00:00': 20166.932704638395, '2025-06-24 21:00:00+00:00': 19742.24898626656, '2025-06-25 05:00:00+00:00': 19406.83519534759, '2025-06-25 10:00:00+00:00': 19209.289740802134, '2025-06-25 14:00:00+00:00': 19642.19555570795, '2025-06-25 16:00:00+00:00': 18944.27430870337, '2025-06-26 02:00:00+00:00': 18712.19097537004, '2025-06-26 13:00:00+00:00': 18531.173011298182, '2025-06-27 00:00:00+00:00': 18298.738228689486, '2025-06-30 20:00:00+00:00': 18404.657168589394, '2025-06-30 21:00:00+00:00': 18400.830410169823, '2025-06-30 23:00:00+00:00': 18417.558566239444, '2025-07-01 00:00:00+00:00': 18747.807284470273, '2025-07-01 02:00:00+00:00': 18706.349002368774, '2025-07-01 04:00:00+00:00': 18695.059103545296, '2025-07-01 05:00:00+00:00': 18709.614689395265, '2025-07-01 07:00:00+00:00': 18713.932371605286, '2025-07-01 08:00:00+00:00': 18706.06284750697, '2025-07-01 10:00:00+00:00': 18717.625489009853, '2025-07-01 11:00:00+00:00': 18736.811001913535, '2025-07-01 13:00:00+00:00': 18786.293550164217, '2025-07-01 15:00:00+00:00': 18631.99447399769, '2025-07-01 18:00:00+00:00': 18711.5856356224, '2025-07-01 20:00:00+00:00': 18622.216387706594, '2025-07-02 00:00:00+00:00': 18622.766620012397, '2025-07-02 05:00:00+00:00': 18610.789465824295, '2025-07-02 08:00:00+00:00': 18689.667554152653, '2025-07-02 13:00:00+00:00': 18756.6929077255, '2025-07-02 14:00:00+00:00': 18741.17664828278, '2025-07-02 15:00:00+00:00': 18631.67356193757, '2025-07-02 17:00:00+00:00': 18827.816002250252, '2025-07-02 18:00:00+00:00': 18816.935089876515, '2025-07-02 19:00:00+00:00': 18754.936097005473, '2025-07-02 20:00:00+00:00': 18803.264712121578, '2025-07-02 21:00:00+00:00': 18871.571361390994, '2025-07-02 22:00:00+00:00': 18847.31764268776, '2025-07-02 23:00:00+00:00': 18409.761673786892, '2025-07-03 00:00:00+00:00': 18852.448293882226, '2025-07-03 03:00:00+00:00': 18848.043559687023, '2025-07-03 05:00:00+00:00': 18866.836128758667, '2025-07-03 07:00:00+00:00': 18867.417523053227, '2025-07-03 09:00:00+00:00': 18865.93470079721, '2025-07-03 10:00:00+00:00': 18855.907927304466, '2025-07-03 13:00:00+00:00': 18855.828972932177, '2025-07-03 14:00:00+00:00': 18865.457368829964, '2025-07-03 16:00:00+00:00': 18919.820900201896, '2025-07-03 17:00:00+00:00': 18859.23546774178, '2025-07-03 18:00:00+00:00': 18920.222982762072, '2025-07-03 20:00:00+00:00': 18924.538837701584, '2025-07-04 02:00:00+00:00': 18901.287200983777, '2025-07-04 03:00:00+00:00': 18965.445979773405, '2025-07-04 05:00:00+00:00': 19025.26188890759, '2025-07-04 08:00:00+00:00': 19031.91244878392, '2025-07-04 13:00:00+00:00': 19029.67897266596, '2025-07-04 16:00:00+00:00': 19033.98444000987, '2025-07-04 17:00:00+00:00': 19126.136866190624, '2025-07-04 18:00:00+00:00': 19128.02380115679, '2025-07-04 20:00:00+00:00': 19120.213428627103, '2025-07-04 22:00:00+00:00': 19136.685581491107, '2025-07-05 00:00:00+00:00': 19136.22790439133, '2025-07-06 06:00:00+00:00': 19133.71344239018, '2025-07-06 13:00:00+00:00': 19128.002828786295, '2025-07-06 17:00:00+00:00': 18902.505211393247, '2025-07-06 19:00:00+00:00': 19105.835845110363, '2025-07-06 21:00:00+00:00': 19098.151803506767, '2025-07-06 23:00:00+00:00': 18939.820008746996, '2025-07-07 01:00:00+00:00': 19136.318045113483, '2025-07-07 05:00:00+00:00': 19084.054253449685, '2025-07-07 07:00:00+00:00': 19098.418143460294, '2025-07-07 08:00:00+00:00': 19089.079043837784, '2025-07-07 12:00:00+00:00': 19143.931451030374, '2025-07-07 13:00:00+00:00': 19156.559891499994, '2025-07-07 14:00:00+00:00': 19145.101469929778, '2025-07-07 17:00:00+00:00': 19139.961774547737, '2025-07-07 18:00:00+00:00': 19224.5981381841, '2025-07-07 21:00:00+00:00': 19137.74316891206, '2025-07-07 23:00:00+00:00': 19210.5682659793, '2025-07-08 01:00:00+00:00': 19200.93609426615, '2025-07-08 03:00:00+00:00': 19209.98933248523, '2025-07-08 10:00:00+00:00': 19236.673553683962, '2025-07-08 13:00:00+00:00': 19224.277103922817, '2025-07-08 14:00:00+00:00': 19230.345620153763, '2025-07-08 16:00:00+00:00': 19306.668727393, '2025-07-08 17:00:00+00:00': 19312.955949747386, '2025-07-08 18:00:00+00:00': 19327.56410084783, '2025-07-08 21:00:00+00:00': 19322.701831184775, '2025-07-09 03:00:00+00:00': 19303.15317220475, '2025-07-09 04:00:00+00:00': 19327.643263245103, '2025-07-09 05:00:00+00:00': 19315.96385817179, '2025-07-09 06:00:00+00:00': 19363.001899861985, '2025-07-09 08:00:00+00:00': 19210.377324498233, '2025-07-09 10:00:00+00:00': 19382.70874929015, '2025-07-09 12:00:00+00:00': 19352.505280937687, '2025-07-09 13:00:00+00:00': 19384.00888087343, '2025-07-09 15:00:00+00:00': 19370.688460726884, '2025-07-09 18:00:00+00:00': 19377.846282821807, '2025-07-09 19:00:00+00:00': 19343.094006843883, '2025-07-09 20:00:00+00:00': 19251.186763161713, '2025-07-09 21:00:00+00:00': 19433.681296789153, '2025-07-10 01:00:00+00:00': 19430.48088555504, '2025-07-10 02:00:00+00:00': 19421.025669374118, '2025-07-10 03:00:00+00:00': 19263.838700241722, '2025-07-10 06:00:00+00:00': 19403.441931281992, '2025-07-10 08:00:00+00:00': 19399.18317370064, '2025-07-10 09:00:00+00:00': 19394.686001841532, '2025-07-10 10:00:00+00:00': 19412.970704683827, '2025-07-10 14:00:00+00:00': 19405.812000926897, '2025-07-10 15:00:00+00:00': 19417.93921588253, '2025-07-10 16:00:00+00:00': 19399.627664284544, '2025-07-10 18:00:00+00:00': 19560.892240437646, '2025-07-10 19:00:00+00:00': 19592.239076201146, '2025-07-10 22:00:00+00:00': 20101.275735358777, '2025-07-10 23:00:00+00:00': 19752.021684896798, '2025-07-11 01:00:00+00:00': 20161.75243351241, '2025-07-11 06:00:00+00:00': 20176.775114296284, '2025-07-11 08:00:00+00:00': 20158.18741215157, '2025-07-11 10:00:00+00:00': 20163.920836603902, '2025-07-11 12:00:00+00:00': 20146.33475423881, '2025-07-11 16:00:00+00:00': 20173.018144396206, '2025-07-11 18:00:00+00:00': 20078.533807407854, '2025-07-11 21:00:00+00:00': 20141.74947625836, '2025-07-11 23:00:00+00:00': 20300.112406681255, '2025-07-12 01:00:00+00:00': 20301.081770942783, '2025-07-12 05:00:00+00:00': 20303.113797427584, '2025-07-12 08:00:00+00:00': 20301.40676547329, '2025-07-12 13:00:00+00:00': 20430.33353757831, '2025-07-12 16:00:00+00:00': 20393.416862430793, '2025-07-12 21:00:00+00:00': 20468.412530395686, '2025-07-13 01:00:00+00:00': 20464.379121632555, '2025-07-13 11:00:00+00:00': 20476.214223228406, '2025-07-13 12:00:00+00:00': 20119.25790509365, '2025-07-13 17:00:00+00:00': 20411.026798503914, '2025-07-13 22:00:00+00:00': 20567.692827291037, '2025-07-13 23:00:00+00:00': 20501.984697110875, '2025-07-14 00:00:00+00:00': 20564.075510622224, '2025-07-14 02:00:00+00:00': 20554.78042504528, '2025-07-14 04:00:00+00:00': 20564.237315520404, '2025-07-14 05:00:00+00:00': 20584.189754513525, '2025-07-14 07:00:00+00:00': 20562.228847090348, '2025-07-14 08:00:00+00:00': 20517.508610277004, '2025-07-14 12:00:00+00:00': 20725.522748216434, '2025-07-14 13:00:00+00:00': 20487.73478942604, '2025-07-14 16:00:00+00:00': 21293.524572413615, '2025-07-14 17:00:00+00:00': 20145.28710358502, '2025-07-14 18:00:00+00:00': 21288.98462937619, '2025-07-14 19:00:00+00:00': 21448.20043732265, '2025-07-15 02:00:00+00:00': 21388.802688639375, '2025-07-15 04:00:00+00:00': 21439.32514774304, '2025-07-15 12:00:00+00:00': 21387.154529391013, '2025-07-15 13:00:00+00:00': 21263.1703884933, '2025-07-15 15:00:00+00:00': 21498.876127412404, '2025-07-15 16:00:00+00:00': 21410.34807777811, '2025-07-15 17:00:00+00:00': 21436.337585647983, '2025-07-15 20:00:00+00:00': 21399.048568306942, '2025-07-15 21:00:00+00:00': 21505.6682866168, '2025-07-15 23:00:00+00:00': 21520.817046376123, '2025-07-16 00:00:00+00:00': 21559.865168969744, '2025-07-16 13:00:00+00:00': 21441.662938354948, '2025-07-16 18:00:00+00:00': 21495.074624323388, '2025-07-16 19:00:00+00:00': 21263.47651094228, '2025-07-17 02:00:00+00:00': 21506.6002348289