number,value,params_CONVERGENCE_THRESHOLD,params_FIXED_TRADE_PCT,params_MAX_HOLD_HOURS,params_MAX_POSITION_PCT,params_MIN_DIV,params_STOP_LOSS_PCT,params_TAKE_PROFIT_PCT,params_TRAIL_PCT,state,user_attrs_cooldown_trades_pct,user_attrs_equity_curves,user_attrs_total_trades
46,-0.18699476003155116,0.02,0.04,12,0.01,0.05,0.3,0.7,0.5,COMPLETE,4.607046070460704,"[{'2025-05-01 00:00:00+00:00': 10000.0, '2025-05-01 02:00:00+00:00': 10065.185770652803, '2025-05-01 06:00:00+00:00': 10046.164942145148, '2025-05-01 07:00:00+00:00': 10065.712368663486, '2025-05-01 11:00:00+00:00': 10110.120221609262, '2025-05-01 13:00:00+00:00': 10072.931865627423, '2025-05-01 15:00:00+00:00': 10171.000601980053, '2025-05-01 16:00:00+00:00': 10151.642608438628, '2025-05-01 17:00:00+00:00': 10170.805943000181, '2025-05-01 22:00:00+00:00': 10101.866881209484, '2025-05-02 01:00:00+00:00': 10171.295780000595, '2025-05-02 11:00:00+00:00': 10175.656932451455, '2025-05-02 13:00:00+00:00': 10168.895644831508, '2025-05-02 15:00:00+00:00': 10168.221173499676, '2025-05-02 16:00:00+00:00': 10154.803757299049, '2025-05-02 20:00:00+00:00': 10175.477605885313, '2025-05-03 10:00:00+00:00': 10153.885421769417, '2025-05-04 01:00:00+00:00': 10140.005286895554, '2025-05-04 14:00:00+00:00': 10104.884819738743, '2025-05-04 22:00:00+00:00': 10101.494450299177, '2025-05-05 00:00:00+00:00': 10099.736506989475, '2025-05-05 08:00:00+00:00': 10074.182863631684, '2025-05-05 10:00:00+00:00': 10116.428977473744, '2025-05-05 19:00:00+00:00': 10145.940378809473, '2025-05-06 05:00:00+00:00': 10135.79131709556, '2025-05-06 06:00:00+00:00': 10124.345578368966, '2025-05-06 10:00:00+00:00': 10116.638702278427, '2025-05-06 16:00:00+00:00': 10165.262389116899, '2025-05-06 17:00:00+00:00': 10163.93437109078, '2025-05-06 20:00:00+00:00': 10177.963584538582, '2025-05-07 01:00:00+00:00': 10424.09752134672, '2025-05-07 02:00:00+00:00': 10736.287371186498, '2025-05-07 04:00:00+00:00': 10775.465509268233, '2025-05-07 17:00:00+00:00': 10757.600507025907, '2025-05-07 18:00:00+00:00': 10770.08644110933, '2025-05-07 20:00:00+00:00': 10915.516597097905, '2025-05-08 04:00:00+00:00': 10989.927768523974, '2025-05-08 07:00:00+00:00': 10910.831040753781, '2025-05-08 11:00:00+00:00': 11077.640403981452, '2025-05-08 17:00:00+00:00': 11164.510449632104, '2025-05-08 19:00:00+00:00': 11077.083788841881, '2025-05-08 21:00:00+00:00': 11194.305638174712, '2025-05-08 22:00:00+00:00': 11237.52789779133, '2025-05-09 03:00:00+00:00': 11468.614906584678, '2025-05-09 08:00:00+00:00': 11439.951072488879, '2025-05-09 09:00:00+00:00': 11606.414785023897, '2025-05-09 14:00:00+00:00': 11613.724595051337, '2025-05-09 19:00:00+00:00': 11604.400639017695, '2025-05-09 21:00:00+00:00': 11616.444461117304, '2025-05-10 07:00:00+00:00': 11638.884188009226, '2025-05-10 08:00:00+00:00': 11638.15547203027, '2025-05-10 22:00:00+00:00': 11634.984137126932, '2025-05-11 00:00:00+00:00': 11727.710395038695, '2025-05-11 01:00:00+00:00': 11714.004048696454, '2025-05-12 19:00:00+00:00': 11796.188490103306, '2025-05-12 21:00:00+00:00': 11833.19966866493, '2025-05-14 08:00:00+00:00': 11808.02090349303, '2025-05-15 01:00:00+00:00': 11804.365411799226, '2025-05-16 03:00:00+00:00': 11878.862072734035, '2025-05-16 04:00:00+00:00': 11923.356648683226, '2025-05-16 11:00:00+00:00': 11948.146303997413, '2025-05-18 11:00:00+00:00': 12017.342684526371, '2025-05-18 16:00:00+00:00': 12188.305751494398, '2025-05-18 17:00:00+00:00': 12253.770388832878, '2025-05-19 00:00:00+00:00': 12456.219269090425, '2025-05-19 01:00:00+00:00': 12259.641489202582, '2025-05-19 08:00:00+00:00': 12512.443629714207, '2025-05-19 17:00:00+00:00': 12785.939654771486, '2025-05-19 20:00:00+00:00': 12796.551906908704, '2025-05-20 02:00:00+00:00': 12871.806226986564, '2025-05-20 05:00:00+00:00': 12885.766728775987, '2025-05-20 06:00:00+00:00': 12841.03185874343, '2025-05-20 08:00:00+00:00': 12922.874149616118, '2025-05-21 07:00:00+00:00': 13488.745014483895, '2025-05-21 08:00:00+00:00': 13488.246726278894, '2025-05-21 15:00:00+00:00': 13704.51180625314, '2025-05-21 18:00:00+00:00': 13679.972657375374, '2025-05-21 21:00:00+00:00': 13735.672718094816, '2025-05-22 04:00:00+00:00': 13912.036568051017, '2025-05-22 07:00:00+00:00': 13912.080815838628, '2025-05-22 09:00:00+00:00': 13942.418836899718, '2025-05-22 16:00:00+00:00': 13955.019747227167, '2025-05-23 00:00:00+00:00': 13951.908261708346, '2025-05-23 07:00:00+00:00': 13960.131091431054, '2025-05-23 22:00:00+00:00': 14143.867929241342, '2025-05-24 00:00:00+00:00': 14141.105035786177, '2025-05-24 08:00:00+00:00': 14153.578017598305, '2025-05-24 16:00:00+00:00': 14152.012791265142, '2025-05-24 23:00:00+00:00': 14153.37732772016, '2025-05-25 23:00:00+00:00': 14380.72426649567, '2025-05-27 02:00:00+00:00': 14428.130542313269, '2025-05-27 15:00:00+00:00': 14424.08396553187, '2025-05-28 06:00:00+00:00': 14476.268049022668, '2025-05-28 17:00:00+00:00': 14515.986799022668, '2025-05-28 20:00:00+00:00': 14507.393103353605, '2025-05-31 03:00:00+00:00': 14398.934751818591, '2025-05-31 04:00:00+00:00': 15005.180595638538, '2025-05-31 05:00:00+00:00': 15284.103756233462, '2025-05-31 06:00:00+00:00': 16374.01436247311, '2025-05-31 07:00:00+00:00': 16159.181824365387, '2025-05-31 09:00:00+00:00': 16838.151739234574, '2025-05-31 11:00:00+00:00': 15920.824980114996, '2025-05-31 12:00:00+00:00': 14568.851191807702, '2025-05-31 15:00:00+00:00': 14502.004364914112, '2025-05-31 16:00:00+00:00': 16830.495566893856, '2025-05-31 17:00:00+00:00': 16585.8770557898, '2025-05-31 19:00:00+00:00': 16915.49068330778, '2025-05-31 20:00:00+00:00': 16911.03504751376, '2025-05-31 22:00:00+00:00': 16904.89182440939, '2025-06-01 00:00:00+00:00': 16920.301991453856, '2025-06-01 01:00:00+00:00': 16941.429829326535, '2025-06-01 04:00:00+00:00': 16926.83662218097, '2025-06-01 06:00:00+00:00': 16876.600159946818, '2025-06-01 08:00:00+00:00': 16852.539451574605, '2025-06-01 09:00:00+00:00': 16818.243510475393, '2025-06-01 11:00:00+00:00': 16726.637866551817, '2025-06-01 13:00:00+00:00': 16612.235453204386, '2025-06-01 14:00:00+00:00': 16578.025983528947, '2025-06-01 15:00:00+00:00': 16566.30618039674, '2025-06-01 17:00:00+00:00': 16505.943663254664, '2025-06-01 19:00:00+00:00': 16480.519380574926, '2025-06-01 22:00:00+00:00': 16391.318055852906, '2025-06-02 00:00:00+00:00': 16387.27662196672, '2025-06-02 02:00:00+00:00': 16217.005992988847, '2025-06-02 04:00:00+00:00': 16176.522631888596, '2025-06-02 06:00:00+00:00': 16204.860985467847, '2025-06-02 07:00:00+00:00': 16209.077823578356, '2025-06-02 08:00:00+00:00': 16118.592023959625, '2025-06-02 10:00:00+00:00': 16126.73882413738, '2025-06-02 14:00:00+00:00': 15714.595303417085, '2025-06-02 15:00:00+00:00': 15873.837280256084, '2025-06-02 16:00:00+00:00': 15850.946634847602, '2025-06-02 17:00:00+00:00': 15864.124868464643, '2025-06-02 19:00:00+00:00': 15737.13536362367, '2025-06-02 21:00:00+00:00': 15722.17366084894, '2025-06-02 23:00:00+00:00': 15639.448874132906, '2025-06-03 00:00:00+00:00': 15711.313812515127, '2025-06-03 03:00:00+00:00': 15684.14146719725, '2025-06-03 04:00:00+00:00': 15785.862763618492, '2025-06-03 05:00:00+00:00': 15785.799990212812, '2025-06-03 07:00:00+00:00': 15484.160350315675, '2025-06-03 08:00:00+00:00': 15660.746284418601, '2025-06-03 10:00:00+00:00': 15756.318684634418, '2025-06-03 12:00:00+00:00': 15710.27874254283, '2025-06-03 15:00:00+00:00': 15289.37963285039, '2025-06-03 17:00:00+00:00': 15480.79700631207, '2025-06-03 18:00:00+00:00': 15487.67627604006, '2025-06-03 21:00:00+00:00': 15395.48708008463, '2025-06-03 23:00:00+00:00': 14897.404054939649, '2025-06-04 01:00:00+00:00': 15292.91525259209, '2025-06-04 04:00:00+00:00': 15213.714021367387, '2025-06-04 06:00:00+00:00': 15077.183529378966, '2025-06-04 07:00:00+00:00': 15050.112242007142, '2025-06-04 10:00:00+00:00': 14903.495541617296, '2025-06-04 12:00:00+00:00': 14876.29756085949, '2025-06-04 16:00:00+00:00': 14584.693924880175, '2025-06-04 19:00:00+00:00': 14641.74635040223, '2025-06-04 20:00:00+00:00': 14617.056746541813, '2025-06-04 23:00:00+00:00': 14628.286906795503, '2025-06-05 01:00:00+00:00': 14579.835671829143, '2025-06-05 03:00:00+00:00': 14549.559389256081, '2025-06-05 05:00:00+00:00': 14140.568222021911, '2025-06-05 06:00:00+00:00': 14469.212862958351, '2025-06-05 08:00:00+00:00': 14280.166403002328, '2025-06-05 09:00:00+00:00': 14258.74692455951, '2025-06-05 12:00:00+00:00': 14203.66652471852, '2025-06-05 13:00:00+00:00': 14643.143347105311, '2025-06-05 14:00:00+00:00': 14141.724667973602, '2025-06-05 16:00:00+00:00': 14365.754305068946, '2025-06-05 19:00:00+00:00': 15011.805365544202, '2025-06-05 21:00:00+00:00': 14859.659076814869, '2025-06-06 02:00:00+00:00': 15379.181647086587, '2025-06-06 03:00:00+00:00': 14900.583793466254, '2025-06-06 05:00:00+00:00': 15264.959466852772, '2025-06-06 07:00:00+00:00': 15008.647941934356, '2025-06-06 09:00:00+00:00': 15139.593597219648, '2025-06-06 10:00:00+00:00': 15381.446130083834, '2025-06-06 11:00:00+00:00': 15205.568061975251, '2025-06-06 18:00:00+00:00': 15170.684281170417, '2025-06-06 20:00:00+00:00': 15108.110483637261, '2025-06-06 22:00:00+00:00': 15021.645449458301, '2025-06-06 23:00:00+00:00': 14860.110612122558, '2025-06-07 00:00:00+00:00': 14792.82199903421, '2025-06-07 07:00:00+00:00': 14753.834884750728, '2025-06-07 09:00:00+00:00': 14816.554873612244, '2025-06-07 10:00:00+00:00': 14808.71650935257, '2025-06-07 11:00:00+00:00': 14751.98616300428, '2025-06-07 12:00:00+00:00': 14581.262769673393, '2025-06-07 13:00:00+00:00': 14514.018215676584, '2025-06-07 20:00:00+00:00': 14482.775606563351, '2025-06-07 22:00:00+00:00': 14412.80784042828, '2025-06-08 00:00:00+00:00': 14359.161260204584, '2025-06-08 01:00:00+00:00': 14412.772330024045, '2025-06-08 02:00:00+00:00': 14344.625171514894, '2025-06-08 09:00:00+00:00': 14332.469417066684, '2025-06-08 11:00:00+00:00': 14317.384286596593, '2025-06-08 13:00:00+00:00': 14274.190652423731, '2025-06-08 14:00:00+00:00': 14007.82939047292, '2025-06-08 15:00:00+00:00': 13911.051124013416, '2025-06-08 17:00:00+00:00': 13901.442816890169, '2025-06-08 22:00:00+00:00': 13528.36853002694, '2025-06-09 00:00:00+00:00': 13796.911752425875, '2025-06-09 02:00:00+00:00': 13782.169982316562, '2025-06-09 03:00:00+00:00': 13526.93469493732, '2025-06-09 04:00:00+00:00': 13532.831749561516, '2025-06-09 11:00:00+00:00': 13472.2569057674, '2025-06-09 12:00:00+00:00': 13263.120170719145, '2025-06-09 13:00:00+00:00': 13112.951453410844, '2025-06-09 15:00:00+00:00': 13229.32908199943, '2025-06-09 16:00:00+00:00': 13334.464247250895, '2025-06-09 17:00:00+00:00': 13249.413874284512, '2025-06-09 22:00:00+00:00': 13494.646507377636, '2025-06-09 23:00:00+00:00': 13517.711039175356, '2025-06-10 00:00:00+00:00': 13591.423474542775, '2025-06-10 01:00:00+00:00': 13323.4756192775, '2025-06-10 02:00:00+00:00': 12825.73513395312, '2025-06-10 05:00:00+00:00': 13631.25992994682, '2025-06-10 11:00:00+00:00': 13525.23462878956, '2025-06-10 12:00:00+00:00': 13247.616332652, '2025-06-10 13:00:00+00:00': 13334.174811368111, '2025-06-10 14:00:00+00:00': 13368.850625483095, '2025-06-10 15:00:00+00:00': 13375.326213706536, '2025-06-10 18:00:00+00:00': 13260.213507688417, '2025-06-10 19:00:00+00:00': 13207.079672588194, '2025-06-11 00:00:00+00:00': 13194.508907081945, '2025-06-11 01:00:00+00:00': 13166.058691361084, '2025-06-11 03:00:00+00:00': 13190.799644786377, '2025-06-11 04:00:00+00:00': 13122.953366041727, '2025-06-11 07:00:00+00:00': 13154.091817058743, '2025-06-11 13:00:00+00:00': 13145.597485075954, '2025-06-11 14:00:00+00:00': 13033.532149389193, '2025-06-11 15:00:00+00:00': 13044.288008312364, '2025-06-11 16:00:00+00:00': 12806.069620269094, '2025-06-11 17:00:00+00:00': 12816.951028648495, '2025-06-11 20:00:00+00:00': 12949.89962563023, '2025-06-11 21:00:00+00:00': 12788.658054212687, '2025-06-12 02:00:00+00:00': 12951.03431244455, '2025-06-12 03:00:00+00:00': 12750.726173747738, '2025-06-12 05:00:00+00:00': 12910.445762345056, '2025-06-12 06:00:00+00:00': 12946.56833069483, '2025-06-12 09:00:00+00:00': 12799.669778044763, '2025-06-12 12:00:00+00:00': 12732.853232252572, '2025-06-12 15:00:00+00:00': 12741.815080561168, '2025-06-12 16:00:00+00:00': 12696.523637525532, '2025-06-12 18:00:00+00:00': 12601.145775641206, '2025-06-12 19:00:00+00:00': 12510.433820124908, '2025-06-12 21:00:00+00:00': 12137.92516963952, '2025-06-12 22:00:00+00:00': 12284.500832364016, '2025-06-13 01:00:00+00:00': 13658.182841480655, '2025-06-13 02:00:00+00:00': 13838.803475105222, '2025-06-13 03:00:00+00:00': 13796.90971831091, '2025-06-13 10:00:00+00:00': 13798.496829574358, '2025-06-13 11:00:00+00:00': 13743.53226546088, '2025-06-13 14:00:00+00:00': 13566.163748472276, '2025-06-13 15:00:00+00:00': 13480.42705880892, '2025-06-13 17:00:00+00:00': 13429.150777615501, '2025-06-13 23:00:00+00:00': 13436.93698110562, '2025-06-14 00:00:00+00:00': 13465.506185093387, '2025-06-14 03:00:00+00:00': 13098.256601426647, '2025-06-14 04:00:00+00:00': 13014.64853854277, '2025-06-14 06:00:00+00:00': 12995.717112424665, '2025-06-14 12:00:00+00:00': 12892.895599533618, '2025-06-14 13:00:00+00:00': 12792.958330961565, '2025-06-14 16:00:00+00:00': 12618.016755507422, '2025-06-14 17:00:00+00:00': 12678.338169175557, '2025-06-14 19:00:00+00:00': 12695.495975206866, '2025-06-15 01:00:00+00:00': 12725.997374586039, '2025-06-15 02:00:00+00:00': 12731.671821750757, '2025-06-15 05:00:00+00:00': 12432.885684705978, '2025-06-15 06:00:00+00:00': 12360.732358134, '2025-06-15 08:00:00+00:00': 12324.324747450815, '2025-06-15 14:00:00+00:00': 12279.23613084813, '2025-06-15 15:00:00+00:00': 12277.727383302761, '2025-06-15 18:00:00+00:00': 12182.67962273015, '2025-06-15 19:00:00+00:00': 12135.247030406028, '2025-06-15 21:00:00+00:00': 12144.886279974855, '2025-06-16 03:00:00+00:00': 12157.055502518757, '2025-06-16 04:00:00+00:00': 12154.730772451416, '2025-06-16 07:00:00+00:00': 11778.373866296646, '2025-06-16 08:00:00+00:00': 11608.016075113888, '2025-06-16 16:00:00+00:00': 11670.246830168731, '2025-06-16 17:00:00+00:00': 11614.27546879474, '2025-06-16 18:00:00+00:00': 11349.627574167162, '2025-06-16 20:00:00+00:00': 11232.830922022462, '2025-06-16 21:00:00+00:00': 11055.310254157894, '2025-06-16 23:00:00+00:00': 10959.357992222669, '2025-06-17 00:00:00+00:00': 11095.521963274947, '2025-06-17 05:00:00+00:00': 11018.116352693733, '2025-06-17 06:00:00+00:00': 10976.160581131362, '2025-06-17 07:00:00+00:00': 10980.993378647065, '2025-06-17 09:00:00+00:00': 11258.646227405152, '2025-06-17 10:00:00+00:00': 11105.910179303724, '2025-06-17 11:00:00+00:00': 10868.293790256586, '2025-06-17 12:00:00+00:00': 11083.152572174118, '2025-06-17 13:00:00+00:00': 10968.588086592106, '2025-06-17 14:00:00+00:00': 10963.172510326247, '2025-06-17 16:00:00+00:00': 11141.050815124729, '2025-06-17 17:00:00+00:00': 10892.98813744823, '2025-06-17 22:00:00+00:00': 11235.038034909483, '2025-06-17 23:00:00+00:00': 11311.751618735687, '2025-06-18 02:00:00+00:00': 10894.22849492259, '2025-06-18 03:00:00+00:00': 10853.310946836877, '2025-06-18 04:00:00+00:00': 10985.145985238087, '2025-06-18 05:00:00+00:00': 10842.817804980203, '2025-06-18 06:00:00+00:00': 11086.797125454767, '2025-06-18 11:00:00+00:00': 10946.288349500252, '2025-06-18 12:00:00+00:00': 10914.09615354718, '2025-06-18 13:00:00+00:00': 10479.597260535142, '2025-06-18 15:00:00+00:00': 10881.088867777811, '2025-06-18 16:00:00+00:00': 10821.0109800084, '2025-06-18 17:00:00+00:00': 10751.584875524757, '2025-06-18 18:00:00+00:00': 10766.705037502332, '2025-06-18 19:00:00+00:00': 10003.78928633111, '2025-06-19 00:00:00+00:00': 10238.633552741492, '2025-06-19 01:00:00+00:00': 10192.502599514502, '2025-06-19 02:00:00+00:00': 10146.471425392332, '2025-06-19 04:00:00+00:00': 10096.152777550367, '2025-06-19 06:00:00+00:00': 9965.194401196926, '2025-06-19 07:00:00+00:00': 9859.540130973257, '2025-06-19 08:00:00+00:00': 9885.690744135261, '2025-06-19 13:00:00+00:00': 9784.663930849154, '2025-06-19 14:00:00+00:00': 9773.720350884367, '2025-06-19 15:00:00+00:00': 9704.302390395742, '2025-06-19 17:00:00+00:00': 9726.965236601074, '2025-06-19 19:00:00+00:00': 9750.656097912952, '2025-06-19 20:00:00+00:00': 9735.588957903314, '2025-06-19 21:00:00+00:00': 9644.56932613059, '2025-06-20 02:00:00+00:00': 9484.389222718748, '2025-06-20 03:00:00+00:00': 9429.49655437399, '2025-06-20 04:00:00+00:00': 9436.879683399527, '2025-06-20 06:00:00+00:00': 9352.029061682812, '2025-06-20 08:00:00+00:00': 9142.50248989181, '2025-06-20 10:00:00+00:00': 9007.117478807357, '2025-06-20 15:00:00+00:00': 8877.432836787506, '2025-06-20 16:00:00+00:00': 9184.071774040805, '2025-06-20 17:00:00+00:00': 9013.268194255901, '2025-06-20 18:00:00+00:00': 9049.860704850396, '2025-06-20 21:00:00+00:00': 9093.493591560378, '2025-06-20 23:00:00+00:00': 9252.150982751007, '2025-06-21 04:00:00+00:00': 9262.505087088644, '2025-06-21 05:00:00+00:00': 9348.592001907795, '2025-06-21 06:00:00+00:00': 9028.116429247564, '2025-06-21 07:00:00+00:00': 8907.662969832947, '2025-06-21 09:00:00+00:00': 8750.475460818105, '2025-06-21 10:00:00+00:00': 8882.454069078998, '2025-06-21 17:00:00+00:00': 8614.663540587413, '2025-06-21 18:00:00+00:00': 8620.080580020769, '2025-06-21 19:00:00+00:00': 8634.320234062357, '2025-06-21 20:00:00+00:00': 8506.651684908147, '2025-06-21 22:00:00+00:00': 9794.564684373412, '2025-06-21 23:00:00+00:00': 9165.371892433152, '2025-06-22 01:00:00+00:00': 9677.155488790362, '2025-06-22 08:00:00+00:00': 9824.522412934892, '2025-06-22 10:00:00+00:00': 9806.606141686972, '2025-06-22 11:00:00+00:00': 9787.421662463948, '2025-06-22 12:00:00+00:00': 9623.09812427503, '2025-06-22 13:00:00+00:00': 9561.05134070397, '2025-06-22 14:00:00+00:00': 10671.827078464203, '2025-06-22 15:00:00+00:00': 10578.789395911772, '2025-06-23 00:00:00+00:00': 10496.682224091466, '2025-06-23 01:00:00+00:00': 10510.521035492358, '2025-06-23 03:00:00+00:00': 10265.117563846848, '2025-06-23 05:00:00+00:00': 10151.286787500892, '2025-06-23 09:00:00+00:00': 9617.070279166219, '2025-06-23 13:00:00+00:00': 9996.505468306215, '2025-06-23 14:00:00+00:00': 9791.093708453545, '2025-06-23 19:00:00+00:00': 9183.346351506592, '2025-06-23 21:00:00+00:00': 9109.37643099165, '2025-06-23 23:00:00+00:00': 9057.356394175347, '2025-06-24 00:00:00+00:00': 9316.34816335678, '2025-06-24 02:00:00+00:00': 8917.37136922364, '2025-06-24 03:00:00+00:00': 8776.333480926754, '2025-06-24 06:00:00+00:00': 9415.109419584016, '2025-06-24 09:00:00+00:00': 8501.187624044907, '2025-06-24 12:00:00+00:00': 8695.34374342986, '2025-06-24 16:00:00+00:00': 8646.728718238028, '2025-06-24 17:00:00+00:00': 8328.504421585552, '2025-06-24 21:00:00+00:00': 8211.233030532581, '2025-06-25 05:00:00+00:00': 7998.784184786709, '2025-06-25 06:00:00+00:00': 7975.710511480622, '2025-06-25 10:00:00+00:00': 7872.822543597799, '2025-06-25 14:00:00+00:00': 7985.323845648656, '2025-06-25 16:00:00+00:00': 7837.2298165255415, '2025-06-26 02:00:00+00:00': 7666.474615039443, '2025-06-26 05:00:00+00:00': 7680.187342225269, '2025-06-26 13:00:00+00:00': 7562.742834068519, '2025-06-27 00:00:00+00:00': 7438.474466001353, '2025-06-30 21:00:00+00:00': 7435.923293721638, '2025-07-01 00:00:00+00:00': 7593.364748494217, '2025-07-01 04:00:00+00:00': 7426.047911117328, '2025-07-01 07:00:00+00:00': 7625.041565997914, '2025-07-01 08:00:00+00:00': 7389.638242431104, '2025-07-01 09:00:00+00:00': 7585.9854095661785, '2025-07-01 11:00:00+00:00': 7589.818166545783, '2025-07-01 12:00:00+00:00': 7620.147206559771, '2025-07-01 13:00:00+00:00': 7651.784202310243, '2025-07-01 15:00:00+00:00': 7628.9691168908475, '2025-07-01 18:00:00+00:00': 7640.970643914749, '2025-07-01 19:00:00+00:00': 7605.747802228039, '2025-07-01 21:00:00+00:00': 7576.809805221279, '2025-07-01 22:00:00+00:00': 7613.144128766663, '2025-07-02 00:00:00+00:00': 7652.077035862035, '2025-07-02 03:00:00+00:00': 7651.21494153502, '2025-07-02 04:00:00+00:00': 7636.909507188337, '2025-07-02 05:00:00+00:00': 7628.173701228177, '2025-07-02 08:00:00+00:00': 7525.738711433508, '2025-07-02 09:00:00+00:00': 7706.484620627282, '2025-07-02 10:00:00+00:00': 7720.378947372873, '2025-07-02 11:00:00+00:00': 7644.911540667947, '2025-07-02 13:00:00+00:00': 7571.333875232692, '2025-07-02 14:00:00+00:00': 7558.611652453743, '2025-07-02 15:00:00+00:00': 7560.600604860719, '2025-07-02 17:00:00+00:00': 7610.4290910047, '2025-07-02 18:00:00+00:00': 7611.494052491293, '2025-07-02 19:00:00+00:00': 7601.034546114769, '2025-07-02 20:00:00+00:00': 7573.945248893607, '2025-07-02 21:00:00+00:00': 7634.9630064518105, '2025-07-02 23:00:00+00:00': 7625.77792861836, '2025-07-03 03:00:00+00:00': 7627.78830815523, '2025-07-03 05:00:00+00:00': 7629.343523950104, '2025-07-03 07:00:00+00:00': 7615.763373152006, '2025-07-03 09:00:00+00:00': 7614.788591244744, '2025-07-03 10:00:00+00:00': 7608.140594804891, '2025-07-03 13:00:00+00:00': 7602.6476606619835, '2025-07-03 14:00:00+00:00': 7616.205960255363, '2025-07-03 15:00:00+00:00': 7614.4448865209415, '2025-07-03 16:00:00+00:00': 7768.104611626691, '2025-07-03 17:00:00+00:00': 7604.88575679042, '2025-07-03 18:00:00+00:00': 7771.275568665669, '2025-07-03 20:00:00+00:00': 7599.946452036609, '2025-07-04 02:00:00+00:00': 7760.148585595878, '2025-07-04 05:00:00+00:00': 7760.967349656165, '2025-07-04 08:00:00+00:00': 7855.765100214943, '2025-07-04 11:00:00+00:00': 7767.320382988812, '2025-07-04 13:00:00+00:00': 7838.881655546248, '2025-07-04 15:00:00+00:00': 7853.097404965434, '2025-07-04 17:00:00+00:00': 7861.283427224696, '2025-07-04 18:00:00+00:00': 7898.547540728385, '2025-07-04 20:00:00+00:00': 7893.083610622351, '2025-07-04 22:00:00+00:00': 7912.369378479774, '2025-07-05 00:00:00+00:00': 7896.209345180094, '2025-07-05 04:00:00+00:00': 7904.292878402325, '2025-07-05 08:00:00+00:00': 7893.899246606444, '2025-07-05 09:00:00+00:00': 7897.2048786918795, '2025-07-05 12:00:00+00:00': 7888.495580764588, '2025-07-05 13:00:00+00:00': 7882.116627861734, '