number,value,params_CONVERGENCE_THRESHOLD,params_FIXED_TRADE_PCT,params_MAX_HOLD_HOURS,params_MAX_POSITION_PCT,params_MIN_DIV,params_STOP_LOSS_PCT,params_TAKE_PROFIT_PCT,params_TRAIL_PCT,state,user_attrs_cooldown_trades_pct,user_attrs_equity_curves,user_attrs_total_trades
11,19.454246193031665,0.025,0.06,72,0.015,0.045,0.2,0.5,0.6,COMPLETE,2.4296675191815855,"[{'2025-05-01 00:00:00+00:00': 10000.0, '2025-05-01 02:00:00+00:00': 10096.82250483897, '2025-05-01 06:00:00+00:00': 10104.4788192672, '2025-05-01 07:00:00+00:00': 10105.271799928432, '2025-05-01 11:00:00+00:00': 10306.099895246887, '2025-05-01 13:00:00+00:00': 10116.14360558023, '2025-05-01 15:00:00+00:00': 10343.395425973627, '2025-05-01 16:00:00+00:00': 10198.04739451558, '2025-05-01 17:00:00+00:00': 10386.693443411039, '2025-05-02 13:00:00+00:00': 10294.206985558032, '2025-05-02 15:00:00+00:00': 10328.958012883726, '2025-05-02 16:00:00+00:00': 10315.696173854652, '2025-05-02 18:00:00+00:00': 10318.307148260705, '2025-05-02 20:00:00+00:00': 10342.194090826182, '2025-05-03 03:00:00+00:00': 10325.035951420348, '2025-05-03 23:00:00+00:00': 10318.101210344368, '2025-05-05 01:00:00+00:00': 10309.983028113134, '2025-05-05 02:00:00+00:00': 10327.940865634557, '2025-05-05 03:00:00+00:00': 10326.037061786654, '2025-05-05 14:00:00+00:00': 10349.105597982367, '2025-05-05 19:00:00+00:00': 10450.042453720233, '2025-05-05 23:00:00+00:00': 10300.023940631298, '2025-05-06 01:00:00+00:00': 10476.028830978272, '2025-05-06 10:00:00+00:00': 10434.810112996527, '2025-05-06 11:00:00+00:00': 10448.629289768569, '2025-05-06 16:00:00+00:00': 10548.501356971457, '2025-05-06 17:00:00+00:00': 10546.434228832355, '2025-05-06 20:00:00+00:00': 10568.269992156003, '2025-05-06 23:00:00+00:00': 10755.366099479876, '2025-05-07 00:00:00+00:00': 10707.678521656962, '2025-05-07 01:00:00+00:00': 10935.584288591, '2025-05-07 02:00:00+00:00': 11105.290170943941, '2025-05-07 04:00:00+00:00': 11166.07718838015, '2025-05-07 17:00:00+00:00': 11167.08583089955, '2025-05-07 18:00:00+00:00': 11368.778451415497, '2025-05-07 19:00:00+00:00': 11356.32977716985, '2025-05-07 20:00:00+00:00': 11363.72511085347, '2025-05-07 23:00:00+00:00': 11548.700154572074, '2025-05-08 04:00:00+00:00': 11657.571259263197, '2025-05-08 09:00:00+00:00': 11545.225267872855, '2025-05-08 16:00:00+00:00': 11757.4280650992, '2025-05-08 17:00:00+00:00': 11810.35866300961, '2025-05-08 19:00:00+00:00': 11804.256643931598, '2025-05-08 21:00:00+00:00': 11956.923962187217, '2025-05-08 22:00:00+00:00': 11954.053056915433, '2025-05-09 00:00:00+00:00': 12084.391494654748, '2025-05-09 03:00:00+00:00': 12166.344290727686, '2025-05-09 08:00:00+00:00': 12120.703083184846, '2025-05-09 09:00:00+00:00': 12366.945808632123, '2025-05-09 11:00:00+00:00': 12354.790548973282, '2025-05-09 14:00:00+00:00': 12366.352809006607, '2025-05-09 15:00:00+00:00': 12354.128339219465, '2025-05-09 18:00:00+00:00': 12345.681211902156, '2025-05-10 07:00:00+00:00': 12400.565145163491, '2025-05-10 22:00:00+00:00': 12394.332223572284, '2025-05-11 00:00:00+00:00': 12489.8674144767, '2025-05-11 01:00:00+00:00': 12513.06835879797, '2025-05-11 11:00:00+00:00': 12555.999077810795, '2025-05-11 13:00:00+00:00': 12550.982246386133, '2025-05-11 19:00:00+00:00': 12567.949273408733, '2025-05-12 01:00:00+00:00': 12564.14038488005, '2025-05-12 02:00:00+00:00': 12571.71142625189, '2025-05-12 12:00:00+00:00': 12571.473403169723, '2025-05-12 16:00:00+00:00': 12641.81823075593, '2025-05-12 19:00:00+00:00': 12656.71954103756, '2025-05-12 21:00:00+00:00': 12716.28625286114, '2025-05-13 01:00:00+00:00': 12712.214897200396, '2025-05-13 06:00:00+00:00': 12705.739406610137, '2025-05-13 08:00:00+00:00': 12744.825434428114, '2025-05-13 12:00:00+00:00': 12787.714239561119, '2025-05-13 20:00:00+00:00': 12808.784029196542, '2025-05-14 22:00:00+00:00': 12805.043124460655, '2025-05-15 01:00:00+00:00': 12799.096904196967, '2025-05-15 18:00:00+00:00': 13020.912021977663, '2025-05-15 21:00:00+00:00': 12853.444730283923, '2025-05-16 07:00:00+00:00': 13047.172393082797, '2025-05-16 11:00:00+00:00': 13087.535268768579, '2025-05-16 14:00:00+00:00': 13094.750697747917, '2025-05-16 16:00:00+00:00': 13103.783181525885, '2025-05-16 17:00:00+00:00': 13134.951653494156, '2025-05-17 05:00:00+00:00': 13203.56794272023, '2025-05-17 15:00:00+00:00': 13237.90632601889, '2025-05-17 18:00:00+00:00': 13247.100735837983, '2025-05-17 21:00:00+00:00': 13245.926137843198, '2025-05-17 22:00:00+00:00': 13237.681155505676, '2025-05-18 01:00:00+00:00': 13276.313246026226, '2025-05-18 06:00:00+00:00': 13278.599054021342, '2025-05-18 09:00:00+00:00': 13485.176650347328, '2025-05-18 17:00:00+00:00': 13603.960964072818, '2025-05-18 18:00:00+00:00': 13569.294297406152, '2025-05-19 00:00:00+00:00': 13769.980592716085, '2025-05-19 01:00:00+00:00': 13843.519918558783, '2025-05-19 04:00:00+00:00': 13890.299316804476, '2025-05-19 08:00:00+00:00': 13933.784165289324, '2025-05-19 16:00:00+00:00': 14306.474654084464, '2025-05-19 17:00:00+00:00': 14305.628411974832, '2025-05-19 18:00:00+00:00': 14311.444611994293, '2025-05-19 20:00:00+00:00': 14329.262229952506, '2025-05-20 02:00:00+00:00': 14510.107913321126, '2025-05-20 05:00:00+00:00': 14533.017004230216, '2025-05-20 06:00:00+00:00': 14514.928874236273, '2025-05-20 08:00:00+00:00': 14577.627305637881, '2025-05-20 12:00:00+00:00': 14565.675668563996, '2025-05-20 14:00:00+00:00': 14594.054676531467, '2025-05-20 16:00:00+00:00': 14643.800097508567, '2025-05-20 18:00:00+00:00': 14916.099817396522, '2025-05-20 20:00:00+00:00': 14765.956960253665, '2025-05-20 23:00:00+00:00': 15148.261979558683, '2025-05-21 07:00:00+00:00': 15170.292949222348, '2025-05-21 08:00:00+00:00': 15128.27629563197, '2025-05-21 15:00:00+00:00': 15480.824864115966, '2025-05-21 17:00:00+00:00': 15652.447377935554, '2025-05-21 18:00:00+00:00': 16597.95630650698, '2025-05-21 20:00:00+00:00': 16724.64861419929, '2025-05-21 21:00:00+00:00': 16766.88265675248, '2025-05-22 00:00:00+00:00': 16962.032682832534, '2025-05-22 01:00:00+00:00': 17026.802797775064, '2025-05-22 04:00:00+00:00': 17270.6521935644, '2025-05-22 07:00:00+00:00': 17324.115641266642, '2025-05-22 09:00:00+00:00': 17362.425500421574, '2025-05-22 15:00:00+00:00': 17419.291172063364, '2025-05-23 00:00:00+00:00': 17413.465325176894, '2025-05-23 07:00:00+00:00': 17428.85977419046, '2025-05-23 13:00:00+00:00': 17687.40407798793, '2025-05-24 00:00:00+00:00': 17539.431105014955, '2025-05-24 08:00:00+00:00': 17561.661874245725, '2025-05-24 14:00:00+00:00': 17575.771507762478, '2025-05-24 23:00:00+00:00': 17577.86709599777, '2025-05-25 23:00:00+00:00': 17805.214034773282, '2025-05-26 09:00:00+00:00': 17808.759244290803, '2025-05-26 16:00:00+00:00': 17841.72879937798, '2025-05-26 21:00:00+00:00': 17859.433717410768, '2025-05-27 02:00:00+00:00': 17882.53590719179, '2025-05-27 15:00:00+00:00': 17874.403781766796, '2025-05-28 20:00:00+00:00': 18037.189854240172, '2025-05-29 06:00:00+00:00': 18017.37968157384, '2025-05-29 18:00:00+00:00': 18023.957433513828, '2025-05-31 03:00:00+00:00': 17502.40858620676, '2025-05-31 04:00:00+00:00': 17586.576474338046, '2025-05-31 05:00:00+00:00': 17853.480014778186, '2025-05-31 06:00:00+00:00': 19633.153785326336, '2025-05-31 07:00:00+00:00': 19443.859576874365, '2025-05-31 08:00:00+00:00': 20016.201142687107, '2025-05-31 09:00:00+00:00': 19813.490641554545, '2025-05-31 14:00:00+00:00': 20570.622438983402, '2025-05-31 16:00:00+00:00': 19802.604666734813, '2025-06-01 01:00:00+00:00': 20330.547319554673, '2025-06-01 10:00:00+00:00': 20235.437253798216, '2025-06-01 13:00:00+00:00': 20358.122438983402, '2025-06-02 10:00:00+00:00': 20461.192439669594, '2025-06-02 12:00:00+00:00': 17732.84534632145, '2025-06-02 14:00:00+00:00': 20252.095457039853, '2025-06-02 22:00:00+00:00': 20255.16629888753, '2025-06-02 23:00:00+00:00': 20467.70615321955, '2025-06-03 00:00:00+00:00': 17757.49257342742, '2025-06-03 01:00:00+00:00': 20519.353521555982, '2025-06-03 02:00:00+00:00': 20198.95939092934, '2025-06-03 03:00:00+00:00': 20647.6849047165, '2025-06-03 07:00:00+00:00': 20167.50491987516, '2025-06-03 10:00:00+00:00': 20568.72975310243, '2025-06-03 15:00:00+00:00': 20009.76480971362, '2025-06-03 21:00:00+00:00': 20960.948614995403, '2025-06-03 23:00:00+00:00': 20960.422463251343, '2025-06-04 04:00:00+00:00': 19916.552019839088, '2025-06-04 05:00:00+00:00': 20968.313853610995, '2025-06-04 07:00:00+00:00': 20201.308515089306, '2025-06-04 09:00:00+00:00': 21314.674630913458, '2025-06-04 16:00:00+00:00': 21322.091308790838, '2025-06-04 22:00:00+00:00': 22079.10536507996, '2025-06-05 05:00:00+00:00': 22077.40406354559, '2025-06-05 13:00:00+00:00': 20970.008313285674, '2025-06-05 16:00:00+00:00': 22061.143087838078, '2025-06-05 17:00:00+00:00': 20161.853816615974, '2025-06-05 18:00:00+00:00': 21922.018087838078, '2025-06-05 19:00:00+00:00': 21422.193591954252, '2025-06-05 20:00:00+00:00': 20563.494204273644, '2025-06-05 21:00:00+00:00': 21294.944851140142, '2025-06-06 02:00:00+00:00': 22315.93499715109, '2025-06-06 04:00:00+00:00': 21805.474257052614, '2025-06-06 08:00:00+00:00': 22017.974257052614, '2025-06-06 09:00:00+00:00': 21010.84012294726, '2025-06-06 10:00:00+00:00': 21629.803056829478, '2025-06-06 11:00:00+00:00': 21857.761453121784, '2025-06-06 13:00:00+00:00': 22022.626317986647, '2025-06-06 14:00:00+00:00': 22051.41075237267, '2025-06-06 15:00:00+00:00': 22319.968746910927, '2025-06-07 02:00:00+00:00': 21262.01021064795, '2025-06-07 14:00:00+00:00': 21373.408618999627, '2025-06-07 16:00:00+00:00': 21517.922507888517, '2025-06-07 21:00:00+00:00': 21321.50660302487, '2025-06-08 13:00:00+00:00': 22175.707724423817, '2025-06-08 22:00:00+00:00': 22466.503208539314, '2025-06-09 06:00:00+00:00': 20786.530629294586, '2025-06-09 09:00:00+00:00': 21992.626317986647, '2025-06-09 10:00:00+00:00': 21464.207039181736, '2025-06-09 11:00:00+00:00': 21185.986669815797, '2025-06-09 12:00:00+00:00': 20912.38184326979, '2025-06-09 13:00:00+00:00': 21206.520148525848, '2025-06-09 15:00:00+00:00': 21455.91338268589, '2025-06-09 16:00:00+00:00': 21306.691887666584, '2025-06-09 18:00:00+00:00': 21084.290186298713, '2025-06-09 19:00:00+00:00': 21503.993565311037, '2025-06-09 22:00:00+00:00': 20545.50073849109, '2025-06-09 23:00:00+00:00': 21165.096637911618, '2025-06-10 01:00:00+00:00': 20985.86586868085, '2025-06-10 02:00:00+00:00': 20317.627567441366, '2025-06-10 12:00:00+00:00': 20309.406872778625, '2025-06-10 13:00:00+00:00': 20181.186529705516, '2025-06-10 17:00:00+00:00': 20211.880183689515, '2025-06-10 20:00:00+00:00': 19756.24162277836, '2025-06-11 00:00:00+00:00': 19734.16416500807, '2025-06-11 05:00:00+00:00': 20825.925993245197, '2025-06-11 15:00:00+00:00': 19947.102405911737, '2025-06-11 16:00:00+00:00': 19809.32462813396, '2025-06-11 17:00:00+00:00': 19799.211399040043, '2025-06-11 21:00:00+00:00': 21427.706510171214, '2025-06-12 06:00:00+00:00': 20252.73626309354, '2025-06-12 08:00:00+00:00': 19679.667093887383, '2025-06-12 16:00:00+00:00': 21362.575713575665, '2025-06-12 17:00:00+00:00': 20828.1832976796, '2025-06-12 19:00:00+00:00': 20391.22726853528, '2025-06-12 20:00:00+00:00': 21514.16236316434, '2025-06-12 21:00:00+00:00': 21477.557630364743, '2025-06-13 01:00:00+00:00': 21652.03922633673, '2025-06-13 02:00:00+00:00': 21981.298485595988, '2025-06-13 03:00:00+00:00': 21673.074109249552, '2025-06-13 13:00:00+00:00': 21184.81984757245, '2025-06-13 16:00:00+00:00': 21752.372003986395, '2025-06-13 17:00:00+00:00': 21613.732003986395, '2025-06-14 01:00:00+00:00': 21534.98839496384, '2025-06-14 19:00:00+00:00': 21318.011336934152, '2025-06-16 02:00:00+00:00': 21450.116600092046, '2025-06-16 03:00:00+00:00': 20903.48621886177, '2025-06-16 05:00:00+00:00': 20362.131552543255, '2025-06-16 06:00:00+00:00': 20601.5759969877, '2025-06-16 08:00:00+00:00': 20078.94555852643, '2025-06-16 14:00:00+00:00': 20212.874129955002, '2025-06-16 15:00:00+00:00': 19476.243392179615, '2025-06-16 17:00:00+00:00': 19564.1029305107, '2025-06-16 20:00:00+00:00': 19831.25615507031, '2025-06-16 21:00:00+00:00': 19431.506776664548, '2025-06-16 23:00:00+00:00': 20355.134852492167, '2025-06-17 00:00:00+00:00': 19618.795783090532, '2025-06-17 02:00:00+00:00': 20000.159210787726, '2025-06-17 06:00:00+00:00': 20136.720218345825, '2025-06-17 08:00:00+00:00': 20228.495128901868, '2025-06-17 12:00:00+00:00': 20508.73424900262, '2025-06-17 13:00:00+00:00': 19962.53891392348, '2025-06-17 15:00:00+00:00': 20052.112448947606, '2025-06-17 16:00:00+00:00': 19817.07859708238, '2025-06-17 17:00:00+00:00': 19783.856775856464, '2025-06-17 20:00:00+00:00': 18871.069887452726, '2025-06-17 22:00:00+00:00': 18612.043544658198, '2025-06-18 04:00:00+00:00': 19476.109488058122, '2025-06-18 05:00:00+00:00': 18462.718147832802, '2025-06-18 13:00:00+00:00': 19068.34759886437, '2025-06-18 18:00:00+00:00': 19338.23063980004, '2025-06-18 19:00:00+00:00': 19200.452862022263, '2025-06-19 01:00:00+00:00': 18744.754330890275, '2025-06-19 07:00:00+00:00': 17749.899332506564, '2025-06-19 11:00:00+00:00': 17909.232665839896, '2025-06-19 23:00:00+00:00': 18925.459667829888, '2025-06-20 00:00:00+00:00': 20128.091903095417, '2025-06-20 02:00:00+00:00': 18039.72816133539, '2025-06-20 04:00:00+00:00': 18186.128161335393, '2025-06-20 08:00:00+00:00': 16822.253862666257, '2025-06-20 09:00:00+00:00': 16960.735722118265, '2025-06-20 11:00:00+00:00': 17092.840985276158, '2025-06-20 15:00:00+00:00': 17124.476790380093, '2025-06-20 17:00:00+00:00': 17105.255236529785, '2025-06-20 18:00:00+00:00': 17866.46866029879, '2025-06-21 08:00:00+00:00': 17800.029180444577, '2025-06-21 09:00:00+00:00': 17728.685117494708, '2025-06-21 10:00:00+00:00': 18005.780355589948, '2025-06-21 16:00:00+00:00': 18113.417234816698, '2025-06-21 17:00:00+00:00': 17871.851784161376, '2025-06-21 20:00:00+00:00': 19418.873458387887, '2025-06-21 22:00:00+00:00': 19265.512236386534, '2025-06-22 01:00:00+00:00': 19335.500576416765, '2025-06-22 03:00:00+00:00': 19856.477742926578, '2025-06-22 10:00:00+00:00': 19981.41822902156, '2025-06-22 14:00:00+00:00': 20378.11635014121, '2025-06-22 15:00:00+00:00': 20513.986374030927, '2025-06-22 16:00:00+00:00': 20596.145666102122, '2025-06-22 23:00:00+00:00': 20027.388526695242, '2025-06-23 01:00:00+00:00': 19696.241548673264, '2025-06-23 03:00:00+00:00': 20380.51970736426, '2025-06-23 05:00:00+00:00': 19271.557889549647, '2025-06-23 09:00:00+00:00': 18757.32648929451, '2025-06-23 13:00:00+00:00': 19420.373150593823, '2025-06-23 17:00:00+00:00': 19001.208842235686, '2025-06-23 18:00:00+00:00': 18463.248647014465, '2025-06-23 19:00:00+00:00': 18310.463836887884, '2025-06-23 20:00:00+00:00': 18690.16594024755, '2025-06-23 22:00:00+00:00': 18849.22620742837, '2025-06-23 23:00:00+00:00': 18343.036914111417, '2025-06-24 00:00:00+00:00': 18976.314533361965, '2025-06-24 02:00:00+00:00': 18157.836914111416, '2025-06-24 03:00:00+00:00': 17823.466434556336, '2025-06-24 07:00:00+00:00': 17685.68865677856, '2025-06-24 09:00:00+00:00': 17489.652620742523, '2025-06-24 15:00:00+00:00': 18025.731650953523, '2025-06-24 17:00:00+00:00': 17167.81300990922, '2025-06-24 21:00:00+00:00': 17011.90084884272, '2025-06-25 02:00:00+00:00': 16837.71165965353, '2025-06-25 05:00:00+00:00': 17359.479676575887, '2025-06-25 07:00:00+00:00': 16703.78308822496, '2025-06-25 08:00:00+00:00': 16548.63788926486, '2025-06-25 14:00:00+00:00': 17030.174502642527, '2025-06-25 15:00:00+00:00': 16684.536174920868, '2025-06-25 16:00:00+00:00': 16492.225417948757, '2025-06-26 02:00:00+00:00': 16823.81086627889, '2025-06-26 10:00:00+00:00': 16357.674519745164, '2025-06-26 14:00:00+00:00': 16192.163836976579, '2025-06-26 16:00:00+00:00': 16041.236101258151, '2025-06-27 00:00:00+00:00': 15849.70554318736, '2025-06-30 20:00:00+00:00': 15717.817166932255, '2025-06-30 21:00:00+00:00': 15713.990408512682, '2025-06-30 23:00:00+00:00': 15988.157534818143, '2025-07-01 00:00:00+00:00': 16060.967282813132, '2025-07-01 02:00:00+00:00': 16055.730649559506, '2025-07-01 04:00:00+00:00': 16008.219101888153, '2025-07-01 05:00:00+00:00': 16022.774687738118, '2025-07-01 07:00:00+00:00': 16027.092369948141, '2025-07-01 08:00:00+00:00': 16019.222845849828, '2025-07-01 10:00:00+00:00': 16030.78548735271, '2025-07-01 11:00:00+00:00': 16049.97100025639, '2025-07-01 13:00:00+00:00': 16099.453548507068, '2025-07-01 15:00:00+00:00': 15971.429378748522, '2025-07-01 18:00:00+00:00': 16019.509000711632, '2025-07-01 20:00:00+00:00': 15935.376386049446, '2025-07-02 00:00:00+00:00': 16112.110042244938, '2025-07-02 05:00:00+00:00': 16100.132888056836, '2025-07-02 08:00:00+00:00': 16002.827552495502, '2025-07-02 13:00:00+00:00': 16246.036329958044, '2025-07-02 14:00:00+00:00': 16230.520070515322, '2025-07-02 15:00:00+00:00': 15944.83356028042, '2025-07-02 17:00:00+00:00': 16317.202290990694, '2025-07-02 18:00:00+00:00': 16299.248583703873, '2025-07-02 19:00:00+00:00': 16244.279519238014, '2025-07-02 20:00:00+00:00': 16285.578205948936, '2025-07-02 21:00:00+00:00': 16342.057329839376, '2025-07-02 22:00:00+00:00': 16330.89031052138, '2025-07-02 23:00:00+00:00': 16310.12949607761, '2025-07-03 00:00:00+00:00': 16336.020961715843, '2025-07-03 03:00:00+00:00': 16331.572565983512, '2025-07-03 05:00:00+00:00': 16350.288475838757, '2025-07-03 07:00:00+00:00': 16350.881566746657, '2025-07-03 09:00:00+00:00': 16349.4089665635, '2025-07-03 10:00:00+00:00': 16339.45185852535, '2025-07-03 13:00:00+00:00': 16339.37290415306, '2025-07-03 14:00:00+00:00': 16348.921412523394, '2025-07-03 16:00:00+00:00': 16403.457062428944, '2025-07-03 17:00:00+00:00': 16342.779398962663, '2025-07-03 18:00:00+00:00': 16403.888278570892, '2025-07-03 20:00:00+00:00': 16408.174999928633, '2025-07-04 02:00:00+00:00': 16385.040250372913, '2025-07-04 03:00:00+00:00': 16448.843982930473, '2025-07-04 05:00:00+00:00': 16442.19342305414, '2025-07-04 08:00:00+00:00': 16508.23854175777, '2025-07-04 13:00:00+00:00': 16512.65562551614, '2025-07-04 16:00:00+00:00': 16516.961092860052, '2025-07-04 17:00:00+00:00': 16608.502044358258, '2025-07-04 18:00:00+00:00': 16610.322107945587, '2025-07-04 20:00:00+00:00': 16602.50904292455, '2025-07-04 22:00:00+00:00': 16618.983888279905, '2025-07-05 00:00:00+00:00': 16614.20447837487, '2025-07-06 06:00:00+00:00': 16616.034602297794, '2025-07-06 13:00:00+00:00': 16610.323988693908, '2025-07-06 17:00:00+00:00': 16386.258260782382, '2025-07-06 19:00:00+00:00': 16588.297527984123, '2025-07-06 21:00:00+00:00': 16580.6621977584, '2025-07-06 23:00:00+00:00': 16393.191785319945, '2025-07-07 01:00:00+00:00': 16618.495979839434, '2025-07-07 05:00:00+00:00': 16626.060965148637, '2025-07-07 07:00:00+00:00': 16513.016934962856, '2025-07-07 08:00:00+00:00': 16503.677835340346, '2025-07-07 12:00:00+00:00': 16572.319899785543, '2025-07-07 13:00:00+00:00': 16570.729510607605, '2025-07-07 14:00:00+00:00': 16559.34396386174, '2025-07-07 17:00:00+00:00': 16554.238651397856, '2025-07-07 18:00:00+00:00': 16638.87501503422, '2025-07-07 21:00:00+00:00': 16620.038783209508, '2025-07-07 23:00:00+00:00': 16624.893966693682, '2025-07-08 01:00:00+00:00': 16615.261794980535, '2025-07-08 03:00:00+00:00': 16624.258152912997, '2025-07-08 10:00:00+00:00': 16650.90261655049, '2025-07-08 13:00:00+00:00': 16638.506166789346, '2025-07-08 14:00:00+00:00': 16644.61444058153, '2025-07-08 16:00:00+00:00': 16720.390340968785, '2025-07-08 17:00:00+00:00': 16640.130628444622, '2025-07-08 18:00:00+00:00': 16741.13191779989, '2025-07-08 21:00:00+00:00': 16736.25781646555, '2025-07-09 03:00:00+00:00': 16716.874785780536, '2025-07-09 04:00:00+00:00': 16741.168115930377, '2025-07-09 05:00:00+00:00': 16729.56229482815, '2025-07-09 06:00:00+00:00': 16776.473947887476, '2025-07-09 08:00:00+00:00': 16624.70422487244, '2025-07-09 10:00:00+00:00': 16796.056396532076, '2025-07-09 12:00:00+00:00': 16766.043461004883, '2025-07-09 13:00:00+00:00': 16797.348326728363, '2025-07-09 15:00:00+00:00': 16784.06997922947, '2025-07-09 18:00:00+00:00': 16790.697507473596, '2025-07-09 19:00:00+00:00': 16687.858793373634, '2025-07-09 20:00:00+00:00': 16680.98764780285, '2025-07-09 21:00:00+00:00': 16929.7015142386, '2025-07-10 01:00:00+00:00': 16926.522674494863, '2025-07-10 02:00:00+00:00': 16917.052990435517, '2025-07-10 03:00:00+00:00': 16756.649413057512, '2025-07-10 06:00:00+00:00': 16899.570521097216, '2025-07-10 08:00:00+00:00': 16894.577582130616, '2025-07-10 09:00:00+00:00': 16890.86984355942, '2025-07-10 10:00:00+00:00': 16909.068191422255, '2025-07-10 14:00:00+00:00': 16901.89853379038, '2025-07-10 15:00:00+00:00': 16904.757493176527, '2025-07-10 16:00:00+00:00': 16914.09279269503, '2025-07-10 18:00:00+00:00': 17036.06666457811, '2025-07-10 19:00:00+00:00': 17088.303850520144, '2025-07-10 22:00:00+00:00': 17597.359517675366, '2025-07-10 23:00:00+00:00': 17248.086459215796, '2025-07-11 01:00:00+00:00': 17657.4834136935, '2025-07-11 06:00:00+00:00': 17672.51565753715, '2025-07-11 08:00:00+00:00': 17662.11543072581, '2025-07-11 10:00:00+00:00': 17659.67847471983, '2025-07-11 12:00:00+00:00': 17642.066359018438, '2025-07-11 16:00:00+00:00': 17669.306920616207, '2025-07-11 18:00:00+00:00': 17574.682714925493, '2025-07-11 21:00:00+00:00': 17755.410533750633, '2025-07-11 23:00:00+00:00': 17710.82404253516, '2025-07-12 01:00:00+00:00': 17756.381332998382, '2025-07-12 05:00:00+00:00': 17758.400852722505, '2025-07-12 08:00:00+00:00': 17756.691293784887, '2025-07-12 13:00:00+00:00': 17793.380753379563, '2025-07-12 16:00:00+00:00': 17885.52705632925, '2025-07-12 21:00:00+00:00': 17923.665393526462, '2025-07-13 01:00:00+00:00': 17919.626013957295, '2025-07-13 11:00:00+00:00': 17931.47863549725, '2025-07-13 12:00:00+00:00': 17553.435807710983, '2025-07-13 17:00:00+00:00': 17865.97130416986, '2025-07-13 22:00:00+00:00': 18036.44577587257, '2025-07-13 23:00:00+00:00': 17956.369373129794, '2025-07-14 00:00:00+00:00': 18018.66090231046, '2025-07-14 02:00:00+00:00': 18009.423026327815, '2025-07-14 04:00:00+00:00': 18018.89391619206, '2025-07-14 05:00:00+00:00': 1803