number,value,params_CONVERGENCE_THRESHOLD,params_FIXED_TRADE_PCT,params_MAX_HOLD_HOURS,params_MAX_POSITION_PCT,params_MIN_DIV,params_STOP_LOSS_PCT,params_TAKE_PROFIT_PCT,params_TRAIL_PCT,state,user_attrs_cooldown_trades_pct,user_attrs_equity_curves,user_attrs_total_trades
28,7.06712523528559,0.025,0.045,24,0.015,0.045,0.3,0.5,0.6,COMPLETE,2.5386313465783665,"[{'2025-05-01 00:00:00+00:00': 10000.0, '2025-05-01 02:00:00+00:00': 10073.154343158138, '2025-05-01 06:00:00+00:00': 10078.979023113227, '2025-05-01 07:00:00+00:00': 10079.5722577268, '2025-05-01 11:00:00+00:00': 10275.275992402343, '2025-05-01 13:00:00+00:00': 10087.705375232856, '2025-05-01 15:00:00+00:00': 10242.252762732964, '2025-05-01 16:00:00+00:00': 10204.159393945447, '2025-05-01 17:00:00+00:00': 10266.190482611853, '2025-05-02 10:00:00+00:00': 10141.972105508003, '2025-05-02 13:00:00+00:00': 10237.199131450596, '2025-05-02 15:00:00+00:00': 10231.1653723617, '2025-05-02 16:00:00+00:00': 10221.239272403242, '2025-05-02 20:00:00+00:00': 10241.003022669453, '2025-05-03 03:00:00+00:00': 10228.260328326112, '2025-05-03 23:00:00+00:00': 10223.108021542263, '2025-05-04 00:00:00+00:00': 10222.485276264862, '2025-05-04 22:00:00+00:00': 10188.7346142077, '2025-05-05 00:00:00+00:00': 10225.400247582122, '2025-05-05 01:00:00+00:00': 10232.816941019664, '2025-05-05 02:00:00+00:00': 10230.3293154336, '2025-05-05 03:00:00+00:00': 10228.907378782777, '2025-05-05 11:00:00+00:00': 10251.700832179085, '2025-05-05 14:00:00+00:00': 10246.253075129298, '2025-05-05 19:00:00+00:00': 10322.080060146789, '2025-05-05 20:00:00+00:00': 10250.832387634933, '2025-05-05 23:00:00+00:00': 10216.91077904665, '2025-05-06 01:00:00+00:00': 10341.432192187103, '2025-05-06 10:00:00+00:00': 10310.849237746592, '2025-05-06 11:00:00+00:00': 10321.146559475834, '2025-05-06 16:00:00+00:00': 10395.384990882309, '2025-05-06 17:00:00+00:00': 10393.857148767283, '2025-05-06 20:00:00+00:00': 10409.99704494896, '2025-05-07 00:00:00+00:00': 10523.066706619593, '2025-05-07 01:00:00+00:00': 10661.635607613269, '2025-05-07 02:00:00+00:00': 10831.34148996621, '2025-05-07 04:00:00+00:00': 10875.807118545468, '2025-05-07 17:00:00+00:00': 10876.539710037589, '2025-05-07 18:00:00+00:00': 10942.702027546213, '2025-05-07 20:00:00+00:00': 10938.990577023138, '2025-05-07 23:00:00+00:00': 11074.94699591683, '2025-05-08 04:00:00+00:00': 11155.93516218148, '2025-05-08 09:00:00+00:00': 11072.365508889587, '2025-05-08 16:00:00+00:00': 11336.286521849994, '2025-05-08 17:00:00+00:00': 11355.17698427456, '2025-05-08 19:00:00+00:00': 11350.776852879148, '2025-05-08 21:00:00+00:00': 11467.564466568101, '2025-05-08 22:00:00+00:00': 11465.480687055067, '2025-05-09 00:00:00+00:00': 11578.767870828453, '2025-05-09 03:00:00+00:00': 11637.895526912731, '2025-05-09 08:00:00+00:00': 11604.862075993666, '2025-05-09 09:00:00+00:00': 11782.638192564717, '2025-05-09 11:00:00+00:00': 11773.9524772972, '2025-05-09 14:00:00+00:00': 11782.275161838996, '2025-05-09 15:00:00+00:00': 11773.537842956692, '2025-05-09 18:00:00+00:00': 11781.451439417508, '2025-05-10 07:00:00+00:00': 11807.040676748276, '2025-05-10 08:00:00+00:00': 11806.223272514238, '2025-05-10 22:00:00+00:00': 11802.589728874074, '2025-05-11 00:00:00+00:00': 11893.303460421925, '2025-05-11 01:00:00+00:00': 11848.133262070434, '2025-05-11 13:00:00+00:00': 11920.330486738774, '2025-05-11 19:00:00+00:00': 11932.441306123337, '2025-05-12 01:00:00+00:00': 11935.108925481267, '2025-05-12 02:00:00+00:00': 11937.832460529104, '2025-05-12 16:00:00+00:00': 11991.456972042797, '2025-05-12 21:00:00+00:00': 12044.42224718302, '2025-05-13 01:00:00+00:00': 12041.530062759752, '2025-05-13 06:00:00+00:00': 12036.929675539019, '2025-05-13 08:00:00+00:00': 12064.846129584012, '2025-05-13 12:00:00+00:00': 12095.29653692425, '2025-05-13 20:00:00+00:00': 12110.24322807074, '2025-05-14 22:00:00+00:00': 12107.590560213586, '2025-05-15 01:00:00+00:00': 12103.373799697798, '2025-05-15 18:00:00+00:00': 12223.279025495647, '2025-05-15 21:00:00+00:00': 12262.988658624308, '2025-05-16 07:00:00+00:00': 12281.72765176706, '2025-05-16 11:00:00+00:00': 12310.396628847106, '2025-05-16 14:00:00+00:00': 12322.093193044511, '2025-05-16 16:00:00+00:00': 12344.023381024537, '2025-05-16 17:00:00+00:00': 12344.21747393772, '2025-05-17 05:00:00+00:00': 12354.991535524316, '2025-05-17 15:00:00+00:00': 12416.866715633454, '2025-05-17 18:00:00+00:00': 12423.379609266904, '2025-05-17 21:00:00+00:00': 12422.547726880084, '2025-05-17 22:00:00+00:00': 12416.707214584443, '2025-05-18 01:00:00+00:00': 12443.921391002768, '2025-05-18 06:00:00+00:00': 12445.528261137519, '2025-05-18 09:00:00+00:00': 12591.644541990023, '2025-05-18 15:00:00+00:00': 12579.008879624636, '2025-05-18 17:00:00+00:00': 12686.19341267255, '2025-05-18 18:00:00+00:00': 12660.861870043791, '2025-05-19 00:00:00+00:00': 12802.307965163776, '2025-05-19 08:00:00+00:00': 12941.239760386743, '2025-05-19 16:00:00+00:00': 13201.83142179578, '2025-05-19 17:00:00+00:00': 13201.245745767434, '2025-05-19 18:00:00+00:00': 13205.297562729485, '2025-05-19 20:00:00+00:00': 13324.511796522138, '2025-05-20 02:00:00+00:00': 13360.156998115304, '2025-05-20 05:00:00+00:00': 13364.36168676382, '2025-05-20 06:00:00+00:00': 13347.572246987158, '2025-05-20 16:00:00+00:00': 13453.298831164766, '2025-05-20 18:00:00+00:00': 13703.193398107072, '2025-05-20 20:00:00+00:00': 13562.95567382011, '2025-05-20 23:00:00+00:00': 13935.355560269234, '2025-05-21 08:00:00+00:00': 13921.62874071234, '2025-05-21 17:00:00+00:00': 14319.648150842222, '2025-05-21 18:00:00+00:00': 15288.796109567607, '2025-05-21 20:00:00+00:00': 15415.488417259916, '2025-05-21 21:00:00+00:00': 15457.722459813107, '2025-05-22 00:00:00+00:00': 15608.947931819823, '2025-05-22 01:00:00+00:00': 15671.69213298577, '2025-05-22 04:00:00+00:00': 15840.634756217247, '2025-05-22 09:00:00+00:00': 15915.722103782902, '2025-05-22 15:00:00+00:00': 15960.2382815732, '2025-05-23 00:00:00+00:00': 15956.234879386155, '2025-05-23 07:00:00+00:00': 15966.814513007846, '2025-05-23 13:00:00+00:00': 16154.268097863427, '2025-05-24 00:00:00+00:00': 16014.932264908732, '2025-05-24 08:00:00+00:00': 16030.82375310232, '2025-05-24 14:00:00+00:00': 16040.483532872066, '2025-05-24 23:00:00+00:00': 16042.223483433656, '2025-05-25 23:00:00+00:00': 16269.570422209166, '2025-05-26 09:00:00+00:00': 16272.000006983917, '2025-05-26 16:00:00+00:00': 16294.593408631792, '2025-05-26 21:00:00+00:00': 16308.44791396893, '2025-05-27 02:00:00+00:00': 16329.915847421487, '2025-05-27 13:00:00+00:00': 16327.143336024206, '2025-05-27 15:00:00+00:00': 16323.541691588729, '2025-05-28 17:00:00+00:00': 16446.018752021326, '2025-05-28 20:00:00+00:00': 16435.065408487793, '2025-05-29 06:00:00+00:00': 16421.52748408733, '2025-05-31 03:00:00+00:00': 17761.833246236467, '2025-05-31 04:00:00+00:00': 18014.50414891413, '2025-05-31 05:00:00+00:00': 18143.37472959636, '2025-05-31 06:00:00+00:00': 18148.144876027072, '2025-05-31 07:00:00+00:00': 18402.972473932154, '2025-05-31 08:00:00+00:00': 18727.26001355938, '2025-05-31 09:00:00+00:00': 18556.997064510397, '2025-05-31 14:00:00+00:00': 18939.76001355938, '2025-05-31 16:00:00+00:00': 18548.54598191602, '2025-05-31 23:00:00+00:00': 16585.906988226925, '2025-06-01 00:00:00+00:00': 16593.72880049958, '2025-06-01 03:00:00+00:00': 16583.041331840206, '2025-06-01 07:00:00+00:00': 19085.73700977073, '2025-06-01 08:00:00+00:00': 19066.44324989457, '2025-06-01 09:00:00+00:00': 19025.5618723788, '2025-06-01 10:00:00+00:00': 18877.079141460657, '2025-06-01 13:00:00+00:00': 18597.08084199877, '2025-06-01 15:00:00+00:00': 18971.516471489274, '2025-06-01 18:00:00+00:00': 18950.522399141806, '2025-06-02 00:00:00+00:00': 18616.700877821622, '2025-06-02 01:00:00+00:00': 18494.77806103956, '2025-06-02 04:00:00+00:00': 18594.362474661273, '2025-06-02 09:00:00+00:00': 18447.390691348846, '2025-06-02 10:00:00+00:00': 18327.533566697042, '2025-06-02 11:00:00+00:00': 18260.585867477035, '2025-06-02 13:00:00+00:00': 18034.5060097002, '2025-06-02 14:00:00+00:00': 18200.464482143965, '2025-06-02 16:00:00+00:00': 18202.831441783826, '2025-06-02 19:00:00+00:00': 18187.69019028842, '2025-06-03 01:00:00+00:00': 18046.7003093021, '2025-06-03 02:00:00+00:00': 18272.769496426372, '2025-06-03 03:00:00+00:00': 17779.442244785972, '2025-06-03 07:00:00+00:00': 17821.51729643187, '2025-06-03 14:00:00+00:00': 18346.50259371704, '2025-06-03 15:00:00+00:00': 17823.013694441095, '2025-06-03 16:00:00+00:00': 18300.162341537052, '2025-06-03 17:00:00+00:00': 18198.055660397884, '2025-06-03 20:00:00+00:00': 18151.320081178623, '2025-06-03 21:00:00+00:00': 17607.042866271015, '2025-06-03 23:00:00+00:00': 17612.801612325704, '2025-06-04 02:00:00+00:00': 17974.503719807788, '2025-06-04 03:00:00+00:00': 17836.88936682557, '2025-06-04 04:00:00+00:00': 17817.227029356847, '2025-06-04 05:00:00+00:00': 17609.44659254252, '2025-06-04 09:00:00+00:00': 17183.871864825673, '2025-06-04 15:00:00+00:00': 17753.38951541736, '2025-06-04 16:00:00+00:00': 17189.551745619814, '2025-06-04 17:00:00+00:00': 17694.294052530244, '2025-06-04 18:00:00+00:00': 17618.079329387132, '2025-06-04 21:00:00+00:00': 17619.97608270335, '2025-06-04 22:00:00+00:00': 17248.179992230525, '2025-06-04 23:00:00+00:00': 17603.47310965489, '2025-06-05 03:00:00+00:00': 17421.95358978077, '2025-06-05 04:00:00+00:00': 17358.11960133582, '2025-06-05 05:00:00+00:00': 17308.231045782308, '2025-06-05 13:00:00+00:00': 17309.525495585825, '2025-06-05 16:00:00+00:00': 17580.217892655615, '2025-06-05 18:00:00+00:00': 17216.092147096275, '2025-06-05 19:00:00+00:00': 17273.398445553787, '2025-06-05 20:00:00+00:00': 17697.986977832996, '2025-06-05 21:00:00+00:00': 18394.252834534585, '2025-06-05 22:00:00+00:00': 17311.695509581517, '2025-06-06 02:00:00+00:00': 19145.271554756942, '2025-06-06 05:00:00+00:00': 18608.655171439008, '2025-06-06 07:00:00+00:00': 18613.66551941304, '2025-06-06 08:00:00+00:00': 18780.046512287598, '2025-06-06 09:00:00+00:00': 18324.64167393938, '2025-06-06 10:00:00+00:00': 18756.98463117241, '2025-06-06 11:00:00+00:00': 18899.75874615599, '2025-06-06 13:00:00+00:00': 18921.94104240975, '2025-06-06 14:00:00+00:00': 18522.439176626955, '2025-06-06 15:00:00+00:00': 19148.009077337356, '2025-06-06 22:00:00+00:00': 19033.886414629385, '2025-06-06 23:00:00+00:00': 19051.76761127239, '2025-06-07 08:00:00+00:00': 18941.35368534778, '2025-06-07 09:00:00+00:00': 18921.439627708238, '2025-06-07 10:00:00+00:00': 18806.228554338973, '2025-06-07 11:00:00+00:00': 18742.215077855883, '2025-06-07 12:00:00+00:00': 18679.62812115044, '2025-06-07 15:00:00+00:00': 18705.046083516998, '2025-06-07 16:00:00+00:00': 18624.889335324682, '2025-06-07 23:00:00+00:00': 18673.86208917719, '2025-06-08 00:00:00+00:00': 18558.810846032524, '2025-06-08 09:00:00+00:00': 18478.018419765212, '2025-06-08 10:00:00+00:00': 18453.638218147382, '2025-06-08 11:00:00+00:00': 18386.639422320328, '2025-06-08 12:00:00+00:00': 18357.377484074972, '2025-06-08 13:00:00+00:00': 18259.8838220563, '2025-06-08 16:00:00+00:00': 18257.269404795083, '2025-06-08 17:00:00+00:00': 18094.39692861206, '2025-06-08 22:00:00+00:00': 17972.20979239853, '2025-06-09 00:00:00+00:00': 18030.778810570995, '2025-06-09 01:00:00+00:00': 17979.322538351145, '2025-06-09 10:00:00+00:00': 17892.44194124018, '2025-06-09 11:00:00+00:00': 17934.45951761751, '2025-06-09 12:00:00+00:00': 17781.956201784706, '2025-06-09 13:00:00+00:00': 17601.434719568315, '2025-06-09 17:00:00+00:00': 17620.359860291992, '2025-06-09 18:00:00+00:00': 17740.743020351925, '2025-06-09 19:00:00+00:00': 17614.039956880482, '2025-06-09 22:00:00+00:00': 17808.87295791882, '2025-06-09 23:00:00+00:00': 17896.888316604585, '2025-06-10 00:00:00+00:00': 17976.124125266302, '2025-06-10 01:00:00+00:00': 17593.50901940963, '2025-06-10 02:00:00+00:00': 17509.49300714332, '2025-06-10 12:00:00+00:00': 17746.99005893709, '2025-06-10 13:00:00+00:00': 17556.347910777615, '2025-06-10 14:00:00+00:00': 17754.03880025315, '2025-06-10 19:00:00+00:00': 17771.747039728212, '2025-06-10 20:00:00+00:00': 17687.741657688523, '2025-06-10 22:00:00+00:00': 17495.546939888565, '2025-06-10 23:00:00+00:00': 18003.075883994607, '2025-06-11 00:00:00+00:00': 17492.457117767575, '2025-06-11 02:00:00+00:00': 17800.78726575164, '2025-06-11 03:00:00+00:00': 17720.177631390437, '2025-06-11 14:00:00+00:00': 17696.46042108109, '2025-06-11 15:00:00+00:00': 17217.510425302185, '2025-06-11 17:00:00+00:00': 17417.59649912498, '2025-06-11 20:00:00+00:00': 17622.469918163726, '2025-06-11 21:00:00+00:00': 17512.485167966785, '2025-06-12 00:00:00+00:00': 17388.28064717934, '2025-06-12 03:00:00+00:00': 17370.704607233085, '2025-06-12 15:00:00+00:00': 17237.51407018162, '2025-06-12 16:00:00+00:00': 17403.827066368893, '2025-06-12 20:00:00+00:00': 17135.91956432462, '2025-06-12 21:00:00+00:00': 16883.627897657952, '2025-06-13 01:00:00+00:00': 18630.425131588654, '2025-06-13 02:00:00+00:00': 18822.091798255322, '2025-06-13 03:00:00+00:00': 18080.33996203438, '2025-06-13 22:00:00+00:00': 18593.999502784278, '2025-06-14 01:00:00+00:00': 18447.440487393218, '2025-06-14 02:00:00+00:00': 18020.997856771224, '2025-06-14 03:00:00+00:00': 18131.173295367713, '2025-06-14 05:00:00+00:00': 18064.92075818399, '2025-06-14 23:00:00+00:00': 17960.1120448609, '2025-06-15 02:00:00+00:00': 17955.31484312161, '2025-06-15 03:00:00+00:00': 17709.107336767258, '2025-06-15 04:00:00+00:00': 17594.424797084717, '2025-06-15 06:00:00+00:00': 17560.504035073584, '2025-06-16 00:00:00+00:00': 17545.937708581638, '2025-06-16 03:00:00+00:00': 17490.273707134245, '2025-06-16 04:00:00+00:00': 17185.410242615857, '2025-06-16 05:00:00+00:00': 17267.333319538935, '2025-06-16 07:00:00+00:00': 17147.894570552857, '2025-06-16 09:00:00+00:00': 17007.717880413467, '2025-06-16 14:00:00+00:00': 16220.401616412912, '2025-06-16 15:00:00+00:00': 16406.29447355577, '2025-06-16 19:00:00+00:00': 16560.168543755048, '2025-06-16 20:00:00+00:00': 16183.461267475983, '2025-06-16 21:00:00+00:00': 16328.895422221047, '2025-06-17 00:00:00+00:00': 17054.158249241176, '2025-06-17 01:00:00+00:00': 17041.907644594503, '2025-06-17 05:00:00+00:00': 16751.835210421716, '2025-06-17 06:00:00+00:00': 16315.87318885398, '2025-06-17 08:00:00+00:00': 16309.606865944817, '2025-06-17 10:00:00+00:00': 17014.549947840962, '2025-06-17 12:00:00+00:00': 16937.5037902695, '2025-06-17 13:00:00+00:00': 16919.48139580895, '2025-06-17 16:00:00+00:00': 16511.077644259312, '2025-06-17 17:00:00+00:00': 16709.66359173631, '2025-06-18 01:00:00+00:00': 16843.98490720084, '2025-06-18 04:00:00+00:00': 16094.562729290024, '2025-06-18 05:00:00+00:00': 15806.494617523831, '2025-06-18 09:00:00+00:00': 16552.72537153204, '2025-06-18 14:00:00+00:00': 16459.124376050033, '2025-06-18 17:00:00+00:00': 16370.093038957624, '2025-06-18 18:00:00+00:00': 16024.599344510367, '2025-06-19 02:00:00+00:00': 15661.042236571451, '2025-06-19 05:00:00+00:00': 15626.99588817261, '2025-06-19 06:00:00+00:00': 15606.058950373572, '2025-06-19 10:00:00+00:00': 15418.786540602528, '2025-06-19 15:00:00+00:00': 15337.820076942684, '2025-06-19 18:00:00+00:00': 15036.882216607544, '2025-06-19 19:00:00+00:00': 15042.794640134996, '2025-06-20 03:00:00+00:00': 14768.274003365348, '2025-06-20 06:00:00+00:00': 14773.172362458274, '2025-06-20 07:00:00+00:00': 14703.124466138555, '2025-06-20 08:00:00+00:00': 13879.20322607215, '2025-06-20 10:00:00+00:00': 13934.098117585805, '2025-06-20 11:00:00+00:00': 14575.092551244938, '2025-06-20 12:00:00+00:00': 14071.916196636234, '2025-06-20 15:00:00+00:00': 14492.623472487907, '2025-06-20 17:00:00+00:00': 14140.575204525585, '2025-06-20 18:00:00+00:00': 14315.05672209937, '2025-06-21 10:00:00+00:00': 14170.401165830044, '2025-06-21 16:00:00+00:00': 14374.728557667971, '2025-06-21 18:00:00+00:00': 14345.901165830044, '2025-06-21 19:00:00+00:00': 13918.366620278819, '2025-06-21 22:00:00+00:00': 15599.478913603476, '2025-06-21 23:00:00+00:00': 15251.097650758982, '2025-06-22 01:00:00+00:00': 15697.642143418434, '2025-06-22 10:00:00+00:00': 15867.866108786047, '2025-06-22 14:00:00+00:00': 16709.55824637913, '2025-06-22 15:00:00+00:00': 16005.791129848309, '2025-06-22 16:00:00+00:00': 16493.26434477533, '2025-06-22 23:00:00+00:00': 16184.950222778616, '2025-06-23 02:00:00+00:00': 16340.671949472116, '2025-06-23 03:00:00+00:00': 16027.642986965604, '2025-06-23 05:00:00+00:00': 15872.64892020046, '2025-06-23 07:00:00+00:00': 16528.878634728644, '2025-06-23 09:00:00+00:00': 15329.398658841534, '2025-06-23 14:00:00+00:00': 15719.652639578451, '2025-06-23 17:00:00+00:00': 15590.111702736693, '2025-06-23 18:00:00+00:00': 15188.701133800878, '2025-06-23 19:00:00+00:00': 15529.704002352984, '2025-06-23 20:00:00+00:00': 15121.793025038716, '2025-06-23 22:00:00+00:00': 15041.898730526595, '2025-06-23 23:00:00+00:00': 15102.886223771546, '2025-06-24 00:00:00+00:00': 14973.084628610022, '2025-06-24 02:00:00+00:00': 14370.281952124573, '2025-06-24 03:00:00+00:00': 14819.000470643092, '2025-06-24 09:00:00+00:00': 13928.152251222604, '2025-06-24 17:00:00+00:00': 14555.481952124574, '2025-06-24 21:00:00+00:00': 14205.527478400043, '2025-06-25 04:00:00+00:00': 14124.18828725864, '2025-06-25 05:00:00+00:00': 13692.791890862243, '2025-06-25 10:00:00+00:00': 13347.380110179623, '2025-06-25 14:00:00+00:00': 13675.617900843474, '2025-06-25 16:00:00+00:00': 13470.998684662582, '2025-06-26 02:00:00+00:00': 13238.915351329248, '2025-06-26 13:00:00+00:00': 13103.151127533274, '2025-06-27 00:00:00+00:00': 12932.232159999074, '2025-06-30 20:00:00+00:00': 12832.485236922283, '2025-06-30 21:00:00+00:00': 12829.615168107603, '2025-06-30 23:00:00+00:00': 12902.791878696044, '2025-07-01 00:00:00+00:00': 13113.865672631657, '2025-07-01 02:00:00+00:00': 13082.505888713013, '2025-07-01 04:00:00+00:00': 13073.688351022469, '2025-07-01 05:00:00+00:00': 13103.193014943556, '2025-07-01 07:00:00+00:00': 13106.534458051778, '2025-07-01 08:00:00+00:00': 13100.403105837564, '2025-07-01 10:00:00+00:00': 13109.352265997248, '2025-07-01 11:00:00+00:00': 13123.898054646465, '2025-07-01 13:00:00+00:00': 13109.006754534777, '2025-07-01 15:00:00+00:00': 13026.09457359735, '2025-07-01 18:00:00+00:00': 13086.491398805807, '2025-07-01 20:00:00+00:00': 12983.697162777933, '2025-07-01 21:00:00+00:00': 12890.134443475761, '2025-07-02 00:00:00+00:00': 13119.991879953617, '2025-07-02 03:00:00+00:00': 13108.45533291194, '2025-07-02 05:00:00+00:00': 13110.76356135734, '2025-07-02 08:00:00+00:00': 13171.187449127498, '2025-07-02 10:00:00+00:00': 13117.170710435368, '2025-07-02 12:00:00+00:00': 13109.336865173673, '2025-07-02 13:00:00+00:00': 13207.659360760328, '2025-07-02 14:00:00+00:00': 13195.08988332191, '2025-07-02 15:00:00+00:00': 13086.142590175197, '2025-07-02 17:00:00+00:00': 13249.370540957658, '2025-07-02 18:00:00+00:00': 13241.134897167844, '2025-07-02 19:00:00+00:00': 13196.498156266352, '2025-07-02 20:00:00+00:00': 13225.620097750128, '2025-07-02 21:00:00+00:00': 13267.697322055343, '2025-07-02 22:00:00+00:00': 13259.333525993357, '2025-07-02 23:00:00+00:00': 13235.85409116471, '2025-07-03 00:00:00+00:00': 13261.561100652085, '2025-07-03 03:00:00+00:00': 13259.819032262194, '2025-07-03 05:00:00+00:00': 13273.912744289813, '2025-07-03 07:00:00+00:00': 13274.351834532088, '2025-07-03 09:00:00+00:00': 13273.244274750365, '2025-07-03 10:00:00+00:00': 13265.706273133213, '2025-07-03 13:00:00+00:00': 13265.646806669907, '2025-07-03 14:00:00+00:00': 13272.875421520517, '2025-07-03 16:00:00+00:00': 13313.93369974728, '2025-07-03 17:00:00+00:00': 13268.212488525829, '2025-07-03 18:00:00+00:00': 13314.255087311323, '2025-07-03 20:00:00+00:00': 13317.486466032842, '2025-07-04 02:00:00+00:00': 13265.811548614338, '2025-07-04 03:00:00+00:00': 13307.356613664388, '2025-07-04 05:00:00+00:00': 13302.349961543872, '2025-07-04 08:00:00+00:00': 13351.982082369695, '2025-07-04 13:00:00+00:00': 13355.287746342612, '2025-07-04 16:00:00+00:00': 13358.549675475757, '2025-07-04 17:00:00+00:00': 13426.765294286051, '2025-07-04 18:00:00+00:00': 13428.111318363459, '2025-07-04 20:00:00+00:00': 13425.33012158838, '2025-07-04 22:00:00+00:00': 13434.632408271835, '2025-07-04 23:00:00+00:00': 13288.256563948245, '2025-07-05 00:00:00+00:00': 13427.990079212903, '2025-07-05 18:00:00+00:00': 13431.223688098431, '2025-07-05 21:00:00+00:00': 13429.081551610174, '2025-07-06 00:00:00+00:00': 13412.675021128365, '2025-07-06 05:00:00+00:00': 13409.614920695743, '2025-07-06 06:00:00+00:00': 13363.985009786837, '2025-07-06 13:00:00+00:00': 13352.672664190488, '2025-07-06 19:00:00+00:00': 13336.381097338408, '2025-07-06 20:00:00+00:00': 13406.770657415553, '2025-07-06 21:00:00+00:00': 13330.784540539384, '2025-07-06 22:00:00+00:00': 13417.682056666465, '2025-07-07 01:00:00+00:00': 13298.025513725575, '2025-07-07 05:00:00+00:00': 13320.264349371235, '2025-07-07 07:00:00+00:00': 13311.91501855024, '2025-07-07 08:00:00+00:00': 13304.761466600132, '2025-07-07 12:00:00+00:00': 13303.502457880066, '2025-07-07 13:00:00+00:00': 13353.66877029054, '2025-07-07 14:00:00+00:00': 13345.382152220302, '2025-07-07 17:00:00+00:00': 13335.022871000609, '2025-07-07 18:00:00+00:00': 13405.271221867753, '2025-07-07 20:00:00+00:00': 13307.116411918849, '2025-07-07 23:00:00+00:00': 13400.041397802162, '2025-07-08 01:00:00+00:00': 13422.782985976708, '2025-07-08 02:00:00+00:00': 13312.586759146112, '2025-07-08 03:00:00+00:00': 13429.445641161865, '2025-07-08 10:00:00+00:00': 13417.162840974832, '2025-07-08 13:00:00+00:00': 13407.70679698574, '2025-07-08 14:00:00+00:00': 13445.358512055069, '2025-07-08 15:00:00+00:00': 13338.813854651462, '2025-07-08 16:00:00+00:00': 13468.29854996068, '2025-07-08 17:00:00+00:00': 13451.11311472452, '2025-07-08 18:00:00+00:00': 13468.562535070174, '2025-07-08 21:00:00+00:00': 13465.210752118364, '2025-07-09 03:00:00+00:00': 13465.611549529527, '2025-07-09 04:00:00+00:00': 13501.342061249221, '2025-07