number,value,params_CONVERGENCE_THRESHOLD,params_FIXED_TRADE_PCT,params_MAX_HOLD_HOURS,params_MAX_POSITION_PCT,params_MIN_DIV,params_STOP_LOSS_PCT,params_TAKE_PROFIT_PCT,params_TRAIL_PCT,state,user_attrs_cooldown_trades_pct,user_attrs_equity_curves,user_attrs_total_trades
5,0.5616159251054127,0.02,0.05,24,0.01,0.03,0.15,0.5,0.5,COMPLETE,4.562383612662942,"[{'2025-05-01 00:00:00+00:00': 10000.0, '2025-05-01 02:00:00+00:00': 10098.907312524345, '2025-05-01 06:00:00+00:00': 10113.949861112384, '2025-05-01 07:00:00+00:00': 10114.6112977215, '2025-05-01 11:00:00+00:00': 10248.25847524566, '2025-05-01 13:00:00+00:00': 10123.67950905131, '2025-05-01 14:00:00+00:00': 10316.437754584387, '2025-05-01 15:00:00+00:00': 10280.697342245863, '2025-05-01 16:00:00+00:00': 10320.10338280503, '2025-05-02 01:00:00+00:00': 10299.70021782613, '2025-05-02 06:00:00+00:00': 10310.668056377002, '2025-05-02 10:00:00+00:00': 10234.764187082032, '2025-05-02 11:00:00+00:00': 10320.676210065594, '2025-05-02 13:00:00+00:00': 10311.098902376101, '2025-05-02 15:00:00+00:00': 10310.094203931227, '2025-05-02 16:00:00+00:00': 10293.237714305227, '2025-05-02 19:00:00+00:00': 10289.809207387683, '2025-05-03 06:00:00+00:00': 10289.626750691032, '2025-05-03 10:00:00+00:00': 10262.280604661371, '2025-05-04 10:00:00+00:00': 10140.003740714918, '2025-05-04 12:00:00+00:00': 10237.013516512716, '2025-05-04 13:00:00+00:00': 10199.361879074564, '2025-05-04 22:00:00+00:00': 10136.129774176141, '2025-05-05 00:00:00+00:00': 10201.969105766935, '2025-05-05 01:00:00+00:00': 10221.096156269869, '2025-05-05 02:00:00+00:00': 10213.068822725136, '2025-05-05 07:00:00+00:00': 10164.02205971414, '2025-05-05 10:00:00+00:00': 10165.772370928926, '2025-05-05 12:00:00+00:00': 10169.024059298634, '2025-05-05 17:00:00+00:00': 10158.227029866763, '2025-05-05 19:00:00+00:00': 10201.87307748803, '2025-05-05 23:00:00+00:00': 10204.150752827743, '2025-05-06 17:00:00+00:00': 10274.859778550785, '2025-05-06 18:00:00+00:00': 10211.669332509744, '2025-05-06 20:00:00+00:00': 10291.781556459691, '2025-05-06 23:00:00+00:00': 10442.681482508578, '2025-05-07 00:00:00+00:00': 10767.471129112468, '2025-05-07 01:00:00+00:00': 10494.656264022855, '2025-05-07 02:00:00+00:00': 10725.508138828536, '2025-05-07 03:00:00+00:00': 10733.898584427594, '2025-05-07 04:00:00+00:00': 10764.94035705391, '2025-05-07 06:00:00+00:00': 10738.836190422082, '2025-05-07 08:00:00+00:00': 10696.710440093966, '2025-05-07 15:00:00+00:00': 10694.30817285773, '2025-05-07 17:00:00+00:00': 10700.170379941568, '2025-05-07 18:00:00+00:00': 10709.606224627805, '2025-05-07 20:00:00+00:00': 10925.035244191151, '2025-05-08 01:00:00+00:00': 11099.0922922118, '2025-05-08 04:00:00+00:00': 11113.365549413942, '2025-05-08 05:00:00+00:00': 10919.269721854165, '2025-05-08 10:00:00+00:00': 11304.935354048583, '2025-05-08 11:00:00+00:00': 10806.132703437062, '2025-05-08 16:00:00+00:00': 11303.961160994497, '2025-05-08 17:00:00+00:00': 11369.862189262672, '2025-05-08 21:00:00+00:00': 11426.677084705163, '2025-05-08 22:00:00+00:00': 11579.626308276404, '2025-05-09 00:00:00+00:00': 11424.426839809612, '2025-05-09 02:00:00+00:00': 11580.439397065264, '2025-05-09 03:00:00+00:00': 11617.410024781546, '2025-05-09 08:00:00+00:00': 11630.662097135144, '2025-05-09 09:00:00+00:00': 11618.548663562957, '2025-05-09 14:00:00+00:00': 11600.762375731409, '2025-05-09 19:00:00+00:00': 11604.096217630458, '2025-05-09 21:00:00+00:00': 11609.024884175278, '2025-05-10 07:00:00+00:00': 11632.658282117583, '2025-05-10 08:00:00+00:00': 11630.68162379939, '2025-05-10 10:00:00+00:00': 11625.639719786297, '2025-05-10 14:00:00+00:00': 11609.600734015514, '2025-05-10 22:00:00+00:00': 11624.29757173772, '2025-05-11 00:00:00+00:00': 11719.981963900584, '2025-05-11 01:00:00+00:00': 11671.529029016614, '2025-05-11 05:00:00+00:00': 11722.146249755015, '2025-05-11 11:00:00+00:00': 11774.77817446021, '2025-05-11 12:00:00+00:00': 11741.397101902863, '2025-05-11 13:00:00+00:00': 11770.070675457111, '2025-05-11 16:00:00+00:00': 11725.576946567382, '2025-05-11 19:00:00+00:00': 11778.505917591525, '2025-05-12 01:00:00+00:00': 11781.075168436364, '2025-05-12 02:00:00+00:00': 11788.163046704727, '2025-05-12 09:00:00+00:00': 11811.921007202773, '2025-05-12 12:00:00+00:00': 11811.734642372168, '2025-05-12 15:00:00+00:00': 11865.155696427371, '2025-05-12 19:00:00+00:00': 11876.810557786777, '2025-05-12 21:00:00+00:00': 11890.167747955873, '2025-05-12 22:00:00+00:00': 11899.007966886167, '2025-05-12 23:00:00+00:00': 11896.442022344101, '2025-05-13 16:00:00+00:00': 12007.511549180274, '2025-05-13 18:00:00+00:00': 12015.735546665186, '2025-05-14 02:00:00+00:00': 11970.646990611443, '2025-05-14 08:00:00+00:00': 12012.667971229306, '2025-05-14 13:00:00+00:00': 11987.796111762404, '2025-05-14 19:00:00+00:00': 11980.507331400415, '2025-05-15 01:00:00+00:00': 11985.022574212933, '2025-05-15 02:00:00+00:00': 11981.898341394373, '2025-05-15 12:00:00+00:00': 11980.553224871643, '2025-05-15 14:00:00+00:00': 11969.549287178608, '2025-05-15 19:00:00+00:00': 12188.682037474771, '2025-05-16 03:00:00+00:00': 12075.063939792473, '2025-05-16 07:00:00+00:00': 12181.988767825813, '2025-05-16 11:00:00+00:00': 12213.521015241504, '2025-05-16 16:00:00+00:00': 12216.458956839704, '2025-05-16 17:00:00+00:00': 12213.667841052053, '2025-05-17 02:00:00+00:00': 12167.829768962805, '2025-05-17 05:00:00+00:00': 12179.84265727982, '2025-05-17 09:00:00+00:00': 12184.037038413062, '2025-05-17 18:00:00+00:00': 12248.548801052017, '2025-05-17 21:00:00+00:00': 12247.91320020367, '2025-05-18 01:00:00+00:00': 12242.042131442538, '2025-05-18 06:00:00+00:00': 12243.760684804785, '2025-05-18 11:00:00+00:00': 12281.250505127564, '2025-05-18 12:00:00+00:00': 12235.686536085237, '2025-05-18 17:00:00+00:00': 12375.060702369283, '2025-05-18 19:00:00+00:00': 12433.831946124661, '2025-05-18 21:00:00+00:00': 12469.66421805403, '2025-05-19 00:00:00+00:00': 12590.273558701447, '2025-05-19 01:00:00+00:00': 12466.494589937201, '2025-05-19 03:00:00+00:00': 12547.731964141467, '2025-05-19 04:00:00+00:00': 12582.60559738841, '2025-05-19 09:00:00+00:00': 12722.04267056636, '2025-05-19 16:00:00+00:00': 12973.09183733623, '2025-05-19 17:00:00+00:00': 12970.210756766097, '2025-05-19 18:00:00+00:00': 12960.265443115153, '2025-05-19 20:00:00+00:00': 12973.711619966563, '2025-05-20 06:00:00+00:00': 13029.761917344886, '2025-05-20 16:00:00+00:00': 13163.606658688765, '2025-05-20 18:00:00+00:00': 13313.749515831621, '2025-05-20 20:00:00+00:00': 13432.966830506133, '2025-05-20 23:00:00+00:00': 13665.128992668295, '2025-05-21 07:00:00+00:00': 13681.900658378456, '2025-05-21 10:00:00+00:00': 13636.646595211085, '2025-05-21 18:00:00+00:00': 13791.925903446818, '2025-05-21 21:00:00+00:00': 13858.925903446818, '2025-05-22 00:00:00+00:00': 14033.364321672181, '2025-05-22 01:00:00+00:00': 13932.772669858537, '2025-05-22 07:00:00+00:00': 14059.060309264665, '2025-05-22 09:00:00+00:00': 14191.21572218105, '2025-05-22 13:00:00+00:00': 14253.892526396457, '2025-05-22 16:00:00+00:00': 14242.057305603576, '2025-05-22 20:00:00+00:00': 14230.360710460118, '2025-05-22 21:00:00+00:00': 14256.000533681716, '2025-05-23 00:00:00+00:00': 14207.495762775961, '2025-05-23 07:00:00+00:00': 14217.96259428854, '2025-05-23 13:00:00+00:00': 14403.431166235454, '2025-05-24 00:00:00+00:00': 14265.393062703857, '2025-05-24 04:00:00+00:00': 14275.885461706648, '2025-05-24 08:00:00+00:00': 14291.625290672036, '2025-05-24 11:00:00+00:00': 14318.324928687067, '2025-05-24 16:00:00+00:00': 14316.34562182935, '2025-05-24 23:00:00+00:00': 14318.07109860355, '2025-05-25 14:00:00+00:00': 14322.229453476228, '2025-05-26 01:00:00+00:00': 14582.053693154248, '2025-05-26 09:00:00+00:00': 14584.47322952512, '2025-05-26 16:00:00+00:00': 14606.973561476114, '2025-05-26 21:00:00+00:00': 14620.773121182267, '2025-05-27 02:00:00+00:00': 14642.157933250648, '2025-05-27 04:00:00+00:00': 14683.619370603972, '2025-05-27 15:00:00+00:00': 14711.194882274647, '2025-05-28 17:00:00+00:00': 14833.838739476878, '2025-05-28 20:00:00+00:00': 14822.861403118697, '2025-05-29 06:00:00+00:00': 14809.294829178141, '2025-05-29 18:00:00+00:00': 14813.800287681452, '2025-05-31 02:00:00+00:00': 14796.4236053256, '2025-05-31 03:00:00+00:00': 15761.526967629148, '2025-05-31 05:00:00+00:00': 15606.99180477003, '2025-05-31 06:00:00+00:00': 16219.47221706326, '2025-05-31 07:00:00+00:00': 16576.753783550565, '2025-05-31 08:00:00+00:00': 17051.250324049764, '2025-05-31 09:00:00+00:00': 16907.361822797942, '2025-05-31 14:00:00+00:00': 17263.750324049764, '2025-05-31 16:00:00+00:00': 17090.125800047645, '2025-05-31 23:00:00+00:00': 17413.860573002126, '2025-06-01 03:00:00+00:00': 14811.165830216212, '2025-06-01 04:00:00+00:00': 16305.94068274749, '2025-06-01 07:00:00+00:00': 17591.41947615719, '2025-06-01 08:00:00+00:00': 17571.065154415235, '2025-06-01 09:00:00+00:00': 17528.940154415235, '2025-06-01 10:00:00+00:00': 17484.462542474936, '2025-06-01 14:00:00+00:00': 17051.98432543063, '2025-06-01 15:00:00+00:00': 17472.386391121625, '2025-06-01 17:00:00+00:00': 16940.85313561955, '2025-06-01 18:00:00+00:00': 17450.109873507274, '2025-06-02 00:00:00+00:00': 17334.526967792353, '2025-06-02 01:00:00+00:00': 16564.92370863408, '2025-06-02 04:00:00+00:00': 17130.509988593545, '2025-06-02 05:00:00+00:00': 17052.256958334325, '2025-06-02 08:00:00+00:00': 17015.278575901517, '2025-06-02 09:00:00+00:00': 16909.605194680607, '2025-06-02 10:00:00+00:00': 16780.118015193428, '2025-06-02 11:00:00+00:00': 16706.349197642077, '2025-06-02 12:00:00+00:00': 16273.1334607808, '2025-06-02 14:00:00+00:00': 16456.248039201037, '2025-06-02 16:00:00+00:00': 16642.753934153534, '2025-06-02 18:00:00+00:00': 16605.899318390177, '2025-06-02 19:00:00+00:00': 16592.26560766557, '2025-06-02 23:00:00+00:00': 16691.051936757827, '2025-06-03 00:00:00+00:00': 16796.977769565794, '2025-06-03 01:00:00+00:00': 16637.04747581994, '2025-06-03 02:00:00+00:00': 16828.77727788358, '2025-06-03 03:00:00+00:00': 16320.86512649994, '2025-06-03 06:00:00+00:00': 16285.216964199546, '2025-06-03 07:00:00+00:00': 16158.25415261279, '2025-06-03 10:00:00+00:00': 16100.531055853688, '2025-06-03 13:00:00+00:00': 16869.765372229052, '2025-06-03 15:00:00+00:00': 16103.537720438724, '2025-06-03 18:00:00+00:00': 15868.808183297859, '2025-06-03 22:00:00+00:00': 16159.942649802673, '2025-06-03 23:00:00+00:00': 15860.666085682467, '2025-06-04 01:00:00+00:00': 16396.611935200992, '2025-06-04 02:00:00+00:00': 16331.055825167357, '2025-06-04 05:00:00+00:00': 15850.07367657302, '2025-06-04 07:00:00+00:00': 15613.21408365582, '2025-06-04 09:00:00+00:00': 15935.460320625321, '2025-06-04 10:00:00+00:00': 15518.19400179112, '2025-06-04 14:00:00+00:00': 15874.898976655342, '2025-06-04 15:00:00+00:00': 15758.139259540985, '2025-06-04 16:00:00+00:00': 15332.14905951051, '2025-06-04 17:00:00+00:00': 15874.230379348723, '2025-06-04 22:00:00+00:00': 15586.225969505022, '2025-06-04 23:00:00+00:00': 15843.429243577204, '2025-06-05 03:00:00+00:00': 15618.174577596903, '2025-06-05 05:00:00+00:00': 15461.301212634919, '2025-06-05 08:00:00+00:00': 15325.908248379208, '2025-06-05 13:00:00+00:00': 15591.631498759767, '2025-06-05 15:00:00+00:00': 15291.502981696103, '2025-06-05 16:00:00+00:00': 15662.861069525992, '2025-06-05 17:00:00+00:00': 15556.45691897437, '2025-06-05 18:00:00+00:00': 15605.587756914229, '2025-06-05 19:00:00+00:00': 16109.372201476612, '2025-06-05 20:00:00+00:00': 15188.85986869778, '2025-06-05 21:00:00+00:00': 16746.79732548495, '2025-06-06 01:00:00+00:00': 16906.5313063422, '2025-06-06 02:00:00+00:00': 15932.470398660416, '2025-06-06 03:00:00+00:00': 16859.716467205184, '2025-06-06 04:00:00+00:00': 17387.230065682958, '2025-06-06 05:00:00+00:00': 16558.32748567813, '2025-06-06 07:00:00+00:00': 17220.168521752104, '2025-06-06 09:00:00+00:00': 17119.179301120872, '2025-06-06 10:00:00+00:00': 16792.872940223588, '2025-06-06 11:00:00+00:00': 16900.03102298756, '2025-06-06 14:00:00+00:00': 16975.070642333125, '2025-06-06 15:00:00+00:00': 16786.108007655977, '2025-06-06 22:00:00+00:00': 17075.439898703265, '2025-06-06 23:00:00+00:00': 16226.825366784788, '2025-06-07 00:00:00+00:00': 16414.117184936014, '2025-06-07 05:00:00+00:00': 17066.465822757018, '2025-06-07 08:00:00+00:00': 17017.820642333125, '2025-06-07 11:00:00+00:00': 16716.566489063927, '2025-06-07 12:00:00+00:00': 16606.08345886747, '2025-06-07 14:00:00+00:00': 16277.887171280365, '2025-06-07 15:00:00+00:00': 16580.20801255717, '2025-06-07 16:00:00+00:00': 16332.5113397308, '2025-06-07 21:00:00+00:00': 16163.036087699522, '2025-06-07 23:00:00+00:00': 16279.693426516513, '2025-06-08 00:00:00+00:00': 16329.631140960586, '2025-06-08 01:00:00+00:00': 16388.712773613646, '2025-06-08 06:00:00+00:00': 16366.585911457205, '2025-06-08 12:00:00+00:00': 16247.887171280365, '2025-06-08 13:00:00+00:00': 16125.307716999005, '2025-06-08 15:00:00+00:00': 16061.302007382737, '2025-06-08 16:00:00+00:00': 15978.445029297269, '2025-06-08 17:00:00+00:00': 15829.9814537103, '2025-06-08 22:00:00+00:00': 15677.917110568325, '2025-06-09 00:00:00+00:00': 15685.758085426309, '2025-06-09 01:00:00+00:00': 15664.06340410321, '2025-06-09 02:00:00+00:00': 15592.253059275623, '2025-06-09 06:00:00+00:00': 15239.085380697665, '2025-06-09 07:00:00+00:00': 15582.956478314383, '2025-06-09 10:00:00+00:00': 15171.133518741624, '2025-06-09 12:00:00+00:00': 15051.867215916487, '2025-06-09 13:00:00+00:00': 15388.863166145155, '2025-06-09 17:00:00+00:00': 15610.678479018079, '2025-06-09 18:00:00+00:00': 15135.103252754912, '2025-06-09 19:00:00+00:00': 15767.123924012258, '2025-06-09 21:00:00+00:00': 15087.344004262075, '2025-06-09 22:00:00+00:00': 15206.145555000643, '2025-06-09 23:00:00+00:00': 15423.968604590196, '2025-06-10 00:00:00+00:00': 15289.174819269758, '2025-06-10 01:00:00+00:00': 14976.086208786273, '2025-06-10 12:00:00+00:00': 15033.70304005122, '2025-06-10 13:00:00+00:00': 15017.079074374818, '2025-06-10 19:00:00+00:00': 15212.801198793286, '2025-06-10 20:00:00+00:00': 14935.372538373194, '2025-06-10 23:00:00+00:00': 15322.904981201531, '2025-06-11 00:00:00+00:00': 14925.376152450743, '2025-06-11 05:00:00+00:00': 14705.391080339024, '2025-06-11 10:00:00+00:00': 14601.214609750788, '2025-06-11 12:00:00+00:00': 14805.293322369309, '2025-06-11 13:00:00+00:00': 14886.139908738087, '2025-06-11 15:00:00+00:00': 13906.270690798712, '2025-06-11 16:00:00+00:00': 14044.04846857649, '2025-06-11 17:00:00+00:00': 14582.572280504184, '2025-06-11 20:00:00+00:00': 14363.32960836956, '2025-06-11 21:00:00+00:00': 14392.875199708042, '2025-06-12 00:00:00+00:00': 14568.692091132065, '2025-06-12 01:00:00+00:00': 14278.64846857649, '2025-06-12 05:00:00+00:00': 14314.33162068025, '2025-06-12 08:00:00+00:00': 14458.26672494863, '2025-06-12 11:00:00+00:00': 15043.775130278133, '2025-06-12 12:00:00+00:00': 14969.94907485195, '2025-06-12 14:00:00+00:00': 14903.604044306663, '2025-06-12 16:00:00+00:00': 14407.833907529384, '2025-06-12 17:00:00+00:00': 14178.012478957955, '2025-06-12 18:00:00+00:00': 14767.628806611961, '2025-06-12 20:00:00+00:00': 14637.817064363004, '2025-06-12 21:00:00+00:00': 15411.912433229945, '2025-06-12 22:00:00+00:00': 14565.294821527297, '2025-06-13 01:00:00+00:00': 15513.282787441745, '2025-06-13 02:00:00+00:00': 15432.41113218032, '2025-06-13 03:00:00+00:00': 15166.667660913274, '2025-06-13 12:00:00+00:00': 15058.44185446166, '2025-06-13 16:00:00+00:00': 15114.217717265208, '2025-06-13 17:00:00+00:00': 15310.795218862468, '2025-06-13 23:00:00+00:00': 14974.958381173548, '2025-06-14 01:00:00+00:00': 14833.970172385008, '2025-06-14 02:00:00+00:00': 15107.325555650115, '2025-06-14 07:00:00+00:00': 14798.560833527341, '2025-06-14 10:00:00+00:00': 14717.297590810613, '2025-06-14 13:00:00+00:00': 14913.77986098524, '2025-06-14 16:00:00+00:00': 14497.89565115544, '2025-06-14 17:00:00+00:00': 14810.596672873648, '2025-06-14 18:00:00+00:00': 14891.582603609579, '2025-06-14 19:00:00+00:00': 14372.294829523158, '2025-06-15 00:00:00+00:00': 14074.035693549857, '2025-06-15 02:00:00+00:00': 14894.641593513488, '2025-06-15 08:00:00+00:00': 14513.088872548455, '2025-06-15 11:00:00+00:00': 14491.620161069663, '2025-06-15 14:00:00+00:00': 14391.878162856492, '2025-06-15 17:00:00+00:00': 14188.910693549857, '2025-06-15 20:00:00+00:00': 14162.591249105411, '2025-06-15 21:00:00+00:00': 13509.329673650174, '2025-06-16 01:00:00+00:00': 14107.04337465721, '2025-06-16 03:00:00+00:00': 13877.505324702792, '2025-06-16 05:00:00+00:00': 13617.276102221604, '2025-06-16 06:00:00+00:00': 13666.46952841706, '2025-06-16 08:00:00+00:00': 13576.499465857838, '2025-06-16 09:00:00+00:00': 14131.224593477344, '2025-06-16 10:00:00+00:00': 13477.972527884653, '2025-06-16 12:00:00+00:00': 14199.950845494246, '2025-06-16 14:00:00+00:00': 12907.2956255506, '2025-06-16 15:00:00+00:00': 13021.643451637556, '2025-06-16 16:00:00+00:00': 12693.914615221249, '2025-06-16 17:00:00+00:00': 12617.5108344706, '2025-06-16 19:00:00+00:00': 13234.161603514905, '2025-06-16 20:00:00+00:00': 12743.009414583139, '2025-06-16 23:00:00+00:00': 12765.876706631681, '2025-06-17 00:00:00+00:00': 13288.017417143958, '2025-06-17 01:00:00+00:00': 13107.482485728107, '2025-06-17 02:00:00+00:00': 12979.549793420416, '2025-06-17 06:00:00+00:00': 13601.712540811586, '2025-06-17 07:00:00+00:00': 12536.62118557914, '2025-06-17 10:00:00+00:00': 13448.94198807558, '2025-06-17 11:00:00+00:00': 13558.810202151062, '2025-06-17 13:00:00+00:00': 13486.62482151334, '2025-06-17 14:00:00+00:00': 13475.543931891345, '2025-06-17 16:00:00+00:00': 13323.654092785919, '2025-06-17 17:00:00+00:00': 13248.277892597433, '2025-06-17 20:00:00+00:00': 12585.99280413032, '2025-06-17 22:00:00+00:00': 12347.685698394342, '2025-06-18 01:00:00+00:00': 13387.59977165905, '2025-06-18 05:00:00+00:00': 11941.492342601086, '2025-06-18 11:00:00+00:00': 13030.865611895677, '2025-06-18 14:00:00+00:00': 12008.503605511554, '2025-06-18 15:00:00+00:00': 13316.095799736318, '2025-06-18 17:00:00+00:00': 12984.141473964643, '2025-06-18 19:00:00+00:00': 11504.338595566907, '2025-06-18 21:00:00+00:00': 12075.962999573536, '2025-06-18 23:00:00+00:00': 11805.215256912632, '2025-06-19 04:00:00+00:00': 11684.277756912632, '2025-06-19 06:00:00+00:00': 11902.81406561637, '2025-06-19 07:00:00+00:00': 11032.117763378381, '2025-06-19 08:00:00+00:00': 11273.641446843169, '2025-06-19 10:00:00+00:00': 11132.930637096455, '2025-06-19 12:00:00+00:00': 11670.444423579298, '2025-06-19 18:00:00+00:00': 11336.81264092432, '2025-06-19 20:00:00+00:00': 11441.428025539704, '2025-06-19 21:00:00+00:00': 10845.74363820615, '2025-06-19 22:00:00+00:00': 10555.54345260723, '2025-06-20 02:00:00+00:00': 10208.815434281798, '2025-06-20 07:00:00+00:00': 10441.049115043103, '2025-06-20 08:00:00+00:00': 9437.89408202811, '2025-06-20 09:00:00+00:00': 9513.967003278312, '2025-06-20 10:00:00+00:00': 9717.377457763769, '2025-06-20 11:00:00+00:00': 10181.039325104299, '2025-06-20 12:00:00+00:00': 9372.629096368686, '2025-06-20 13:00:00+00:00': 10497.009691795833, '2025-06-20 15:00:00+00:00': 10564.535806032312, '2025-06-20 18:00:00+00:00': 10305.322164733285, '2025-06-21 02:00:00+00:00': 9756.62194583201, '2025-06-21 09:00:00+00:00': 9878.131379794275, '2025-06-21 16:00:00+00:00': 10472.469532110556, '2025-06-21 17:00:00+00:00': 10036.612124345957, '2025-06-21 19:00:00+00:00': 11260.407338805422, '2025-06-21 20:00:00+00:00': 11543.245769330664, '2025-06-21 22:00:00+00:00': 11663.205643091684, '2025-06-21 23:00:00+00:00': 11590.158933102348, '2025-06-22 01:00:00+00:00': 11933.655450590897, '2025-06-22 09:00:00+00:00': 11525.501095009357, '2025-06-22 10:00:00+00:00': 11841.22682693365, '2025-06-22 14:00:00+00:00': 12668.293968613129, '2025-06-22 15:00:00+00:00': 12462.071734529714, '2025-06-22 16:00:00+00:00': 12824.530193824718, '2025-06-22 23:00:00+00:00': 12322.83479638822, '2025-06-23 00:00:00+00:00': 12465.209050685437, '2025-06-23 01:00:00+00:00': 12153.977384831052, '2025-06-23 03:00:00+00:00': 11832.91160494051, '2025-06-23 04:00:00+00:00': 12248.225318144912, '2025-06-23 05:00:00+00:00': 11910.569338854042, '2025-06-23 06:00:00+00:00': 12045.931407819558, '2025-06-23 09:00:00+00:00': 11505.390855509278, '2025-06-23 13:00:00+00:00': 11395.664828112018, '2025-06-23 14:00:00+00:00': 11742.15999043409, '2025-06-23 17:00:00+00:00': 11639.547181053194, '2025-06-23 18:00:00+00:00': 11059.973668815506, '2025-06-23 19:00:00+00:00': 10907.188858688924, '2025-06-23 21:00:00+00:00': 11338.798619336336, '2025-06-23 22:00:00+00:00': 11252.968899946947, '2025-06-23 23:00:00+00:00': 10778.977378048447, '2025-06-24 01:00:00+00:00': 10274.474261983292, '2025-06-24 02:00:00+00:00': 10497.99182059536, '2025-06-24 03:00:00+00:00': 10187.515774503401, '2025-06-24 05:00:00+00:00': 10015.38621551553, '2025-06-24 07:00:00+00:00': 10360.214042817583, '2025-06-24 09:00:00+00:00': 9834.395649477794, '2025-06-24 14:00:00+00:00': 10119.665494794808, '2025-06-24 15:00:00+00:00': 10683.19182059536, '2025-06-24 17:00:00+00:00': 9642.728982811128, '2025-06-24 21:00:00+00:00': 9468.491901320664, '2025-06-24 22:00:00+00:00': 9364.212622041385, '2025-06-25 01:00:00+00:00': 9155.57757568044, '2025-06-25 07:00:00+00:00': 9230.284050612814, '2025-06-25 09:00:00+00:00': 9571.174851950665, '2025-06-25 14:00:00+00:00': 9451.257292157527, '2025-06-25 15:00:00+00:00': 9353.138269094788, '2025-06-25 16:00:00+00:00': 9219.919657895964, '2025-06-26 00:00:00+00:00': 9109.08632456263, '2025-06-26 10:00:00+00:00': 9018.030416256357, '2025-06-26 14:00:00+00:00': 8906.84984433186, '2025-06-26 16:00:00+00:00': 8805.048935689954, '2025-06-27 00:00:00+00:00': 8675.366512897477, '2025-06-30 21:00:00+00:00': 8542.64076842769, '2025-07-01 00:00:00+00:00': 8815.001114693698, '2025-07-01 04:00:00+00:00': 8545.829733777333, '2025-07-01 07:00:00+00:00': 8772.45789316091, '2025-07-01 11:00:00+00:00': 8778.62798332574, '2025-07-01 13:00:00+0