number,value,params_CONVERGENCE_THRESHOLD,params_FIXED_TRADE_PCT,params_MAX_HOLD_HOURS,params_MAX_POSITION_PCT,params_MIN_DIV,params_STOP_LOSS_PCT,params_TAKE_PROFIT_PCT,params_TRAIL_PCT,state,user_attrs_cooldown_trades_pct,user_attrs_equity_curves,user_attrs_total_trades
21,27.01731744208496,0.025,0.06,72,0.015,0.04,0.3,0.4,0.7,COMPLETE,0.8997429305912596,"[{'2025-05-01 00:00:00+00:00': 10000.0, '2025-05-01 02:00:00+00:00': 10096.82250483897, '2025-05-01 06:00:00+00:00': 10106.523544397609, '2025-05-01 07:00:00+00:00': 10107.316685525057, '2025-05-01 11:00:00+00:00': 10393.675167014037, '2025-05-01 13:00:00+00:00': 10118.190691176937, '2025-05-01 15:00:00+00:00': 10351.001036609476, '2025-05-01 16:00:00+00:00': 10382.033009451097, '2025-05-02 01:00:00+00:00': 10344.505877963793, '2025-05-02 05:00:00+00:00': 10339.043919644422, '2025-05-02 09:00:00+00:00': 10344.883281176437, '2025-05-02 13:00:00+00:00': 10214.369740910513, '2025-05-02 15:00:00+00:00': 10336.651345604461, '2025-05-02 16:00:00+00:00': 10323.37962874066, '2025-05-02 18:00:00+00:00': 10325.992547882553, '2025-05-02 20:00:00+00:00': 10349.897282193975, '2025-05-03 03:00:00+00:00': 10332.726362866377, '2025-05-03 23:00:00+00:00': 10325.786456577182, '2025-05-04 22:00:00+00:00': 10277.532295768953, '2025-05-05 00:00:00+00:00': 10317.212412682033, '2025-05-05 01:00:00+00:00': 10306.079291480923, '2025-05-05 02:00:00+00:00': 10324.030329508303, '2025-05-05 03:00:00+00:00': 10322.127246510163, '2025-05-05 10:00:00+00:00': 10324.270837102744, '2025-05-05 11:00:00+00:00': 10352.437399369559, '2025-05-05 14:00:00+00:00': 10345.187048114405, '2025-05-05 19:00:00+00:00': 10446.085685467215, '2025-05-05 20:00:00+00:00': 10351.281631295646, '2025-05-05 23:00:00+00:00': 10296.123974873832, '2025-05-06 01:00:00+00:00': 10472.062223332448, '2025-05-06 07:00:00+00:00': 10497.17880598085, '2025-05-06 10:00:00+00:00': 10445.177675158217, '2025-05-06 11:00:00+00:00': 10470.38047213849, '2025-05-06 16:00:00+00:00': 10671.69026656046, '2025-05-06 17:00:00+00:00': 10669.657989418256, '2025-05-06 20:00:00+00:00': 10691.125610048919, '2025-05-06 23:00:00+00:00': 10682.147045668587, '2025-05-07 00:00:00+00:00': 10679.377302387553, '2025-05-07 01:00:00+00:00': 11047.67222450021, '2025-05-07 02:00:00+00:00': 11130.915805324279, '2025-05-07 04:00:00+00:00': 11191.843089773769, '2025-05-07 09:00:00+00:00': 11279.183882075275, '2025-05-07 17:00:00+00:00': 11279.6765199358, '2025-05-07 18:00:00+00:00': 11298.260841513204, '2025-05-07 19:00:00+00:00': 11285.726573036618, '2025-05-07 20:00:00+00:00': 11293.17275533967, '2025-05-07 23:00:00+00:00': 11304.74913517653, '2025-05-08 01:00:00+00:00': 11532.726291115601, '2025-05-08 03:00:00+00:00': 11386.218443418404, '2025-05-08 04:00:00+00:00': 11620.657943947152, '2025-05-08 09:00:00+00:00': 11742.252242631406, '2025-05-08 10:00:00+00:00': 11752.187243506674, '2025-05-08 16:00:00+00:00': 11822.693674284208, '2025-05-08 17:00:00+00:00': 11848.841357110556, '2025-05-08 19:00:00+00:00': 11842.719455305838, '2025-05-08 21:00:00+00:00': 11944.814686036872, '2025-05-08 22:00:00+00:00': 12002.99650421869, '2025-05-09 00:00:00+00:00': 12123.174584359307, '2025-05-09 03:00:00+00:00': 12205.3903959629, '2025-05-09 08:00:00+00:00': 12159.602709629868, '2025-05-09 09:00:00+00:00': 12406.635715143322, '2025-05-09 11:00:00+00:00': 12394.441444953754, '2025-05-09 14:00:00+00:00': 12405.78297317976, '2025-05-09 15:00:00+00:00': 12375.463696522114, '2025-05-09 18:00:00+00:00': 12386.169073080888, '2025-05-10 07:00:00+00:00': 12421.980697994277, '2025-05-10 08:00:00+00:00': 12420.893500096696, '2025-05-10 22:00:00+00:00': 12484.504310995066, '2025-05-11 00:00:00+00:00': 12563.478168521944, '2025-05-11 01:00:00+00:00': 12545.800202420249, '2025-05-11 11:00:00+00:00': 12620.770685762036, '2025-05-11 13:00:00+00:00': 12621.331606827265, '2025-05-11 19:00:00+00:00': 12632.782527858943, '2025-05-12 01:00:00+00:00': 12628.953990727787, '2025-05-12 09:00:00+00:00': 12651.029815193035, '2025-05-12 12:00:00+00:00': 12650.790290357705, '2025-05-12 16:00:00+00:00': 12721.135117943912, '2025-05-12 19:00:00+00:00': 12736.1299215447, '2025-05-12 21:00:00+00:00': 12812.447133081649, '2025-05-13 01:00:00+00:00': 12808.344989725798, '2025-05-13 06:00:00+00:00': 12801.820531310921, '2025-05-13 08:00:00+00:00': 12841.202128665833, '2025-05-13 10:00:00+00:00': 12890.595568065766, '2025-05-13 12:00:00+00:00': 12883.43299180947, '2025-05-13 20:00:00+00:00': 12911.834871025338, '2025-05-14 22:00:00+00:00': 12900.89955256677, '2025-05-15 01:00:00+00:00': 12894.908819884837, '2025-05-15 13:00:00+00:00': 12904.38031436372, '2025-05-15 17:00:00+00:00': 13045.60799927538, '2025-05-15 21:00:00+00:00': 13099.955825362336, '2025-05-16 03:00:00+00:00': 13142.823929802895, '2025-05-16 07:00:00+00:00': 13126.382899989838, '2025-05-16 11:00:00+00:00': 13183.48271413229, '2025-05-16 14:00:00+00:00': 13200.126974875518, '2025-05-16 16:00:00+00:00': 13199.849743720193, '2025-05-16 17:00:00+00:00': 13231.246718244509, '2025-05-17 05:00:00+00:00': 13300.366047770105, '2025-05-17 09:00:00+00:00': 13283.706247973154, '2025-05-17 15:00:00+00:00': 13288.683175356244, '2025-05-17 18:00:00+00:00': 13297.967126906282, '2025-05-17 21:00:00+00:00': 13296.781089837137, '2025-05-17 22:00:00+00:00': 13288.455811971719, '2025-05-18 01:00:00+00:00': 13327.284862941273, '2025-05-18 06:00:00+00:00': 13329.579446816208, '2025-05-18 09:00:00+00:00': 13467.345675259397, '2025-05-18 14:00:00+00:00': 13449.413962528555, '2025-05-18 17:00:00+00:00': 13666.698292492036, '2025-05-18 18:00:00+00:00': 13551.46332231822, '2025-05-18 23:00:00+00:00': 13768.721991695676, '2025-05-19 00:00:00+00:00': 13963.101766976575, '2025-05-19 01:00:00+00:00': 14034.461472638604, '2025-05-19 02:00:00+00:00': 14003.84079868196, '2025-05-19 04:00:00+00:00': 14051.161946016216, '2025-05-19 08:00:00+00:00': 14119.193535439881, '2025-05-19 16:00:00+00:00': 14496.843216079023, '2025-05-19 17:00:00+00:00': 14495.985713480877, '2025-05-19 18:00:00+00:00': 14501.879306545148, '2025-05-19 20:00:00+00:00': 14519.93401396047, '2025-05-20 02:00:00+00:00': 14692.737028188332, '2025-05-20 05:00:00+00:00': 14715.646119097422, '2025-05-20 06:00:00+00:00': 14697.32194811038, '2025-05-20 08:00:00+00:00': 14760.808241425024, '2025-05-20 12:00:00+00:00': 14748.706421333183, '2025-05-20 14:00:00+00:00': 14777.442036938317, '2025-05-20 16:00:00+00:00': 14833.761962196473, '2025-05-20 18:00:00+00:00': 14983.90481933933, '2025-05-20 20:00:00+00:00': 15312.007628030375, '2025-05-21 07:00:00+00:00': 15375.109688313845, '2025-05-21 08:00:00+00:00': 15354.454697610576, '2025-05-21 15:00:00+00:00': 15656.21948551697, '2025-05-21 17:00:00+00:00': 15787.904728288138, '2025-05-21 18:00:00+00:00': 15654.842228288138, '2025-05-21 20:00:00+00:00': 15741.790787096306, '2025-05-21 21:00:00+00:00': 15615.098479403998, '2025-05-22 00:00:00+00:00': 15992.529317962115, '2025-05-22 01:00:00+00:00': 15806.560902038835, '2025-05-22 04:00:00+00:00': 16221.566363709651, '2025-05-22 07:00:00+00:00': 16271.78223600067, '2025-05-22 09:00:00+00:00': 16310.0920951556, '2025-05-22 15:00:00+00:00': 16366.957766797392, '2025-05-23 00:00:00+00:00': 16368.019918457243, '2025-05-23 01:00:00+00:00': 16373.49381455352, '2025-05-23 07:00:00+00:00': 16382.490136956683, '2025-05-23 12:00:00+00:00': 16590.219949034225, '2025-05-24 00:00:00+00:00': 16654.60437549252, '2025-05-24 08:00:00+00:00': 16676.639348389406, '2025-05-24 14:00:00+00:00': 16690.037924855675, '2025-05-24 23:00:00+00:00': 16692.13351309097, '2025-05-25 20:00:00+00:00': 16723.69541696779, '2025-05-25 23:00:00+00:00': 16951.0423557433, '2025-05-26 01:00:00+00:00': 16964.875641472157, '2025-05-26 09:00:00+00:00': 16968.253530582067, '2025-05-26 16:00:00+00:00': 16999.667048044776, '2025-05-26 21:00:00+00:00': 17017.371966077564, '2025-05-27 02:00:00+00:00': 17040.474155858585, '2025-05-27 04:00:00+00:00': 17098.377305509468, '2025-05-27 08:00:00+00:00': 17157.113253653202, '2025-05-27 13:00:00+00:00': 17153.22931512103, '2025-05-27 15:00:00+00:00': 17149.14534565538, '2025-05-28 15:00:00+00:00': 17313.881639698262, '2025-05-28 17:00:00+00:00': 17289.638968655134, '2025-05-28 20:00:00+00:00': 17274.285355678447, '2025-05-29 06:00:00+00:00': 17255.313077937353, '2025-05-29 18:00:00+00:00': 17261.612615998903, '2025-05-31 03:00:00+00:00': 18058.175331883263, '2025-05-31 04:00:00+00:00': 18183.433851202793, '2025-05-31 05:00:00+00:00': 17107.554216281736, '2025-05-31 06:00:00+00:00': 18948.168691861803, '2025-05-31 07:00:00+00:00': 19631.73676815791, '2025-05-31 08:00:00+00:00': 18809.189081083267, '2025-05-31 16:00:00+00:00': 18798.078294583447, '2025-06-01 10:00:00+00:00': 19542.37941708119, '2025-06-01 13:00:00+00:00': 19144.48357904992, '2025-06-02 13:00:00+00:00': 16956.033452645795, '2025-06-02 14:00:00+00:00': 19539.58938409602, '2025-06-02 23:00:00+00:00': 19136.14621995169, '2025-06-03 01:00:00+00:00': 19719.31911382575, '2025-06-03 02:00:00+00:00': 19951.024036137274, '2025-06-03 03:00:00+00:00': 19459.653434824577, '2025-06-03 07:00:00+00:00': 19798.508043942245, '2025-06-03 08:00:00+00:00': 19512.701980526923, '2025-06-03 15:00:00+00:00': 19456.700726895928, '2025-06-03 18:00:00+00:00': 19630.95910611055, '2025-06-03 21:00:00+00:00': 19441.638796370597, '2025-06-03 23:00:00+00:00': 19590.18307508831, '2025-06-04 05:00:00+00:00': 19607.490915686, '2025-06-04 07:00:00+00:00': 19624.780132955417, '2025-06-04 09:00:00+00:00': 20164.056723186575, '2025-06-04 16:00:00+00:00': 20171.72208499399, '2025-06-04 21:00:00+00:00': 19713.976087413605, '2025-06-04 22:00:00+00:00': 20528.621597434856, '2025-06-05 05:00:00+00:00': 20339.628052987286, '2025-06-05 13:00:00+00:00': 19599.43344343394, '2025-06-05 16:00:00+00:00': 20323.415386891775, '2025-06-05 19:00:00+00:00': 20131.722928814634, '2025-06-05 20:00:00+00:00': 20341.32430013756, '2025-06-05 21:00:00+00:00': 21215.939507404222, '2025-06-06 02:00:00+00:00': 20424.57848296584, '2025-06-06 04:00:00+00:00': 21112.758503514837, '2025-06-06 05:00:00+00:00': 21031.971253435968, '2025-06-06 07:00:00+00:00': 21125.9840408598, '2025-06-06 09:00:00+00:00': 20944.349412605745, '2025-06-06 11:00:00+00:00': 20859.071567522733, '2025-06-06 13:00:00+00:00': 21046.97854426692, '2025-06-06 15:00:00+00:00': 21125.091025828853, '2025-06-07 07:00:00+00:00': 21101.056128624034, '2025-06-07 13:00:00+00:00': 20555.987230173334, '2025-06-07 15:00:00+00:00': 21291.943636819396, '2025-06-07 23:00:00+00:00': 20305.036816299173, '2025-06-08 14:00:00+00:00': 20358.74585086299, '2025-06-08 22:00:00+00:00': 19917.872657657157, '2025-06-09 05:00:00+00:00': 21071.056128624034, '2025-06-09 08:00:00+00:00': 20732.071567522733, '2025-06-09 12:00:00+00:00': 19929.421453072137, '2025-06-09 13:00:00+00:00': 19962.183898722782, '2025-06-09 15:00:00+00:00': 20301.18315530179, '2025-06-09 16:00:00+00:00': 20147.908121434102, '2025-06-09 22:00:00+00:00': 19728.762118644743, '2025-06-09 23:00:00+00:00': 19746.82859672112, '2025-06-10 01:00:00+00:00': 19345.26043349114, '2025-06-10 02:00:00+00:00': 19342.51863529504, '2025-06-10 12:00:00+00:00': 19151.533755695928, '2025-06-10 20:00:00+00:00': 19347.91706586216, '2025-06-10 21:00:00+00:00': 19758.028989030467, '2025-06-10 22:00:00+00:00': 19618.380126401917, '2025-06-11 00:00:00+00:00': 19326.790312305224, '2025-06-11 05:00:00+00:00': 19705.686085283414, '2025-06-11 06:00:00+00:00': 19083.11642481558, '2025-06-11 15:00:00+00:00': 19113.17710015781, '2025-06-11 17:00:00+00:00': 19612.731509014942, '2025-06-11 21:00:00+00:00': 20216.09480316179, '2025-06-12 01:00:00+00:00': 19256.544247396225, '2025-06-12 11:00:00+00:00': 19074.00392481558, '2025-06-12 13:00:00+00:00': 19706.632391220464, '2025-06-12 20:00:00+00:00': 20236.337314973687, '2025-06-12 21:00:00+00:00': 19869.85043083414, '2025-06-12 23:00:00+00:00': 20058.480172116546, '2025-06-13 01:00:00+00:00': 20783.41085931488, '2025-06-13 02:00:00+00:00': 20551.001525359185, '2025-06-13 03:00:00+00:00': 20842.752964578038, '2025-06-14 01:00:00+00:00': 20664.786862883124, '2025-06-14 13:00:00+00:00': 20373.109667888977, '2025-06-15 17:00:00+00:00': 20132.557119293382, '2025-06-15 22:00:00+00:00': 20162.950466255363, '2025-06-16 02:00:00+00:00': 20032.96528255869, '2025-06-16 03:00:00+00:00': 20110.743060336466, '2025-06-16 05:00:00+00:00': 19964.490521012347, '2025-06-16 08:00:00+00:00': 19602.928021012347, '2025-06-16 11:00:00+00:00': 19587.03434068026, '2025-06-16 14:00:00+00:00': 19404.605769251688, '2025-06-16 15:00:00+00:00': 19787.395770426912, '2025-06-16 19:00:00+00:00': 18633.413163921945, '2025-06-16 20:00:00+00:00': 19768.35434068026, '2025-06-16 21:00:00+00:00': 18873.105365595526, '2025-06-16 23:00:00+00:00': 18886.786653246127, '2025-06-17 00:00:00+00:00': 19122.050707654966, '2025-06-17 07:00:00+00:00': 18697.021028246127, '2025-06-17 11:00:00+00:00': 18825.079830588613, '2025-06-17 14:00:00+00:00': 19375.360940060844, '2025-06-17 15:00:00+00:00': 19008.34923842619, '2025-06-17 16:00:00+00:00': 19363.457092670196, '2025-06-17 17:00:00+00:00': 19194.329021658792, '2025-06-17 20:00:00+00:00': 18090.89609773767, '2025-06-18 05:00:00+00:00': 18289.591749911582, '2025-06-18 11:00:00+00:00': 18863.699594083868, '2025-06-18 14:00:00+00:00': 17896.20382975192, '2025-06-18 15:00:00+00:00': 19040.327501060612, '2025-06-18 21:00:00+00:00': 18668.593211105144, '2025-06-19 04:00:00+00:00': 18485.4353163683, '2025-06-19 14:00:00+00:00': 17467.429054977147, '2025-06-19 19:00:00+00:00': 17102.145724921906, '2025-06-19 21:00:00+00:00': 16541.449361040293, '2025-06-19 23:00:00+00:00': 19541.650755266117, '2025-06-20 00:00:00+00:00': 19081.620600128084, '2025-06-20 01:00:00+00:00': 19210.499346191322, '2025-06-20 08:00:00+00:00': 16720.680130271063, '2025-06-20 09:00:00+00:00': 17672.20382975192, '2025-06-20 15:00:00+00:00': 17024.855238085183, '2025-06-20 17:00:00+00:00': 17059.49397829562, '2025-06-20 18:00:00+00:00': 16667.47392043695, '2025-06-21 10:00:00+00:00': 17899.496279468603, '2025-06-21 19:00:00+00:00': 16859.14058710362, '2025-06-21 20:00:00+00:00': 18393.41361998972, '2025-06-21 22:00:00+00:00': 19131.64584503224, '2025-06-22 01:00:00+00:00': 19879.5648902899, '2025-06-22 10:00:00+00:00': 19675.07962936021, '2025-06-22 14:00:00+00:00': 20208.68755285502, '2025-06-22 15:00:00+00:00': 20097.38351774088, '2025-06-22 16:00:00+00:00': 20224.853383516238, '2025-06-22 17:00:00+00:00': 20160.69157707179, '2025-06-22 23:00:00+00:00': 19847.329213358327, '2025-06-23 03:00:00+00:00': 19652.553572332687, '2025-06-23 05:00:00+00:00': 19449.3392866184, '2025-06-23 07:00:00+00:00': 20047.920050182904, '2025-06-23 09:00:00+00:00': 19050.631165329174, '2025-06-23 17:00:00+00:00': 19025.55537465551, '2025-06-23 18:00:00+00:00': 18571.826487219525, '2025-06-23 19:00:00+00:00': 18792.257378921408, '2025-06-23 20:00:00+00:00': 18584.65174511859, '2025-06-23 21:00:00+00:00': 18361.883821764695, '2025-06-23 22:00:00+00:00': 18158.969895678925, '2025-06-23 23:00:00+00:00': 18387.157571383574, '2025-06-24 00:00:00+00:00': 18202.02808859736, '2025-06-24 02:00:00+00:00': 17547.236962818115, '2025-06-24 03:00:00+00:00': 17995.955481336634, '2025-06-24 09:00:00+00:00': 17132.58981567097, '2025-06-24 17:00:00+00:00': 17732.436962818116, '2025-06-24 21:00:00+00:00': 17328.625851707005, '2025-06-25 05:00:00+00:00': 16993.212060788035, '2025-06-25 10:00:00+00:00': 16798.666773191457, '2025-06-25 14:00:00+00:00': 17228.572421148394, '2025-06-25 16:00:00+00:00': 16533.651341092693, '2025-06-26 02:00:00+00:00': 16301.568007759359, '2025-06-26 13:00:00+00:00': 16120.550043687503, '2025-06-27 00:00:00+00:00': 15888.115261078807, '2025-06-30 20:00:00+00:00': 15994.034200978716, '2025-06-30 21:00:00+00:00': 15990.207442559144, '2025-06-30 23:00:00+00:00': 16006.935598628765, '2025-07-01 00:00:00+00:00': 16305.032670288381, '2025-07-01 02:00:00+00:00': 16263.574388186882, '2025-07-01 04:00:00+00:00': 16252.284489363403, '2025-07-01 05:00:00+00:00': 16266.840075213368, '2025-07-01 07:00:00+00:00': 16271.15775742339, '2025-07-01 08:00:00+00:00': 16263.288233325078, '2025-07-01 10:00:00+00:00': 16274.85087482796, '2025-07-01 11:00:00+00:00': 16294.03638773164, '2025-07-01 13:00:00+00:00': 16343.182951747538, '2025-07-01 18:00:00+00:00': 16268.811021440508, '2025-07-01 20:00:00+00:00': 16186.392434013322, '2025-07-02 00:00:00+00:00': 16186.942666319126, '2025-07-02 05:00:00+00:00': 16174.965512131024, '2025-07-02 08:00:00+00:00': 16195.849608244296, '2025-07-02 13:00:00+00:00': 16290.563403829958, '2025-07-02 14:00:00+00:00': 16275.047144387236, '2025-07-02 15:00:00+00:00': 16292.475604255862, '2025-07-02 16:00:00+00:00': 16288.806593109928, '2025-07-02 17:00:00+00:00': 16406.82715801825, '2025-07-02 18:00:00+00:00': 16398.823026991882, '2025-07-02 20:00:00+00:00': 16409.753634305984, '2025-07-02 21:00:00+00:00': 16468.94697882826, '2025-07-02 22:00:00+00:00': 16457.782734970835, '2025-07-02 23:00:00+00:00': 15999.138706176214, '2025-07-03 00:00:00+00:00': 16462.912110988844, '2025-07-03 03:00:00+00:00': 16458.50610781059, '2025-07-03 05:00:00+00:00': 16454.802787794953, '2025-07-03 07:00:00+00:00': 16455.36436171325, '2025-07-03 09:00:00+00:00': 16453.881901296063, '2025-07-03 10:00:00+00:00': 16443.85757418333, '2025-07-03 13:00:00+00:00': 16443.77863943443, '2025-07-03 14:00:00+00:00': 16453.404694668403, '2025-07-03 16:00:00+00:00': 16507.77562787884, '2025-07-03 17:00:00+00:00': 16447.184287590884, '2025-07-03 18:00:00+00:00': 16508.176040785078, '2025-07-03 20:00:00+00:00': 16512.492392778287, '2025-07-04 02:00:00+00:00': 16495.640596955054, '2025-07-04 03:00:00+00:00': 16553.40261912792, '2025-07-04 05:00:00+00:00': 16546.753712187452, '2025-07-04 08:00:00+00:00': 16613.2268616101, '2025-07-04 13:00:00+00:00': 16617.64284754268, '2025-07-04 16:00:00+00:00': 16621.94724480204, '2025-07-04 17:00:00+00:00': 16714.110435857692, '2025-07-04 18:00:00+00:00': 16716.000583860503, '2025-07-04 20:00:00+00:00': 16708.19230077927, '2025-07-04 22:00:00+00:00': 16724.660211388495, '2025-07-05 00:00:00+00:00': 16719.845567923043, '2025-07-06 06:00:00+00:00': 16721.687552665873, '2025-07-06 13:00:00+00:00': 16715.978358382796, '2025-07-06 17:00:00+00:00': 16489.240237151505, '2025-07-06 19:00:00+00:00': 16693.80914674758, '2025-07-06 21:00:00+00:00': 16686.124332836298, '2025-07-06 23:00:00+00:00': 16527.774072486314, '2025-07-07 01:00:00+00:00': 16724.299371996014, '2025-07-07 05:00:00+00:00': 16663.633733033705, '2025-07-07 07:00:00+00:00': 16686.41371905998, '2025-07-07 08:00:00+00:00': 16677.07694058531, '2025-07-07 12:00:00+00:00': 16677.727779273588, '2025-07-07 13:00:00+00:00': 16744.564620247253, '2025-07-07 14:00:00+00:00': 16733.105038577083, '2025-07-07 17:00:00+00:00': 16727.964795850712, '2025-07-07 18:00:00+00:00': 16792.699327204744, '2025-07-07 21:00:00+00:00': 16725.71768420752, '2025-07-07 23:00:00+00:00': 16798.572185986857, '2025-07-08 01:00:00+00:00': 16788.942408261944, '2025-07-08 03:00:00+00:00': 16797.996551962697, '2025-07-08 10:00:00+00:00': 16824.676346695895, '2025-07-08 13:00:00+00:00': 16812.28297795902, '2025-07-08 14:00:00+00:00': 16818.347780262007, '2025-07-08 16:00:00+00:00': 16893.05821789838, '2025-07-08 17:00:00+00:00': 16894.68227580856, '2025-07-08 18:00:00+00:00': 16915.580971322823, '2025-07-08 21:00:00+00:00': 16910.72056522858, '2025-07-09 03:00:00+00:00': 16891.167594379414, '2025-07-09 04:00:00+00:00': 16915.6624928911, '2025-07-09 05:00:00+00:00': 16903.98191642887, '2025-07-09 06:00:00+00:00': 16951.01526513117, '2025-07-09 08:00:00+00:00': 16805.122647784257, '2025-07-09 10:00:00+00:00': 16970.724094905014, '2025-07-09 12:00:00+00:00': 16940.51759344579, '2025-07-09 13:00:00+00:00': 16972.024357046805, '2025-07-09 15:00:00+00:00': 16958.704920142867, '2025-07-09 18:00:00+00:00': 16965.37519079237, '2025-07-09 19:00:00+00:00': 16957.986905053276, '2025-07-09 20:00:00+00:00': 17110.685193303318, '2025-07-09 21:00:00+00:00': 17175.728844370187, '2025-07-10 01:00:00+00:00': 17172.521421404723, '2025-07-10 02:00:00+00:00': 17162.949281637924, '2025-07-10 03:00:00+00:00': 16942.22031996304, '2025-07-10 06:00:00+00:00': 17145.307699395995, '2025-07-10 08:00:00+00:00': 17141.0739953104, '2025-07-10 09:00:00+00:00': 17136.528973371187, '2025-07-10 10:00:00+00:00': 17154.897422952545, '2025-07-10 14:00:00+00:00': 17147.6501943753, '2025-07-10 15:00:00+00:00': 17159.987749429747, '2025-07-10 16:00:00+00:00': 17141.449756443773, '2025-07-10 18:00:00+00:00': 17282.072429511474, '2025-07-10 19:00:00+00:00': 17334.87705113574, '2025-07-10 22:00:00+00:00': 18031.73569054735, '2025-07-11 01:00:00+00:00': 18092.61461883377, '2025-07-11 06:00:00+00:00': 18108.043239704733, '2025-07-11 08:00:00+00:00': 18089.18475538682, '2025-07-11 10:00:00+00:00': 18094.932739528627, '2025-07-11 12:00:00+00:00': 18076.817957930187, '2025-07-11 16:00:00+00:00': 18106.169701739647, '2025-07-11 18:00:00+00:00': 18008.844834638207, '2025-07-11 21:00:00+00:00': 18075.330586777378, '2025-07-11 23:00:00+00:00': 18234.09567041777, '2025-07-12 01:00:00+00:00': 18235.09417716432, '2025-07-12 05:00:00+00:00': 18237.131363859193, '2025-07-12 08:00:00+00:00': 18235.37301254526, '2025-07-12 13:00:00+00:00': 18367.159678136635, '2025-07-12 16:00:00+00:00': 18330.149255294185, '2025-07-12 21:00:00+00:00': 18406.394182094962, '2025-07-13 01:00:00+00:00': 18402.239514936893, '2025-07-13 11:00:00+00:00': 18414.43042114064, '2025-07-13 12:00:00+00:00': 18051.556512235577, '2025-07-13 17:00:00+00:00': 18346.47787116993, '2025-07-13 22:00:00+00:00': 18505.74251400661, '2025-07-13 23:00:00+00:00': 18437.666751935933, '2025-07-14 00:00:00+00:00': 18502.01644812863, '2025-07-14 02:00:00+00:00': 18492.697758236194, '2025-07-14 04:00:00+00:00': 18502.438955962945, '2025-07-14 05:00:00+00:00': 18522.44206298498, '2025-07-14 07:00:00+00:00': 18528.262195268715, '2025-07-14 08:00:00+00:00': 18483.428394080973, '2025-07-14 12:00:00+00:00': 18874