number,value,params_CONVERGENCE_THRESHOLD,params_FIXED_TRADE_PCT,params_MAX_HOLD_HOURS,params_MAX_POSITION_PCT,params_MIN_DIV,params_STOP_LOSS_PCT,params_TAKE_PROFIT_PCT,params_TRAIL_PCT,state,user_attrs_cooldown_trades_pct,user_attrs_equity_curves,user_attrs_total_trades
33,15.41074973547635,0.015,0.06,72,0.025,0.035,0.3,0.4,0.7,COMPLETE,1.1730205278592376,"[{'2025-05-01 00:00:00+00:00': 10000.0, '2025-05-01 02:00:00+00:00': 10096.82250483897, '2025-05-01 06:00:00+00:00': 10104.4788192672, '2025-05-01 07:00:00+00:00': 10186.636801255734, '2025-05-01 11:00:00+00:00': 10427.274792892786, '2025-05-01 13:00:00+00:00': 10197.302149122075, '2025-05-01 15:00:00+00:00': 10384.13663002685, '2025-05-01 16:00:00+00:00': 10283.469202669037, '2025-05-01 17:00:00+00:00': 10390.25648361161, '2025-05-02 04:00:00+00:00': 10386.78692730571, '2025-05-02 06:00:00+00:00': 10416.49582808349, '2025-05-02 15:00:00+00:00': 10354.822311159325, '2025-05-02 20:00:00+00:00': 10367.347196823206, '2025-05-02 23:00:00+00:00': 10352.448116099582, '2025-05-03 10:00:00+00:00': 10317.803867464114, '2025-05-04 00:00:00+00:00': 10342.804010336316, '2025-05-04 01:00:00+00:00': 10212.640578984021, '2025-05-04 22:00:00+00:00': 10279.395744618052, '2025-05-05 01:00:00+00:00': 10187.46310954048, '2025-05-05 02:00:00+00:00': 10180.612404325664, '2025-05-05 03:00:00+00:00': 10172.573929239985, '2025-05-05 08:00:00+00:00': 10245.722816489026, '2025-05-05 12:00:00+00:00': 10249.483032437198, '2025-05-05 23:00:00+00:00': 10257.160567373881, '2025-05-06 03:00:00+00:00': 10130.047394340845, '2025-05-06 13:00:00+00:00': 10243.566855866824, '2025-05-06 16:00:00+00:00': 10425.981397615022, '2025-05-06 17:00:00+00:00': 10424.055380914548, '2025-05-06 23:00:00+00:00': 10339.273752012294, '2025-05-07 00:00:00+00:00': 10436.654829905605, '2025-05-07 01:00:00+00:00': 10628.138284154953, '2025-05-07 02:00:00+00:00': 10754.983666866989, '2025-05-07 04:00:00+00:00': 10811.646154840395, '2025-05-07 16:00:00+00:00': 10893.696150157297, '2025-05-07 17:00:00+00:00': 10896.558938000964, '2025-05-07 18:00:00+00:00': 10911.43919060783, '2025-05-07 22:00:00+00:00': 10982.791295718938, '2025-05-08 01:00:00+00:00': 11064.522726977912, '2025-05-08 04:00:00+00:00': 11081.487339028097, '2025-05-08 09:00:00+00:00': 11025.069956452462, '2025-05-08 10:00:00+00:00': 11174.44106445504, '2025-05-08 16:00:00+00:00': 11265.89445186279, '2025-05-08 17:00:00+00:00': 11278.898931940234, '2025-05-08 19:00:00+00:00': 11326.258230687577, '2025-05-08 21:00:00+00:00': 11596.26555090164, '2025-05-08 22:00:00+00:00': 11593.590974320034, '2025-05-09 00:00:00+00:00': 11602.075295285478, '2025-05-09 09:00:00+00:00': 11878.648843488121, '2025-05-09 12:00:00+00:00': 11852.318493639403, '2025-05-09 15:00:00+00:00': 11841.920323701372, '2025-05-09 16:00:00+00:00': 11862.94089364865, '2025-05-09 18:00:00+00:00': 11830.895082050161, '2025-05-09 20:00:00+00:00': 11825.005071079031, '2025-05-10 07:00:00+00:00': 11878.7973782314, '2025-05-10 08:00:00+00:00': 11884.94742523894, '2025-05-10 10:00:00+00:00': 11883.900850149508, '2025-05-10 14:00:00+00:00': 11923.577167729325, '2025-05-10 22:00:00+00:00': 11941.351971304275, '2025-05-11 00:00:00+00:00': 11979.342625509882, '2025-05-11 01:00:00+00:00': 11953.704276282328, '2025-05-11 05:00:00+00:00': 11965.24995252028, '2025-05-11 06:00:00+00:00': 11962.769179182198, '2025-05-11 11:00:00+00:00': 12018.585437872256, '2025-05-11 12:00:00+00:00': 12019.107617708287, '2025-05-11 13:00:00+00:00': 11999.912081798098, '2025-05-11 17:00:00+00:00': 11933.543400801196, '2025-05-11 19:00:00+00:00': 12023.08680266107, '2025-05-12 01:00:00+00:00': 12004.347383921606, '2025-05-12 02:00:00+00:00': 12011.590195427281, '2025-05-12 09:00:00+00:00': 12031.148627313938, '2025-05-12 12:00:00+00:00': 12030.920838830638, '2025-05-12 16:00:00+00:00': 12092.86702990047, '2025-05-12 19:00:00+00:00': 12107.121274069925, '2025-05-12 22:00:00+00:00': 12173.813968087446, '2025-05-13 00:00:00+00:00': 12162.857761616746, '2025-05-13 06:00:00+00:00': 12182.953339411762, '2025-05-13 10:00:00+00:00': 12280.935678592241, '2025-05-13 16:00:00+00:00': 12286.556971789232, '2025-05-13 18:00:00+00:00': 12296.620390465461, '2025-05-14 08:00:00+00:00': 12262.554312472266, '2025-05-14 13:00:00+00:00': 12283.635080757196, '2025-05-15 01:00:00+00:00': 12268.93519692207, '2025-05-15 02:00:00+00:00': 12259.331197423986, '2025-05-15 14:00:00+00:00': 12253.761332988364, '2025-05-15 17:00:00+00:00': 12387.652893668574, '2025-05-15 19:00:00+00:00': 12499.965956851138, '2025-05-16 04:00:00+00:00': 12489.78647194673, '2025-05-16 07:00:00+00:00': 12491.57663127705, '2025-05-16 08:00:00+00:00': 12455.12597497384, '2025-05-16 12:00:00+00:00': 12633.648444392891, '2025-05-16 17:00:00+00:00': 12636.98715529093, '2025-05-17 05:00:00+00:00': 12651.414793419575, '2025-05-17 18:00:00+00:00': 12667.134378603814, '2025-05-17 22:00:00+00:00': 12666.021881548226, '2025-05-18 06:00:00+00:00': 12670.847512182447, '2025-05-18 11:00:00+00:00': 12716.707698755774, '2025-05-18 15:00:00+00:00': 12636.442819491922, '2025-05-18 17:00:00+00:00': 12948.812309437495, '2025-05-18 21:00:00+00:00': 12993.10823756953, '2025-05-18 23:00:00+00:00': 13082.73402308451, '2025-05-19 00:00:00+00:00': 13110.93402308451, '2025-05-19 01:00:00+00:00': 13177.938647734194, '2025-05-19 03:00:00+00:00': 13124.505922498378, '2025-05-19 08:00:00+00:00': 13177.29908529502, '2025-05-19 10:00:00+00:00': 13180.548170013146, '2025-05-19 16:00:00+00:00': 13464.965346459014, '2025-05-19 17:00:00+00:00': 13461.39016285272, '2025-05-19 18:00:00+00:00': 13466.754659466715, '2025-05-19 20:00:00+00:00': 13483.520646141342, '2025-05-20 02:00:00+00:00': 13542.276651256041, '2025-05-20 05:00:00+00:00': 13564.050886519783, '2025-05-20 07:00:00+00:00': 13515.700133320828, '2025-05-20 08:00:00+00:00': 13620.278335208404, '2025-05-20 13:00:00+00:00': 13591.568211132084, '2025-05-20 14:00:00+00:00': 13617.580255419522, '2025-05-20 16:00:00+00:00': 13762.595311972163, '2025-05-20 18:00:00+00:00': 13756.053723066827, '2025-05-20 20:00:00+00:00': 14090.698120663208, '2025-05-21 07:00:00+00:00': 14148.76706262341, '2025-05-21 08:00:00+00:00': 14129.759546055035, '2025-05-21 15:00:00+00:00': 14349.784205833614, '2025-05-21 17:00:00+00:00': 14470.096836781113, '2025-05-21 18:00:00+00:00': 14337.034336781113, '2025-05-21 21:00:00+00:00': 14445.854413831645, '2025-05-22 00:00:00+00:00': 14566.901954353374, '2025-05-22 01:00:00+00:00': 14631.672069295902, '2025-05-22 04:00:00+00:00': 14777.370303985905, '2025-05-22 09:00:00+00:00': 14660.461413118383, '2025-05-22 16:00:00+00:00': 14762.364820561432, '2025-05-22 20:00:00+00:00': 14747.81612993667, '2025-05-22 21:00:00+00:00': 14779.702719981988, '2025-05-23 02:00:00+00:00': 14764.77061442582, '2025-05-23 07:00:00+00:00': 14715.167803633902, '2025-05-23 12:00:00+00:00': 14901.755985099837, '2025-05-24 02:00:00+00:00': 14956.495273517714, '2025-05-24 08:00:00+00:00': 14976.283553116196, '2025-05-24 11:00:00+00:00': 15009.858014372718, '2025-05-24 16:00:00+00:00': 15007.368132486463, '2025-05-25 01:00:00+00:00': 15030.860779545286, '2025-05-25 14:00:00+00:00': 15036.099221461047, '2025-05-25 21:00:00+00:00': 15050.843643922784, '2025-05-25 23:00:00+00:00': 15278.190582698295, '2025-05-26 01:00:00+00:00': 15290.658699485155, '2025-05-26 09:00:00+00:00': 15293.703234004352, '2025-05-26 16:00:00+00:00': 15322.016637781882, '2025-05-26 21:00:00+00:00': 15339.386731526918, '2025-05-27 02:00:00+00:00': 15362.48892130794, '2025-05-27 04:00:00+00:00': 15414.69031470137, '2025-05-27 17:00:00+00:00': 15528.355999462965, '2025-05-28 15:00:00+00:00': 15677.522839464014, '2025-05-29 18:00:00+00:00': 15684.216559066286, '2025-05-31 03:00:00+00:00': 15040.030961884677, '2025-05-31 04:00:00+00:00': 14876.86034298839, '2025-05-31 05:00:00+00:00': 15227.931771559819, '2025-05-31 06:00:00+00:00': 17368.086171855517, '2025-05-31 07:00:00+00:00': 17886.542014210627, '2025-05-31 08:00:00+00:00': 17217.99577457716, '2025-05-31 11:00:00+00:00': 17714.458680877295, '2025-05-31 16:00:00+00:00': 15712.984535625423, '2025-06-01 10:00:00+00:00': 17889.18201359663, '2025-06-01 14:00:00+00:00': 17895.73962587133, '2025-06-02 13:00:00+00:00': 15547.355747955955, '2025-06-02 23:00:00+00:00': 17782.035922167626, '2025-06-03 01:00:00+00:00': 17992.041637757357, '2025-06-03 02:00:00+00:00': 18456.62552671095, '2025-06-03 03:00:00+00:00': 17975.73964776306, '2025-06-03 07:00:00+00:00': 17781.391799784375, '2025-06-03 08:00:00+00:00': 17858.870830474352, '2025-06-03 11:00:00+00:00': 17993.22298262254, '2025-06-03 15:00:00+00:00': 17998.564592050298, '2025-06-03 16:00:00+00:00': 17652.6243762047, '2025-06-03 18:00:00+00:00': 17977.146650166374, '2025-06-03 20:00:00+00:00': 17646.949655373155, '2025-06-04 05:00:00+00:00': 17803.827645323167, '2025-06-04 07:00:00+00:00': 17824.80343013919, '2025-06-04 10:00:00+00:00': 18363.433725843264, '2025-06-04 16:00:00+00:00': 18371.12550899697, '2025-06-04 21:00:00+00:00': 18098.282721527954, '2025-06-04 22:00:00+00:00': 18540.663606249294, '2025-06-05 05:00:00+00:00': 18538.968031614215, '2025-06-05 13:00:00+00:00': 17637.64619757778, '2025-06-05 16:00:00+00:00': 18524.30504911184, '2025-06-05 19:00:00+00:00': 18274.697815867577, '2025-06-05 20:00:00+00:00': 18547.263621670914, '2025-06-05 21:00:00+00:00': 18695.03881032896, '2025-06-06 02:00:00+00:00': 18417.477834719204, '2025-06-06 04:00:00+00:00': 19103.120375662456, '2025-06-06 05:00:00+00:00': 18920.045136725148, '2025-06-06 07:00:00+00:00': 18922.603134283145, '2025-06-06 09:00:00+00:00': 18934.711284753364, '2025-06-06 11:00:00+00:00': 18673.494180583995, '2025-06-06 15:00:00+00:00': 19106.54995501424, '2025-06-07 07:00:00+00:00': 19027.88632709171, '2025-06-07 13:00:00+00:00': 18370.409843234596, '2025-06-07 15:00:00+00:00': 19086.004732684745, '2025-06-07 23:00:00+00:00': 18398.266708757343, '2025-06-08 14:00:00+00:00': 18151.829178209966, '2025-06-08 22:00:00+00:00': 18922.22636140171, '2025-06-09 05:00:00+00:00': 18861.401157328182, '2025-06-09 08:00:00+00:00': 18546.494180583995, '2025-06-09 12:00:00+00:00': 17779.337789317615, '2025-06-09 13:00:00+00:00': 17924.376351351817, '2025-06-09 16:00:00+00:00': 17998.554144342277, '2025-06-09 22:00:00+00:00': 17556.10636070905, '2025-06-09 23:00:00+00:00': 17373.898651494546, '2025-06-10 01:00:00+00:00': 17880.065110286192, '2025-06-10 12:00:00+00:00': 17248.912157519066, '2025-06-10 20:00:00+00:00': 17411.10789003797, '2025-06-10 21:00:00+00:00': 17407.07213922283, '2025-06-10 22:00:00+00:00': 16884.709074688693, '2025-06-11 00:00:00+00:00': 17391.358108067758, '2025-06-11 05:00:00+00:00': 17355.83217341817, '2025-06-11 15:00:00+00:00': 17016.828824185734, '2025-06-12 01:00:00+00:00': 17379.83651943921, '2025-06-12 11:00:00+00:00': 17197.296196858566, '2025-06-12 13:00:00+00:00': 17355.94615072758, '2025-06-12 20:00:00+00:00': 17925.204718938552, '2025-06-12 21:00:00+00:00': 17688.218989392837, '2025-06-12 23:00:00+00:00': 17747.34757608141, '2025-06-13 01:00:00+00:00': 18624.389797990003, '2025-06-13 03:00:00+00:00': 17877.97930895311, '2025-06-14 01:00:00+00:00': 18211.058159926695, '2025-06-14 13:00:00+00:00': 18009.08720570554, '2025-06-15 17:00:00+00:00': 18389.02426162161, '2025-06-15 22:00:00+00:00': 17934.340434648537, '2025-06-16 02:00:00+00:00': 17818.637203689952, '2025-06-16 05:00:00+00:00': 17736.874349822745, '2025-06-16 08:00:00+00:00': 17555.311849822745, '2025-06-16 11:00:00+00:00': 17309.872969561548, '2025-06-16 14:00:00+00:00': 16947.444398132975, '2025-06-16 15:00:00+00:00': 17560.528969540414, '2025-06-16 19:00:00+00:00': 16387.71992043737, '2025-06-16 20:00:00+00:00': 17491.192969561547, '2025-06-16 21:00:00+00:00': 16625.316618693356, '2025-06-16 23:00:00+00:00': 16873.163392870665, '2025-06-17 00:00:00+00:00': 16683.397767870665, '2025-06-17 07:00:00+00:00': 16449.232281343957, '2025-06-17 11:00:00+00:00': 16205.368822007606, '2025-06-17 14:00:00+00:00': 17125.847238355207, '2025-06-17 16:00:00+00:00': 17291.34382405587, '2025-06-17 17:00:00+00:00': 16945.681145924893, '2025-06-17 20:00:00+00:00': 16070.120263172721, '2025-06-18 05:00:00+00:00': 15841.300387396324, '2025-06-18 14:00:00+00:00': 15647.599595708156, '2025-06-18 15:00:00+00:00': 16792.416074502875, '2025-06-18 21:00:00+00:00': 16043.872626708984, '2025-06-19 04:00:00+00:00': 16417.173454132153, '2025-06-19 14:00:00+00:00': 15218.824820933381, '2025-06-19 19:00:00+00:00': 15030.007968259975, '2025-06-19 21:00:00+00:00': 14471.201391614197, '2025-06-19 23:00:00+00:00': 17010.926947939704, '2025-06-20 00:00:00+00:00': 16832.733285343784, '2025-06-20 01:00:00+00:00': 16961.561253150623, '2025-06-20 04:00:00+00:00': 16238.979009687708, '2025-06-20 08:00:00+00:00': 14650.432160844966, '2025-06-20 09:00:00+00:00': 15423.599595708156, '2025-06-20 15:00:00+00:00': 14710.464741965763, '2025-06-20 17:00:00+00:00': 14923.072972369167, '2025-06-20 18:00:00+00:00': 14568.377240293821, '2025-06-21 10:00:00+00:00': 15213.822160384647, '2025-06-21 19:00:00+00:00': 15194.242327756936, '2025-06-21 20:00:00+00:00': 16267.51421661294, '2025-06-21 22:00:00+00:00': 17228.172524608442, '2025-06-22 01:00:00+00:00': 17470.28578570744, '2025-06-22 10:00:00+00:00': 18223.910952211874, '2025-06-22 14:00:00+00:00': 18080.410124659084, '2025-06-22 15:00:00+00:00': 17323.08178872403, '2025-06-22 16:00:00+00:00': 18096.575955320302, '2025-06-22 17:00:00+00:00': 18034.346365788788, '2025-06-22 23:00:00+00:00': 17719.05178516239, '2025-06-23 03:00:00+00:00': 17122.659080644687, '2025-06-23 05:00:00+00:00': 17317.434721670328, '2025-06-23 07:00:00+00:00': 17878.54663935939, '2025-06-23 09:00:00+00:00': 16663.979950725472, '2025-06-23 17:00:00+00:00': 16897.277946459573, '2025-06-23 18:00:00+00:00': 16443.54905902359, '2025-06-23 19:00:00+00:00': 16864.28529423692, '2025-06-23 20:00:00+00:00': 16456.374316922655, '2025-06-23 21:00:00+00:00': 16232.50314426737, '2025-06-23 22:00:00+00:00': 16247.939302926028, '2025-06-23 23:00:00+00:00': 16256.464189120108, '2025-06-24 00:00:00+00:00': 16072.260322842023, '2025-06-24 02:00:00+00:00': 15417.469197062777, '2025-06-24 03:00:00+00:00': 15602.669197062778, '2025-06-24 09:00:00+00:00': 15302.01894110734, '2025-06-24 17:00:00+00:00': 15808.741804323505, '2025-06-24 21:00:00+00:00': 15198.858085951666, '2025-06-25 05:00:00+00:00': 15066.65858074698, '2025-06-25 10:00:00+00:00': 14670.014093163172, '2025-06-25 14:00:00+00:00': 14863.444295032694, '2025-06-25 16:00:00+00:00': 14404.998661064406, '2025-06-26 02:00:00+00:00': 14172.915327731072, '2025-06-26 13:00:00+00:00': 13991.897363659216, '2025-06-27 00:00:00+00:00': 13759.46258105052, '2025-06-30 21:00:00+00:00': 13755.635822630948, '2025-07-01 00:00:00+00:00': 13854.014718290182, '2025-07-01 04:00:00+00:00': 13837.28656222056, '2025-07-01 05:00:00+00:00': 14122.666590122592, '2025-07-01 07:00:00+00:00': 14253.829303568626, '2025-07-01 09:00:00+00:00': 14125.780972924455, '2025-07-01 10:00:00+00:00': 14029.908388939424, '2025-07-01 13:00:00+00:00': 14342.924819083137, '2025-07-01 19:00:00+00:00': 14303.681462843671, '2025-07-02 08:00:00+00:00': 14065.148962037603, '2025-07-02 13:00:00+00:00': 14001.28596480165, '2025-07-02 14:00:00+00:00': 13985.438074776128, '2025-07-02 15:00:00+00:00': 14225.099008634488, '2025-07-02 17:00:00+00:00': 14169.970612276835, '2025-07-02 19:00:00+00:00': 14130.66962798033, '2025-07-02 20:00:00+00:00': 14253.868271223037, '2025-07-02 21:00:00+00:00': 14158.688451518383, '2025-07-02 22:00:00+00:00': 14010.654204374936, '2025-07-02 23:00:00+00:00': 14218.270105131951, '2025-07-03 03:00:00+00:00': 14231.72826511262, '2025-07-03 04:00:00+00:00': 14221.318731966569, '2025-07-03 05:00:00+00:00': 14212.927592779828, '2025-07-03 07:00:00+00:00': 14201.14344719956, '2025-07-03 10:00:00+00:00': 14208.892360420603, '2025-07-03 13:00:00+00:00': 14208.813377327793, '2025-07-03 14:00:00+00:00': 14234.431172221202, '2025-07-03 16:00:00+00:00': 14302.43077288374, '2025-07-03 19:00:00+00:00': 14204.148890435617, '2025-07-03 20:00:00+00:00': 14273.382751498226, '2025-07-04 02:00:00+00:00': 14301.212961848314, '2025-07-04 08:00:00+00:00': 14442.414066049345, '2025-07-04 13:00:00+00:00': 14437.39559301986, '2025-07-04 17:00:00+00:00': 14533.17700040582, '2025-07-04 22:00:00+00:00': 14536.714595580319, '2025-07-05 00:00:00+00:00': 14535.21270539252, '2025-07-06 05:00:00+00:00': 14199.18257994869, '2025-07-06 13:00:00+00:00': 14530.894893878007, '2025-07-06 21:00:00+00:00': 14443.2199516257, '2025-07-06 22:00:00+00:00': 14448.683568662524, '2025-07-06 23:00:00+00:00': 14283.049234683496, '2025-07-07 02:00:00+00:00': 14544.113323791058, '2025-07-07 05:00:00+00:00': 14441.709841880456, '2025-07-07 07:00:00+00:00': 14543.214979876586, '2025-07-07 13:00:00+00:00': 14608.660483537971, '2025-07-07 14:00:00+00:00': 14450.787229152435, '2025-07-07 18:00:00+00:00': 14602.211266512488, '2025-07-08 03:00:00+00:00': 14730.93853923976, '2025-07-08 10:00:00+00:00': 14774.877942116836, '2025-07-08 14:00:00+00:00': 14768.556622934946, '2025-07-08 16:00:00+00:00': 14851.994191769123, '2025-07-08 17:00:00+00:00': 14771.3114527974, '2025-07-08 18:00:00+00:00': 14906.993874039905, '2025-07-08 21:00:00+00:00': 14905.381458119527, '2025-07-09 04:00:00+00:00': 14918.808403702495, '2025-07-09 05:00:00+00:00': 14907.611005328808, '2025-07-09 10:00:00+00:00': 14902.14962607326, '2025-07-09 12:00:00+00:00': 14892.091118934237, '2025-07-09 15:00:00+00:00': 14800.85040044925, '2025-07-09 19:00:00+00:00': 14940.020305164215, '2025-07-09 20:00:00+00:00': 14891.193705944743, '2025-07-09 21:00:00+00:00': 14936.68747599345, '2025-07-09 22:00:00+00:00': 14884.984569260061, '2025-07-10 00:00:00+00:00': 14760.993248843135, '2025-07-10 01:00:00+00:00': 14932.891070682275, '2025-07-10 03:00:00+00:00': 14923.620883669628, '2025-07-10 10:00:00+00:00': 14961.38010980534, '2025-07-10 13:00:00+00:00': 14947.953319310665, '2025-07-10 14:00:00+00:00': 14807.471945760071, '2025-07-10 15:00:00+00:00': 14979.76199935276, '2025-07-10 17:00:00+00:00': 14895.600735293106, '2025-07-10 18:00:00+00:00': 15108.353047205022, '2025-07-10 19:00:00+00:00': 15148.80886206345, '2025-07-10 22:00:00+00:00': 15449.78502424867, '2025-07-11 01:00:00+00:00': 15508.781743894764, '2025-07-11 03:00:00+00:00': 15517.655512719983, '2025-07-11 07:00:00+00:00': 15524.451940344767, '2025-07-11 09:00:00+00:00': 15498.536028544819, '2025-07-11 10:00:00+00:00': 15530.175631432598, '2025-07-11 12:00:00+00:00': 15480.548459025531, '2025-07-11 16:00:00+00:00': 15511.384951602906, '2025-07-11 18:00:00+00:00': 15414.743553889704, '2025-07-11 23:00:00+00:00': 15667.254753291241, '2025-07-12 01:00:00+00:00': 15513.553985077897, '2025-07-12 08:00:00+00:00': 15645.10460826087, '2025-07-12 09:00:00+00:00': 15644.274287311086, '2025-07-12 16:00:00+00:00': 15815.659479745758, '2025-07-12 21:00:00+00:00': 15853.803740120251, '2025-07-13 01:00:00+00:00': 15849.665007484042, '2025-07-13 11:00:00+00:00': 15861.809157532844, '2025-07-13 12:00:00+00:00': 15436.466378423702, '2025-07-13 13:00:00+00:00': 15862.010925888584, '2025-07-13 14:00:00+00:00': 15506.05726097182, '2025-07-13 18:00:00+00:00': 15755.710467588187, '2025-07-13 22:00:00+00:00': 15925.684053995268, '2025-07-13 23:00:00+00:00': 15843.84879777612, '2025-07-14 00:00:00+00:00': 15914.565100633188, '2025-07-14 02:00:00+00:00': 15760.033956789866, '2025-07-14 04:00:00+00:00': 15835.807390247735, '2025-07-14 07:00:00+00:00': 15833.214388029355, '2025-07-14 09:00:00+00:00': 15825.498025160814, '2025-07-14 12:00:00+00:00': 16196.276221901673, '2025-07-14 16:00:00+00:00': 16542.456542921598, '2025-07-14 17:00:00+00:00': 15484.47030519763, '2025-07-14 18:00:00+00:00': 15463.089818919138, '2025-07-14 19:00:00+00:00': 16737.720645821933, '2025-07-15 02:00:00+00:00': 16702.916394234144, '2025-07-15 04:00:00+00:00': 16702.890829334447, '2025-07-15 07:00:00+00:00': 16395.541688051733, '2025-07-15 08:00:00+00:00': 16625.96706646985, '2025-07-15 12:00:00+00:00': 16696.24496856591, '2025-07-15 15:00:00+00:00': 16582.384474543607, '2025-07-15 16:00:00+00:00': 16510.11078586057, '2025-07-15 17:00:00+00:00': 16494.812613300983, '2025-07-15 20:00:00+00:00': 16361.303706616955, '2025-07-15 23:00:00+00:00': 16398.592723957994, '2025-07-16 00:00:00+00:00': 16415.500588969895, '2025-07-16 13:00:00+00:00': 16289.144006867116, '2025-07-16 18:00:00+00:00': 16376.617436710541, '2025-07-16 19:00:00+00:00': 16552.996719441566, '2025-07-17 06:00:00+00:00': 16471.919103656313, '2025-07-17 07:00:00+00:00': 16532.452436989646, '2025-07-17 09:00:00+00:00': 16364.074522774006, '2025-07-17 10:00:00+00:00': 16292.184122489854, '2025-07-17 14:00:00+00:00': 16939.372436410868, '2025-07-17 17:00:00+00:00': 17076.13330082906, '2025-07-17 21:00:00+00:00': 17062.4050264663, '2025-07-17 22:00:00+00:00': 16660.64770294454, '2025-07-18 02:00:00+00:00': 16686.541615516973, '2025-07-18 03:00:00+00:00': 16654.419465074054, '2025-07-18 06:00:00+00:00': 16469.371072492624, '2025-07-18 07:00:00+00:00': 16734.232745582947, '2025-07-18 08:00:00+00:00': 17043.732745582947, '2025-07-18 09:00:00+00:00': 17058.64112681062, '2025-07-18 11:00:00+00:00': 16857.18449855259, '2025-07-18 12:00:00+00:00': 17040.26695463846, '2025-07-18 13:00:00+00:00': 17023.756293171573, '2025-07-18 15:00:00+00:00': 17736.633116405035, '2025-07-18 16:00:00+00:00': 17258.5378783098, '2025-07-18 17:00:00+00:00': 17547.962675768562, '2025-07-18 20:00:00+00:00': 17728.96235964514, '2025-07-18 21:00:00+00:00': 17746.720732691298, '2025-07-19 04:00:00+00:00': 17555.05406602463, '2025-07-19 15:00:00+00:00': 17747.583258490766, '2025-07-20 00:00:00+00:00': 17569.61715679585, '2025-07-20 03:00:00+00:00': 17509.556942701292, '2025-07-20 04:00:00+00:00': 17255.24988884698, '2025-07-20 06:00:00+00:00': 17465.108450671876, '2025-07-20 08:00:00+00:00': 17248.417658090075, '2025-07-20 09:00:00+00:00': 17248.884786850434, '2025-07-20 11:00:00+00:00': 17516.46235964514, '2025-07-