number,value,params_CONVERGENCE_THRESHOLD,params_FIXED_TRADE_PCT,params_MAX_HOLD_HOURS,params_MAX_POSITION_PCT,params_MIN_DIV,params_STOP_LOSS_PCT,params_TAKE_PROFIT_PCT,params_TRAIL_PCT,state,user_attrs_cooldown_trades_pct,user_attrs_equity_curves,user_attrs_total_trades
48,20.26223513325799,0.02,0.05,48,0.01,0.05,0.25,0.7,0.5,COMPLETE,3.2208588957055215,"[{'2025-05-01 00:00:00+00:00': 10000.0, '2025-05-01 02:00:00+00:00': 10081.083268137243, '2025-05-01 06:00:00+00:00': 10057.542799365654, '2025-05-01 07:00:00+00:00': 10081.742555322237, '2025-05-01 11:00:00+00:00': 10181.28866726252, '2025-05-01 13:00:00+00:00': 10090.781298322177, '2025-05-01 15:00:00+00:00': 10195.61891582442, '2025-05-01 16:00:00+00:00': 10232.509623097583, '2025-05-01 17:00:00+00:00': 10255.928296676615, '2025-05-02 13:00:00+00:00': 10171.056859969569, '2025-05-02 15:00:00+00:00': 10249.530084594198, '2025-05-02 19:00:00+00:00': 10238.916434252413, '2025-05-02 20:00:00+00:00': 10258.669061410099, '2025-05-03 10:00:00+00:00': 10231.458167762476, '2025-05-04 01:00:00+00:00': 10201.725319472094, '2025-05-04 22:00:00+00:00': 10198.835137987617, '2025-05-05 00:00:00+00:00': 10164.00350045937, '2025-05-05 01:00:00+00:00': 10169.926665051049, '2025-05-05 02:00:00+00:00': 10184.794782539118, '2025-05-05 03:00:00+00:00': 10183.219003032522, '2025-05-05 10:00:00+00:00': 10184.99398197634, '2025-05-05 12:00:00+00:00': 10188.28956718951, '2025-05-05 17:00:00+00:00': 10131.893594835019, '2025-05-05 19:00:00+00:00': 10221.582037532178, '2025-05-06 13:00:00+00:00': 10369.936554378985, '2025-05-06 16:00:00+00:00': 10429.745467430137, '2025-05-06 17:00:00+00:00': 10428.110003289932, '2025-05-06 20:00:00+00:00': 10445.386520313099, '2025-05-07 00:00:00+00:00': 10598.170778313739, '2025-05-07 01:00:00+00:00': 10748.947770440875, '2025-05-07 02:00:00+00:00': 10918.653652793815, '2025-05-07 04:00:00+00:00': 10968.458173864086, '2025-05-07 17:00:00+00:00': 11134.490093209652, '2025-05-07 18:00:00+00:00': 11150.073996799052, '2025-05-07 20:00:00+00:00': 11252.961122480525, '2025-05-07 23:00:00+00:00': 11255.871070501065, '2025-05-08 04:00:00+00:00': 11347.123352710762, '2025-05-08 11:00:00+00:00': 11247.027432771883, '2025-05-08 16:00:00+00:00': 11564.360316881228, '2025-05-08 17:00:00+00:00': 11575.276325307314, '2025-05-08 21:00:00+00:00': 11565.326872283493, '2025-05-09 09:00:00+00:00': 12024.987169410324, '2025-05-09 14:00:00+00:00': 12034.409568576806, '2025-05-09 18:00:00+00:00': 12024.494447544705, '2025-05-09 19:00:00+00:00': 12022.33136348565, '2025-05-09 21:00:00+00:00': 12037.719280995016, '2025-05-10 07:00:00+00:00': 12066.754339619742, '2025-05-10 08:00:00+00:00': 12065.84224232278, '2025-05-10 22:00:00+00:00': 12061.700058304148, '2025-05-11 00:00:00+00:00': 12113.736410543592, '2025-05-11 01:00:00+00:00': 12180.175139065494, '2025-05-12 21:00:00+00:00': 12317.222379134388, '2025-05-13 06:00:00+00:00': 12324.928240618592, '2025-05-14 08:00:00+00:00': 12284.45647822889, '2025-05-15 01:00:00+00:00': 12279.702746741405, '2025-05-16 03:00:00+00:00': 12376.573355621176, '2025-05-16 11:00:00+00:00': 12488.330511583974, '2025-05-16 17:00:00+00:00': 12513.727367552576, '2025-05-17 05:00:00+00:00': 12526.081748913122, '2025-05-17 18:00:00+00:00': 12539.539769365389, '2025-05-18 11:00:00+00:00': 12801.162630888, '2025-05-18 16:00:00+00:00': 12761.92067562534, '2025-05-18 17:00:00+00:00': 12886.383235206788, '2025-05-19 00:00:00+00:00': 13105.43728926084, '2025-05-19 01:00:00+00:00': 12894.03445937701, '2025-05-19 04:00:00+00:00': 13142.341708184216, '2025-05-19 08:00:00+00:00': 13179.401569638425, '2025-05-19 17:00:00+00:00': 13538.551600595316, '2025-05-20 05:00:00+00:00': 13666.261139195134, '2025-05-20 08:00:00+00:00': 13715.454923515197, '2025-05-20 14:00:00+00:00': 13737.723658439727, '2025-05-20 16:00:00+00:00': 13776.745761492593, '2025-05-20 18:00:00+00:00': 14049.045481380548, '2025-05-20 20:00:00+00:00': 13898.902624237691, '2025-05-21 05:00:00+00:00': 14359.85629219136, '2025-05-21 07:00:00+00:00': 14352.187152527942, '2025-05-21 08:00:00+00:00': 14351.528417487538, '2025-05-21 15:00:00+00:00': 14637.875108041224, '2025-05-21 18:00:00+00:00': 14605.299064250283, '2025-05-21 21:00:00+00:00': 14672.299064250283, '2025-05-22 00:00:00+00:00': 14726.495946603223, '2025-05-22 01:00:00+00:00': 14791.266061545752, '2025-05-22 04:00:00+00:00': 14888.797414553519, '2025-05-22 07:00:00+00:00': 14888.84166234113, '2025-05-23 07:00:00+00:00': 14950.856508494873, '2025-05-23 22:00:00+00:00': 15196.826897260811, '2025-05-24 00:00:00+00:00': 15193.116171366755, '2025-05-24 08:00:00+00:00': 15209.867289931697, '2025-05-24 16:00:00+00:00': 15207.764739893068, '2025-05-24 23:00:00+00:00': 15209.597654907788, '2025-05-25 23:00:00+00:00': 15436.944593683298, '2025-05-26 09:00:00+00:00': 15439.505978361032, '2025-05-26 16:00:00+00:00': 15463.3254200512, '2025-05-26 21:00:00+00:00': 15477.93399598184, '2025-05-27 02:00:00+00:00': 15500.572519059075, '2025-05-27 15:00:00+00:00': 15495.13832085595, '2025-05-28 17:00:00+00:00': 15624.31773468056, '2025-05-28 20:00:00+00:00': 15612.755428108881, '2025-05-29 06:00:00+00:00': 15598.465906324194, '2025-05-29 18:00:00+00:00': 15603.211455769113, '2025-05-31 03:00:00+00:00': 15381.19883088678, '2025-05-31 04:00:00+00:00': 15237.6678644346, '2025-05-31 05:00:00+00:00': 15571.977607234243, '2025-05-31 06:00:00+00:00': 17211.64242043962, '2025-05-31 07:00:00+00:00': 16962.693673990667, '2025-05-31 09:00:00+00:00': 18013.162590648437, '2025-05-31 11:00:00+00:00': 17486.404322816383, '2025-05-31 12:00:00+00:00': 18013.812692913714, '2025-05-31 16:00:00+00:00': 17719.077173768474, '2025-05-31 17:00:00+00:00': 17728.358906223573, '2025-06-01 14:00:00+00:00': 18020.88533301093, '2025-06-01 23:00:00+00:00': 15569.737074461274, '2025-06-02 00:00:00+00:00': 15588.791818968837, '2025-06-02 03:00:00+00:00': 16690.07637860727, '2025-06-02 07:00:00+00:00': 18166.337996689384, '2025-06-02 08:00:00+00:00': 18133.101767347467, '2025-06-02 12:00:00+00:00': 17694.109171989054, '2025-06-02 13:00:00+00:00': 18004.74247586807, '2025-06-02 14:00:00+00:00': 17922.548933586313, '2025-06-02 18:00:00+00:00': 17924.15181853881, '2025-06-03 00:00:00+00:00': 17239.49013478051, '2025-06-03 02:00:00+00:00': 17203.0753260136, '2025-06-03 03:00:00+00:00': 17340.96960862171, '2025-06-03 07:00:00+00:00': 17024.207368949814, '2025-06-03 15:00:00+00:00': 17037.711775821466, '2025-06-03 23:00:00+00:00': 17055.718524523505, '2025-06-04 00:00:00+00:00': 17443.896468026353, '2025-06-04 01:00:00+00:00': 17414.048614751682, '2025-06-04 05:00:00+00:00': 16927.827052036668, '2025-06-04 07:00:00+00:00': 17028.633719678193, '2025-06-04 10:00:00+00:00': 17292.643299061678, '2025-06-04 13:00:00+00:00': 17198.24005417272, '2025-06-04 14:00:00+00:00': 17356.851165283828, '2025-06-04 16:00:00+00:00': 17351.766185177123, '2025-06-04 19:00:00+00:00': 17314.550502039663, '2025-06-05 01:00:00+00:00': 17146.525327893123, '2025-06-05 05:00:00+00:00': 17946.416912255452, '2025-06-05 13:00:00+00:00': 17063.53637692614, '2025-06-05 16:00:00+00:00': 17932.537149778258, '2025-06-05 17:00:00+00:00': 17049.228867467104, '2025-06-05 19:00:00+00:00': 18135.404077837993, '2025-06-05 20:00:00+00:00': 17345.0325097402, '2025-06-05 21:00:00+00:00': 17998.125038940863, '2025-06-06 01:00:00+00:00': 17192.903538232684, '2025-06-06 02:00:00+00:00': 18572.932933263863, '2025-06-06 04:00:00+00:00': 18045.248829721357, '2025-06-06 05:00:00+00:00': 18172.077179824573, '2025-06-06 10:00:00+00:00': 18064.825564173898, '2025-06-06 11:00:00+00:00': 18259.03618492267, '2025-06-06 12:00:00+00:00': 18439.373794751507, '2025-06-06 20:00:00+00:00': 17617.693306866335, '2025-06-07 14:00:00+00:00': 17725.22277612242, '2025-06-07 20:00:00+00:00': 18115.56489576033, '2025-06-07 21:00:00+00:00': 18176.902594283813, '2025-06-07 22:00:00+00:00': 18662.916030046053, '2025-06-07 23:00:00+00:00': 17998.935313858994, '2025-06-08 06:00:00+00:00': 18182.84570873219, '2025-06-08 08:00:00+00:00': 18143.401493003832, '2025-06-08 12:00:00+00:00': 17856.572904250927, '2025-06-08 17:00:00+00:00': 17661.382651336033, '2025-06-08 22:00:00+00:00': 18340.130763627494, '2025-06-09 11:00:00+00:00': 17532.29435275328, '2025-06-09 12:00:00+00:00': 18154.675973478945, '2025-06-09 13:00:00+00:00': 17870.674974108584, '2025-06-09 18:00:00+00:00': 17712.918483421166, '2025-06-09 19:00:00+00:00': 18296.43508934444, '2025-06-09 21:00:00+00:00': 17655.675579555053, '2025-06-09 22:00:00+00:00': 17698.56105346613, '2025-06-09 23:00:00+00:00': 18598.364262683233, '2025-06-10 01:00:00+00:00': 17179.6454084493, '2025-06-10 12:00:00+00:00': 17517.45066877346, '2025-06-10 20:00:00+00:00': 17267.918962893982, '2025-06-10 23:00:00+00:00': 17223.351431920062, '2025-06-11 00:00:00+00:00': 17514.868285852648, '2025-06-11 05:00:00+00:00': 17399.34328119394, '2025-06-11 15:00:00+00:00': 17347.33955766235, '2025-06-11 16:00:00+00:00': 17076.252296227314, '2025-06-11 17:00:00+00:00': 16772.715757655813, '2025-06-11 19:00:00+00:00': 17358.87617768007, '2025-06-11 21:00:00+00:00': 18935.423411347612, '2025-06-11 22:00:00+00:00': 17125.63720406886, '2025-06-11 23:00:00+00:00': 17130.596518427672, '2025-06-12 00:00:00+00:00': 17433.607286143626, '2025-06-12 08:00:00+00:00': 16738.738927243357, '2025-06-12 12:00:00+00:00': 18892.420027228294, '2025-06-12 13:00:00+00:00': 18776.857194393957, '2025-06-12 21:00:00+00:00': 18913.303403575264, '2025-06-13 01:00:00+00:00': 19160.531649417793, '2025-06-13 02:00:00+00:00': 19024.82989503183, '2025-06-13 03:00:00+00:00': 19352.19831608446, '2025-06-13 14:00:00+00:00': 18234.221926585567, '2025-06-13 17:00:00+00:00': 18138.23766401368, '2025-06-14 00:00:00+00:00': 18556.398886341663, '2025-06-14 07:00:00+00:00': 19008.588792274935, '2025-06-15 02:00:00+00:00': 18388.05171381961, '2025-06-15 05:00:00+00:00': 18056.99884875448, '2025-06-15 15:00:00+00:00': 18040.85599161162, '2025-06-15 18:00:00+00:00': 17919.489899426553, '2025-06-16 01:00:00+00:00': 17945.125488706704, '2025-06-16 06:00:00+00:00': 17796.117831076273, '2025-06-16 08:00:00+00:00': 17178.64098064774, '2025-06-16 09:00:00+00:00': 18001.256719965164, '2025-06-16 15:00:00+00:00': 17646.009572428142, '2025-06-16 19:00:00+00:00': 17263.23817674038, '2025-06-17 03:00:00+00:00': 18157.12837203689, '2025-06-17 04:00:00+00:00': 17425.736046259495, '2025-06-17 10:00:00+00:00': 18311.43289414436, '2025-06-17 11:00:00+00:00': 18167.492718262343, '2025-06-17 13:00:00+00:00': 18003.18502595465, '2025-06-17 15:00:00+00:00': 17666.00112762693, '2025-06-17 16:00:00+00:00': 17785.44309047078, '2025-06-17 17:00:00+00:00': 17320.286979505054, '2025-06-17 20:00:00+00:00': 16356.649553913972, '2025-06-18 04:00:00+00:00': 16860.65822718234, '2025-06-18 05:00:00+00:00': 16698.06162066622, '2025-06-18 09:00:00+00:00': 16201.312475262286, '2025-06-18 10:00:00+00:00': 17559.50228002573, '2025-06-18 18:00:00+00:00': 17174.776185458562, '2025-06-19 02:00:00+00:00': 16540.43004171885, '2025-06-19 14:00:00+00:00': 16997.374224674248, '2025-06-19 16:00:00+00:00': 17317.332929729524, '2025-06-19 18:00:00+00:00': 16013.051992393202, '2025-06-19 21:00:00+00:00': 15053.055287475741, '2025-06-20 05:00:00+00:00': 15815.929995842997, '2025-06-20 06:00:00+00:00': 15734.238574101239, '2025-06-20 08:00:00+00:00': 14169.244255246525, '2025-06-20 10:00:00+00:00': 14010.673796099436, '2025-06-20 15:00:00+00:00': 15051.962915666967, '2025-06-20 17:00:00+00:00': 14258.076420444799, '2025-06-20 18:00:00+00:00': 15788.930152584744, '2025-06-21 10:00:00+00:00': 15969.990582577637, '2025-06-21 19:00:00+00:00': 15240.895997265454, '2025-06-21 20:00:00+00:00': 15788.645344482398, '2025-06-21 22:00:00+00:00': 17498.55078024161, '2025-06-22 01:00:00+00:00': 18178.292047357532, '2025-06-22 10:00:00+00:00': 17982.689841454816, '2025-06-22 14:00:00+00:00': 18761.036942164235, '2025-06-22 15:00:00+00:00': 17622.188785739683, '2025-06-22 16:00:00+00:00': 17932.4126663367, '2025-06-23 01:00:00+00:00': 18159.623612112555, '2025-06-23 05:00:00+00:00': 17974.11549172324, '2025-06-23 06:00:00+00:00': 18502.4401669352, '2025-06-23 09:00:00+00:00': 17743.42583655083, '2025-06-23 14:00:00+00:00': 17390.16598800366, '2025-06-23 19:00:00+00:00': 16862.244021420327, '2025-06-23 21:00:00+00:00': 16691.15311232942, '2025-06-23 23:00:00+00:00': 16733.431936484856, '2025-06-24 00:00:00+00:00': 17074.18812944444, '2025-06-24 02:00:00+00:00': 16374.528232781151, '2025-06-24 03:00:00+00:00': 16028.529214356338, '2025-06-24 04:00:00+00:00': 16912.662705715626, '2025-06-24 09:00:00+00:00': 15832.493178320303, '2025-06-24 16:00:00+00:00': 16559.72823278115, '2025-06-24 17:00:00+00:00': 15525.694914273568, '2025-06-25 01:00:00+00:00': 15198.0264057928, '2025-06-25 02:00:00+00:00': 15351.505725084378, '2025-06-25 09:00:00+00:00': 15683.326493220937, '2025-06-25 12:00:00+00:00': 15029.45497722137, '2025-06-25 14:00:00+00:00': 15581.829949771662, '2025-06-25 16:00:00+00:00': 15332.639666419795, '2025-06-26 01:00:00+00:00': 15181.389666419795, '2025-06-26 13:00:00+00:00': 15016.593970957594, '2025-06-27 00:00:00+00:00': 14809.585782991997, '2025-06-30 21:00:00+00:00': 14895.2467202959, '2025-07-01 00:00:00+00:00': 15200.184270560167, '2025-07-01 04:00:00+00:00': 14898.435685645543, '2025-07-01 07:00:00+00:00': 15156.598435574844, '2025-07-01 09:00:00+00:00': 15139.686645209975, '2025-07-01 11:00:00+00:00': 15190.871615747106, '2025-07-01 13:00:00+00:00': 15185.391969836528, '2025-07-01 18:00:00+00:00': 15170.608512035466, '2025-07-02 05:00:00+00:00': 15093.205755911675, '2025-07-02 08:00:00+00:00': 15104.047511248582, '2025-07-02 13:00:00+00:00': 15244.423024031084, '2025-07-02 14:00:00+00:00': 15185.758697460882, '2025-07-02 15:00:00+00:00': 15231.389789354434, '2025-07-02 17:00:00+00:00': 15309.385701591884, '2025-07-02 18:00:00+00:00': 15276.518655542961, '2025-07-02 19:00:00+00:00': 15297.922340966084, '2025-07-02 20:00:00+00:00': 15249.622362821327, '2025-07-02 21:00:00+00:00': 15346.61536634027, '2025-07-02 23:00:00+00:00': 15326.14808167079, '2025-07-03 03:00:00+00:00': 15328.624358491636, '2025-07-03 05:00:00+00:00': 15330.571228045914, '2025-07-03 07:00:00+00:00': 15306.971839760012, '2025-07-03 09:00:00+00:00': 15297.266452718824, '2025-07-03 10:00:00+00:00': 15297.332936063769, '2025-07-03 13:00:00+00:00': 15298.503622528302, '2025-07-03 14:00:00+00:00': 15310.048430877505, '2025-07-03 15:00:00+00:00': 15305.321241498468, '2025-07-03 16:00:00+00:00': 15521.206976968482, '2025-07-03 17:00:00+00:00': 15300.134879965364, '2025-07-03 18:00:00+00:00': 15525.177763612895, '2025-07-03 20:00:00+00:00': 15303.557136837117, '2025-07-04 02:00:00+00:00': 15520.18177325971, '2025-07-04 08:00:00+00:00': 15680.195493565227, '2025-07-04 13:00:00+00:00': 15685.961196438911, '2025-07-04 18:00:00+00:00': 15759.017192993086, '2025-07-04 20:00:00+00:00': 15689.60864885067, '2025-07-04 22:00:00+00:00': 15766.171231313241, '2025-07-05 00:00:00+00:00': 15775.846799446186, '2025-07-05 01:00:00+00:00': 15298.958589700254, '2025-07-05 17:00:00+00:00': 15502.052536084588, '2025-07-05 23:00:00+00:00': 15560.16087678182, '2025-07-06 13:00:00+00:00': 15777.133233083026, '2025-07-06 19:00:00+00:00': 15786.9005526959, '2025-07-06 21:00:00+00:00': 15776.386035653508, '2025-07-07 01:00:00+00:00': 15769.982472825437, '2025-07-07 02:00:00+00:00': 15800.649724873707, '2025-07-07 06:00:00+00:00': 15773.798873024109, '2025-07-07 07:00:00+00:00': 15802.935951682379, '2025-07-07 11:00:00+00:00': 15799.58586327774, '2025-07-07 13:00:00+00:00': 15856.60816524742, '2025-07-07 14:00:00+00:00': 15779.317246846707, '2025-07-07 17:00:00+00:00': 15931.751504872509, '2025-07-07 18:00:00+00:00': 15936.18041772574, '2025-07-08 00:00:00+00:00': 15782.863292259733, '2025-07-08 03:00:00+00:00': 15962.38296797916, '2025-07-08 10:00:00+00:00': 15869.273502153452, '2025-07-08 14:00:00+00:00': 15779.085708086759, '2025-07-08 16:00:00+00:00': 15935.704120567392, '2025-07-08 17:00:00+00:00': 15866.232278827294, '2025-07-08 18:00:00+00:00': 15983.46665725369, '2025-07-08 21:00:00+00:00': 15977.989704213061, '2025-07-09 03:00:00+00:00': 15803.719157700349, '2025-07-09 04:00:00+00:00': 15982.178611711073, '2025-07-09 05:00:00+00:00': 15972.281074382987, '2025-07-09 10:00:00+00:00': 16041.598372809789, '2025-07-09 12:00:00+00:00': 16016.37218915626, '2025-07-09 13:00:00+00:00': 16050.089229888967, '2025-07-09 14:00:00+00:00': 15942.310887649424, '2025-07-09 15:00:00+00:00': 16018.861398710833, '2025-07-09 19:00:00+00:00': 15931.365817404, '2025-07-09 20:00:00+00:00': 15917.823063699452, '2025-07-09 21:00:00+00:00': 16042.46973725631, '2025-07-10 01:00:00+00:00': 16044.761455144664, '2025-07-10 03:00:00+00:00': 16036.921625466928, '2025-07-10 06:00:00+00:00': 16024.03926832001, '2025-07-10 08:00:00+00:00': 16027.768002241448, '2025-07-10 10:00:00+00:00': 16038.974211881146, '2025-07-10 14:00:00+00:00': 16032.948385968837, '2025-07-10 17:00:00+00:00': 16020.420907538266, '2025-07-10 18:00:00+00:00': 16143.246813218335, '2025-07-10 19:00:00+00:00': 16150.230281484111, '2025-07-10 22:00:00+00:00': 16659.769810780625, '2025-07-10 23:00:00+00:00': 16449.769810780625, '2025-07-11 01:00:00+00:00': 16710.16458427053, '2025-07-11 07:00:00+00:00': 16720.639769086047, '2025-07-11 09:00:00+00:00': 16714.156141503147, '2025-07-11 10:00:00+00:00': 16715.07402553451, '2025-07-11 12:00:00+00:00': 16687.975179897057, '2025-07-11 16:00:00+00:00': 16767.470776505, '2025-07-11 18:00:00+00:00': 16711.025889230626, '2025-07-11 23:00:00+00:00': 16855.67179618494, '2025-07-12 01:00:00+00:00': 16722.467312587203, '2025-07-12 08:00:00+00:00': 16835.450850255846, '2025-07-12 09:00:00+00:00': 16835.803905453977, '2025-07-12 16:00:00+00:00': 16901.316895063337, '2025-07-12 17:00:00+00:00': 16963.68645250186, '2025-07-12 21:00:00+00:00': 16995.882836937504, '2025-07-13 01:00:00+00:00': 16992.474969498184, '2025-07-13 07:00:00+00:00': 16702.767164117296, '2025-07-13 11:00:00+00:00': 16992.11229805404, '2025-07-13 12:00:00+00:00': 16982.081674631885, '2025-07-13 17:00:00+00:00': 16937.921971593485, '2025-07-13 18:00:00+00:00': 16658.67087040748, '2025-07-13 22:00:00+00:00': 17046.193272680357, '2025-07-13 23:00:00+00:00': 16978.98452748641, '2025-07-14 04:00:00+00:00': 16978.669438422447, '2025-07-14 07:00:00+00:00': 16953.112919662057, '2025-07-14 09:00:00+00:00': 16969.86276551832, '2025-07-14 15:00:00+00:00': 17309.266959353183, '2025-07-14 16:00:00+00:00': 17434.899719815556, '2025-07-14 19:00:00+00:00': 17882.05667788258, '2025-07-14 20:00:00+00:00': 17432.07244371778, '2025-07-15 04:00:00+00:00': 18042.532929334946, '2025-07-15 12:00:00+00:00': 17979.459159536338, '2025-07-15 15:00:00+00:00': 17992.92480507996, '2025-07-15 16:00:00+00:00': 18001.189998209797, '2025-07-15 17:00:00+00:00': 17940.88097669265, '2025-07-15 18:00:00+00:00': 16894.096484742287, '2025-07-15 20:00:00+00:00': 17903.59195935161, '2025-07-15 21:00:00+00:00': 17842.53425830663, '2025-07-15 23:00:00+00:00': 17863.519725553793, '2025-07-16 00:00:00+00:00': 17895.38110185488, '2025-07-16 07:00:00+00:00': 17118.555308415314, '2025-07-16 13:00:00+00:00': 17766.93576206456, '2025-07-16 18:00:00+00:00': 17810.00686320633, '2025-07-16 19:00:00+00:00': 17735.91453999677, '2025-07-17 05:00:00+00:00': 17985.343374211836, '2025-07-17 06:00:00+00:00': 17831.5446404359, '2025-07-17 07:00:00+00:00': 18017.264856594826, '2025-07-17 08:00:00+00:00': 17750.536831275207, '2025-07-17 09:00:00+00:00': 17852.7745143019, '2025-07-17 14:00:00+00:00': 18156.328512647975, '2025-07-17 17:00:00+00:00': 18275.793870056914, '2025-07-17 21:00:00+00:00': 18263.88004298778, '2025-07-17 22:00:00+00:00': 17913.998117529205, '2025-07-18 02:00:00+00:00': 17606.708943589016, '2025-07-18 06:00:00+00:00': 17793.781832412566, '2025-07-18 08:00:00+00:00': 18194.07908329274, '2025-07-18 09:00:00+00:00': 18206.813989276467, '2025-07-18 11:00:00+00:00': 17933.696646038334, '2025-07-18 12:00:00+00:00': 18217.742583169736, '2025-07-18 13:00:00+00:00': 18234.006227246675, '2025-07-18 15:00:00+00:00': 18971.220060064486, '2025-07-18 16:00:00+00:00': 19036.404412382682, '2025-07-18 17:00:00+00:00': 19060.557899516316, '2025-07-18 21:00:00+00:00': 18688.352096050792, '2025-07-19 15:00:00+00:00': 17938.84227692235, '2025-07-20 02:00:00+00:00': 18581.564211370023, '2025-07-20 03:00:00+00:00': 18424.19027022049, '2025-07-20 04:00:00+00:00': 18673.260376654023, '2025-07-20 06:00:00+00:00': 18419.32502992927, '2025-07-20 08:00:00+00:00': 18391.804052689175, '2025-07-20 09:00:00+00:00': 18392.204002060957, '2025-07-20 11:00:00+00:00': 19022.339324022443, '2025-07-20 12:00:00+00:00': 18242.824173038916, '2025-07-20 14:00:00+00:00': 18191.74452311334, '2025-07-20 21:00:00+00:00': 18313.162501163933, '2025-07-21 14:00:00+00:00': 18298.39190154719, '2025-07-21 16:00:00+00:00': 18475.43782209298, '2025-07-22 01:00:00+00:00': 18185.071349883765, '2025-07-22 05:00:00+00:00': 18722.07808773338, '2025-07-22 13:00:00+00:00': 18255.411889916988, '2025-07-22 18:00:00+00:00': 18357.231221243794, '2025-07-23 17:00:00+00:00': 18923.0413366843, '2025-07-24 03:00:00+00:00': 18799.503156306982, '2025-07-24 06:00:00+00:00': 18881.18948334601, '2025-07-24 14:00:00+00:00': 18930.999609928287, '2025-07-24 15:00:00+00:00': 18604.666847204724, '2025-07-24 16:00:00+00:00': 18815.03874803117, '2025-07-25 07:00:00+00:00': 18785.78132418824}]",631
