number,value,params_CONVERGENCE_THRESHOLD,params_FIXED_TRADE_PCT,params_MAX_HOLD_HOURS,params_MAX_POSITION_PCT,params_MIN_DIV,params_STOP_LOSS_PCT,params_TAKE_PROFIT_PCT,params_TRAIL_PCT,state,user_attrs_cooldown_trades_pct,user_attrs_equity_curves,user_attrs_total_trades
20,-0.07336747097283948,0.025,0.06,12,0.03,0.05,0.3,0.8,0.4,COMPLETE,4.302019315188762,"[{'2025-05-01 00:00:00+00:00': 10000.0, '2025-05-01 02:00:00+00:00': 10096.82250483897, '2025-05-01 06:00:00+00:00': 10068.855305259847, '2025-05-01 07:00:00+00:00': 10097.614884646919, '2025-05-01 11:00:00+00:00': 10163.839274969163, '2025-05-01 13:00:00+00:00': 10108.478452569294, '2025-05-01 15:00:00+00:00': 10180.561201175049, '2025-05-01 16:00:00+00:00': 10224.491094128207, '2025-05-01 17:00:00+00:00': 10251.676863998875, '2025-05-01 22:00:00+00:00': 10151.662942446183, '2025-05-02 01:00:00+00:00': 10252.181630183697, '2025-05-02 11:00:00+00:00': 10258.716760647123, '2025-05-02 13:00:00+00:00': 10248.552797305954, '2025-05-02 15:00:00+00:00': 10247.17656714005, '2025-05-02 16:00:00+00:00': 10227.24938465905, '2025-05-04 00:00:00+00:00': 10235.57431826952, '2025-05-04 13:00:00+00:00': 10199.359211690622, '2025-05-04 22:00:00+00:00': 10198.784633692056, '2025-05-05 10:00:00+00:00': 10263.919852640502, '2025-05-05 11:00:00+00:00': 10265.121815491946, '2025-05-05 14:00:00+00:00': 10257.581675679023, '2025-05-05 23:00:00+00:00': 10442.624976345809, '2025-05-06 01:00:00+00:00': 10468.355980871787, '2025-05-06 11:00:00+00:00': 10440.976507626394, '2025-05-06 16:00:00+00:00': 10516.250339222304, '2025-05-06 17:00:00+00:00': 10514.189531126594, '2025-05-06 20:00:00+00:00': 10535.958533725976, '2025-05-06 23:00:00+00:00': 10660.551955083478, '2025-05-07 00:00:00+00:00': 11287.168971506077, '2025-05-07 01:00:00+00:00': 10849.42275738788, '2025-05-07 02:00:00+00:00': 11019.12863974082, '2025-05-07 17:00:00+00:00': 11320.918522269803, '2025-05-07 18:00:00+00:00': 11340.628155799215, '2025-05-07 19:00:00+00:00': 11327.678197026353, '2025-05-07 20:00:00+00:00': 11462.022491970454, '2025-05-07 23:00:00+00:00': 11649.056997491789, '2025-05-08 04:00:00+00:00': 11759.140243437349, '2025-05-08 09:00:00+00:00': 11645.543422349621, '2025-05-08 16:00:00+00:00': 12067.205713991996, '2025-05-08 17:00:00+00:00': 12038.104849077688, '2025-05-08 21:00:00+00:00': 12166.043898371916, '2025-05-08 22:00:00+00:00': 12224.225716553734, '2025-05-09 00:00:00+00:00': 12163.110888754538, '2025-05-09 14:00:00+00:00': 12671.278745835507, '2025-05-09 15:00:00+00:00': 12658.752848621893, '2025-05-09 18:00:00+00:00': 12670.254347316755, '2025-05-10 07:00:00+00:00': 12706.887336384334, '2025-05-10 08:00:00+00:00': 12705.775202858063, '2025-05-10 22:00:00+00:00': 12700.500447439448, '2025-05-11 13:00:00+00:00': 12852.529168663865, '2025-05-12 19:00:00+00:00': 12937.862969135134, '2025-05-12 21:00:00+00:00': 12998.752834996241, '2025-05-13 01:00:00+00:00': 12994.59104240326, '2025-05-13 06:00:00+00:00': 12987.971711885346, '2025-05-13 20:00:00+00:00': 13000.07775085232, '2025-05-15 01:00:00+00:00': 12994.040963236668, '2025-05-15 18:00:00+00:00': 13164.165898699728, '2025-05-16 11:00:00+00:00': 13259.406663896405, '2025-05-16 17:00:00+00:00': 13291.764607110006, '2025-05-17 05:00:00+00:00': 13307.511620681995, '2025-05-17 15:00:00+00:00': 13307.744259411686, '2025-05-18 09:00:00+00:00': 13326.104721468802, '2025-05-18 17:00:00+00:00': 13682.19057966989, '2025-05-18 18:00:00+00:00': 13691.941102099723, '2025-05-19 00:00:00+00:00': 13974.783959566641, '2025-05-19 01:00:00+00:00': 13755.729905512588, '2025-05-19 04:00:00+00:00': 14022.006919340456, '2025-05-19 16:00:00+00:00': 14521.200901446093, '2025-05-19 17:00:00+00:00': 14302.18401862991, '2025-05-19 18:00:00+00:00': 14527.201117156166, '2025-05-19 20:00:00+00:00': 14539.279664070767, '2025-05-20 02:00:00+00:00': 14720.125347439387, '2025-05-20 05:00:00+00:00': 14743.034438348477, '2025-05-20 06:00:00+00:00': 14724.674869029248, '2025-05-20 08:00:00+00:00': 14788.279315539869, '2025-05-20 14:00:00+00:00': 14817.09203292219, '2025-05-20 16:00:00+00:00': 14867.597700961069, '2025-05-20 18:00:00+00:00': 15017.740558103926, '2025-05-21 07:00:00+00:00': 15503.140664092267, '2025-05-21 08:00:00+00:00': 15493.017713272595, '2025-05-21 17:00:00+00:00': 15958.336862208766, '2025-05-21 18:00:00+00:00': 16195.934009681256, '2025-05-21 20:00:00+00:00': 16322.626317373564, '2025-05-21 21:00:00+00:00': 16078.124485871731, '2025-05-22 00:00:00+00:00': 16376.823199726505, '2025-05-22 01:00:00+00:00': 16441.593314669033, '2025-05-22 04:00:00+00:00': 16649.461297891594, '2025-05-22 07:00:00+00:00': 16701.00177206674, '2025-05-22 09:00:00+00:00': 16739.311631221666, '2025-05-23 23:00:00+00:00': 17131.47957127417, '2025-05-24 00:00:00+00:00': 17126.260593171977, '2025-05-24 08:00:00+00:00': 17148.491362402747, '2025-05-24 14:00:00+00:00': 17162.269040746705, '2025-05-24 23:00:00+00:00': 17164.364628982, '2025-05-26 21:00:00+00:00': 17445.083243445057, '2025-05-27 02:00:00+00:00': 17468.185433226077, '2025-05-27 13:00:00+00:00': 17464.231075783297, '2025-05-27 15:00:00+00:00': 17460.147106317647, '2025-05-28 06:00:00+00:00': 17554.899235104644, '2025-05-28 17:00:00+00:00': 17594.617985104644, '2025-05-28 20:00:00+00:00': 17578.993543466175, '2025-05-29 06:00:00+00:00': 17559.686605954812, '2025-05-29 18:00:00+00:00': 17566.097264145916, '2025-05-31 03:00:00+00:00': 18727.117031829504, '2025-05-31 04:00:00+00:00': 17835.863101217634, '2025-05-31 06:00:00+00:00': 18842.499808633704, '2025-05-31 07:00:00+00:00': 19643.35576288073, '2025-05-31 11:00:00+00:00': 17636.684640867283, '2025-05-31 12:00:00+00:00': 17600.217833482482, '2025-05-31 15:00:00+00:00': 18455.207729425783, '2025-05-31 16:00:00+00:00': 19900.30769964911, '2025-05-31 17:00:00+00:00': 19911.193674468843, '2025-05-31 20:00:00+00:00': 19894.407069392815, '2025-05-31 22:00:00+00:00': 19891.837860249416, '2025-06-01 00:00:00+00:00': 19924.53946458283, '2025-06-01 04:00:00+00:00': 19947.529422987463, '2025-06-01 05:00:00+00:00': 19946.218589788125, '2025-06-01 06:00:00+00:00': 19875.429691813566, '2025-06-01 09:00:00+00:00': 19829.319823199632, '2025-06-01 13:00:00+00:00': 19635.430872926463, '2025-06-01 14:00:00+00:00': 19613.411844699305, '2025-06-01 15:00:00+00:00': 19597.492757310378, '2025-06-01 17:00:00+00:00': 19384.05069068741, '2025-06-01 19:00:00+00:00': 19331.646077645157, '2025-06-01 22:00:00+00:00': 19331.810035573748, '2025-06-02 02:00:00+00:00': 19121.30204924669, '2025-06-02 03:00:00+00:00': 19115.20656686043, '2025-06-02 04:00:00+00:00': 19075.247353707666, '2025-06-02 06:00:00+00:00': 19000.46692944239, '2025-06-02 07:00:00+00:00': 19006.196510151814, '2025-06-02 08:00:00+00:00': 18892.526980559687, '2025-06-02 11:00:00+00:00': 18828.88187149068, '2025-06-02 14:00:00+00:00': 18380.186983596344, '2025-06-02 15:00:00+00:00': 18645.944291361244, '2025-06-02 16:00:00+00:00': 18614.096714426647, '2025-06-02 17:00:00+00:00': 18632.265524096812, '2025-06-02 19:00:00+00:00': 18389.630077655664, '2025-06-02 21:00:00+00:00': 18367.687856721615, '2025-06-03 00:00:00+00:00': 18465.703796499743, '2025-06-03 02:00:00+00:00': 18345.37631602856, '2025-06-03 04:00:00+00:00': 18318.96906938384, '2025-06-03 07:00:00+00:00': 18055.621117609524, '2025-06-03 08:00:00+00:00': 18428.65577594575, '2025-06-03 10:00:00+00:00': 18330.852045370553, '2025-06-03 15:00:00+00:00': 17718.014494421423, '2025-06-03 16:00:00+00:00': 18343.961405126025, '2025-06-03 17:00:00+00:00': 18060.29950435331, '2025-06-03 21:00:00+00:00': 17704.725314435742, '2025-06-03 23:00:00+00:00': 17143.20399312598, '2025-06-04 05:00:00+00:00': 17120.360467233164, '2025-06-04 06:00:00+00:00': 17611.88091346022, '2025-06-04 10:00:00+00:00': 17135.78169259238, '2025-06-04 11:00:00+00:00': 17151.419996247252, '2025-06-04 12:00:00+00:00': 17115.331465677915, '2025-06-04 16:00:00+00:00': 16720.138727617297, '2025-06-04 19:00:00+00:00': 16837.069951319285, '2025-06-04 23:00:00+00:00': 16794.47298148089, '2025-06-05 01:00:00+00:00': 16713.866232115917, '2025-06-05 05:00:00+00:00': 16188.340330264577, '2025-06-05 08:00:00+00:00': 16455.346125212698, '2025-06-05 12:00:00+00:00': 16272.504408525572, '2025-06-05 13:00:00+00:00': 16266.61040794977, '2025-06-05 14:00:00+00:00': 16189.791324165626, '2025-06-05 16:00:00+00:00': 16542.264542737514, '2025-06-05 19:00:00+00:00': 17261.566906239863, '2025-06-05 20:00:00+00:00': 17389.195134127862, '2025-06-05 21:00:00+00:00': 17268.397645180266, '2025-06-06 02:00:00+00:00': 17793.336465054694, '2025-06-06 03:00:00+00:00': 17433.686734570972, '2025-06-06 05:00:00+00:00': 17796.43627966296, '2025-06-06 07:00:00+00:00': 17325.222888142744, '2025-06-06 09:00:00+00:00': 17415.837721890544, '2025-06-06 10:00:00+00:00': 17975.568484375908, '2025-06-06 11:00:00+00:00': 17560.910773878688, '2025-06-06 13:00:00+00:00': 17439.704708061377, '2025-06-06 18:00:00+00:00': 17515.887889113106, '2025-06-06 20:00:00+00:00': 17461.637889113106, '2025-06-06 22:00:00+00:00': 17328.141538428645, '2025-06-06 23:00:00+00:00': 17135.01006638288, '2025-06-07 00:00:00+00:00': 17045.915953023497, '2025-06-07 04:00:00+00:00': 17046.670939549578, '2025-06-07 07:00:00+00:00': 16996.250619074584, '2025-06-07 09:00:00+00:00': 17079.20553551346, '2025-06-07 11:00:00+00:00': 17005.31878876636, '2025-06-07 12:00:00+00:00': 16798.220891726847, '2025-06-07 13:00:00+00:00': 16709.468324431138, '2025-06-07 17:00:00+00:00': 16682.95570496761, '2025-06-07 20:00:00+00:00': 16642.709525694747, '2025-06-07 22:00:00+00:00': 16547.107904798195, '2025-06-08 00:00:00+00:00': 16509.106415887964, '2025-06-08 01:00:00+00:00': 16576.84488518892, '2025-06-08 02:00:00+00:00': 16487.881868764955, '2025-06-08 06:00:00+00:00': 16473.395399627523, '2025-06-08 09:00:00+00:00': 16457.849163404004, '2025-06-08 11:00:00+00:00': 16437.716906459704, '2025-06-08 13:00:00+00:00': 16390.64427015502, '2025-06-08 14:00:00+00:00': 16077.274324114016, '2025-06-08 15:00:00+00:00': 15951.12432725076, '2025-06-08 17:00:00+00:00': 15938.136954203392, '2025-06-08 19:00:00+00:00': 15909.775342534647, '2025-06-08 22:00:00+00:00': 15466.756478329366, '2025-06-09 00:00:00+00:00': 15772.671902449616, '2025-06-09 02:00:00+00:00': 15762.960930904817, '2025-06-09 03:00:00+00:00': 15465.795569594486, '2025-06-09 04:00:00+00:00': 15472.702538459132, '2025-06-09 08:00:00+00:00': 15472.849983873819, '2025-06-09 11:00:00+00:00': 15401.97790398417, '2025-06-09 12:00:00+00:00': 15132.219605365002, '2025-06-09 13:00:00+00:00': 14991.315519535787, '2025-06-09 16:00:00+00:00': 15275.255374694683, '2025-06-09 17:00:00+00:00': 15163.99004454044, '2025-06-09 21:00:00+00:00': 14914.206265297576, '2025-06-09 22:00:00+00:00': 15704.934975952376, '2025-06-09 23:00:00+00:00': 15558.569636659064, '2025-06-10 01:00:00+00:00': 15116.436360700962, '2025-06-10 02:00:00+00:00': 15393.76309337423, '2025-06-10 05:00:00+00:00': 15658.105411104834, '2025-06-10 10:00:00+00:00': 15506.18786639012, '2025-06-10 11:00:00+00:00': 15515.77873385058, '2025-06-10 12:00:00+00:00': 15391.928668462191, '2025-06-10 14:00:00+00:00': 15352.445280282227, '2025-06-10 15:00:00+00:00': 15360.57979472957, '2025-06-10 18:00:00+00:00': 15243.010613171433, '2025-06-10 19:00:00+00:00': 15171.017080127054, '2025-06-10 23:00:00+00:00': 15038.91203668744, '2025-06-11 00:00:00+00:00': 15046.740210858501, '2025-06-11 01:00:00+00:00': 14968.584110795753, '2025-06-11 03:00:00+00:00': 14958.173467438175, '2025-06-11 04:00:00+00:00': 14959.959146751855, '2025-06-11 07:00:00+00:00': 14999.928964468088, '2025-06-11 12:00:00+00:00': 14997.381794656767, '2025-06-11 13:00:00+00:00': 14986.687860810194, '2025-06-11 14:00:00+00:00': 14914.26965312883, '2025-06-11 15:00:00+00:00': 14929.048197488715, '2025-06-11 16:00:00+00:00': 14559.143623017382, '2025-06-11 17:00:00+00:00': 14558.382304831879, '2025-06-11 20:00:00+00:00': 14795.677905322493, '2025-06-11 21:00:00+00:00': 14645.13430399137, '2025-06-12 01:00:00+00:00': 14751.296018354162, '2025-06-12 02:00:00+00:00': 14752.73187973407, '2025-06-12 03:00:00+00:00': 14587.463937484941, '2025-06-12 05:00:00+00:00': 14696.182052920229, '2025-06-12 06:00:00+00:00': 14741.556121348152, '2025-06-12 09:00:00+00:00': 14542.377304045018, '2025-06-12 12:00:00+00:00': 14467.529089816238, '2025-06-12 14:00:00+00:00': 14455.492052779202, '2025-06-12 15:00:00+00:00': 14466.64589371562, '2025-06-12 16:00:00+00:00': 14398.073623487811, '2025-06-12 18:00:00+00:00': 14274.212792272161, '2025-06-12 19:00:00+00:00': 14156.226446310475, '2025-06-12 21:00:00+00:00': 14620.449660327078, '2025-06-12 22:00:00+00:00': 13872.34382720349, '2025-06-13 01:00:00+00:00': 15751.282554326155, '2025-06-13 03:00:00+00:00': 15852.980766727964, '2025-06-13 10:00:00+00:00': 15713.300018246784, '2025-06-13 11:00:00+00:00': 15980.293494218698, '2025-06-13 14:00:00+00:00': 15793.638661464805, '2025-06-13 16:00:00+00:00': 15631.121730623627, '2025-06-13 17:00:00+00:00': 15557.37825438698, '2025-06-13 23:00:00+00:00': 15482.977280234996, '2025-06-14 00:00:00+00:00': 15520.113537650612, '2025-06-14 03:00:00+00:00': 15135.807792567386, '2025-06-14 05:00:00+00:00': 15123.51009905693, '2025-06-14 06:00:00+00:00': 15098.17356059539, '2025-06-14 12:00:00+00:00': 14949.031916117721, '2025-06-14 13:00:00+00:00': 14822.50384942339, '2025-06-14 16:00:00+00:00': 14613.036565553102, '2025-06-14 18:00:00+00:00': 14614.597302582091, '2025-06-14 19:00:00+00:00': 14638.705075259695, '2025-06-15 01:00:00+00:00': 14627.023725737514, '2025-06-15 02:00:00+00:00': 14634.085823560818, '2025-06-15 05:00:00+00:00': 14350.505577392814, '2025-06-15 07:00:00+00:00': 14284.344171745692, '2025-06-15 08:00:00+00:00': 14234.679165557773, '2025-06-15 14:00:00+00:00': 14126.58357649779, '2025-06-15 15:00:00+00:00': 14124.693983088177, '2025-06-15 18:00:00+00:00': 14053.663050559659, '2025-06-15 20:00:00+00:00': 14067.337369025907, '2025-06-15 21:00:00+00:00': 14080.457866328405, '2025-06-16 03:00:00+00:00': 13999.635514167874, '2025-06-16 04:00:00+00:00': 13996.761358542926, '2025-06-16 06:00:00+00:00': 13612.469484919404, '2025-06-16 07:00:00+00:00': 13871.39261532408, '2025-06-16 08:00:00+00:00': 13365.784039111226, '2025-06-16 16:00:00+00:00': 13320.653670138656, '2025-06-16 17:00:00+00:00': 13381.334311604116, '2025-06-16 18:00:00+00:00': 12925.47497072517, '2025-06-16 19:00:00+00:00': 13167.115316912488, '2025-06-16 20:00:00+00:00': 12831.290764183861, '2025-06-16 21:00:00+00:00': 12709.202156588924, '2025-06-16 23:00:00+00:00': 12520.553314352974, '2025-06-17 00:00:00+00:00': 12316.45075025041, '2025-06-17 05:00:00+00:00': 12663.707506540159, '2025-06-17 06:00:00+00:00': 12596.148786521253, '2025-06-17 07:00:00+00:00': 12602.152504636375, '2025-06-17 08:00:00+00:00': 12699.784083583743, '2025-06-17 09:00:00+00:00': 12621.85410545871, '2025-06-17 10:00:00+00:00': 12811.61973045871, '2025-06-17 11:00:00+00:00': 12513.23831569598, '2025-06-17 12:00:00+00:00': 12781.61973045871, '2025-06-17 13:00:00+00:00': 12632.640800810741, '2025-06-17 14:00:00+00:00': 12380.897266449576, '2025-06-17 17:00:00+00:00': 12553.204207293717, '2025-06-17 21:00:00+00:00': 12830.890333126634, '2025-06-17 22:00:00+00:00': 12984.612867615091, '2025-06-17 23:00:00+00:00': 13084.238877388674, '2025-06-18 01:00:00+00:00': 12481.831006467233, '2025-06-18 02:00:00+00:00': 12748.31059027244, '2025-06-18 03:00:00+00:00': 12503.917107195886, '2025-06-18 04:00:00+00:00': 12611.025255875973, '2025-06-18 06:00:00+00:00': 12786.03177181764, '2025-06-18 10:00:00+00:00': 12661.083088893549, '2025-06-18 11:00:00+00:00': 12658.148823005424, '2025-06-18 12:00:00+00:00': 12616.639162462414, '2025-06-18 13:00:00+00:00': 12114.22756685936, '2025-06-18 14:00:00+00:00': 12621.40483096865, '2025-06-18 15:00:00+00:00': 12582.079851543602, '2025-06-18 16:00:00+00:00': 12510.799455502052, '2025-06-18 17:00:00+00:00': 12403.328429044044, '2025-06-18 19:00:00+00:00': 11330.074400963314, '2025-06-18 23:00:00+00:00': 11928.127566859359, '2025-06-19 00:00:00+00:00': 11740.499739675692, '2025-06-19 01:00:00+00:00': 11504.009566108309, '2025-06-19 02:00:00+00:00': 11622.324119207973, '2025-06-19 04:00:00+00:00': 11442.396117087652, '2025-06-19 07:00:00+00:00': 11251.723684529223, '2025-06-19 08:00:00+00:00': 11285.68335948066, '2025-06-19 12:00:00+00:00': 11208.38818822909, '2025-06-19 13:00:00+00:00': 11179.146985761403, '2025-06-19 14:00:00+00:00': 11206.77249150399, '2025-06-19 15:00:00+00:00': 11119.15160489999, '2025-06-19 17:00:00+00:00': 11145.251494422313, '2025-06-19 21:00:00+00:00': 11030.8522088357, '2025-06-20 01:00:00+00:00': 10964.018460628955, '2025-06-20 02:00:00+00:00': 10816.568489534775, '2025-06-20 03:00:00+00:00': 10674.031400821388, '2025-06-20 04:00:00+00:00': 10683.380252478668, '2025-06-20 06:00:00+00:00': 10581.183471530538, '2025-06-20 08:00:00+00:00': 10424.080439511217, '2025-06-20 10:00:00+00:00': 10210.897174480597, '2025-06-20 14:00:00+00:00': 10498.434349593805, '2025-06-20 15:00:00+00:00': 10011.12657804442, '2025-06-20 16:00:00+00:00': 10535.755942120591, '2025-06-20 17:00:00+00:00': 10171.723915462775, '2025-06-20 18:00:00+00:00': 10280.887560358282, '2025-06-21 04:00:00+00:00': 10543.636756685459, '2025-06-21 05:00:00+00:00': 10650.4320099166, '2025-06-21 07:00:00+00:00': 10001.02386782223, '2025-06-21 17:00:00+00:00': 9808.953477062958, '2025-06-21 18:00:00+00:00': 9815.63424373923, '2025-06-21 20:00:00+00:00': 9778.221273963984, '2025-06-21 22:00:00+00:00': 11000.979280438689, '2025-06-21 23:00:00+00:00': 9937.120335328522, '2025-06-22 01:00:00+00:00': 10803.671107660244, '2025-06-22 06:00:00+00:00': 10346.933052345958, '2025-06-22 09:00:00+00:00': 10937.001792158206, '2025-06-22 10:00:00+00:00': 10765.702688333507, '2025-06-22 11:00:00+00:00': 10731.158782408675, '2025-06-22 13:00:00+00:00': 10693.281635176789, '2025-06-22 14:00:00+00:00': 12055.57251767511, '2025-06-22 15:00:00+00:00': 11948.483983323027, '2025-06-23 00:00:00+00:00': 11665.35734174929, '2025-06-23 02:00:00+00:00': 11685.15181815423, '2025-06-23 03:00:00+00:00': 11393.2088119017, '2025-06-23 05:00:00+00:00': 11524.681046005871, '2025-06-23 09:00:00+00:00': 10879.651824323168, '2025-06-23 13:00:00+00:00': 11218.26628316607, '2025-06-23 14:00:00+00:00': 11079.957167834618, '2025-06-23 16:00:00+00:00': 10797.819182784608, '2025-06-23 18:00:00+00:00': 10556.225481795434, '2025-06-23 19:00:00+00:00': 10426.747666962354, '2025-06-23 20:00:00+00:00': 10576.370773912862, '2025-06-23 22:00:00+00:00': 10298.26321725144, '2025-06-23 23:00:00+00:00': 10287.66958712237, '2025-06-24 00:00:00+00:00': 10176.607005174052, '2025-06-24 02:00:00+00:00': 9858.259544076378, '2025-06-24 03:00:00+00:00': 10040.55287206989, '2025-06-24 09:00:00+00:00': 9517.965967690172, '2025-06-24 12:00:00+00:00': 9756.407692224526, '2025-06-24 13:00:00+00:00': 9772.308363367223, '2025-06-24 16:00:00+00:00': 9714.002003726207, '2025-06-24 17:00:00+00:00': 9168.467593289166, '2025-06-25 01:00:00+00:00': 9008.223110785677, '2025-06-25 05:00:00+00:00': 8790.188358121126, '2025-06-25 06:00:00+00:00': 8760.188358121126, '2025-06-25 14:00:00+00:00': 8895.484253439263, '2025-06-25 16:00:00+00:00': 8711.342118319999, '2025-06-26 02:00:00+00:00': 8493.973748342767, '2025-06-26 05:00:00+00:00': 8510.801781928305, '2025-06-26 13:00:00+00:00': 8366.502036544469, '2025-06-27 00:00:00+00:00': 8215.42799903444, '2025-06-30 20:00:00+00:00': 8152.5110223664, '2025-06-30 21:00:00+00:00': 8211.601240614867, '2025-06-30 23:00:00+00:00': 8316.502217852547, '2025-07-01 00:00:00+00:00': 8457.914054950304, '2025-07-01 02:00:00+00:00': 8413.868512216815, '2025-07-01 04:00:00+00:00': 8402.578613393336, '2025-07-01 05:00:00+00:00': 8441.69076316985, '2025-07-01 07:00:00+00:00': 8435.11433316314, '2025-07-01 08:00:00+00:00': 8433.896252070112, '2025-07-01 09:00:00+00:00': 8299.774061782926, '2025-07-01 10:00:00+00:00': 8445.743564622713, '2025-07-01 11:00:00+00:00': 8464.929077526393, '2025-07-01 12:00:00+00:00': 8419.105145470441, '2025-07-01 13:00:00+00:00': 8468.659048425889, '2025-07-01 15:00:00+00:00': 8448.426353642222, '2025-07-01 18:00:00+00:00': 8452.56906451407, '2025-07-01 20:00:00+00:00': 8437.291217114122, '2025-07-01 21:00:00+00:00': 8421.003738699445, '2025-07-01 22:00:00+00:00': 8413.447755384752, '2025-07-02 00:00:00+00:00': 8437.839885235942, '2025-07-02 03:00:00+00:00': 8467.632554273529, '2025-07-02 04:00:00+00:00': 8446.721506772334, '2025-07-02 05:00:00+00:00': 8445.819785073942, '2025-07-02 08:00:00+00:00': 8249.044925501845, '2025-07-02 10:00:00+00:00': 8457.76289096544, '2025-07-02 11:00:00+00:00': 8343.92896336228, '2025-07-02 13:00:00+00:00': 8338.463515991007, '2025-07-02 14:00:00+00:00': 8270.583977294995, '2025-07-02 15:00:00+00:00': 8288.875854671947, '2025-07-02 17:00:00+00:00': 8376.370787358192, '2025-07-02 18:00:00+00:00': 8365.45515136829, '2025-07-02 20:00:00+00:00': 8305.423405540834, '2025-07-02 21:00:00+00:00': 8415.984984080034, '2025-07-02 22:00:00+00:00': 8404.830588378016, '2025-07-02 23:00:00+00:00': 8308.48956642606, '2025-07-03 00:00:00+00:00': 8407.880802144258, '2025-07-03 03:00:00+00:00': 8405.570642275386, '2025-07-03 05:00:00+00:00': 8387.659327131349, '2025-07-03 07:00:00+00:00': 8388.286083195335, '2025-07-03 09:00:00+00:00': 8386.852323281097, '2025-07-03 10:00:00+00:00': 8369.083454796857, '2025-07-03 13:00:00+00:00': 8369.004589677541, '2025-07-03 14:00:00+00:00': 8389.96263207559, '2025-07-03 16:00:00+00:00': 8658.208774168386, '2025-07-03 17:00:00+00:00': 8372.407233658101, '2025-07-03 18:00:00+00:00': 8662.919503338138, '2025-07-03 20:00:00+00:00': 8585.413847416537, '2025-07-04 02:00:00+00:00': 8646.401201494047, '2025-07-04 03:00:00+00:00': 8699.64358550595, '2025-07-04 05:00:00+00:00': 8693.003127954822, '2025-07-04 08:00:00+00:00': 8758.578192732608, '2025-07-04 11:00:00+00:00': 8644.387473699826, '2025-07-04 13:00:00+00:00': 8665.672853717619, '2025-07-04 16:00:00+00:00': 8669.971780975871, '2025-07-04 17:00