number,value,params_CONVERGENCE_THRESHOLD,params_FIXED_TRADE_PCT,params_MAX_HOLD_HOURS,params_MAX_POSITION_PCT,params_MIN_DIV,params_STOP_LOSS_PCT,params_TAKE_PROFIT_PCT,params_TRAIL_PCT,state,user_attrs_cooldown_trades_pct,user_attrs_equity_curves,user_attrs_total_trades
2,-0.0070628601079982,0.02,0.05,24,0.01,0.035,0.1,0.4,0.6,COMPLETE,5.711920529801325,"[{'2025-05-01 00:00:00+00:00': 10000.0, '2025-05-01 02:00:00+00:00': 10081.083268137243, '2025-05-01 06:00:00+00:00': 10089.251645420109, '2025-05-01 07:00:00+00:00': 10089.911466804288, '2025-05-01 11:00:00+00:00': 10310.211630870172, '2025-05-01 13:00:00+00:00': 10098.957533606743, '2025-05-01 15:00:00+00:00': 10274.270794757513, '2025-05-01 16:00:00+00:00': 10240.119725052858, '2025-05-02 06:00:00+00:00': 10294.22142345554, '2025-05-02 10:00:00+00:00': 10300.354452105557, '2025-05-02 11:00:00+00:00': 10304.208969171286, '2025-05-02 13:00:00+00:00': 10294.646940458377, '2025-05-02 15:00:00+00:00': 10296.552169556326, '2025-05-02 16:00:00+00:00': 10276.814250958676, '2025-05-02 17:00:00+00:00': 10284.040601288409, '2025-05-02 19:00:00+00:00': 10273.391214424628, '2025-05-02 20:00:00+00:00': 10293.210349350344, '2025-05-03 06:00:00+00:00': 10251.122307504176, '2025-05-03 10:00:00+00:00': 10265.907835697535, '2025-05-04 01:00:00+00:00': 10154.99768194529, '2025-05-04 04:00:00+00:00': 10152.628391544706, '2025-05-04 09:00:00+00:00': 10187.065510804894, '2025-05-05 01:00:00+00:00': 10160.484699161725, '2025-05-05 02:00:00+00:00': 10141.55346014941, '2025-05-05 03:00:00+00:00': 10139.987069214236, '2025-05-05 07:00:00+00:00': 10110.334281625048, '2025-05-05 10:00:00+00:00': 10141.751472746637, '2025-05-05 12:00:00+00:00': 10113.548819012794, '2025-05-05 17:00:00+00:00': 10108.533866565587, '2025-05-05 19:00:00+00:00': 10146.580805625546, '2025-05-05 23:00:00+00:00': 10111.011168796605, '2025-05-06 12:00:00+00:00': 10102.88578204193, '2025-05-06 13:00:00+00:00': 10095.376698089123, '2025-05-06 16:00:00+00:00': 10200.62084087426, '2025-05-06 18:00:00+00:00': 10104.735361981266, '2025-05-06 23:00:00+00:00': 10186.842382566949, '2025-05-07 01:00:00+00:00': 10630.902109611214, '2025-05-07 02:00:00+00:00': 10666.104290028106, '2025-05-07 04:00:00+00:00': 10663.443996789081, '2025-05-07 15:00:00+00:00': 10654.51942917981, '2025-05-07 17:00:00+00:00': 10653.450952466676, '2025-05-07 18:00:00+00:00': 10726.598640840479, '2025-05-07 20:00:00+00:00': 10829.75577168807, '2025-05-07 23:00:00+00:00': 10839.151560422652, '2025-05-08 01:00:00+00:00': 10903.785525341556, '2025-05-08 03:00:00+00:00': 10905.514163092861, '2025-05-08 04:00:00+00:00': 10989.992751907448, '2025-05-08 09:00:00+00:00': 10823.96526437523, '2025-05-08 10:00:00+00:00': 11156.448981918216, '2025-05-08 16:00:00+00:00': 11155.494648578175, '2025-05-08 17:00:00+00:00': 11200.8116702879, '2025-05-08 21:00:00+00:00': 11493.75383890632, '2025-05-08 22:00:00+00:00': 11491.518222470657, '2025-05-09 00:00:00+00:00': 11339.563295825265, '2025-05-09 03:00:00+00:00': 11553.42343637156, '2025-05-09 08:00:00+00:00': 11563.086318397432, '2025-05-09 09:00:00+00:00': 11722.573851201292, '2025-05-09 18:00:00+00:00': 11695.125172905218, '2025-05-09 19:00:00+00:00': 11693.020644017286, '2025-05-09 21:00:00+00:00': 11707.992007144854, '2025-05-10 07:00:00+00:00': 11730.633738916249, '2025-05-10 08:00:00+00:00': 11728.642181075496, '2025-05-10 14:00:00+00:00': 11722.413340359404, '2025-05-10 15:00:00+00:00': 11729.741815987803, '2025-05-11 00:00:00+00:00': 11833.867164773786, '2025-05-11 05:00:00+00:00': 11836.052481388337, '2025-05-11 11:00:00+00:00': 11881.13731471613, '2025-05-11 12:00:00+00:00': 11881.581228734854, '2025-05-11 13:00:00+00:00': 11865.393063048925, '2025-05-11 19:00:00+00:00': 11884.89872978153, '2025-05-12 01:00:00+00:00': 11881.888802881062, '2025-05-12 02:00:00+00:00': 11887.855107726946, '2025-05-12 09:00:00+00:00': 11899.01604975219, '2025-05-12 12:00:00+00:00': 11903.834003598928, '2025-05-12 15:00:00+00:00': 11897.026366392694, '2025-05-12 16:00:00+00:00': 11957.671596384766, '2025-05-12 19:00:00+00:00': 11969.417333921032, '2025-05-12 21:00:00+00:00': 12015.50688952825, '2025-05-12 22:00:00+00:00': 12024.533216863198, '2025-05-13 06:00:00+00:00': 12032.055967084736, '2025-05-13 10:00:00+00:00': 12113.034041888392, '2025-05-13 16:00:00+00:00': 12122.858129914372, '2025-05-13 18:00:00+00:00': 12125.953843697609, '2025-05-14 08:00:00+00:00': 12118.23776291923, '2025-05-15 01:00:00+00:00': 12109.4858017605, '2025-05-15 14:00:00+00:00': 12097.00525047971, '2025-05-15 17:00:00+00:00': 12207.948118235638, '2025-05-15 19:00:00+00:00': 12294.37576307046, '2025-05-16 03:00:00+00:00': 12303.377485574902, '2025-05-16 07:00:00+00:00': 12308.234567736059, '2025-05-16 11:00:00+00:00': 12340.093593797981, '2025-05-16 16:00:00+00:00': 12342.913634800716, '2025-05-16 17:00:00+00:00': 12343.061982213545, '2025-05-17 01:00:00+00:00': 12306.340072477882, '2025-05-17 05:00:00+00:00': 12318.489707350238, '2025-05-17 09:00:00+00:00': 12322.731834467346, '2025-05-17 18:00:00+00:00': 12387.977955163002, '2025-05-17 21:00:00+00:00': 12387.057510218696, '2025-05-18 01:00:00+00:00': 12381.11974520664, '2025-05-18 12:00:00+00:00': 12374.969274914429, '2025-05-19 00:00:00+00:00': 12811.952453387777, '2025-05-19 01:00:00+00:00': 12866.516330101756, '2025-05-19 03:00:00+00:00': 12823.041331837223, '2025-05-19 04:00:00+00:00': 12859.15053435652, '2025-05-19 08:00:00+00:00': 12895.411829931061, '2025-05-19 09:00:00+00:00': 12914.19538176818, '2025-05-19 16:00:00+00:00': 12997.733536586004, '2025-05-19 17:00:00+00:00': 13143.977492986822, '2025-05-19 18:00:00+00:00': 13148.375459076167, '2025-05-19 20:00:00+00:00': 13162.016798638808, '2025-05-20 05:00:00+00:00': 13258.458634145005, '2025-05-20 08:00:00+00:00': 13306.184471359838, '2025-05-20 12:00:00+00:00': 13293.405571433046, '2025-05-20 14:00:00+00:00': 13314.989057111452, '2025-05-20 16:00:00+00:00': 13352.09120813328, '2025-05-21 07:00:00+00:00': 13881.99369880924, '2025-05-21 08:00:00+00:00': 13866.367473003584, '2025-05-21 10:00:00+00:00': 13820.503269981395, '2025-05-21 15:00:00+00:00': 14201.638555237396, '2025-05-21 17:00:00+00:00': 14096.921759849587, '2025-05-21 18:00:00+00:00': 13996.936629468513, '2025-05-21 21:00:00+00:00': 14202.279814878086, '2025-05-22 01:00:00+00:00': 14418.707887734054, '2025-05-22 04:00:00+00:00': 14541.531932326843, '2025-05-22 07:00:00+00:00': 14445.109464041076, '2025-05-22 09:00:00+00:00': 14579.841791481773, '2025-05-22 16:00:00+00:00': 14567.504370037528, '2025-05-22 20:00:00+00:00': 14555.540494509529, '2025-05-22 21:00:00+00:00': 14581.766216595386, '2025-05-23 00:00:00+00:00': 14533.35367249959, '2025-05-23 05:00:00+00:00': 14537.417707811219, '2025-05-23 07:00:00+00:00': 14544.060567419196, '2025-05-23 12:00:00+00:00': 14697.74268692896, '2025-05-24 11:00:00+00:00': 14848.132388291237, '2025-05-24 16:00:00+00:00': 14846.0798430105, '2025-05-24 23:00:00+00:00': 14847.869165972777, '2025-05-26 01:00:00+00:00': 15113.201634229279, '2025-05-26 09:00:00+00:00': 15115.70930165417, '2025-05-26 16:00:00+00:00': 15139.029203004699, '2025-05-26 21:00:00+00:00': 15153.331408489004, '2025-05-27 02:00:00+00:00': 15175.495157402594, '2025-05-27 04:00:00+00:00': 15218.466818044602, '2025-05-27 15:00:00+00:00': 15247.046761365042, '2025-05-28 15:00:00+00:00': 15369.100558990694, '2025-05-28 17:00:00+00:00': 15351.167547355199, '2025-05-28 20:00:00+00:00': 15339.807377366991, '2025-05-29 06:00:00+00:00': 15325.767670365807, '2025-05-29 18:00:00+00:00': 15330.430256334057, '2025-05-31 02:00:00+00:00': 15173.838994019809, '2025-05-31 03:00:00+00:00': 16596.312441163063, '2025-05-31 05:00:00+00:00': 15486.993078457077, '2025-05-31 06:00:00+00:00': 17347.262745472148, '2025-05-31 07:00:00+00:00': 17510.55437914878, '2025-05-31 08:00:00+00:00': 17629.224689304534, '2025-05-31 10:00:00+00:00': 17711.38231183617, '2025-05-31 13:00:00+00:00': 17755.882386812485, '2025-05-31 16:00:00+00:00': 17338.471045815448, '2025-05-31 23:00:00+00:00': 17916.545792810786, '2025-06-01 07:00:00+00:00': 17707.00246708231, '2025-06-01 09:00:00+00:00': 17951.48432314733, '2025-06-01 11:00:00+00:00': 17807.558797022088, '2025-06-01 12:00:00+00:00': 17484.07232408567, '2025-06-01 14:00:00+00:00': 17483.790055490135, '2025-06-01 17:00:00+00:00': 17054.560260363345, '2025-06-01 18:00:00+00:00': 17994.48485558147, '2025-06-01 21:00:00+00:00': 17341.142985908242, '2025-06-01 22:00:00+00:00': 17202.14354855692, '2025-06-02 04:00:00+00:00': 17594.861816108853, '2025-06-02 05:00:00+00:00': 17569.44634058669, '2025-06-02 08:00:00+00:00': 17435.27387779039, '2025-06-02 09:00:00+00:00': 17415.724826460086, '2025-06-02 10:00:00+00:00': 17093.49489990827, '2025-06-02 12:00:00+00:00': 16851.530471476366, '2025-06-02 14:00:00+00:00': 17052.017215935284, '2025-06-02 18:00:00+00:00': 17049.210259213723, '2025-06-02 19:00:00+00:00': 17036.038398891767, '2025-06-02 21:00:00+00:00': 17025.364539390448, '2025-06-02 22:00:00+00:00': 16901.829848413898, '2025-06-02 23:00:00+00:00': 17078.481361573708, '2025-06-03 00:00:00+00:00': 16840.227014093376, '2025-06-03 01:00:00+00:00': 16950.91437540213, '2025-06-03 02:00:00+00:00': 16898.750967389165, '2025-06-03 03:00:00+00:00': 16970.198930059705, '2025-06-03 06:00:00+00:00': 16828.600724573687, '2025-06-03 07:00:00+00:00': 16385.354912809846, '2025-06-03 13:00:00+00:00': 17297.261977603102, '2025-06-03 14:00:00+00:00': 16386.978872351243, '2025-06-03 15:00:00+00:00': 16361.453301646987, '2025-06-03 18:00:00+00:00': 16031.003528914423, '2025-06-03 22:00:00+00:00': 16447.984939146405, '2025-06-03 23:00:00+00:00': 16023.385479926896, '2025-06-04 01:00:00+00:00': 16630.169149029414, '2025-06-04 02:00:00+00:00': 16544.12130278277, '2025-06-04 04:00:00+00:00': 16199.16515713842, '2025-06-04 05:00:00+00:00': 16012.692781238387, '2025-06-04 09:00:00+00:00': 15862.432589312244, '2025-06-04 10:00:00+00:00': 15810.814550459529, '2025-06-04 14:00:00+00:00': 16255.261977555952, '2025-06-04 16:00:00+00:00': 15628.978064077428, '2025-06-04 18:00:00+00:00': 15467.55577542717, '2025-06-04 22:00:00+00:00': 15814.068590515404, '2025-06-04 23:00:00+00:00': 16006.148637821632, '2025-06-05 01:00:00+00:00': 15982.692781238387, '2025-06-05 02:00:00+00:00': 15623.12854464769, '2025-06-05 03:00:00+00:00': 15930.166874285036, '2025-06-05 05:00:00+00:00': 15624.458267967486, '2025-06-05 06:00:00+00:00': 15541.939706421217, '2025-06-05 07:00:00+00:00': 15815.205943212959, '2025-06-05 10:00:00+00:00': 15701.455146144168, '2025-06-05 13:00:00+00:00': 15551.342269100114, '2025-06-05 16:00:00+00:00': 15402.476894002963, '2025-06-05 17:00:00+00:00': 15414.214233865137, '2025-06-05 18:00:00+00:00': 15479.72536154599, '2025-06-05 19:00:00+00:00': 16069.293850669557, '2025-06-05 20:00:00+00:00': 15812.681929243668, '2025-06-05 21:00:00+00:00': 16470.339469297167, '2025-06-05 22:00:00+00:00': 16259.923117425984, '2025-06-06 00:00:00+00:00': 16718.161600248004, '2025-06-06 02:00:00+00:00': 17160.741795639704, '2025-06-06 03:00:00+00:00': 16328.536433806097, '2025-06-06 04:00:00+00:00': 17063.010488165935, '2025-06-06 05:00:00+00:00': 16999.660557649553, '2025-06-06 07:00:00+00:00': 16977.10626538122, '2025-06-06 09:00:00+00:00': 16694.205965059424, '2025-06-06 10:00:00+00:00': 16826.34615555981, '2025-06-06 11:00:00+00:00': 16509.13875461771, '2025-06-06 14:00:00+00:00': 16667.020458649728, '2025-06-06 15:00:00+00:00': 16283.392766652774, '2025-06-06 20:00:00+00:00': 16192.798650102704, '2025-06-06 22:00:00+00:00': 16820.434327520732, '2025-06-07 00:00:00+00:00': 16384.020341318617, '2025-06-07 01:00:00+00:00': 16542.14599706699, '2025-06-07 04:00:00+00:00': 16041.387262433696, '2025-06-07 05:00:00+00:00': 16771.763172418414, '2025-06-07 06:00:00+00:00': 16264.676391514486, '2025-06-07 08:00:00+00:00': 16679.309608948442, '2025-06-07 11:00:00+00:00': 16560.79492500809, '2025-06-07 12:00:00+00:00': 16301.054632836745, '2025-06-07 14:00:00+00:00': 15964.094813755124, '2025-06-07 15:00:00+00:00': 16288.478890767947, '2025-06-07 16:00:00+00:00': 16003.431551737995, '2025-06-07 21:00:00+00:00': 15954.876054500655, '2025-06-07 23:00:00+00:00': 15634.788220682822, '2025-06-08 01:00:00+00:00': 16103.12991164892, '2025-06-08 06:00:00+00:00': 15996.675458916414, '2025-06-08 07:00:00+00:00': 15393.14382465199, '2025-06-08 09:00:00+00:00': 15953.086444031105, '2025-06-08 10:00:00+00:00': 15478.57239608056, '2025-06-08 12:00:00+00:00': 15961.730302971044, '2025-06-08 13:00:00+00:00': 15906.081043257538, '2025-06-08 14:00:00+00:00': 15772.571802311639, '2025-06-08 15:00:00+00:00': 15875.833905502182, '2025-06-08 16:00:00+00:00': 15861.362282086398, '2025-06-08 17:00:00+00:00': 15732.462639287472, '2025-06-08 22:00:00+00:00': 15558.744809873664, '2025-06-09 00:00:00+00:00': 14833.641369386674, '2025-06-09 05:00:00+00:00': 14741.666902880352, '2025-06-09 06:00:00+00:00': 15174.265309740045, '2025-06-09 08:00:00+00:00': 15331.853502071344, '2025-06-09 10:00:00+00:00': 15043.590484980323, '2025-06-09 11:00:00+00:00': 14885.229137533737, '2025-06-09 12:00:00+00:00': 15393.891962509279, '2025-06-09 13:00:00+00:00': 15148.992025907188, '2025-06-09 14:00:00+00:00': 14780.185483543086, '2025-06-09 15:00:00+00:00': 15259.967266955096, '2025-06-09 17:00:00+00:00': 15331.082909552299, '2025-06-09 18:00:00+00:00': 14849.23239346641, '2025-06-09 19:00:00+00:00': 14907.999603984941, '2025-06-09 22:00:00+00:00': 14805.955542657477, '2025-06-09 23:00:00+00:00': 14975.218754820666, '2025-06-10 00:00:00+00:00': 14893.32873973556, '2025-06-10 01:00:00+00:00': 14764.296540356727, '2025-06-10 02:00:00+00:00': 14625.680866225579, '2025-06-10 09:00:00+00:00': 14762.539486358859, '2025-06-10 12:00:00+00:00': 14603.851245290994, '2025-06-10 20:00:00+00:00': 14441.795637832356, '2025-06-10 23:00:00+00:00': 14995.04922852877, '2025-06-11 00:00:00+00:00': 14435.425861228256, '2025-06-11 05:00:00+00:00': 14342.441884097154, '2025-06-11 10:00:00+00:00': 14228.677965124287, '2025-06-11 13:00:00+00:00': 14427.257577332619, '2025-06-11 15:00:00+00:00': 13756.044672658072, '2025-06-11 16:00:00+00:00': 13586.252560367011, '2025-06-11 17:00:00+00:00': 14317.27422247002, '2025-06-11 20:00:00+00:00': 14109.02245043585, '2025-06-11 21:00:00+00:00': 14222.499491895656, '2025-06-11 22:00:00+00:00': 13914.95130191108, '2025-06-11 23:00:00+00:00': 14192.271111991857, '2025-06-12 00:00:00+00:00': 14320.86826943813, '2025-06-12 01:00:00+00:00': 14268.980788901827, '2025-06-12 05:00:00+00:00': 14435.2884200624, '2025-06-12 06:00:00+00:00': 14405.46701202368, '2025-06-12 07:00:00+00:00': 14203.74704735476, '2025-06-12 08:00:00+00:00': 14323.236242792911, '2025-06-12 09:00:00+00:00': 13861.409176348581, '2025-06-12 11:00:00+00:00': 13795.68594683803, '2025-06-12 12:00:00+00:00': 14049.84123209771, '2025-06-12 13:00:00+00:00': 14253.215630140558, '2025-06-12 15:00:00+00:00': 13985.200457500272, '2025-06-12 16:00:00+00:00': 13754.661651276101, '2025-06-12 18:00:00+00:00': 14045.365730221518, '2025-06-12 20:00:00+00:00': 13950.555517811996, '2025-06-12 21:00:00+00:00': 14068.899456450743, '2025-06-12 22:00:00+00:00': 14545.249409953332, '2025-06-13 01:00:00+00:00': 14524.350124851324, '2025-06-13 03:00:00+00:00': 14220.865937459037, '2025-06-13 08:00:00+00:00': 14160.455625270362, '2025-06-13 12:00:00+00:00': 14309.891853327385, '2025-06-13 13:00:00+00:00': 14444.46441056561, '2025-06-13 14:00:00+00:00': 14229.123971383286, '2025-06-13 17:00:00+00:00': 13998.048750874443, '2025-06-13 19:00:00+00:00': 13825.56135591646, '2025-06-14 00:00:00+00:00': 13912.620179445872, '2025-06-14 01:00:00+00:00': 13760.07392987429, '2025-06-14 02:00:00+00:00': 14247.485370657418, '2025-06-14 06:00:00+00:00': 13609.908032939624, '2025-06-14 08:00:00+00:00': 13553.48749891393, '2025-06-14 10:00:00+00:00': 13470.44062391393, '2025-06-14 11:00:00+00:00': 13404.905107954533, '2025-06-14 12:00:00+00:00': 13649.240596540956, '2025-06-14 13:00:00+00:00': 14072.25722324551, '2025-06-14 16:00:00+00:00': 13349.167552589715, '2025-06-14 17:00:00+00:00': 13115.988546355218, '2025-06-14 18:00:00+00:00': 13815.460215729949, '2025-06-15 01:00:00+00:00': 13674.544684407098, '2025-06-15 02:00:00+00:00': 13670.384553862563, '2025-06-15 05:00:00+00:00': 13351.509378075765, '2025-06-15 06:00:00+00:00': 13103.171433531872, '2025-06-15 08:00:00+00:00': 13262.29863567126, '2025-06-15 12:00:00+00:00': 13223.588546355219, '2025-06-15 14:00:00+00:00': 13086.905130853425, '2025-06-15 15:00:00+00:00': 13328.259707046294, '2025-06-15 17:00:00+00:00': 13127.307326093913, '2025-06-15 18:00:00+00:00': 13445.868402698468, '2025-06-15 19:00:00+00:00': 13243.034948073306, '2025-06-15 20:00:00+00:00': 12966.91632138802, '2025-06-15 21:00:00+00:00': 12615.857970770714, '2025-06-15 23:00:00+00:00': 12558.228833224108, '2025-06-16 02:00:00+00:00': 12991.099212206127, '2025-06-16 03:00:00+00:00': 12792.123726089389, '2025-06-16 05:00:00+00:00': 12717.709822622566, '2025-06-16 06:00:00+00:00': 12319.55962775358, '2025-06-16 07:00:00+00:00': 12937.730186924275, '2025-06-16 08:00:00+00:00': 11690.523610594882, '2025-06-16 09:00:00+00:00': 13144.584125924246, '2025-06-16 10:00:00+00:00': 12552.925674141336, '2025-06-16 12:00:00+00:00': 11452.443401095843, '2025-06-16 14:00:00+00:00': 12013.161381498558, '2025-06-16 15:00:00+00:00': 11562.42846064678, '2025-06-16 19:00:00+00:00': 11552.548674234142, '2025-06-16 20:00:00+00:00': 11482.684885546823, '2025-06-16 21:00:00+00:00': 11434.015451745568, '2025-06-16 23:00:00+00:00': 11956.440868610918, '2025-06-17 00:00:00+00:00': 11866.879465102147, '2025-06-17 01:00:00+00:00': 11269.477375498058, '2025-06-17 03:00:00+00:00': 11146.471836693261, '2025-06-17 05:00:00+00:00': 11576.969070836914, '2025-06-17 07:00:00+00:00': 11354.377438949175, '2025-06-17 08:00:00+00:00': 11921.438061106794, '2025-06-17 09:00:00+00:00': 11209.3357132369, '2025-06-17 11:00:00+00:00': 11828.932794140386, '2025-06-17 13:00:00+00:00': 11716.900793124161, '2025-06-17 14:00:00+00:00': 11764.433515282972, '2025-06-17 15:00:00+00:00': 11263.225501953684, '2025-06-17 16:00:00+00:00': 11763.216342685915, '2025-06-17 17:00:00+00:00': 11583.74479977233, '2025-06-17 19:00:00+00:00': 11149.350970143216, '2025-06-17 20:00:00+00:00': 11149.413261620077, '2025-06-17 21:00:00+00:00': 10733.86447920726, '2025-06-17 22:00:00+00:00': 10619.408185447246, '2025-06-18 02:00:00+00:00': 11223.321407155368, '2025-06-18 04:00:00+00:00': 10464.525056116941, '2025-06-18 05:00:00+00:00': 10782.903018094134, '2025-06-18 11:00:00+00:00': 10287.166207091484, '2025-06-18 14:00:00+00:00': 10561.758426502169, '2025-06-18 16:00:00+00:00': 9951.740498519852, '2025-06-18 18:00:00+00:00': 11224.094602670553, '2025-06-18 19:00:00+00:00': 9924.620340698999, '2025-06-18 21:00:00+00:00': 10148.75493521866, '2025-06-18 23:00:00+00:00': 10416.929202064628, '2025-06-19 01:00:00+00:00': 9703.38943299058, '2025-06-19 02:00:00+00:00': 10070.696227071503, '2025-06-19 06:00:00+00:00': 10224.94498791172, '2025-06-19 07:00:00+00:00': 9586.215633517342, '2025-06-19 08:00:00+00:00': 9531.517952365853, '2025-06-19 10:00:00+00:00': 9804.428343750473, '2025-06-19 17:00:00+00:00': 9982.178651769776, '2025-06-19 19:00:00+00:00': 9856.848922158362, '2025-06-19 20:00:00+00:00': 9889.78740896456, '2025-06-19 21:00:00+00:00': 9350.937299447614, '2025-06-19 22:00:00+00:00': 9765.5863513742, '2025-06-19 23:00:00+00:00': 9118.927696532197, '2025-06-20 00:00:00+00:00': 9766.807769555418, '2025-06-20 02:00:00+00:00': 9217.630152595066, '2025-06-20 04:00:00+00:00': 8585.515594299863, '2025-06-20 05:00:00+00:00': 9077.615552562504, '2025-06-20 07:00:00+00:00': 8955.60668936894, '2025-06-20 08:00:00+00:00': 8432.289069416027, '2025-06-20 09:00:00+00:00': 8269.952093098324, '2025-06-20 10:00:00+00:00': 9002.419424906993, '2025-06-20 11:00:00+00:00': 9051.07363569519, '2025-06-20 12:00:00+00:00': 8520.431742998018, '2025-06-20 13:00:00+00:00': 9027.171251127495, '2025-06-20 14:00:00+00:00': 9083.132681867477, '2025-06-20 15:00:00+00:00': 8972.912985540506, '2025-06-20 17:00:00+00:00': 8357.940617067523, '2025-06-20 18:00:00+00:00': 8775.664639468056, '2025-06-20 23:00:00+00:00': 8695.973686967402, '2025-06-21 01:00:00+00:00': 8314.524315127625, '2025-06-21 08:00:00+00:00': 8930.123583970684, '2025-06-21 09:00:00+00:00': 8394.85450380687, '2025-06-21 16:00:00+00:00': 8148.528431519104, '2025-06-21 19:00:00+00:00': 9992.315598710693, '2025-06-21 20:00:00+00:00': 10112.623579685674, '2025-06-21 21:00:00+00:00': 10004.898315238042, '2025-06-21 22:00:00+00:00': 10042.598675254014, '2025-06-21 23:00:00+00:00': 10050.255105519764, '2025-06-22 00:00:00+00:00': 10343.739774310952, '2025-06-22 01:00:00+00:00': 10236.199352595908, '2025-06-22 08:00:00+00:00': 10292.4837201616, '2025-06-22 10:00:00+00:00': 10973.449030184465, '2025-06-22 14:00:00+00:00': 10942.97729385886, '2025-06-22 15:00:00+00:00': 10978.077964008009, '2025-06-22 16:00:00+00:00': 11229.743691717584, '2025-06-22 18:00:00+00:00': 10939.534031269286, '2025-06-22 23:00:00+00:00': 10743.58788961346, '2025-06-23 01:00:00+00:00': 10342.18382301649, '2025-06-23 02:00:00+00:00': 10294.02812168061, '2025-06-23 04:00:00+00:00': 10134.741783836875, '2025-06-23 05:00:00+00:00': 9935.78526116316, '2025-06-23 06:00:00+00:00': 10001.793362911068, '2025-06-23 07:00:00+00:00': 9889.342350199131, '2025-06-23 08:00:00+00:00': 9764.901391703193, '2025-06-23 09:00:00+00:00': 9850.009221941906, '2025-06-23 13:00:00+00:00': 9666.591532548264, '2025-06-23 14:00:00+00:00': 9518.90137718695, '2025-06-23 17:00:00+00:00': 9812.26631501355, '2025-06-23 18:00:00+00:00': 9341.297199545066, '2025-06-23 19:00:00+00:00': 9238.588069916566, '2025-06-23 21:00:00+00:00': 9049.422873937987, '2025-06-23 22:00:00+00:00': 8861.441276355506, '2025-06-23 23:00:00+00:00': 8817.879362297677, '2025-06-24 01:00:00+00:00': 8447.565927344136, '2025-06-24 02:00:00+00:00': 8517.199550510957, '2025-06-24 03:00:00+00:00': 8376.9425307