number,value,params_CONVERGENCE_THRESHOLD,params_FIXED_TRADE_PCT,params_MAX_HOLD_HOURS,params_MAX_POSITION_PCT,params_MIN_DIV,params_STOP_LOSS_PCT,params_TAKE_PROFIT_PCT,params_TRAIL_PCT,state,user_attrs_cooldown_trades_pct,user_attrs_equity_curves,user_attrs_total_trades
30,22.04871325105246,0.025,0.06,72,0.03,0.03,0.3,0.6,0.3,COMPLETE,0.8073817762399077,"[{'2025-05-01 00:00:00+00:00': 10000.0, '2025-05-01 02:00:00+00:00': 10117.737752592684, '2025-05-01 05:00:00+00:00': 10129.281963124446, '2025-05-01 06:00:00+00:00': 10125.283894151726, '2025-05-01 07:00:00+00:00': 10130.07689029017, '2025-05-01 11:00:00+00:00': 10218.72325986459, '2025-05-01 13:00:00+00:00': 10140.975382618677, '2025-05-01 14:00:00+00:00': 10402.103602814159, '2025-05-01 15:00:00+00:00': 10359.742478790862, '2025-05-01 16:00:00+00:00': 10202.712541167573, '2025-05-01 17:00:00+00:00': 10311.74654694771, '2025-05-02 01:00:00+00:00': 10353.736721601843, '2025-05-02 05:00:00+00:00': 10355.28083733225, '2025-05-02 06:00:00+00:00': 10373.832693049448, '2025-05-02 09:00:00+00:00': 10379.69639887182, '2025-05-02 13:00:00+00:00': 10368.899064594618, '2025-05-02 15:00:00+00:00': 10362.13754151978, '2025-05-02 16:00:00+00:00': 10347.34549114518, '2025-05-02 17:00:00+00:00': 10363.214407543712, '2025-05-02 18:00:00+00:00': 10351.452463313228, '2025-05-02 20:00:00+00:00': 10375.416137480663, '2025-05-03 00:00:00+00:00': 10347.294027922824, '2025-05-03 01:00:00+00:00': 10371.020327328153, '2025-05-03 03:00:00+00:00': 10353.807071135414, '2025-05-03 12:00:00+00:00': 10340.916019487926, '2025-05-03 23:00:00+00:00': 10333.970612670844, '2025-05-04 00:00:00+00:00': 10294.342855366149, '2025-05-04 10:00:00+00:00': 10259.400714229905, '2025-05-04 22:00:00+00:00': 10254.925434187275, '2025-05-05 00:00:00+00:00': 10340.053366844197, '2025-05-05 01:00:00+00:00': 10341.481359370455, '2025-05-05 02:00:00+00:00': 10359.18412413035, '2025-05-05 03:00:00+00:00': 10357.273829883281, '2025-05-05 06:00:00+00:00': 10370.781126600035, '2025-05-05 10:00:00+00:00': 10372.8967728487, '2025-05-05 11:00:00+00:00': 10374.064394591263, '2025-05-05 14:00:00+00:00': 10366.73968303553, '2025-05-05 19:00:00+00:00': 10468.673146528146, '2025-05-05 20:00:00+00:00': 10366.198669084382, '2025-05-05 23:00:00+00:00': 10476.537038848983, '2025-05-06 01:00:00+00:00': 10502.578890860286, '2025-05-06 07:00:00+00:00': 10492.29593985526, '2025-05-06 10:00:00+00:00': 10465.80817313793, '2025-05-06 11:00:00+00:00': 10428.6124443205, '2025-05-06 16:00:00+00:00': 10711.440365749775, '2025-05-06 17:00:00+00:00': 10709.406375674482, '2025-05-06 20:00:00+00:00': 10730.892090588155, '2025-05-06 23:00:00+00:00': 11073.724481510179, '2025-05-07 00:00:00+00:00': 10622.301038870499, '2025-05-07 01:00:00+00:00': 11072.29128103068, '2025-05-07 02:00:00+00:00': 11060.06051878634, '2025-05-07 03:00:00+00:00': 11135.409048713238, '2025-05-07 04:00:00+00:00': 11124.796692204463, '2025-05-07 08:00:00+00:00': 11271.089791303017, '2025-05-07 09:00:00+00:00': 11270.606847683559, '2025-05-07 11:00:00+00:00': 11262.964976173262, '2025-05-07 14:00:00+00:00': 11254.180027915052, '2025-05-07 17:00:00+00:00': 11275.347605349527, '2025-05-07 18:00:00+00:00': 11273.13215999519, '2025-05-07 19:00:00+00:00': 11260.679907713107, '2025-05-07 20:00:00+00:00': 11268.077366986396, '2025-05-07 23:00:00+00:00': 11279.577998436172, '2025-05-08 01:00:00+00:00': 11575.215990800045, '2025-05-08 04:00:00+00:00': 11679.961624613132, '2025-05-08 09:00:00+00:00': 11577.324694381712, '2025-05-08 10:00:00+00:00': 11775.734620235651, '2025-05-08 16:00:00+00:00': 11818.354199386595, '2025-05-08 17:00:00+00:00': 11840.704692193698, '2025-05-08 19:00:00+00:00': 11834.586994332822, '2025-05-08 21:00:00+00:00': 11929.315269399705, '2025-05-08 22:00:00+00:00': 11987.497087581523, '2025-05-09 00:00:00+00:00': 12236.945231074695, '2025-05-09 02:00:00+00:00': 12225.15735789954, '2025-05-09 03:00:00+00:00': 12307.512764491488, '2025-05-09 08:00:00+00:00': 12308.909733422524, '2025-05-09 09:00:00+00:00': 12296.80237532455, '2025-05-09 11:00:00+00:00': 12291.655120042815, '2025-05-09 14:00:00+00:00': 12302.902593687142, '2025-05-09 15:00:00+00:00': 12272.834752887695, '2025-05-09 18:00:00+00:00': 12283.451350430636, '2025-05-10 07:00:00+00:00': 12321.312531266876, '2025-05-10 08:00:00+00:00': 12317.22155059268, '2025-05-10 10:00:00+00:00': 12312.419063391819, '2025-05-10 11:00:00+00:00': 12320.225468613728, '2025-05-10 13:00:00+00:00': 12302.071639718808, '2025-05-10 14:00:00+00:00': 12291.738073594692, '2025-05-10 22:00:00+00:00': 12338.627571692768, '2025-05-11 00:00:00+00:00': 12417.444079157425, '2025-05-11 01:00:00+00:00': 12399.76611305573, '2025-05-11 04:00:00+00:00': 12414.220072049888, '2025-05-11 11:00:00+00:00': 12440.253656878645, '2025-05-11 13:00:00+00:00': 12491.981482603793, '2025-05-11 19:00:00+00:00': 12496.66015014574, '2025-05-12 01:00:00+00:00': 12508.943883050042, '2025-05-12 02:00:00+00:00': 12505.684195116304, '2025-05-12 08:00:00+00:00': 12513.247822944508, '2025-05-12 09:00:00+00:00': 12537.26293221539, '2025-05-12 12:00:00+00:00': 12537.025561354425, '2025-05-12 15:00:00+00:00': 12598.618446998958, '2025-05-12 16:00:00+00:00': 12550.85285434348, '2025-05-12 19:00:00+00:00': 12613.468836331553, '2025-05-12 21:00:00+00:00': 12647.733479261291, '2025-05-12 23:00:00+00:00': 12644.460596401046, '2025-05-13 01:00:00+00:00': 12640.412237060706, '2025-05-13 06:00:00+00:00': 12633.973322114727, '2025-05-13 08:00:00+00:00': 12672.838579532397, '2025-05-13 10:00:00+00:00': 12679.907245830158, '2025-05-13 12:00:00+00:00': 12721.58441174743, '2025-05-13 16:00:00+00:00': 12727.407400954462, '2025-05-13 18:00:00+00:00': 12786.185924965852, '2025-05-13 20:00:00+00:00': 12782.297248021752, '2025-05-14 01:00:00+00:00': 12759.357028824617, '2025-05-14 03:00:00+00:00': 12747.455951964657, '2025-05-14 06:00:00+00:00': 12743.494257916358, '2025-05-14 13:00:00+00:00': 12765.40181834349, '2025-05-14 19:00:00+00:00': 12756.087925192254, '2025-05-14 22:00:00+00:00': 12745.508107755551, '2025-05-15 01:00:00+00:00': 12742.140757666171, '2025-05-15 02:00:00+00:00': 12738.15484133562, '2025-05-15 12:00:00+00:00': 12752.14243442592, '2025-05-15 13:00:00+00:00': 12761.498790871403, '2025-05-15 18:00:00+00:00': 12982.801339086705, '2025-05-15 19:00:00+00:00': 13030.584589670825, '2025-05-15 21:00:00+00:00': 12815.846616958359, '2025-05-16 03:00:00+00:00': 13073.219422878126, '2025-05-16 07:00:00+00:00': 13064.53558336959, '2025-05-16 11:00:00+00:00': 13104.952174011376, '2025-05-16 14:00:00+00:00': 13121.497289269728, '2025-05-16 16:00:00+00:00': 13121.221709507501, '2025-05-16 17:00:00+00:00': 13152.43166050996, '2025-05-16 20:00:00+00:00': 13129.28095705604, '2025-05-17 01:00:00+00:00': 13098.143333738033, '2025-05-17 05:00:00+00:00': 13166.567338258314, '2025-05-17 09:00:00+00:00': 13135.666784126368, '2025-05-17 15:00:00+00:00': 13140.58824644213, '2025-05-17 18:00:00+00:00': 13149.76873355354, '2025-05-17 21:00:00+00:00': 13148.94963989922, '2025-05-17 22:00:00+00:00': 13140.363416895143, '2025-05-18 01:00:00+00:00': 13171.57587510554, '2025-05-18 06:00:00+00:00': 13279.462589834084, '2025-05-18 09:00:00+00:00': 13297.35440099304, '2025-05-18 11:00:00+00:00': 13300.100358998496, '2025-05-18 15:00:00+00:00': 13277.230238041659, '2025-05-18 17:00:00+00:00': 13418.884672723985, '2025-05-18 18:00:00+00:00': 13384.21800605732, '2025-05-18 19:00:00+00:00': 13374.72355227583, '2025-05-18 20:00:00+00:00': 13391.621783184082, '2025-05-19 00:00:00+00:00': 13596.800868071312, '2025-05-19 01:00:00+00:00': 13434.122737337695, '2025-05-19 02:00:00+00:00': 13567.135090937909, '2025-05-19 04:00:00+00:00': 13722.824626027028, '2025-05-19 05:00:00+00:00': 13677.695869878824, '2025-05-19 08:00:00+00:00': 13790.260802129955, '2025-05-19 16:00:00+00:00': 14147.228513224587, '2025-05-19 17:00:00+00:00': 14153.153746451188, '2025-05-19 18:00:00+00:00': 13925.651354240143, '2025-05-19 20:00:00+00:00': 14164.84168363821, '2025-05-19 23:00:00+00:00': 14301.8698370006, '2025-05-20 02:00:00+00:00': 14329.828095232775, '2025-05-20 05:00:00+00:00': 14352.737186141865, '2025-05-20 06:00:00+00:00': 14334.882060766757, '2025-05-20 08:00:00+00:00': 14396.802765120496, '2025-05-20 12:00:00+00:00': 14376.668730954723, '2025-05-20 14:00:00+00:00': 14404.679487595557, '2025-05-20 16:00:00+00:00': 14459.578736740381, '2025-05-20 18:00:00+00:00': 14609.721593883238, '2025-05-20 20:00:00+00:00': 14731.878456628336, '2025-05-21 05:00:00+00:00': 15042.689267439147, '2025-05-21 07:00:00+00:00': 15023.75289463311, '2025-05-21 08:00:00+00:00': 15022.95924383946, '2025-05-21 17:00:00+00:00': 15193.767333501011, '2025-05-21 18:00:00+00:00': 15313.29517994533, '2025-05-21 20:00:00+00:00': 15439.987487637638, '2025-05-21 21:00:00+00:00': 15257.15814649044, '2025-05-22 00:00:00+00:00': 15672.25577037278, '2025-05-22 01:00:00+00:00': 15508.16073370131, '2025-05-22 04:00:00+00:00': 15896.706017765127, '2025-05-22 07:00:00+00:00': 15945.916244529777, '2025-05-22 09:00:00+00:00': 15984.226103684707, '2025-05-22 12:00:00+00:00': 16051.6535076001, '2025-05-22 15:00:00+00:00': 16023.248056388993, '2025-05-22 20:00:00+00:00': 16007.456732870722, '2025-05-22 21:00:00+00:00': 16042.066820629621, '2025-05-23 00:00:00+00:00': 16043.107888135492, '2025-05-23 01:00:00+00:00': 16048.473125108474, '2025-05-23 06:00:00+00:00': 15999.623718734785, '2025-05-23 07:00:00+00:00': 16013.768254987324, '2025-05-23 19:00:00+00:00': 16270.393698920083, '2025-05-24 00:00:00+00:00': 16294.026471519974, '2025-05-24 04:00:00+00:00': 16308.407856709971, '2025-05-24 08:00:00+00:00': 16329.98479225356, '2025-05-24 11:00:00+00:00': 16366.594037783838, '2025-05-24 14:00:00+00:00': 16379.743513354215, '2025-05-24 23:00:00+00:00': 16381.839101589509, '2025-05-25 14:00:00+00:00': 16387.548376252194, '2025-05-25 20:00:00+00:00': 16418.534362928036, '2025-05-25 23:00:00+00:00': 16645.881301703546, '2025-05-26 01:00:00+00:00': 16659.46555377623, '2025-05-26 09:00:00+00:00': 16662.78263245457, '2025-05-26 16:00:00+00:00': 16693.630628228475, '2025-05-26 21:00:00+00:00': 16711.335546261264, '2025-05-27 02:00:00+00:00': 16734.437736042284, '2025-05-27 04:00:00+00:00': 16791.30098079069, '2025-05-27 08:00:00+00:00': 16848.982067483972, '2025-05-27 13:00:00+00:00': 16845.16788209554, '2025-05-27 15:00:00+00:00': 16841.08391262989, '2025-05-28 17:00:00+00:00': 17009.564216809667, '2025-05-28 20:00:00+00:00': 16994.459316912078, '2025-05-29 06:00:00+00:00': 16975.79437097762, '2025-05-29 18:00:00+00:00': 16981.99186286212, '2025-05-31 03:00:00+00:00': 17471.107796549262, '2025-05-31 04:00:00+00:00': 16415.042183384932, '2025-05-31 05:00:00+00:00': 17822.17922512069, '2025-05-31 06:00:00+00:00': 18098.733161975753, '2025-05-31 07:00:00+00:00': 18397.590427064235, '2025-05-31 08:00:00+00:00': 19126.17972439817, '2025-05-31 11:00:00+00:00': 19049.159713861634, '2025-05-31 15:00:00+00:00': 18912.583248445877, '2025-05-31 16:00:00+00:00': 19115.06893789835, '2025-06-01 01:00:00+00:00': 19264.71135536716, '2025-06-01 12:00:00+00:00': 19345.824490832823, '2025-06-01 13:00:00+00:00': 19306.569065414853, '2025-06-01 21:00:00+00:00': 19001.45788909753, '2025-06-02 10:00:00+00:00': 19294.11170242004, '2025-06-02 12:00:00+00:00': 16742.66273244571, '2025-06-02 14:00:00+00:00': 19098.26655448998, '2025-06-02 23:00:00+00:00': 19101.239197557188, '2025-06-03 00:00:00+00:00': 16156.757043474376, '2025-06-03 01:00:00+00:00': 19225.52767512119, '2025-06-03 02:00:00+00:00': 19220.368781395104, '2025-06-03 03:00:00+00:00': 19079.435601943933, '2025-06-03 07:00:00+00:00': 18897.95897216959, '2025-06-03 10:00:00+00:00': 18890.42043383871, '2025-06-03 14:00:00+00:00': 18958.26961060506, '2025-06-03 15:00:00+00:00': 18893.995187234734, '2025-06-03 16:00:00+00:00': 19387.426208271994, '2025-06-03 18:00:00+00:00': 18856.76561382791, '2025-06-03 21:00:00+00:00': 18863.48777686848, '2025-06-03 23:00:00+00:00': 18849.656682712324, '2025-06-04 05:00:00+00:00': 18857.855982449568, '2025-06-04 07:00:00+00:00': 18851.584093226153, '2025-06-04 09:00:00+00:00': 18844.46590885179, '2025-06-04 15:00:00+00:00': 19215.38527122934, '2025-06-04 16:00:00+00:00': 18852.42630996254, '2025-06-04 21:00:00+00:00': 19170.655880249396, '2025-06-04 22:00:00+00:00': 20551.282712133754, '2025-06-05 01:00:00+00:00': 20355.94606025896, '2025-06-05 05:00:00+00:00': 20354.23346970585, '2025-06-05 10:00:00+00:00': 20345.921543156477, '2025-06-05 13:00:00+00:00': 18859.61655721931, '2025-06-05 16:00:00+00:00': 20329.568063611325, '2025-06-05 17:00:00+00:00': 18903.31673409206, '2025-06-05 19:00:00+00:00': 20136.12649939546, '2025-06-05 20:00:00+00:00': 20363.985414836457, '2025-06-05 21:00:00+00:00': 20716.795800543514, '2025-06-06 02:00:00+00:00': 21084.718072892538, '2025-06-06 05:00:00+00:00': 20301.882410491038, '2025-06-06 07:00:00+00:00': 20570.530146070312, '2025-06-06 09:00:00+00:00': 20638.091427149608, '2025-06-06 11:00:00+00:00': 20873.76302004412, '2025-06-06 13:00:00+00:00': 21061.669996788307, '2025-06-06 15:00:00+00:00': 20751.047387449624, '2025-06-07 13:00:00+00:00': 20619.17868269472, '2025-06-07 23:00:00+00:00': 20795.26302004412, '2025-06-08 14:00:00+00:00': 20422.728155768535, '2025-06-08 18:00:00+00:00': 20391.27016559308, '2025-06-08 19:00:00+00:00': 21088.67678852791, '2025-06-08 22:00:00+00:00': 20273.460047366683, '2025-06-09 10:00:00+00:00': 20066.631245733333, '2025-06-09 11:00:00+00:00': 19895.738344490157, '2025-06-09 12:00:00+00:00': 19731.440035793305, '2025-06-09 13:00:00+00:00': 19554.76128611378, '2025-06-09 15:00:00+00:00': 20387.317605506218, '2025-06-09 16:00:00+00:00': 20177.919506826143, '2025-06-09 19:00:00+00:00': 19805.672172314593, '2025-06-09 22:00:00+00:00': 19844.891282958055, '2025-06-09 23:00:00+00:00': 19514.501746461825, '2025-06-10 00:00:00+00:00': 20049.376700899316, '2025-06-10 01:00:00+00:00': 19870.145931668547, '2025-06-10 02:00:00+00:00': 20144.62967828518, '2025-06-10 12:00:00+00:00': 19717.850600674356, '2025-06-10 20:00:00+00:00': 19593.67079313223, '2025-06-10 23:00:00+00:00': 19630.331318181074, '2025-06-11 00:00:00+00:00': 19847.78029777291, '2025-06-11 05:00:00+00:00': 19678.090837670865, '2025-06-11 06:00:00+00:00': 19367.50112950183, '2025-06-11 15:00:00+00:00': 19580.072822896578, '2025-06-11 16:00:00+00:00': 19768.294079816696, '2025-06-11 17:00:00+00:00': 19307.551047427198, '2025-06-11 21:00:00+00:00': 21452.841720334545, '2025-06-11 23:00:00+00:00': 19287.73899432575, '2025-06-12 11:00:00+00:00': 19549.52534006791, '2025-06-12 20:00:00+00:00': 20911.166892874455, '2025-06-12 21:00:00+00:00': 21068.476042248447, '2025-06-12 23:00:00+00:00': 19995.2204691333, '2025-06-13 01:00:00+00:00': 21335.817218437875, '2025-06-13 02:00:00+00:00': 21509.52092214158, '2025-06-13 03:00:00+00:00': 21081.063253885673, '2025-06-13 08:00:00+00:00': 20990.438253885673, '2025-06-13 10:00:00+00:00': 20932.723968171387, '2025-06-13 14:00:00+00:00': 20778.894180937346, '2025-06-13 16:00:00+00:00': 20432.292965416076, '2025-06-14 00:00:00+00:00': 21311.91104644399, '2025-06-14 11:00:00+00:00': 21212.625332158277, '2025-06-14 16:00:00+00:00': 21021.721148622517, '2025-06-14 17:00:00+00:00': 21089.02884093021, '2025-06-16 03:00:00+00:00': 19815.669624276343, '2025-06-16 05:00:00+00:00': 20134.33629094301, '2025-06-16 06:00:00+00:00': 19656.996154888588, '2025-06-16 08:00:00+00:00': 20617.04683392668, '2025-06-16 14:00:00+00:00': 20068.961669091514, '2025-06-16 15:00:00+00:00': 19802.780648173084, '2025-06-16 18:00:00+00:00': 19533.765850401523, '2025-06-16 19:00:00+00:00': 19701.889438570623, '2025-06-16 20:00:00+00:00': 19160.029782254147, '2025-06-16 21:00:00+00:00': 19886.586363087623, '2025-06-16 23:00:00+00:00': 18980.799013023377, '2025-06-17 00:00:00+00:00': 20180.391416611805, '2025-06-17 04:00:00+00:00': 20441.54683392668, '2025-06-17 07:00:00+00:00': 19356.4236135815, '2025-06-17 11:00:00+00:00': 19517.39409406714, '2025-06-17 14:00:00+00:00': 19632.74658501201, '2025-06-17 15:00:00+00:00': 19831.852229037133, '2025-06-17 16:00:00+00:00': 20006.6877129081, '2025-06-17 17:00:00+00:00': 19430.710243703106, '2025-06-17 18:00:00+00:00': 19572.231029273247, '2025-06-17 20:00:00+00:00': 18954.56623358679, '2025-06-18 01:00:00+00:00': 19288.637959408494, '2025-06-18 04:00:00+00:00': 19615.193820373584, '2025-06-18 05:00:00+00:00': 18620.566873650158, '2025-06-18 11:00:00+00:00': 19182.059012040074, '2025-06-18 14:00:00+00:00': 19153.2618857607, '2025-06-18 15:00:00+00:00': 19274.14279397913, '2025-06-18 19:00:00+00:00': 17565.021832462728, '2025-06-19 01:00:00+00:00': 18212.919814429868, '2025-06-19 02:00:00+00:00': 17917.520039655094, '2025-06-19 04:00:00+00:00': 19659.797612536066, '2025-06-19 07:00:00+00:00': 17699.098921153996, '2025-06-19 14:00:00+00:00': 18008.145039655094, '2025-06-19 21:00:00+00:00': 17175.404412414002, '2025-06-19 23:00:00+00:00': 19751.276485775503, '2025-06-20 04:00:00+00:00': 17806.68670632176, '2025-06-20 05:00:00+00:00': 17229.846486287937, '2025-06-20 07:00:00+00:00': 17668.136709455837, '2025-06-20 08:00:00+00:00': 17012.42054144626, '2025-06-20 09:00:00+00:00': 17530.59795755316, '2025-06-20 15:00:00+00:00': 17617.631572739498, '2025-06-20 17:00:00+00:00': 17832.97463988041, '2025-06-20 18:00:00+00:00': 17425.96490607283, '2025-06-20 23:00:00+00:00': 17303.937395378845, '2025-06-21 09:00:00+00:00': 17424.860106460856, '2025-06-21 10:00:00+00:00': 17568.026773127523, '2025-06-21 16:00:00+00:00': 17310.85901517938, '2025-06-21 17:00:00+00:00': 17290.931535032283, '2025-06-21 20:00:00+00:00': 19781.739953528813, '2025-06-21 22:00:00+00:00': 19345.538544673196, '2025-06-21 23:00:00+00:00': 19618.038544673196, '2025-06-22 01:00:00+00:00': 19868.39856151062, '2025-06-22 10:00:00+00:00': 20145.72742329009, '2025-06-22 14:00:00+00:00': 20655.31214477042, '2025-06-22 15:00:00+00:00': 20605.358473300068, '2025-06-22 16:00:00+00:00': 20076.039779061284, '2025-06-22 20:00:00+00:00': 20779.441459029524, '2025-06-22 23:00:00+00:00': 20231.942140344458, '2025-06-23 01:00:00+00:00': 20453.116897626012, '2025-06-23 03:00:00+00:00': 20037.166499318817, '2025-06-23 05:00:00+00:00': 19635.549435826753, '2025-06-23 09:00:00+00:00': 19404.85978065434, '2025-06-23 13:00:00+00:00': 19152.7849987937, '2025-06-23 14:00:00+00:00': 19227.51800850244, '2025-06-23 18:00:00+00:00': 18875.859409989516, '2025-06-23 19:00:00+00:00': 18801.76850089861, '2025-06-23 21:00:00+00:00': 19079.456432937233, '2025-06-23 22:00:00+00:00': 19256.232748726707, '2025-06-23 23:00:00+00:00': 18826.356432937235, '2025-06-24 00:00:00+00:00': 18475.25629700903, '2025-06-24 02:00:00+00:00': 17910.2799860446, '2025-06-24 03:00:00+00:00': 18095.4799860446, '2025-06-24 09:00:00+00:00': 17500.53496900684, '2025-06-24 14:00:00+00:00': 17696.571005042875, '2025-06-24 15:00:00+00:00': 17799.446652711267, '2025-06-24 16:00:00+00:00': 18301.552593305325, '2025-06-24 21:00:00+00:00': 17095.513253131787, '2025-06-25 02:00:00+00:00': 16921.324063942597, '2025-06-25 05:00:00+00:00': 17438.004481201962, '2025-06-25 10:00:00+00:00': 16728.265906150475, '2025-06-25 12:00:00+00:00': 16586.342829227397, '2025-06-25 14:00:00+00:00': 17083.021920727522, '2025-06-25 16:00:00+00:00': 16818.00648862876, '2025-06-26 01:00:00+00:00': 16666.75648862876, '2025-06-26 06:00:00+00:00': 16584.481039526963, '2025-06-26 10:00:00+00:00': 16495.890435500118, '2025-06-26 14:00:00+00:00': 16328.905702675691, '2025-06-27 00:00:00+00:00': 16069.940533597486, '2025-06-30 20:00:00+00:00': 16156.655076378524, '2025-06-30 21:00:00+00:00': 16152.82831795895, '2025-06-30 23:00:00+00:00': 16169.556474028572, '2025-07-01 00:00:00+00:00': 16426.660203057934, '2025-07-01 02:00:00+00:00': 16421.42356980431, '2025-07-01 04:00:00+00:00': 16373.83605538637, '2025-07-01 05:00:00+00:00': 16388.346319227472, '2025-07-01 07:00:00+00:00': 16406.37177515617, '2025-07-01 08:00:00+00:00': 16380.499360921718, '2025-07-01 10:00:00+00:00': 16391.898116437, '2025-07-01 11:00:00+00:00': 16411.083629340683, '2025-07-01 13:00:00+00:00': 16459.858649891805, '2025-07-01 18:00:00+00:00': 16385.201920956435, '2025-07-01 19:00:00+00:00': 16407.01392203125, '2025-07-01 20:00:00+00:00': 16353.775479649265, '2025-07-02 00:00:00+00:00': 16267.011370399685, '2025-07-02 05:00:00+00:00': 16255.034216211583, '2025-07-02 07:00:00+00:00': 16363.232653880239, '2025-07-02 08:00:00+00:00': 16387.346604008835, '2025-07-02 13:00:00+00:00': 16389.101248493647, '2025-07-02 14:00:00+00:00': 16373.60412137251, '2025-07-02 15:00:00+00:00': 16266.46113809388, '2025-07-02 17:00:00+00:00': 16543.111121780832, '2025-07-02 18:00:00+00:00': 16532.2308727588, '2025-07-02 20:00:00+00:00': 16399.180847392763, '2025-07-02 21:00:00+00:00': 16577.49762253969, '2025-07-02 22:00:00+00:00': 16566.32673944275, '2025-07-02 23:00:00+00:00': 16180.963978694894, '2025-07-03 00:00:00+00:00': 16571.459165838052, '2025-07-03 03:00:00+00:00': 16567.065387765862, '2025-07-03 05:00:00+00:00': 16585.81377597285, '2025-07-03 07:00:00+00:00': 16586.40310462025, '2025-07-03 09:00:00+00:00': 16574.875766787332, '2025-07-03 10:00:00+00:00': 16574.954748477765, '2025-07-03 13:00:00+00:00': 16576.350756575765, '2025-07-03 14:00:00+00:00': 16584.442272185337, '2025-07-03 16:00:00+00:00': 16541.448824115385, '2025-07-03 17:00:00+00:00': 16578.283440241168, '2025-07-03 18:00:00+00:00': 16625.96792427854, '2025-07-03 20:00:00+00:00': 16545.740651551267, '2025-07-04 02:00:00+00:00': 16607.53181540721, '2025-07-04 03:00:00+00:00': 16671.389947063857, '2025-07-04 05:00:00+00:00': 16664.74568560687, '2025-07-04 08:00:00+00:00': 16730.86451741118, '2025-07-04 13:00:00+00:00': 16735.277417965986, '2025-07-04 16:00:00+00:00': 16739.578807812766, '2025-07-04 17:00:00+00:00': 16831.230811204707, '2025-07-04 18:00:00+00:00': 16833.070776748526, '2025-07-04 20:00:00+00:00': 16825.265981827866, '2025-07-04 22:00:00+00:00': 16841.72435393516, '2025-07-05 00:00:00+00:00': 16836.938304039893