number,value,params_CONVERGENCE_THRESHOLD,params_FIXED_TRADE_PCT,params_MAX_HOLD_HOURS,params_MAX_POSITION_PCT,params_MIN_DIV,params_STOP_LOSS_PCT,params_TAKE_PROFIT_PCT,params_TRAIL_PCT,state,user_attrs_cooldown_trades_pct,user_attrs_equity_curves,user_attrs_total_trades
45,10.471672125818058,0.02,0.06,72,0.01,0.05,0.15,0.7,0.5,COMPLETE,4.558011049723757,"[{'2025-05-01 00:00:00+00:00': 10000.0, '2025-05-01 02:00:00+00:00': 10096.82250483897, '2025-05-01 06:00:00+00:00': 10068.855305259847, '2025-05-01 07:00:00+00:00': 10097.614884646919, '2025-05-01 11:00:00+00:00': 10216.741514577245, '2025-05-01 13:00:00+00:00': 10108.478452569294, '2025-05-01 15:00:00+00:00': 10233.46344078313, '2025-05-01 16:00:00+00:00': 10277.393333736289, '2025-05-01 17:00:00+00:00': 10304.579103606957, '2025-05-02 01:00:00+00:00': 10298.11406285564, '2025-05-02 13:00:00+00:00': 10204.565182054264, '2025-05-02 16:00:00+00:00': 10276.707628434619, '2025-05-02 19:00:00+00:00': 10283.936143403931, '2025-05-02 20:00:00+00:00': 10307.743516888246, '2025-05-03 10:00:00+00:00': 10274.934241816869, '2025-05-04 01:00:00+00:00': 10239.0884730979, '2025-05-04 22:00:00+00:00': 10235.622771512724, '2025-05-05 00:00:00+00:00': 10220.12097882165, '2025-05-05 01:00:00+00:00': 10227.229415554095, '2025-05-05 02:00:00+00:00': 10245.074871042445, '2025-05-05 03:00:00+00:00': 10243.182981398953, '2025-05-05 04:00:00+00:00': 10181.610328035269, '2025-05-05 10:00:00+00:00': 10245.35791223909, '2025-05-05 12:00:00+00:00': 10249.396226917643, '2025-05-05 19:00:00+00:00': 10290.194535034063, '2025-05-06 17:00:00+00:00': 10631.536613886512, '2025-05-06 20:00:00+00:00': 10651.795548729784, '2025-05-06 23:00:00+00:00': 10589.965777938325, '2025-05-07 00:00:00+00:00': 10597.698204530998, '2025-05-07 04:00:00+00:00': 11000.378702279202, '2025-05-07 17:00:00+00:00': 11182.913449828065, '2025-05-07 18:00:00+00:00': 11201.589756889714, '2025-05-07 20:00:00+00:00': 11324.892107131262, '2025-05-07 23:00:00+00:00': 11328.362757932307, '2025-05-08 04:00:00+00:00': 11437.101148393192, '2025-05-08 11:00:00+00:00': 11317.815886060092, '2025-05-08 16:00:00+00:00': 11696.659167210693, '2025-05-08 17:00:00+00:00': 11748.659797087728, '2025-05-08 21:00:00+00:00': 11751.450307810479, '2025-05-08 22:00:00+00:00': 11809.632125992297, '2025-05-09 00:00:00+00:00': 11937.099658459829, '2025-05-09 03:00:00+00:00': 12010.392953548491, '2025-05-09 08:00:00+00:00': 11965.2808056801, '2025-05-09 09:00:00+00:00': 12226.7097566644, '2025-05-09 14:00:00+00:00': 12226.05441196828, '2025-05-09 18:00:00+00:00': 12214.612016648169, '2025-05-09 19:00:00+00:00': 12219.846520882553, '2025-05-10 07:00:00+00:00': 12277.327895838975, '2025-05-10 22:00:00+00:00': 12271.156917240138, '2025-05-11 00:00:00+00:00': 12326.82553754744, '2025-05-11 01:00:00+00:00': 12405.937593502258, '2025-05-11 13:00:00+00:00': 12421.736890450125, '2025-05-12 16:00:00+00:00': 12491.846534456286, '2025-05-12 19:00:00+00:00': 12506.571068364517, '2025-05-12 21:00:00+00:00': 12565.43113177312, '2025-05-13 06:00:00+00:00': 12574.864505838506, '2025-05-14 08:00:00+00:00': 12525.313522488932, '2025-05-15 01:00:00+00:00': 12519.49719900196, '2025-05-18 11:00:00+00:00': 13155.920662482516, '2025-05-18 17:00:00+00:00': 13247.74197642419, '2025-05-19 00:00:00+00:00': 13466.796030478243, '2025-05-19 01:00:00+00:00': 13257.155956600163, '2025-05-19 04:00:00+00:00': 13512.302420349415, '2025-05-19 17:00:00+00:00': 13997.911577243683, '2025-05-19 20:00:00+00:00': 14015.338849434442, '2025-05-20 02:00:00+00:00': 14121.569148187677, '2025-05-20 05:00:00+00:00': 14144.251518611645, '2025-05-20 06:00:00+00:00': 14084.826028921621, '2025-05-20 08:00:00+00:00': 14205.348778629286, '2025-05-20 14:00:00+00:00': 14233.02574434942, '2025-05-20 16:00:00+00:00': 14281.540558986173, '2025-05-20 18:00:00+00:00': 14553.840278874128, '2025-05-21 05:00:00+00:00': 14864.65108968494, '2025-05-21 07:00:00+00:00': 14855.321789658918, '2025-05-21 08:00:00+00:00': 14854.528138865267, '2025-05-21 15:00:00+00:00': 15165.853704552535, '2025-05-21 18:00:00+00:00': 15147.648343998484, '2025-05-21 21:00:00+00:00': 15214.648343998484, '2025-05-22 00:00:00+00:00': 15268.845226351425, '2025-05-22 01:00:00+00:00': 15333.615341293953, '2025-05-22 04:00:00+00:00': 15455.099174478964, '2025-05-22 16:00:00+00:00': 15514.12492321255, '2025-05-23 00:00:00+00:00': 15508.936255344988, '2025-05-23 07:00:00+00:00': 15522.646997232323, '2025-05-23 22:00:00+00:00': 15829.099929698066, '2025-05-24 00:00:00+00:00': 15824.461794272627, '2025-05-24 08:00:00+00:00': 15845.398442113852, '2025-05-24 16:00:00+00:00': 15842.769958185241, '2025-05-24 23:00:00+00:00': 15844.865546420535, '2025-05-25 23:00:00+00:00': 16072.212485196045, '2025-05-26 21:00:00+00:00': 16122.878144640164, '2025-05-27 02:00:00+00:00': 16145.980334421187, '2025-05-27 15:00:00+00:00': 16139.187775716935, '2025-05-28 20:00:00+00:00': 16286.170859628199, '2025-05-29 06:00:00+00:00': 16268.283824041733, '2025-05-29 18:00:00+00:00': 16274.223019272951, '2025-05-31 02:00:00+00:00': 16065.108489587905, '2025-05-31 03:00:00+00:00': 15919.794371771628, '2025-05-31 04:00:00+00:00': 15752.743561075406, '2025-05-31 05:00:00+00:00': 16103.814989646835, '2025-05-31 06:00:00+00:00': 17399.66929627173, '2025-05-31 07:00:00+00:00': 17701.68376712113, '2025-05-31 09:00:00+00:00': 18599.501168160048, '2025-05-31 11:00:00+00:00': 18543.177479107093, '2025-05-31 16:00:00+00:00': 18271.656017986686, '2025-05-31 17:00:00+00:00': 18282.093511436884, '2025-06-01 10:00:00+00:00': 18281.762710199346, '2025-06-01 14:00:00+00:00': 18551.764488965353, '2025-06-02 10:00:00+00:00': 18432.422383702196, '2025-06-02 13:00:00+00:00': 15789.896775809848, '2025-06-02 14:00:00+00:00': 18391.67893161721, '2025-06-02 23:00:00+00:00': 15987.791416417173, '2025-06-03 00:00:00+00:00': 18631.890895773053, '2025-06-03 01:00:00+00:00': 18370.93208807547, '2025-06-03 02:00:00+00:00': 18737.162802584953, '2025-06-03 03:00:00+00:00': 18673.937065194186, '2025-06-03 04:00:00+00:00': 17120.19377180733, '2025-06-03 07:00:00+00:00': 17990.08441034296, '2025-06-03 14:00:00+00:00': 18175.22912277947, '2025-06-03 15:00:00+00:00': 17995.51140122619, '2025-06-03 22:00:00+00:00': 18180.579159106896, '2025-06-03 23:00:00+00:00': 18020.296242605524, '2025-06-04 02:00:00+00:00': 18077.829159106896, '2025-06-04 05:00:00+00:00': 18026.28748887646, '2025-06-04 07:00:00+00:00': 17773.103431089938, '2025-06-04 11:00:00+00:00': 18393.531940968576, '2025-06-04 16:00:00+00:00': 17669.56853480003, '2025-06-04 21:00:00+00:00': 18244.30476826876, '2025-06-05 00:00:00+00:00': 17973.65268851866, '2025-06-05 05:00:00+00:00': 19806.911988606007, '2025-06-05 13:00:00+00:00': 18296.930498290076, '2025-06-05 14:00:00+00:00': 18680.946586368736, '2025-06-05 16:00:00+00:00': 19791.137935307495, '2025-06-05 17:00:00+00:00': 19808.56234597464, '2025-06-05 18:00:00+00:00': 19911.858613112006, '2025-06-05 19:00:00+00:00': 19810.987430234527, '2025-06-05 20:00:00+00:00': 19819.234552138263, '2025-06-05 21:00:00+00:00': 19296.811041683544, '2025-06-06 01:00:00+00:00': 19263.094074338624, '2025-06-06 02:00:00+00:00': 20428.796681139753, '2025-06-06 03:00:00+00:00': 20258.59726420446, '2025-06-06 04:00:00+00:00': 20325.58913396994, '2025-06-06 05:00:00+00:00': 19370.07820132275, '2025-06-06 07:00:00+00:00': 20214.75580063661, '2025-06-06 09:00:00+00:00': 20011.70536814569, '2025-06-06 11:00:00+00:00': 19563.398660344224, '2025-06-06 14:00:00+00:00': 19853.809189211835, '2025-06-06 15:00:00+00:00': 19425.08517466823, '2025-06-06 23:00:00+00:00': 18973.302076665237, '2025-06-07 14:00:00+00:00': 20372.217953859636, '2025-06-07 16:00:00+00:00': 19297.757469454355, '2025-06-07 20:00:00+00:00': 18859.942701665237, '2025-06-07 21:00:00+00:00': 19098.796277532383, '2025-06-08 13:00:00+00:00': 19698.263525209088, '2025-06-08 14:00:00+00:00': 19247.944890652463, '2025-06-08 16:00:00+00:00': 18787.99430245045, '2025-06-08 19:00:00+00:00': 19201.885878570793, '2025-06-08 21:00:00+00:00': 19465.661260823406, '2025-06-08 22:00:00+00:00': 18560.676800604757, '2025-06-09 03:00:00+00:00': 18201.000153436573, '2025-06-09 07:00:00+00:00': 18326.409989502146, '2025-06-09 10:00:00+00:00': 19126.4354566902, '2025-06-09 11:00:00+00:00': 18578.658854912297, '2025-06-09 12:00:00+00:00': 18684.10136968049, '2025-06-09 13:00:00+00:00': 18975.003161382818, '2025-06-09 17:00:00+00:00': 19320.437999593698, '2025-06-09 18:00:00+00:00': 19194.727945250084, '2025-06-09 22:00:00+00:00': 18301.197986395822, '2025-06-09 23:00:00+00:00': 19063.174399230655, '2025-06-10 00:00:00+00:00': 19434.55370957548, '2025-06-10 01:00:00+00:00': 18050.525120280854, '2025-06-10 12:00:00+00:00': 18491.128239122507, '2025-06-11 00:00:00+00:00': 18333.62454800669, '2025-06-11 05:00:00+00:00': 18420.602375110553, '2025-06-11 12:00:00+00:00': 18318.966578330597, '2025-06-11 15:00:00+00:00': 18226.35046134473, '2025-06-11 16:00:00+00:00': 18088.572683566952, '2025-06-11 17:00:00+00:00': 18128.259326894866, '2025-06-11 20:00:00+00:00': 19069.05067782642, '2025-06-11 21:00:00+00:00': 19048.810808709146, '2025-06-11 22:00:00+00:00': 18575.50231302025, '2025-06-11 23:00:00+00:00': 18941.920564806707, '2025-06-12 01:00:00+00:00': 17907.71487077633, '2025-06-12 08:00:00+00:00': 19225.920326874588, '2025-06-12 11:00:00+00:00': 19022.73107028742, '2025-06-12 14:00:00+00:00': 18937.23254723665, '2025-06-12 16:00:00+00:00': 19121.001627687598, '2025-06-12 20:00:00+00:00': 18532.177533372676, '2025-06-12 21:00:00+00:00': 18287.689886070613, '2025-06-12 23:00:00+00:00': 18218.117712873445, '2025-06-13 01:00:00+00:00': 18958.179439098392, '2025-06-13 02:00:00+00:00': 19338.56049072566, '2025-06-13 03:00:00+00:00': 19197.668460379944, '2025-06-13 05:00:00+00:00': 18586.80711039312, '2025-06-13 08:00:00+00:00': 18509.189036780594, '2025-06-13 09:00:00+00:00': 18698.99665139412, '2025-06-13 11:00:00+00:00': 18803.797646418996, '2025-06-13 16:00:00+00:00': 18960.653102061693, '2025-06-13 17:00:00+00:00': 17948.780412712957, '2025-06-13 23:00:00+00:00': 18168.98403262246, '2025-06-14 13:00:00+00:00': 18847.40754443589, '2025-06-14 17:00:00+00:00': 19091.69476872836, '2025-06-15 06:00:00+00:00': 17741.013540106418, '2025-06-15 17:00:00+00:00': 17847.669200174518, '2025-06-16 00:00:00+00:00': 18979.874993538047, '2025-06-16 02:00:00+00:00': 18916.350837908358, '2025-06-16 03:00:00+00:00': 17503.600120192998, '2025-06-16 06:00:00+00:00': 17666.42398073549, '2025-06-16 08:00:00+00:00': 17877.944446842444, '2025-06-16 10:00:00+00:00': 17543.83307164458, '2025-06-16 14:00:00+00:00': 17429.485245557626, '2025-06-16 15:00:00+00:00': 17091.97791660686, '2025-06-16 16:00:00+00:00': 16737.355505653646, '2025-06-16 17:00:00+00:00': 16830.58814727977, '2025-06-16 19:00:00+00:00': 17185.67432118788, '2025-06-16 20:00:00+00:00': 16998.51427579556, '2025-06-16 21:00:00+00:00': 18233.007331919165, '2025-06-16 23:00:00+00:00': 18124.377893041772, '2025-06-17 00:00:00+00:00': 17257.987182980203, '2025-06-17 02:00:00+00:00': 17615.09945097733, '2025-06-17 08:00:00+00:00': 17743.03214328502, '2025-06-17 10:00:00+00:00': 17783.03112359263, '2025-06-17 11:00:00+00:00': 18298.081596745476, '2025-06-17 13:00:00+00:00': 17509.932744448673, '2025-06-17 14:00:00+00:00': 17409.466960573787, '2025-06-17 15:00:00+00:00': 17064.723926706276, '2025-06-17 16:00:00+00:00': 16800.63824828971, '2025-06-17 17:00:00+00:00': 16896.91615823576, '2025-06-17 20:00:00+00:00': 15762.251018241659, '2025-06-18 09:00:00+00:00': 16325.109379828291, '2025-06-18 11:00:00+00:00': 16107.697099126535, '2025-06-18 15:00:00+00:00': 16429.724764443676, '2025-06-18 19:00:00+00:00': 14941.511248241493, '2025-06-19 01:00:00+00:00': 15655.80302951818, '2025-06-19 04:00:00+00:00': 15066.68058945824, '2025-06-19 07:00:00+00:00': 14991.30861191944, '2025-06-19 10:00:00+00:00': 15539.195886661037, '2025-06-19 11:00:00+00:00': 15298.451422791573, '2025-06-19 14:00:00+00:00': 16519.751439020547, '2025-06-19 21:00:00+00:00': 14873.126793737621, '2025-06-20 02:00:00+00:00': 14758.778967650665, '2025-06-20 04:00:00+00:00': 15187.61808945824, '2025-06-20 08:00:00+00:00': 13974.002550846364, '2025-06-20 09:00:00+00:00': 14211.26948371355, '2025-06-20 11:00:00+00:00': 14810.84795678895, '2025-06-20 12:00:00+00:00': 14510.517457879005, '2025-06-20 13:00:00+00:00': 15325.227285375897, '2025-06-20 14:00:00+00:00': 14691.802804648412, '2025-06-20 15:00:00+00:00': 14977.443355340401, '2025-06-20 18:00:00+00:00': 14677.12140226099, '2025-06-20 23:00:00+00:00': 14345.175390352537, '2025-06-21 02:00:00+00:00': 15261.093446531444, '2025-06-21 04:00:00+00:00': 14801.904110142419, '2025-06-21 09:00:00+00:00': 14878.938684626684, '2025-06-21 16:00:00+00:00': 14868.788068927655, '2025-06-21 17:00:00+00:00': 15022.10535129335, '2025-06-21 19:00:00+00:00': 16392.85155805582, '2025-06-21 20:00:00+00:00': 16274.669739874002, '2025-06-21 22:00:00+00:00': 16470.08787033838, '2025-06-21 23:00:00+00:00': 16439.162441103337, '2025-06-22 01:00:00+00:00': 16463.976003115284, '2025-06-22 10:00:00+00:00': 16703.1327389157, '2025-06-22 14:00:00+00:00': 17571.24626194125, '2025-06-22 15:00:00+00:00': 16539.310796268477, '2025-06-22 16:00:00+00:00': 16749.386321700353, '2025-06-22 23:00:00+00:00': 17022.458048777815, '2025-06-23 01:00:00+00:00': 17158.81769790062, '2025-06-23 02:00:00+00:00': 16916.165913946355, '2025-06-23 03:00:00+00:00': 16701.361941809246, '2025-06-23 04:00:00+00:00': 16810.70225698248, '2025-06-23 05:00:00+00:00': 16565.999872843728, '2025-06-23 09:00:00+00:00': 16046.305402073658, '2025-06-23 13:00:00+00:00': 16445.466539510395, '2025-06-23 14:00:00+00:00': 16198.08954304282, '2025-06-23 19:00:00+00:00': 15419.66502535623, '2025-06-23 21:00:00+00:00': 15848.881245282937, '2025-06-23 22:00:00+00:00': 16089.40999874003, '2025-06-23 23:00:00+00:00': 15410.512958841511, '2025-06-24 01:00:00+00:00': 14966.75014885627, '2025-06-24 02:00:00+00:00': 15087.535181063733, '2025-06-24 03:00:00+00:00': 14712.519265900915, '2025-06-24 05:00:00+00:00': 14513.251709975706, '2025-06-24 07:00:00+00:00': 15272.735181063734, '2025-06-24 09:00:00+00:00': 14332.26114393797, '2025-06-24 14:00:00+00:00': 14617.530989254985, '2025-06-24 15:00:00+00:00': 14834.644885698375, '2025-06-24 17:00:00+00:00': 14140.594477271305, '2025-06-24 21:00:00+00:00': 13897.696813001725, '2025-06-24 22:00:00+00:00': 13659.488962293875, '2025-06-25 01:00:00+00:00': 13555.874072847379, '2025-06-25 07:00:00+00:00': 13763.768241573154, '2025-06-25 09:00:00+00:00': 14040.671345996943, '2025-06-25 14:00:00+00:00': 14015.910513688077, '2025-06-25 15:00:00+00:00': 13876.892760269893, '2025-06-25 16:00:00+00:00': 13688.786567443078, '2025-06-26 00:00:00+00:00': 13577.953234109744, '2025-06-26 10:00:00+00:00': 13449.988693451005, '2025-06-26 14:00:00+00:00': 13294.25498627779, '2025-06-26 16:00:00+00:00': 13152.242788602589, '2025-06-27 00:00:00+00:00': 12972.026240967269, '2025-06-30 21:00:00+00:00': 12846.015379718727, '2025-07-01 00:00:00+00:00': 13128.780027043722, '2025-07-01 04:00:00+00:00': 12849.8421381383, '2025-07-01 07:00:00+00:00': 13132.446082589484, '2025-07-01 09:00:00+00:00': 13134.261847178708, '2025-07-01 11:00:00+00:00': 13172.812298343144, '2025-07-01 13:00:00+00:00': 13166.374499368896, '2025-07-01 15:00:00+00:00': 13148.968617368138, '2025-07-01 18:00:00+00:00': 13233.037246219026, '2025-07-02 05:00:00+00:00': 13220.159352315948, '2025-07-02 07:00:00+00:00': 13069.340658025108, '2025-07-02 08:00:00+00:00': 13393.225640387682, '2025-07-02 13:00:00+00:00': 13386.9640222057, '2025-07-02 14:00:00+00:00': 13166.811963212811, '2025-07-02 15:00:00+00:00': 13371.541134014798, '2025-07-02 17:00:00+00:00': 13464.63966361199, '2025-07-02 18:00:00+00:00': 13423.609624176739, '2025-07-02 19:00:00+00:00': 13451.007923639583, '2025-07-02 20:00:00+00:00': 13405.01048549463, '2025-07-02 21:00:00+00:00': 13432.694398164234, '2025-07-02 23:00:00+00:00': 13492.741478146774, '2025-07-03 03:00:00+00:00': 13495.745005820356, '2025-07-03 05:00:00+00:00': 13498.072684426292, '2025-07-03 07:00:00+00:00': 13451.95747900474, '2025-07-03 09:00:00+00:00': 13440.466294955837, '2025-07-03 10:00:00+00:00': 13440.545790150532, '2025-07-03 13:00:00+00:00': 13441.936658657743, '2025-07-03 14:00:00+00:00': 13455.578683083662, '2025-07-03 15:00:00+00:00': 13449.983898098535, '2025-07-03 16:00:00+00:00': 13706.726847244754, '2025-07-03 17:00:00+00:00': 13443.896123605813, '2025-07-03 18:00:00+00:00': 13711.474598785542, '2025-07-03 20:00:00+00:00': 13635.496129610612, '2025-07-04 02:00:00+00:00': 13699.404518063178, '2025-07-04 08:00:00+00:00': 13881.597218775734, '2025-07-04 13:00:00+00:00': 13888.508749394807, '2025-07-04 17:00:00+00:00': 13442.381020809706, '2025-07-04 18:00:00+00:00': 13976.18348945552, '2025-07-04 20:00:00+00:00': 13892.854466669762, '2025-07-04 22:00:00+00:00': 13984.706451728753, '2025-07-05 00:00:00+00:00': 14039.207696228077, '2025-07-06 13:00:00+00:00': 14034.88006111841, '2025-07-06 14:00:00+00:00': 13982.56314543354, '2025-07-06 17:00:00+00:00': 13700.630225440318, '2025-07-06 19:00:00+00:00': 13989.258370378535, '2025-07-06 21:00:00+00:00': 13967.606907794874, '2025-07-06 23:00:00+00:00': 13707.607663330413, '2025-07-07 01:00:00+00:00': 13973.583321670654, '2025-07-07 07:00:00+00:00': 13859.792912035999, '2025-07-07 11:00:00+00:00': 13975.399477419303, '2025-07-07 13:00:00+00:00': 13927.185534019714, '2025-07-07 14:00:00+00:00': 13981.186773683201, '2025-07-07 17:00:00+00:00': 13921.965535509602, '2025-07-07 18:00:00+00:00': 14006.601899145966, '2025-07-07 21:00:00+00:00': 14040.713003415698, '2025-07-08 03:00:00+00:00': 14234.862123804753, '2025-07-08 10:00:00+00:00': 14264.499653888757, '2025-07-08 14:00:00+00:00': 14258.060683152433, '2025-07-08 16:00:00+00:00': 14343.129091154187, '2025-07-08 17:00:00+00:00': 14260.9446957429, '2025-07-08 18:00:00+00:00': 14399.54445983071, '2025-07-08 21:00:00+00:00': 14393.098083805728, '2025-07-09 04:00:00+00:00': 14398.053545280298, '2025-07-09 05:00:00+00:00': 14386.340980748377, '2025-07-09 10:00:00+00:00': 14417.179344485276, '2025-07-09 12:00:00+00:00': 14387.535573447238, '2025-07-09 13:00:00+00:00': 14427.202962619136, '2025-07-09 14:00:00+00:00': 14025.665607394034, '2025-07-09 15:00:00+00:00': 14378.85863012774, '2025-07-09 19:00:00+00:00': 14337.272852694352, '2025-07-09 20:00:00+00:00': 14330.612775622663, '2025-07-09 21:00:00+00:00': 14422.196408512966, '2025-07-10 01:00:00+00:00': 14424.911453898647, '2025-07-10 03:00:00+00:00': 14415.759967222013, '2025-07-10 06:00:00+00:00': 14400.491177590444, '2025-07-10 08:00:00+00:00': 14404.074923707989, '2025-07-10 10:00:00+00:00': 14418.07895275401, '2025-07-10 14:00:00+00:00': 14410.867556350166, '2025-07-10 17:00:00+00:00': 14380.609540837015, '2025-07-10 18:00:00+00:00': 14524.470984831001, '2025-07-10 19:00:00+00:00': 14533.090679537932, '2025-07-10 22:00:00+00:00': 15042.06223865919, '2025-07-10 23:00:00+00:00': 14974.006439748737, '2025-07-11 01:00:00+00:00': 15103.767792188315, '2025-07-11 07:00:00+00:00': 15110.43162783623, '2025-07-11 09:00:00+00:00': 15096.284379022944, '2025-07-11 10:00:00+00:00': 15116.45388614673, '2025-07-11 12:00:00+00:00': 15078.647730242212, '2025-07-11 16:00:00+00:00': 15104.166231112957, '2025-07-11 18:00:00+00:00': 15009.410217115677, '2025-07-11 23:00:00+00:00': 15156.23480319908, '2025-07-12 01:00:00+00:00': 15231.818502400316, '2025-07-12 08:00:00+00:00': 15207.187778546917, '2025-07-12 09:00:00+00:00': 15207.639297040614, '2025-07-12 16:00:00+00:00': 15360.99925499288, '2025-07-12 17:00:00+00:00': 15280.869326918688, '2025-07-12 21:00:00+00:00': 15399.22915273865, '2025-07-13 01:00:00+00:00': 15395.178995942628, '2025-07-13 11:00:00+00:00': 15407.063240752677, '2025-07-13 12:00:00+00:00': 14994.516479393824, '2025-07-13 17:00:00+00:00': 15342.27763930418, '2025-07-13 22:00:00+00:00': 15515.47612296569, '2025-07-13 23:00:00+00:00': 15435.296879678352, '2025-07-14 03:00:00+00:00': 15458.351006936742, '2025-07-14 04:00:00+00:00': 15467.837350499807, '2025-07-14 05:00:00+00:00': 15020.620521346194, '2025-07-14 07:00:00+00:00': 15584.850219828983, '2025-07-14 09:00:00+00:00': 15477.224675556756, '2025-07-14 15:00:00+00:00': 16024.203424446136, '2025-07-14 16:00:00+00:00': 16172.241769878108, '2025-07-14 17:00:00+00:00': 15075.847625076905, '2025-07-14 19:00:00+00:00': 16645.529581032024, '2025-07-14 20:00:00+00:00': 16020.85053329099, '2025-07-15 04:00:00+00:00': 16709.86404161031, '2025-07-15 12:00:00+00:00': 16591.951234260745, '2025-07-15 15:00:00+00:00': 16605.230535490424, '2025-07-15 16:00:00+00:00': 16615.144782647843, '2025-07-15 17:00:00+00:00': 16541.231158481296, '2025-07-15 20:00:00+00:00': 16503.942141140255, '2025-07-15 21:00:00+00:00': 16610.561859450114, '2025-07-15 23:00:00+00:00': 16624.76203993749, '2025-07-16 00:00:00+00:00': 16664.758741803056, '2025-07-16 08:00:00+00:00': 16514.235008276584, '2025-07-16 13:00:00+00:00': 16467.181046201746, '2025-07-16 15:00:00+00:00': 16517.339396982945, '2025-07-16 16:00:00+00:00': 16599.03070827698, '2025-07-16 18:00:00+00:00': 16560.04375060426, '2025-07-16 20:00:00+00:00': 16433.04375060426, '2025-07-17 06:00:00+00:00': 16584.86863363947, '2025-07-17 07:00:00+00:00': 16529.989863755287, '2025-07-17 09:00:00+00:00': 16527.922774362425, '2025-07-17 14:00:00+00:00': 16869.04713881101, '2025-07-17 17:00:00+00:00': 17017.151388497165, '2025-07-17 21:00:00+00:00': 17002.284446973852, '2025-07-17 22:00:00+00:00': 16567.20408089661, '2025-07-18 01:00:00+00:00': 16425.278790798817, '2025-07-18 09:00:00+00:00': 16855.393112604354, '2025-07-18 11:00:00+00:00': 16560.983919003946, '2025-07-18 12:00:00+00:00': 16835.305437712323, '2025-07-18 13:00:00+00:00': 16817.255057173177, '2025-07-18 15:00:00+00:00': 17635.308505441713, '2025-07-18 16:00:00+00:00': 17700.986998461685, '2025-07-18 17:00:00+00:00': 17727.382347298895, '2025-07-18 21:00:00+00:00': 17349.916479070438, '2025-07-19 04