number,value,params_CONVERGENCE_THRESHOLD,params_FIXED_TRADE_PCT,params_MAX_HOLD_HOURS,params_MAX_POSITION_PCT,params_MIN_DIV,params_STOP_LOSS_PCT,params_TAKE_PROFIT_PCT,params_TRAIL_PCT,state,user_attrs_cooldown_trades_pct,user_attrs_equity_curves,user_attrs_total_trades
34,3.8225556284076276,0.025,0.06,72,0.025,0.04,0.1,0.4,0.4,COMPLETE,6.321839080459771,"[{'2025-05-01 00:00:00+00:00': 10000.0, '2025-05-01 02:00:00+00:00': 10096.82250483897, '2025-05-01 06:00:00+00:00': 10106.523544397609, '2025-05-01 07:00:00+00:00': 10107.316685525057, '2025-05-01 11:00:00+00:00': 10393.675167014037, '2025-05-01 13:00:00+00:00': 10118.190691176937, '2025-05-01 15:00:00+00:00': 10351.001036609476, '2025-05-01 16:00:00+00:00': 10382.033009451097, '2025-05-02 05:00:00+00:00': 10339.043919644422, '2025-05-02 09:00:00+00:00': 10344.883281176437, '2025-05-02 13:00:00+00:00': 10214.369740910513, '2025-05-02 15:00:00+00:00': 10336.651345604461, '2025-05-02 16:00:00+00:00': 10323.37962874066, '2025-05-02 18:00:00+00:00': 10325.992547882553, '2025-05-02 20:00:00+00:00': 10349.897282193975, '2025-05-03 03:00:00+00:00': 10332.726362866377, '2025-05-03 23:00:00+00:00': 10325.786456577182, '2025-05-04 22:00:00+00:00': 10258.28612168857, '2025-05-05 00:00:00+00:00': 10292.927827382246, '2025-05-05 01:00:00+00:00': 10300.234888557723, '2025-05-05 11:00:00+00:00': 10241.105022653166, '2025-05-05 14:00:00+00:00': 10233.720370189434, '2025-05-05 17:00:00+00:00': 10239.951975018384, '2025-05-05 23:00:00+00:00': 10241.960690993545, '2025-05-06 16:00:00+00:00': 10552.753346281064, '2025-05-06 17:00:00+00:00': 10632.76599933865, '2025-05-06 20:00:00+00:00': 10654.159392356009, '2025-05-06 23:00:00+00:00': 10678.205256494095, '2025-05-07 00:00:00+00:00': 10739.220960670471, '2025-05-07 01:00:00+00:00': 11043.067294754395, '2025-05-07 02:00:00+00:00': 11127.414413114147, '2025-05-07 04:00:00+00:00': 11188.322531996051, '2025-05-07 17:00:00+00:00': 11146.15867085897, '2025-05-07 19:00:00+00:00': 11156.683053433697, '2025-05-07 20:00:00+00:00': 11281.046424045466, '2025-05-07 23:00:00+00:00': 11520.080960856609, '2025-05-08 01:00:00+00:00': 11604.95210286451, '2025-05-08 03:00:00+00:00': 11508.631114268832, '2025-05-08 04:00:00+00:00': 11622.264663596932, '2025-05-08 09:00:00+00:00': 11851.84811076133, '2025-05-08 10:00:00+00:00': 11861.759307986786, '2025-05-08 16:00:00+00:00': 11904.313538228547, '2025-05-08 17:00:00+00:00': 11875.312506789332, '2025-05-08 21:00:00+00:00': 12198.862100698225, '2025-05-09 00:00:00+00:00': 12191.529247903118, '2025-05-09 08:00:00+00:00': 12228.162767579994, '2025-05-09 09:00:00+00:00': 12476.58863086833, '2025-05-09 14:00:00+00:00': 12475.731080849779, '2025-05-09 15:00:00+00:00': 12445.24085359331, '2025-05-09 18:00:00+00:00': 12456.006590778557, '2025-05-10 07:00:00+00:00': 12492.0201340554, '2025-05-10 08:00:00+00:00': 12490.926806158948, '2025-05-10 22:00:00+00:00': 12514.735687679697, '2025-05-11 00:00:00+00:00': 12572.574242975918, '2025-05-11 01:00:00+00:00': 12554.896276874222, '2025-05-11 11:00:00+00:00': 12691.627898846558, '2025-05-11 19:00:00+00:00': 12703.707179428498, '2025-05-12 01:00:00+00:00': 12699.857147613851, '2025-05-12 02:00:00+00:00': 12707.509970722766, '2025-05-12 09:00:00+00:00': 12722.056913115435, '2025-05-12 12:00:00+00:00': 12721.816043507846, '2025-05-12 16:00:00+00:00': 12792.160871094053, '2025-05-12 19:00:00+00:00': 12807.239394992535, '2025-05-12 21:00:00+00:00': 12883.982707453457, '2025-05-13 01:00:00+00:00': 12879.85766065238, '2025-05-13 06:00:00+00:00': 12873.296774311182, '2025-05-13 08:00:00+00:00': 12912.898250441569, '2025-05-13 10:00:00+00:00': 12920.100817419478, '2025-05-13 12:00:00+00:00': 12962.567467608307, '2025-05-13 20:00:00+00:00': 12983.92535570003, '2025-05-14 13:00:00+00:00': 12983.76627158122, '2025-05-14 22:00:00+00:00': 12979.974261924073, '2025-05-15 13:00:00+00:00': 12976.429178106284, '2025-05-15 17:00:00+00:00': 13118.47815463776, '2025-05-15 21:00:00+00:00': 13172.825980724716, '2025-05-16 03:00:00+00:00': 13215.93912204316, '2025-05-16 07:00:00+00:00': 13199.406738639891, '2025-05-16 11:00:00+00:00': 13256.824096333585, '2025-05-17 05:00:00+00:00': 13374.357666743515, '2025-05-17 09:00:00+00:00': 13357.605186372637, '2025-05-17 15:00:00+00:00': 13362.609801032399, '2025-05-17 18:00:00+00:00': 13371.945400379436, '2025-05-17 21:00:00+00:00': 13370.752765236028, '2025-05-17 22:00:00+00:00': 13362.3811727966, '2025-05-18 01:00:00+00:00': 13401.426234689021, '2025-05-18 06:00:00+00:00': 13403.733583624344, '2025-05-18 09:00:00+00:00': 13542.266223025379, '2025-05-18 14:00:00+00:00': 13524.234753908047, '2025-05-18 17:00:00+00:00': 13742.285396517684, '2025-05-18 18:00:00+00:00': 13626.383870084202, '2025-05-19 00:00:00+00:00': 14039.253138669494, '2025-05-19 01:00:00+00:00': 14111.002022865094, '2025-05-19 02:00:00+00:00': 14080.214351176652, '2025-05-19 04:00:00+00:00': 14127.79357657549, '2025-05-19 08:00:00+00:00': 14195.964131297484, '2025-05-19 16:00:00+00:00': 14581.723088777648, '2025-05-19 20:00:00+00:00': 14598.883564674317, '2025-05-20 06:00:00+00:00': 14776.331042602646, '2025-05-20 08:00:00+00:00': 14840.158622211839, '2025-05-20 12:00:00+00:00': 14827.99174578861, '2025-05-20 14:00:00+00:00': 14856.881836812914, '2025-05-20 16:00:00+00:00': 14913.504523779102, '2025-05-20 18:00:00+00:00': 15063.647380921959, '2025-05-20 20:00:00+00:00': 15391.750189613003, '2025-05-21 18:00:00+00:00': 15604.692149082952, '2025-05-21 21:00:00+00:00': 15795.104815453906, '2025-05-22 00:00:00+00:00': 16046.320872909044, '2025-05-22 01:00:00+00:00': 15992.123990556103, '2025-05-22 04:00:00+00:00': 16276.128294535609, '2025-05-23 00:00:00+00:00': 16422.754304330392, '2025-05-23 01:00:00+00:00': 16428.246505044008, '2025-05-23 07:00:00+00:00': 16437.27291099938, '2025-05-23 12:00:00+00:00': 16645.697368107187, '2025-05-23 14:00:00+00:00': 16568.66913806251, '2025-05-24 00:00:00+00:00': 16731.727390489694, '2025-05-24 08:00:00+00:00': 16753.86440144806, '2025-05-24 14:00:00+00:00': 16767.325023135603, '2025-05-24 23:00:00+00:00': 16769.420611370897, '2025-05-26 09:00:00+00:00': 17045.76538677528, '2025-05-26 16:00:00+00:00': 17077.322402803926, '2025-05-26 21:00:00+00:00': 17095.027320836714, '2025-05-27 02:00:00+00:00': 17118.129510617735, '2025-05-27 04:00:00+00:00': 17176.296531425414, '2025-05-27 13:00:00+00:00': 17231.398507805898, '2025-05-27 15:00:00+00:00': 17227.314538340248, '2025-05-28 15:00:00+00:00': 17392.80173295874, '2025-05-28 17:00:00+00:00': 17368.448559031312, '2025-05-28 20:00:00+00:00': 17353.024961253224, '2025-05-29 18:00:00+00:00': 17340.294456722437, '2025-05-31 02:00:00+00:00': 17155.885012550916, '2025-05-31 03:00:00+00:00': 16988.76456942673, '2025-05-31 04:00:00+00:00': 18102.304817664808, '2025-05-31 05:00:00+00:00': 17339.835997998158, '2025-05-31 06:00:00+00:00': 19104.220422410486, '2025-05-31 08:00:00+00:00': 18966.80609215296, '2025-05-31 10:00:00+00:00': 19567.992753517257, '2025-05-31 11:00:00+00:00': 19172.2065335216, '2025-05-31 13:00:00+00:00': 19584.432559916047, '2025-05-31 16:00:00+00:00': 18956.51195572158, '2025-05-31 18:00:00+00:00': 19705.883714223724, '2025-06-01 09:00:00+00:00': 19609.26663692377, '2025-06-01 13:00:00+00:00': 19649.262571223077, '2025-06-01 21:00:00+00:00': 19490.19937838616, '2025-06-02 10:00:00+00:00': 19006.859311299377, '2025-06-02 12:00:00+00:00': 16951.914712579164, '2025-06-02 14:00:00+00:00': 19487.41128831509, '2025-06-02 23:00:00+00:00': 19598.93802805283, '2025-06-03 00:00:00+00:00': 19409.905769988316, '2025-06-03 01:00:00+00:00': 19741.37985029145, '2025-06-03 02:00:00+00:00': 19519.600123035354, '2025-06-03 03:00:00+00:00': 19354.49405270456, '2025-06-03 07:00:00+00:00': 18656.053137699888, '2025-06-03 12:00:00+00:00': 19030.128861475845, '2025-06-03 15:00:00+00:00': 18580.989802360687, '2025-06-03 21:00:00+00:00': 19181.13371978442, '2025-06-03 22:00:00+00:00': 18801.044617079395, '2025-06-03 23:00:00+00:00': 19180.61606074618, '2025-06-04 05:00:00+00:00': 19074.98224174764, '2025-06-04 07:00:00+00:00': 18684.12616599705, '2025-06-04 09:00:00+00:00': 18938.473686518148, '2025-06-04 14:00:00+00:00': 18658.030475011245, '2025-06-04 16:00:00+00:00': 19478.703968906608, '2025-06-04 21:00:00+00:00': 18745.619615771084, '2025-06-04 22:00:00+00:00': 20220.048413071858, '2025-06-05 02:00:00+00:00': 19393.450804349646, '2025-06-05 05:00:00+00:00': 20128.476375836195, '2025-06-05 06:00:00+00:00': 19519.19443830924, '2025-06-05 13:00:00+00:00': 19190.047183926024, '2025-06-05 16:00:00+00:00': 20030.770760209725, '2025-06-05 17:00:00+00:00': 20130.077278443692, '2025-06-05 18:00:00+00:00': 20046.072126772135, '2025-06-05 19:00:00+00:00': 19849.75323337202, '2025-06-05 20:00:00+00:00': 19650.005134703595, '2025-06-05 21:00:00+00:00': 19947.359639283037, '2025-06-05 22:00:00+00:00': 20769.695802755952, '2025-06-06 00:00:00+00:00': 19867.18722548993, '2025-06-06 02:00:00+00:00': 20795.724909589895, '2025-06-06 03:00:00+00:00': 20314.506576875203, '2025-06-06 04:00:00+00:00': 20691.109524974512, '2025-06-06 05:00:00+00:00': 20617.33292199, '2025-06-06 07:00:00+00:00': 20661.83933849581, '2025-06-06 09:00:00+00:00': 20282.36051633687, '2025-06-06 10:00:00+00:00': 20424.3000066295, '2025-06-06 11:00:00+00:00': 20061.42602565947, '2025-06-06 13:00:00+00:00': 20370.816285257824, '2025-06-06 15:00:00+00:00': 20077.046708155875, '2025-06-06 20:00:00+00:00': 19854.55782965006, '2025-06-07 00:00:00+00:00': 20046.07205943829, '2025-06-07 01:00:00+00:00': 20331.49361116243, '2025-06-07 04:00:00+00:00': 19840.38989040707, '2025-06-07 13:00:00+00:00': 19704.978279699662, '2025-06-07 14:00:00+00:00': 19741.928058364592, '2025-06-07 15:00:00+00:00': 20401.77075307346, '2025-06-07 21:00:00+00:00': 19521.419209187152, '2025-06-07 23:00:00+00:00': 19945.77142188307, '2025-06-08 13:00:00+00:00': 19596.459566035028, '2025-06-08 14:00:00+00:00': 19426.68065387509, '2025-06-08 17:00:00+00:00': 19675.076967467794, '2025-06-08 22:00:00+00:00': 19511.765160696577, '2025-06-09 05:00:00+00:00': 20394.3000066295, '2025-06-09 08:00:00+00:00': 20268.610432514397, '2025-06-09 10:00:00+00:00': 19013.395857481053, '2025-06-09 11:00:00+00:00': 19160.231448425413, '2025-06-09 12:00:00+00:00': 18887.729954526683, '2025-06-09 13:00:00+00:00': 19050.613673337237, '2025-06-09 17:00:00+00:00': 19432.69129590036, '2025-06-09 18:00:00+00:00': 18688.85469964551, '2025-06-09 21:00:00+00:00': 19642.308098076042, '2025-06-09 22:00:00+00:00': 18158.2844973917, '2025-06-09 23:00:00+00:00': 18571.668446084102, '2025-06-10 01:00:00+00:00': 18321.446438018113, '2025-06-10 02:00:00+00:00': 18342.16874018279, '2025-06-10 09:00:00+00:00': 18080.630734154132, '2025-06-10 12:00:00+00:00': 17907.2555817442, '2025-06-10 20:00:00+00:00': 17525.81934735494, '2025-06-11 00:00:00+00:00': 17589.67298645105, '2025-06-11 05:00:00+00:00': 18025.85129136364, '2025-06-11 12:00:00+00:00': 17839.09717565606, '2025-06-11 15:00:00+00:00': 17505.78409756216, '2025-06-11 16:00:00+00:00': 17576.46920839514, '2025-06-11 17:00:00+00:00': 17565.518590542815, '2025-06-11 20:00:00+00:00': 17458.47100351742, '2025-06-11 21:00:00+00:00': 17925.142207224784, '2025-06-11 22:00:00+00:00': 17748.552541728473, '2025-06-11 23:00:00+00:00': 17387.26792035931, '2025-06-12 04:00:00+00:00': 18216.3203947733, '2025-06-12 05:00:00+00:00': 17755.946490724553, '2025-06-12 07:00:00+00:00': 17966.45576722449, '2025-06-12 08:00:00+00:00': 18033.984152834128, '2025-06-12 09:00:00+00:00': 17877.309425761072, '2025-06-12 11:00:00+00:00': 17599.689792706755, '2025-06-12 13:00:00+00:00': 18116.214922064897, '2025-06-12 16:00:00+00:00': 17667.09420839514, '2025-06-12 18:00:00+00:00': 17543.233930684266, '2025-06-12 20:00:00+00:00': 17689.48922871674, '2025-06-12 21:00:00+00:00': 17539.306422224046, '2025-06-12 22:00:00+00:00': 17691.96034935868, '2025-06-12 23:00:00+00:00': 18081.899334320573, '2025-06-13 01:00:00+00:00': 18296.33246626159, '2025-06-13 03:00:00+00:00': 17711.25186881771, '2025-06-13 08:00:00+00:00': 17637.097429955356, '2025-06-13 12:00:00+00:00': 17767.32877038728, '2025-06-13 13:00:00+00:00': 18216.446751975873, '2025-06-13 14:00:00+00:00': 18136.703162232283, '2025-06-13 17:00:00+00:00': 17342.044844270422, '2025-06-13 19:00:00+00:00': 16853.80782357177, '2025-06-14 00:00:00+00:00': 17256.61627284185, '2025-06-14 01:00:00+00:00': 17189.166263855674, '2025-06-14 11:00:00+00:00': 18087.845255647997, '2025-06-14 12:00:00+00:00': 16742.974490238437, '2025-06-14 17:00:00+00:00': 16541.86660769379, '2025-06-15 15:00:00+00:00': 16742.818988646173, '2025-06-15 17:00:00+00:00': 16940.866647101182, '2025-06-15 18:00:00+00:00': 17103.7376924271, '2025-06-15 20:00:00+00:00': 16831.107908702274, '2025-06-15 21:00:00+00:00': 16787.090631315896, '2025-06-15 22:00:00+00:00': 16973.700547683875, '2025-06-15 23:00:00+00:00': 16935.226694085428, '2025-06-16 02:00:00+00:00': 18169.826977016168, '2025-06-16 03:00:00+00:00': 16888.942483167746, '2025-06-16 04:00:00+00:00': 16853.80591014448, '2025-06-16 05:00:00+00:00': 16518.354812873127, '2025-06-16 06:00:00+00:00': 16342.119040873067, '2025-06-16 08:00:00+00:00': 16054.223781038874, '2025-06-16 09:00:00+00:00': 16649.46660769379, '2025-06-16 10:00:00+00:00': 16684.783207980992, '2025-06-16 12:00:00+00:00': 15507.11286403625, '2025-06-16 14:00:00+00:00': 15734.415461954766, '2025-06-16 15:00:00+00:00': 15585.151452527834, '2025-06-16 19:00:00+00:00': 15635.446666619519, '2025-06-16 20:00:00+00:00': 15549.080227142504, '2025-06-16 21:00:00+00:00': 15489.707132245603, '2025-06-16 23:00:00+00:00': 15850.229725108227, '2025-06-17 00:00:00+00:00': 15467.892940846325, '2025-06-17 01:00:00+00:00': 15110.327698681082, '2025-06-17 03:00:00+00:00': 15035.478920263125, '2025-06-17 05:00:00+00:00': 15763.47584973144, '2025-06-17 07:00:00+00:00': 15847.364738620328, '2025-06-17 08:00:00+00:00': 15888.472839078833, '2025-06-17 10:00:00+00:00': 15956.181837289943, '2025-06-17 11:00:00+00:00': 15832.177608954413, '2025-06-17 13:00:00+00:00': 15685.393373046021, '2025-06-17 14:00:00+00:00': 15744.694424822588, '2025-06-17 15:00:00+00:00': 15196.28923714262, '2025-06-17 16:00:00+00:00': 15463.883523214517, '2025-06-17 17:00:00+00:00': 15003.081874356485, '2025-06-17 19:00:00+00:00': 15107.0354737832, '2025-06-17 20:00:00+00:00': 14878.092470058145, '2025-06-17 21:00:00+00:00': 14739.82589860065, '2025-06-17 22:00:00+00:00': 14205.663064475077, '2025-06-18 02:00:00+00:00': 15201.317168474132, '2025-06-18 04:00:00+00:00': 14026.921764714809, '2025-06-18 05:00:00+00:00': 14431.429642285744, '2025-06-18 11:00:00+00:00': 13822.736338187779, '2025-06-18 14:00:00+00:00': 14134.52176471481, '2025-06-18 18:00:00+00:00': 15033.067498680753, '2025-06-18 19:00:00+00:00': 13328.356340367414, '2025-06-18 21:00:00+00:00': 13568.52138009794, '2025-06-18 23:00:00+00:00': 13968.21252866397, '2025-06-19 01:00:00+00:00': 13310.32828651478, '2025-06-19 02:00:00+00:00': 13477.89638009794, '2025-06-19 04:00:00+00:00': 14270.928666811944, '2025-06-19 07:00:00+00:00': 13176.399715086209, '2025-06-19 08:00:00+00:00': 13752.26192063848, '2025-06-19 11:00:00+00:00': 14350.131565362668, '2025-06-19 16:00:00+00:00': 14940.486853519464, '2025-06-19 18:00:00+00:00': 13664.06192063848, '2025-06-19 21:00:00+00:00': 12957.81467109794, '2025-06-19 23:00:00+00:00': 13075.996489279758, '2025-06-20 02:00:00+00:00': 12587.626064656175, '2025-06-20 05:00:00+00:00': 12683.762428292539, '2025-06-20 08:00:00+00:00': 12113.229522271053, '2025-06-20 09:00:00+00:00': 11800.627882315419, '2025-06-20 10:00:00+00:00': 12793.512559188792, '2025-06-20 12:00:00+00:00': 11721.45418368714, '2025-06-20 13:00:00+00:00': 12885.220588428316, '2025-06-20 14:00:00+00:00': 11945.238111942943, '2025-06-20 15:00:00+00:00': 12821.199945155797, '2025-06-20 17:00:00+00:00': 12019.968652705835, '2025-06-20 18:00:00+00:00': 13301.274670921764, '2025-06-20 23:00:00+00:00': 13030.128917210537, '2025-06-21 01:00:00+00:00': 13129.41463149625, '2025-06-21 08:00:00+00:00': 13476.774670921764, '2025-06-21 09:00:00+00:00': 12781.902726734348, '2025-06-21 16:00:00+00:00': 12573.243233495998, '2025-06-21 19:00:00+00:00': 14230.717704597999, '2025-06-21 20:00:00+00:00': 12630.652726734348, '2025-06-21 21:00:00+00:00': 14095.70617326558, '2025-06-21 22:00:00+00:00': 14293.295629589393, '2025-06-21 23:00:00+00:00': 14153.296708746024, '2025-06-22 00:00:00+00:00': 14114.645929809958, '2025-06-22 01:00:00+00:00': 14372.18359909282, '2025-06-22 08:00:00+00:00': 14305.895739142503, '2025-06-22 10:00:00+00:00': 15168.712087936812, '2025-06-22 14:00:00+00:00': 15133.303697284535, '2025-06-22 15:00:00+00:00': 15083.39281675759, '2025-06-22 16:00:00+00:00': 15335.79838649379, '2025-06-22 18:00:00+00:00': 15187.439462531098, '2025-06-22 23:00:00+00:00': 14923.89008932419, '2025-06-23 01:00:00+00:00': 14607.162701650064, '2025-06-23 02:00:00+00:00': 14315.587587162137, '2025-06-23 04:00:00+00:00': 14235.415173369034, '2025-06-23 05:00:00+00:00': 14002.730437962988, '2025-06-23 06:00:00+00:00': 13939.394276345753, '2025-06-23 07:00:00+00:00': 13941.882821729689, '2025-06-23 08:00:00+00:00': 13827.134596396801, '2025-06-23 09:00:00+00:00': 13790.098680760526, '2025-06-23 13:00:00+00:00': 13728.824737241872, '2025-06-23 14:00:00+00:00': 13534.859052395961, '2025-06-23 17:00:00+00:00': 13728.496749903034, '2025-06-23 18:00:00+00:00': 13330.793389207574, '2025-06-23 19:00:00+00:00': 13241.473598024644, '2025-06-23 21:00:00+00:00': 13104.773598024643, '2025-06-23 22:00:00+00:00': 12828.549589046792, '2025-06-23 23:00:00+00:00': 12823.286789860485, '2025-06-24 01:00:00+00:00': 12463.674977718296, '2025-06-24 02:00:00+00:00': 12400.799294087155, '2025-06-24 03:00:00+00:00': 12309.271661017534, '2025-06-24 04:00:00+00:00': 12066.416454231676, '2025-06-24 07:00:00+00:00': 12218.646661017534, '2025-06-24 08:00:00+00:00': 11915.260787426523, '2025-06-24 14:00:00+00:00': 11995.590976105768, '2025-06-24 15:00:00+00:00': 12157.587625402846, '2025-06-24 17:00:00+00:00': 11603.60328577262, '2025-06-24 20:00:00+00:00': 11352.62671401641, '2025-06-24 21:00:00+00:00': 11534.344860734554, '2025-06-25 01:00:00+00:00': 11275.565568147691, '2025-06-25 04:00:00+00:00': 11435.05914644884, '2025-06-25 06:00:00+00:00': 11667.141523649132, '2025-06-25 12:00:00+00:00': 11164.732234814357, '2025-06-25 14:00:00+00:00': 11548.173762836746, '2025-06-25 15:00:00+00:00': 11445.340978736745, '2025-06-25 16:00:00+00:00': 11306.196998639145, '2025-06-26 00:00:00+00:00': 11195.363665305811, '2025-06-26 06:00:00+00:00': 11137.482851245597, '2025-06-26 10:00:00+00:00': 11075.897711225976, '2025-06-26 13:00:00+00:00': 11014.6548421256, '2025-06-26 14:00:00+00:00': 10934.329472814155, '2025-06-26 16:00:00+00:00': 10830.431547188648, '2025-06-27 00:00:00+00:00': 10698.58283440748, '2025-06-30 20:00:00+00:00': 10615.226563490132, '2025-06-30 21:00:00+00:00': 10611.39980507056, '2025-06-30 23:00:00+00:00': 10681.253202252485, '2025-07-01 00:00:00+00:00': 10926.225032799797, '2025-07-01 02:00:00+00:00': 10874.417708170335, '2025-07-01 04:00:00+00:00': 10863.127809346855, '2025-07-01 05:00:00+00:00': 10877.68339519682, '2025-07-01 07:00:00+00:00': 10882.001077406843, '2025-07-01 08:00:00+00:00': 10874.13155330853, '2025-07-01 10:00:00+00:00': 10885.694194811413, '2025-07-01 11:00:00+00:00': 10904.879707715092, '2025-07-01 13:00:00+00:00': 10836.435769843412, '2025-07-01 18:00:00+00:00': 10954.287673436726, '2025-07-01 19:00:00+00:00': 10894.008352490928, '2025-07-01 20:00:00+00:00': 10763.91812806362, '2025-07-02 00:00:00+00:00': 10869.904211231402, '2025-07-02 05:00:00+00:00': 10857.934989556106, '2025-07-02 06:00:00+00:00': 10773.369038773684, '2025-07-02 08:00:00+00:00': 10959.844880367174, '2025-07-02 13:00:00+00:00': 10961.602647648182, '2025-07-02 14:00:00+00:00': 10946.077939800563, '2025-07-02 15:00:00+00:00': 10836.860631576645, '2025-07-02 16:00:00+00:00': 10971.700673172782, '2025-07-02 17:00:00+00:00': 11079.418221148117, '2025-07-02 18:00:00+00:00': 11071.410147008806, '2025-07-02 20:00:00+00:00': 11082.346134325308, '2025-07-02 21:00:00+00:00': 11059.276288940004, '2025-07-02 22:00:00+00:00': 11124.30829581464, '2025-07-02 23:00:00+00:00': 11064.388521801906, '2025-07-03 00:00:00+00:00': 11127.319450375671, '2025-07-03 03:00:00+00:00': 11125.006112935804, '2025-07-03 05:00:00+00:00': 11121.502151956769, '2025-07-03 07:00:00+00:00': 11122.085888955486, '2025-07-03 09:00:00+00:00': 11110.669514052262, '2025-07-03 10:00:00+00:00': 11110.74848764871, '2025-07-03 13:00:00+00:00': 11112.130305489734, '2025-07-03 14:00:00+00:00': 11120.125257465239, '2025-07-03 16:00:00+00:00': 11174.871699286896, '2025-07-03 17:00:00+00:00': 11114.076838290224, '2025-07-03 18:00:00+00:00': 11179.590785530783, '2025-07-03 20:00:00+00:00': 11099.363512803511, '2025-07-04 02:00:00+00:00': 11173.65339231089, '2025-07-04 03:00:00+00:00': 11169.614144318906, '2025-07-04 05:00:00+00:00': 11228.506999049325, '2025-07-04 08:00:00+00:00': 11235.159178233265, '2025-07-04 13:00:00+00:00': 11232.925158298702, '2025-07-04 16:00:00+00:00': 11237.231673956763, '2025-07-04 17:00:00+00:00': 11328.045840900053, '2025-07-04 18:00:00+00:00': 11329.784428361274, '2025-07-04 20:00:00+00:00': 11369.018111281812, '2025-07-04 22:00:00+00:00': 11338.448317704013, '2025-07-05 00:00:00+00:00': 11385.092915134874, '2025-07-06 06:00:00+00:00': 11382.67148006873, '2025-07-06 13:00:00+00:00': 11376.959476019494, '2025-07-06 14:00:00+00:00': 11315.91968336311, '2025-07-06 17:00:00+00:00': 11167.348166809361, '2025-07-06 19:00:00+00:00': 11329.34242586194, '2025-07-06 21:00:00+00:00': 11308.372352145487, '2025-07-06 23:00:00+00:00': 11114.383337691705, '2025-07-07 01:00:00+00:00': 11300.036422069832, '2025-07-07 05:00:00+00:00': 11315.241443271285, '2025-07-07 07:00:00+00:00': 11194.184117035069, '2025-07-07 08:00:00+00:00': 11184.842743487454, '2025-07-07 12:00:00+00:00': 11307.411572252244, '2025-07-07 13:00:00+0