number,value,params_CONVERGENCE_THRESHOLD,params_FIXED_TRADE_PCT,params_MAX_HOLD_HOURS,params_MAX_POSITION_PCT,params_MIN_DIV,params_STOP_LOSS_PCT,params_TAKE_PROFIT_PCT,params_TRAIL_PCT,state,user_attrs_cooldown_trades_pct,user_attrs_equity_curves,user_attrs_total_trades
38,0.3820435699070474,0.01,0.055,24,0.01,0.05,0.15,0.7,0.5,COMPLETE,4.111245465538089,"[{'2025-05-01 00:00:00+00:00': 10000.0, '2025-05-01 02:00:00+00:00': 10081.743517510073, '2025-05-01 08:00:00+00:00': 10082.426756633055, '2025-05-01 12:00:00+00:00': 10105.079750836721, '2025-05-01 16:00:00+00:00': 10105.978077227019, '2025-05-01 17:00:00+00:00': 10160.67594021473, '2025-05-02 01:00:00+00:00': 10055.978110817941, '2025-05-02 04:00:00+00:00': 10177.39294809036, '2025-05-02 07:00:00+00:00': 10180.45734680034, '2025-05-02 15:00:00+00:00': 10193.49689302205, '2025-05-02 20:00:00+00:00': 10194.444970275628, '2025-05-03 02:00:00+00:00': 10171.499268636544, '2025-05-04 13:00:00+00:00': 10151.790642555787, '2025-05-04 23:00:00+00:00': 10121.387620121886, '2025-05-05 02:00:00+00:00': 10053.320115858822, '2025-05-05 04:00:00+00:00': 10040.052479127575, '2025-05-05 12:00:00+00:00': 9986.008092548782, '2025-05-05 16:00:00+00:00': 9982.483502838844, '2025-05-06 13:00:00+00:00': 10015.34842206446, '2025-05-06 17:00:00+00:00': 10239.740991797153, '2025-05-06 18:00:00+00:00': 10025.529111226326, '2025-05-06 23:00:00+00:00': 10183.711424373176, '2025-05-07 00:00:00+00:00': 10744.963944070369, '2025-05-07 02:00:00+00:00': 10736.446465493727, '2025-05-07 06:00:00+00:00': 10814.439115459953, '2025-05-07 17:00:00+00:00': 10818.135288343447, '2025-05-07 22:00:00+00:00': 11022.841132929203, '2025-05-08 04:00:00+00:00': 11124.689422087258, '2025-05-08 05:00:00+00:00': 10877.015134142086, '2025-05-08 07:00:00+00:00': 10943.097921960265, '2025-05-08 12:00:00+00:00': 11062.249570673515, '2025-05-08 17:00:00+00:00': 11495.341897377766, '2025-05-08 21:00:00+00:00': 11483.46181157946, '2025-05-08 22:00:00+00:00': 11593.828749761518, '2025-05-09 00:00:00+00:00': 11600.263652091937, '2025-05-09 05:00:00+00:00': 11651.059926832715, '2025-05-09 08:00:00+00:00': 11626.090743835537, '2025-05-09 09:00:00+00:00': 11843.450573457258, '2025-05-09 18:00:00+00:00': 11819.231400855624, '2025-05-09 21:00:00+00:00': 11838.929043906042, '2025-05-09 22:00:00+00:00': 11833.415565666937, '2025-05-10 07:00:00+00:00': 11874.779947330257, '2025-05-10 08:00:00+00:00': 11880.402323468426, '2025-05-10 10:00:00+00:00': 11879.4331554916, '2025-05-10 22:00:00+00:00': 11874.92847497738, '2025-05-11 06:00:00+00:00': 11889.837303751436, '2025-05-11 16:00:00+00:00': 11966.327006407133, '2025-05-11 17:00:00+00:00': 11906.41075007912, '2025-05-12 12:00:00+00:00': 11966.119325306441, '2025-05-12 16:00:00+00:00': 12035.376762004818, '2025-05-12 22:00:00+00:00': 12014.99065320859, '2025-05-13 06:00:00+00:00': 12073.431331366593, '2025-05-14 08:00:00+00:00': 12029.820826056939, '2025-05-15 02:00:00+00:00': 11995.28969349735, '2025-05-16 08:00:00+00:00': 12129.153492628551, '2025-05-16 22:00:00+00:00': 12134.448805421613, '2025-05-17 10:00:00+00:00': 12081.73610984809, '2025-05-17 22:00:00+00:00': 12080.47303296115, '2025-05-18 11:00:00+00:00': 12122.058890985727, '2025-05-18 16:00:00+00:00': 12357.103933777445, '2025-05-18 17:00:00+00:00': 12447.215376240969, '2025-05-19 01:00:00+00:00': 12455.310055632719, '2025-05-19 03:00:00+00:00': 12417.215376240969, '2025-05-19 09:00:00+00:00': 12466.662480772064, '2025-05-19 17:00:00+00:00': 12928.425672310126, '2025-05-20 05:00:00+00:00': 12857.214929533857, '2025-05-20 08:00:00+00:00': 12906.720655713512, '2025-05-20 14:00:00+00:00': 12929.138636396077, '2025-05-20 18:00:00+00:00': 13052.469616239661, '2025-05-21 05:00:00+00:00': 13699.407878030865, '2025-05-21 07:00:00+00:00': 13700.075921487412, '2025-05-21 15:00:00+00:00': 13987.745500791272, '2025-05-21 17:00:00+00:00': 13388.597067220053, '2025-05-21 18:00:00+00:00': 13861.578374476316, '2025-05-22 01:00:00+00:00': 15241.067222954813, '2025-05-22 04:00:00+00:00': 15351.731914968885, '2025-05-23 05:00:00+00:00': 15337.389913719557, '2025-05-23 07:00:00+00:00': 15349.81907552436, '2025-05-23 22:00:00+00:00': 15627.606576172442, '2025-05-24 02:00:00+00:00': 15620.56181431002, '2025-05-24 08:00:00+00:00': 15639.50645134539, '2025-05-24 16:00:00+00:00': 15637.128315580412, '2025-05-25 01:00:00+00:00': 15660.369198932467, '2025-05-26 01:00:00+00:00': 15907.512056075324, '2025-05-26 09:00:00+00:00': 15910.415466341095, '2025-05-26 16:00:00+00:00': 15937.416002200067, '2025-05-26 22:00:00+00:00': 15924.22765790167, '2025-05-27 04:00:00+00:00': 15922.548825784883, '2025-05-28 11:00:00+00:00': 16004.332417811935, '2025-05-31 02:00:00+00:00': 15974.671734570002, '2025-05-31 03:00:00+00:00': 17087.65711055681, '2025-05-31 04:00:00+00:00': 17313.484031879067, '2025-05-31 05:00:00+00:00': 17468.977779931905, '2025-05-31 06:00:00+00:00': 17823.756194950118, '2025-05-31 07:00:00+00:00': 18111.221938281444, '2025-05-31 09:00:00+00:00': 18678.434884817587, '2025-05-31 11:00:00+00:00': 18799.55883397766, '2025-05-31 16:00:00+00:00': 16156.988283377475, '2025-05-31 17:00:00+00:00': 18366.25364292714, '2025-06-01 03:00:00+00:00': 17178.90711055681, '2025-06-01 04:00:00+00:00': 17559.507510534444, '2025-06-01 07:00:00+00:00': 18925.07850966606, '2025-06-01 08:00:00+00:00': 18902.89749130473, '2025-06-01 10:00:00+00:00': 18678.273883975886, '2025-06-01 12:00:00+00:00': 18760.8562344078, '2025-06-01 17:00:00+00:00': 18165.182919617677, '2025-06-01 18:00:00+00:00': 18654.39259212815, '2025-06-02 00:00:00+00:00': 18451.83847942992, '2025-06-02 01:00:00+00:00': 17797.80814436256, '2025-06-02 04:00:00+00:00': 18330.65736658796, '2025-06-02 05:00:00+00:00': 18245.49804648072, '2025-06-02 08:00:00+00:00': 18144.13841875854, '2025-06-02 09:00:00+00:00': 18109.14197868548, '2025-06-02 10:00:00+00:00': 17899.146956799006, '2025-06-02 11:00:00+00:00': 18007.795605447656, '2025-06-02 12:00:00+00:00': 17552.39440271358, '2025-06-02 13:00:00+00:00': 17877.204292801223, '2025-06-02 17:00:00+00:00': 17451.12451079685, '2025-06-02 18:00:00+00:00': 17838.783754118656, '2025-06-02 19:00:00+00:00': 17823.995003984834, '2025-06-02 23:00:00+00:00': 17356.72718432972, '2025-06-03 00:00:00+00:00': 17955.562824643, '2025-06-03 01:00:00+00:00': 17731.815516805345, '2025-06-03 02:00:00+00:00': 17802.30109935611, '2025-06-03 03:00:00+00:00': 18050.120011651972, '2025-06-03 06:00:00+00:00': 17464.077561659786, '2025-06-03 12:00:00+00:00': 17977.809573932384, '2025-06-03 13:00:00+00:00': 18093.953837061643, '2025-06-03 15:00:00+00:00': 17296.999287258262, '2025-06-03 16:00:00+00:00': 17082.893605359437, '2025-06-03 22:00:00+00:00': 17389.322193446853, '2025-06-04 01:00:00+00:00': 17521.649228548216, '2025-06-04 02:00:00+00:00': 17525.140375265033, '2025-06-04 04:00:00+00:00': 17274.3911355657, '2025-06-04 05:00:00+00:00': 16964.024842310206, '2025-06-04 09:00:00+00:00': 16961.34637277246, '2025-06-04 13:00:00+00:00': 17168.060607608215, '2025-06-04 14:00:00+00:00': 17096.74633281173, '2025-06-04 15:00:00+00:00': 16817.710486718333, '2025-06-04 16:00:00+00:00': 16360.83932472618, '2025-06-04 18:00:00+00:00': 16955.448185689347, '2025-06-04 23:00:00+00:00': 16979.141121379973, '2025-06-05 03:00:00+00:00': 16753.72412195188, '2025-06-05 05:00:00+00:00': 16505.933537284753, '2025-06-05 08:00:00+00:00': 16354.239105401582, '2025-06-05 14:00:00+00:00': 16470.48840992656, '2025-06-05 16:00:00+00:00': 16556.23022534906, '2025-06-05 17:00:00+00:00': 16814.0621057986, '2025-06-05 18:00:00+00:00': 16694.18437093471, '2025-06-05 19:00:00+00:00': 16703.522010171593, '2025-06-05 20:00:00+00:00': 16570.558590335866, '2025-06-05 21:00:00+00:00': 16809.249230003632, '2025-06-06 03:00:00+00:00': 17779.864482159475, '2025-06-06 04:00:00+00:00': 16565.80474248366, '2025-06-06 05:00:00+00:00': 17700.85651009185, '2025-06-06 07:00:00+00:00': 17542.648588204192, '2025-06-06 09:00:00+00:00': 17472.982933016847, '2025-06-06 11:00:00+00:00': 17647.240034389986, '2025-06-06 14:00:00+00:00': 17332.927282547662, '2025-06-06 15:00:00+00:00': 17225.39813676694, '2025-06-06 21:00:00+00:00': 16946.34047288395, '2025-06-06 22:00:00+00:00': 17893.48517181465, '2025-06-07 08:00:00+00:00': 17347.08998569633, '2025-06-07 12:00:00+00:00': 17110.664580923418, '2025-06-07 14:00:00+00:00': 17049.252862076675, '2025-06-07 15:00:00+00:00': 17058.154186632324, '2025-06-07 16:00:00+00:00': 16947.104105573573, '2025-06-07 21:00:00+00:00': 16954.725413680582, '2025-06-07 22:00:00+00:00': 16967.213212993098, '2025-06-07 23:00:00+00:00': 17179.988199476833, '2025-06-08 09:00:00+00:00': 17143.26455035548, '2025-06-08 10:00:00+00:00': 16172.775874475785, '2025-06-08 13:00:00+00:00': 16915.656787988344, '2025-06-08 15:00:00+00:00': 16849.372253230566, '2025-06-08 16:00:00+00:00': 16766.508154246065, '2025-06-08 17:00:00+00:00': 16620.9753375154, '2025-06-08 22:00:00+00:00': 16539.311464837887, '2025-06-08 23:00:00+00:00': 16524.08927761391, '2025-06-09 00:00:00+00:00': 16405.307236482953, '2025-06-09 05:00:00+00:00': 16134.303042596857, '2025-06-09 06:00:00+00:00': 15370.994938092908, '2025-06-09 10:00:00+00:00': 15567.576643677628, '2025-06-09 11:00:00+00:00': 16098.649710944006, '2025-06-09 12:00:00+00:00': 15476.846959391849, '2025-06-09 13:00:00+00:00': 16758.12257123096, '2025-06-09 17:00:00+00:00': 16384.38704072568, '2025-06-09 19:00:00+00:00': 16316.349517874884, '2025-06-09 21:00:00+00:00': 16410.05814918542, '2025-06-09 22:00:00+00:00': 16059.234112060265, '2025-06-10 00:00:00+00:00': 16950.82084403976, '2025-06-10 01:00:00+00:00': 15823.255346470703, '2025-06-10 12:00:00+00:00': 15773.008087435397, '2025-06-10 23:00:00+00:00': 15605.402952806739, '2025-06-11 01:00:00+00:00': 16074.189724971478, '2025-06-11 02:00:00+00:00': 16043.40982532301, '2025-06-11 05:00:00+00:00': 15378.706088563362, '2025-06-11 12:00:00+00:00': 15531.947450945268, '2025-06-11 13:00:00+00:00': 15625.444956122265, '2025-06-11 15:00:00+00:00': 14586.649067832697, '2025-06-11 16:00:00+00:00': 14724.426845610475, '2025-06-11 20:00:00+00:00': 15048.847408932106, '2025-06-11 23:00:00+00:00': 15262.098945706219, '2025-06-12 00:00:00+00:00': 15494.62593334504, '2025-06-12 01:00:00+00:00': 14959.026845610475, '2025-06-12 03:00:00+00:00': 15150.214110165887, '2025-06-12 08:00:00+00:00': 15015.448038889772, '2025-06-12 11:00:00+00:00': 15577.117044494138, '2025-06-12 14:00:00+00:00': 15510.319372290667, '2025-06-12 16:00:00+00:00': 14720.711927091832, '2025-06-12 17:00:00+00:00': 15007.140498520404, '2025-06-12 20:00:00+00:00': 15136.884619823104, '2025-06-12 21:00:00+00:00': 16456.846810826333, '2025-06-12 22:00:00+00:00': 15122.766879469482, '2025-06-13 01:00:00+00:00': 16152.196456969974, '2025-06-13 02:00:00+00:00': 16488.708504198134, '2025-06-13 04:00:00+00:00': 15935.797867666746, '2025-06-13 09:00:00+00:00': 16042.039756743896, '2025-06-13 12:00:00+00:00': 16146.840751768772, '2025-06-13 16:00:00+00:00': 15828.012640172312, '2025-06-13 17:00:00+00:00': 15712.424404878195, '2025-06-13 23:00:00+00:00': 16401.285013327706, '2025-06-14 01:00:00+00:00': 15604.681141357933, '2025-06-14 02:00:00+00:00': 16241.880443795084, '2025-06-14 07:00:00+00:00': 15540.999685870896, '2025-06-14 10:00:00+00:00': 15338.378041552744, '2025-06-14 13:00:00+00:00': 15691.668924365018, '2025-06-14 16:00:00+00:00': 15232.596791552744, '2025-06-14 17:00:00+00:00': 15579.036502746549, '2025-06-14 18:00:00+00:00': 15660.02243348248, '2025-06-14 19:00:00+00:00': 15139.850881588192, '2025-06-15 00:00:00+00:00': 14834.87394625368, '2025-06-15 02:00:00+00:00': 15645.535895652498, '2025-06-15 03:00:00+00:00': 15221.25063770659, '2025-06-15 08:00:00+00:00': 15237.754507659763, '2025-06-15 11:00:00+00:00': 15214.442132427, '2025-06-15 14:00:00+00:00': 15159.434214921526, '2025-06-15 17:00:00+00:00': 14949.74894625368, '2025-06-15 20:00:00+00:00': 14923.429501809234, '2025-06-15 21:00:00+00:00': 14328.70478925296, '2025-06-16 01:00:00+00:00': 14863.429501809234, '2025-06-16 03:00:00+00:00': 14769.11448285877, '2025-06-16 04:00:00+00:00': 14733.19410752089, '2025-06-16 05:00:00+00:00': 14528.582387825785, '2025-06-16 06:00:00+00:00': 14504.534367028653, '2025-06-16 08:00:00+00:00': 14297.478200832464, '2025-06-16 09:00:00+00:00': 14818.012417126318, '2025-06-16 10:00:00+00:00': 14196.945439856134, '2025-06-16 12:00:00+00:00': 14892.764999466142, '2025-06-16 14:00:00+00:00': 13871.0446853575, '2025-06-16 15:00:00+00:00': 14119.321082873026, '2025-06-16 16:00:00+00:00': 13671.271417619237, '2025-06-16 17:00:00+00:00': 13588.244954065018, '2025-06-16 19:00:00+00:00': 13985.392511444456, '2025-06-16 20:00:00+00:00': 13752.632565716616, '2025-06-16 21:00:00+00:00': 13748.956077762563, '2025-06-16 22:00:00+00:00': 14551.74826751383, '2025-06-16 23:00:00+00:00': 14641.613225072306, '2025-06-17 02:00:00+00:00': 14236.978747613739, '2025-06-17 07:00:00+00:00': 13500.695639054782, '2025-06-17 10:00:00+00:00': 13403.945424286707, '2025-06-17 11:00:00+00:00': 14142.143786244935, '2025-06-17 13:00:00+00:00': 14352.821802070355, '2025-06-17 14:00:00+00:00': 14057.293662579254, '2025-06-17 15:00:00+00:00': 13731.313845339339, '2025-06-17 16:00:00+00:00': 13791.568027593361, '2025-06-17 17:00:00+00:00': 13021.048111566079, '2025-06-17 20:00:00+00:00': 13219.526088382361, '2025-06-18 09:00:00+00:00': 13543.95799057156, '2025-06-18 11:00:00+00:00': 13326.545709869804, '2025-06-18 12:00:00+00:00': 13988.44663961571, '2025-06-18 14:00:00+00:00': 14016.172737765617, '2025-06-18 15:00:00+00:00': 13094.667009173516, '2025-06-18 16:00:00+00:00': 12566.823975330895, '2025-06-18 17:00:00+00:00': 13172.801950451327, '2025-06-18 18:00:00+00:00': 13000.228340880825, '2025-06-18 19:00:00+00:00': 12384.754161935842, '2025-06-18 21:00:00+00:00': 12489.741187242826, '2025-06-19 04:00:00+00:00': 12653.403734550444, '2025-06-19 07:00:00+00:00': 11898.154671723743, '2025-06-19 08:00:00+00:00': 12079.818217039521, '2025-06-19 10:00:00+00:00': 12296.516230076068, '2025-06-19 11:00:00+00:00': 12111.241698125157, '2025-06-19 12:00:00+00:00': 12639.57040121711, '2025-06-19 17:00:00+00:00': 12404.462658647497, '2025-06-19 18:00:00+00:00': 12002.489878618206, '2025-06-19 20:00:00+00:00': 12153.001547717864, '2025-06-19 21:00:00+00:00': 11781.916993697527, '2025-06-19 22:00:00+00:00': 11353.271623825049, '2025-06-20 01:00:00+00:00': 11261.005305014733, '2025-06-20 07:00:00+00:00': 11142.925350316054, '2025-06-20 08:00:00+00:00': 10374.67070285536, '2025-06-20 09:00:00+00:00': 10268.830536560845, '2025-06-20 11:00:00+00:00': 11322.760370259943, '2025-06-20 12:00:00+00:00': 10197.63746686378, '2025-06-20 13:00:00+00:00': 11461.180708005117, '2025-06-20 15:00:00+00:00': 11327.652211127546, '2025-06-20 18:00:00+00:00': 11055.400479388078, '2025-06-21 02:00:00+00:00': 10563.42957251628, '2025-06-21 09:00:00+00:00': 10807.174288911889, '2025-06-21 16:00:00+00:00': 11228.217961807804, '2025-06-21 17:00:00+00:00': 10675.980906000721, '2025-06-21 19:00:00+00:00': 12031.257194500582, '2025-06-21 20:00:00+00:00': 12425.60423231922, '2025-06-21 22:00:00+00:00': 12550.570827363963, '2025-06-21 23:00:00+00:00': 12472.05155696268, '2025-06-22 01:00:00+00:00': 12523.959780231917, '2025-06-22 10:00:00+00:00': 12831.768165755546, '2025-06-22 14:00:00+00:00': 13642.94822291929, '2025-06-22 15:00:00+00:00': 13586.355592106796, '2025-06-22 16:00:00+00:00': 12679.889705097165, '2025-06-22 23:00:00+00:00': 13171.26169224094, '2025-06-23 01:00:00+00:00': 13283.878129474044, '2025-06-23 02:00:00+00:00': 13064.969557409479, '2025-06-23 03:00:00+00:00': 12899.313805505742, '2025-06-23 04:00:00+00:00': 12983.756433976301, '2025-06-23 05:00:00+00:00': 12763.951736540224, '2025-06-23 09:00:00+00:00': 12300.48406894158, '2025-06-23 13:00:00+00:00': 12643.418403206892, '2025-06-23 14:00:00+00:00': 12544.391659235987, '2025-06-23 19:00:00+00:00': 11748.963692700941, '2025-06-23 21:00:00+00:00': 12028.839064738555, '2025-06-23 22:00:00+00:00': 11936.50282782046, '2025-06-23 23:00:00+00:00': 11645.521047031, '2025-06-24 01:00:00+00:00': 11124.583035628792, '2025-06-24 02:00:00+00:00': 11217.759492168556, '2025-06-24 03:00:00+00:00': 11030.227292620326, '2025-06-24 05:00:00+00:00': 10852.442429655724, '2025-06-24 07:00:00+00:00': 11402.959492168557, '2025-06-24 09:00:00+00:00': 10671.45186361799, '2025-06-24 14:00:00+00:00': 10956.721708935003, '2025-06-24 15:00:00+00:00': 11540.737269946334, '2025-06-24 17:00:00+00:00': 10479.785196951323, '2025-06-24 21:00:00+00:00': 10291.31134886, '2025-06-24 22:00:00+00:00': 10187.03206958072, '2025-06-25 01:00:00+00:00': 9972.46522529695, '2025-06-25 07:00:00+00:00': 10053.10349815215, '2025-06-25 09:00:00+00:00': 10402.363939948762, '2025-06-25 14:00:00+00:00': 10302.612146609395, '2025-06-25 15:00:00+00:00': 10195.57228763115, '2025-06-25 16:00:00+00:00': 10050.48865706581, '2025-06-26 00:00:00+00:00': 9939.655323732475, '2025-06-26 10:00:00+00:00': 9840.72384032728, '2025-06-26 14:00:00+00:00': 9720.125318653983, '2025-06-26 16:00:00+00:00': 9609.926792955013, '2025-06-27 00:00:00+00:00': 9469.814636535486, '2025-07-01 00:00:00+00:00': 9599.067406007887, '2025-07-01 07:00:00+00:00': 9735.824628311133, '2025-07-01 09:00:00+00:00': 9583.687911097819, '2025-07-01 10:00:00+00:00': 9735.860369161204, '2025-07-01 13:00:00+00:00': 9730.668451241454, '2025-07-01 15:00:00+00:00': 9233.325469596797, '2025-07-01 20:00:00+00:00': 9332.035505613056, '2025-07-01 21:00:00+00:00': 9452.38677409549, '2025-07-02 03:00:00+00:00': 9747.641293632576, '2025-07-02 07:00:00+00:00': 9649.290296311861, '2025-07-02 08:00:00+00:00': 9821.388503724302, '2025-07-02 09:00:00+00:00': 9697.309999179683, '2025-07-02 12:00:00+00:00': 9738.238790116522, '2025-07-02 13:00:00+00:00': 9691.590540685555, '2025-07-02 15:00:00+00:00': 9677.379057814816, '2025-07-02 16:00:00+00:00': 9560.986331786951, '2025-07-02 17:00:00+00:00': 9666.56515535518, '2025-07-02 18:00:00+00:00': 9612.13090990388, '2025-07-02 21:00:00+00:00': 9708.602713498469, '2025-07-03 02:00:00+00:00': 9578.528933838243, '2025-07-03 04:00:00+00:00': 9700.003159669759, '2025-07-03 05:00:00+00:00': 9725.303522841834, '2025-07-03 07:00:00+00:00': 9694.3285940073, '2025-07-03 10:00:00+00:00': 9637.377055510331, '2025-07-03 13:00:00+00:00': 9701.982188233906, '2025-07-03 14:00:00+00:00': 9637.307713144044, '2025-07-03 16:00:00+00:00': 9853.901390488913, '2025-07-03 17:00:00+00:00': 9630.63090990388, '2025-07-03 18:00:00+00:00': 9661.917415357533, '2025-07-03 20:00:00+00:00': 9858.220604926919, '2025-07-04 05:00:00+00:00': 9692.60704279223, '2025-07-04 08:00:00+00:00': 9667.627338349666, '2025-07-04 13:00:00+00:00': 9848.21585722553, '2025-07-04 15:00:00+00:00': 10030.592432063775, '2025-07-04 18:00:00+00:00': 9792.080271642099, '2025-07-04 23:00:00+00:00': 9852.554392633449, '2025-07-05 05:00:00+00:00': 10032.626360894903, '2025-07-05 06:00:00+00:00': 10013.19090484139, '2025-07-05 16:00:00+00:00': 10021.240379727937, '2025-07-05 18:00:00+00:00': 10019.499466937097, '2025-07-05 19:00:00+00:00': 10009.84960034177, '2025-07-06 00:00:00+00:00': 9991.404962821249, '2025-07-06 06:00:00+00:00': 9986.244666584265, '2025-07-06 07:00:00+00:00': 9976.185014817363, '2025-07-06 13:00:00+00:00': 9924.232516746953, '2025-07-06 14:00:00+00:00': 9903.410311053005, '2025-07-06 20:00:00+00:00': 9933.059725509189, '2025-07-06 21:00:00+00:00': 9851.198513547773, '2025-07-06 22:00:00+00:00': 9803.793742979156, '2025-07-07 01:00:00+00:00': 9875.325876560733, '2025-07-07 02:00:00+00:00': 9809.90845596821, '2025-07-07 07:00:00+00:00': 9839.114479235292, '2025-07-07 08:00:00+00:00': 9858.010828315644, '2025-07-07 13:00:00+00:00': 9880.45292582668, '2025-07-07 14:00:00+00:00': 9820.678027793989, '2025-07-07 21:00:00+00:00': 9752.20893414971, '2025-07-07 23:00:00+00:00': 9776.53554165111, '2025-07-08 02:00:00+00:00': 9839.927964967483, '2025-07-08 03:00:00+00:00': 9926.870156033536, '2025-07-08 08:00:00+00:00': 9834.22605015494, '2025-07-08 10:00:00+00:00': 9929.079603028458, '2025-07-08 16:00:00+00:00': 9979.23961910336, '2025-07-08 17:00:00+00:00': 9926.622699474356, '2025-07-08 18:00:00+00:00': 10012.47507275983, '2025-07-08 21:00:00+00:00': 10014.075037362492, '2025-07-08 22:00:00+00:00': 10001.54576768548, '2025-07-09 03:00:00+00:00': 9921.345042686422, '2025-07-09 04:00:00+00:00': 10081.867223380721, '2025-07-09 05:00:00+00:00': 10008.373636488801, '2025-07-09 09:00:00+00:00': 9915.003239194422, '2025-07-09 11:00:00+00:00': 9822.066984362835, '2025-07-09 18:00:00+00:00': 9992.20914587421, '2025-07-09 19:00:00+00:00': 9863.845918344467, '2025-07-09 20:00:00+00:00': 9774.03608510648, '2025-07-09 21:00:00+00:00': 9849.351219834269, '2025-07-09 22:00:00+00:00': 9844.13601708596, '2025-07-09 23:00:00+00:00': 10070.170761480522, '2025-07-10 00:00:00+00:00': 9770.800121301427, '2025-07-10 01:00:00+00:00': 9857.114280997961, '2025-07-10 13:00:00+00:00': 9907.569300226303, '2025-07-10 14:00:00+00:00': 9854.783535449154, '2025-07-10 17:00:00+00:00': 9845.494567298754, '2025-07-10 18:00:00+00:00': 10097.81770726238, '2025-07-10 22:00:00+00:00': 10100.526684898416, '2025-07-10 23:00:00+00:00': 10029.393533383263, '2025-07-11 03:00:00+00:00': 10094.715017947294, '2025-07-11 05:00:00+00:00': 10090.22079369526, '2025-07-11 09:00:00+00:00': 10103.027344149883, '2025-07-11 10:00:00+00:00': 10099.685527410105, '2025-07-11 12:00:00+00:00': 10109.575238631413, '2025-07-11 17:00:00+00:00': 10056.26830755517, '2025-07-11 18:00:00+00:00': 10035.126422426918, '2025-07-11 23:00:00+00:00': 10200.923895359903, '2025-07-12 01:00:00+00:00': 10268.006898199317, '2025-07-12 07:00:00+00:00': 10092.272727436459, '2025-07-12 08:00:00+00:00': 10249.996822273488, '2025-07-12 09:00:00+00:00': 10247.971454573379, '2025-07-12 16:00:00+00:00': 10366.10844233634, '2025-07-12 17:00:00+00:00': 10299.698936910005, '2025-07-12 18:00:00+00:00': 10066.758415061146, '2025-07-12 21:00:00+00:00': 10202.183631972113, '202