number,value,params_CONVERGENCE_THRESHOLD,params_FIXED_TRADE_PCT,params_MAX_HOLD_HOURS,params_MAX_POSITION_PCT,params_MIN_DIV,params_STOP_LOSS_PCT,params_TAKE_PROFIT_PCT,params_TRAIL_PCT,state,user_attrs_cooldown_trades_pct,user_attrs_equity_curves,user_attrs_total_trades
7,2.7103480407646217,0.03,0.04,48,0.02,0.03,0.1,0.7,0.6,COMPLETE,5.862361937128292,"[{'2025-05-01 00:00:00+00:00': 10000.0, '2025-05-01 02:00:00+00:00': 10083.441427621032, '2025-05-01 03:00:00+00:00': 10082.727831897115, '2025-05-01 06:00:00+00:00': 10087.266925738752, '2025-05-01 11:00:00+00:00': 10115.59155779639, '2025-05-01 13:00:00+00:00': 10233.780636610398, '2025-05-01 14:00:00+00:00': 10230.78550273774, '2025-05-01 15:00:00+00:00': 10237.284670368295, '2025-05-01 16:00:00+00:00': 10237.088632546567, '2025-05-02 01:00:00+00:00': 10228.452186739449, '2025-05-02 05:00:00+00:00': 10237.442279739813, '2025-05-02 06:00:00+00:00': 10241.053022214113, '2025-05-02 09:00:00+00:00': 10241.35198335087, '2025-05-02 13:00:00+00:00': 10234.154130657724, '2025-05-02 15:00:00+00:00': 10221.920994767528, '2025-05-02 18:00:00+00:00': 10214.894000268716, '2025-05-02 20:00:00+00:00': 10230.65902727627, '2025-05-03 00:00:00+00:00': 10226.335741082079, '2025-05-03 01:00:00+00:00': 10215.020342417673, '2025-05-04 03:00:00+00:00': 10167.243542495193, '2025-05-04 08:00:00+00:00': 10158.39967372705, '2025-05-04 22:00:00+00:00': 10120.088522656093, '2025-05-04 23:00:00+00:00': 10128.799212951937, '2025-05-05 00:00:00+00:00': 10160.573161675122, '2025-05-05 01:00:00+00:00': 10161.16459919316, '2025-05-05 02:00:00+00:00': 10173.22887833208, '2025-05-05 03:00:00+00:00': 10172.043411450204, '2025-05-05 06:00:00+00:00': 10156.095439018247, '2025-05-05 10:00:00+00:00': 10157.519362078121, '2025-05-05 11:00:00+00:00': 10132.575915028714, '2025-05-05 14:00:00+00:00': 10137.49041215965, '2025-05-05 17:00:00+00:00': 10131.79312164177, '2025-05-05 19:00:00+00:00': 10204.854691298675, '2025-05-05 23:00:00+00:00': 10244.565772975042, '2025-05-06 01:00:00+00:00': 10197.266441668204, '2025-05-06 05:00:00+00:00': 10240.992647903298, '2025-05-06 10:00:00+00:00': 10218.847337050145, '2025-05-06 16:00:00+00:00': 10248.236515340797, '2025-05-06 23:00:00+00:00': 10640.161009331405, '2025-05-07 00:00:00+00:00': 10346.107191049241, '2025-05-07 01:00:00+00:00': 10705.805856790706, '2025-05-07 02:00:00+00:00': 10818.682603381372, '2025-05-07 03:00:00+00:00': 10858.139328018733, '2025-05-07 11:00:00+00:00': 10824.47932268807, '2025-05-07 14:00:00+00:00': 10818.640472455078, '2025-05-07 17:00:00+00:00': 10832.708529957272, '2025-05-07 18:00:00+00:00': 10831.197253283954, '2025-05-07 20:00:00+00:00': 10894.518541772823, '2025-05-07 23:00:00+00:00': 10947.009028816512, '2025-05-08 01:00:00+00:00': 11005.530152006979, '2025-05-08 04:00:00+00:00': 11049.366680167406, '2025-05-08 09:00:00+00:00': 11161.53437354864, '2025-05-08 13:00:00+00:00': 10897.820296588668, '2025-05-08 16:00:00+00:00': 11212.235090685928, '2025-05-08 17:00:00+00:00': 11245.51189102693, '2025-05-08 19:00:00+00:00': 11241.63843665471, '2025-05-08 21:00:00+00:00': 11463.567844755686, '2025-05-08 23:00:00+00:00': 11436.472657966639, '2025-05-09 00:00:00+00:00': 11300.26970126924, '2025-05-09 02:00:00+00:00': 11456.205926600622, '2025-05-09 08:00:00+00:00': 11518.522465448004, '2025-05-09 09:00:00+00:00': 11508.957039980598, '2025-05-09 11:00:00+00:00': 11498.113882372885, '2025-05-09 15:00:00+00:00': 11486.391340386204, '2025-05-09 18:00:00+00:00': 11493.334312160367, '2025-05-10 01:00:00+00:00': 11487.965790159074, '2025-05-10 07:00:00+00:00': 11496.226417122192, '2025-05-10 08:00:00+00:00': 11499.55272057327, '2025-05-10 14:00:00+00:00': 11478.591906951287, '2025-05-10 17:00:00+00:00': 11469.734161226097, '2025-05-10 22:00:00+00:00': 11478.581239916028, '2025-05-11 10:00:00+00:00': 11566.934841702305, '2025-05-11 11:00:00+00:00': 11579.441653811713, '2025-05-11 19:00:00+00:00': 11587.706707750725, '2025-05-12 01:00:00+00:00': 11593.87836307791, '2025-05-12 02:00:00+00:00': 11599.458806743894, '2025-05-12 08:00:00+00:00': 11602.119482922439, '2025-05-12 09:00:00+00:00': 11617.065942068035, '2025-05-12 15:00:00+00:00': 11611.696040329332, '2025-05-12 21:00:00+00:00': 11689.701350525353, '2025-05-12 23:00:00+00:00': 11687.684703392264, '2025-05-13 01:00:00+00:00': 11685.190016902203, '2025-05-13 05:00:00+00:00': 11683.45424414421, '2025-05-13 16:00:00+00:00': 11711.072876833363, '2025-05-13 18:00:00+00:00': 11726.207674054975, '2025-05-13 20:00:00+00:00': 11723.77313318555, '2025-05-13 23:00:00+00:00': 11701.808970746439, '2025-05-14 00:00:00+00:00': 11696.379132605829, '2025-05-14 03:00:00+00:00': 11689.106064601649, '2025-05-14 06:00:00+00:00': 11686.684213418135, '2025-05-14 12:00:00+00:00': 11696.901529449508, '2025-05-14 19:00:00+00:00': 11688.964420680342, '2025-05-14 22:00:00+00:00': 11684.63323052739, '2025-05-15 01:00:00+00:00': 11682.581738097153, '2025-05-15 02:00:00+00:00': 11680.145423602413, '2025-05-15 12:00:00+00:00': 11694.477276332102, '2025-05-15 13:00:00+00:00': 11685.864912559253, '2025-05-15 21:00:00+00:00': 11728.58225014334, '2025-05-16 02:00:00+00:00': 11875.449471951735, '2025-05-16 03:00:00+00:00': 11872.12625168808, '2025-05-16 05:00:00+00:00': 11866.932206480255, '2025-05-16 07:00:00+00:00': 11857.53667339232, '2025-05-16 11:00:00+00:00': 11882.189483475058, '2025-05-16 14:00:00+00:00': 11892.236241920697, '2025-05-16 17:00:00+00:00': 11911.257075690979, '2025-05-16 20:00:00+00:00': 11897.113424355932, '2025-05-16 22:00:00+00:00': 11898.135721243409, '2025-05-17 01:00:00+00:00': 11880.00574306893, '2025-05-17 04:00:00+00:00': 11892.823252582843, '2025-05-17 05:00:00+00:00': 11925.163878090527, '2025-05-17 09:00:00+00:00': 11906.505804578508, '2025-05-17 15:00:00+00:00': 11909.480732357213, '2025-05-17 18:00:00+00:00': 11915.067840404494, '2025-05-17 21:00:00+00:00': 11914.569470703029, '2025-05-17 22:00:00+00:00': 11909.343903638237, '2025-05-18 01:00:00+00:00': 11928.198941822318, '2025-05-18 03:00:00+00:00': 11920.963125471893, '2025-05-18 06:00:00+00:00': 12035.038598905618, '2025-05-18 09:00:00+00:00': 12045.85838458193, '2025-05-18 11:00:00+00:00': 12047.518195983348, '2025-05-18 16:00:00+00:00': 12033.688542515965, '2025-05-18 17:00:00+00:00': 12100.988609455, '2025-05-18 18:00:00+00:00': 12106.789817804289, '2025-05-18 19:00:00+00:00': 12074.439298363091, '2025-05-18 20:00:00+00:00': 12084.609560327955, '2025-05-18 21:00:00+00:00': 12168.662740759368, '2025-05-19 00:00:00+00:00': 12253.011280003604, '2025-05-19 01:00:00+00:00': 12242.202066602065, '2025-05-19 02:00:00+00:00': 12235.188700247643, '2025-05-19 04:00:00+00:00': 12282.748643004683, '2025-05-19 08:00:00+00:00': 12310.457370906845, '2025-05-19 12:00:00+00:00': 12315.50807981009, '2025-05-19 16:00:00+00:00': 12582.889519377577, '2025-05-19 17:00:00+00:00': 12586.462837263767, '2025-05-19 18:00:00+00:00': 12575.17086096857, '2025-05-19 20:00:00+00:00': 12676.33016822004, '2025-05-19 23:00:00+00:00': 12672.09363300846, '2025-05-20 02:00:00+00:00': 12688.83942613364, '2025-05-20 05:00:00+00:00': 12703.013478157518, '2025-05-20 06:00:00+00:00': 12692.354807608996, '2025-05-20 08:00:00+00:00': 12728.905255961165, '2025-05-20 12:00:00+00:00': 12717.037611109845, '2025-05-20 14:00:00+00:00': 12733.555756000631, '2025-05-20 16:00:00+00:00': 12737.63370452974, '2025-05-20 18:00:00+00:00': 12884.88562665064, '2025-05-20 20:00:00+00:00': 12977.379648878621, '2025-05-21 01:00:00+00:00': 13273.724874963038, '2025-05-21 05:00:00+00:00': 13288.190459689433, '2025-05-21 07:00:00+00:00': 13268.087386133158, '2025-05-21 08:00:00+00:00': 13267.597236701866, '2025-05-21 10:00:00+00:00': 13232.979113990306, '2025-05-21 15:00:00+00:00': 13483.754626399632, '2025-05-21 18:00:00+00:00': 13354.101260059851, '2025-05-21 20:00:00+00:00': 13457.890701997572, '2025-05-21 21:00:00+00:00': 13270.541243104266, '2025-05-22 00:00:00+00:00': 13593.94971376142, '2025-05-22 01:00:00+00:00': 13515.36438084809, '2025-05-22 04:00:00+00:00': 13724.368367977548, '2025-05-22 07:00:00+00:00': 13752.692025253255, '2025-05-22 09:00:00+00:00': 13782.682467792507, '2025-05-22 12:00:00+00:00': 13821.442784443234, '2025-05-22 14:00:00+00:00': 13810.69638353617, '2025-05-22 19:00:00+00:00': 13812.711210160478, '2025-05-22 21:00:00+00:00': 13832.621062389546, '2025-05-23 00:00:00+00:00': 13835.087411613524, '2025-05-23 05:00:00+00:00': 13810.807156489556, '2025-05-23 06:00:00+00:00': 13800.395774404125, '2025-05-23 07:00:00+00:00': 13808.529307282231, '2025-05-23 22:00:00+00:00': 13990.270831993848, '2025-05-24 00:00:00+00:00': 13987.537942524641, '2025-05-24 04:00:00+00:00': 13995.768368620273, '2025-05-24 08:00:00+00:00': 14008.113158073911, '2025-05-24 11:00:00+00:00': 14029.04914221776, '2025-05-24 13:00:00+00:00': 14029.310833395924, '2025-05-24 23:00:00+00:00': 14030.663538933524, '2025-05-25 14:00:00+00:00': 14033.92344609237, '2025-05-25 19:00:00+00:00': 14047.355906448616, '2025-05-25 23:00:00+00:00': 14274.702845224127, '2025-05-26 01:00:00+00:00': 14282.46897700562, '2025-05-26 09:00:00+00:00': 14284.364839077334, '2025-05-26 16:00:00+00:00': 14301.994708625873, '2025-05-26 21:00:00+00:00': 14312.803859697073, '2025-05-27 02:00:00+00:00': 14329.551352770079, '2025-05-27 04:00:00+00:00': 14362.012349211864, '2025-05-27 08:00:00+00:00': 14394.903049793575, '2025-05-27 13:00:00+00:00': 14392.730620675482, '2025-05-27 15:00:00+00:00': 14389.908462800944, '2025-05-28 17:00:00+00:00': 14485.880755618102, '2025-05-28 20:00:00+00:00': 14477.30488320683, '2025-05-29 05:00:00+00:00': 14465.574723530464, '2025-05-29 18:00:00+00:00': 14469.095433862465, '2025-05-31 02:00:00+00:00': 14317.45341699584, '2025-05-31 03:00:00+00:00': 14202.770735675933, '2025-05-31 04:00:00+00:00': 15313.478186138238, '2025-05-31 05:00:00+00:00': 14477.374749874452, '2025-05-31 06:00:00+00:00': 15535.296111328598, '2025-05-31 07:00:00+00:00': 15781.403247204044, '2025-05-31 08:00:00+00:00': 16560.238845072796, '2025-05-31 09:00:00+00:00': 16478.077409034657, '2025-05-31 10:00:00+00:00': 16468.386638381184, '2025-05-31 11:00:00+00:00': 16028.566937171781, '2025-05-31 12:00:00+00:00': 16394.66392826155, '2025-05-31 13:00:00+00:00': 16420.09770011987, '2025-05-31 16:00:00+00:00': 16334.659571714406, '2025-05-31 17:00:00+00:00': 16592.33159517417, '2025-05-31 22:00:00+00:00': 16262.960091136201, '2025-05-31 23:00:00+00:00': 16232.745835902966, '2025-06-01 01:00:00+00:00': 16223.201866963725, '2025-06-01 02:00:00+00:00': 16287.18079249282, '2025-06-01 13:00:00+00:00': 16403.116359351545, '2025-06-01 23:00:00+00:00': 14371.942903828263, '2025-06-02 02:00:00+00:00': 16219.979770374108, '2025-06-02 03:00:00+00:00': 14349.294020762098, '2025-06-02 04:00:00+00:00': 15786.932347442651, '2025-06-02 07:00:00+00:00': 16581.81882244701, '2025-06-02 08:00:00+00:00': 16165.341675833435, '2025-06-02 10:00:00+00:00': 16325.263398005904, '2025-06-02 11:00:00+00:00': 15797.304190295616, '2025-06-02 12:00:00+00:00': 15857.758811050588, '2025-06-02 14:00:00+00:00': 16163.399937970487, '2025-06-02 16:00:00+00:00': 15784.59140499966, '2025-06-02 17:00:00+00:00': 15951.981272706988, '2025-06-02 18:00:00+00:00': 16268.978160509469, '2025-06-02 19:00:00+00:00': 15953.267465616877, '2025-06-02 22:00:00+00:00': 16215.676327724223, '2025-06-02 23:00:00+00:00': 16119.792542419804, '2025-06-03 00:00:00+00:00': 16083.230603052598, '2025-06-03 01:00:00+00:00': 16093.294065555496, '2025-06-03 02:00:00+00:00': 16008.176961397845, '2025-06-03 04:00:00+00:00': 15803.222879575027, '2025-06-03 06:00:00+00:00': 15547.579102378324, '2025-06-03 10:00:00+00:00': 15542.769689846335, '2025-06-03 12:00:00+00:00': 15862.552046523768, '2025-06-03 14:00:00+00:00': 16068.421914340817, '2025-06-03 15:00:00+00:00': 15496.008975694469, '2025-06-03 18:00:00+00:00': 15410.764107165805, '2025-06-03 21:00:00+00:00': 15414.9682215661, '2025-06-03 22:00:00+00:00': 15550.996614962969, '2025-06-03 23:00:00+00:00': 15429.114567383313, '2025-06-04 05:00:00+00:00': 15346.96260253281, '2025-06-04 07:00:00+00:00': 15343.0565569081, '2025-06-04 09:00:00+00:00': 15181.636930088374, '2025-06-04 12:00:00+00:00': 16298.55093554995, '2025-06-04 13:00:00+00:00': 16294.574956175671, '2025-06-04 16:00:00+00:00': 14972.993341578867, '2025-06-04 17:00:00+00:00': 15435.537862924817, '2025-06-04 21:00:00+00:00': 15623.94185882441, '2025-06-04 22:00:00+00:00': 16520.229081233483, '2025-06-05 00:00:00+00:00': 15044.604559754134, '2025-06-05 01:00:00+00:00': 16438.52904725864, '2025-06-05 02:00:00+00:00': 15866.683893071087, '2025-06-05 05:00:00+00:00': 16348.267707617748, '2025-06-05 06:00:00+00:00': 14968.109092304283, '2025-06-05 07:00:00+00:00': 15108.11197520873, '2025-06-05 10:00:00+00:00': 16188.835274529643, '2025-06-05 13:00:00+00:00': 16349.410852426088, '2025-06-05 16:00:00+00:00': 16177.980718640736, '2025-06-05 17:00:00+00:00': 16443.893645912085, '2025-06-05 18:00:00+00:00': 16286.806779685057, '2025-06-05 19:00:00+00:00': 16584.992913040947, '2025-06-05 20:00:00+00:00': 16498.777576221815, '2025-06-05 21:00:00+00:00': 16263.926686155215, '2025-06-05 22:00:00+00:00': 17271.888114331134, '2025-06-06 00:00:00+00:00': 17211.040776740785, '2025-06-06 02:00:00+00:00': 17006.531822089848, '2025-06-06 03:00:00+00:00': 16212.35364986338, '2025-06-06 04:00:00+00:00': 17012.94107556486, '2025-06-06 05:00:00+00:00': 16950.327600200402, '2025-06-06 09:00:00+00:00': 16665.61743554201, '2025-06-06 10:00:00+00:00': 16732.862846475186, '2025-06-06 11:00:00+00:00': 16573.638335098083, '2025-06-06 13:00:00+00:00': 16811.21285635086, '2025-06-06 14:00:00+00:00': 16520.78408059869, '2025-06-06 15:00:00+00:00': 16250.904352749742, '2025-06-06 18:00:00+00:00': 15976.305503033884, '2025-06-07 02:00:00+00:00': 15888.778530208367, '2025-06-07 07:00:00+00:00': 15872.695985169352, '2025-06-07 14:00:00+00:00': 16115.944433634644, '2025-06-07 21:00:00+00:00': 16185.337850641785, '2025-06-07 22:00:00+00:00': 16905.811911373497, '2025-06-07 23:00:00+00:00': 15778.470584342325, '2025-06-08 09:00:00+00:00': 15544.939639886563, '2025-06-08 10:00:00+00:00': 15658.107655221602, '2025-06-08 11:00:00+00:00': 16496.784302923, '2025-06-08 13:00:00+00:00': 15756.31249105821, '2025-06-08 14:00:00+00:00': 15712.899901851864, '2025-06-08 15:00:00+00:00': 16305.822657450228, '2025-06-08 16:00:00+00:00': 15945.66130196017, '2025-06-08 17:00:00+00:00': 15812.820479716842, '2025-06-08 22:00:00+00:00': 15803.950046223676, '2025-06-09 03:00:00+00:00': 15634.901265239481, '2025-06-09 06:00:00+00:00': 15451.903675087384, '2025-06-09 10:00:00+00:00': 15440.80005047264, '2025-06-09 11:00:00+00:00': 15559.549929996763, '2025-06-09 12:00:00+00:00': 16053.929157833367, '2025-06-09 13:00:00+00:00': 16177.422977584365, '2025-06-09 15:00:00+00:00': 15841.381797049318, '2025-06-09 18:00:00+00:00': 15839.632266774763, '2025-06-09 19:00:00+00:00': 15791.795312035061, '2025-06-09 22:00:00+00:00': 15360.2108726467, '2025-06-09 23:00:00+00:00': 15840.02075355274, '2025-06-10 00:00:00+00:00': 15796.577093107444, '2025-06-10 01:00:00+00:00': 15285.047909119749, '2025-06-10 02:00:00+00:00': 15239.151827122994, '2025-06-10 09:00:00+00:00': 15192.174577239948, '2025-06-10 12:00:00+00:00': 15219.527617932607, '2025-06-10 15:00:00+00:00': 15150.692789367611, '2025-06-10 19:00:00+00:00': 14794.059216763182, '2025-06-10 23:00:00+00:00': 15338.78206181592, '2025-06-11 00:00:00+00:00': 14788.74882735441, '2025-06-11 05:00:00+00:00': 15059.107906029129, '2025-06-11 10:00:00+00:00': 14766.818606493074, '2025-06-11 15:00:00+00:00': 14849.401838176918, '2025-06-11 16:00:00+00:00': 15061.761819243242, '2025-06-11 17:00:00+00:00': 14840.730094543296, '2025-06-11 19:00:00+00:00': 15320.730392092804, '2025-06-11 20:00:00+00:00': 14761.281540917385, '2025-06-11 21:00:00+00:00': 16266.685691034952, '2025-06-11 22:00:00+00:00': 16175.816766092525, '2025-06-11 23:00:00+00:00': 15164.4822384619, '2025-06-12 01:00:00+00:00': 16367.144149328189, '2025-06-12 05:00:00+00:00': 16449.526392688465, '2025-06-12 06:00:00+00:00': 16518.247294786044, '2025-06-12 07:00:00+00:00': 16328.740921127504, '2025-06-12 08:00:00+00:00': 16438.73770806743, '2025-06-12 11:00:00+00:00': 16044.46476931219, '2025-06-12 12:00:00+00:00': 16097.47500713797, '2025-06-12 13:00:00+00:00': 16371.051649787134, '2025-06-12 20:00:00+00:00': 16160.767317298929, '2025-06-12 21:00:00+00:00': 15730.622448609089, '2025-06-12 22:00:00+00:00': 15777.941350194422, '2025-06-13 00:00:00+00:00': 15529.611525860597, '2025-06-13 01:00:00+00:00': 16200.421114145818, '2025-06-13 02:00:00+00:00': 16480.29450094931, '2025-06-13 03:00:00+00:00': 16338.56764353507, '2025-06-13 04:00:00+00:00': 15783.109244534038, '2025-06-13 08:00:00+00:00': 15826.110664029073, '2025-06-13 12:00:00+00:00': 15649.305661645818, '2025-06-13 14:00:00+00:00': 15345.480132891587, '2025-06-13 17:00:00+00:00': 15044.985664575292, '2025-06-14 00:00:00+00:00': 15114.397700557662, '2025-06-14 01:00:00+00:00': 14858.38874819031, '2025-06-14 11:00:00+00:00': 16419.611341644835, '2025-06-14 17:00:00+00:00': 16086.079862707053, '2025-06-15 02:00:00+00:00': 16487.159649732777, '2025-06-15 04:00:00+00:00': 15774.196201055778, '2025-06-15 10:00:00+00:00': 15101.59619943072, '2025-06-15 13:00:00+00:00': 15336.898622657123, '2025-06-15 17:00:00+00:00': 15390.374114494307, '2025-06-15 18:00:00+00:00': 14913.233740203808, '2025-06-16 01:00:00+00:00': 14883.253229711067, '2025-06-16 02:00:00+00:00': 14863.691956470946, '2025-06-16 03:00:00+00:00': 14967.227891644983, '2025-06-16 05:00:00+00:00': 14902.67477442746, '2025-06-16 06:00:00+00:00': 14643.147406299937, '2025-06-16 08:00:00+00:00': 14039.488093813528, '2025-06-16 10:00:00+00:00': 14525.495137925565, '2025-06-16 12:00:00+00:00': 14931.442727751435, '2025-06-16 14:00:00+00:00': 14169.073725689952, '2025-06-16 15:00:00+00:00': 13917.439525069518, '2025-06-16 18:00:00+00:00': 15156.871149194754, '2025-06-16 19:00:00+00:00': 13871.130903584912, '2025-06-16 20:00:00+00:00': 13899.448987760034, '2025-06-16 21:00:00+00:00': 13849.380929786514, '2025-06-16 23:00:00+00:00': 14355.10025214325, '2025-06-17 00:00:00+00:00': 14736.526369732233, '2025-06-17 01:00:00+00:00': 14669.267338217873, '2025-06-17 05:00:00+00:00': 15209.258703517338, '2025-06-17 07:00:00+00:00': 14816.533683217363, '2025-06-17 08:00:00+00:00': 13846.538888108915, '2025-06-17 10:00:00+00:00': 14446.476034824758, '2025-06-17 11:00:00+00:00': 14399.239009644443, '2025-06-17 12:00:00+00:00': 14547.726433241354, '2025-06-17 13:00:00+00:00': 14274.046815154148, '2025-06-17 14:00:00+00:00': 14325.885979264076, '2025-06-17 15:00:00+00:00': 14586.350007680656, '2025-06-17 16:00:00+00:00': 13680.851884572858, '2025-06-17 17:00:00+00:00': 13142.393388886165, '2025-06-17 20:00:00+00:00': 13234.106298813604, '2025-06-18 05:00:00+00:00': 12572.57055509041, '2025-06-18 13:00:00+00:00': 12848.914749404574, '2025-06-18 18:00:00+00:00': 12925.563365333752, '2025-06-18 19:00:00+00:00': 12292.036494880123, '2025-06-18 23:00:00+00:00': 14219.511421165416, '2025-06-19 04:00:00+00:00': 12354.613069834584, '2025-06-19 07:00:00+00:00': 12289.732791324237, '2025-06-19 08:00:00+00:00': 12435.45334321012, '2025-06-19 10:00:00+00:00': 13869.314165146325, '2025-06-19 11:00:00+00:00': 12778.732317951844, '2025-06-19 13:00:00+00:00': 14083.708466566259, '2025-06-19 16:00:00+00:00': 12986.266456992234, '2025-06-19 18:00:00+00:00': 12496.69117451313, '2025-06-19 21:00:00+00:00': 12102.627862568877, '2025-06-19 23:00:00+00:00': 12200.958198416443, '2025-06-20 02:00:00+00:00': 11733.64043147175, '2025-06-20 05:00:00+00:00': 11815.663950479022, '2025-06-20 08:00:00+00:00': 11266.856442378099, '2025-06-20 09:00:00+00:00': 11630.488490694897, '2025-06-20 10:00:00+00:00': 11938.4460220204, '2025-06-20 11:00:00+00:00': 11888.02432045311, '2025-06-20 12:00:00+00:00': 11128.68005165339, '2025-06-20 13:00:00+00:00': 11987.03783907759, '2025-06-20 14:00:00+00:00': 12049.930000374241, '2025-06-20 15:00:00+00:00': 11922.90462450171, '2025-06-20 17:00:00+00:00': 11190.311069115138, '2025-06-20 18:00:00+00:00': 12225.95689868956, '2025-06-20 21:00:00+00:00': 12175.800444916493, '2025-06-20 23:00:00+00:00': 11802.268383645573, '2025-06-21 01:00:00+00:00': 11882.579555804652, '2025-06-21 02:00:00+00:00': 11950.034770883163, '2025-06-21 08:00:00+00:00': 11875.533444312247, '2025-06-21 09:00:00+00:00': 11958.233118011749, '2025-06-21 10:00:00+00:00': 11753.305798706439, '2025-06-21 16:00:00+00:00': 11700.554614754648, '2025-06-21 19:00:00+00:00': 13145.349575890854, '2025-06-21 20:00:00+00:00': 11821.982990275807, '2025-06-21 22:00:00+00:00': 13203.114707869052, '2025-06-21 23:00:00+00:00': 13073.518574348502, '2025-06-22 00:00:00+00:00': 12834.901633312045, '2025-06-22 01:00:00+00:00': 13081.739726372472, '2025-06-22 08:00:00+00:00': 13143.047358587837, '2025-06-22 10:00:00+00:00': 13959.007739731273, '2025-06-22 14:00:00+00:00': 13920.788394802783, '2025-06-22 15:00:00+00:00': 13638.102483482513, '2025-06-22 23:00:00+00:00': 13740.439630790483, '2025-06-23 00:00:00+00:00': 13599.119710226882, '2025-06-23 01:00:00+00:00': 13364.134374637024, '2025-06-23 02:00:00+00:00': 13094.799930698086, '2025-06-23 03:00:00+00:00': 13307.823391883525, '2025-06-23 04:00:00+00:00': 13148.537054039789, '2025-06-23 05:00:00+00:00': 12889.043384311433, '2025-06-23 06:00:00+00:00': 12980.601076619125, '2025-06-23 07:00:00+00:00': 13228.709467832892, '2025-06-23 09:00:00+00:00': 12623.728500603947, '2025-06-23 13:00:00+00:00': 12525.418641449018, '2025-06-23 14:00:00+00:00': 12467.154897530849, '2025-06-23 19:00:00+00:00': 11982.43530038998, '2025-06-23 21:00:00+00:00': 12202.370362745944, '2025-06-23 22:00:00+00:00': 12121.082214982009, '2025-06-23 23:00:00+00:00': 11841.878352630296, '2025-06-24 01:00:00+00:00': 11538.53447266294, '2025-06-24 02:00:00+00:00': 11457.537776770698, '2025-06-24 03:00:00+00:00': 11376.607805144766, '2025-06-24 04:00:00+00:00': 11148.9096110