number,value,params_CONVERGENCE_THRESHOLD,params_FIXED_TRADE_PCT,params_MAX_HOLD_HOURS,params_MAX_POSITION_PCT,params_MIN_DIV,params_STOP_LOSS_PCT,params_TAKE_PROFIT_PCT,params_TRAIL_PCT,state,user_attrs_cooldown_trades_pct,user_attrs_equity_curves,user_attrs_total_trades
3,17.585649743843568,0.02,0.06,72,0.01,0.045,0.2,0.5,0.6,COMPLETE,2.642559109874826,"[{'2025-05-01 00:00:00+00:00': 10000.0, '2025-05-01 02:00:00+00:00': 10096.82250483897, '2025-05-01 06:00:00+00:00': 10104.4788192672, '2025-05-01 07:00:00+00:00': 10105.271799928432, '2025-05-01 11:00:00+00:00': 10306.099895246887, '2025-05-01 13:00:00+00:00': 10116.14360558023, '2025-05-01 15:00:00+00:00': 10343.674240991097, '2025-05-01 16:00:00+00:00': 10198.04739451558, '2025-05-01 17:00:00+00:00': 10386.693443411039, '2025-05-02 01:00:00+00:00': 10337.1838216147, '2025-05-02 13:00:00+00:00': 10294.206985558032, '2025-05-02 15:00:00+00:00': 10335.79568960356, '2025-05-02 16:00:00+00:00': 10315.696173854652, '2025-05-02 17:00:00+00:00': 10322.759371371354, '2025-05-02 19:00:00+00:00': 10309.931994003706, '2025-05-02 20:00:00+00:00': 10333.799548037145, '2025-05-03 10:00:00+00:00': 10300.907337307557, '2025-05-05 01:00:00+00:00': 10239.875694772903, '2025-05-05 02:00:00+00:00': 10184.847078821014, '2025-05-05 03:00:00+00:00': 10182.991663960587, '2025-05-06 12:00:00+00:00': 10167.345675703733, '2025-05-06 16:00:00+00:00': 10536.383247729496, '2025-05-06 17:00:00+00:00': 10534.464714473152, '2025-05-06 20:00:00+00:00': 10554.73082053675, '2025-05-06 23:00:00+00:00': 10492.879163357262, '2025-05-07 00:00:00+00:00': 10500.614327060015, '2025-05-07 01:00:00+00:00': 10675.739219610818, '2025-05-07 02:00:00+00:00': 10886.97214113713, '2025-05-07 04:00:00+00:00': 10946.56415135784, '2025-05-07 17:00:00+00:00': 10947.552965052939, '2025-05-07 18:00:00+00:00': 11145.280526136867, '2025-05-07 20:00:00+00:00': 11267.908856706315, '2025-05-07 23:00:00+00:00': 11271.360535550133, '2025-05-08 04:00:00+00:00': 11479.867560822688, '2025-05-08 11:00:00+00:00': 11260.871317073064, '2025-05-08 16:00:00+00:00': 11491.804794127438, '2025-05-08 17:00:00+00:00': 11530.705761302479, '2025-05-08 22:00:00+00:00': 11796.902890310887, '2025-05-09 00:00:00+00:00': 11735.981497207353, '2025-05-09 03:00:00+00:00': 11841.09026154372, '2025-05-09 08:00:00+00:00': 11669.279592169878, '2025-05-09 09:00:00+00:00': 12036.353074946952, '2025-05-09 11:00:00+00:00': 12024.522749235543, '2025-05-09 14:00:00+00:00': 12035.775927365286, '2025-05-09 18:00:00+00:00': 12023.878241648144, '2025-05-09 19:00:00+00:00': 12021.279259045963, '2025-05-09 21:00:00+00:00': 12039.49454246474, '2025-05-10 07:00:00+00:00': 12074.303841462492, '2025-05-10 08:00:00+00:00': 12073.247072975213, '2025-05-10 22:00:00+00:00': 12068.234909262124, '2025-05-11 00:00:00+00:00': 12162.72120286671, '2025-05-11 01:00:00+00:00': 12107.052582559409, '2025-05-11 19:00:00+00:00': 12238.698028802572, '2025-05-12 01:00:00+00:00': 12242.361621930133, '2025-05-12 02:00:00+00:00': 12246.0707263762, '2025-05-12 12:00:00+00:00': 12242.129834502992, '2025-05-12 16:00:00+00:00': 12312.474662089198, '2025-05-12 19:00:00+00:00': 12326.987764708263, '2025-05-12 21:00:00+00:00': 12385.002649643682, '2025-05-13 12:00:00+00:00': 12510.788857702126, '2025-05-14 08:00:00+00:00': 12483.156805290917, '2025-05-15 01:00:00+00:00': 12487.45339389908, '2025-05-16 03:00:00+00:00': 12605.062089551255, '2025-05-16 07:00:00+00:00': 12701.42177898685, '2025-05-16 11:00:00+00:00': 12740.715036778842, '2025-05-16 16:00:00+00:00': 12744.39200059509, '2025-05-16 17:00:00+00:00': 12740.89808815093, '2025-05-17 05:00:00+00:00': 12759.490531131265, '2025-05-17 09:00:00+00:00': 12764.73360940964, '2025-05-17 18:00:00+00:00': 12967.319631926488, '2025-05-17 21:00:00+00:00': 12966.183439781922, '2025-05-18 06:00:00+00:00': 12968.329930677846, '2025-05-18 11:00:00+00:00': 13015.15644686644, '2025-05-18 14:00:00+00:00': 12951.265235096911, '2025-05-18 17:00:00+00:00': 13227.603655137531, '2025-05-19 00:00:00+00:00': 13381.509910639836, '2025-05-19 01:00:00+00:00': 13116.391740984087, '2025-05-19 04:00:00+00:00': 13426.728105500762, '2025-05-19 16:00:00+00:00': 13836.250460005314, '2025-05-19 17:00:00+00:00': 13832.612582269885, '2025-05-19 18:00:00+00:00': 13838.126415829938, '2025-05-19 20:00:00+00:00': 13924.841936439863, '2025-05-20 02:00:00+00:00': 13961.585055705918, '2025-05-20 06:00:00+00:00': 13907.613595317118, '2025-05-20 08:00:00+00:00': 14044.404398705148, '2025-05-20 12:00:00+00:00': 14032.889930625195, '2025-05-20 14:00:00+00:00': 14060.230886459281, '2025-05-20 16:00:00+00:00': 14108.156711049132, '2025-05-20 18:00:00+00:00': 14380.456430937087, '2025-05-20 20:00:00+00:00': 14230.31357379423, '2025-05-20 23:00:00+00:00': 14612.618593099249, '2025-05-21 07:00:00+00:00': 14633.908997667078, '2025-05-21 08:00:00+00:00': 14593.376269023862, '2025-05-21 15:00:00+00:00': 14944.440912560696, '2025-05-21 17:00:00+00:00': 15109.995279743529, '2025-05-21 18:00:00+00:00': 16055.504208314958, '2025-05-21 21:00:00+00:00': 16164.73825086815, '2025-05-22 00:00:00+00:00': 16354.494950402, '2025-05-22 01:00:00+00:00': 16419.26506534453, '2025-05-22 04:00:00+00:00': 16586.53471728961, '2025-05-22 07:00:00+00:00': 16455.342734681046, '2025-05-22 09:00:00+00:00': 16624.844576444542, '2025-05-22 16:00:00+00:00': 16645.51621823559, '2025-05-23 00:00:00+00:00': 16639.94915882566, '2025-05-23 07:00:00+00:00': 16654.65977754114, '2025-05-23 13:00:00+00:00': 16913.20408133861, '2025-05-24 00:00:00+00:00': 16765.231108365635, '2025-05-24 08:00:00+00:00': 16787.412446616243, '2025-05-24 16:00:00+00:00': 16784.62769847753, '2025-05-24 23:00:00+00:00': 16786.723286712822, '2025-05-25 23:00:00+00:00': 17014.070225488333, '2025-05-26 09:00:00+00:00': 17017.457909768753, '2025-05-26 16:00:00+00:00': 17048.962519848745, '2025-05-26 21:00:00+00:00': 17066.667437881533, '2025-05-27 02:00:00+00:00': 17089.769627662554, '2025-05-27 15:00:00+00:00': 17082.580020030582, '2025-05-28 17:00:00+00:00': 17253.476281392464, '2025-05-28 20:00:00+00:00': 17238.154781747086, '2025-05-29 06:00:00+00:00': 17219.22218606921, '2025-05-29 18:00:00+00:00': 17225.50854813413, '2025-05-31 03:00:00+00:00': 18069.999489551123, '2025-05-31 04:00:00+00:00': 18195.258008870653, '2025-05-31 05:00:00+00:00': 17494.114732737202, '2025-05-31 06:00:00+00:00': 18535.847634858157, '2025-05-31 07:00:00+00:00': 18834.70489994664, '2025-05-31 08:00:00+00:00': 19217.75225730741, '2025-05-31 09:00:00+00:00': 19015.041756174847, '2025-05-31 14:00:00+00:00': 19294.817474698713, '2025-05-31 16:00:00+00:00': 19004.155781355115, '2025-06-01 01:00:00+00:00': 19523.116952693494, '2025-06-01 10:00:00+00:00': 19627.757289513527, '2025-06-01 14:00:00+00:00': 19408.521178402418, '2025-06-02 10:00:00+00:00': 19653.762072808415, '2025-06-02 12:00:00+00:00': 17116.17274091817, '2025-06-02 14:00:00+00:00': 19444.667904300713, '2025-06-02 22:00:00+00:00': 19447.73593202635, '2025-06-02 23:00:00+00:00': 19660.275786358372, '2025-06-03 00:00:00+00:00': 16959.04368804772, '2025-06-03 01:00:00+00:00': 19711.925968816842, '2025-06-03 02:00:00+00:00': 19622.72064522546, '2025-06-03 03:00:00+00:00': 19704.819755246626, '2025-06-03 07:00:00+00:00': 19334.623961493497, '2025-06-03 10:00:00+00:00': 19761.29938624125, '2025-06-03 15:00:00+00:00': 19176.882302372458, '2025-06-03 23:00:00+00:00': 20121.949565527524, '2025-06-04 04:00:00+00:00': 19328.977352732327, '2025-06-04 05:00:00+00:00': 20129.87190551341, '2025-06-04 07:00:00+00:00': 19394.117577265588, '2025-06-04 10:00:00+00:00': 20476.8097826252, '2025-06-04 16:00:00+00:00': 20484.255632418208, '2025-06-04 22:00:00+00:00': 21241.242156821187, '2025-06-05 05:00:00+00:00': 21239.533782217313, '2025-06-05 13:00:00+00:00': 20131.154359960376, '2025-06-05 16:00:00+00:00': 21223.20520237905, '2025-06-05 17:00:00+00:00': 19280.11458178239, '2025-06-05 18:00:00+00:00': 21084.08020237905, '2025-06-05 19:00:00+00:00': 20585.01172664879, '2025-06-05 20:00:00+00:00': 20140.447082499653, '2025-06-05 21:00:00+00:00': 20606.824943496296, '2025-06-06 02:00:00+00:00': 21479.675336339784, '2025-06-06 04:00:00+00:00': 21629.96089323163, '2025-06-06 08:00:00+00:00': 21069.923947666728, '2025-06-06 09:00:00+00:00': 20458.049433292214, '2025-06-06 10:00:00+00:00': 21853.43122907382, '2025-06-06 11:00:00+00:00': 20982.064059749093, '2025-06-06 14:00:00+00:00': 21215.608724121088, '2025-06-06 15:00:00+00:00': 21483.705065707738, '2025-06-07 02:00:00+00:00': 20348.509967021397, '2025-06-07 14:00:00+00:00': 20445.996451793737, '2025-06-07 16:00:00+00:00': 20642.225114515826, '2025-06-07 21:00:00+00:00': 20590.510340682627, '2025-06-08 13:00:00+00:00': 21339.44806361251, '2025-06-08 22:00:00+00:00': 21146.928924613956, '2025-06-09 06:00:00+00:00': 19799.2232547217, '2025-06-09 09:00:00+00:00': 21116.928924613956, '2025-06-09 10:00:00+00:00': 20649.239404250835, '2025-06-09 11:00:00+00:00': 20371.4942170352, '2025-06-09 12:00:00+00:00': 20097.889390489196, '2025-06-09 13:00:00+00:00': 20315.101037000597, '2025-06-09 15:00:00+00:00': 20580.403231454755, '2025-06-09 16:00:00+00:00': 20491.724252735683, '2025-06-09 18:00:00+00:00': 20235.5524238642, '2025-06-09 19:00:00+00:00': 20513.090163456887, '2025-06-09 22:00:00+00:00': 19659.638823565707, '2025-06-09 23:00:00+00:00': 19996.35413873757, '2025-06-10 01:00:00+00:00': 20135.870267769827, '2025-06-10 12:00:00+00:00': 19471.04187674505, '2025-06-10 13:00:00+00:00': 19416.80641895207, '2025-06-10 17:00:00+00:00': 19376.469848806893, '2025-06-10 20:00:00+00:00': 18920.77887488655, '2025-06-11 00:00:00+00:00': 18898.7269061141, '2025-06-11 05:00:00+00:00': 19836.93550237854, '2025-06-11 15:00:00+00:00': 19111.692071029116, '2025-06-11 16:00:00+00:00': 18973.91429325134, '2025-06-11 17:00:00+00:00': 18963.700161186145, '2025-06-11 21:00:00+00:00': 20590.023755995157, '2025-06-12 06:00:00+00:00': 19367.68141895207, '2025-06-12 08:00:00+00:00': 18844.256759004762, '2025-06-12 16:00:00+00:00': 20524.969053931774, '2025-06-12 17:00:00+00:00': 19839.172207173684, '2025-06-12 19:00:00+00:00': 19505.783463647636, '2025-06-12 20:00:00+00:00': 20676.58062999879, '2025-06-12 21:00:00+00:00': 20640.377947699573, '2025-06-13 01:00:00+00:00': 20814.9183394267, '2025-06-13 02:00:00+00:00': 21144.177598685957, '2025-06-13 03:00:00+00:00': 21091.39552812494, '2025-06-13 13:00:00+00:00': 20347.69896066242, '2025-06-13 16:00:00+00:00': 20723.829046515348, '2025-06-13 17:00:00+00:00': 20854.870713182016, '2025-06-14 01:00:00+00:00': 21032.053422861783, '2025-06-14 19:00:00+00:00': 20591.723783357455, '2025-06-16 02:00:00+00:00': 20480.890450024122, '2025-06-16 03:00:00+00:00': 20066.36533195174, '2025-06-16 05:00:00+00:00': 19525.535586186434, '2025-06-16 06:00:00+00:00': 19764.98003063088, '2025-06-16 08:00:00+00:00': 19382.667083700162, '2025-06-16 14:00:00+00:00': 19241.52125036683, '2025-06-16 15:00:00+00:00': 18639.748052223178, '2025-06-16 17:00:00+00:00': 18382.896179978696, '2025-06-16 20:00:00+00:00': 18994.667830865896, '2025-06-16 21:00:00+00:00': 18507.151898377026, '2025-06-16 23:00:00+00:00': 19517.598739096815, '2025-06-17 00:00:00+00:00': 18781.865904115384, '2025-06-17 02:00:00+00:00': 18997.219540522605, '2025-06-17 06:00:00+00:00': 19429.20430927356, '2025-06-17 08:00:00+00:00': 19391.355458636746, '2025-06-17 12:00:00+00:00': 19430.874244540875, '2025-06-17 13:00:00+00:00': 19124.99797965286, '2025-06-17 15:00:00+00:00': 19214.841198487757, '2025-06-17 16:00:00+00:00': 18979.964545594783, '2025-06-17 17:00:00+00:00': 18803.97084752802, '2025-06-17 20:00:00+00:00': 18034.52681374685, '2025-06-17 22:00:00+00:00': 17776.342166560342, '2025-06-18 04:00:00+00:00': 18089.649866682783, '2025-06-18 05:00:00+00:00': 17627.016769734946, '2025-06-18 13:00:00+00:00': 18253.798802852994, '2025-06-18 18:00:00+00:00': 18528.79199704537, '2025-06-18 19:00:00+00:00': 18666.193069750243, '2025-06-19 01:00:00+00:00': 17908.621714468536, '2025-06-19 07:00:00+00:00': 16915.075404279552, '2025-06-19 11:00:00+00:00': 17074.408737612885, '2025-06-19 23:00:00+00:00': 18385.904066010888, '2025-06-20 00:00:00+00:00': 19290.952232830296, '2025-06-20 02:00:00+00:00': 17204.90423310838, '2025-06-20 04:00:00+00:00': 17351.30423310838, '2025-06-20 08:00:00+00:00': 15988.759544244094, '2025-06-20 09:00:00+00:00': 16126.811698088315, '2025-06-20 11:00:00+00:00': 16258.91696124621, '2025-06-20 15:00:00+00:00': 16745.046805176156, '2025-06-20 17:00:00+00:00': 16270.884746008891, '2025-06-20 18:00:00+00:00': 17032.038675094853, '2025-06-21 08:00:00+00:00': 17801.398387541936, '2025-06-21 09:00:00+00:00': 17658.23172087527, '2025-06-21 10:00:00+00:00': 17170.919119625167, '2025-06-21 16:00:00+00:00': 16920.254888626274, '2025-06-21 17:00:00+00:00': 17524.303149446696, '2025-06-21 20:00:00+00:00': 18582.873549060063, '2025-06-21 22:00:00+00:00': 18429.14350907443, '2025-06-22 01:00:00+00:00': 19144.832839446975, '2025-06-22 03:00:00+00:00': 19020.279130469167, '2025-06-22 10:00:00+00:00': 19075.061161679227, '2025-06-22 14:00:00+00:00': 19540.396654102682, '2025-06-22 15:00:00+00:00': 19601.24707076935, '2025-06-22 16:00:00+00:00': 19819.276386730264, '2025-06-22 23:00:00+00:00': 19189.668830656716, '2025-06-23 01:00:00+00:00': 19061.736138349024, '2025-06-23 03:00:00+00:00': 19378.54814100154, '2025-06-23 05:00:00+00:00': 18433.83819351112, '2025-06-23 09:00:00+00:00': 17919.606793255985, '2025-06-23 13:00:00+00:00': 18582.653454555297, '2025-06-23 17:00:00+00:00': 18009.65935896312, '2025-06-23 18:00:00+00:00': 17625.52895097594, '2025-06-23 19:00:00+00:00': 18324.946839860862, '2025-06-23 20:00:00+00:00': 17852.446244209023, '2025-06-23 22:00:00+00:00': 18198.30513142137, '2025-06-23 23:00:00+00:00': 17503.648172285473, '2025-06-24 00:00:00+00:00': 18009.297872501727, '2025-06-24 02:00:00+00:00': 16847.07914915498, '2025-06-24 03:00:00+00:00': 17032.27914915498, '2025-06-24 07:00:00+00:00': 17365.870394507696, '2025-06-24 09:00:00+00:00': 16651.043113118943, '2025-06-24 15:00:00+00:00': 17233.765131349803, '2025-06-24 17:00:00+00:00': 16329.703013244822, '2025-06-24 21:00:00+00:00': 16174.355420810172, '2025-06-25 02:00:00+00:00': 15866.237660192412, '2025-06-25 05:00:00+00:00': 16521.369679911488, '2025-06-25 07:00:00+00:00': 16040.426849381602, '2025-06-25 08:00:00+00:00': 15711.654252641754, '2025-06-25 14:00:00+00:00': 16191.441075250987, '2025-06-25 15:00:00+00:00': 15845.802747529326, '2025-06-25 16:00:00+00:00': 15653.491990557213, '2025-06-26 02:00:00+00:00': 15985.07743888735, '2025-06-26 10:00:00+00:00': 15518.94109235362, '2025-06-26 14:00:00+00:00': 15354.072463010603, '2025-06-26 16:00:00+00:00': 15203.730210163192, '2025-06-27 00:00:00+00:00': 15012.942642507602, '2025-06-30 21:00:00+00:00': 14867.518939123956, '2025-07-01 00:00:00+00:00': 15256.343461611603, '2025-07-01 04:00:00+00:00': 14871.34569754353, '2025-07-01 05:00:00+00:00': 15183.923429017386, '2025-07-01 07:00:00+00:00': 15204.691114934383, '2025-07-01 11:00:00+00:00': 15341.29447710694, '2025-07-01 13:00:00+00:00': 15340.857013263025, '2025-07-01 15:00:00+00:00': 15091.165227834219, '2025-07-01 18:00:00+00:00': 15221.174682058627, '2025-07-01 20:00:00+00:00': 14886.158771449995, '2025-07-02 01:00:00+00:00': 15300.738258582767, '2025-07-02 05:00:00+00:00': 15171.909794607982, '2025-07-02 06:00:00+00:00': 15471.737315616827, '2025-07-02 08:00:00+00:00': 15243.823171919237, '2025-07-02 13:00:00+00:00': 15450.920991160508, '2025-07-02 14:00:00+00:00': 15457.193886321491, '2025-07-02 15:00:00+00:00': 15435.470326829129, '2025-07-02 17:00:00+00:00': 15527.982152096018, '2025-07-02 18:00:00+00:00': 15488.817076835863, '2025-07-02 19:00:00+00:00': 15506.88053794892, '2025-07-02 20:00:00+00:00': 15499.390396082828, '2025-07-02 21:00:00+00:00': 15555.848160968359, '2025-07-02 23:00:00+00:00': 15542.007000525962, '2025-07-03 03:00:00+00:00': 15544.977842202752, '2025-07-03 05:00:00+00:00': 15547.304440047028, '2025-07-03 07:00:00+00:00': 15525.297886309058, '2025-07-03 09:00:00+00:00': 15513.795120681585, '2025-07-03 10:00:00+00:00': 15513.874578965962, '2025-07-03 13:00:00+00:00': 15515.266966313697, '2025-07-03 14:00:00+00:00': 15528.921288115693, '2025-07-03 15:00:00+00:00': 15523.325221753834, '2025-07-03 16:00:00+00:00': 15574.63731781548, '2025-07-03 17:00:00+00:00': 15517.223356831939, '2025-07-03 18:00:00+00:00': 15575.30449349189, '2025-07-03 20:00:00+00:00': 15579.38286493345, '2025-07-04 02:00:00+00:00': 15573.412179545063, '2025-07-04 08:00:00+00:00': 15746.06159816583, '2025-07-04 13:00:00+00:00': 15752.969919700417, '2025-07-04 18:00:00+00:00': 15860.239378202652, '2025-07-04 19:00:00+00:00': 15858.189445474616, '2025-07-04 20:00:00+00:00': 15757.3136192206, '2025-07-04 22:00:00+00:00': 15868.758383189503, '2025-07-05 00:00:00+00:00': 15876.384043830085, '2025-07-06 01:00:00+00:00': 15515.729753632468, '2025-07-06 13:00:00+00:00': 15872.015968807524, '2025-07-06 17:00:00+00:00': 15567.22060743766, '2025-07-06 19:00:00+00:00': 15855.645233293504, '2025-07-06 21:00:00+00:00': 15917.281853117309, '2025-07-06 23:00:00+00:00': 15575.41994391236, '2025-07-07 01:00:00+00:00': 15901.735523477419, '2025-07-07 07:00:00+00:00': 15787.937170639538, '2025-07-07 11:00:00+00:00': 15848.484891433365, '2025-07-07 13:00:00+00:00': 15854.66284831122, '2025-07-07 14:00:00+00:00': 15909.263728691098, '2025-07-07 17:00:00+00:00': 15849.496927796603, '2025-07-07 18:00:00+00:00': 15934.133291432967, '2025-07-07 21:00:00+00:00': 15877.903417474328, '2025-07-08 03:00:00+00:00': 15969.643663542845, '2025-07-08 10:00:00+00:00': 15999.198792164623, '2025-07-08 14:00:00+00:00': 15992.831451595277, '2025-07-08 16:00:00+00:00': 16076.915621801834, '2025-07-08 17:00:00+00:00': 15995.645484617116, '2025-07-08 18:00:00+00:00': 16133.044700659037, '2025-07-08 21:00:00+00:00': 16126.581308419409, '2025-07-09 02:00:00+00:00': 15924.846228772747, '2025-07-09 04:00:00+00:00': 16190.924137857988, '2025-07-09 05:00:00+00:00': 16119.899135080272, '2025-07-09 06:00:00+00:00': 16199.343218088823, '2025-07-09 10:00:00+00:00': 16218.516299610681, '2025-07-09 12:00:00+00:00': 16188.79924399192, '2025-07-09 13:00:00+00:00': 16228.564697879678, '2025-07-09 14:00:00+00:00': 15946.189205646915, '2025-07-09 15:00:00+00:00': 16191.851195904961, '2025-07-09 19:00:00+00:00': 16094.54601533299, '2025-07-09 20:00:00+00:00': 16087.8712524074, '2025-07-09 21:00:00+00:00': 16283.754649507466, '2025-07-10 01:00:00+00:00': 16280.344530030372, '2025-07-10 03:00:00+00:00': 16270.984605411884, '2025-07-10 06:00:00+00:00': 16255.62049609647, '2025-07-10 08:00:00+00:00': 16259.285867057197, '2025-07-10 10:00:00+00:00': 16273.383326336692, '2025-07-10 14:00:00+00:00': 16266.170692633128, '2025-07-10 15:00:00+00:00': 16269.046789077955, '2025-07-10 17:00:00+00:00': 16238.586902128762, '2025-07-10 18:00:00+00:00': 16382.575574378405, '2025-07-10 19:00:00+00:00': 16435.21467703829, '2025-07-10 22:00:00+00:00': 16944.236982996015, '2025-07-10 23:00:00+00:00': 16804.99728573394, '2025-07-11 01:00:00+00:00': 17005.002650275474, '2025-07-11 07:00:00+00:00': 17011.697735660164, '2025-07-11 09:00:00+00:00': 17009.836864654313, '2025-07-11 10:00:00+00:00': 17017.623079661826, '2025-07-11 12:00:00+00:00': 16979.80409441345, '2025-07-11 16:00:00+00:00': 17006.881166576386, '2025-07-11 18:00:00+00:00': 16911.68079880872, '2025-07-11 23:00:00+00:00': 17124.919568825295, '2025-07-12 01:00:00+00:00': 16965.803727140556, '2025-07-12 08:00:00+00:00': 17100.67583594452, '2025-07-12 09:00:00+00:00': 17101.129471812477, '2025-07-12 16:00:00+00:00': 17179.51625828909, '2025-07-12 17:00:00+00:00': 17253.543332738267, '2025-07-12 21:00:00+00:00': 17291.96078786062, '2025-07-13 01:00:00+00:00': 17287.891638049092, '2025-07-13 11:00:00+00:00': 17299.83161345361, '2025-07-13 12:00:00+00:00': 16889.865581817085, '2025-07-13 17:00:00+00:00': 17234.12033006393, '2025-07-13 22:00:00+00:00': 17314.67557005648, '2025-07-13 23:00:00+00:00': 17406.1978810522, '2025-07-14 00:00:00+00:00': 17394.767297163213, '2025-07-14 04:00:00+00:00': 17312.467688212655, '2025-07-14 07:00:00+00:00': 17492.996747619483, '2025-07-14 09:00:00+00:00': 17301.762505624763, '2025-07-14 11:00:00+00:00': 16916.092037418726, '2025-07-14 12:00:00+00:00': 17692.7923967415, '2025-07-14 16:00:00+00:00': 18188.6383473493, '2025-07-14 17:00:00+00:00': 16979.01828296036, '2025-07-14 19:00:00+00:00': 18344.765978259707, '2025-07-14 20:00:00+00:00': 18040.813752505364, '2025-07-15 02:00:00+00:00': 18341.717327714945, '2025-07-15 04:00:00+00:00': 18392.04242724182, '2025-07-15 07:00:00+00:00': 17513.229860761276, '2025-07-15 12:00:00+00:00': 18385.14240266604, '2025-07-15 15:00:00+00:00': 18357.903884285053, '2025-07-15 16:00:00+00:00': 18367.55479869396, '2025-07-15 17:00:00+00:00': 18295.261565621324, '2025-07-15 20:00:00+00:00': 18257.972548280282, '2025-07-15 21:00:00+00:00': 18364.59226659014, '2025-07-15 23:00:00+00:00': 18379.67363982114, '2025-07-16 00:00:00+00:00': 18418.789148943084, '2025-07-16 13:00:00+00:00': 18261.333238561696, '2025-07-16 15:00:00+00:00': 18216.57579421063, '2025-07-16 18:00:00+00:00': 18353.888958063817, '2025-07-16 20:00:00+00:00': 18226.888958063817, '2025-07-17 06:00:00+00:00': 18340.61728887093, '2025-07-17 07:00:00+00:00': 18418.53108058796, '2025-07-17 08:00:00+00:00': 18103.434926741807, '2025-07-17 09:00:00+00:00': 18407.043966191242, '2025-07-17 14:00:00+00:00': 18769.843675847194, '2025-07-17 17:00:00+00:00': 18914.18821828286, '2025-07-17 21:00:00+00:00': 18734.458297572815, '2025-07-17 22:00:00+00:00': 18310.42268416373, '2025-07-18 01:00:00+00:00': 18174.7175559586, '2025-07-18 08:00:00+00:00': 18344.36125030686, '2025-07-18 09:00:00+00:00': 18507.301988568834, '2025-07-18 11:00:00+00:00': 18168.528504339374, '2025-07-18 12:00:00+00:00': 18511.9903002524, '2025-07-18 13:00:00+00:00': 18494.23131968695, '2025-07-18 15:00:00+00:00': 19211.874063855426, '2025-07-18 16:00:00+00:00': 19274.893326