number,value,params_CONVERGENCE_THRESHOLD,params_FIXED_TRADE_PCT,params_MAX_HOLD_HOURS,params_MAX_POSITION_PCT,params_MIN_DIV,params_STOP_LOSS_PCT,params_TAKE_PROFIT_PCT,params_TRAIL_PCT,state,user_attrs_cooldown_trades_pct,user_attrs_equity_curves,user_attrs_total_trades
29,0.02321670528643419,0.025,0.06,12,0.03,0.045,0.3,0.5,0.6,COMPLETE,4.537953795379538,"[{'2025-05-01 00:00:00+00:00': 10000.0, '2025-05-01 02:00:00+00:00': 10096.82250483897, '2025-05-01 06:00:00+00:00': 10104.4788192672, '2025-05-01 07:00:00+00:00': 10105.271799928432, '2025-05-01 11:00:00+00:00': 10253.157540426302, '2025-05-01 13:00:00+00:00': 10116.14360558023, '2025-05-01 16:00:00+00:00': 10198.04739451558, '2025-05-01 22:00:00+00:00': 10241.264630737447, '2025-05-02 01:00:00+00:00': 10291.238575324112, '2025-05-02 11:00:00+00:00': 10297.798602169714, '2025-05-02 13:00:00+00:00': 10287.595917961813, '2025-05-02 15:00:00+00:00': 10279.409568779773, '2025-05-02 16:00:00+00:00': 10266.211347347848, '2025-05-02 18:00:00+00:00': 10268.809796800344, '2025-05-02 20:00:00+00:00': 10292.582152702089, '2025-05-03 03:00:00+00:00': 10275.506321609468, '2025-05-03 23:00:00+00:00': 10268.604846776814, '2025-05-04 00:00:00+00:00': 10267.77082446053, '2025-05-04 13:00:00+00:00': 10231.441801469427, '2025-05-04 18:00:00+00:00': 10206.219129896657, '2025-05-05 00:00:00+00:00': 10231.122029885644, '2025-05-05 01:00:00+00:00': 10240.994275893501, '2025-05-05 11:00:00+00:00': 10192.825450121081, '2025-05-05 13:00:00+00:00': 10213.474284639391, '2025-05-05 14:00:00+00:00': 10185.63559830027, '2025-05-05 17:00:00+00:00': 10191.679326175052, '2025-05-05 19:00:00+00:00': 10287.922859295413, '2025-05-05 20:00:00+00:00': 10385.861918046894, '2025-05-06 01:00:00+00:00': 10411.431823366944, '2025-05-06 10:00:00+00:00': 10370.46726713696, '2025-05-06 11:00:00+00:00': 10384.201232472347, '2025-05-06 16:00:00+00:00': 10445.232764987395, '2025-05-06 17:00:00+00:00': 10481.403089347734, '2025-05-06 20:00:00+00:00': 10503.104209574043, '2025-05-06 23:00:00+00:00': 11005.121921897813, '2025-05-07 00:00:00+00:00': 10653.63873121621, '2025-05-07 01:00:00+00:00': 10749.472511939033, '2025-05-07 02:00:00+00:00': 11002.388438111782, '2025-05-07 04:00:00+00:00': 11065.360648473757, '2025-05-07 16:00:00+00:00': 11050.57045061141, '2025-05-07 17:00:00+00:00': 11009.463970241943, '2025-05-07 18:00:00+00:00': 11033.042668307975, '2025-05-07 20:00:00+00:00': 11166.856163470617, '2025-05-07 23:00:00+00:00': 11348.817837155115, '2025-05-08 04:00:00+00:00': 11494.562781497463, '2025-05-08 05:00:00+00:00': 11159.581304833073, '2025-05-08 09:00:00+00:00': 11345.399558737969, '2025-05-08 15:00:00+00:00': 11477.108763584778, '2025-05-08 16:00:00+00:00': 11739.227843595769, '2025-05-08 17:00:00+00:00': 11752.918781551067, '2025-05-08 22:00:00+00:00': 11899.054226156413, '2025-05-09 00:00:00+00:00': 12026.521758623945, '2025-05-09 03:00:00+00:00': 12108.082099133206, '2025-05-09 08:00:00+00:00': 12062.659458212756, '2025-05-09 09:00:00+00:00': 12108.082099133206, '2025-05-09 14:00:00+00:00': 12294.966887341849, '2025-05-09 18:00:00+00:00': 12305.60263025495, '2025-05-10 07:00:00+00:00': 12341.181316701728, '2025-05-10 08:00:00+00:00': 12340.10119053607, '2025-05-11 00:00:00+00:00': 12453.402011855944, '2025-05-11 01:00:00+00:00': 12374.653900883592, '2025-05-11 13:00:00+00:00': 12491.135113796183, '2025-05-11 19:00:00+00:00': 12508.02123655998, '2025-05-12 01:00:00+00:00': 12511.765450244622, '2025-05-12 02:00:00+00:00': 12515.556176763967, '2025-05-12 12:00:00+00:00': 12511.528562133302, '2025-05-12 16:00:00+00:00': 12581.873389719509, '2025-05-12 19:00:00+00:00': 12596.704041124405, '2025-05-12 21:00:00+00:00': 12655.988300138892, '2025-05-13 01:00:00+00:00': 12651.936249989698, '2025-05-13 06:00:00+00:00': 12645.491464812772, '2025-05-13 08:00:00+00:00': 12684.39215491417, '2025-05-13 12:00:00+00:00': 12727.077590361027, '2025-05-13 20:00:00+00:00': 12748.04747148904, '2025-05-14 22:00:00+00:00': 12744.324305335977, '2025-05-15 01:00:00+00:00': 12738.40628079714, '2025-05-15 18:00:00+00:00': 12905.046186122046, '2025-05-15 21:00:00+00:00': 12959.394012209003, '2025-05-16 07:00:00+00:00': 12985.524641721775, '2025-05-16 11:00:00+00:00': 13025.696803247467, '2025-05-17 05:00:00+00:00': 13141.181224043723, '2025-05-17 15:00:00+00:00': 13175.35735884501, '2025-05-17 18:00:00+00:00': 13184.508325175097, '2025-05-17 21:00:00+00:00': 13183.339277143396, '2025-05-17 22:00:00+00:00': 13175.133252260086, '2025-05-18 01:00:00+00:00': 13213.582806562119, '2025-05-18 06:00:00+00:00': 13215.857814138672, '2025-05-18 09:00:00+00:00': 13421.459333510096, '2025-05-18 15:00:00+00:00': 13403.68060562447, '2025-05-18 17:00:00+00:00': 13540.243647235586, '2025-05-18 18:00:00+00:00': 13505.57698056892, '2025-05-19 00:00:00+00:00': 13705.485684315088, '2025-05-19 01:00:00+00:00': 13779.025010157786, '2025-05-19 04:00:00+00:00': 13825.58647011736, '2025-05-19 08:00:00+00:00': 13869.071318602208, '2025-05-19 16:00:00+00:00': 14240.03091633595, '2025-05-19 17:00:00+00:00': 14239.188604439049, '2025-05-19 18:00:00+00:00': 14244.977792208592, '2025-05-20 06:00:00+00:00': 14448.465316585094, '2025-05-20 08:00:00+00:00': 14510.876653172378, '2025-05-20 12:00:00+00:00': 14498.979742396263, '2025-05-20 14:00:00+00:00': 14527.228803476051, '2025-05-20 16:00:00+00:00': 14576.746441204357, '2025-05-21 07:00:00+00:00': 15103.14658646705, '2025-05-21 08:00:00+00:00': 15061.31569563582, '2025-05-21 17:00:00+00:00': 15274.009469104269, '2025-05-21 18:00:00+00:00': 16530.050312569314, '2025-05-21 20:00:00+00:00': 16656.742620261623, '2025-05-21 21:00:00+00:00': 16698.976662814814, '2025-05-22 00:00:00+00:00': 16893.518464030247, '2025-05-22 01:00:00+00:00': 16958.288578972777, '2025-05-22 04:00:00+00:00': 17201.15674821851, '2025-05-22 07:00:00+00:00': 17254.405064143088, '2025-05-22 09:00:00+00:00': 17292.714923298015, '2025-05-22 15:00:00+00:00': 17349.580594939805, '2025-05-23 00:00:00+00:00': 17343.7780626156, '2025-05-23 07:00:00+00:00': 17359.110904304587, '2025-05-23 13:00:00+00:00': 17617.655208102056, '2025-05-24 00:00:00+00:00': 17469.682235129083, '2025-05-24 08:00:00+00:00': 17491.913004359852, '2025-05-24 14:00:00+00:00': 17505.966599273917, '2025-05-24 23:00:00+00:00': 17508.06218750921, '2025-05-25 23:00:00+00:00': 17735.40912628472, '2025-05-26 09:00:00+00:00': 17738.94043689457, '2025-05-26 16:00:00+00:00': 17771.780735643053, '2025-05-26 21:00:00+00:00': 17789.48565367584, '2025-05-27 02:00:00+00:00': 17812.587843456862, '2025-05-27 13:00:00+00:00': 17808.555521978295, '2025-05-27 15:00:00+00:00': 17804.471552512645, '2025-05-28 06:00:00+00:00': 17901.092249420613, '2025-05-28 17:00:00+00:00': 17940.810999420613, '2025-05-28 20:00:00+00:00': 17924.879130104408, '2025-05-29 06:00:00+00:00': 17905.192307852158, '2025-05-29 18:00:00+00:00': 17911.729102631438, '2025-05-31 03:00:00+00:00': 19166.979501795595, '2025-05-31 04:00:00+00:00': 19491.78868605061, '2025-05-31 05:00:00+00:00': 19654.959304946897, '2025-05-31 06:00:00+00:00': 19931.68491219111, '2025-05-31 07:00:00+00:00': 19655.130975336047, '2025-05-31 08:00:00+00:00': 20314.73226955188, '2025-05-31 09:00:00+00:00': 20112.02176841932, '2025-05-31 11:00:00+00:00': 17982.3164793528, '2025-05-31 14:00:00+00:00': 20591.888268496765, '2025-05-31 15:00:00+00:00': 17905.369235169295, '2025-05-31 16:00:00+00:00': 20101.135793599587, '2025-05-31 19:00:00+00:00': 20709.2661027086, '2025-05-31 20:00:00+00:00': 20702.887705349098, '2025-05-31 21:00:00+00:00': 20769.887705349098, '2025-05-31 22:00:00+00:00': 20826.753376990888, '2025-06-01 00:00:00+00:00': 20859.454981324303, '2025-06-01 01:00:00+00:00': 20889.176130542513, '2025-06-01 04:00:00+00:00': 20877.36943969266, '2025-06-01 06:00:00+00:00': 20861.12330030722, '2025-06-01 08:00:00+00:00': 20827.75401549335, '2025-06-01 09:00:00+00:00': 20704.430175905683, '2025-06-01 10:00:00+00:00': 20573.388509239016, '2025-06-01 11:00:00+00:00': 20473.067015989363, '2025-06-01 13:00:00+00:00': 20279.178065716194, '2025-06-01 14:00:00+00:00': 20257.159037489037, '2025-06-01 15:00:00+00:00': 20240.33545382086, '2025-06-01 16:00:00+00:00': 20207.103891301264, '2025-06-01 17:00:00+00:00': 20172.413119637036, '2025-06-01 19:00:00+00:00': 20147.97570965451, '2025-06-01 21:00:00+00:00': 20041.018550141664, '2025-06-01 22:00:00+00:00': 20041.19194293863, '2025-06-01 23:00:00+00:00': 20049.48141662284, '2025-06-02 00:00:00+00:00': 20086.635262776686, '2025-06-02 02:00:00+00:00': 19977.14546685832, '2025-06-02 05:00:00+00:00': 19826.73620894514, '2025-06-02 06:00:00+00:00': 19847.419318942168, '2025-06-02 08:00:00+00:00': 19825.228662589478, '2025-06-02 10:00:00+00:00': 19837.224202039102, '2025-06-02 11:00:00+00:00': 19769.321652586845, '2025-06-02 12:00:00+00:00': 19644.68750624538, '2025-06-02 13:00:00+00:00': 19536.03885759673, '2025-06-02 14:00:00+00:00': 19142.39069737664, '2025-06-02 15:00:00+00:00': 19353.101277467293, '2025-06-02 16:00:00+00:00': 19321.253700532696, '2025-06-02 17:00:00+00:00': 19340.698256114578, '2025-06-02 18:00:00+00:00': 19234.16522861131, '2025-06-02 19:00:00+00:00': 19161.835237859163, '2025-06-02 21:00:00+00:00': 19129.89157050191, '2025-06-02 23:00:00+00:00': 19019.058237168578, '2025-06-03 00:00:00+00:00': 19124.80066378359, '2025-06-03 01:00:00+00:00': 19344.649148632074, '2025-06-03 02:00:00+00:00': 19194.61220039183, '2025-06-03 03:00:00+00:00': 19461.696626659257, '2025-06-03 04:00:00+00:00': 19408.6836849955, '2025-06-03 07:00:00+00:00': 18884.92623092651, '2025-06-03 08:00:00+00:00': 19280.650552558396, '2025-06-03 10:00:00+00:00': 19245.156310826664, '2025-06-03 12:00:00+00:00': 19179.134759030658, '2025-06-03 14:00:00+00:00': 19193.71220039183, '2025-06-03 15:00:00+00:00': 18676.059875175713, '2025-06-03 16:00:00+00:00': 19167.372768286983, '2025-06-03 17:00:00+00:00': 18890.023047477982, '2025-06-03 20:00:00+00:00': 18799.496585214438, '2025-06-03 21:00:00+00:00': 18342.25989611757, '2025-06-03 23:00:00+00:00': 18141.044630394143, '2025-06-04 01:00:00+00:00': 18674.246016036283, '2025-06-04 03:00:00+00:00': 18582.00327140213, '2025-06-04 04:00:00+00:00': 18516.228669348166, '2025-06-04 05:00:00+00:00': 18137.88936644594, '2025-06-04 06:00:00+00:00': 18301.542031384033, '2025-06-04 09:00:00+00:00': 17828.44743676735, '2025-06-04 10:00:00+00:00': 18132.962775023952, '2025-06-04 11:00:00+00:00': 18149.990717748944, '2025-06-04 12:00:00+00:00': 18130.524649988303, '2025-06-04 14:00:00+00:00': 18042.74778762389, '2025-06-04 16:00:00+00:00': 17761.72348025683, '2025-06-04 17:00:00+00:00': 18118.54270642955, '2025-06-04 18:00:00+00:00': 18086.283621409522, '2025-06-04 19:00:00+00:00': 17834.576413572027, '2025-06-04 22:00:00+00:00': 17309.01027353321, '2025-06-04 23:00:00+00:00': 17844.090940225513, '2025-06-05 01:00:00+00:00': 17824.226940192697, '2025-06-05 03:00:00+00:00': 17754.922928045435, '2025-06-05 05:00:00+00:00': 17214.435662641, '2025-06-05 06:00:00+00:00': 17581.9716604286, '2025-06-05 07:00:00+00:00': 17540.510381851527, '2025-06-05 08:00:00+00:00': 17315.281264531197, '2025-06-05 11:00:00+00:00': 17279.01027353321, '2025-06-05 12:00:00+00:00': 17232.20758162011, '2025-06-05 13:00:00+00:00': 17216.04860335368, '2025-06-05 14:00:00+00:00': 17222.178857184088, '2025-06-05 16:00:00+00:00': 17880.870479678666, '2025-06-05 18:00:00+00:00': 17096.74167434452, '2025-06-05 19:00:00+00:00': 18724.65423895203, '2025-06-05 20:00:00+00:00': 18397.359196330992, '2025-06-05 21:00:00+00:00': 18640.365368987834, '2025-06-06 02:00:00+00:00': 19028.427805384075, '2025-06-06 03:00:00+00:00': 18085.355052613817, '2025-06-06 05:00:00+00:00': 18779.74886003124, '2025-06-06 07:00:00+00:00': 18958.94846416498, '2025-06-06 08:00:00+00:00': 18955.262438390822, '2025-06-06 09:00:00+00:00': 18749.104067467477, '2025-06-06 10:00:00+00:00': 19031.827252043768, '2025-06-06 11:00:00+00:00': 18781.71977936273, '2025-06-06 13:00:00+00:00': 18710.323721215114, '2025-06-06 18:00:00+00:00': 18734.42527707354, '2025-06-06 20:00:00+00:00': 18656.073721215114, '2025-06-06 21:00:00+00:00': 18670.003278599175, '2025-06-06 22:00:00+00:00': 18589.62689412324, '2025-06-06 23:00:00+00:00': 18366.82444918843, '2025-06-07 00:00:00+00:00': 18276.79491021528, '2025-06-07 04:00:00+00:00': 18277.61537015081, '2025-06-07 07:00:00+00:00': 18227.403598997393, '2025-06-07 09:00:00+00:00': 18317.152684320943, '2025-06-07 10:00:00+00:00': 18278.53126366938, '2025-06-07 11:00:00+00:00': 18208.546961263703, '2025-06-07 12:00:00+00:00': 18016.87428399192, '2025-06-07 13:00:00+00:00': 17924.303146686903, '2025-06-07 17:00:00+00:00': 17895.72076687363, '2025-06-07 20:00:00+00:00': 17855.258079791012, '2025-06-07 22:00:00+00:00': 17752.17053805505, '2025-06-07 23:00:00+00:00': 17798.11535403894, '2025-06-08 00:00:00+00:00': 17735.039360474548, '2025-06-08 01:00:00+00:00': 17776.82763854319, '2025-06-08 02:00:00+00:00': 17683.80607223536, '2025-06-08 06:00:00+00:00': 17667.839658968227, '2025-06-08 09:00:00+00:00': 17652.067206326432, '2025-06-08 11:00:00+00:00': 17629.895353471828, '2025-06-08 12:00:00+00:00': 17552.50240900241, '2025-06-08 13:00:00+00:00': 17489.475551367876, '2025-06-08 14:00:00+00:00': 17225.828541540155, '2025-06-08 15:00:00+00:00': 17096.345292740036, '2025-06-08 19:00:00+00:00': 17065.218387474753, '2025-06-08 22:00:00+00:00': 16743.70878565591, '2025-06-09 00:00:00+00:00': 16921.212495100106, '2025-06-09 01:00:00+00:00': 16929.952437386502, '2025-06-09 02:00:00+00:00': 16899.77461503653, '2025-06-09 03:00:00+00:00': 16654.885727236426, '2025-06-09 04:00:00+00:00': 16661.11232101882, '2025-06-09 08:00:00+00:00': 16667.739867045235, '2025-06-09 11:00:00+00:00': 16596.211709867526, '2025-06-09 12:00:00+00:00': 16311.629446595622, '2025-06-09 13:00:00+00:00': 16079.777368419804, '2025-06-09 14:00:00+00:00': 16472.20823460697, '2025-06-09 15:00:00+00:00': 16342.215757670156, '2025-06-09 16:00:00+00:00': 16376.847152931403, '2025-06-09 17:00:00+00:00': 16254.098189757595, '2025-06-09 21:00:00+00:00': 15994.757068316609, '2025-06-09 22:00:00+00:00': 15831.706130015029, '2025-06-09 23:00:00+00:00': 16374.784553338393, '2025-06-10 00:00:00+00:00': 16349.294310708097, '2025-06-10 01:00:00+00:00': 15627.344896226681, '2025-06-10 02:00:00+00:00': 16120.38660337803, '2025-06-10 05:00:00+00:00': 16434.285392629452, '2025-06-10 10:00:00+00:00': 16317.01387766994, '2025-06-10 11:00:00+00:00': 16296.580044636274, '2025-06-10 12:00:00+00:00': 16310.148087029407, '2025-06-10 13:00:00+00:00': 16264.254527906332, '2025-06-10 14:00:00+00:00': 16268.985460172671, '2025-06-10 15:00:00+00:00': 16277.194526156542, '2025-06-10 18:00:00+00:00': 16259.994250600212, '2025-06-10 19:00:00+00:00': 16184.315510309072, '2025-06-10 20:00:00+00:00': 15987.565584071102, '2025-06-10 23:00:00+00:00': 16045.347110981513, '2025-06-11 00:00:00+00:00': 16090.928713328578, '2025-06-11 01:00:00+00:00': 15992.424439824304, '2025-06-11 02:00:00+00:00': 16108.081491106355, '2025-06-11 03:00:00+00:00': 16056.403959522084, '2025-06-11 04:00:00+00:00': 15971.277773571712, '2025-06-11 07:00:00+00:00': 16013.518790795746, '2025-06-11 12:00:00+00:00': 16010.971620984425, '2025-06-11 13:00:00+00:00': 15920.315705656898, '2025-06-11 14:00:00+00:00': 15847.897497975533, '2025-06-11 15:00:00+00:00': 15896.320964846176, '2025-06-11 16:00:00+00:00': 15398.542212636261, '2025-06-11 17:00:00+00:00': 15367.941859457813, '2025-06-11 20:00:00+00:00': 15747.830334370276, '2025-06-11 21:00:00+00:00': 15571.549327043931, '2025-06-11 23:00:00+00:00': 15542.729658094708, '2025-06-12 01:00:00+00:00': 15700.508905798846, '2025-06-12 02:00:00+00:00': 15575.909701571667, '2025-06-12 03:00:00+00:00': 15368.807968441683, '2025-06-12 04:00:00+00:00': 15223.503657210622, '2025-06-12 05:00:00+00:00': 15330.229658094708, '2025-06-12 06:00:00+00:00': 15587.322175286747, '2025-06-12 09:00:00+00:00': 15496.250728136312, '2025-06-12 11:00:00+00:00': 15459.286488725158, '2025-06-12 12:00:00+00:00': 15456.230933169603, '2025-06-12 14:00:00+00:00': 15444.193896132567, '2025-06-12 15:00:00+00:00': 15383.983542517524, '2025-06-12 16:00:00+00:00': 15417.79933199121, '2025-06-12 17:00:00+00:00': 15323.608155520622, '2025-06-12 18:00:00+00:00': 15253.750075059788, '2025-06-12 19:00:00+00:00': 15130.194928314051, '2025-06-12 21:00:00+00:00': 16168.326651777748, '2025-06-12 22:00:00+00:00': 15009.40655573929, '2025-06-13 00:00:00+00:00': 14886.016601890806, '2025-06-13 01:00:00+00:00': 16831.679751496285, '2025-06-13 03:00:00+00:00': 16825.292217418442, '2025-06-13 10:00:00+00:00': 17023.346418162953, '2025-06-13 11:00:00+00:00': 16765.950112155286, '2025-06-13 14:00:00+00:00': 16473.82902859147, '2025-06-13 17:00:00+00:00': 16396.349834858658, '2025-06-13 23:00:00+00:00': 16406.086290542815, '2025-06-14 00:00:00+00:00': 16441.489107004785, '2025-06-14 03:00:00+00:00': 15921.05318728674, '2025-06-14 06:00:00+00:00': 15895.7166488252, '2025-06-14 12:00:00+00:00': 15768.798738657311, '2025-06-14 13:00:00+00:00': 15645.075884305523, '2025-06-14 16:00:00+00:00': 15425.588397333724, '2025-06-14 19:00:00+00:00': 15451.016968762295, '2025-06-15 01:00:00+00:00': 15488.061025377216, '2025-06-15 02:00:00+00:00': 15494.910701551018, '2025-06-15 05:00:00+00:00': 15101.136605612332, '2025-06-15 08:00:00+00:00': 15047.750713853313, '2025-06-15 14:00:00+00:00': 14993.143338510912, '2025-06-15 15:00:00+00:00': 14991.315706352521, '2025-06-15 18:00:00+00:00': 14800.931007990748, '2025-06-15 21:00:00+00:00': 14815.072561539404, '2025-06-16 03:00:00+00:00': 14829.643533266102, '2025-06-16 04:00:00+00:00': 14826.856180334597, '2025-06-16 07:00:00+00:00': 14295.155948562393, '2025-06-16 08:00:00+00:00': 14172.950106022497, '2025-06-16 16:00:00+00:00': 14247.284354689598, '2025-06-16 17:00:00+00:00': 13842.781587450212, '2025-06-16 18:00:00+00:00': 13716.331588121806, '2025-06-16 20:00:00+00:00': 13607.55341782172, '2025-06-16 21:00:00+00:00': 13485.464810226784, '2025-06-16 23:00:00+00:00': 13319.433140546269, '2025-06-17 00:00:00+00:00': 13868.873930019952, '2025-06-17 05:00:00+00:00': 13441.311016805648, '2025-06-17 06:00:00+00:00': 13392.225401779302, '2025-06-17 07:00:00+00:00': 13397.88552149865, '2025-06-17 11:00:00+00:00': 13412.191130777317, '2025-06-17 12:00:00+00:00': 13838.873930019952, '2025-06-17 13:00:00+00:00': 13529.379641409156, '2025-06-17 14:00:00+00:00': 13281.790503057973, '2025-06-17 16:00:00+00:00': 13675.52287569744, '2025-06-17 17:00:00+00:00': 13489.405922897007, '2025-06-17 20:00:00+00:00': 13499.89473922424, '2025-06-18 02:00:00+00:00': 13285.889462696236, '2025-06-18 03:00:00+00:00': 13238.866707210733, '2025-06-18 05:00:00+00:00': 13271.074863447844, '2025-06-18 06:00:00+00:00': 13486.95323894952, '2025-06-18 09:00:00+00:00': 13110.705828884074, '2025-06-18 13:00:00+00:00': 12834.534171627429, '2025-06-18 15:00:00+00:00': 13031.286970991083, '2025-06-18 16:00:00+00:00': 12960.318883501923, '2025-06-18 18:00:00+00:00': 13018.85235344561, '2025-06-18 19:00:00+00:00': 12091.967312453042, '2025-06-18 22:00:00+00:00': 12531.205961410347, '2025-06-19 02:00:00+00:00': 12468.872628077013, '2025-06-19 04:00:00+00:00': 12195.439018964566, '2025-06-19 07:00:00+00:00': 11970.274619354854, '2025-06-19 08:00:00+00:00': 12093.366589455818, '2025-06-19 11:00:00+00:00': 12074.520117783088, '2025-06-19 13:00:00+00:00': 11877.834587055906, '2025-06-19 15:00:00+00:00': 11782.093948238136, '2025-06-19 17:00:00+00:00': 11820.654030610513, '2025-06-19 20:00:00+00:00': 11820.87028797925, '2025-06-19 21:00:00+00:00': 11709.283308622384, '2025-06-20 00:00:00+00:00': 11691.025099447374, '2025-06-20 04:00:00+00:00': 11701.10016186248, '2025-06-20 06:00:00+00:00': 11325.556634431668, '2025-06-20 08:00:00+00:00': 11073.438981829666, '2025-06-20 09:00:00+00:00': 11029.340074782154, '2025-06-20 10:00:00+00:00': 11136.811258701699, '2025-06-20 15:00:00+00:00': 11640.22807808168, '2025-06-20 17:00:00+00:00': 11476.15640522643, '2025-06-20 18:00:00+00:00': 11078.233066238603, '2025-06-20 19:00:00+00:00': 11107.36985085504, '2025-06-21 04:00:00+00:00': 11472.221868511304, '2025-06-21 06:00:00+00:00': 11053.582221012583, '2025-06-21 07:00:00+00:00': 10717.659082169599, '2025-06-21 08:00:00+00:00': 10662.248007301167, '2025-06-21 17:00:00+00:00': 10538.280668754855, '2025-06-21 19:00:00+00:00': 10554.58215487671, '2025-06-21 20:00:00+00:00': 10523.284821824474, '2025-06-21 21:00:00+00:00': 10534.360605941398, '2025-06-21 22:00:00+00:00': 11679.437258657674, '2025-06-21 23:00:00+00:00': 10671.955026728574, '2025-06-22 01:00:00+00:00': 11513.642523859586, '2025-06-22 08:00:00+00:00': 10705.904516910954, '2025-06-22 09:00:00+00:00': 11197.189718192207, '2025-06-22 10:00:00+00:00': 11716.375812053866, '2025-06-22 11:00:00+00:00': 11643.863486802296, '2025-06-22 13:00:00+00:00': 11442.875826427045, '2025-06-22 14:00:00+00:00': 12818.557119167335, '2025-06-22 15:00:00+00:00': 12713.809023395132, '2025-06-22 16:00:00+00:00': 12514.794634751892, '2025-06-22 23:00:00+00:00': 12291.863732392741, '2025-06-23 03:00:00+00:00': 12151.701351815118, '2025-06-23 05:00:00+00:00': 12016.311224083454, '2025-06-23 09:00:00+00:00': 11730.044342110465, '2025-06-23 14:00:00+00:00': 11532.329123261634, '2025-06-23 16:00:00+00:00': 11645.075166827572, '2025-06-23 17:00:00+00:00': 11971.161458892979, '2025-06-23 18:00:00+00:00': 11269.046162523162, '2025-06-23 19:00:00+00:00': 11845.82725148991, '2025-06-23 20:00:00+00:00': 11647.131599315999, '2025-06-23 22:00:00+00:00': 11461.728510416393, '2025-06-23 23:00:00+00:00': 11124.47366533037, '2025-06-24 00:00:00+00:00': 11015.532534209286, '2025-06-24 02:00:00+00:00': 10830.332534209285, '2025-06-24 03:00:00+00:00': 10595.008688474793, '2025-06-24 09:00:00+00:00': 10357.3722283656, '2025-06-24 12:00:00+00:00': 10728.480682357433, '2025-06-24 13:00:00+00:00': 10610.607401790674, '2025-06-24 16:00:00+00:00': 10553.408264401636, '2025-06-24 17:00:00+00:00': 10010.337127227283, '2025-06-25 