number,value,params_CONVERGENCE_THRESHOLD,params_FIXED_TRADE_PCT,params_MAX_HOLD_HOURS,params_MAX_POSITION_PCT,params_MIN_DIV,params_STOP_LOSS_PCT,params_TAKE_PROFIT_PCT,params_TRAIL_PCT,state,user_attrs_cooldown_trades_pct,user_attrs_equity_curves,user_attrs_total_trades
8,9.796563657691436,0.03,0.04,72,0.03,0.045,0.15,0.5,0.4,COMPLETE,3.6637931034482754,"[{'2025-05-01 00:00:00+00:00': 10000.0, '2025-05-01 02:00:00+00:00': 10076.835593140277, '2025-05-01 03:00:00+00:00': 10057.814764632622, '2025-05-01 06:00:00+00:00': 10085.105990550006, '2025-05-01 07:00:00+00:00': 10085.633630761839, '2025-05-01 11:00:00+00:00': 10179.830516248017, '2025-05-01 13:00:00+00:00': 10225.843643433407, '2025-05-01 16:00:00+00:00': 10229.634092846336, '2025-05-02 01:00:00+00:00': 10227.844452061136, '2025-05-02 13:00:00+00:00': 10171.69324787651, '2025-05-02 15:00:00+00:00': 10213.551775795442, '2025-05-02 18:00:00+00:00': 10206.530534662921, '2025-05-02 20:00:00+00:00': 10222.282654021981, '2025-05-04 00:00:00+00:00': 10205.851783740118, '2025-05-04 03:00:00+00:00': 10196.65179814115, '2025-05-04 08:00:00+00:00': 10190.674195166252, '2025-05-04 22:00:00+00:00': 10176.900602120952, '2025-05-05 01:00:00+00:00': 10211.084133223882, '2025-05-05 03:00:00+00:00': 10221.923162651923, '2025-05-05 10:00:00+00:00': 10223.370107152952, '2025-05-05 11:00:00+00:00': 10224.250476929452, '2025-05-05 14:00:00+00:00': 10219.319934319603, '2025-05-05 19:00:00+00:00': 10287.22263627924, '2025-05-05 23:00:00+00:00': 10351.654033845649, '2025-05-06 05:00:00+00:00': 10346.80816596072, '2025-05-06 10:00:00+00:00': 10322.246998160204, '2025-05-06 16:00:00+00:00': 10397.556088917418, '2025-05-06 17:00:00+00:00': 10396.197723399135, '2025-05-06 21:00:00+00:00': 10575.00470698791, '2025-05-06 23:00:00+00:00': 10928.115491798673, '2025-05-07 00:00:00+00:00': 10503.769921457817, '2025-05-07 01:00:00+00:00': 10926.235311177086, '2025-05-07 02:00:00+00:00': 10805.345554854142, '2025-05-07 03:00:00+00:00': 10957.482277457297, '2025-05-07 17:00:00+00:00': 11021.597594263701, '2025-05-07 18:00:00+00:00': 11034.096790233682, '2025-05-07 19:00:00+00:00': 11025.889113474474, '2025-05-07 20:00:00+00:00': 11030.766872958111, '2025-05-07 23:00:00+00:00': 11063.399794548704, '2025-05-08 04:00:00+00:00': 11250.321423231548, '2025-05-08 09:00:00+00:00': 11258.17845417993, '2025-05-08 13:00:00+00:00': 11018.669358141542, '2025-05-08 16:00:00+00:00': 11352.984409802424, '2025-05-08 17:00:00+00:00': 11360.967626462083, '2025-05-08 21:00:00+00:00': 11443.660994128537, '2025-05-08 23:00:00+00:00': 11538.55553099525, '2025-05-09 00:00:00+00:00': 11420.200848181026, '2025-05-09 03:00:00+00:00': 11591.000246574136, '2025-05-09 08:00:00+00:00': 11561.669825764582, '2025-05-09 09:00:00+00:00': 11719.388437668895, '2025-05-09 11:00:00+00:00': 11711.709246610892, '2025-05-09 14:00:00+00:00': 11719.08537190669, '2025-05-09 15:00:00+00:00': 11711.359924018092, '2025-05-09 18:00:00+00:00': 11718.43887849387, '2025-05-10 08:00:00+00:00': 11740.340515886059, '2025-05-11 00:00:00+00:00': 11814.375795086142, '2025-05-11 01:00:00+00:00': 11747.311213443638, '2025-05-11 11:00:00+00:00': 11834.986250465741, '2025-05-11 12:00:00+00:00': 11831.801262483266, '2025-05-11 19:00:00+00:00': 11842.495563993376, '2025-05-12 01:00:00+00:00': 11844.845593559872, '2025-05-12 02:00:00+00:00': 11848.05755933918, '2025-05-12 12:00:00+00:00': 11844.696086116248, '2025-05-12 16:00:00+00:00': 11894.55402355046, '2025-05-12 21:00:00+00:00': 11941.25014688714, '2025-05-13 01:00:00+00:00': 11938.701337933793, '2025-05-13 05:00:00+00:00': 11936.927907418909, '2025-05-13 10:00:00+00:00': 11951.036421051163, '2025-05-13 20:00:00+00:00': 11964.163907772641, '2025-05-14 19:00:00+00:00': 11961.834423187609, '2025-05-15 01:00:00+00:00': 11958.131314365733, '2025-05-15 18:00:00+00:00': 12063.810162185542, '2025-05-15 21:00:00+00:00': 12109.605462009886, '2025-05-16 11:00:00+00:00': 12134.782344178146, '2025-05-16 14:00:00+00:00': 12145.04267769428, '2025-05-16 16:00:00+00:00': 12144.872629622298, '2025-05-17 04:00:00+00:00': 12177.422046645486, '2025-05-17 05:00:00+00:00': 12210.536592930706, '2025-05-17 15:00:00+00:00': 12231.708298872065, '2025-05-17 18:00:00+00:00': 12237.424290167404, '2025-05-17 21:00:00+00:00': 12236.694238358352, '2025-05-17 22:00:00+00:00': 12231.568313792126, '2025-05-18 01:00:00+00:00': 12255.408810056553, '2025-05-18 06:00:00+00:00': 12373.906430842471, '2025-05-18 09:00:00+00:00': 12384.991021908443, '2025-05-18 15:00:00+00:00': 12372.499739545858, '2025-05-18 18:00:00+00:00': 12445.70470926343, '2025-05-19 00:00:00+00:00': 12569.372784706246, '2025-05-19 01:00:00+00:00': 12642.912110548943, '2025-05-19 04:00:00+00:00': 12671.393682869857, '2025-05-19 08:00:00+00:00': 12699.979157498108, '2025-05-19 16:00:00+00:00': 12927.584058580911, '2025-05-19 17:00:00+00:00': 12927.07427233514, '2025-05-20 05:00:00+00:00': 13080.344983734603, '2025-05-20 06:00:00+00:00': 13069.369707034915, '2025-05-20 08:00:00+00:00': 13107.0058533382, '2025-05-20 12:00:00+00:00': 13099.841899342118, '2025-05-20 14:00:00+00:00': 13116.85726826347, '2025-05-20 16:00:00+00:00': 13146.664090341303, '2025-05-20 18:00:00+00:00': 13268.960283473836, '2025-05-21 01:00:00+00:00': 13581.458948076015, '2025-05-21 07:00:00+00:00': 13606.79691257151, '2025-05-21 08:00:00+00:00': 13600.227878894651, '2025-05-21 15:00:00+00:00': 13817.77795739408, '2025-05-21 17:00:00+00:00': 13920.35146756108, '2025-05-21 18:00:00+00:00': 14904.07886151988, '2025-05-21 21:00:00+00:00': 15059.639752516636, '2025-05-22 00:00:00+00:00': 15198.108765892372, '2025-05-22 01:00:00+00:00': 15252.395574439548, '2025-05-22 04:00:00+00:00': 15316.774687285995, '2025-05-22 07:00:00+00:00': 15430.504261043217, '2025-05-22 09:00:00+00:00': 15464.153502263973, '2025-05-22 14:00:00+00:00': 15483.023931593372, '2025-05-23 00:00:00+00:00': 15479.571754124381, '2025-05-23 07:00:00+00:00': 15488.694942173428, '2025-05-24 00:00:00+00:00': 15530.340414401415, '2025-05-24 08:00:00+00:00': 15544.03875360721, '2025-05-24 13:00:00+00:00': 15544.328704677566, '2025-05-24 23:00:00+00:00': 15545.827488172123, '2025-05-25 23:00:00+00:00': 15773.174426947633, '2025-05-26 09:00:00+00:00': 15775.268166005968, '2025-05-26 16:00:00+00:00': 15794.738119552594, '2025-05-26 21:00:00+00:00': 15806.675455144063, '2025-05-27 02:00:00+00:00': 15825.170935854008, '2025-05-27 13:00:00+00:00': 15822.78265563976, '2025-05-27 15:00:00+00:00': 15819.680090056787, '2025-05-28 17:00:00+00:00': 15925.188125344259, '2025-05-28 20:00:00+00:00': 15915.760160017713, '2025-05-29 05:00:00+00:00': 15902.864499564757, '2025-05-29 18:00:00+00:00': 15906.735025307571, '2025-05-31 02:00:00+00:00': 15760.962169205019, '2025-05-31 03:00:00+00:00': 16726.50045605283, '2025-05-31 04:00:00+00:00': 16954.002930104125, '2025-05-31 05:00:00+00:00': 17070.620755289638, '2025-05-31 06:00:00+00:00': 16999.621618267756, '2025-05-31 07:00:00+00:00': 17236.616417024725, '2025-05-31 08:00:00+00:00': 17578.28787449341, '2025-05-31 09:00:00+00:00': 17413.51741957358, '2025-05-31 12:00:00+00:00': 17570.928182888947, '2025-05-31 14:00:00+00:00': 17776.748481200633, '2025-05-31 16:00:00+00:00': 18048.04305892822, '2025-05-31 17:00:00+00:00': 17787.304808077643, '2025-05-31 22:00:00+00:00': 17941.782617698093, '2025-05-31 23:00:00+00:00': 17911.3541016531, '2025-06-01 10:00:00+00:00': 17989.15115497414, '2025-06-01 13:00:00+00:00': 18096.520539049896, '2025-06-02 02:00:00+00:00': 17908.192347264227, '2025-06-02 10:00:00+00:00': 17959.90940641005, '2025-06-02 14:00:00+00:00': 17862.398259708072, '2025-06-02 17:00:00+00:00': 17864.54934353832, '2025-06-02 19:00:00+00:00': 17874.92619450758, '2025-06-02 22:00:00+00:00': 18073.407955735223, '2025-06-02 23:00:00+00:00': 15676.158374545392, '2025-06-03 00:00:00+00:00': 18019.97373201745, '2025-06-03 01:00:00+00:00': 18134.237531527047, '2025-06-03 02:00:00+00:00': 17758.194898914055, '2025-06-03 04:00:00+00:00': 17270.12812995896, '2025-06-03 06:00:00+00:00': 17566.535324444812, '2025-06-03 10:00:00+00:00': 18050.95247105856, '2025-06-03 12:00:00+00:00': 17994.545127826354, '2025-06-03 14:00:00+00:00': 17706.097621339002, '2025-06-03 15:00:00+00:00': 17404.611666946763, '2025-06-03 21:00:00+00:00': 17563.024664346718, '2025-06-03 23:00:00+00:00': 17582.464729147436, '2025-06-04 05:00:00+00:00': 17588.151792959245, '2025-06-04 07:00:00+00:00': 17341.37237253913, '2025-06-04 09:00:00+00:00': 17484.980762263793, '2025-06-04 16:00:00+00:00': 17903.226006235476, '2025-06-04 17:00:00+00:00': 17589.269423966038, '2025-06-04 22:00:00+00:00': 19126.777515583224, '2025-06-05 00:00:00+00:00': 17562.598656912516, '2025-06-05 05:00:00+00:00': 19046.948977224743, '2025-06-05 07:00:00+00:00': 17643.175051197246, '2025-06-05 11:00:00+00:00': 17485.44325869484, '2025-06-05 13:00:00+00:00': 19131.522475717677, '2025-06-05 14:00:00+00:00': 18091.00302534242, '2025-06-05 16:00:00+00:00': 18856.03532157417, '2025-06-05 17:00:00+00:00': 19048.168285994725, '2025-06-05 19:00:00+00:00': 18748.726082515503, '2025-06-05 20:00:00+00:00': 18754.637706321373, '2025-06-05 21:00:00+00:00': 18609.122119160646, '2025-06-06 00:00:00+00:00': 19522.479980976364, '2025-06-06 03:00:00+00:00': 18419.660083196006, '2025-06-06 05:00:00+00:00': 18354.566669923635, '2025-06-06 07:00:00+00:00': 19407.63590887493, '2025-06-06 08:00:00+00:00': 19327.372243708338, '2025-06-06 09:00:00+00:00': 19493.4019752357, '2025-06-06 10:00:00+00:00': 18589.11212446909, '2025-06-06 11:00:00+00:00': 19080.96815231816, '2025-06-06 13:00:00+00:00': 19309.75351369449, '2025-06-06 14:00:00+00:00': 19327.93619917913, '2025-06-06 15:00:00+00:00': 18915.863213556884, '2025-06-07 00:00:00+00:00': 18606.58669138078, '2025-06-07 07:00:00+00:00': 19009.15047561457, '2025-06-07 16:00:00+00:00': 18761.6133885253, '2025-06-07 20:00:00+00:00': 18523.252571787485, '2025-06-07 21:00:00+00:00': 18721.88267743799, '2025-06-07 22:00:00+00:00': 18555.71570145569, '2025-06-07 23:00:00+00:00': 19167.096176448067, '2025-06-08 09:00:00+00:00': 18570.46864691906, '2025-06-08 13:00:00+00:00': 19216.66799061639, '2025-06-08 14:00:00+00:00': 18603.91436316569, '2025-06-08 19:00:00+00:00': 18695.271273382492, '2025-06-08 22:00:00+00:00': 18577.788757337163, '2025-06-09 03:00:00+00:00': 18256.13477717526, '2025-06-09 09:00:00+00:00': 18684.555185615794, '2025-06-09 10:00:00+00:00': 18519.01541676378, '2025-06-09 11:00:00+00:00': 18856.011607776265, '2025-06-09 12:00:00+00:00': 18552.94511029452, '2025-06-09 13:00:00+00:00': 18655.632917879833, '2025-06-09 15:00:00+00:00': 18794.58522388089, '2025-06-09 16:00:00+00:00': 18483.56530632627, '2025-06-09 17:00:00+00:00': 18632.8974924032, '2025-06-09 19:00:00+00:00': 18401.342046816186, '2025-06-09 22:00:00+00:00': 18102.490979172344, '2025-06-09 23:00:00+00:00': 18853.220073048364, '2025-06-10 01:00:00+00:00': 17831.404846669826, '2025-06-10 02:00:00+00:00': 18166.75249145676, '2025-06-10 12:00:00+00:00': 18065.53185301768, '2025-06-10 13:00:00+00:00': 18254.721618118692, '2025-06-10 19:00:00+00:00': 17573.498941438556, '2025-06-11 00:00:00+00:00': 17571.610824199117, '2025-06-11 05:00:00+00:00': 17998.29749000624, '2025-06-11 15:00:00+00:00': 17803.409255000923, '2025-06-11 16:00:00+00:00': 17665.631477223145, '2025-06-11 17:00:00+00:00': 17600.90925951412, '2025-06-11 20:00:00+00:00': 17518.588284295594, '2025-06-11 21:00:00+00:00': 18309.38890940212, '2025-06-11 22:00:00+00:00': 18072.70358085776, '2025-06-12 02:00:00+00:00': 18028.31838268787, '2025-06-12 08:00:00+00:00': 17535.97394297657, '2025-06-12 11:00:00+00:00': 18569.420408180966, '2025-06-12 12:00:00+00:00': 18644.157570751322, '2025-06-12 13:00:00+00:00': 18472.62284287774, '2025-06-12 14:00:00+00:00': 18411.998271925906, '2025-06-12 16:00:00+00:00': 18322.48649229549, '2025-06-12 18:00:00+00:00': 17796.8779903872, '2025-06-12 20:00:00+00:00': 18092.665063724064, '2025-06-12 21:00:00+00:00': 18071.73513324434, '2025-06-12 23:00:00+00:00': 18141.57454247273, '2025-06-13 00:00:00+00:00': 18818.545316315845, '2025-06-13 01:00:00+00:00': 18979.392243959053, '2025-06-13 02:00:00+00:00': 19050.28558316885, '2025-06-13 03:00:00+00:00': 18664.86862722491, '2025-06-13 11:00:00+00:00': 18325.10145811937, '2025-06-13 12:00:00+00:00': 18216.875651667757, '2025-06-13 16:00:00+00:00': 18437.654649608732, '2025-06-13 17:00:00+00:00': 18040.668238236685, '2025-06-13 23:00:00+00:00': 18140.490543165783, '2025-06-14 01:00:00+00:00': 17856.667801623214, '2025-06-14 13:00:00+00:00': 18473.56447091997, '2025-06-14 17:00:00+00:00': 18732.526521961754, '2025-06-15 17:00:00+00:00': 17779.823241448652, '2025-06-15 22:00:00+00:00': 18449.3419207163, '2025-06-16 02:00:00+00:00': 18524.054932759682, '2025-06-16 03:00:00+00:00': 17904.19396705163, '2025-06-16 06:00:00+00:00': 17716.193987464154, '2025-06-16 08:00:00+00:00': 17371.132825458415, '2025-06-16 09:00:00+00:00': 17532.938064728944, '2025-06-16 10:00:00+00:00': 17466.603078373246, '2025-06-16 14:00:00+00:00': 17186.88650293587, '2025-06-16 15:00:00+00:00': 17301.234329022827, '2025-06-16 16:00:00+00:00': 16566.947779243445, '2025-06-16 17:00:00+00:00': 16637.51333485455, '2025-06-16 19:00:00+00:00': 16711.460193950745, '2025-06-16 20:00:00+00:00': 16781.38879272003, '2025-06-16 23:00:00+00:00': 16816.075578566128, '2025-06-17 00:00:00+00:00': 17326.39679528085, '2025-06-17 01:00:00+00:00': 17149.894082164326, '2025-06-17 02:00:00+00:00': 17023.888265562568, '2025-06-17 06:00:00+00:00': 17634.19699406351, '2025-06-17 07:00:00+00:00': 16487.033268164432, '2025-06-17 10:00:00+00:00': 17485.303555967595, '2025-06-17 11:00:00+00:00': 17600.6666163145, '2025-06-17 13:00:00+00:00': 17519.109274765266, '2025-06-17 14:00:00+00:00': 17518.631350592143, '2025-06-17 16:00:00+00:00': 17364.084255512797, '2025-06-17 17:00:00+00:00': 17078.20253502281, '2025-06-17 20:00:00+00:00': 16558.4462024061, '2025-06-17 22:00:00+00:00': 16324.685719161609, '2025-06-18 01:00:00+00:00': 17528.234072204512, '2025-06-18 05:00:00+00:00': 15798.261074219716, '2025-06-18 11:00:00+00:00': 17145.32072559181, '2025-06-18 14:00:00+00:00': 15864.635909799987, '2025-06-18 15:00:00+00:00': 17458.388011522537, '2025-06-18 19:00:00+00:00': 15155.843918180852, '2025-06-18 23:00:00+00:00': 15549.34739911832, '2025-06-19 01:00:00+00:00': 16233.667601499215, '2025-06-19 04:00:00+00:00': 15432.318120093378, '2025-06-19 07:00:00+00:00': 15054.89402031073, '2025-06-19 10:00:00+00:00': 15245.2019369071, '2025-06-19 21:00:00+00:00': 14943.727006604195, '2025-06-20 02:00:00+00:00': 14829.379180517239, '2025-06-20 04:00:00+00:00': 15321.484786760044, '2025-06-20 08:00:00+00:00': 14102.768979064209, '2025-06-20 09:00:00+00:00': 14199.289843559503, '2025-06-20 11:00:00+00:00': 14153.790843830377, '2025-06-20 12:00:00+00:00': 13936.441318529436, '2025-06-20 13:00:00+00:00': 15126.280497482898, '2025-06-20 14:00:00+00:00': 13865.741476906842, '2025-06-20 15:00:00+00:00': 14862.964848628615, '2025-06-20 18:00:00+00:00': 15248.138544458292, '2025-06-21 02:00:00+00:00': 15031.84027031539, '2025-06-21 09:00:00+00:00': 14926.780746505867, '2025-06-21 16:00:00+00:00': 14778.529920774477, '2025-06-21 17:00:00+00:00': 15296.51637094432, '2025-06-21 19:00:00+00:00': 16252.028919711835, '2025-06-21 20:00:00+00:00': 16141.455707970317, '2025-06-21 22:00:00+00:00': 16312.472472702262, '2025-06-21 23:00:00+00:00': 16066.294087120576, '2025-06-22 01:00:00+00:00': 15770.977343254659, '2025-06-22 09:00:00+00:00': 15999.593176497207, '2025-06-22 10:00:00+00:00': 16308.30304695386, '2025-06-22 14:00:00+00:00': 17156.676671522244, '2025-06-22 15:00:00+00:00': 16945.25101397226, '2025-06-22 16:00:00+00:00': 16974.092534829277, '2025-06-22 23:00:00+00:00': 16833.40273093747, '2025-06-23 00:00:00+00:00': 16818.466492672822, '2025-06-23 01:00:00+00:00': 16739.837886751746, '2025-06-23 02:00:00+00:00': 17088.058168822256, '2025-06-23 03:00:00+00:00': 16478.483148752835, '2025-06-23 04:00:00+00:00': 16664.79336878798, '2025-06-23 05:00:00+00:00': 16343.121079787317, '2025-06-23 06:00:00+00:00': 16265.929091405022, '2025-06-23 09:00:00+00:00': 16027.305200973939, '2025-06-23 13:00:00+00:00': 15917.579173576678, '2025-06-23 14:00:00+00:00': 15820.564777547248, '2025-06-23 17:00:00+00:00': 16150.153616021398, '2025-06-23 18:00:00+00:00': 15629.135610351494, '2025-06-23 19:00:00+00:00': 15476.350800224911, '2025-06-23 21:00:00+00:00': 15826.513728240909, '2025-06-23 22:00:00+00:00': 15391.698491163173, '2025-06-23 23:00:00+00:00': 15283.614141029571, '2025-06-24 01:00:00+00:00': 14963.496350377036, '2025-06-24 02:00:00+00:00': 14778.296350377035, '2025-06-24 03:00:00+00:00': 14690.074001712983, '2025-06-24 05:00:00+00:00': 14585.794722433704, '2025-06-24 07:00:00+00:00': 15145.836363251794, '2025-06-24 09:00:00+00:00': 14335.749913279047, '2025-06-24 14:00:00+00:00': 14516.740479316783, '2025-06-24 15:00:00+00:00': 15050.215928698466, '2025-06-24 17:00:00+00:00': 14144.083246612381, '2025-06-24 21:00:00+00:00': 13966.178928912825, '2025-06-24 22:00:00+00:00': 13861.899649633546, '2025-06-25 01:00:00+00:00': 13651.3551973235, '2025-06-25 07:00:00+00:00': 13727.971078204975, '2025-06-25 09:00:00+00:00': 14071.07737911345, '2025-06-25 14:00:00+00:00': 13954.58503227372, '2025-06-25 15:00:00+00:00': 13856.08462126833, '2025-06-25 16:00:00+00:00': 13721.893565751712, '2025-06-26 00:00:00+00:00': 13611.060232418378, '2025-06-26 10:00:00+00:00': 13518.906318562933, '2025-06-26 14:00:00+00:00': 13406.015746971267, '2025-06-26 16:00:00+00:00': 13302.226375165515, '2025-06-27 00:00:00+00:00': 13169.506347319504, '2025-06-30 20:00:00+00:00': 13152.605783637184, '2025-06-30 21:00:00+00:00': 13150.05461135747, '2025-06-30 22:00:00+00:00': 13205.06054243733, '2025-07-01 00:00:00+00:00': 13393.651033263046, '2025-07-01 02:00:00+00:00': 13350.021894601905, '2025-07-01 03:00:00+00:00': 13357.852911417422, '2025-07-01 04:00:00+00:00': 13342.077869454091, '2025-07-01 05:00:00+00:00': 13352.936797306054, '2025-07-01 07:00:00+00:00': 13345.540322561248, '2025-07-01 08:00:00+00:00': 13314.880673299727, '2025-07-01 09:00:00+00:00': 13317.049260334643, '2025-07-01 11:00:00+00:00': 13330.037056287383, '2025-07-01 13:00:00+00:00': 13366.117541084639, '2025-07-01 15:00:00+00:00': 13353.581261302843, '2025-07-01 18:00:00+00:00': 13271.305261527505, '2025-07-01 20:00:00+00:00': 13264.866578431525, '2025-07-02 00:00:00+00:00': 13339.356687533851, '2025-07-02 02:00:00+00:00': 13333.382165102968, '2025-07-02 07:00:00+00:00': 13300.748382298016, '2025-07-02 08:00:00+00:00': 13424.134468671282, '2025-07-02 13:00:00+00:00': 13425.42429471506, '2025-07-02 14:00:00+00:00': 13414.859948649053, '2025-07-02 15:00:00+00:00': 13259.79552960762, '2025-07-02 17:00:00+00:00': 13474.90550698317, '2025-07-02 18:00:00+00:00': 13466.473810679425, '2025-07-02 19:00:00+00:00': 13432.195218014775, '2025-07-02 20:00:00+00:00': 13457.393494226326, '2025-07-02 21:00:00+00:00': 13453.145828606826, '2025-07-02 22:00:00+00:00': 13445.723730528829, '2025-07-02 23:00:00+00:00': 13438.461945373954, '2025-07-03 00:00:00+00:00': 13470.72562473786, '2025-07-03 05:00:00+00:00': 13478.421354854732, '2025-07-03 07:00:00+00:00': 13478.803804264162, '2025-07-03 09:00:00+00:00': 13474.775920021044, '2025-07-03 10:00:00+00:00': 13468.027741122796, '2025-07-03 13:00:00+00:00': 13467.974960212256, '2025-07-03 14:00:00+00:00': 13475.765227966309, '2025-07-03 16:00:00+00:00': 13510.651134578062, '2025-07-03 17:00:00+00:00': 13513.806071185933, '2025-07-03 18:00:00+00:00': 13460.090720715682, '2025-07-03 21:00:00+00:00': 13466.85464389698, '2025-07-04 03:00:00+00:00': 13505.230037073634, '2025-07-04 05:00:00+00:00': 13500.78491532978, '2025-07-04 08:00:00+00:00': 13545.107911341935, '2025-07-04 12:00:00+00:00': 13550.21087908179, '2025-07-04 16:00:00+00:00': 13550.93923278455, '2025-07-04 17:00:00+00:00': 13624.679574040885, '2025-07-04 18:00:00+00:00': 13618.888484140842, '2025-07-04 20:00:00+00:00': 13613.667552154739, '2025-07-04 22:00:00+00:00': 13602.119801461744, '2025-07-04 23:00:00+00:00': 13633.181508527274, '2025-07-05 00:00:00+00:00': 13629.341406419595, '2025-07-05 06:00:00+00:00': 13624.189865638231, '2025-07-05 09:00:00+00:00': 13619.385480651827, '2025-07-05 19:00:00+00:00': 13637.556753490842, '2025-07-05 21:00:00+00:00': 13622.085655028142, '2025-07-06 06:00:00+00:00': 13619.041792289328, '2025-07-06 11:00:00+00:00': 13622.52869680205, '2025-07-06 13:00:00+00:00': 13631.305606192414, '2025-07-06 17:00:00+00:00': 13462.51631359749, '2025-07-06 19:00:00+00:00': 13631.782653380798, '2025-07-06 21:00:00+00:00': 13617.404065271157, '2025-07-06 23:00:00+00:00': 13468.04968250619, '2025-07-07 01:00:00+00:00': 13612.531172901272, '2025-07-07 02:00:00+00:00': 13620.35690787744, '2025-07-07 05:00:00+00:00': 13645.914974781377, '2025-07-07 07:00:00+00:00': 13645.300261922353, '2025-07-07 08:00:00+00:00': 13638.95251973764, '2025-07-07 09:00:00+00:00': 13617.530689335521, '2025-07-07 11:00:00+00:00': 13665.461435790423, '2025-07-07 12:00:00+00:00': 13658.270292832412, '2025-07-07 13:00:00+00:00': 13672.190051608863, '2025-07-07 14:00:00+00:00': 13664.740983721404, '2025-07-07 15:00:00+00:00': 13659.50884909774, '2025-07-07 17:00:00+00:00': 13742.402629483991, '2025-07-07 18:00:00+00:00': 13748.41052193676, '2025-07-07 19:00:00+00:00': 13744.882097326505, '2025-07-07 21:00:00+00:00': 13736.959152699572, '2025-07-07 23:00:00+00:00': 13744.20144479418, '2025-07-08 01:00:00+00:00': 13634.915007020765, '2025-07-08 03:00:00+00:00': 13852.015987547458, '2025-07-08 05:00:00+00:00': 13843.08171672653, '2025-07-08 09:00:00+00:00': 13853.698341981795, '2025-07-08 10:00:00+00:00': 13847.938820330377, '2025-07-08 12:00:00+00:00': 13839.539655720348, '2025-07-08 14:00:00+00:00': 13856.89549139741, '2025-07-08 15:00:00+00:00': 13835.325635995527, '2025-07-08 16:00:00+00:00': 13894.80947937328, '2025-07-08 17:00:00+00:00': 13840.629555465084, '2025-07-08 18:00:00+00:00