number,value,params_CONVERGENCE_THRESHOLD,params_FIXED_TRADE_PCT,params_MAX_HOLD_HOURS,params_MAX_POSITION_PCT,params_MIN_DIV,params_STOP_LOSS_PCT,params_TAKE_PROFIT_PCT,params_TRAIL_PCT,state,user_attrs_cooldown_trades_pct,user_attrs_equity_curves,user_attrs_total_trades
13,-0.129466533141733,0.025,0.055,12,0.015,0.045,0.3,0.8,0.5,COMPLETE,4.923599320882852,"[{'2025-05-01 00:00:00+00:00': 10000.0, '2025-05-01 02:00:00+00:00': 10088.972627920672, '2025-05-01 06:00:00+00:00': 10096.024439304696, '2025-05-01 07:00:00+00:00': 10096.750730050511, '2025-05-01 11:00:00+00:00': 10232.72920020311, '2025-05-01 13:00:00+00:00': 10106.70814841652, '2025-05-01 15:00:00+00:00': 10267.595183914265, '2025-05-01 16:00:00+00:00': 10182.096102058065, '2025-05-01 17:00:00+00:00': 10307.249270392238, '2025-05-01 22:00:00+00:00': 10221.759980127963, '2025-05-02 01:00:00+00:00': 10268.045180599851, '2025-05-02 11:00:00+00:00': 10274.058442792764, '2025-05-02 13:00:00+00:00': 10264.713603363078, '2025-05-02 15:00:00+00:00': 10257.257237989405, '2025-05-02 16:00:00+00:00': 10245.154681458722, '2025-05-03 23:00:00+00:00': 10247.377584889353, '2025-05-04 00:00:00+00:00': 10246.614644849591, '2025-05-04 13:00:00+00:00': 10213.381656573662, '2025-05-04 18:00:00+00:00': 10190.262821381886, '2025-05-05 01:00:00+00:00': 10215.415495537594, '2025-05-05 03:00:00+00:00': 10211.345770691267, '2025-05-05 10:00:00+00:00': 10213.29423624924, '2025-05-05 11:00:00+00:00': 10177.7486510061, '2025-05-05 13:00:00+00:00': 10190.110287340905, '2025-05-05 14:00:00+00:00': 10171.146084234128, '2025-05-05 17:00:00+00:00': 10176.69613505561, '2025-05-05 19:00:00+00:00': 10264.915658879176, '2025-05-05 23:00:00+00:00': 10355.042508651373, '2025-05-06 01:00:00+00:00': 10378.471668805814, '2025-05-06 10:00:00+00:00': 10341.012676134467, '2025-05-06 11:00:00+00:00': 10353.589315685793, '2025-05-06 16:00:00+00:00': 10409.353060034427, '2025-05-06 17:00:00+00:00': 10442.531203950992, '2025-05-06 20:00:00+00:00': 10462.350122397262, '2025-05-07 00:00:00+00:00': 10613.42608116073, '2025-05-07 01:00:00+00:00': 10950.504061503822, '2025-05-07 02:00:00+00:00': 10785.642848332276, '2025-05-07 04:00:00+00:00': 11005.448845940122, '2025-05-07 16:00:00+00:00': 10991.923831166041, '2025-05-07 17:00:00+00:00': 10954.293300685713, '2025-05-07 19:00:00+00:00': 10964.315275119048, '2025-05-07 23:00:00+00:00': 11250.15092228544, '2025-05-08 04:00:00+00:00': 11384.112527259314, '2025-05-08 09:00:00+00:00': 11247.0149474495, '2025-05-08 15:00:00+00:00': 11368.053951449308, '2025-05-08 17:00:00+00:00': 11492.34289603543, '2025-05-08 19:00:00+00:00': 11704.587639878675, '2025-05-08 21:00:00+00:00': 11707.18414544201, '2025-05-08 22:00:00+00:00': 11892.83349609136, '2025-05-09 00:00:00+00:00': 11834.651677909542, '2025-05-09 03:00:00+00:00': 11966.864314784123, '2025-05-09 08:00:00+00:00': 11925.591485616791, '2025-05-09 09:00:00+00:00': 12148.078415056338, '2025-05-09 11:00:00+00:00': 12137.133287970966, '2025-05-09 14:00:00+00:00': 12147.569947237895, '2025-05-09 15:00:00+00:00': 12136.56159785495, '2025-05-09 18:00:00+00:00': 12145.94131259648, '2025-05-10 07:00:00+00:00': 12178.509524967809, '2025-05-10 22:00:00+00:00': 12172.898324759988, '2025-05-11 00:00:00+00:00': 12284.717214260585, '2025-05-11 01:00:00+00:00': 12208.867522516239, '2025-05-11 11:00:00+00:00': 12323.361933449014, '2025-05-11 13:00:00+00:00': 12318.837377781801, '2025-05-11 19:00:00+00:00': 12334.113317646446, '2025-05-12 01:00:00+00:00': 12329.542509103429, '2025-05-12 02:00:00+00:00': 12337.493016445516, '2025-05-12 12:00:00+00:00': 12337.278893588264, '2025-05-12 16:00:00+00:00': 12407.62372117447, '2025-05-12 19:00:00+00:00': 12421.030207508642, '2025-05-12 21:00:00+00:00': 12474.616230659958, '2025-05-13 01:00:00+00:00': 12470.955081862527, '2025-05-13 06:00:00+00:00': 12465.131869816023, '2025-05-13 08:00:00+00:00': 12500.343422345319, '2025-05-13 12:00:00+00:00': 12538.903991854128, '2025-05-13 20:00:00+00:00': 12557.84217416331, '2025-05-16 11:00:00+00:00': 12810.250572060973, '2025-05-16 14:00:00+00:00': 12825.092860601206, '2025-05-16 16:00:00+00:00': 12824.845952190815, '2025-05-16 17:00:00+00:00': 12852.869401024842, '2025-05-17 05:00:00+00:00': 12900.58889562155, '2025-05-17 15:00:00+00:00': 12945.335278632892, '2025-05-17 18:00:00+00:00': 12953.596226442593, '2025-05-17 21:00:00+00:00': 12952.540942184769, '2025-05-17 22:00:00+00:00': 12945.13296825035, '2025-05-18 01:00:00+00:00': 12979.778831821886, '2025-05-18 06:00:00+00:00': 12981.827355500029, '2025-05-18 09:00:00+00:00': 13208.853838824194, '2025-05-18 16:00:00+00:00': 13192.811906269937, '2025-05-18 17:00:00+00:00': 13284.305868563368, '2025-05-18 18:00:00+00:00': 13292.971485883018, '2025-05-19 00:00:00+00:00': 13432.914613606916, '2025-05-19 16:00:00+00:00': 13994.458350612784, '2025-05-19 20:00:00+00:00': 14010.42940915497, '2025-05-20 02:00:00+00:00': 14184.857362624563, '2025-05-20 05:00:00+00:00': 14206.644480953777, '2025-05-20 14:00:00+00:00': 14261.326007993845, '2025-05-20 16:00:00+00:00': 14305.88634722398, '2025-05-20 18:00:00+00:00': 14578.186067111934, '2025-05-20 20:00:00+00:00': 14428.043209969077, '2025-05-21 07:00:00+00:00': 14941.429310355177, '2025-05-21 08:00:00+00:00': 14923.538973573377, '2025-05-21 17:00:00+00:00': 15388.858122509548, '2025-05-21 18:00:00+00:00': 15612.436840422448, '2025-05-21 21:00:00+00:00': 15494.627316612923, '2025-05-22 00:00:00+00:00': 15914.094749626303, '2025-05-22 01:00:00+00:00': 15978.864864568832, '2025-05-22 04:00:00+00:00': 16188.889903877804, '2025-05-22 07:00:00+00:00': 16234.828395610106, '2025-05-22 09:00:00+00:00': 16273.138254765036, '2025-05-22 15:00:00+00:00': 16328.76876081675, '2025-05-23 00:00:00+00:00': 16323.762730611696, '2025-05-24 00:00:00+00:00': 16627.424726717065, '2025-05-24 08:00:00+00:00': 16647.59048836029, '2025-05-24 14:00:00+00:00': 16659.851122853517, '2025-05-24 23:00:00+00:00': 16661.94671108881, '2025-05-25 23:00:00+00:00': 16889.29364986432, '2025-05-26 09:00:00+00:00': 16892.376253126968, '2025-05-26 16:00:00+00:00': 16921.04321105341, '2025-05-26 21:00:00+00:00': 16938.627499791146, '2025-05-27 02:00:00+00:00': 16961.729689572167, '2025-05-27 15:00:00+00:00': 16954.12598721237, '2025-05-28 06:00:00+00:00': 17038.46488534958, '2025-05-28 17:00:00+00:00': 17078.18363534958, '2025-05-28 20:00:00+00:00': 17064.28161939882, '2025-05-29 06:00:00+00:00': 17047.10179053584, '2025-05-29 18:00:00+00:00': 17052.80668814679, '2025-05-31 03:00:00+00:00': 18141.9315661022, '2025-05-31 06:00:00+00:00': 18595.51927218993, '2025-05-31 07:00:00+00:00': 19000.938976909, '2025-05-31 11:00:00+00:00': 17131.928279425454, '2025-05-31 12:00:00+00:00': 17098.00368740734, '2025-05-31 15:00:00+00:00': 17832.457945621998, '2025-05-31 16:00:00+00:00': 19243.519584940033, '2025-05-31 17:00:00+00:00': 19253.61273446429, '2025-05-31 20:00:00+00:00': 19238.093660278257, '2025-05-31 22:00:00+00:00': 19235.72236055634, '2025-06-01 00:00:00+00:00': 19273.442643771414, '2025-06-01 04:00:00+00:00': 19291.119224911185, '2025-06-01 05:00:00+00:00': 19289.914337820628, '2025-06-01 06:00:00+00:00': 19224.801020744675, '2025-06-01 09:00:00+00:00': 19120.232668593628, '2025-06-01 13:00:00+00:00': 18713.372988519382, '2025-06-01 14:00:00+00:00': 18917.23140784949, '2025-06-01 15:00:00+00:00': 18902.895360234477, '2025-06-01 17:00:00+00:00': 18706.90418936106, '2025-06-01 19:00:00+00:00': 18659.03024160948, '2025-06-01 22:00:00+00:00': 18659.18057304695, '2025-06-02 02:00:00+00:00': 18448.67258671989, '2025-06-02 03:00:00+00:00': 18443.04654278323, '2025-06-02 06:00:00+00:00': 18333.846379077357, '2025-06-02 08:00:00+00:00': 18221.856109461696, '2025-06-02 11:00:00+00:00': 18162.893961956, '2025-06-02 14:00:00+00:00': 17847.097034384995, '2025-06-02 15:00:00+00:00': 17984.856608895272, '2025-06-02 16:00:00+00:00': 17955.386124355104, '2025-06-02 17:00:00+00:00': 17972.206810700594, '2025-06-02 19:00:00+00:00': 17726.747015014043, '2025-06-02 21:00:00+00:00': 17724.277719530124, '2025-06-03 00:00:00+00:00': 17814.31460163518, '2025-06-03 02:00:00+00:00': 17696.73342743797, '2025-06-03 03:00:00+00:00': 17726.11264126206, '2025-06-03 04:00:00+00:00': 17677.890510386755, '2025-06-03 07:00:00+00:00': 17421.65084805511, '2025-06-03 08:00:00+00:00': 17608.928989757962, '2025-06-03 10:00:00+00:00': 17683.460143908324, '2025-06-03 15:00:00+00:00': 17095.27492011028, '2025-06-03 16:00:00+00:00': 17695.418353293422, '2025-06-03 17:00:00+00:00': 17425.808688982153, '2025-06-03 21:00:00+00:00': 16895.328041042416, '2025-06-03 23:00:00+00:00': 16558.274342413588, '2025-06-04 05:00:00+00:00': 16538.473226733015, '2025-06-04 06:00:00+00:00': 16907.493964715264, '2025-06-04 09:00:00+00:00': 16261.17935183555, '2025-06-04 10:00:00+00:00': 16551.446149470725, '2025-06-04 11:00:00+00:00': 16565.79444667935, '2025-06-04 12:00:00+00:00': 16532.312779818265, '2025-06-04 16:00:00+00:00': 16145.613503435949, '2025-06-04 18:00:00+00:00': 16508.361421740716, '2025-06-04 19:00:00+00:00': 16266.487805244366, '2025-06-04 22:00:00+00:00': 15889.825240882577, '2025-06-04 23:00:00+00:00': 16216.51909277517, '2025-06-05 01:00:00+00:00': 16139.84578472421, '2025-06-05 05:00:00+00:00': 15636.308922881688, '2025-06-05 07:00:00+00:00': 16106.781909442652, '2025-06-05 08:00:00+00:00': 15895.081616795347, '2025-06-05 12:00:00+00:00': 15716.25888114106, '2025-06-05 13:00:00+00:00': 15637.644347083933, '2025-06-05 14:00:00+00:00': 15643.037655513634, '2025-06-05 16:00:00+00:00': 16050.33041592964, '2025-06-05 19:00:00+00:00': 16677.57240700778, '2025-06-05 20:00:00+00:00': 16641.444346952787, '2025-06-05 21:00:00+00:00': 16737.88270311717, '2025-06-06 02:00:00+00:00': 17055.896568095723, '2025-06-06 03:00:00+00:00': 16683.859509864615, '2025-06-06 05:00:00+00:00': 16780.97338857182, '2025-06-06 07:00:00+00:00': 16781.042265471977, '2025-06-06 09:00:00+00:00': 16705.13003877208, '2025-06-06 10:00:00+00:00': 17108.545466496307, '2025-06-06 11:00:00+00:00': 16836.32693996035, '2025-06-06 13:00:00+00:00': 16762.30438104647, '2025-06-06 18:00:00+00:00': 17011.159244257193, '2025-06-06 20:00:00+00:00': 16782.07693996035, '2025-06-06 22:00:00+00:00': 16688.05462519431, '2025-06-06 23:00:00+00:00': 16467.86509614056, '2025-06-07 00:00:00+00:00': 16384.456688155147, '2025-06-07 04:00:00+00:00': 16385.13993607852, '2025-06-07 07:00:00+00:00': 16337.316639463017, '2025-06-07 09:00:00+00:00': 16412.670454839787, '2025-06-07 11:00:00+00:00': 16332.594569777013, '2025-06-07 12:00:00+00:00': 16136.662003720485, '2025-06-07 13:00:00+00:00': 16054.48238834434, '2025-06-07 17:00:00+00:00': 16030.399881683263, '2025-06-07 20:00:00+00:00': 15992.307603805475, '2025-06-07 22:00:00+00:00': 15905.728986984932, '2025-06-08 00:00:00+00:00': 15866.04928089111, '2025-06-08 01:00:00+00:00': 15937.645493319982, '2025-06-08 02:00:00+00:00': 15854.024071681353, '2025-06-08 06:00:00+00:00': 15840.916148059343, '2025-06-08 09:00:00+00:00': 15826.006003103299, '2025-06-08 11:00:00+00:00': 15807.787839130197, '2025-06-08 13:00:00+00:00': 15748.840579305, '2025-06-08 14:00:00+00:00': 15432.899114970462, '2025-06-08 15:00:00+00:00': 15314.415247179657, '2025-06-08 19:00:00+00:00': 15288.764551370617, '2025-06-08 22:00:00+00:00': 14975.324434174756, '2025-06-09 00:00:00+00:00': 15160.54172614621, '2025-06-09 02:00:00+00:00': 15131.71570141863, '2025-06-09 03:00:00+00:00': 14862.687228606363, '2025-06-09 04:00:00+00:00': 14869.994406620832, '2025-06-09 08:00:00+00:00': 14875.45130152972, '2025-06-09 11:00:00+00:00': 14807.542327716552, '2025-06-09 12:00:00+00:00': 14578.168751360427, '2025-06-09 13:00:00+00:00': 14410.582519843492, '2025-06-09 15:00:00+00:00': 14729.583188932693, '2025-06-09 16:00:00+00:00': 14676.804493159352, '2025-06-09 17:00:00+00:00': 14575.364700861777, '2025-06-09 21:00:00+00:00': 14340.209665999666, '2025-06-09 22:00:00+00:00': 14035.772162827869, '2025-06-09 23:00:00+00:00': 14988.94282778505, '2025-06-10 01:00:00+00:00': 14594.712267242672, '2025-06-10 02:00:00+00:00': 14872.03899991594, '2025-06-10 05:00:00+00:00': 15123.15633708443, '2025-06-10 10:00:00+00:00': 14940.765394214375, '2025-06-10 11:00:00+00:00': 14949.815303922129, '2025-06-10 12:00:00+00:00': 14844.273371729949, '2025-06-10 14:00:00+00:00': 14808.01445310983, '2025-06-10 15:00:00+00:00': 14815.7285245596, '2025-06-10 18:00:00+00:00': 14703.971207898554, '2025-06-10 19:00:00+00:00': 14638.262259175435, '2025-06-10 20:00:00+00:00': 14455.80477939459, '2025-06-10 23:00:00+00:00': 14517.501419419632, '2025-06-11 00:00:00+00:00': 14523.885045621162, '2025-06-11 01:00:00+00:00': 14450.276240794721, '2025-06-11 03:00:00+00:00': 14442.809832687197, '2025-06-11 04:00:00+00:00': 14441.898449904073, '2025-06-11 07:00:00+00:00': 14493.530714516783, '2025-06-11 12:00:00+00:00': 14491.00939880984, '2025-06-11 13:00:00+00:00': 14480.866979554927, '2025-06-11 14:00:00+00:00': 14409.730002073054, '2025-06-11 15:00:00+00:00': 14423.150446510404, '2025-06-11 16:00:00+00:00': 14086.275602203636, '2025-06-11 17:00:00+00:00': 14085.575505504503, '2025-06-11 20:00:00+00:00': 14302.350108808741, '2025-06-11 21:00:00+00:00': 14236.232199387734, '2025-06-12 01:00:00+00:00': 14261.950745569116, '2025-06-12 02:00:00+00:00': 14263.310628588039, '2025-06-12 03:00:00+00:00': 13902.157138157565, '2025-06-12 05:00:00+00:00': 14206.772726379899, '2025-06-12 06:00:00+00:00': 14249.8271517625, '2025-06-12 09:00:00+00:00': 14061.24680569801, '2025-06-12 11:00:00+00:00': 14029.381771718654, '2025-06-12 14:00:00+00:00': 14017.344734681617, '2025-06-12 15:00:00+00:00': 14027.951198114713, '2025-06-12 16:00:00+00:00': 13959.378927886906, '2025-06-12 18:00:00+00:00': 13842.729254041142, '2025-06-12 19:00:00+00:00': 13731.602852101089, '2025-06-12 21:00:00+00:00': 13893.083087984503, '2025-06-12 22:00:00+00:00': 13462.2911132854, '2025-06-13 00:00:00+00:00': 13357.358120620458, '2025-06-13 01:00:00+00:00': 15700.895898657453, '2025-06-13 03:00:00+00:00': 15434.99959207949, '2025-06-13 10:00:00+00:00': 15342.12535084075, '2025-06-13 11:00:00+00:00': 15589.732300010282, '2025-06-13 14:00:00+00:00': 15470.59748103264, '2025-06-13 16:00:00+00:00': 15264.61541974298, '2025-06-13 17:00:00+00:00': 15196.525676996209, '2025-06-13 23:00:00+00:00': 15127.965042119904, '2025-06-14 00:00:00+00:00': 15163.106074542262, '2025-06-14 03:00:00+00:00': 14786.880515418328, '2025-06-14 05:00:00+00:00': 14775.190640726545, '2025-06-14 06:00:00+00:00': 14750.684541057773, '2025-06-14 12:00:00+00:00': 14609.57433962052, '2025-06-14 13:00:00+00:00': 14489.580923561163, '2025-06-14 16:00:00+00:00': 14284.228004255716, '2025-06-14 18:00:00+00:00': 14285.711222856688, '2025-06-14 19:00:00+00:00': 14308.049949831613, '2025-06-15 01:00:00+00:00': 14298.17110189783, '2025-06-15 02:00:00+00:00': 14304.905762505288, '2025-06-15 05:00:00+00:00': 14025.33216478815, '2025-06-15 07:00:00+00:00': 13962.269314858848, '2025-06-15 08:00:00+00:00': 13916.224814307016, '2025-06-15 14:00:00+00:00': 13814.596966160805, '2025-06-15 15:00:00+00:00': 13812.79735275657, '2025-06-15 18:00:00+00:00': 13745.195479640115, '2025-06-15 20:00:00+00:00': 13758.251926925737, '2025-06-15 21:00:00+00:00': 13770.43403484719, '2025-06-16 03:00:00+00:00': 13695.77777885684, '2025-06-16 04:00:00+00:00': 13693.033004088818, '2025-06-16 07:00:00+00:00': 13331.70980200911, '2025-06-16 08:00:00+00:00': 13099.163920973162, '2025-06-16 16:00:00+00:00': 13055.074538820481, '2025-06-16 17:00:00+00:00': 13113.02614520107, '2025-06-16 18:00:00+00:00': 12935.482043370446, '2025-06-16 20:00:00+00:00': 12556.983620356468, '2025-06-16 21:00:00+00:00': 12441.083066575518, '2025-06-16 23:00:00+00:00': 12108.93784369492, '2025-06-17 00:00:00+00:00': 12134.958051092066, '2025-06-17 05:00:00+00:00': 12397.691015835266, '2025-06-17 06:00:00+00:00': 12333.327951183546, '2025-06-17 07:00:00+00:00': 12339.06061519463, '2025-06-17 09:00:00+00:00': 12408.66611762349, '2025-06-17 10:00:00+00:00': 12590.408078683968, '2025-06-17 11:00:00+00:00': 12307.726678603236, '2025-06-17 12:00:00+00:00': 12562.333641013583, '2025-06-17 13:00:00+00:00': 12422.56771690258, '2025-06-17 14:00:00+00:00': 12180.421528411636, '2025-06-17 17:00:00+00:00': 12288.213241891302, '2025-06-17 22:00:00+00:00': 12703.570114570422, '2025-06-17 23:00:00+00:00': 12797.883881075746, '2025-06-18 01:00:00+00:00': 12510.328413783014, '2025-06-18 02:00:00+00:00': 12289.664077180993, '2025-06-18 03:00:00+00:00': 12242.210187184512, '2025-06-18 04:00:00+00:00': 12343.672132178212, '2025-06-18 06:00:00+00:00': 12633.535374329962, '2025-06-18 11:00:00+00:00': 12449.679443188788, '2025-06-18 12:00:00+00:00': 12410.558292245008, '2025-06-18 13:00:00+00:00': 11854.83658115609, '2025-06-18 14:00:00+00:00': 12415.132205681883, '2025-06-18 15:00:00+00:00': 12377.38770508167, '2025-06-18 16:00:00+00:00': 12308.881271140166, '2025-06-18 17:00:00+00:00': 12207.916133503171, '2025-06-18 19:00:00+00:00': 11102.944031533933, '2025-06-19 00:00:00+00:00': 11495.587637237817, '2025-06-19 01:00:00+00:00': 11270.087896644467, '2025-06-19 02:00:00+00:00': 11383.583762121918, '2025-06-19 04:00:00+00:00': 11210.936259731336, '2025-06-19 07:00:00+00:00': 11028.390797020962, '2025-06-19 08:00:00+00:00': 11060.489960746852, '2025-06-19 13:00:00+00:00': 10955.67951559192, '2025-06-19 14:00:00+00:00': 10982.713854817162, '2025-06-19 15:00:00+00:00': 10899.816777733377, '2025-06-19 17:00:00+00:00': 10925.073061453875, '2025-06-19 21:00:00+00:00': 10816.569656224929, '2025-06-20 02:00:00+00:00': 10570.429100822596, '2025-06-20 03:00:00+00:00': 10434.66108228664, '2025-06-20 04:00:00+00:00': 10443.500786661703, '2025-06-20 06:00:00+00:00': 10345.278429037955, '2025-06-20 08:00:00+00:00': 10310.410963030688, '2025-06-20 10:00:00+00:00': 10106.71842385415, '2025-06-20 15:00:00+00:00': 10064.822263702175, '2025-06-20 16:00:00+00:00': 10418.038677991079, '2025-06-20 17:00:00+00:00': 9916.66795998778, '2025-06-20 18:00:00+00:00': 10137.617134933145, '2025-06-20 23:00:00+00:00': 10382.403123202123, '2025-06-21 04:00:00+00:00': 10389.091040481915, '2025-06-21 05:00:00+00:00': 10491.381062049524, '2025-06-21 07:00:00+00:00': 9937.16409788199, '2025-06-21 09:00:00+00:00': 9780.972816001768, '2025-06-21 17:00:00+00:00': 9595.454905380988, '2025-06-21 18:00:00+00:00': 9601.938196843292, '2025-06-21 20:00:00+00:00': 9545.191326588385, '2025-06-21 22:00:00+00:00': 10984.595173808422, '2025-06-21 23:00:00+00:00': 10833.402142782577, '2025-06-22 01:00:00+00:00': 10754.669301170394, '2025-06-22 06:00:00+00:00': 10331.119979487537, '2025-06-22 09:00:00+00:00': 10922.546543613114, '2025-06-22 10:00:00+00:00': 10955.544818964685, '2025-06-22 11:00:00+00:00': 10883.032493713115, '2025-06-22 13:00:00+00:00': 10684.726972595745, '2025-06-22 14:00:00+00:00': 11894.000225691841, '2025-06-22 15:00:00+00:00': 11895.673668407453, '2025-06-23 00:00:00+00:00': 11999.514931574195, '2025-06-23 01:00:00+00:00': 11616.75177380771, '2025-06-23 03:00:00+00:00': 11534.110183958946, '2025-06-23 05:00:00+00:00': 11399.667480614524, '2025-06-23 09:00:00+00:00': 10897.088369355348, '2025-06-23 13:00:00+00:00': 11224.724951878892, '2025-06-23 14:00:00+00:00': 10783.5414773411, '2025-06-23 19:00:00+00:00': 10269.706222617919, '2025-06-23 21:00:00+00:00': 10183.509384544002, '2025-06-23 23:00:00+00:00': 10100.88543500371, '2025-06-24 00:00:00+00:00': 10409.48458148746, '2025-06-24 02:00:00+00:00': 9791.690637708782, '2025-06-24 03:00:00+00:00': 9664.437720684797, '2025-06-24 06:00:00+00:00': 10521.89002151383, '2025-06-24 09:00:00+00:00': 9431.07333780934, '2025-06-24 12:00:00+00:00': 9963.0074497997, '2025-06-24 16:00:00+00:00': 9607.980758333622, '2025-06-24 17:00:00+00:00': 9080.39553587499, '2025-06-24 21:00:00+00:00': 9294.916323778478, '2025-06-25 05:00:00+00:00': 8797.336527202533, '2025-06-25 06:00:00+00:00': 9005.233796769542, '2025-06-25 10:00:00+00:00': 8679.193361228075, '2025-06-25 14:00:00+00:00': 8796.627456043225, '2025-06-25 16:00:00+00:00': 8622.188118477898, '2025-06-26 02:00:00+00:00': 8415.17883143501, '2025-06-26 05:00:00+00:00': 8431.17287192519, '2025-06-26 13:00:00+00:00': 8294.065875907665, '2025-06-27 00:00:00+00:00': 8150.139837172481, '2025-06-30 20:00:00+00:00': 8092.321844190068, '2025-06-30 21:00:00+00:00': 8146.631975287873, '2025-06-30 23:00:00+00:00': 8243.655088127309, '2025-07-01 00:00:00+00:00': 8373.755038492076, '2025-07-01 02:00:00+00:00': 8333.266022110698, '2025-07-01 04:00:00+00:00': 8322.775995222397, '2025-07-01 05:00:00+00:00': 8358.698227277378, '2025-07-01 07:00:00+00:00': 8352.707530064781, '2025-07-01 08:00:00+00:00': 8351.454665418902, '2025-07-01 09:00:00+00:00': 8228.27559321724, '2025-07-01 10:00:00+00:00': 8362.404278531634, '2025-07-01 11:00:00+00:00': 8380.05441488, '2025-07-01 12:00:00+00:00': 8338.089800627526, '2025-07-01 13:00:00+00:00': 8383.799703513336, '2025-07-01 15:00:00+00:00': 8364.95730402087, '2025-07-01 18:00:00+00:00': 8369.02871784654, '2025-07-01 20:00:00+00:00': 8354.923895580498, '2025-07-01 21:00:00+00:00': 8339.554936324075, '2025-07-01 22:00:00+00:00': 8332.740891102361, '2025-07-02 00:00:00+00:00': 8355.429548421946, '2025-07-02 03:00:00+00:00': 8382.898545474725, '2025-07-02 04:00:00+00:00': 8363.614126033888, '2025-07-02 05:00:00+00:00': 8362.810997616829, '2025-07-02 08:00:00+00:00': 8181.264195322088, '2025-07-02 10:00:00+00:00': 8373.859347984473, '2025-07-02 11:00:00+00:00': 8268.865500038815, '2025-07-02 13:00:00+00:00': 8263.860512827336, '2025-07-02 14:00:00+00:00': 8201.13972628437, '2025-07-02 15:00:00+00:00': 8218.08979552293, '2025-07-02 17:00:00+00:00': 8298.583154004406, '2025-07-02 18:00:00+00:00': 8288.544911845707, '2025-07-02 20:00:00+00:00': 8233.074575935701, '2025-07-02 21:00:00+00:00': 8334.904328125856, '2025-07-02 22:00:00+00:00': 8324.681398637602, '2025-07-02 23:00:00+00:00': 8236.378297900585, '2025-07-03 00:00:00+00:00': 8327.46532504557, '2025-07-03 03:00:00+00:00': 8325.344