number,value,params_CONVERGENCE_THRESHOLD,params_FIXED_TRADE_PCT,params_MAX_HOLD_HOURS,params_MAX_POSITION_PCT,params_MIN_DIV,params_STOP_LOSS_PCT,params_TAKE_PROFIT_PCT,params_TRAIL_PCT,state,user_attrs_cooldown_trades_pct,user_attrs_equity_curves,user_attrs_total_trades
10,-0.6030055827184039,0.01,0.045,12,0.03,0.05,0.3,0.8,0.7,COMPLETE,4.536679536679537,"[{'2025-05-01 00:00:00+00:00': 10000.0, '2025-05-01 02:00:00+00:00': 10061.479495618878, '2025-05-01 08:00:00+00:00': 10062.043839871361, '2025-05-01 12:00:00+00:00': 10080.754594935723, '2025-05-01 13:00:00+00:00': 10040.18719213193, '2025-05-01 17:00:00+00:00': 10106.214643379144, '2025-05-01 18:00:00+00:00': 10101.355618939066, '2025-05-02 03:00:00+00:00': 10193.340756472408, '2025-05-02 04:00:00+00:00': 10190.849156001117, '2025-05-02 15:00:00+00:00': 10218.786508798197, '2025-05-02 16:00:00+00:00': 10200.67236450664, '2025-05-02 20:00:00+00:00': 10219.570601025747, '2025-05-03 06:00:00+00:00': 10195.153361659643, '2025-05-04 01:00:00+00:00': 10179.474746029098, '2025-05-04 23:00:00+00:00': 10104.426647234513, '2025-05-05 04:00:00+00:00': 10067.28991345252, '2025-05-05 06:00:00+00:00': 10068.32278633827, '2025-05-05 08:00:00+00:00': 10037.662344825476, '2025-05-05 12:00:00+00:00': 10048.91934315, '2025-05-05 13:00:00+00:00': 10046.012998849214, '2025-05-06 02:00:00+00:00': 10055.610176931474, '2025-05-06 05:00:00+00:00': 10044.224082372004, '2025-05-06 17:00:00+00:00': 10221.743972868813, '2025-05-07 00:00:00+00:00': 10637.70788686171, '2025-05-07 01:00:00+00:00': 10267.632708871444, '2025-05-07 02:00:00+00:00': 10434.42963205343, '2025-05-07 06:00:00+00:00': 10701.401829056414, '2025-05-07 11:00:00+00:00': 10259.320242899475, '2025-05-07 17:00:00+00:00': 10675.927388157166, '2025-05-07 19:00:00+00:00': 10654.830721186208, '2025-05-07 22:00:00+00:00': 10789.791076746476, '2025-05-08 04:00:00+00:00': 10861.47019498017, '2025-05-08 12:00:00+00:00': 10971.707120918803, '2025-05-08 16:00:00+00:00': 11049.92598857881, '2025-05-08 17:00:00+00:00': 11059.480135155043, '2025-05-08 19:00:00+00:00': 11094.836918586094, '2025-05-09 00:00:00+00:00': 11371.967475459885, '2025-05-09 05:00:00+00:00': 11391.780406406897, '2025-05-09 08:00:00+00:00': 11207.57099075024, '2025-05-09 09:00:00+00:00': 11545.740437195596, '2025-05-09 16:00:00+00:00': 11534.940064369845, '2025-05-09 21:00:00+00:00': 11542.29182246371, '2025-05-09 22:00:00+00:00': 11537.872484033087, '2025-05-10 07:00:00+00:00': 11570.8543544846, '2025-05-10 08:00:00+00:00': 11575.383405084145, '2025-05-10 10:00:00+00:00': 11574.58290050551, '2025-05-11 01:00:00+00:00': 11640.333431495414, '2025-05-11 16:00:00+00:00': 11630.558552134395, '2025-05-12 12:00:00+00:00': 11630.39339911942, '2025-05-12 16:00:00+00:00': 11685.468755210388, '2025-05-12 22:00:00+00:00': 11669.274140867836, '2025-05-13 00:00:00+00:00': 11709.361022358158, '2025-05-13 06:00:00+00:00': 11715.954038234346, '2025-05-14 08:00:00+00:00': 11681.329189401777, '2025-05-15 02:00:00+00:00': 11653.89489777467, '2025-05-16 04:00:00+00:00': 11775.987988126577, '2025-05-18 16:00:00+00:00': 11982.848982496673, '2025-05-18 17:00:00+00:00': 12054.948454781204, '2025-05-19 01:00:00+00:00': 12061.418133501105, '2025-05-19 03:00:00+00:00': 12024.948454781204, '2025-05-19 09:00:00+00:00': 12064.127125733181, '2025-05-19 17:00:00+00:00': 12430.511250446854, '2025-05-19 18:00:00+00:00': 12210.071021099979, '2025-05-20 02:00:00+00:00': 12432.444840222492, '2025-05-20 05:00:00+00:00': 12433.640018905562, '2025-05-20 08:00:00+00:00': 12418.462799321758, '2025-05-20 18:00:00+00:00': 12588.529673350378, '2025-05-21 06:00:00+00:00': 12718.88531625496, '2025-05-21 07:00:00+00:00': 13082.128559498204, '2025-05-21 17:00:00+00:00': 13411.14666345813, '2025-05-21 19:00:00+00:00': 13060.99873805204, '2025-05-21 21:00:00+00:00': 13589.936021188587, '2025-05-22 00:00:00+00:00': 13759.083326153126, '2025-05-22 01:00:00+00:00': 13813.984728367594, '2025-05-22 04:00:00+00:00': 13895.75409101018, '2025-05-23 23:00:00+00:00': 14098.96713401424, '2025-05-24 02:00:00+00:00': 14091.948936338105, '2025-05-24 08:00:00+00:00': 14105.932263675504, '2025-05-24 16:00:00+00:00': 14104.177311769976, '2025-05-25 01:00:00+00:00': 14121.328460553224, '2025-05-26 01:00:00+00:00': 14368.471317696081, '2025-05-26 09:00:00+00:00': 14370.617005519669, '2025-05-26 16:00:00+00:00': 14390.570368461787, '2025-05-26 22:00:00+00:00': 14380.827200276532, '2025-05-27 04:00:00+00:00': 14379.451526055753, '2025-05-27 23:00:00+00:00': 14400.062648616227, '2025-05-28 12:00:00+00:00': 14415.172415371291, '2025-05-29 01:00:00+00:00': 14422.990701300681, '2025-05-29 15:00:00+00:00': 14418.136185927773, '2025-05-29 18:00:00+00:00': 14412.53913701752, '2025-05-31 04:00:00+00:00': 14475.661963946073, '2025-05-31 06:00:00+00:00': 15430.342220528857, '2025-05-31 07:00:00+00:00': 16309.4118174776, '2025-05-31 11:00:00+00:00': 14568.64556113817, '2025-05-31 15:00:00+00:00': 15027.646142097485, '2025-05-31 16:00:00+00:00': 16583.15590509752, '2025-05-31 17:00:00+00:00': 16537.123963813097, '2025-05-31 20:00:00+00:00': 16532.498879101167, '2025-05-31 22:00:00+00:00': 16530.462597586567, '2025-06-01 00:00:00+00:00': 16562.730993612608, '2025-06-01 01:00:00+00:00': 16586.402939394073, '2025-06-01 04:00:00+00:00': 16568.73898965201, '2025-06-01 05:00:00+00:00': 16567.727688005518, '2025-06-01 06:00:00+00:00': 16513.07361364016, '2025-06-01 09:00:00+00:00': 16477.53527153845, '2025-06-01 13:00:00+00:00': 16320.797042741706, '2025-06-01 14:00:00+00:00': 16303.573938637075, '2025-06-01 17:00:00+00:00': 16118.959379002103, '2025-06-01 18:00:00+00:00': 16100.725370656051, '2025-06-01 19:00:00+00:00': 16054.592920652605, '2025-06-01 22:00:00+00:00': 16054.719425212357, '2025-06-02 02:00:00+00:00': 15858.604249260572, '2025-06-02 03:00:00+00:00': 15853.839752088013, '2025-06-02 06:00:00+00:00': 15745.43149517355, '2025-06-02 07:00:00+00:00': 15749.922005683864, '2025-06-02 08:00:00+00:00': 15653.023581511281, '2025-06-02 11:00:00+00:00': 15603.261046178643, '2025-06-02 15:00:00+00:00': 15458.546327546454, '2025-06-02 16:00:00+00:00': 15433.526984909196, '2025-06-02 17:00:00+00:00': 15447.708337023398, '2025-06-02 19:00:00+00:00': 15267.584694350038, '2025-06-02 21:00:00+00:00': 15232.018962232545, '2025-06-03 00:00:00+00:00': 15308.725707716809, '2025-06-03 02:00:00+00:00': 15230.834334057103, '2025-06-03 03:00:00+00:00': 15141.353909681415, '2025-06-03 04:00:00+00:00': 15237.709070413035, '2025-06-03 05:00:00+00:00': 15217.131130981279, '2025-06-03 08:00:00+00:00': 15116.63175513113, '2025-06-03 10:00:00+00:00': 15219.579246048781, '2025-06-03 11:00:00+00:00': 14985.526541855228, '2025-06-03 13:00:00+00:00': 15213.978771405025, '2025-06-03 15:00:00+00:00': 15000.465104242283, '2025-06-03 16:00:00+00:00': 14690.234814043593, '2025-06-03 17:00:00+00:00': 14989.207458944926, '2025-06-03 18:00:00+00:00': 14992.387161132772, '2025-06-03 21:00:00+00:00': 14791.51914594852, '2025-06-04 05:00:00+00:00': 14253.405584735881, '2025-06-04 06:00:00+00:00': 14572.399024508215, '2025-06-04 07:00:00+00:00': 14543.051045830003, '2025-06-04 10:00:00+00:00': 14247.07879867992, '2025-06-04 12:00:00+00:00': 14231.255911803653, '2025-06-04 15:00:00+00:00': 14200.371186666636, '2025-06-04 16:00:00+00:00': 13875.461184696755, '2025-06-04 19:00:00+00:00': 13991.892447975473, '2025-06-04 20:00:00+00:00': 13965.172127953962, '2025-06-04 23:00:00+00:00': 13921.465666602602, '2025-06-05 01:00:00+00:00': 13870.403494395028, '2025-06-05 05:00:00+00:00': 13453.42855832803, '2025-06-05 08:00:00+00:00': 13709.300065395784, '2025-06-05 09:00:00+00:00': 13667.29252919834, '2025-06-05 12:00:00+00:00': 13518.62173216187, '2025-06-05 14:00:00+00:00': 13454.609109718695, '2025-06-05 16:00:00+00:00': 13532.317488412806, '2025-06-05 18:00:00+00:00': 13491.666423917928, '2025-06-05 21:00:00+00:00': 13961.321317771382, '2025-06-06 03:00:00+00:00': 14034.130922637632, '2025-06-06 05:00:00+00:00': 14114.08771357457, '2025-06-06 07:00:00+00:00': 14271.892378888799, '2025-06-06 09:00:00+00:00': 13968.602841636903, '2025-06-06 10:00:00+00:00': 14550.165904639101, '2025-06-06 11:00:00+00:00': 14365.658664232245, '2025-06-06 18:00:00+00:00': 14327.988749540307, '2025-06-06 20:00:00+00:00': 14264.176371620608, '2025-06-06 22:00:00+00:00': 14171.616804306921, '2025-06-06 23:00:00+00:00': 13984.31058020934, '2025-06-07 00:00:00+00:00': 13912.022731427993, '2025-06-07 07:00:00+00:00': 13869.920094521594, '2025-06-07 09:00:00+00:00': 13934.290227723712, '2025-06-07 10:00:00+00:00': 13926.282310491428, '2025-06-07 11:00:00+00:00': 13878.02486870758, '2025-06-07 12:00:00+00:00': 13700.625616313242, '2025-06-07 13:00:00+00:00': 13629.948264303173, '2025-06-07 20:00:00+00:00': 13596.18672733114, '2025-06-07 22:00:00+00:00': 13524.603340860998, '2025-06-08 00:00:00+00:00': 13451.245741688012, '2025-06-08 01:00:00+00:00': 13509.78400654862, '2025-06-08 02:00:00+00:00': 13437.395106121352, '2025-06-08 09:00:00+00:00': 13424.285859369986, '2025-06-08 11:00:00+00:00': 13408.773717718997, '2025-06-08 13:00:00+00:00': 13362.72242420107, '2025-06-08 14:00:00+00:00': 13081.811268914927, '2025-06-08 15:00:00+00:00': 12978.414413061015, '2025-06-08 17:00:00+00:00': 12968.567450851424, '2025-06-08 22:00:00+00:00': 12902.706768076752, '2025-06-09 00:00:00+00:00': 12858.131398853138, '2025-06-09 02:00:00+00:00': 12842.62499734421, '2025-06-09 03:00:00+00:00': 12575.874403243983, '2025-06-09 04:00:00+00:00': 12582.605327257876, '2025-06-09 06:00:00+00:00': 12546.495188737268, '2025-06-09 11:00:00+00:00': 12486.181557424528, '2025-06-09 12:00:00+00:00': 12232.439233543437, '2025-06-09 13:00:00+00:00': 12112.56122562384, '2025-06-09 15:00:00+00:00': 12361.520152671532, '2025-06-09 16:00:00+00:00': 12346.558601503364, '2025-06-09 17:00:00+00:00': 12259.292110386896, '2025-06-09 19:00:00+00:00': 12190.82206885099, '2025-06-09 22:00:00+00:00': 12662.451463569934, '2025-06-09 23:00:00+00:00': 12547.960231497364, '2025-06-10 01:00:00+00:00': 12589.53048167334, '2025-06-10 02:00:00+00:00': 11791.034194824175, '2025-06-10 05:00:00+00:00': 12623.780242775289, '2025-06-10 11:00:00+00:00': 12597.632305492401, '2025-06-10 12:00:00+00:00': 12312.462293098946, '2025-06-10 14:00:00+00:00': 12388.340950961445, '2025-06-10 15:00:00+00:00': 12395.289910484125, '2025-06-10 18:00:00+00:00': 12270.855331376246, '2025-06-10 19:00:00+00:00': 12257.77801386546, '2025-06-11 00:00:00+00:00': 12215.134940988495, '2025-06-11 01:00:00+00:00': 12171.956388665389, '2025-06-11 03:00:00+00:00': 12194.669386643385, '2025-06-11 04:00:00+00:00': 12121.521988715176, '2025-06-11 07:00:00+00:00': 12155.120367705824, '2025-06-11 13:00:00+00:00': 12145.999609554969, '2025-06-11 14:00:00+00:00': 12033.725957511466, '2025-06-11 16:00:00+00:00': 11831.855307959864, '2025-06-11 17:00:00+00:00': 12070.843093091089, '2025-06-11 20:00:00+00:00': 11959.001597794637, '2025-06-12 02:00:00+00:00': 11960.22135568458, '2025-06-12 03:00:00+00:00': 11659.538042824193, '2025-06-12 05:00:00+00:00': 11922.984436071081, '2025-06-12 06:00:00+00:00': 11961.745326114746, '2025-06-12 09:00:00+00:00': 11763.971293723056, '2025-06-12 15:00:00+00:00': 11773.564158201783, '2025-06-12 16:00:00+00:00': 11726.798696536027, '2025-06-12 18:00:00+00:00': 11625.487289952687, '2025-06-12 19:00:00+00:00': 11529.676821093231, '2025-06-12 21:00:00+00:00': 11262.203724260162, '2025-06-12 22:00:00+00:00': 11182.996491495716, '2025-06-13 01:00:00+00:00': 12874.562877769857, '2025-06-13 02:00:00+00:00': 12721.62612284992, '2025-06-13 03:00:00+00:00': 13003.844248809957, '2025-06-13 10:00:00+00:00': 12539.733194963743, '2025-06-13 11:00:00+00:00': 12902.35765582534, '2025-06-13 14:00:00+00:00': 12679.31327381676, '2025-06-13 15:00:00+00:00': 12704.69024244577, '2025-06-13 16:00:00+00:00': 12635.756470634478, '2025-06-13 23:00:00+00:00': 12487.378227228626, '2025-06-14 00:00:00+00:00': 12518.81771601252, '2025-06-14 03:00:00+00:00': 12155.774171959172, '2025-06-14 04:00:00+00:00': 12135.707765087818, '2025-06-14 05:00:00+00:00': 12125.151403211612, '2025-06-14 12:00:00+00:00': 11999.608238681198, '2025-06-14 13:00:00+00:00': 11891.712186678109, '2025-06-14 16:00:00+00:00': 11817.555573499487, '2025-06-14 17:00:00+00:00': 11683.159151722948, '2025-06-14 18:00:00+00:00': 11684.498342089943, '2025-06-15 01:00:00+00:00': 11680.528313170726, '2025-06-15 02:00:00+00:00': 11686.652053197211, '2025-06-15 05:00:00+00:00': 11380.022872435246, '2025-06-15 06:00:00+00:00': 11443.59397751242, '2025-06-15 07:00:00+00:00': 11386.287769202067, '2025-06-15 14:00:00+00:00': 11299.844305255492, '2025-06-15 15:00:00+00:00': 11298.211755308092, '2025-06-15 18:00:00+00:00': 11189.051271686678, '2025-06-15 19:00:00+00:00': 11185.68223606472, '2025-06-15 20:00:00+00:00': 11197.586788523371, '2025-06-16 03:00:00+00:00': 11137.789873176464, '2025-06-16 04:00:00+00:00': 11135.285843345886, '2025-06-16 07:00:00+00:00': 10668.20893905635, '2025-06-16 08:00:00+00:00': 10629.535359442792, '2025-06-16 16:00:00+00:00': 10604.025990796754, '2025-06-16 17:00:00+00:00': 10656.902340742354, '2025-06-16 18:00:00+00:00': 10548.777543444148, '2025-06-16 20:00:00+00:00': 10037.127835196747, '2025-06-16 21:00:00+00:00': 10049.753909736923, '2025-06-16 23:00:00+00:00': 10335.976096186674, '2025-06-17 00:00:00+00:00': 10166.258100208905, '2025-06-17 05:00:00+00:00': 10009.944673860793, '2025-06-17 06:00:00+00:00': 9951.065400929325, '2025-06-17 07:00:00+00:00': 9956.33353336667, '2025-06-17 09:00:00+00:00': 10476.709566328116, '2025-06-17 11:00:00+00:00': 9921.038955224913, '2025-06-17 12:00:00+00:00': 10143.103493308112, '2025-06-17 13:00:00+00:00': 10027.4587238288, '2025-06-17 14:00:00+00:00': 9802.959025489157, '2025-06-17 17:00:00+00:00': 9901.325436926885, '2025-06-17 22:00:00+00:00': 10333.05217057641, '2025-06-18 01:00:00+00:00': 9996.045217643441, '2025-06-18 02:00:00+00:00': 9902.66688736939, '2025-06-18 03:00:00+00:00': 9858.55803650658, '2025-06-18 04:00:00+00:00': 9942.832320067533, '2025-06-18 06:00:00+00:00': 10080.181510024122, '2025-06-18 11:00:00+00:00': 10017.14411250032, '2025-06-18 13:00:00+00:00': 9555.231471982026, '2025-06-18 14:00:00+00:00': 10021.369122202195, '2025-06-18 15:00:00+00:00': 9986.501064959426, '2025-06-18 16:00:00+00:00': 9923.05375576504, '2025-06-18 17:00:00+00:00': 9841.708754586105, '2025-06-18 19:00:00+00:00': 8889.294582753619, '2025-06-19 00:00:00+00:00': 9196.281920535523, '2025-06-19 01:00:00+00:00': 9044.056290061382, '2025-06-19 02:00:00+00:00': 9148.780994476892, '2025-06-19 04:00:00+00:00': 8989.389102147376, '2025-06-19 07:00:00+00:00': 8825.55110676012, '2025-06-19 08:00:00+00:00': 8854.052238205351, '2025-06-19 13:00:00+00:00': 8727.56621532244, '2025-06-19 14:00:00+00:00': 8765.227045468928, '2025-06-19 15:00:00+00:00': 8695.2544276104, '2025-06-19 17:00:00+00:00': 8718.981418084151, '2025-06-19 21:00:00+00:00': 8624.789493798422, '2025-06-20 02:00:00+00:00': 8356.957729683909, '2025-06-20 03:00:00+00:00': 8292.401568094387, '2025-06-20 04:00:00+00:00': 8299.805484453584, '2025-06-20 06:00:00+00:00': 8208.829528434224, '2025-06-20 08:00:00+00:00': 8192.42911284033, '2025-06-20 10:00:00+00:00': 8009.983737970682, '2025-06-20 15:00:00+00:00': 7969.177793200175, '2025-06-20 17:00:00+00:00': 7844.530239517093, '2025-06-20 18:00:00+00:00': 8038.280636272101, '2025-06-20 23:00:00+00:00': 8133.988067508094, '2025-06-21 04:00:00+00:00': 8337.26383660743, '2025-06-21 07:00:00+00:00': 7862.50143852348, '2025-06-21 09:00:00+00:00': 7729.692435109027, '2025-06-21 17:00:00+00:00': 7542.049810684909, '2025-06-21 20:00:00+00:00': 7504.910628020271, '2025-06-21 22:00:00+00:00': 8789.108571596837, '2025-06-21 23:00:00+00:00': 8207.43410456049, '2025-06-22 01:00:00+00:00': 8545.30223093555, '2025-06-22 06:00:00+00:00': 8241.985423008831, '2025-06-22 09:00:00+00:00': 8730.557143491405, '2025-06-22 10:00:00+00:00': 8572.24230721536, '2025-06-22 11:00:00+00:00': 8664.74054519595, '2025-06-22 13:00:00+00:00': 8506.769561968116, '2025-06-22 14:00:00+00:00': 9740.004846272477, '2025-06-22 15:00:00+00:00': 9642.002298262123, '2025-06-23 00:00:00+00:00': 9332.483050416151, '2025-06-23 03:00:00+00:00': 9269.31185173646, '2025-06-23 05:00:00+00:00': 9146.222417312032, '2025-06-23 09:00:00+00:00': 8623.910085844042, '2025-06-23 13:00:00+00:00': 8985.009904594084, '2025-06-23 14:00:00+00:00': 8881.32446549669, '2025-06-23 16:00:00+00:00': 8804.717718234997, '2025-06-23 19:00:00+00:00': 8057.836301477091, '2025-06-23 21:00:00+00:00': 8288.561238543456, '2025-06-23 22:00:00+00:00': 8172.797142614226, '2025-06-23 23:00:00+00:00': 8137.013548973184, '2025-06-24 00:00:00+00:00': 8035.032704604992, '2025-06-24 02:00:00+00:00': 7687.936958762153, '2025-06-24 03:00:00+00:00': 7830.874334688933, '2025-06-24 06:00:00+00:00': 8286.382263555131, '2025-06-24 09:00:00+00:00': 7553.792133146363, '2025-06-24 12:00:00+00:00': 7951.793682158215, '2025-06-24 13:00:00+00:00': 7702.066507947198, '2025-06-24 16:00:00+00:00': 7501.578951743372, '2025-06-24 17:00:00+00:00': 7208.346042726724, '2025-06-25 01:00:00+00:00': 6888.866720575112, '2025-06-25 05:00:00+00:00': 6989.67515327888, '2025-06-25 06:00:00+00:00': 6865.240683592288, '2025-06-25 14:00:00+00:00': 7005.949319801703, '2025-06-25 16:00:00+00:00': 6844.071684114917, '2025-06-26 02:00:00+00:00': 6670.179795989387, '2025-06-26 05:00:00+00:00': 6685.119900305603, '2025-06-26 13:00:00+00:00': 6557.1247850100835, '2025-06-27 00:00:00+00:00': 6422.04979572735, '2025-07-01 00:00:00+00:00': 6353.236225801269, '2025-07-01 07:00:00+00:00': 6666.062247897174, '2025-07-01 08:00:00+00:00': 6340.578790580987, '2025-07-01 09:00:00+00:00': 6572.187340240787, '2025-07-01 10:00:00+00:00': 6666.091971655471, '2025-07-01 13:00:00+00:00': 6610.627148180006, '2025-07-01 15:00:00+00:00': 6675.8697900972875, '2025-07-01 21:00:00+00:00': 6643.708538360524, '2025-07-01 22:00:00+00:00': 6610.898659182025, '2025-07-02 00:00:00+00:00': 6653.579805343294, '2025-07-02 03:00:00+00:00': 6665.143237180422, '2025-07-02 04:00:00+00:00': 6649.026791374695, '2025-07-02 07:00:00+00:00': 6634.370443259422, '2025-07-02 09:00:00+00:00': 6483.719909630373, '2025-07-02 10:00:00+00:00': 6649.753242659718, '2025-07-02 11:00:00+00:00': 6571.822643007416, '2025-07-02 12:00:00+00:00': 6611.751127439613, '2025-07-02 13:00:00+00:00': 6362.615593811228, '2025-07-02 15:00:00+00:00': 6371.699890312174, '2025-07-02 16:00:00+00:00': 6309.732237126447, '2025-07-02 17:00:00+00:00': 6342.3315401910095, '2025-07-02 21:00:00+00:00': 6371.967089155272, '2025-07-02 23:00:00+00:00': 6388.34574350416, '2025-07-03 02:00:00+00:00': 6312.963416654533, '2025-07-03 04:00:00+00:00': 6363.088741141315, '2025-07-03 05:00:00+00:00': 6376.463643780758, '2025-07-03 06:00:00+00:00': 6336.3386847925785, '2025-07-03 07:00:00+00:00': 6363.765141908495, '2025-07-03 09:00:00+00:00': 6323.838434316612, '2025-07-03 10:00:00+00:00': 6376.72430689914, '2025-07-03 11:00:00+00:00': 6364.74423360033, '2025-07-03 13:00:00+00:00': 6353.667705158363, '2025-07-03 14:00:00+00:00': 6370.574028843087, '2025-07-03 16:00:00+00:00': 6390.853018273181, '2025-07-03 17:00:00+00:00': 6362.317583737269, '2025-07-03 20:00:00+00:00': 6384.541904555502, '2025-07-04 01:00:00+00:00': 6361.16411092055, '2025-07-04 02:00:00+00:00': 6333.183019820665, '2025-07-04 03:00:00+00:00': 6394.39678181714, '2025-07-04 05:00:00+00:00': 6383.687754315272, '2025-07-04 06:00:00+00:00': 6375.084479281907, '2025-07-04 11:00:00+00:00': 6390.676670183474, '2025-07-04 13:00:00+00:00': 6540.620522906038, '2025-07-04 14:00:00+00:00': 6439.702675456422, '2025-07-04 15:00:00+00:00': 6556.031312710364, '2025-07-04 17:00:00+00:00': 6562.047155341113, '2025-07-04 20:00:00+00:00': 6543.854687040401, '2025-07-05 00:00:00+00:00': 6542.755897967803, '2025-07-05 03:00:00+00:00': 6523.192022391646, '2025-07-05 04:00:00+00:00': 6501.36959414784, '2025-07-05 06:00:00+00:00': 6498.241651446628, '2025-07-05 07:00:00+00:00': 6487.387055980619, '2025-07-05 09:00:00+00:00': 6486.962753643586, '2025-07-05 14:00:00+00:00': 6479.659939038506, '2025-07-05 16:00:00+00:00': 6464.538150697622, '2025-07-05 17:00:00+00:00': 6449.216275208585, '2025-07-05 19:00:00+00:00': 6439.218413817248, '2025-07-05 20:00:00+00:00': 6431.820319203278, '2025-07-05 22:00:00+00:00': 6421.617015475846, '2025-07-06 04:00:00+00:00': 6413.466289253179, '2025-07-06 05:00:00+00:00': 6413.663482715071, '2025-07-06 06:00:00+00:00': 6385.504739060605, '2025-07-06 08:00:00+00:00': 6374.970496440842, '2025-07-06 09:00:00+00:00': 6366.460171156515, '2025-07-06 11:00:00+00:00': 6353.736295788963, '2025-07-06 13:00:00+00:00': 6343.896783587433, '2025-07-06 18:00:00+00:00': 6297.306164033507, '2025-07-06 19:00:00+00:00': 6294.117679076492, '2025-07-06 20:00:00+00:00': 6271.561225349533, '2025-07-06 21:00:00+00:00': 6246.895520951332, '2025-07-06 22:00:00+00:00': 6253.50120822261, '2025-07-07 00:00:00+00:00': 6252.196734255816, '2025-07-07 02:00:00+00:00': 6225.129611604997, '2025-07-07 07:00:00+00:00': 6212.57510882466, '2025-07-07 08:00:00+00:00': 6245.434630759, '2025-07-07 10:00:00+00:00': 6228.8149943278295, '2025-07-07 11:00:00+00:00': 6227.249793314116, '2025-07-07 13:00:00+00:00': 6233.179462745363, '2025-07-07 14:00:00+00:00': 6208.399039993781, '2025-07-07 20:00:00+00:00': 6226.089266432632, '2025-07-07 21:00:00+00:00': 6185.769203608808, '2025-07-07 23:00:00+00:00': 6217.170229402926, '2025-07-08 01:00:00+00:00': 6216.190613782043, '2025-07-08 03:00:00+00:00': 6307.092231909251, '2025-07-08 05:00:00+00:00': 6295.782941037632, '2025-07-08 09:00:00+00:00': 6277.478104122387, '2025-07-08 10:00:00+00:00': 6277.336922184324, '2025-07-08 12:00:00+00:00': 6300.464256132771, '2025-07-08 14:00:00+00:00': 6270.638644111366, '2025-07-08 16:00:00+00:00': 6258.541622054646, '2025-07-08 18:00:00+00:00': 6274.333736590619, '2025-07-08 21:00:00+00:00': 6272.021696333398, '2025-07-08 22:00:00+00:00': 6240.055540943511, '2025-