number,value,params_CONVERGENCE_THRESHOLD,params_FIXED_TRADE_PCT,params_MAX_HOLD_HOURS,params_MAX_POSITION_PCT,params_MIN_DIV,params_STOP_LOSS_PCT,params_TAKE_PROFIT_PCT,params_TRAIL_PCT,state,user_attrs_cooldown_trades_pct,user_attrs_equity_curves,user_attrs_total_trades
37,31.352143431603192,0.01,0.06,72,0.01,0.05,0.3,0.7,0.5,COMPLETE,1.4227642276422763,"[{'2025-05-01 00:00:00+00:00': 10000.0, '2025-05-01 02:00:00+00:00': 10135.818567938732, '2025-05-01 08:00:00+00:00': 10136.560376428828, '2025-05-01 12:00:00+00:00': 10161.155416071546, '2025-05-01 17:00:00+00:00': 10221.367213014146, '2025-05-01 18:00:00+00:00': 10189.578487988318, '2025-05-02 04:00:00+00:00': 10266.748246963461, '2025-05-02 07:00:00+00:00': 10270.088187464577, '2025-05-02 15:00:00+00:00': 10290.693457216701, '2025-05-02 20:00:00+00:00': 10291.723234004434, '2025-05-04 01:00:00+00:00': 10217.609871133427, '2025-05-04 23:00:00+00:00': 10214.64786347727, '2025-05-05 04:00:00+00:00': 10049.120813934875, '2025-05-05 12:00:00+00:00': 10034.657051937349, '2025-05-06 03:00:00+00:00': 10009.29473552348, '2025-05-06 12:00:00+00:00': 10103.072884862762, '2025-05-06 13:00:00+00:00': 10030.95292374875, '2025-05-06 17:00:00+00:00': 10280.54490069886, '2025-05-07 00:00:00+00:00': 10447.069085959762, '2025-05-07 01:00:00+00:00': 10577.224765266667, '2025-05-07 02:00:00+00:00': 10782.920417354684, '2025-05-07 06:00:00+00:00': 10868.010074245229, '2025-05-07 17:00:00+00:00': 10872.03226163002, '2025-05-07 18:00:00+00:00': 11264.447529582683, '2025-05-07 22:00:00+00:00': 11333.646933262808, '2025-05-08 04:00:00+00:00': 11444.400745339986, '2025-05-08 12:00:00+00:00': 11376.583186233389, '2025-05-08 16:00:00+00:00': 11443.263731140578, '2025-05-08 17:00:00+00:00': 11456.180387076098, '2025-05-08 19:00:00+00:00': 11503.219850678184, '2025-05-08 22:00:00+00:00': 11790.338889198607, '2025-05-09 00:00:00+00:00': 11797.529505405373, '2025-05-09 05:00:00+00:00': 11824.945165021802, '2025-05-09 08:00:00+00:00': 11732.157071016789, '2025-05-09 09:00:00+00:00': 12037.921904834691, '2025-05-09 16:00:00+00:00': 12023.013380132628, '2025-05-09 18:00:00+00:00': 12011.102436596817, '2025-05-09 21:00:00+00:00': 12026.701214589537, '2025-05-09 22:00:00+00:00': 12023.198897221848, '2025-05-10 07:00:00+00:00': 12072.574496436531, '2025-05-10 08:00:00+00:00': 12078.777844698137, '2025-05-10 10:00:00+00:00': 12077.722199147183, '2025-05-10 22:00:00+00:00': 12072.706663720312, '2025-05-11 00:00:00+00:00': 12167.304460783062, '2025-05-11 01:00:00+00:00': 12129.313806577455, '2025-05-11 06:00:00+00:00': 12185.540601747734, '2025-05-11 17:00:00+00:00': 12202.114048075418, '2025-05-12 16:00:00+00:00': 12242.108440244714, '2025-05-12 22:00:00+00:00': 12219.487042782894, '2025-05-13 00:00:00+00:00': 12274.942221439635, '2025-05-13 06:00:00+00:00': 12284.157513807362, '2025-05-14 08:00:00+00:00': 12235.75205511255, '2025-05-16 08:00:00+00:00': 12345.639031765691, '2025-05-16 22:00:00+00:00': 12555.16217828792, '2025-05-17 22:00:00+00:00': 12553.762553123668, '2025-05-18 11:00:00+00:00': 12598.97609308779, '2025-05-18 17:00:00+00:00': 12549.282368695138, '2025-05-19 01:00:00+00:00': 12700.211387205436, '2025-05-19 03:00:00+00:00': 12670.211387205436, '2025-05-19 09:00:00+00:00': 12725.252736690687, '2025-05-19 17:00:00+00:00': 13238.896956335875, '2025-05-20 02:00:00+00:00': 13241.575763117222, '2025-05-20 14:00:00+00:00': 13419.07565074259, '2025-05-20 18:00:00+00:00': 13317.601320050571, '2025-05-21 05:00:00+00:00': 14066.013912533794, '2025-05-21 07:00:00+00:00': 14066.763481684718, '2025-05-21 15:00:00+00:00': 14377.295396578336, '2025-05-21 17:00:00+00:00': 13755.203101722982, '2025-05-21 18:00:00+00:00': 15322.804325149766, '2025-05-22 00:00:00+00:00': 15491.951630114305, '2025-05-22 01:00:00+00:00': 15623.721745056833, '2025-05-22 04:00:00+00:00': 15747.583886683553, '2025-05-22 09:00:00+00:00': 15743.336099072934, '2025-05-22 20:00:00+00:00': 15785.724158774427, '2025-05-23 05:00:00+00:00': 15730.656002277443, '2025-05-23 22:00:00+00:00': 16055.396818975152, '2025-05-24 02:00:00+00:00': 16047.501249625775, '2025-05-24 08:00:00+00:00': 16068.732991138566, '2025-05-24 16:00:00+00:00': 16066.067459781016, '2025-05-25 01:00:00+00:00': 16089.56010683984, '2025-05-26 01:00:00+00:00': 16336.702963982696, '2025-05-26 09:00:00+00:00': 16339.955777159763, '2025-05-26 16:00:00+00:00': 16370.206119967323, '2025-05-26 22:00:00+00:00': 16356.107759311584, '2025-05-27 04:00:00+00:00': 16354.428927194796, '2025-05-29 18:00:00+00:00': 16528.69588938405, '2025-05-31 03:00:00+00:00': 15987.231023737153, '2025-05-31 04:00:00+00:00': 17394.85666554759, '2025-05-31 05:00:00+00:00': 17463.24110499738, '2025-05-31 06:00:00+00:00': 18288.91849358903, '2025-05-31 07:00:00+00:00': 18009.44296912463, '2025-05-31 09:00:00+00:00': 18884.601555350506, '2025-05-31 11:00:00+00:00': 17707.428498275232, '2025-05-31 16:00:00+00:00': 16557.463865943188, '2025-05-31 17:00:00+00:00': 18556.756405177144, '2025-06-02 10:00:00+00:00': 18769.885667543214, '2025-06-02 13:00:00+00:00': 16387.980016085286, '2025-06-02 23:00:00+00:00': 16206.203736108871, '2025-06-03 00:00:00+00:00': 16230.850963214838, '2025-06-03 02:00:00+00:00': 19011.250164636374, '2025-06-03 03:00:00+00:00': 18961.019668072593, '2025-06-03 07:00:00+00:00': 18862.418648668274, '2025-06-03 11:00:00+00:00': 19002.037357534817, '2025-06-03 12:00:00+00:00': 18701.889126690003, '2025-06-03 15:00:00+00:00': 19024.346684014105, '2025-06-03 16:00:00+00:00': 18978.010280326882, '2025-06-03 18:00:00+00:00': 18665.766293668632, '2025-06-04 05:00:00+00:00': 18497.95347147597, '2025-06-04 07:00:00+00:00': 18857.92299365974, '2025-06-04 16:00:00+00:00': 19072.298968644995, '2025-06-05 05:00:00+00:00': 19716.054969659064, '2025-06-05 14:00:00+00:00': 18955.033948420158, '2025-06-05 16:00:00+00:00': 19699.044537532922, '2025-06-05 19:00:00+00:00': 19127.046493622303, '2025-06-05 20:00:00+00:00': 19183.07622494362, '2025-06-05 21:00:00+00:00': 19369.463659890473, '2025-06-06 00:00:00+00:00': 19308.974204465678, '2025-06-06 03:00:00+00:00': 18993.129952238665, '2025-06-06 07:00:00+00:00': 20592.971164177572, '2025-06-06 09:00:00+00:00': 20157.726919538145, '2025-06-06 12:00:00+00:00': 20340.41210472333, '2025-06-06 15:00:00+00:00': 19800.505083273776, '2025-06-06 19:00:00+00:00': 18781.069129494423, '2025-06-07 21:00:00+00:00': 19619.761840030533, '2025-06-08 20:00:00+00:00': 19548.793190160093, '2025-06-08 21:00:00+00:00': 19672.29943944179, '2025-06-08 22:00:00+00:00': 20481.142907339272, '2025-06-09 08:00:00+00:00': 19987.802380571073, '2025-06-09 10:00:00+00:00': 19190.393040225546, '2025-06-09 11:00:00+00:00': 19434.561840030532, '2025-06-09 16:00:00+00:00': 19320.704281890998, '2025-06-09 17:00:00+00:00': 19008.80598223472, '2025-06-09 22:00:00+00:00': 19751.03981966219, '2025-06-09 23:00:00+00:00': 19430.350984279856, '2025-06-10 01:00:00+00:00': 20475.52629549581, '2025-06-10 12:00:00+00:00': 19103.629601292963, '2025-06-10 22:00:00+00:00': 18977.912179538158, '2025-06-11 15:00:00+00:00': 18976.597056224804, '2025-06-11 21:00:00+00:00': 19156.245006624966, '2025-06-12 13:00:00+00:00': 19612.77955570843, '2025-06-12 20:00:00+00:00': 18800.43267266316, '2025-06-12 21:00:00+00:00': 20632.588894485853, '2025-06-12 23:00:00+00:00': 19203.598712956235, '2025-06-13 01:00:00+00:00': 20438.596857044446, '2025-06-13 02:00:00+00:00': 20806.594753281413, '2025-06-13 08:00:00+00:00': 20009.16442482647, '2025-06-13 23:00:00+00:00': 20184.66442482647, '2025-06-14 01:00:00+00:00': 20651.9153501485, '2025-06-14 16:00:00+00:00': 20412.219753281413, '2025-06-16 00:00:00+00:00': 20829.881451843416, '2025-06-16 02:00:00+00:00': 20291.673881091247, '2025-06-16 03:00:00+00:00': 20369.451658869024, '2025-06-16 06:00:00+00:00': 19794.402520064566, '2025-06-16 08:00:00+00:00': 19612.840020064566, '2025-06-16 09:00:00+00:00': 19578.369625669133, '2025-06-16 11:00:00+00:00': 19033.941442590076, '2025-06-16 14:00:00+00:00': 19215.261442590076, '2025-06-16 15:00:00+00:00': 19417.230263967005, '2025-06-16 19:00:00+00:00': 19397.690014018648, '2025-06-16 20:00:00+00:00': 19022.978623475003, '2025-06-16 21:00:00+00:00': 19230.26150037007, '2025-06-17 07:00:00+00:00': 19422.320629804643, '2025-06-17 10:00:00+00:00': 20086.55115381828, '2025-06-17 13:00:00+00:00': 19766.17479647131, '2025-06-17 14:00:00+00:00': 19740.077896230516, '2025-06-17 15:00:00+00:00': 18469.113483193152, '2025-06-17 16:00:00+00:00': 18836.70006327973, '2025-06-17 17:00:00+00:00': 20070.98009668368, '2025-06-17 20:00:00+00:00': 18581.81836142397, '2025-06-18 01:00:00+00:00': 18765.59884922885, '2025-06-18 11:00:00+00:00': 19330.610290876448, '2025-06-18 15:00:00+00:00': 19507.238197853192, '2025-06-19 04:00:00+00:00': 18404.6835299633, '2025-06-19 07:00:00+00:00': 19673.674754061452, '2025-06-19 14:00:00+00:00': 19902.65692304905, '2025-06-19 21:00:00+00:00': 17073.668109065482, '2025-06-19 23:00:00+00:00': 18226.9100924633, '2025-06-20 02:00:00+00:00': 18041.01723532044, '2025-06-20 04:00:00+00:00': 17640.132172917998, '2025-06-20 09:00:00+00:00': 17817.01723532044, '2025-06-20 10:00:00+00:00': 16895.039076807418, '2025-06-20 11:00:00+00:00': 19892.62715550721, '2025-06-20 12:00:00+00:00': 17339.117067780768, '2025-06-20 15:00:00+00:00': 18161.38497657072, '2025-06-20 18:00:00+00:00': 18603.080514414076, '2025-06-20 23:00:00+00:00': 17544.04342872398, '2025-06-21 09:00:00+00:00': 19404.071003468318, '2025-06-21 19:00:00+00:00': 17985.774548726473, '2025-06-21 20:00:00+00:00': 18399.86622869979, '2025-06-21 22:00:00+00:00': 20301.89709042484, '2025-06-22 01:00:00+00:00': 20974.890663668237, '2025-06-22 10:00:00+00:00': 20869.982018391944, '2025-06-22 14:00:00+00:00': 21733.09076809141, '2025-06-22 15:00:00+00:00': 21192.709291119216, '2025-06-22 16:00:00+00:00': 20454.66138071252, '2025-06-23 01:00:00+00:00': 21046.178229947083, '2025-06-23 02:00:00+00:00': 21225.081738719015, '2025-06-23 03:00:00+00:00': 21534.973561108865, '2025-06-23 05:00:00+00:00': 20842.963944232797, '2025-06-23 09:00:00+00:00': 20065.457704573466, '2025-06-23 14:00:00+00:00': 20265.763048084915, '2025-06-23 19:00:00+00:00': 19386.89800064755, '2025-06-23 21:00:00+00:00': 19579.55043967194, '2025-06-23 23:00:00+00:00': 19493.7351898782, '2025-06-24 00:00:00+00:00': 20090.29381927846, '2025-06-24 02:00:00+00:00': 18919.30468788063, '2025-06-24 03:00:00+00:00': 19104.50468788063, '2025-06-24 06:00:00+00:00': 19899.99720910897, '2025-06-24 09:00:00+00:00': 18319.18018513955, '2025-06-24 17:00:00+00:00': 18655.786169362113, '2025-06-25 01:00:00+00:00': 18139.94941590878, '2025-06-25 05:00:00+00:00': 17701.374769834136, '2025-06-25 14:00:00+00:00': 17936.735130194495, '2025-06-26 02:00:00+00:00': 17469.291436500804, '2025-06-26 06:00:00+00:00': 18515.216221175586, '2025-06-26 14:00:00+00:00': 17260.26459086322, '2025-06-27 00:00:00+00:00': 17001.130732595502, '2025-07-01 00:00:00+00:00': 17224.09455033401, '2025-07-01 07:00:00+00:00': 17483.643489236867, '2025-07-01 09:00:00+00:00': 17284.057051775737, '2025-07-01 10:00:00+00:00': 17483.68216103126, '2025-07-01 13:00:00+00:00': 17478.11172024744, '2025-07-02 08:00:00+00:00': 17197.28509124384, '2025-07-02 09:00:00+00:00': 17216.43209777119, '2025-07-02 13:00:00+00:00': 17212.985083916188, '2025-07-02 15:00:00+00:00': 17455.124429611533, '2025-07-02 16:00:00+00:00': 17369.11328871583, '2025-07-02 17:00:00+00:00': 17236.89555827116, '2025-07-02 21:00:00+00:00': 17267.590167948732, '2025-07-02 23:00:00+00:00': 17124.042889198226, '2025-07-03 02:00:00+00:00': 17198.899912332377, '2025-07-03 04:00:00+00:00': 17315.087094923078, '2025-07-03 05:00:00+00:00': 17324.10170718609, '2025-07-03 07:00:00+00:00': 17303.63388245153, '2025-07-03 10:00:00+00:00': 17320.413401635677, '2025-07-03 13:00:00+00:00': 17317.23705496941, '2025-07-03 14:00:00+00:00': 17207.36639426439, '2025-07-03 16:00:00+00:00': 17417.0081776867, '2025-07-03 20:00:00+00:00': 17421.721698875655, '2025-07-04 08:00:00+00:00': 17353.624325804598, '2025-07-04 13:00:00+00:00': 17410.80385321764, '2025-07-04 15:00:00+00:00': 17618.616890926947, '2025-07-05 18:00:00+00:00': 17273.430702317306, '2025-07-06 05:00:00+00:00': 17301.759077284485, '2025-07-06 13:00:00+00:00': 17427.947465135378, '2025-07-06 21:00:00+00:00': 17458.92878859208, '2025-07-06 22:00:00+00:00': 17481.02297131062, '2025-07-07 02:00:00+00:00': 17610.97954844401, '2025-07-07 05:00:00+00:00': 17617.929634483287, '2025-07-07 07:00:00+00:00': 17610.101741868744, '2025-07-07 13:00:00+00:00': 17676.714219868285, '2025-07-07 14:00:00+00:00': 17466.24636866401, '2025-07-07 18:00:00+00:00': 17492.244738402344, '2025-07-08 03:00:00+00:00': 17723.68942938854, '2025-07-08 10:00:00+00:00': 17726.07785623192, '2025-07-08 16:00:00+00:00': 17907.610955861033, '2025-07-08 18:00:00+00:00': 17914.48431903939, '2025-07-08 19:00:00+00:00': 17464.197211044506, '2025-07-08 21:00:00+00:00': 17734.964309736817, '2025-07-09 04:00:00+00:00': 17747.691832461696, '2025-07-09 05:00:00+00:00': 17892.360788447833, '2025-07-09 11:00:00+00:00': 17646.710140895226, '2025-07-09 12:00:00+00:00': 17612.805404327853, '2025-07-09 19:00:00+00:00': 17692.170938410465, '2025-07-09 20:00:00+00:00': 17625.65660613605, '2025-07-09 21:00:00+00:00': 17620.972498067345, '2025-07-09 22:00:00+00:00': 17663.429884870868, '2025-07-10 00:00:00+00:00': 17753.016610972136, '2025-07-10 01:00:00+00:00': 17655.97972846735, '2025-07-10 13:00:00+00:00': 17698.158128344716, '2025-07-10 14:00:00+00:00': 17666.553593995803, '2025-07-10 17:00:00+00:00': 17629.141443688965, '2025-07-10 18:00:00+00:00': 17895.402534794914, '2025-07-10 19:00:00+00:00': 17823.334834976413, '2025-07-10 22:00:00+00:00': 17893.410082953316, '2025-07-10 23:00:00+00:00': 17889.173710327897, '2025-07-11 03:00:00+00:00': 17882.67149975844, '2025-07-11 05:00:00+00:00': 17877.741131724862, '2025-07-11 09:00:00+00:00': 17891.95852967628, '2025-07-11 10:00:00+00:00': 17899.12417238048, '2025-07-11 12:00:00+00:00': 17893.67108664185, '2025-07-11 17:00:00+00:00': 17865.939063312122, '2025-07-11 18:00:00+00:00': 17803.245290321636, '2025-07-11 23:00:00+00:00': 17800.221907704614, '2025-07-12 01:00:00+00:00': 17653.78782272355, '2025-07-12 08:00:00+00:00': 17780.369339553574, '2025-07-12 09:00:00+00:00': 17778.327914933077, '2025-07-12 16:00:00+00:00': 17925.2493773066, '2025-07-12 17:00:00+00:00': 17852.692647672964, '2025-07-12 21:00:00+00:00': 17962.25243264589, '2025-07-12 22:00:00+00:00': 17948.76870319306, '2025-07-13 03:00:00+00:00': 17772.884804425037, '2025-07-13 04:00:00+00:00': 17917.352202868766, '2025-07-13 11:00:00+00:00': 17928.986527054705, '2025-07-13 18:00:00+00:00': 17924.872843379322, '2025-07-14 00:00:00+00:00': 17922.51510932854, '2025-07-14 04:00:00+00:00': 17696.643338799844, '2025-07-14 05:00:00+00:00': 17687.784212209037, '2025-07-14 07:00:00+00:00': 17568.97328354683, '2025-07-14 11:00:00+00:00': 17588.36420593731, '2025-07-14 15:00:00+00:00': 17991.86906421085, '2025-07-14 16:00:00+00:00': 18132.827274799685, '2025-07-14 17:00:00+00:00': 17777.603117775856, '2025-07-14 18:00:00+00:00': 17579.59742788341, '2025-07-15 02:00:00+00:00': 18496.280668594143, '2025-07-15 04:00:00+00:00': 18569.968834317373, '2025-07-15 08:00:00+00:00': 17997.50780752434, '2025-07-15 12:00:00+00:00': 18385.700404428742, '2025-07-15 15:00:00+00:00': 18525.668423696185, '2025-07-15 20:00:00+00:00': 18403.28824262222, '2025-07-15 23:00:00+00:00': 18285.962628590027, '2025-07-16 00:00:00+00:00': 18339.46663744557, '2025-07-16 14:00:00+00:00': 18245.944996886632, '2025-07-16 18:00:00+00:00': 18326.64911716334, '2025-07-16 19:00:00+00:00': 18309.436406907924, '2025-07-17 07:00:00+00:00': 18532.315842881002, '2025-07-17 10:00:00+00:00': 18248.60115220131, '2025-07-17 14:00:00+00:00': 18906.381347445527, '2025-07-17 17:00:00+00:00': 19033.877453781482, '2025-07-17 21:00:00+00:00': 19021.19145194226, '2025-07-17 22:00:00+00:00': 18649.936186317467, '2025-07-18 02:00:00+00:00': 18666.04387862516, '2025-07-18 06:00:00+00:00': 18513.568974695067, '2025-07-18 08:00:00+00:00': 18938.958375114722, '2025-07-18 09:00:00+00:00': 18952.585292866817, '2025-07-18 12:00:00+00:00': 18876.300793923252, '2025-07-18 14:00:00+00:00': 18661.90269851388, '2025-07-18 15:00:00+00:00': 19645.574879725442, '2025-07-18 16:00:00+00:00': 19708.594142707017, '2025-07-18 17:00:00+00:00': 19734.571779553287, '2025-07-18 21:00:00+00:00': 19167.479641630205, '2025-07-19 15:00:00+00:00': 18982.069519650802, '2025-07-20 03:00:00+00:00': 19189.895608737705, '2025-07-20 04:00:00+00:00': 19311.782339546993, '2025-07-20 06:00:00+00:00': 19171.45517394596, '2025-07-20 08:00:00+00:00': 19660.861286915413, '2025-07-20 09:00:00+00:00': 19171.88814653123, '2025-07-20 12:00:00+00:00': 19009.69045259097, '2025-07-20 16:00:00+00:00': 18915.086281664142, '2025-07-20 21:00:00+00:00': 18970.525882881106, '2025-07-21 12:00:00+00:00': 18893.09559740521, '2025-07-21 14:00:00+00:00': 18967.771462668305, '2025-07-22 05:00:00+00:00': 19598.04301470815, '2025-07-22 16:00:00+00:00': 19167.300188890375, '2025-07-23 12:00:00+00:00': 18912.775271634164, '2025-07-23 18:00:00+00:00': 19032.136993992215, '2025-07-24 13:00:00+00:00': 19174.356828521963, '2025-07-24 15:00:00+00:00': 19537.815344758037, '2025-07-25 06:00:00+00:00': 19655.452655262612, '2025-07-25 07:00:00+00:00': 19591.20630464709}]",485
