number,value,params_CONVERGENCE_THRESHOLD,params_FIXED_TRADE_PCT,params_MAX_HOLD_HOURS,params_MAX_POSITION_PCT,params_MIN_DIV,params_STOP_LOSS_PCT,params_TAKE_PROFIT_PCT,params_TRAIL_PCT,state,user_attrs_cooldown_trades_pct,user_attrs_equity_curves,user_attrs_total_trades
24,26.430365342186633,0.025,0.06,72,0.015,0.04,0.25,0.4,0.7,COMPLETE,0.9913258983890955,"[{'2025-05-01 00:00:00+00:00': 10000.0, '2025-05-01 02:00:00+00:00': 10096.82250483897, '2025-05-01 06:00:00+00:00': 10106.523544397609, '2025-05-01 07:00:00+00:00': 10107.316685525057, '2025-05-01 11:00:00+00:00': 10393.675167014037, '2025-05-01 13:00:00+00:00': 10118.190691176937, '2025-05-01 15:00:00+00:00': 10351.001036609474, '2025-05-01 16:00:00+00:00': 10382.033009451097, '2025-05-02 01:00:00+00:00': 10344.505877963791, '2025-05-02 05:00:00+00:00': 10339.04391964442, '2025-05-02 09:00:00+00:00': 10344.883281176435, '2025-05-02 13:00:00+00:00': 10214.369740910513, '2025-05-02 15:00:00+00:00': 10336.65134560446, '2025-05-02 16:00:00+00:00': 10323.379628740659, '2025-05-02 18:00:00+00:00': 10325.992547882552, '2025-05-02 20:00:00+00:00': 10349.897282193973, '2025-05-03 03:00:00+00:00': 10332.726362866375, '2025-05-03 23:00:00+00:00': 10325.786456577178, '2025-05-04 22:00:00+00:00': 10277.53229576895, '2025-05-05 00:00:00+00:00': 10317.212412682029, '2025-05-05 01:00:00+00:00': 10327.16772928912, '2025-05-05 02:00:00+00:00': 10324.0303295083, '2025-05-05 03:00:00+00:00': 10322.12724651016, '2025-05-05 10:00:00+00:00': 10324.27083710274, '2025-05-05 11:00:00+00:00': 10352.437399369555, '2025-05-05 14:00:00+00:00': 10345.187048114401, '2025-05-05 19:00:00+00:00': 10446.085685467211, '2025-05-05 20:00:00+00:00': 10351.281631295642, '2025-05-05 23:00:00+00:00': 10306.079291480919, '2025-05-06 01:00:00+00:00': 10472.062223332445, '2025-05-06 07:00:00+00:00': 10470.380472138486, '2025-05-06 10:00:00+00:00': 10445.177675158213, '2025-05-06 11:00:00+00:00': 10418.379341315853, '2025-05-06 16:00:00+00:00': 10589.367720357171, '2025-05-06 17:00:00+00:00': 10669.657989418252, '2025-05-06 20:00:00+00:00': 10691.125610048915, '2025-05-06 23:00:00+00:00': 11047.672224500206, '2025-05-07 00:00:00+00:00': 10679.37730238755, '2025-05-07 01:00:00+00:00': 11044.902481219171, '2025-05-07 02:00:00+00:00': 11130.915805324275, '2025-05-07 04:00:00+00:00': 11191.843089773765, '2025-05-07 09:00:00+00:00': 11279.183882075271, '2025-05-07 17:00:00+00:00': 11279.676519935796, '2025-05-07 18:00:00+00:00': 11298.2608415132, '2025-05-07 19:00:00+00:00': 11285.726573036614, '2025-05-07 20:00:00+00:00': 11293.172755339667, '2025-05-07 23:00:00+00:00': 11304.749135176526, '2025-05-08 01:00:00+00:00': 11532.726291115598, '2025-05-08 04:00:00+00:00': 11638.161827291851, '2025-05-08 09:00:00+00:00': 11742.252242631403, '2025-05-08 10:00:00+00:00': 11752.18724350667, '2025-05-08 16:00:00+00:00': 11837.565563708762, '2025-05-08 17:00:00+00:00': 11848.841357110552, '2025-05-08 19:00:00+00:00': 11842.719455305834, '2025-05-08 21:00:00+00:00': 11944.814686036869, '2025-05-08 22:00:00+00:00': 12002.996504218687, '2025-05-09 00:00:00+00:00': 12123.174584359303, '2025-05-09 03:00:00+00:00': 12205.390395962897, '2025-05-09 08:00:00+00:00': 12159.602709629864, '2025-05-09 09:00:00+00:00': 12406.635715143319, '2025-05-09 11:00:00+00:00': 12394.44144495375, '2025-05-09 14:00:00+00:00': 12405.782973179756, '2025-05-09 15:00:00+00:00': 12375.46369652211, '2025-05-09 18:00:00+00:00': 12386.169073080884, '2025-05-10 07:00:00+00:00': 12421.980697994273, '2025-05-10 08:00:00+00:00': 12420.893500096692, '2025-05-10 22:00:00+00:00': 12484.504310995062, '2025-05-11 00:00:00+00:00': 12540.172931302364, '2025-05-11 01:00:00+00:00': 12563.47816852194, '2025-05-11 11:00:00+00:00': 12620.770685762032, '2025-05-11 13:00:00+00:00': 12600.711928112243, '2025-05-11 19:00:00+00:00': 12632.782527858939, '2025-05-12 01:00:00+00:00': 12628.953990727783, '2025-05-12 02:00:00+00:00': 12636.564088213, '2025-05-12 09:00:00+00:00': 12651.029815193031, '2025-05-12 12:00:00+00:00': 12650.790290357701, '2025-05-12 16:00:00+00:00': 12721.135117943908, '2025-05-12 19:00:00+00:00': 12736.129921544696, '2025-05-12 21:00:00+00:00': 12812.447133081645, '2025-05-13 06:00:00+00:00': 12801.820531310917, '2025-05-13 08:00:00+00:00': 12841.20212866583, '2025-05-13 10:00:00+00:00': 12848.364704922125, '2025-05-13 12:00:00+00:00': 12890.595568065763, '2025-05-13 20:00:00+00:00': 12911.834871025334, '2025-05-14 13:00:00+00:00': 12911.676670187268, '2025-05-14 22:00:00+00:00': 12900.899552566767, '2025-05-15 01:00:00+00:00': 12894.908819884833, '2025-05-15 13:00:00+00:00': 12904.380314363716, '2025-05-15 17:00:00+00:00': 13045.607999275377, '2025-05-15 21:00:00+00:00': 13099.955825362333, '2025-05-16 03:00:00+00:00': 13142.823929802891, '2025-05-16 11:00:00+00:00': 13183.482714132286, '2025-05-16 14:00:00+00:00': 13200.126974875515, '2025-05-16 16:00:00+00:00': 13199.84974372019, '2025-05-16 17:00:00+00:00': 13231.246718244505, '2025-05-17 05:00:00+00:00': 13300.366047770101, '2025-05-17 09:00:00+00:00': 13283.70624797315, '2025-05-17 15:00:00+00:00': 13288.68317535624, '2025-05-17 18:00:00+00:00': 13297.967126906278, '2025-05-17 21:00:00+00:00': 13296.781089837134, '2025-05-17 22:00:00+00:00': 13288.455811971715, '2025-05-18 01:00:00+00:00': 13327.28486294127, '2025-05-18 06:00:00+00:00': 13449.413962528552, '2025-05-18 09:00:00+00:00': 13467.345675259394, '2025-05-18 14:00:00+00:00': 13447.119378653617, '2025-05-18 17:00:00+00:00': 13666.698292492032, '2025-05-18 18:00:00+00:00': 13551.463322318217, '2025-05-18 23:00:00+00:00': 13768.721991695673, '2025-05-19 00:00:00+00:00': 13963.101766976572, '2025-05-19 01:00:00+00:00': 14034.4614726386, '2025-05-19 02:00:00+00:00': 14003.840798681957, '2025-05-19 04:00:00+00:00': 14051.161946016213, '2025-05-19 08:00:00+00:00': 14119.193535439877, '2025-05-19 16:00:00+00:00': 14496.84321607902, '2025-05-19 17:00:00+00:00': 14495.985713480874, '2025-05-19 18:00:00+00:00': 14501.879306545145, '2025-05-19 20:00:00+00:00': 14519.934013960466, '2025-05-20 02:00:00+00:00': 14692.737028188329, '2025-05-20 05:00:00+00:00': 14715.646119097419, '2025-05-20 06:00:00+00:00': 14697.321948110377, '2025-05-20 08:00:00+00:00': 14760.80824142502, '2025-05-20 12:00:00+00:00': 14748.70642133318, '2025-05-20 16:00:00+00:00': 14833.76196219647, '2025-05-20 18:00:00+00:00': 14983.904819339326, '2025-05-20 20:00:00+00:00': 15312.007628030371, '2025-05-21 07:00:00+00:00': 15375.109688313842, '2025-05-21 08:00:00+00:00': 15354.454697610572, '2025-05-21 15:00:00+00:00': 15656.219485516966, '2025-05-21 17:00:00+00:00': 15787.904728288135, '2025-05-21 18:00:00+00:00': 15654.842228288135, '2025-05-21 20:00:00+00:00': 15741.790787096303, '2025-05-21 21:00:00+00:00': 15615.098479403994, '2025-05-22 00:00:00+00:00': 15992.529317962111, '2025-05-22 01:00:00+00:00': 15806.560902038831, '2025-05-22 04:00:00+00:00': 16221.566363709648, '2025-05-22 07:00:00+00:00': 16271.782236000667, '2025-05-22 09:00:00+00:00': 16310.092095155596, '2025-05-22 15:00:00+00:00': 16366.957766797388, '2025-05-23 00:00:00+00:00': 16361.483870701111, '2025-05-23 01:00:00+00:00': 16368.01991845724, '2025-05-23 07:00:00+00:00': 16382.49013695668, '2025-05-23 12:00:00+00:00': 16590.21994903422, '2025-05-24 00:00:00+00:00': 16654.604375492516, '2025-05-24 08:00:00+00:00': 16676.639348389403, '2025-05-24 14:00:00+00:00': 16690.03792485567, '2025-05-24 23:00:00+00:00': 16692.133513090965, '2025-05-25 20:00:00+00:00': 16723.695416967785, '2025-05-25 23:00:00+00:00': 16951.042355743295, '2025-05-26 01:00:00+00:00': 16964.875641472154, '2025-05-26 09:00:00+00:00': 16968.253530582064, '2025-05-26 16:00:00+00:00': 16999.667048044772, '2025-05-26 21:00:00+00:00': 17017.37196607756, '2025-05-27 02:00:00+00:00': 17040.47415585858, '2025-05-27 04:00:00+00:00': 17098.377305509464, '2025-05-27 08:00:00+00:00': 17157.1132536532, '2025-05-27 13:00:00+00:00': 17153.229315121025, '2025-05-27 15:00:00+00:00': 17149.145345655375, '2025-05-28 15:00:00+00:00': 17313.88163969826, '2025-05-28 17:00:00+00:00': 17289.63896865513, '2025-05-28 20:00:00+00:00': 17274.285355678443, '2025-05-29 06:00:00+00:00': 17255.31307793735, '2025-05-29 18:00:00+00:00': 17261.6126159989, '2025-05-31 03:00:00+00:00': 17681.476055294224, '2025-05-31 04:00:00+00:00': 17238.888263633606, '2025-05-31 05:00:00+00:00': 17124.737095858138, '2025-05-31 06:00:00+00:00': 18974.16549370414, '2025-05-31 07:00:00+00:00': 19146.24882703747, '2025-05-31 08:00:00+00:00': 18835.1858829256, '2025-05-31 11:00:00+00:00': 19311.596049259693, '2025-05-31 16:00:00+00:00': 18824.075096425782, '2025-06-01 01:00:00+00:00': 19636.452209508083, '2025-06-01 13:00:00+00:00': 19434.28123444488, '2025-06-02 12:00:00+00:00': 17007.96817926031, '2025-06-02 14:00:00+00:00': 19633.596888655167, '2025-06-02 23:00:00+00:00': 19848.23098475699, '2025-06-03 01:00:00+00:00': 19755.911341007562, '2025-06-03 02:00:00+00:00': 20149.17114975358, '2025-06-03 03:00:00+00:00': 19821.248817547123, '2025-06-03 07:00:00+00:00': 19581.149571898495, '2025-06-03 15:00:00+00:00': 19431.66614193677, '2025-06-03 18:00:00+00:00': 19700.781369816996, '2025-06-03 21:00:00+00:00': 19416.243604745716, '2025-06-03 23:00:00+00:00': 19561.23778837906, '2025-06-04 04:00:00+00:00': 19429.662786210207, '2025-06-04 05:00:00+00:00': 19578.96000631559, '2025-06-04 09:00:00+00:00': 19417.98514302944, '2025-06-04 10:00:00+00:00': 19542.68895176841, '2025-06-04 16:00:00+00:00': 19744.50508471901, '2025-06-04 22:00:00+00:00': 20696.56911399045, '2025-06-05 05:00:00+00:00': 20694.834774917577, '2025-06-05 13:00:00+00:00': 19570.70962531268, '2025-06-05 16:00:00+00:00': 20678.258027666863, '2025-06-05 17:00:00+00:00': 19583.172668859952, '2025-06-05 19:00:00+00:00': 20318.8717912449, '2025-06-05 20:00:00+00:00': 19939.683656147583, '2025-06-05 21:00:00+00:00': 20637.42055330824, '2025-06-06 02:00:00+00:00': 21154.75682919647, '2025-06-06 04:00:00+00:00': 21123.073949070887, '2025-06-06 05:00:00+00:00': 20828.178595115336, '2025-06-06 06:00:00+00:00': 20760.818704315643, '2025-06-06 10:00:00+00:00': 21158.65404990794, '2025-06-06 11:00:00+00:00': 20783.042098671285, '2025-06-06 13:00:00+00:00': 20729.44767190722, '2025-06-06 15:00:00+00:00': 20457.304344278553, '2025-06-06 16:00:00+00:00': 20174.820309839528, '2025-06-07 15:00:00+00:00': 20803.380149267836, '2025-06-07 23:00:00+00:00': 20506.126219278554, '2025-06-08 12:00:00+00:00': 20484.143781135866, '2025-06-08 22:00:00+00:00': 20147.223838288195, '2025-06-09 05:00:00+00:00': 20753.042098671285, '2025-06-09 06:00:00+00:00': 20607.066719526265, '2025-06-09 10:00:00+00:00': 20117.836071137535, '2025-06-09 11:00:00+00:00': 20662.226219278553, '2025-06-09 12:00:00+00:00': 20647.93688458414, '2025-06-09 13:00:00+00:00': 19605.62906617618, '2025-06-09 15:00:00+00:00': 20448.66576142063, '2025-06-09 16:00:00+00:00': 20409.248285692476, '2025-06-09 17:00:00+00:00': 20158.811680893632, '2025-06-09 18:00:00+00:00': 19414.73317373994, '2025-06-09 19:00:00+00:00': 19994.580160127276, '2025-06-09 22:00:00+00:00': 19187.334850122657, '2025-06-09 23:00:00+00:00': 19564.212878351012, '2025-06-10 01:00:00+00:00': 19476.470573840896, '2025-06-10 02:00:00+00:00': 19473.6979434247, '2025-06-10 12:00:00+00:00': 19191.454028078213, '2025-06-10 20:00:00+00:00': 18789.290395226704, '2025-06-11 00:00:00+00:00': 19289.958301582486, '2025-06-11 05:00:00+00:00': 19328.246905659267, '2025-06-11 15:00:00+00:00': 19153.29976123725, '2025-06-11 16:00:00+00:00': 19098.29163491582, '2025-06-11 17:00:00+00:00': 18831.037422125984, '2025-06-11 19:00:00+00:00': 19323.41087234836, '2025-06-11 21:00:00+00:00': 19719.17921667728, '2025-06-11 22:00:00+00:00': 19540.675269033592, '2025-06-11 23:00:00+00:00': 19886.848853957457, '2025-06-12 11:00:00+00:00': 19738.818713829423, '2025-06-12 12:00:00+00:00': 19715.751292981848, '2025-06-12 20:00:00+00:00': 19640.690326874883, '2025-06-12 21:00:00+00:00': 20431.681125623265, '2025-06-12 23:00:00+00:00': 19019.68568570026, '2025-06-13 01:00:00+00:00': 20767.36885592962, '2025-06-13 03:00:00+00:00': 20715.877627859445, '2025-06-13 17:00:00+00:00': 20121.19903667536, '2025-06-14 00:00:00+00:00': 20172.32503010038, '2025-06-14 07:00:00+00:00': 20476.880114846143, '2025-06-14 11:00:00+00:00': 20374.300583937224, '2025-06-16 02:00:00+00:00': 20241.304621937114, '2025-06-16 05:00:00+00:00': 19993.341150703505, '2025-06-16 06:00:00+00:00': 19132.749909953072, '2025-06-16 08:00:00+00:00': 18978.035624238786, '2025-06-16 09:00:00+00:00': 19506.396872325717, '2025-06-16 10:00:00+00:00': 19301.901735145555, '2025-06-16 19:00:00+00:00': 19264.173469099493, '2025-06-16 20:00:00+00:00': 19086.56477344732, '2025-06-17 00:00:00+00:00': 19334.684832900733, '2025-06-17 04:00:00+00:00': 19261.700256237567, '2025-06-17 08:00:00+00:00': 18923.561760609602, '2025-06-17 11:00:00+00:00': 19304.189073483038, '2025-06-17 12:00:00+00:00': 19191.343663967622, '2025-06-17 15:00:00+00:00': 19011.374878329625, '2025-06-17 16:00:00+00:00': 19151.44171115339, '2025-06-17 17:00:00+00:00': 19074.359362357638, '2025-06-17 20:00:00+00:00': 17883.901695956556, '2025-06-18 05:00:00+00:00': 17499.92052985758, '2025-06-18 06:00:00+00:00': 19239.70819956694, '2025-06-18 19:00:00+00:00': 17241.071184554272, '2025-06-18 21:00:00+00:00': 17135.739035318904, '2025-06-18 23:00:00+00:00': 17359.386716708046, '2025-06-19 02:00:00+00:00': 18916.727783410268, '2025-06-19 07:00:00+00:00': 18233.52109888104, '2025-06-19 10:00:00+00:00': 18396.97022138243, '2025-06-19 14:00:00+00:00': 17036.296409779497, '2025-06-19 21:00:00+00:00': 16608.866832264423, '2025-06-20 01:00:00+00:00': 19191.27569957515, '2025-06-20 02:00:00+00:00': 16975.162112241982, '2025-06-20 05:00:00+00:00': 17728.740405633976, '2025-06-20 08:00:00+00:00': 16812.08111797871, '2025-06-20 09:00:00+00:00': 17187.372280179537, '2025-06-20 11:00:00+00:00': 16442.726481387228, '2025-06-20 12:00:00+00:00': 17048.779517887604, '2025-06-20 15:00:00+00:00': 16543.501876003465, '2025-06-20 17:00:00+00:00': 16305.719369963896, '2025-06-20 18:00:00+00:00': 17484.5299833825, '2025-06-21 10:00:00+00:00': 17309.0299833825, '2025-06-21 19:00:00+00:00': 16626.738028944423, '2025-06-21 20:00:00+00:00': 18362.72203961079, '2025-06-21 22:00:00+00:00': 19098.735320467746, '2025-06-22 01:00:00+00:00': 19396.334109935684, '2025-06-22 08:00:00+00:00': 19464.951754611422, '2025-06-22 10:00:00+00:00': 19739.082814972866, '2025-06-22 14:00:00+00:00': 20243.735570274475, '2025-06-22 15:00:00+00:00': 20155.42278975611, '2025-06-22 16:00:00+00:00': 20373.452105717024, '2025-06-22 23:00:00+00:00': 19995.927935559113, '2025-06-23 01:00:00+00:00': 20256.41703328362, '2025-06-23 02:00:00+00:00': 19463.269205400386, '2025-06-23 05:00:00+00:00': 19792.713649844827, '2025-06-23 06:00:00+00:00': 19634.727538733718, '2025-06-23 09:00:00+00:00': 19232.579550227973, '2025-06-23 14:00:00+00:00': 18918.155719157083, '2025-06-23 17:00:00+00:00': 19175.41200005709, '2025-06-23 18:00:00+00:00': 18595.720316580104, '2025-06-23 19:00:00+00:00': 18243.185506453523, '2025-06-23 21:00:00+00:00': 18446.3585833766, '2025-06-23 23:00:00+00:00': 18105.624551929563, '2025-06-24 00:00:00+00:00': 17845.602074407085, '2025-06-24 02:00:00+00:00': 17920.424551929562, '2025-06-24 03:00:00+00:00': 17540.648240965133, '2025-06-24 04:00:00+00:00': 18284.833159647787, '2025-06-24 09:00:00+00:00': 17161.454310192254, '2025-06-24 16:00:00+00:00': 17746.720848225857, '2025-06-24 17:00:00+00:00': 16833.097342643847, '2025-06-25 01:00:00+00:00': 16653.866573413077, '2025-06-25 02:00:00+00:00': 16479.677384223887, '2025-06-25 09:00:00+00:00': 16990.728921591217, '2025-06-25 12:00:00+00:00': 16486.43442280574, '2025-06-25 14:00:00+00:00': 16777.280576651894, '2025-06-25 16:00:00+00:00': 16512.26514455313, '2025-06-26 01:00:00+00:00': 16361.01514455313, '2025-06-26 13:00:00+00:00': 16179.997180481274, '2025-06-27 00:00:00+00:00': 15947.562397872578, '2025-06-30 20:00:00+00:00': 16053.481337772488, '2025-06-30 21:00:00+00:00': 16049.654579352915, '2025-06-30 23:00:00+00:00': 16066.382735422536, '2025-07-01 00:00:00+00:00': 16364.479807082153, '2025-07-01 02:00:00+00:00': 16323.021524980653, '2025-07-01 04:00:00+00:00': 16311.731626157174, '2025-07-01 05:00:00+00:00': 16326.287212007139, '2025-07-01 07:00:00+00:00': 16330.604894217162, '2025-07-01 08:00:00+00:00': 16322.73537011885, '2025-07-01 10:00:00+00:00': 16334.298011621731, '2025-07-01 11:00:00+00:00': 16353.48352452541, '2025-07-01 13:00:00+00:00': 16402.63008854131, '2025-07-01 18:00:00+00:00': 16328.25815823428, '2025-07-01 20:00:00+00:00': 16245.839570807095, '2025-07-02 00:00:00+00:00': 16246.3898031129, '2025-07-02 05:00:00+00:00': 16234.412648924797, '2025-07-02 08:00:00+00:00': 16255.29674503807, '2025-07-02 13:00:00+00:00': 16350.01054062373, '2025-07-02 14:00:00+00:00': 16334.494281181009, '2025-07-02 15:00:00+00:00': 16351.922741049635, '2025-07-02 16:00:00+00:00': 16348.253729903701, '2025-07-02 17:00:00+00:00': 16469.200771099757, '2025-07-02 18:00:00+00:00': 16458.270163785655, '2025-07-02 20:00:00+00:00': 16429.27544112885, '2025-07-02 21:00:00+00:00': 16528.39411562203, '2025-07-02 22:00:00+00:00': 16517.229871764608, '2025-07-02 23:00:00+00:00': 16058.585842969986, '2025-07-03 00:00:00+00:00': 16520.26544410084, '2025-07-03 03:00:00+00:00': 16517.953244604363, '2025-07-03 05:00:00+00:00': 16514.249924588727, '2025-07-03 07:00:00+00:00': 16514.811498507024, '2025-07-03 09:00:00+00:00': 16513.329038089836, '2025-07-03 10:00:00+00:00': 16503.304710977103, '2025-07-03 13:00:00+00:00': 16503.225776228202, '2025-07-03 14:00:00+00:00': 16512.851831462176, '2025-07-03 16:00:00+00:00': 16567.222764672613, '2025-07-03 17:00:00+00:00': 16506.631424384657, '2025-07-03 18:00:00+00:00': 16567.62317757885, '2025-07-03 20:00:00+00:00': 16571.93952957206, '2025-07-04 02:00:00+00:00': 16555.087733748827, '2025-07-04 03:00:00+00:00': 16612.849755921692, '2025-07-04 05:00:00+00:00': 16606.200848981225, '2025-07-04 08:00:00+00:00': 16672.673998403872, '2025-07-04 13:00:00+00:00': 16677.089984336453, '2025-07-04 16:00:00+00:00': 16681.394381595812, '2025-07-04 17:00:00+00:00': 16773.557572651465, '2025-07-04 18:00:00+00:00': 16775.447720654276, '2025-07-04 20:00:00+00:00': 16767.63943757304, '2025-07-04 22:00:00+00:00': 16784.107348182268, '2025-07-05 00:00:00+00:00': 16783.64940418435, '2025-07-06 06:00:00+00:00': 16781.134689459646, '2025-07-06 13:00:00+00:00': 16775.42549517657, '2025-07-06 17:00:00+00:00': 16548.68737394528, '2025-07-06 19:00:00+00:00': 16753.256283541352, '2025-07-06 21:00:00+00:00': 16745.57146963007, '2025-07-06 23:00:00+00:00': 16587.221209280087, '2025-07-07 01:00:00+00:00': 16783.746508789787, '2025-07-07 05:00:00+00:00': 16731.477423390188, '2025-07-07 07:00:00+00:00': 16678.386290499366, '2025-07-07 08:00:00+00:00': 16669.049512024696, '2025-07-07 12:00:00+00:00': 16723.080869827478, '2025-07-07 13:00:00+00:00': 16736.53719168664, '2025-07-07 14:00:00+00:00': 16725.07761001647, '2025-07-07 17:00:00+00:00': 16719.9373672901, '2025-07-07 18:00:00+00:00': 16804.573730926462, '2025-07-07 21:00:00+00:00': 16785.164821001294, '2025-07-07 23:00:00+00:00': 16790.544757426243, '2025-07-08 01:00:00+00:00': 16780.91497970133, '2025-07-08 03:00:00+00:00': 16789.969123402083, '2025-07-08 10:00:00+00:00': 16816.64891813528, '2025-07-08 13:00:00+00:00': 16804.255549398407, '2025-07-08 14:00:00+00:00': 16810.320351701394, '2025-07-08 16:00:00+00:00': 16886.654847247944, '2025-07-08 17:00:00+00:00': 16805.879607308587, '2025-07-08 18:00:00+00:00': 16907.55354276221, '2025-07-08 21:00:00+00:00': 16902.693136667967, '2025-07-09 03:00:00+00:00': 16883.1401658188, '2025-07-09 04:00:00+00:00': 16907.635064330487, '2025-07-09 05:00:00+00:00': 16895.954487868257, '2025-07-09 06:00:00+00:00': 16942.987836570555, '2025-07-09 08:00:00+00:00': 16790.3537968477, '2025-07-09 10:00:00+00:00': 16962.6966663444, '2025-07-09 12:00:00+00:00': 16932.490164885177, '2025-07-09 13:00:00+00:00': 16963.99692848619, '2025-07-09 15:00:00+00:00': 16950.677491582253, '2025-07-09 18:00:00+00:00': 16957.83603246181, '2025-07-09 19:00:00+00:00': 16956.874950708527, '2025-07-09 20:00:00+00:00': 17102.657764742704, '2025-07-09 21:00:00+00:00': 17255.05136715543, '2025-07-10 01:00:00+00:00': 17251.84429298183, '2025-07-10 02:00:00+00:00': 17242.253364308843, '2025-07-10 03:00:00+00:00': 16850.732475717523, '2025-07-10 06:00:00+00:00': 17224.60932647958, '2025-07-10 08:00:00+00:00': 17220.38297895961, '2025-07-10 09:00:00+00:00': 17215.830600454774, '2025-07-10 10:00:00+00:00': 17234.206406601756, '2025-07-10 14:00:00+00:00': 17226.94495262651, '2025-07-10 15:00:00+00:00': 17229.840516552365, '2025-07-10 16:00:00+00:00': 17239.318895429118, '2025-07-10 18:00:00+00:00': 17382.864265040513, '2025-07-10 19:00:00+00:00': 17414.292714159892, '2025-07-10 22:00:00+00:00': 18111.47789936681, '2025-07-11 01:00:00+00:00': 18172.362072266045, '2025-07-11 06:00:00+00:00': 18187.816802145982, '2025-07-11 08:00:00+00:00': 18177.325593057663, '2025-07-11 10:00:00+00:00': 18174.690430322273, '2025-07-11 12:00:00+00:00': 18156.541287307235, '2025-07-11 16:00:00+00:00': 18186.077643902987, '2025-07-11 18:00:00+00:00': 18088.568164015254, '2025-07-11 21:00:00+00:00': 18314.03974287136, '2025-07-11 23:00:00+00:00': 18268.093723703176, '2025-07-12 01:00:00+00:00': 18315.0401436571, '2025-07-12 05:00:00+00:00': 18317.077330351975, '2025-07-12 08:00:00+00:00': 18315.31564367119, '2025-07-12 13:00:00+00:00': 18447.282087635445, '2025-07-12 16:00:00+00:00': 18410.271664792996, '2025-07-12 21:00:00+00:00': 18486.59175530271, '2025-07-13 01:00:00+00:00': 18482.42920727408, '2025-07-13 11:00:00+00:00': 18494.643238062825, '2025-07-13 12:00:00+00:00': 18109.328640062784, '2025-07-13 17:00:00+00:00': 18426.50614679895, '2025-07-13 22:00:00+00:00': 18494.738138744626, '2025-07-13 23:00:00+00:00': 18585.92701951063, '2025-07-14 00:00:00+00:00': 18582.193