number,value,params_CONVERGENCE_THRESHOLD,params_FIXED_TRADE_PCT,params_MAX_HOLD_HOURS,params_MAX_POSITION_PCT,params_MIN_DIV,params_STOP_LOSS_PCT,params_TAKE_PROFIT_PCT,params_TRAIL_PCT,state,user_attrs_cooldown_trades_pct,user_attrs_equity_curves,user_attrs_total_trades
9,3.446197583554227,0.015,0.05,48,0.02,0.04,0.15,0.6,0.6,COMPLETE,2.8930817610062896,"[{'2025-05-01 00:00:00+00:00': 10000.0, '2025-05-01 02:00:00+00:00': 10081.083268137243, '2025-05-01 06:00:00+00:00': 10087.524540642022, '2025-05-01 07:00:00+00:00': 10156.912419516986, '2025-05-01 11:00:00+00:00': 10365.868645749031, '2025-05-01 13:00:00+00:00': 10165.811616886227, '2025-05-01 15:00:00+00:00': 10334.743400900534, '2025-05-01 16:00:00+00:00': 10156.263310809913, '2025-05-01 17:00:00+00:00': 10334.330879301446, '2025-05-02 06:00:00+00:00': 10338.661530166573, '2025-05-02 15:00:00+00:00': 10322.435046621931, '2025-05-02 20:00:00+00:00': 10323.284675626279, '2025-05-02 22:00:00+00:00': 10302.764349115436, '2025-05-03 10:00:00+00:00': 10291.05830820462, '2025-05-04 01:00:00+00:00': 10219.716192888905, '2025-05-04 22:00:00+00:00': 10258.692967491754, '2025-05-04 23:00:00+00:00': 10217.302562171251, '2025-05-05 01:00:00+00:00': 10172.744452008985, '2025-05-05 02:00:00+00:00': 10221.797160078408, '2025-05-05 03:00:00+00:00': 10171.223624439814, '2025-05-05 04:00:00+00:00': 10179.554485722969, '2025-05-05 12:00:00+00:00': 10124.149999292384, '2025-05-05 17:00:00+00:00': 10166.915132064918, '2025-05-06 03:00:00+00:00': 10126.698634751354, '2025-05-06 13:00:00+00:00': 10120.996672592035, '2025-05-06 16:00:00+00:00': 10474.705028245171, '2025-05-06 17:00:00+00:00': 10473.111952025247, '2025-05-06 23:00:00+00:00': 10518.99127864779, '2025-05-07 00:00:00+00:00': 10416.446241165098, '2025-05-07 01:00:00+00:00': 10632.807195257454, '2025-05-07 02:00:00+00:00': 10569.086792841152, '2025-05-07 03:00:00+00:00': 10596.664385274578, '2025-05-07 04:00:00+00:00': 10638.453292416052, '2025-05-07 16:00:00+00:00': 10742.256372754435, '2025-05-07 17:00:00+00:00': 10744.666558073239, '2025-05-07 18:00:00+00:00': 10757.12842051481, '2025-05-07 22:00:00+00:00': 10969.228316858158, '2025-05-08 01:00:00+00:00': 11037.632343563144, '2025-05-08 04:00:00+00:00': 11051.840466590924, '2025-05-08 09:00:00+00:00': 11004.487215545952, '2025-05-08 10:00:00+00:00': 11059.517081671047, '2025-05-08 12:00:00+00:00': 10850.991274577975, '2025-05-08 16:00:00+00:00': 11155.065430371587, '2025-05-08 17:00:00+00:00': 11165.804813934128, '2025-05-08 19:00:00+00:00': 11205.336342257393, '2025-05-08 22:00:00+00:00': 11372.604663402262, '2025-05-09 00:00:00+00:00': 11156.016346566794, '2025-05-09 05:00:00+00:00': 11394.74784315063, '2025-05-09 08:00:00+00:00': 11319.087594039318, '2025-05-09 09:00:00+00:00': 11551.927253695143, '2025-05-09 15:00:00+00:00': 11524.61512488416, '2025-05-09 16:00:00+00:00': 11538.42226779244, '2025-05-09 18:00:00+00:00': 11515.2812206275, '2025-05-09 20:00:00+00:00': 11513.208940149703, '2025-05-09 21:00:00+00:00': 11527.950892000865, '2025-05-10 07:00:00+00:00': 11564.575038914565, '2025-05-10 10:00:00+00:00': 11568.705168253038, '2025-05-10 22:00:00+00:00': 11564.732606150708, '2025-05-11 01:00:00+00:00': 11595.865330994115, '2025-05-11 06:00:00+00:00': 11670.115541535142, '2025-05-11 11:00:00+00:00': 11713.609140450777, '2025-05-11 12:00:00+00:00': 11685.73235840135, '2025-05-11 13:00:00+00:00': 11714.037386866661, '2025-05-11 17:00:00+00:00': 11653.780881574738, '2025-05-11 19:00:00+00:00': 11722.899514950826, '2025-05-12 01:00:00+00:00': 11713.498002328186, '2025-05-12 02:00:00+00:00': 11712.509187254656, '2025-05-12 09:00:00+00:00': 11724.672206994632, '2025-05-12 12:00:00+00:00': 11724.487218748569, '2025-05-12 16:00:00+00:00': 11786.17714582126, '2025-05-12 19:00:00+00:00': 11797.75442842138, '2025-05-12 22:00:00+00:00': 11806.651302038317, '2025-05-13 00:00:00+00:00': 11852.079850780454, '2025-05-13 06:00:00+00:00': 11859.49471127567, '2025-05-13 14:00:00+00:00': 11946.482521226884, '2025-05-14 13:00:00+00:00': 11929.766572756918, '2025-05-15 01:00:00+00:00': 11937.695317683236, '2025-05-15 02:00:00+00:00': 11915.399278078825, '2025-05-15 14:00:00+00:00': 11903.118760627, '2025-05-16 04:00:00+00:00': 11985.794607295395, '2025-05-16 08:00:00+00:00': 12052.175575407573, '2025-05-16 12:00:00+00:00': 12049.928841447616, '2025-05-16 17:00:00+00:00': 11988.418404312015, '2025-05-17 05:00:00+00:00': 12000.067102349964, '2025-05-17 12:00:00+00:00': 11985.72264691293, '2025-05-17 22:00:00+00:00': 12157.934558508838, '2025-05-18 06:00:00+00:00': 12159.62284404463, '2025-05-18 11:00:00+00:00': 12196.452379152988, '2025-05-18 14:00:00+00:00': 12146.198368739235, '2025-05-18 17:00:00+00:00': 12372.896954015858, '2025-05-19 01:00:00+00:00': 12285.843541688404, '2025-05-19 10:00:00+00:00': 12482.987736843837, '2025-05-19 16:00:00+00:00': 12794.86198072274, '2025-05-19 17:00:00+00:00': 12792.650044651517, '2025-05-19 18:00:00+00:00': 12796.848232405704, '2025-05-19 20:00:00+00:00': 12835.754444526341, '2025-05-20 02:00:00+00:00': 12856.930560707953, '2025-05-20 05:00:00+00:00': 12874.274314001268, '2025-05-20 07:00:00+00:00': 12822.477811788467, '2025-05-20 08:00:00+00:00': 12919.048475161397, '2025-05-20 13:00:00+00:00': 12897.150603754417, '2025-05-20 14:00:00+00:00': 12917.698096118087, '2025-05-20 16:00:00+00:00': 12922.86924675346, '2025-05-20 18:00:00+00:00': 13032.759054674074, '2025-05-21 05:00:00+00:00': 13457.586745931685, '2025-05-21 07:00:00+00:00': 13443.602474827117, '2025-05-21 08:00:00+00:00': 13442.978215768857, '2025-05-21 17:00:00+00:00': 13632.201540630314, '2025-05-21 18:00:00+00:00': 13873.63025771582, '2025-05-21 21:00:00+00:00': 13940.63025771582, '2025-05-22 00:00:00+00:00': 14037.520955770473, '2025-05-22 01:00:00+00:00': 14100.417371651041, '2025-05-22 04:00:00+00:00': 14217.831367643928, '2025-05-22 16:00:00+00:00': 14233.893646740751, '2025-05-23 07:00:00+00:00': 14181.887924782026, '2025-05-23 19:00:00+00:00': 14371.27876784444, '2025-05-24 02:00:00+00:00': 14386.771722630005, '2025-05-24 08:00:00+00:00': 14402.633808865265, '2025-05-24 16:00:00+00:00': 14400.642847491707, '2025-05-25 01:00:00+00:00': 14420.100248310086, '2025-05-25 21:00:00+00:00': 14431.883892396125, '2025-05-26 01:00:00+00:00': 14669.19999827835, '2025-05-26 09:00:00+00:00': 14671.633994454354, '2025-05-26 16:00:00+00:00': 14694.268794487476, '2025-05-26 21:00:00+00:00': 14708.150824102604, '2025-05-27 02:00:00+00:00': 14729.66343760395, '2025-05-27 04:00:00+00:00': 14771.372659744418, '2025-05-28 02:00:00+00:00': 14716.691759599946, '2025-05-29 18:00:00+00:00': 14811.491114589675, '2025-05-31 03:00:00+00:00': 14372.060850990192, '2025-05-31 05:00:00+00:00': 14559.146847475748, '2025-05-31 06:00:00+00:00': 15985.840159283865, '2025-05-31 07:00:00+00:00': 16289.612283053162, '2025-05-31 08:00:00+00:00': 16940.84890335883, '2025-05-31 11:00:00+00:00': 16562.555797735742, '2025-05-31 15:00:00+00:00': 16749.11655237619, '2025-05-31 16:00:00+00:00': 14671.665490290707, '2025-05-31 23:00:00+00:00': 17089.899788189057, '2025-06-01 12:00:00+00:00': 17359.845012081634, '2025-06-01 14:00:00+00:00': 17254.888936790758, '2025-06-01 23:00:00+00:00': 14636.044572429308, '2025-06-02 03:00:00+00:00': 14577.533772436818, '2025-06-02 04:00:00+00:00': 16018.799182250086, '2025-06-02 07:00:00+00:00': 17093.456123192744, '2025-06-02 08:00:00+00:00': 17326.459323412804, '2025-06-02 09:00:00+00:00': 17247.959323412804, '2025-06-02 10:00:00+00:00': 17148.67465107647, '2025-06-02 12:00:00+00:00': 16610.96271321842, '2025-06-02 15:00:00+00:00': 17006.834563020228, '2025-06-02 18:00:00+00:00': 17126.322470479183, '2025-06-02 19:00:00+00:00': 16466.832180711554, '2025-06-02 22:00:00+00:00': 16396.360664623066, '2025-06-02 23:00:00+00:00': 16836.28503228757, '2025-06-03 00:00:00+00:00': 16725.39709488634, '2025-06-03 01:00:00+00:00': 16776.99415096493, '2025-06-03 02:00:00+00:00': 16631.270184142355, '2025-06-03 03:00:00+00:00': 16475.16159930135, '2025-06-03 11:00:00+00:00': 16360.702957329611, '2025-06-03 12:00:00+00:00': 16688.4945129172, '2025-06-03 15:00:00+00:00': 16364.956507928287, '2025-06-03 16:00:00+00:00': 16272.443757164508, '2025-06-04 00:00:00+00:00': 16831.02316803768, '2025-06-04 02:00:00+00:00': 16553.154970512634, '2025-06-04 04:00:00+00:00': 16278.321763631844, '2025-06-04 05:00:00+00:00': 16300.20280481118, '2025-06-04 10:00:00+00:00': 15886.350282503028, '2025-06-04 11:00:00+00:00': 16921.955908648662, '2025-06-04 13:00:00+00:00': 16917.159217780558, '2025-06-04 16:00:00+00:00': 15558.062678446831, '2025-06-04 22:00:00+00:00': 17135.50549403749, '2025-06-05 02:00:00+00:00': 16406.154230300825, '2025-06-05 03:00:00+00:00': 16362.297087443681, '2025-06-05 05:00:00+00:00': 17134.085906294764, '2025-06-05 06:00:00+00:00': 15890.922416850273, '2025-06-05 08:00:00+00:00': 15551.654075072915, '2025-06-05 13:00:00+00:00': 16292.63064651298, '2025-06-05 16:00:00+00:00': 17194.536891695298, '2025-06-05 17:00:00+00:00': 15659.928713875577, '2025-06-05 19:00:00+00:00': 17334.5392559691, '2025-06-05 20:00:00+00:00': 17208.215689384386, '2025-06-05 21:00:00+00:00': 16850.18048606475, '2025-06-06 01:00:00+00:00': 18087.026074712387, '2025-06-06 02:00:00+00:00': 18083.962789746754, '2025-06-06 03:00:00+00:00': 17853.456971243184, '2025-06-06 04:00:00+00:00': 17938.62755953517, '2025-06-06 05:00:00+00:00': 17107.75445442251, '2025-06-06 07:00:00+00:00': 17836.83440872286, '2025-06-06 09:00:00+00:00': 17669.38950395, '2025-06-06 11:00:00+00:00': 17369.314963649435, '2025-06-06 14:00:00+00:00': 17575.119218549662, '2025-06-06 15:00:00+00:00': 17255.75665622765, '2025-06-06 23:00:00+00:00': 16702.085675385453, '2025-06-07 01:00:00+00:00': 16809.76492100103, '2025-06-07 03:00:00+00:00': 17113.840262918213, '2025-06-07 07:00:00+00:00': 17186.036231812912, '2025-06-07 16:00:00+00:00': 17091.988154434006, '2025-06-07 20:00:00+00:00': 16916.44357582169, '2025-06-07 21:00:00+00:00': 17010.309902873385, '2025-06-07 22:00:00+00:00': 18178.752176820082, '2025-06-08 08:00:00+00:00': 17486.72749671666, '2025-06-08 12:00:00+00:00': 17197.14261474547, '2025-06-08 13:00:00+00:00': 16700.423449290036, '2025-06-08 14:00:00+00:00': 16577.37212332325, '2025-06-08 16:00:00+00:00': 17024.148248024387, '2025-06-09 00:00:00+00:00': 16752.965231765662, '2025-06-09 02:00:00+00:00': 16754.223179614342, '2025-06-09 03:00:00+00:00': 15999.332015455646, '2025-06-09 06:00:00+00:00': 16118.248682122312, '2025-06-09 07:00:00+00:00': 15918.354040621123, '2025-06-09 08:00:00+00:00': 16674.65718371876, '2025-06-09 10:00:00+00:00': 15742.150178144531, '2025-06-09 12:00:00+00:00': 16990.840516830285, '2025-06-09 13:00:00+00:00': 16714.380664467048, '2025-06-09 17:00:00+00:00': 17006.956654933172, '2025-06-09 18:00:00+00:00': 17109.581306969616, '2025-06-09 21:00:00+00:00': 16607.801717098628, '2025-06-09 22:00:00+00:00': 16186.83264011061, '2025-06-10 00:00:00+00:00': 17102.024513165507, '2025-06-10 01:00:00+00:00': 15797.461957316606, '2025-06-10 12:00:00+00:00': 15912.932131266689, '2025-06-10 20:00:00+00:00': 15526.159083705685, '2025-06-10 22:00:00+00:00': 16152.864919671987, '2025-06-10 23:00:00+00:00': 16206.93490525399, '2025-06-11 00:00:00+00:00': 15567.593192232816, '2025-06-11 05:00:00+00:00': 15870.91722766353, '2025-06-11 10:00:00+00:00': 15463.41672164458, '2025-06-11 12:00:00+00:00': 15989.099045845349, '2025-06-11 15:00:00+00:00': 15510.376575711134, '2025-06-11 16:00:00+00:00': 15775.154353488912, '2025-06-11 20:00:00+00:00': 15181.82683658416, '2025-06-11 22:00:00+00:00': 16074.734856917272, '2025-06-11 23:00:00+00:00': 16158.588284870479, '2025-06-12 01:00:00+00:00': 15093.510865134931, '2025-06-12 08:00:00+00:00': 15280.839009752326, '2025-06-12 11:00:00+00:00': 17312.5421058433, '2025-06-12 14:00:00+00:00': 17242.151510162188, '2025-06-12 20:00:00+00:00': 16704.226276649846, '2025-06-12 21:00:00+00:00': 16611.635393413337, '2025-06-13 01:00:00+00:00': 16333.367035271549, '2025-06-13 02:00:00+00:00': 17264.330015038973, '2025-06-13 03:00:00+00:00': 16904.96872674667, '2025-06-13 09:00:00+00:00': 16488.02332833071, '2025-06-13 11:00:00+00:00': 16375.470136841348, '2025-06-13 12:00:00+00:00': 16267.244330389734, '2025-06-13 16:00:00+00:00': 16584.619966631395, '2025-06-13 17:00:00+00:00': 15954.923888353393, '2025-06-13 23:00:00+00:00': 16175.127508262894, '2025-06-14 01:00:00+00:00': 15803.822360399156, '2025-06-14 13:00:00+00:00': 17166.12085096762, '2025-06-14 17:00:00+00:00': 16810.222150023626, '2025-06-15 02:00:00+00:00': 16592.824323355584, '2025-06-15 13:00:00+00:00': 15890.03507089383, '2025-06-15 17:00:00+00:00': 15714.122948564456, '2025-06-15 18:00:00+00:00': 15583.997407438916, '2025-06-16 00:00:00+00:00': 15587.718419883959, '2025-06-16 02:00:00+00:00': 15564.340433412362, '2025-06-16 03:00:00+00:00': 16283.233641373294, '2025-06-16 05:00:00+00:00': 15980.503886300206, '2025-06-16 06:00:00+00:00': 15855.63094028666, '2025-06-16 07:00:00+00:00': 16394.066974706628, '2025-06-16 08:00:00+00:00': 15495.523124574678, '2025-06-16 09:00:00+00:00': 14968.45693818497, '2025-06-16 10:00:00+00:00': 15062.104643240025, '2025-06-16 14:00:00+00:00': 15716.766758718939, '2025-06-16 15:00:00+00:00': 15166.009405144787, '2025-06-16 17:00:00+00:00': 14844.483831284233, '2025-06-16 19:00:00+00:00': 14863.841553569586, '2025-06-16 20:00:00+00:00': 14769.694204621312, '2025-06-16 21:00:00+00:00': 16479.074531719696, '2025-06-16 23:00:00+00:00': 15640.472136585664, '2025-06-17 00:00:00+00:00': 15314.70220718213, '2025-06-17 01:00:00+00:00': 15150.687117097805, '2025-06-17 02:00:00+00:00': 15022.754424790113, '2025-06-17 08:00:00+00:00': 14735.796461190996, '2025-06-17 09:00:00+00:00': 15433.411349592468, '2025-06-17 10:00:00+00:00': 15536.5306916198, '2025-06-17 11:00:00+00:00': 15731.816594483435, '2025-06-17 13:00:00+00:00': 14909.576749429556, '2025-06-17 15:00:00+00:00': 15099.200157538526, '2025-06-17 16:00:00+00:00': 14955.689519240654, '2025-06-17 17:00:00+00:00': 15045.574534275387, '2025-06-17 18:00:00+00:00': 15140.457259802746, '2025-06-17 19:00:00+00:00': 14369.47106915038, '2025-06-17 20:00:00+00:00': 14015.424346014339, '2025-06-18 01:00:00+00:00': 13940.662452735609, '2025-06-18 05:00:00+00:00': 13511.284647557635, '2025-06-18 11:00:00+00:00': 14690.384475795854, '2025-06-18 19:00:00+00:00': 14242.663268668011, '2025-06-18 23:00:00+00:00': 13325.18572443047, '2025-06-19 01:00:00+00:00': 13733.95817523546, '2025-06-19 02:00:00+00:00': 15077.84214408836, '2025-06-19 04:00:00+00:00': 13093.414891097136, '2025-06-19 07:00:00+00:00': 12876.032328949766, '2025-06-19 10:00:00+00:00': 13192.071306172636, '2025-06-19 11:00:00+00:00': 12980.647713565151, '2025-06-19 12:00:00+00:00': 15187.30414541889, '2025-06-19 21:00:00+00:00': 12757.850510767948, '2025-06-20 02:00:00+00:00': 12643.502684680992, '2025-06-20 04:00:00+00:00': 13214.352391097136, '2025-06-20 08:00:00+00:00': 11763.76721080331, '2025-06-20 09:00:00+00:00': 11873.372143491866, '2025-06-20 11:00:00+00:00': 12009.40303929488, '2025-06-20 12:00:00+00:00': 11575.224826667583, '2025-06-20 13:00:00+00:00': 12929.663643567712, '2025-06-20 14:00:00+00:00': 11693.950437049054, '2025-06-20 15:00:00+00:00': 12636.26410837224, '2025-06-20 18:00:00+00:00': 12848.76779264584, '2025-06-21 02:00:00+00:00': 12727.258358683575, '2025-06-21 09:00:00+00:00': 12475.950969276551, '2025-06-21 16:00:00+00:00': 13038.870274358142, '2025-06-21 17:00:00+00:00': 12345.103596778816, '2025-06-21 19:00:00+00:00': 14017.309380465871, '2025-06-21 20:00:00+00:00': 13899.127562284053, '2025-06-21 22:00:00+00:00': 14085.080189385471, '2025-06-21 23:00:00+00:00': 13815.068227894213, '2025-06-22 01:00:00+00:00': 14197.983876612921, '2025-06-22 09:00:00+00:00': 13740.290890619812, '2025-06-22 10:00:00+00:00': 14091.175051516277, '2025-06-22 14:00:00+00:00': 15046.233610223779, '2025-06-22 15:00:00+00:00': 14808.621611832288, '2025-06-22 16:00:00+00:00': 14290.969407200142, '2025-06-22 20:00:00+00:00': 15025.55981406232, '2025-06-22 23:00:00+00:00': 14713.170035320461, '2025-06-23 01:00:00+00:00': 14410.728510169649, '2025-06-23 02:00:00+00:00': 14520.20948875325, '2025-06-23 03:00:00+00:00': 14320.519161226948, '2025-06-23 04:00:00+00:00': 14626.50162358471, '2025-06-23 05:00:00+00:00': 14185.15709226143, '2025-06-23 09:00:00+00:00': 13708.745212978223, '2025-06-23 13:00:00+00:00': 14064.623758928097, '2025-06-23 14:00:00+00:00': 13959.227979836773, '2025-06-23 19:00:00+00:00': 13139.78041779868, '2025-06-23 21:00:00+00:00': 13663.10266564574, '2025-06-23 22:00:00+00:00': 13477.024897466326, '2025-06-23 23:00:00+00:00': 13060.633032682743, '2025-06-24 01:00:00+00:00': 12638.078988614709, '2025-06-24 02:00:00+00:00': 12737.655254904965, '2025-06-24 03:00:00+00:00': 12425.844136785849, '2025-06-24 05:00:00+00:00': 12321.56485750657, '2025-06-24 07:00:00+00:00': 12922.855254904965, '2025-06-24 09:00:00+00:00': 12061.774492187928, '2025-06-24 14:00:00+00:00': 12242.765058225663, '2025-06-24 15:00:00+00:00': 12526.835781752037, '2025-06-24 17:00:00+00:00': 11870.107825521261, '2025-06-24 21:00:00+00:00': 11667.752771014375, '2025-06-24 22:00:00+00:00': 11429.544920306525, '2025-06-25 01:00:00+00:00': 11342.782489039646, '2025-06-25 07:00:00+00:00': 11533.824199585804, '2025-06-25 09:00:00+00:00': 11787.006456245548, '2025-06-25 14:00:00+00:00': 11705.250212779762, '2025-06-25 15:00:00+00:00': 11591.296971080696, '2025-06-25 16:00:00+00:00': 11436.579851740371, '2025-06-26 00:00:00+00:00': 11325.746518407037, '2025-06-26 10:00:00+00:00': 11219.996220417235, '2025-06-26 14:00:00+00:00': 11090.873587626122, '2025-06-26 16:00:00+00:00': 10972.644286257739, '2025-06-27 00:00:00+00:00': 10822.034017144657, '2025-06-30 21:00:00+00:00': 10716.50388821821, '2025-07-01 00:00:00+00:00': 10924.116050835799, '2025-07-01 04:00:00+00:00': 10719.692853567854, '2025-07-01 06:00:00+00:00': 11018.259719640331, '2025-07-01 07:00:00+00:00': 11086.129866120675, '2025-07-01 09:00:00+00:00': 11086.162827468623, '2025-07-01 13:00:00+00:00': 11052.000551240273, '2025-07-01 15:00:00+00:00': 11037.541119972951, '2025-07-01 19:00:00+00:00': 10910.09346287551, '2025-07-02 07:00:00+00:00': 10970.653013346466, '2025-07-02 08:00:00+00:00': 11145.462411558208, '2025-07-02 13:00:00+00:00': 11158.580993331174, '2025-07-02 14:00:00+00:00': 11035.84398950748, '2025-07-02 15:00:00+00:00': 11155.186263837955, '2025-07-02 17:00:00+00:00': 11200.684660296, '2025-07-02 18:00:00+00:00': 11280.032839335867, '2025-07-02 19:00:00+00:00': 11247.742390981653, '2025-07-02 20:00:00+00:00': 11248.57576295403, '2025-07-02 21:00:00+00:00': 11320.584242814033, '2025-07-02 22:00:00+00:00': 11166.310710444626, '2025-07-02 23:00:00+00:00': 11309.292892680765, '2025-07-03 04:00:00+00:00': 11311.815508713953, '2025-07-03 05:00:00+00:00': 11313.755192752948, '2025-07-03 07:00:00+00:00': 11311.66413185145, '2025-07-03 10:00:00+00:00': 11248.652189508031, '2025-07-03 13:00:00+00:00': 11248.5859509564, '2025-07-03 14:00:00+00:00': 11256.899290509373, '2025-07-03 16:00:00+00:00': 11502.92296394583, '2025-07-03 19:00:00+00:00': 11244.674120925925, '2025-07-03 20:00:00+00:00': 11476.941486865277, '2025-07-04 02:00:00+00:00': 11445.173271010453, '2025-07-04 08:00:00+00:00': 11502.233456800885, '2025-07-04 13:00:00+00:00': 11648.401140759433, '2025-07-04 14:00:00+00:00': 11645.151222740344, '2025-07-04 20:00:00+00:00': 11446.19469972274, '2025-07-04 22:00:00+00:00': 11692.867007910674, '2025-07-05 00:00:00+00:00': 11755.819245467548, '2025-07-05 05:00:00+00:00': 11310.019611133344, '2025-07-05 23:00:00+00:00': 11477.326847578104, '2025-07-06 05:00:00+00:00': 11652.032718195243, '2025-07-06 13:00:00+00:00': 11752.171792924279, '2025-07-06 14:00:00+00:00': 11708.0290285253, '2025-07-06 18:00:00+00:00': 11706.01113541974, '2025-07-06 21:00:00+00:00': 11620.676547615705, '2025-07-06 22:00:00+00:00': 11575.106895951138, '2025-07-07 02:00:00+00:00': 11653.235304857417, '2025-07-07 04:00:00+00:00': 11636.694686547145, '2025-07-07 06:00:00+00:00': 11710.703275846294, '2025-07-07 07:00:00+00:00': 11717.333695932717, '2025-07-07 13:00:00+00:00': 11761.627384252522, '2025-07-07 14:00:00+00:00': 11705.830260126366, '2025-07-07 18:00:00+00:00': 11874.493961380755, '2025-07-08 03:00:00+00:00': 11879.953190026064, '2025-07-08 10:00:00+00:00': 11892.235819811329, '2025-07-08 14:00:00+00:00': 11592.221062380153, '2025-07-08 16:00:00+00:00': 11957.329224189127, '2025-07-08 17:00:00+00:00': 11889.272064576026, '2025-07-08 18:00:00+00:00': 12003.459129332277, '2025-07-08 21:00:00+00:00': 12002.159674411037, '2025-07-08 22:00:00+00:00': 11640.446868831767, '2025-07-08 23:00:00+00:00': 11621.76454223044, '2025-07-09 04:00:00+00:00': 12052.982299884628, '2025-07-09 05:00:00+00:00': 12043.235731472572, '2025-07-09 10:00:00+00:00': 12038.549989953286, '2025-07-09 12:00:00+00:00': 11894.505447032809, '2025-07-09 15:00:00+00:00': 11846.988749863967, '2025-07-09 17:00:00+00:00': 11886.899779588935, '2025-07-09 19:00:00+00:00': 11852.730311484242, '2025-07-09 20:00:00+00:00': 11900.676414374846, '2025-07-09 21:00:00+00:00': 11983.143852066056, '2025-07-09 22:00:00+00:00': 11910.90179799714, '2025-07-10 00:00:00+00:00': 11843.843704698797, '2025-07-10 01:00:00+00:00': 11980.356420538046, '2025-07-10 03:00:00+00:00': 11972.72804458087, '2025-07-10 10:00:00+00:00': 12003.744190018386, '2025-07-10 13:00:00+00:00': 11992.55763444252, '2025-07-10 14:00:00+00:00': 11915.935057419714, '2025-07-10 15:00:00+00:00': 12019.1147011766, '2025-07-10 17:00:00+00:00': 11949.470243276997, '2025-07-10 18:00:00+00:00': 12141.576786334614, '2025-07-10 19:00:00+00:00': 12175.567676837198, '2025-07-10 22:00:00+00:00': 12446.6154492882, '2025-07-10 23:00:00+00:00': 12250.133592349679, '2025-07-11 01:00:00+00:00': 12495.536235920807, '2025-07-11 07:00:00+00:00': 12501.17092811342, '2025-07-11 09:00:00+00:00': 12499.645697099806, '2025-07-11 10:00:00+00:00': 12505.927691646015, '2025