number,value,params_CONVERGENCE_THRESHOLD,params_FIXED_TRADE_PCT,params_MAX_HOLD_HOURS,params_MAX_POSITION_PCT,params_MIN_DIV,params_STOP_LOSS_PCT,params_TAKE_PROFIT_PCT,params_TRAIL_PCT,state,user_attrs_cooldown_trades_pct,user_attrs_equity_curves,user_attrs_total_trades
40,1.569874197994556,0.01,0.05,48,0.01,0.05,0.1,0.7,0.5,COMPLETE,6.337135614702155,"[{'2025-05-01 00:00:00+00:00': 10000.0, '2025-05-01 02:00:00+00:00': 10114.150048416928, '2025-05-01 08:00:00+00:00': 10114.774133370054, '2025-05-01 12:00:00+00:00': 10135.465718351834, '2025-05-01 15:00:00+00:00': 10150.241591446986, '2025-05-01 17:00:00+00:00': 10186.374864771109, '2025-05-02 04:00:00+00:00': 10215.77134466843, '2025-05-02 07:00:00+00:00': 10218.571885735277, '2025-05-02 15:00:00+00:00': 10235.733623952743, '2025-05-02 20:00:00+00:00': 10236.595847138638, '2025-05-03 07:00:00+00:00': 10204.190573573193, '2025-05-04 10:00:00+00:00': 10166.236025212762, '2025-05-04 23:00:00+00:00': 10137.388894729313, '2025-05-05 00:00:00+00:00': 10091.480761809937, '2025-05-05 02:00:00+00:00': 10057.14417388665, '2025-05-05 04:00:00+00:00': 10090.248084627992, '2025-05-05 12:00:00+00:00': 10052.440654725657, '2025-05-05 15:00:00+00:00': 10049.213849712078, '2025-05-06 12:00:00+00:00': 10015.240000058882, '2025-05-06 13:00:00+00:00': 10052.486799889011, '2025-05-06 17:00:00+00:00': 10219.739731282121, '2025-05-06 23:00:00+00:00': 10168.778683879682, '2025-05-07 00:00:00+00:00': 10391.125478711252, '2025-05-07 02:00:00+00:00': 10676.345410379687, '2025-05-07 06:00:00+00:00': 10747.165907185072, '2025-05-07 17:00:00+00:00': 10750.530773358258, '2025-05-07 18:00:00+00:00': 10690.64576718715, '2025-05-07 20:00:00+00:00': 10675.684356243806, '2025-05-08 09:00:00+00:00': 10845.445991804127, '2025-05-08 19:00:00+00:00': 11477.263364772982, '2025-05-08 22:00:00+00:00': 11527.221797877948, '2025-05-09 00:00:00+00:00': 11532.94334270425, '2025-05-09 05:00:00+00:00': 11577.727894013145, '2025-05-09 08:00:00+00:00': 11555.078246322066, '2025-05-09 09:00:00+00:00': 11751.557281052721, '2025-05-09 16:00:00+00:00': 11729.681981567886, '2025-05-09 18:00:00+00:00': 11741.867614767361, '2025-05-09 21:00:00+00:00': 11742.582039104673, '2025-05-09 22:00:00+00:00': 11727.572018601353, '2025-05-10 07:00:00+00:00': 11779.888066322812, '2025-05-10 08:00:00+00:00': 11784.984826520607, '2025-05-10 10:00:00+00:00': 11784.095091755475, '2025-05-10 22:00:00+00:00': 11780.048567197116, '2025-05-11 00:00:00+00:00': 11813.597600117204, '2025-05-11 01:00:00+00:00': 11860.296093140301, '2025-05-11 06:00:00+00:00': 11844.033360225567, '2025-05-11 16:00:00+00:00': 11861.632166408826, '2025-05-11 17:00:00+00:00': 11872.675858208333, '2025-05-12 12:00:00+00:00': 11861.445017250951, '2025-05-12 16:00:00+00:00': 11923.855565741367, '2025-05-12 22:00:00+00:00': 11905.494466878743, '2025-05-13 00:00:00+00:00': 11950.797978190612, '2025-05-13 06:00:00+00:00': 11958.274598406682, '2025-05-16 08:00:00+00:00': 12008.746183294703, '2025-05-16 22:00:00+00:00': 12013.512315747366, '2025-05-17 02:00:00+00:00': 11965.954306585867, '2025-05-17 22:00:00+00:00': 11964.795238018458, '2025-05-18 11:00:00+00:00': 12002.238554766356, '2025-05-18 17:00:00+00:00': 12295.741279481274, '2025-05-19 09:00:00+00:00': 12310.144837021848, '2025-05-19 17:00:00+00:00': 12725.099596486443, '2025-05-20 02:00:00+00:00': 12727.280905479212, '2025-05-20 05:00:00+00:00': 12661.059511777012, '2025-05-20 08:00:00+00:00': 12705.487616652747, '2025-05-20 14:00:00+00:00': 12725.599053582258, '2025-05-20 18:00:00+00:00': 12835.953068965828, '2025-05-21 05:00:00+00:00': 13455.542206679813, '2025-05-21 07:00:00+00:00': 13456.14126529085, '2025-05-21 15:00:00+00:00': 13714.103711288728, '2025-05-21 17:00:00+00:00': 13144.731395869001, '2025-05-21 18:00:00+00:00': 14679.76230167357, '2025-05-21 21:00:00+00:00': 14746.76230167357, '2025-05-22 00:00:00+00:00': 14915.90960663811, '2025-05-22 01:00:00+00:00': 14980.679721580638, '2025-05-22 04:00:00+00:00': 15079.505094359522, '2025-05-22 09:00:00+00:00': 15075.257306748903, '2025-05-22 20:00:00+00:00': 15110.179950130627, '2025-05-23 05:00:00+00:00': 15066.253670821648, '2025-05-23 07:00:00+00:00': 15077.35315952334, '2025-05-23 22:00:00+00:00': 15325.404661863833, '2025-05-24 02:00:00+00:00': 15319.124177868362, '2025-05-24 08:00:00+00:00': 15336.014226132336, '2025-05-24 16:00:00+00:00': 15333.894238055589, '2025-05-25 01:00:00+00:00': 15354.612599690983, '2025-05-26 01:00:00+00:00': 15601.75545683384, '2025-05-26 09:00:00+00:00': 15604.344187857027, '2025-05-26 16:00:00+00:00': 15628.41793523061, '2025-05-26 22:00:00+00:00': 15616.660984477934, '2025-05-27 04:00:00+00:00': 15615.00110175648, '2025-05-31 02:00:00+00:00': 15564.192705357007, '2025-05-31 03:00:00+00:00': 16637.645354888115, '2025-05-31 05:00:00+00:00': 15906.371969878128, '2025-05-31 06:00:00+00:00': 17536.623043411746, '2025-05-31 07:00:00+00:00': 16986.67683996782, '2025-05-31 09:00:00+00:00': 18065.811956032085, '2025-05-31 10:00:00+00:00': 18042.38533933182, '2025-05-31 11:00:00+00:00': 17275.20308132255, '2025-05-31 12:00:00+00:00': 17952.413676923654, '2025-05-31 16:00:00+00:00': 15553.007482570922, '2025-05-31 17:00:00+00:00': 17775.24076702441, '2025-06-01 23:00:00+00:00': 15529.03416877164, '2025-06-02 00:00:00+00:00': 15572.062227078484, '2025-06-02 03:00:00+00:00': 17029.937262259224, '2025-06-02 07:00:00+00:00': 18154.792341132732, '2025-06-02 08:00:00+00:00': 18121.567613742478, '2025-06-02 10:00:00+00:00': 17528.947944235617, '2025-06-02 11:00:00+00:00': 17375.42779227592, '2025-06-02 12:00:00+00:00': 17259.07607146341, '2025-06-02 14:00:00+00:00': 17885.654620830843, '2025-06-02 16:00:00+00:00': 17208.238791551124, '2025-06-02 17:00:00+00:00': 17449.95510173116, '2025-06-02 18:00:00+00:00': 17863.520636881476, '2025-06-02 23:00:00+00:00': 17705.339028893322, '2025-06-03 00:00:00+00:00': 17751.270879607637, '2025-06-03 02:00:00+00:00': 17358.942177580135, '2025-06-03 03:00:00+00:00': 17284.649792254233, '2025-06-03 04:00:00+00:00': 17106.632909533226, '2025-06-03 11:00:00+00:00': 17030.63794530704, '2025-06-03 12:00:00+00:00': 17272.066110699183, '2025-06-03 15:00:00+00:00': 17035.031646670755, '2025-06-03 16:00:00+00:00': 16957.269084882857, '2025-06-03 22:00:00+00:00': 17017.245154431184, '2025-06-04 05:00:00+00:00': 16738.871373356753, '2025-06-04 09:00:00+00:00': 17533.47087906985, '2025-06-04 11:00:00+00:00': 17885.14991592049, '2025-06-04 16:00:00+00:00': 16272.161951125967, '2025-06-04 21:00:00+00:00': 16433.295006229786, '2025-06-05 00:00:00+00:00': 16357.488390907907, '2025-06-05 01:00:00+00:00': 17352.510489911365, '2025-06-05 02:00:00+00:00': 17276.989134044383, '2025-06-05 06:00:00+00:00': 16266.153492105064, '2025-06-05 16:00:00+00:00': 17432.519460034873, '2025-06-05 17:00:00+00:00': 17731.10238093563, '2025-06-05 20:00:00+00:00': 17762.752468019957, '2025-06-05 21:00:00+00:00': 17589.006487259117, '2025-06-05 22:00:00+00:00': 18104.052768915153, '2025-06-06 00:00:00+00:00': 17509.641191193215, '2025-06-06 02:00:00+00:00': 18929.013169404112, '2025-06-06 03:00:00+00:00': 17444.98017099683, '2025-06-06 04:00:00+00:00': 18720.47868311017, '2025-06-06 05:00:00+00:00': 18655.25315493332, '2025-06-06 09:00:00+00:00': 18336.72344058231, '2025-06-06 10:00:00+00:00': 18414.505459616707, '2025-06-06 11:00:00+00:00': 18198.21181798728, '2025-06-06 14:00:00+00:00': 17975.382495033336, '2025-06-06 15:00:00+00:00': 17838.606231305817, '2025-06-06 18:00:00+00:00': 17536.472828199832, '2025-06-07 02:00:00+00:00': 17393.89687231182, '2025-06-07 07:00:00+00:00': 17375.0974269406, '2025-06-07 14:00:00+00:00': 17701.38145590762, '2025-06-07 21:00:00+00:00': 17459.124169394396, '2025-06-07 22:00:00+00:00': 18712.83519911495, '2025-06-07 23:00:00+00:00': 17606.428523792005, '2025-06-08 10:00:00+00:00': 17112.12027083631, '2025-06-08 13:00:00+00:00': 17219.726242354627, '2025-06-08 14:00:00+00:00': 17194.682607661347, '2025-06-08 16:00:00+00:00': 17782.180261176112, '2025-06-08 17:00:00+00:00': 17306.810143669067, '2025-06-08 22:00:00+00:00': 17270.860363831314, '2025-06-09 03:00:00+00:00': 16967.013790710622, '2025-06-09 06:00:00+00:00': 17279.562470994024, '2025-06-09 10:00:00+00:00': 16848.30579913657, '2025-06-09 11:00:00+00:00': 16986.764966299063, '2025-06-09 12:00:00+00:00': 17691.309947845428, '2025-06-09 13:00:00+00:00': 17578.95946554573, '2025-06-09 15:00:00+00:00': 17339.86680727058, '2025-06-09 18:00:00+00:00': 17245.955417289162, '2025-06-09 19:00:00+00:00': 17412.17691731569, '2025-06-09 22:00:00+00:00': 16758.49032803839, '2025-06-09 23:00:00+00:00': 17163.937983044616, '2025-06-10 00:00:00+00:00': 17374.850932532485, '2025-06-10 01:00:00+00:00': 16583.58683098288, '2025-06-10 02:00:00+00:00': 16582.03340976025, '2025-06-10 09:00:00+00:00': 16598.390637170876, '2025-06-10 12:00:00+00:00': 16560.018851008157, '2025-06-10 15:00:00+00:00': 16863.824456761507, '2025-06-10 23:00:00+00:00': 16933.97090976025, '2025-06-11 05:00:00+00:00': 16754.218329461077, '2025-06-11 09:00:00+00:00': 16040.684001028552, '2025-06-11 15:00:00+00:00': 16147.478249381204, '2025-06-11 16:00:00+00:00': 16614.988995397503, '2025-06-11 19:00:00+00:00': 16525.601240295462, '2025-06-11 20:00:00+00:00': 15900.683948217877, '2025-06-11 22:00:00+00:00': 17476.498250262237, '2025-06-11 23:00:00+00:00': 16496.14491604787, '2025-06-12 01:00:00+00:00': 17831.396730809716, '2025-06-12 05:00:00+00:00': 17742.41024432323, '2025-06-12 06:00:00+00:00': 17920.692786632695, '2025-06-12 07:00:00+00:00': 17708.187701994953, '2025-06-12 08:00:00+00:00': 17838.462017401926, '2025-06-12 11:00:00+00:00': 17382.039951924864, '2025-06-12 12:00:00+00:00': 17547.09254435467, '2025-06-12 13:00:00+00:00': 17760.740108973343, '2025-06-12 20:00:00+00:00': 17447.806830068956, '2025-06-12 21:00:00+00:00': 17007.134865336946, '2025-06-12 22:00:00+00:00': 17579.666294638006, '2025-06-13 01:00:00+00:00': 17016.302669816658, '2025-06-13 02:00:00+00:00': 17519.599178164157, '2025-06-13 03:00:00+00:00': 17267.51125272461, '2025-06-13 04:00:00+00:00': 16737.067788505425, '2025-06-13 08:00:00+00:00': 16787.366529152652, '2025-06-13 12:00:00+00:00': 16647.98233123406, '2025-06-13 14:00:00+00:00': 16477.184917440954, '2025-06-13 17:00:00+00:00': 16081.25662864111, '2025-06-14 00:00:00+00:00': 15995.828057212539, '2025-06-14 01:00:00+00:00': 15932.53350665456, '2025-06-14 11:00:00+00:00': 17197.50447505466, '2025-06-14 17:00:00+00:00': 16984.749825437186, '2025-06-14 22:00:00+00:00': 17165.93229944629, '2025-06-15 02:00:00+00:00': 17275.547507993128, '2025-06-15 04:00:00+00:00': 16728.154745027165, '2025-06-15 10:00:00+00:00': 15962.324884514528, '2025-06-15 17:00:00+00:00': 15864.114225884747, '2025-06-15 18:00:00+00:00': 16025.942085634628, '2025-06-16 01:00:00+00:00': 15807.413015826742, '2025-06-16 02:00:00+00:00': 15784.927535982208, '2025-06-16 03:00:00+00:00': 15861.977153156578, '2025-06-16 05:00:00+00:00': 15787.741786659124, '2025-06-16 06:00:00+00:00': 15507.97390060838, '2025-06-16 08:00:00+00:00': 14848.457803674199, '2025-06-16 10:00:00+00:00': 15385.38299151747, '2025-06-16 12:00:00+00:00': 15862.67418498967, '2025-06-16 14:00:00+00:00': 14917.804902911437, '2025-06-16 15:00:00+00:00': 14709.189307327313, '2025-06-16 18:00:00+00:00': 16096.26114151141, '2025-06-16 19:00:00+00:00': 14872.286258827056, '2025-06-16 20:00:00+00:00': 14609.615513075676, '2025-06-16 21:00:00+00:00': 14690.38544257332, '2025-06-16 23:00:00+00:00': 14914.539511001467, '2025-06-17 00:00:00+00:00': 15665.020038486307, '2025-06-17 01:00:00+00:00': 15417.43576446739, '2025-06-17 05:00:00+00:00': 16073.783217847862, '2025-06-17 07:00:00+00:00': 15597.20664882339, '2025-06-17 08:00:00+00:00': 14628.45955001744, '2025-06-17 10:00:00+00:00': 15260.793104861983, '2025-06-17 11:00:00+00:00': 15207.76659141529, '2025-06-17 12:00:00+00:00': 15754.581441995078, '2025-06-17 13:00:00+00:00': 15067.01608536319, '2025-06-17 14:00:00+00:00': 15125.602274704974, '2025-06-17 15:00:00+00:00': 15499.30664882339, '2025-06-17 16:00:00+00:00': 14404.214304880325, '2025-06-17 17:00:00+00:00': 13905.40394332673, '2025-06-17 20:00:00+00:00': 13819.44240486519, '2025-06-18 05:00:00+00:00': 13185.35955285585, '2025-06-18 13:00:00+00:00': 13583.509218648926, '2025-06-18 18:00:00+00:00': 13750.014269217761, '2025-06-18 19:00:00+00:00': 12863.153523116944, '2025-06-18 23:00:00+00:00': 15004.570775896356, '2025-06-19 04:00:00+00:00': 12933.549615602893, '2025-06-19 07:00:00+00:00': 12754.484716934006, '2025-06-19 08:00:00+00:00': 13028.216282269559, '2025-06-19 10:00:00+00:00': 14616.652641737266, '2025-06-19 11:00:00+00:00': 13409.63049656456, '2025-06-19 13:00:00+00:00': 14851.763095527847, '2025-06-19 16:00:00+00:00': 13490.928573487636, '2025-06-19 18:00:00+00:00': 13097.15955285585, '2025-06-19 21:00:00+00:00': 12638.093815214139, '2025-06-19 23:00:00+00:00': 12858.824636883457, '2025-06-20 02:00:00+00:00': 12212.672639229502, '2025-06-20 05:00:00+00:00': 12308.809002865866, '2025-06-20 08:00:00+00:00': 11671.486350378087, '2025-06-20 09:00:00+00:00': 11495.108455498565, '2025-06-20 10:00:00+00:00': 12460.468299800244, '2025-06-20 11:00:00+00:00': 12402.971537376663, '2025-06-20 12:00:00+00:00': 12154.284076292486, '2025-06-20 13:00:00+00:00': 12516.530826536651, '2025-06-20 14:00:00+00:00': 12586.655677266308, '2025-06-20 15:00:00+00:00': 12448.536121199786, '2025-06-20 17:00:00+00:00': 11582.167279027977, '2025-06-20 18:00:00+00:00': 12788.467614282492, '2025-06-20 21:00:00+00:00': 12403.655519432421, '2025-06-20 23:00:00+00:00': 12309.520623870134, '2025-06-21 01:00:00+00:00': 12564.97075893658, '2025-06-21 02:00:00+00:00': 12471.658982892957, '2025-06-21 08:00:00+00:00': 12396.084864666373, '2025-06-21 09:00:00+00:00': 12459.911235127058, '2025-06-21 10:00:00+00:00': 12240.76331360162, '2025-06-21 16:00:00+00:00': 12181.90033235038, '2025-06-21 19:00:00+00:00': 13847.16198356747, '2025-06-21 20:00:00+00:00': 12320.408982892957, '2025-06-21 22:00:00+00:00': 13911.472041790557, '2025-06-21 23:00:00+00:00': 13767.395181680571, '2025-06-22 00:00:00+00:00': 13508.863393521497, '2025-06-22 01:00:00+00:00': 13803.985442234596, '2025-06-22 08:00:00+00:00': 13739.979836174676, '2025-06-22 10:00:00+00:00': 14689.64245728326, '2025-06-22 14:00:00+00:00': 14674.125551000576, '2025-06-22 15:00:00+00:00': 14457.257791237642, '2025-06-22 23:00:00+00:00': 14372.83135732243, '2025-06-23 00:00:00+00:00': 14610.053589696385, '2025-06-23 01:00:00+00:00': 14088.450299258078, '2025-06-23 02:00:00+00:00': 13962.07032160674, '2025-06-23 03:00:00+00:00': 14023.764681512168, '2025-06-23 04:00:00+00:00': 13881.897907813636, '2025-06-23 05:00:00+00:00': 13580.489127969564, '2025-06-23 06:00:00+00:00': 13672.046820277255, '2025-06-23 07:00:00+00:00': 13802.783983763004, '2025-06-23 09:00:00+00:00': 13298.018661873442, '2025-06-23 13:00:00+00:00': 13199.708802718513, '2025-06-23 14:00:00+00:00': 12954.517755021589, '2025-06-23 19:00:00+00:00': 12619.539301327392, '2025-06-23 21:00:00+00:00': 12806.966210716046, '2025-06-23 22:00:00+00:00': 13059.97977003808, '2025-06-23 23:00:00+00:00': 12511.23792260681, '2025-06-24 01:00:00+00:00': 12420.225865680419, '2025-06-24 02:00:00+00:00': 12088.754359591456, '2025-06-24 03:00:00+00:00': 11996.448655800952, '2025-06-24 04:00:00+00:00': 11753.075950185716, '2025-06-24 07:00:00+00:00': 11844.247121356886, '2025-06-24 08:00:00+00:00': 11601.096925886819, '2025-06-24 14:00:00+00:00': 11681.427114566064, '2025-06-24 15:00:00+00:00': 11934.872121356886, '2025-06-24 17:00:00+00:00': 11287.646400969767, '2025-06-24 20:00:00+00:00': 11105.928254251621, '2025-06-24 21:00:00+00:00': 11035.424720706487, '2025-06-25 01:00:00+00:00': 10956.778217549012, '2025-06-25 04:00:00+00:00': 11188.360686684053, '2025-06-25 06:00:00+00:00': 11352.178268734793, '2025-06-25 12:00:00+00:00': 10845.944884215678, '2025-06-25 14:00:00+00:00': 11234.181611351929, '2025-06-25 15:00:00+00:00': 11131.360550014775, '2025-06-25 16:00:00+00:00': 10991.757865787411, '2025-06-26 00:00:00+00:00': 10880.924532454077, '2025-06-26 06:00:00+00:00': 10822.577246669955, '2025-06-26 10:00:00+00:00': 10760.371724596966, '2025-06-26 13:00:00+00:00': 10698.37869704784, '2025-06-26 14:00:00+00:00': 10616.89302423931, '2025-06-26 16:00:00+00:00': 10511.189159947075, '2025-06-27 00:00:00+00:00': 10376.534829226284, '2025-07-01 00:00:00+00:00': 10328.318872472373, '2025-07-01 07:00:00+00:00': 10453.368044482928, '2025-07-01 09:00:00+00:00': 10314.296284512084, '2025-07-01 10:00:00+00:00': 10453.400802797763, '2025-07-01 11:00:00+00:00': 10264.71913155884, '2025-07-01 13:00:00+00:00': 10448.60196290032, '2025-07-01 15:00:00+00:00': 10388.915396537042, '2025-07-01 19:00:00+00:00': 10414.201058601579, '2025-07-02 06:00:00+00:00': 10326.414211643587, '2025-07-02 08:00:00+00:00': 10476.139454157847, '2025-07-02 09:00:00+00:00': 10532.197193279693, '2025-07-02 13:00:00+00:00': 10545.323011562306, '2025-07-02 15:00:00+00:00': 10380.582689503339, '2025-07-02 17:00:00+00:00': 10566.004268490897, '2025-07-02 21:00:00+00:00': 10600.972304602998, '2025-07-02 23:00:00+00:00': 10462.44206058165, '2025-07-03 02:00:00+00:00': 10533.587172382715, '2025-07-03 04:00:00+00:00': 10641.187413004152, '2025-07-03 05:00:00+00:00': 10659.318886800997, '2025-07-03 07:00:00+00:00': 10630.089628476695, '2025-07-03 10:00:00+00:00': 10577.085702410193, '2025-07-03 13:00:00+00:00': 10642.995348666454, '2025-07-03 14:00:00+00:00': 10577.022509031527, '2025-07-03 16:00:00+00:00': 10778.30438994696, '2025-07-03 20:00:00+00:00': 10753.995211484174, '2025-07-04 08:00:00+00:00': 10782.263599542983, '2025-07-04 13:00:00+00:00': 10773.09253486599, '2025-07-04 15:00:00+00:00': 10912.384895038129, '2025-07-04 16:00:00+00:00': 10716.807948870412, '2025-07-04 18:00:00+00:00': 10605.883178847389, '2025-07-05 05:00:00+00:00': 10628.520711012427, '2025-07-05 23:00:00+00:00': 10751.468696174556, '2025-07-06 05:00:00+00:00': 10919.137745756141, '2025-07-06 13:00:00+00:00': 10812.318736041621, '2025-07-06 14:00:00+00:00': 10848.12650002866, '2025-07-06 17:00:00+00:00': 10859.151567298059, '2025-07-06 18:00:00+00:00': 10821.581371148783, '2025-07-06 21:00:00+00:00': 10797.883969506132, '2025-07-06 22:00:00+00:00': 10753.255010192875, '2025-07-07 02:00:00+00:00': 10814.94952182163, '2025-07-07 06:00:00+00:00': 10824.191272951331, '2025-07-07 07:00:00+00:00': 10814.19849370052, '2025-07-07 13:00:00+00:00': 10857.574090863714, '2025-07-07 14:00:00+00:00': 10802.933493731982, '2025-07-08 03:00:00+00:00': 10855.545090779307, '2025-07-08 06:00:00+00:00': 10804.281706213193, '2025-07-08 10:00:00+00:00': 10899.97952639913, '2025-07-08 16:00:00+00:00': 10968.843514594764, '2025-07-08 18:00:00+00:00': 10987.61234757006, '2025-07-08 19:00:00+00:00': 10785.46318967208, '2025-07-08 20:00:00+00:00': 10802.425325507704, '2025-07-08 21:00:00+00:00': 10884.622827366926, '2025-07-08 23:00:00+00:00': 10784.129020511016, '2025-07-09 04:00:00+00:00': 10943.12448397532, '2025-07-09 05:00:00+00:00': 10932.292478204028, '2025-07-09 11:00:00+00:00': 10898.754562861717, '2025-07-09 12:00:00+00:00': 10910.515992577331, '2025-07-09 17:00:00+00:00': 10917.632425967673, '2025-07-09 19:00:00+00:00': 10937.053919231726, '2025-07-09 20:00:00+00:00': 10853.81673458084, '2025-07-09 21:00:00+00:00': 10886.738526012115, '2025-07-09 22:00:00+00:00': 10877.287317717355, '2025-07-10 00:00:00+00:00': 10850.890713053093, '2025-07-10 01:00:00+00:00': 10930.116676944777, '2025-07-10 13:00:00+00:00': 10965.130660543817, '2025-07-10 14:00:00+00:00': 10887.23725565707, '2025-07-10 17:00:00+00:00': 10949.939923097056, '2025-07-10 18:00:00+00:00': 11070.359721163288, '2025-07-10 22:00:00+00:00': 11157.063485022396, '2025-07-10 23:00:00+00:00': 11153.539731319752, '2025-07-11 03:00:00+00:00': 11148.002266933885, '2025-07-11 05:00:00+00:00': 11143.942691867118, '2025-07-11 09:00:00+00:00': 11155.744556327101, '2025-07-11 10:00:00+00:00': 11152.491890413157, '2025-07-11 12:00:00+00:00': 11161.67375377786, '2025-07-11 17:00:00+00:00': 11164.187221073535, '2025-07-11 18:00:00+00:00': 11112.569067893632, '2025-07-11 23:00:00+00:00': 11143.640106045968, '2025-07-12 01:00:00+00:00': 11206.274759435784, '2025-07-12 08:00:00+00:00': 11189.854133008757, '2025-07-12 09:00:00+00:00': 11188.105818427412, '2025-07-12 16:00:00+00:00': 11311.321572008068, '2025-07-12 17:00:00+00:00': 11251.087886471576, '2025-07-12 21:00:00+00:00': 11331.430816350425, '2025-07-12 22:00:00+00:00': 11300.141245752064, '2025-07-13 03:00:00+00:00': 11183.516387277323, '2025-07-13 04:00:00+00:00': 11304.882358087236, '2025-07-13 07:00:00+00:00': 11144.51822607304, '2025-07-13 11:00:00+00:00': 11279.399463304597, '2025-07-13 14:00:00+00:00': 11021.826248837344, '2025-07-13 17:00:00+00:00': 11100.024537301633, '2025-07-13 18:00:00+00:00': 11241.876471891368, '2025-07-14 00:00:00+00:00': 11133.49702122146, '2025-07-14 03:00:00+00:00': 11245.288177362405, '2025-07-14 04:00:00+00:00': 11016.721198430716, '2025-07-14 05:00:00+00:00': 11135.505811742303, '2025-07-14 07:00:00+00:00': 11274.031412845217, '2025-07-14 13:00:00+00:00': 11016.30770743057, '2025-07-14 15:00:00+00:00': 11459.252627670472, '2025-07-14 16:00:00+00:00': 11570.125680932088, '2025-07-15 02:00:00+00:00': 12080.102679525875, '2025-07-15 04:00:00+00:00': 12117.881171146808, '2025-07-15 08:00:00+00:00': 11574.923292030631, '2025-07-15 12:00:00+00:00': 12034.042670649416, '2025-07-15 15:00:00+00:00': 11129.619609500227, '2025-07-15 18:00:00+00:00': 11935.811931574448, '2025-07-15 20:00:00+00:00': 12049.031350355941, '2025-07-15 23:00:00+00:00': 11819.80522335383, '2025-07-16 00:00:00+00:00': 11863.466724295404, '2025-07-16 07:00:00+00:00': 11828.701322360826, '2025-07-16 10:00:00+00:00': 12039.218491302954, '2025-07-16 13:00:00+00:00': 11725.66546846794, '2025-07-16 15:00:00+00:00': 11829.31226560735, '2025-07-16 18:00:00+00:00': 11660.953726124635, '2025-07-16 19:00:00+00:00': 11560.0691107400