number,value,params_CONVERGENCE_THRESHOLD,params_FIXED_TRADE_PCT,params_MAX_HOLD_HOURS,params_MAX_POSITION_PCT,params_MIN_DIV,params_STOP_LOSS_PCT,params_TAKE_PROFIT_PCT,params_TRAIL_PCT,state,user_attrs_cooldown_trades_pct,user_attrs_equity_curves,user_attrs_total_trades
49,16.82915585872045,0.02,0.06,72,0.01,0.05,0.2,0.7,0.5,COMPLETE,3.52760736196319,"[{'2025-05-01 00:00:00+00:00': 10000.0, '2025-05-01 02:00:00+00:00': 10096.82250483897, '2025-05-01 06:00:00+00:00': 10068.855305259847, '2025-05-01 07:00:00+00:00': 10097.614884646919, '2025-05-01 11:00:00+00:00': 10216.741514577245, '2025-05-01 13:00:00+00:00': 10108.478452569294, '2025-05-01 15:00:00+00:00': 10233.46344078313, '2025-05-01 16:00:00+00:00': 10277.393333736289, '2025-05-01 17:00:00+00:00': 10304.579103606957, '2025-05-02 01:00:00+00:00': 10298.11406285564, '2025-05-02 13:00:00+00:00': 10204.565182054264, '2025-05-02 15:00:00+00:00': 10296.731177339456, '2025-05-02 16:00:00+00:00': 10276.707628434619, '2025-05-02 19:00:00+00:00': 10283.936143403931, '2025-05-02 20:00:00+00:00': 10307.743516888246, '2025-05-03 10:00:00+00:00': 10274.934241816869, '2025-05-04 01:00:00+00:00': 10239.0884730979, '2025-05-05 01:00:00+00:00': 10214.2931019311, '2025-05-05 02:00:00+00:00': 10232.13855741945, '2025-05-05 03:00:00+00:00': 10230.246667775958, '2025-05-05 10:00:00+00:00': 10232.377650421464, '2025-05-05 12:00:00+00:00': 10236.41084879444, '2025-05-05 19:00:00+00:00': 10277.157467870262, '2025-05-06 13:00:00+00:00': 10550.01901142913, '2025-05-06 16:00:00+00:00': 10619.982511090515, '2025-05-06 17:00:00+00:00': 10618.067086520654, '2025-05-06 20:00:00+00:00': 10638.300354493069, '2025-05-06 23:00:00+00:00': 10576.548918360084, '2025-05-07 00:00:00+00:00': 10584.271548426124, '2025-05-07 01:00:00+00:00': 10759.096094660916, '2025-05-07 02:00:00+00:00': 10928.801977013856, '2025-05-07 04:00:00+00:00': 10986.64502047231, '2025-05-07 17:00:00+00:00': 11168.951992859966, '2025-05-07 18:00:00+00:00': 11187.604982747813, '2025-05-07 20:00:00+00:00': 11310.753391296215, '2025-05-07 23:00:00+00:00': 11314.219709026078, '2025-05-08 04:00:00+00:00': 11422.8223407451, '2025-05-08 11:00:00+00:00': 11303.686004812957, '2025-05-08 16:00:00+00:00': 11164.624183851045, '2025-05-08 17:00:00+00:00': 11737.651997030935, '2025-05-08 21:00:00+00:00': 11922.428389179897, '2025-05-08 22:00:00+00:00': 11792.173829839827, '2025-05-09 00:00:00+00:00': 11919.641362307359, '2025-05-09 03:00:00+00:00': 11995.629721455864, '2025-05-09 08:00:00+00:00': 11950.572930232313, '2025-05-09 09:00:00+00:00': 12211.680626929432, '2025-05-09 14:00:00+00:00': 12223.108957202841, '2025-05-09 19:00:00+00:00': 12208.386652845162, '2025-05-09 21:00:00+00:00': 12226.885451365315, '2025-05-10 07:00:00+00:00': 12262.236546046792, '2025-05-10 08:00:00+00:00': 12261.163329293633, '2025-05-10 22:00:00+00:00': 12256.073152844174, '2025-05-11 00:00:00+00:00': 12373.144215247668, '2025-05-11 01:00:00+00:00': 12335.153561042061, '2025-05-12 16:00:00+00:00': 12476.712158965347, '2025-05-13 06:00:00+00:00': 12559.62955072966, '2025-05-14 08:00:00+00:00': 12510.13860039329, '2025-05-15 01:00:00+00:00': 12504.329323616617, '2025-05-16 03:00:00+00:00': 12621.938019268791, '2025-05-16 07:00:00+00:00': 12718.433533776577, '2025-05-16 11:00:00+00:00': 12757.779419319859, '2025-05-16 17:00:00+00:00': 12788.913203239921, '2025-05-17 05:00:00+00:00': 12804.06447891589, '2025-05-17 18:00:00+00:00': 12820.57250098538, '2025-05-18 11:00:00+00:00': 12868.71822324748, '2025-05-18 16:00:00+00:00': 13140.123758118085, '2025-05-18 17:00:00+00:00': 13231.95683637254, '2025-05-19 00:00:00+00:00': 13451.010890426594, '2025-05-19 01:00:00+00:00': 13241.359052235732, '2025-05-19 04:00:00+00:00': 13496.463939864323, '2025-05-19 08:00:00+00:00': 13539.948788349171, '2025-05-19 17:00:00+00:00': 13981.556522022514, '2025-05-19 20:00:00+00:00': 13998.963432318753, '2025-05-20 02:00:00+00:00': 14105.193731071988, '2025-05-20 05:00:00+00:00': 14127.848663287506, '2025-05-20 06:00:00+00:00': 14068.450611805933, '2025-05-20 08:00:00+00:00': 14188.875069819867, '2025-05-20 18:00:00+00:00': 14537.278211713017, '2025-05-20 20:00:00+00:00': 14387.13535457016, '2025-05-21 05:00:00+00:00': 14848.089022523829, '2025-05-21 07:00:00+00:00': 14838.759722497807, '2025-05-21 15:00:00+00:00': 15149.291637391425, '2025-05-21 18:00:00+00:00': 15130.95822362625, '2025-05-21 21:00:00+00:00': 15197.95822362625, '2025-05-22 00:00:00+00:00': 15252.155105979191, '2025-05-22 01:00:00+00:00': 15316.92522092172, '2025-05-23 07:00:00+00:00': 15505.8108071034, '2025-05-23 22:00:00+00:00': 15811.931354258992, '2025-05-24 00:00:00+00:00': 15807.298249453, '2025-05-24 08:00:00+00:00': 15828.21218896466, '2025-05-24 16:00:00+00:00': 15825.586555945125, '2025-05-24 23:00:00+00:00': 15827.682144180419, '2025-05-25 23:00:00+00:00': 16055.029082955929, '2025-05-26 09:00:00+00:00': 16058.225811835333, '2025-05-26 16:00:00+00:00': 16087.954584808405, '2025-05-26 21:00:00+00:00': 16105.659502841192, '2025-05-27 02:00:00+00:00': 16128.761692622214, '2025-05-27 15:00:00+00:00': 16121.976377741676, '2025-05-28 17:00:00+00:00': 16283.262640442623, '2025-05-28 20:00:00+00:00': 16268.802713718163, '2025-05-29 06:00:00+00:00': 16250.934753496107, '2025-05-29 18:00:00+00:00': 16256.86761496046, '2025-05-31 03:00:00+00:00': 17163.22237947274, '2025-05-31 04:00:00+00:00': 17406.84231895042, '2025-05-31 05:00:00+00:00': 17573.893129646644, '2025-05-31 06:00:00+00:00': 17442.69790393714, '2025-05-31 09:00:00+00:00': 18652.967269275654, '2025-05-31 11:00:00+00:00': 18057.284207514178, '2025-05-31 12:00:00+00:00': 18538.973567521727, '2025-05-31 16:00:00+00:00': 18642.081294455922, '2025-05-31 17:00:00+00:00': 18325.122119102292, '2025-06-01 14:00:00+00:00': 18547.238046476734, '2025-06-02 09:00:00+00:00': 18600.99558848573, '2025-06-02 12:00:00+00:00': 16097.322600938813, '2025-06-02 14:00:00+00:00': 18528.235564900508, '2025-06-02 23:00:00+00:00': 15965.75552776808, '2025-06-03 00:00:00+00:00': 15990.402754874047, '2025-06-03 02:00:00+00:00': 18533.72721036567, '2025-06-03 03:00:00+00:00': 18595.469301955498, '2025-06-03 07:00:00+00:00': 18394.371473306583, '2025-06-03 13:00:00+00:00': 18711.238046476734, '2025-06-03 15:00:00+00:00': 18535.742971709242, '2025-06-03 23:00:00+00:00': 19073.550747202073, '2025-06-04 04:00:00+00:00': 18506.026301662678, '2025-06-04 05:00:00+00:00': 19079.417141457525, '2025-06-04 07:00:00+00:00': 18379.026301662678, '2025-06-04 16:00:00+00:00': 19442.340186702448, '2025-06-05 05:00:00+00:00': 20204.28292480306, '2025-06-05 10:00:00+00:00': 18617.497859982475, '2025-06-05 13:00:00+00:00': 19082.623352114177, '2025-06-05 16:00:00+00:00': 19921.81155445329, '2025-06-05 17:00:00+00:00': 18296.0313066921, '2025-06-05 18:00:00+00:00': 19782.68655445329, '2025-06-05 19:00:00+00:00': 19283.46223043576, '2025-06-05 20:00:00+00:00': 18540.869513809554, '2025-06-05 21:00:00+00:00': 19120.74193290123, '2025-06-06 00:00:00+00:00': 18713.4569400954, '2025-06-06 02:00:00+00:00': 20285.268821609057, '2025-06-06 04:00:00+00:00': 19718.43900769592, '2025-06-06 09:00:00+00:00': 20043.965251448717, '2025-06-06 10:00:00+00:00': 19865.507973213163, '2025-06-06 11:00:00+00:00': 19572.78862749578, '2025-06-06 15:00:00+00:00': 19707.65349236064, '2025-06-06 16:00:00+00:00': 18553.16193274708, '2025-06-06 23:00:00+00:00': 19195.5541085436, '2025-06-07 14:00:00+00:00': 20383.18836457793, '2025-06-07 16:00:00+00:00': 19316.142032959007, '2025-06-07 21:00:00+00:00': 19067.0384835436, '2025-06-07 22:00:00+00:00': 19998.801963306953, '2025-06-08 13:00:00+00:00': 19903.737978721445, '2025-06-08 21:00:00+00:00': 19084.692292306416, '2025-06-08 22:00:00+00:00': 19080.65788904058, '2025-06-09 04:00:00+00:00': 19285.51606097104, '2025-06-09 06:00:00+00:00': 19154.690787869655, '2025-06-09 11:00:00+00:00': 19277.276021226025, '2025-06-09 12:00:00+00:00': 19095.898123658313, '2025-06-09 13:00:00+00:00': 19771.07934968472, '2025-06-09 15:00:00+00:00': 18950.404494486524, '2025-06-09 16:00:00+00:00': 18976.20680791831, '2025-06-09 22:00:00+00:00': 18819.828740639918, '2025-06-09 23:00:00+00:00': 19300.424875705787, '2025-06-10 01:00:00+00:00': 19439.941004738044, '2025-06-10 12:00:00+00:00': 18705.23349214626, '2025-06-10 17:00:00+00:00': 18906.241088971234, '2025-06-10 23:00:00+00:00': 19239.508174269504, '2025-06-11 00:00:00+00:00': 18996.750346078847, '2025-06-11 05:00:00+00:00': 19134.693540391465, '2025-06-11 15:00:00+00:00': 18374.027999169102, '2025-06-11 16:00:00+00:00': 18768.463311193456, '2025-06-11 17:00:00+00:00': 18275.062603176222, '2025-06-11 19:00:00+00:00': 18762.47706867105, '2025-06-11 21:00:00+00:00': 19933.687259715458, '2025-06-12 04:00:00+00:00': 18233.62149510406, '2025-06-12 06:00:00+00:00': 19953.378229749982, '2025-06-12 08:00:00+00:00': 18511.80577694688, '2025-06-12 20:00:00+00:00': 19515.040926486257, '2025-06-12 21:00:00+00:00': 19583.129926586793, '2025-06-12 23:00:00+00:00': 19225.00754012906, '2025-06-13 01:00:00+00:00': 19869.850978518887, '2025-06-13 02:00:00+00:00': 20235.50887325573, '2025-06-13 03:00:00+00:00': 19881.763348964647, '2025-06-13 08:00:00+00:00': 19794.264033858577, '2025-06-13 12:00:00+00:00': 19557.804596368176, '2025-06-13 13:00:00+00:00': 19661.072544496874, '2025-06-13 16:00:00+00:00': 19965.814414947465, '2025-06-14 00:00:00+00:00': 19297.44394063047, '2025-06-14 01:00:00+00:00': 19827.72870066175, '2025-06-14 19:00:00+00:00': 20126.54697480231, '2025-06-16 00:00:00+00:00': 20258.652237960203, '2025-06-16 02:00:00+00:00': 19922.669830960025, '2025-06-16 03:00:00+00:00': 18982.676095862626, '2025-06-16 05:00:00+00:00': 18546.028197796433, '2025-06-16 06:00:00+00:00': 19130.6490688356, '2025-06-16 08:00:00+00:00': 18070.690857868394, '2025-06-16 14:00:00+00:00': 17929.545024535062, '2025-06-16 15:00:00+00:00': 17773.9665740787, '2025-06-16 17:00:00+00:00': 17609.586981194057, '2025-06-16 19:00:00+00:00': 17346.091665598575, '2025-06-16 20:00:00+00:00': 17635.181527349727, '2025-06-16 21:00:00+00:00': 18770.118003522763, '2025-06-16 23:00:00+00:00': 18614.143977548738, '2025-06-17 02:00:00+00:00': 18636.522766401366, '2025-06-17 10:00:00+00:00': 18913.5782657266, '2025-06-17 12:00:00+00:00': 18204.619429296967, '2025-06-17 13:00:00+00:00': 18341.483836076626, '2025-06-17 15:00:00+00:00': 18764.455458709057, '2025-06-17 16:00:00+00:00': 18803.299528221844, '2025-06-17 17:00:00+00:00': 18498.339419614258, '2025-06-17 20:00:00+00:00': 17139.22295380931, '2025-06-18 04:00:00+00:00': 17652.813854743785, '2025-06-18 05:00:00+00:00': 17006.91826630931, '2025-06-18 13:00:00+00:00': 17922.178733286295, '2025-06-18 18:00:00+00:00': 18183.771175931368, '2025-06-18 21:00:00+00:00': 16566.10310458869, '2025-06-19 01:00:00+00:00': 16692.0825251391, '2025-06-19 04:00:00+00:00': 18054.28399644419, '2025-06-19 07:00:00+00:00': 16004.04845212127, '2025-06-19 14:00:00+00:00': 18320.937458829943, '2025-06-19 18:00:00+00:00': 16432.174533160116, '2025-06-19 19:00:00+00:00': 16816.294140549835, '2025-06-20 05:00:00+00:00': 17323.003441614186, '2025-06-20 08:00:00+00:00': 14946.09069171906, '2025-06-20 09:00:00+00:00': 15539.438199050439, '2025-06-20 15:00:00+00:00': 15519.463238357093, '2025-06-20 17:00:00+00:00': 15726.442040624263, '2025-06-20 18:00:00+00:00': 16133.443527679641, '2025-06-21 08:00:00+00:00': 16421.199105460317, '2025-06-21 09:00:00+00:00': 16556.43495451692, '2025-06-21 10:00:00+00:00': 16273.755476904986, '2025-06-21 16:00:00+00:00': 16380.872979742428, '2025-06-21 17:00:00+00:00': 16699.60162118359, '2025-06-21 20:00:00+00:00': 17809.411704692986, '2025-06-21 22:00:00+00:00': 17846.947414727987, '2025-06-22 01:00:00+00:00': 18278.113362083845, '2025-06-22 03:00:00+00:00': 19164.993930644585, '2025-06-22 10:00:00+00:00': 17897.24542797302, '2025-06-22 14:00:00+00:00': 19077.601669228134, '2025-06-22 15:00:00+00:00': 17964.52333736719, '2025-06-22 16:00:00+00:00': 18207.469308570035, '2025-06-22 23:00:00+00:00': 18507.940432654443, '2025-06-23 01:00:00+00:00': 18791.72113440883, '2025-06-23 05:00:00+00:00': 17761.417262623345, '2025-06-23 07:00:00+00:00': 18379.850545013993, '2025-06-23 09:00:00+00:00': 17443.492770776986, '2025-06-23 14:00:00+00:00': 17070.393804639738, '2025-06-23 19:00:00+00:00': 16892.040863463266, '2025-06-23 21:00:00+00:00': 16584.486539738213, '2025-06-23 23:00:00+00:00': 16755.479569276973, '2025-06-24 00:00:00+00:00': 17273.049933587456, '2025-06-24 02:00:00+00:00': 16438.17430611908, '2025-06-24 03:00:00+00:00': 16232.101698858352, '2025-06-24 07:00:00+00:00': 16094.323921080575, '2025-06-24 09:00:00+00:00': 15767.769750329513, '2025-06-24 15:00:00+00:00': 16623.37430611908, '2025-06-24 17:00:00+00:00': 15576.103083662847, '2025-06-24 21:00:00+00:00': 15416.769750329513, '2025-06-25 02:00:00+00:00': 15108.651989711754, '2025-06-25 05:00:00+00:00': 15963.805786365549, '2025-06-25 07:00:00+00:00': 15282.841178900942, '2025-06-25 08:00:00+00:00': 14948.26723794479, '2025-06-25 14:00:00+00:00': 15445.18633895355, '2025-06-25 15:00:00+00:00': 15099.54801123189, '2025-06-25 16:00:00+00:00': 14907.237254259777, '2025-06-26 02:00:00+00:00': 15238.822702589914, '2025-06-26 10:00:00+00:00': 14772.686356056183, '2025-06-26 14:00:00+00:00': 14605.701623231756, '2025-06-26 16:00:00+00:00': 14449.678001184513, '2025-06-27 00:00:00+00:00': 14251.47358499963, '2025-06-30 21:00:00+00:00': 14106.049881615985, '2025-07-01 00:00:00+00:00': 14388.81452894098, '2025-07-01 04:00:00+00:00': 14109.876640035558, '2025-07-01 07:00:00+00:00': 14415.064034992964, '2025-07-01 09:00:00+00:00': 14394.296349075967, '2025-07-01 11:00:00+00:00': 14455.430250746624, '2025-07-01 13:00:00+00:00': 14448.992451772376, '2025-07-01 18:00:00+00:00': 14431.547602117207, '2025-07-01 20:00:00+00:00': 14124.689713942023, '2025-07-02 05:00:00+00:00': 14339.073006190396, '2025-07-02 08:00:00+00:00': 14351.958610428588, '2025-07-02 13:00:00+00:00': 14715.747265510821, '2025-07-02 14:00:00+00:00': 14449.42991561629, '2025-07-02 15:00:00+00:00': 14700.296601179441, '2025-07-02 17:00:00+00:00': 14754.924707487737, '2025-07-02 18:00:00+00:00': 14792.832304167203, '2025-07-02 19:00:00+00:00': 14779.17601385638, '2025-07-02 20:00:00+00:00': 14722.020160671804, '2025-07-02 21:00:00+00:00': 14834.306664235899, '2025-07-02 23:00:00+00:00': 14820.435093370199, '2025-07-03 03:00:00+00:00': 14823.46278081497, '2025-07-03 05:00:00+00:00': 14825.794490429, '2025-07-03 07:00:00+00:00': 14803.693790476915, '2025-07-03 09:00:00+00:00': 14792.166572252769, '2025-07-03 10:00:00+00:00': 14792.246205114998, '2025-07-03 13:00:00+00:00': 14793.641546736564, '2025-07-03 14:00:00+00:00': 14836.68329842785, '2025-07-03 15:00:00+00:00': 14801.716791779014, '2025-07-03 16:00:00+00:00': 15059.204309857485, '2025-07-03 17:00:00+00:00': 14795.60234058317, '2025-07-03 18:00:00+00:00': 15063.96028342035, '2025-07-03 20:00:00+00:00': 14799.628394547042, '2025-07-04 02:00:00+00:00': 15057.976479834913, '2025-07-04 08:00:00+00:00': 15234.578635368762, '2025-07-04 13:00:00+00:00': 15241.502135181432, '2025-07-04 18:00:00+00:00': 15329.4439527266, '2025-07-04 20:00:00+00:00': 15245.855378246873, '2025-07-04 22:00:00+00:00': 15337.981674825274, '2025-07-05 00:00:00+00:00': 15345.596319456905, '2025-07-06 01:00:00+00:00': 14807.332508160436, '2025-07-06 13:00:00+00:00': 15341.138809838094, '2025-07-06 17:00:00+00:00': 15051.861978997968, '2025-07-06 19:00:00+00:00': 15324.43289003501, '2025-07-06 21:00:00+00:00': 15387.43517466639, '2025-07-06 23:00:00+00:00': 15060.07933024058, '2025-07-07 01:00:00+00:00': 15371.58811441725, '2025-07-07 07:00:00+00:00': 15257.649280446954, '2025-07-07 11:00:00+00:00': 15317.256816182753, '2025-07-07 13:00:00+00:00': 15325.667269796657, '2025-07-07 14:00:00+00:00': 15379.262122384107, '2025-07-07 17:00:00+00:00': 15320.395887765748, '2025-07-07 18:00:00+00:00': 15405.032251402112, '2025-07-07 21:00:00+00:00': 15347.146801671335, '2025-07-08 03:00:00+00:00': 15441.36265178423, '2025-07-08 10:00:00+00:00': 15471.090847476842, '2025-07-08 14:00:00+00:00': 15464.601385742035, '2025-07-08 16:00:00+00:00': 15550.358574870681, '2025-07-08 17:00:00+00:00': 15467.529732954834, '2025-07-08 18:00:00+00:00': 15607.022224959022, '2025-07-08 21:00:00+00:00': 15600.576269717152, '2025-07-09 02:00:00+00:00': 15395.151545995013, '2025-07-09 04:00:00+00:00': 15666.1563566569, '2025-07-09 05:00:00+00:00': 15593.765900593486, '2025-07-09 10:00:00+00:00': 15685.682410395068, '2025-07-09 12:00:00+00:00': 15655.418270314583, '2025-07-09 13:00:00+00:00': 15695.91579746742, '2025-07-09 14:00:00+00:00': 15417.458353691705, '2025-07-09 15:00:00+00:00': 15659.012335733982, '2025-07-09 19:00:00+00:00': 15559.911777697533, '2025-07-09 20:00:00+00:00': 15553.113858750168, '2025-07-09 21:00:00+00:00': 15686.487383874768, '2025-07-10 01:00:00+00:00': 15689.256063037652, '2025-07-10 03:00:00+00:00': 15679.87557372223, '2025-07-10 06:00:00+00:00': 15664.307302707766, '2025-07-10 08:00:00+00:00': 15667.980726857599, '2025-07-10 10:00:00+00:00': 15682.261395468377, '2025-07-10 14:00:00+00:00': 15675.03291488225, '2025-07-10 17:00:00+00:00': 15659.784795128991, '2025-07-10 18:00:00+00:00': 15788.444308407019, '2025-07-10 19:00:00+00:00': 15797.003682003575, '2025-07-10 22:00:00+00:00': 16305.985897058465, '2025-07-10 23:00:00+00:00': 16237.91944221438, '2025-07-11 01:00:00+00:00': 16367.49760814691, '2025-07-11 07:00:00+00:00': 16374.176714496893, '2025-07-11 09:00:00+00:00': 16360.007771295699, '2025-07-11 10:00:00+00:00': 16380.178622525193, '2025-07-11 12:00:00+00:00': 16342.330706750952, '2025-07-11 16:00:00+00:00': 16437.30386158652, '2025-07-11 18:00:00+00:00': 16368.300314334308, '2025-07-11 23:00:00+00:00': 16411.346045538146, '2025-07-12 01:00:00+00:00': 16487.102950714532, '2025-07-12 08:00:00+00:00': 16462.55289800752, '2025-07-12 09:00:00+00:00': 16463.00545119126, '2025-07-12 16:00:00+00:00': 16616.2624482186, '2025-07-12 17:00:00+00:00': 16536.403293426618, '2025-07-12 21:00:00+00:00': 16654.582212141082, '2025-07-13 01:00:00+00:00': 16650.522774093086, '2025-07-13 11:00:00+00:00': 16662.43425258226, '2025-07-13 12:00:00+00:00': 16313.913540493995, '2025-07-13 17:00:00+00:00': 16597.330501326465, '2025-07-13 22:00:00+00:00': 16770.39839345135, '2025-07-13 23:00:00+00:00': 16690.035413139136, '2025-07-14 04:00:00+00:00': 16679.005944443157, '2025-07-14 07:00:00+00:00': 16860.31964433615, '2025-07-14 09:00:00+00:00': 16668.16243539108, '2025-07-14 11:00:00+00:00': 16250.174196718986, '2025-07-14 15:00:00+00:00': 17088.330747187105, '2025-07-14 16:00:00+00:00': 17398.475666918595, '2025-07-14 17:00:00+00:00': 16340.077401905979, '2025-07-14 19:00:00+00:00': 17739.063969915103, '2025-07-14 20:00:00+00:00': 17395.115092350385, '2025-07-15 04:00:00+00:00': 17929.581175300114, '2025-07-15 12:00:00+00:00': 17744.38107395507, '2025-07-15 15:00:00+00:00': 17757.768697974163, '2025-07-15 16:00:00+00:00': 17767.57462234217, '2025-07-15 17:00:00+00:00': 17694.224788595922, '2025-07-15 20:00:00+00:00': 17656.93577125488, '2025-07-15 21:00:00+00:00': 17763.55548956474, '2025-07-15 23:00:00+00:00': 17778.051423563862, '2025-07-16 00:00:00+00:00': 17817.752371917682, '2025-07-16 13:00:00+00:00': 17658.025996878478, '2025-07-16 15:00:00+00:00': 17624.924908301306, '2025-07-16 18:00:00+00:00': 17750.888701280994, '2025-07-16 20:00:00+00:00': 17623.888701280994, '2025-07-17 06:00:00+00:00': 17738.43895700398, '2025-07-17 07:00:00+00:00': 17813.822745783145, '2025-07-17 08:00:00+00:00': 17498.726591936993, '2025-07-17 09:00:00+00:00': 17811.87882960271, '2025-07-17 14:00:00+00:00': 18179.05829532305, '2025-07-17 17:00:00+00:00': 18325.43566467334, '2025-07-17 21:00:00+00:00': 18310.742070160835, '2025-07-17 22:00:00+00:00': 17880.73469645412, '2025-07-18 01:00:00+00:00': 18070.904060475932, '2025-07-18 09:00:00+00:00': 18168.743157672645, '2025-07-18 11:00:00+00:00': 18206.60918868106, '2025-07-18 12:00:00+00:00': 18148.712465568962, '2025-07-18 13:00:00+00:00': 18130.713288617066, '2025-07-18 15:00:00+00:00': 18947.802376060245, '2025-07-18 16:00:00+00:00': 19013.47260408393, '2025-07-18 17:00:00+00:00': 19039.86795292114, '2025-07-18 21:00:00+00:00': 18662.476694994213, '2025-07-19 04:00:00+00:00': 18555.696442650813, '2025-07-19 15:00:00+00:00': 18212.868029787456, '2025-07-20 03:00:00+00:00': 18418.796485863866, '2025-07-20 04:00:00+00:00': 18644.106332240666, '2025-07-20 06:00:00+00:00': 18472.374883375287, '2025-07-20 08:00:00+00:00': 18251.46987781363, '2025-07-20 09:00:00+00:00': 18288.080478271437, '2025-07-20 11:00:00+00:00': 18993.185279609086, '2025-07-20 12:00:00+00:00': 18104.141676503197, '2025-07-20 14:00:00+00:00': 18041.566152712545, '2025-07-20 21:00:00+00:00': 18299.806104472576, '2025-07-21 08:00:00+00:00': 18285.13236372646, '2025-07-21 14:00:00+00:00': 18227.83333436932, '2025-07-22 01:00:00+00:00': 18033.439573041884, '2025-07-22 05:00:00+00:00': 18814.57777298269, '2025-07-23 13:00:00+00:00': 18180.14499939847, '2025-07-23 17:00:00+00:00': 18242.05549322563, '2025-07-24 09:00:00+00:00': 18390.891586796504, '2025-07-24 15:00:00+00:00': 18731.75704718472, '2025-07-25 03:00:00+00:00': 18817.035300924872, '2025-07-25 06:00:00+00:00': 18883.21834195056, '2025-07-25 07:00:00+00:00': 18782.355992641144}]",629
