number,value,params_CONVERGENCE_THRESHOLD,params_FIXED_TRADE_PCT,params_MAX_HOLD_HOURS,params_MAX_POSITION_PCT,params_MIN_DIV,params_STOP_LOSS_PCT,params_TAKE_PROFIT_PCT,params_TRAIL_PCT,state,user_attrs_cooldown_trades_pct,user_attrs_equity_curves,user_attrs_total_trades
1,4.477357319113443,0.015,0.05,48,0.025,0.035,0.15,0.5,0.4,COMPLETE,3.9673278879813303,"[{'2025-05-01 00:00:00+00:00': 10000.0, '2025-05-01 02:00:00+00:00': 10081.083268137243, '2025-05-01 06:00:00+00:00': 10087.524540642022, '2025-05-01 07:00:00+00:00': 10156.912419516986, '2025-05-01 11:00:00+00:00': 10359.003626996837, '2025-05-01 13:00:00+00:00': 10165.811616886227, '2025-05-01 15:00:00+00:00': 10327.87838214834, '2025-05-01 16:00:00+00:00': 10349.108446042537, '2025-05-01 17:00:00+00:00': 10327.465860549251, '2025-05-02 06:00:00+00:00': 10349.928142491532, '2025-05-02 15:00:00+00:00': 10336.551384774204, '2025-05-02 20:00:00+00:00': 10334.533885028268, '2025-05-02 22:00:00+00:00': 10313.99033441391, '2025-05-02 23:00:00+00:00': 10323.97197532654, '2025-05-03 10:00:00+00:00': 10293.014552771016, '2025-05-04 04:00:00+00:00': 10250.117647327388, '2025-05-04 22:00:00+00:00': 10218.250437039125, '2025-05-04 23:00:00+00:00': 10179.657942034211, '2025-05-05 01:00:00+00:00': 10178.795891479354, '2025-05-05 02:00:00+00:00': 10184.104888519563, '2025-05-05 03:00:00+00:00': 10133.722003493667, '2025-05-05 04:00:00+00:00': 10141.928778010659, '2025-05-05 08:00:00+00:00': 10085.481911923618, '2025-05-05 12:00:00+00:00': 10088.624208137451, '2025-05-05 17:00:00+00:00': 10135.237169560003, '2025-05-05 23:00:00+00:00': 10216.086049217227, '2025-05-06 03:00:00+00:00': 10083.680174422874, '2025-05-06 13:00:00+00:00': 10128.041057203924, '2025-05-06 17:00:00+00:00': 10432.672264886876, '2025-05-06 23:00:00+00:00': 10485.070478509295, '2025-05-07 00:00:00+00:00': 10209.731290459458, '2025-05-07 01:00:00+00:00': 10494.090722865863, '2025-05-07 02:00:00+00:00': 10571.819760908871, '2025-05-07 03:00:00+00:00': 10560.18021975882, '2025-05-07 04:00:00+00:00': 10596.147036983883, '2025-05-07 18:00:00+00:00': 10691.334776815653, '2025-05-07 22:00:00+00:00': 10858.83715274803, '2025-05-08 01:00:00+00:00': 10926.788202152047, '2025-05-08 04:00:00+00:00': 10928.44329299532, '2025-05-08 05:00:00+00:00': 10893.86256400048, '2025-05-08 10:00:00+00:00': 11100.323012014445, '2025-05-08 12:00:00+00:00': 10784.576063050976, '2025-05-08 16:00:00+00:00': 11109.953516761583, '2025-05-08 17:00:00+00:00': 11110.889087427387, '2025-05-08 19:00:00+00:00': 11148.847100086929, '2025-05-08 21:00:00+00:00': 11411.74759665011, '2025-05-08 22:00:00+00:00': 11409.559861414662, '2025-05-09 00:00:00+00:00': 11416.575147254354, '2025-05-09 05:00:00+00:00': 11438.817301806563, '2025-05-09 08:00:00+00:00': 11260.859421608038, '2025-05-09 09:00:00+00:00': 11438.817301806563, '2025-05-09 12:00:00+00:00': 11599.221010497888, '2025-05-09 16:00:00+00:00': 11607.90989736106, '2025-05-09 18:00:00+00:00': 11581.60421789681, '2025-05-09 20:00:00+00:00': 11576.762659583705, '2025-05-10 07:00:00+00:00': 11620.899646932085, '2025-05-10 08:00:00+00:00': 11625.959253789833, '2025-05-10 10:00:00+00:00': 11625.076004834706, '2025-05-10 14:00:00+00:00': 11658.021478195778, '2025-05-10 22:00:00+00:00': 11672.497323880494, '2025-05-11 00:00:00+00:00': 11704.495568223516, '2025-05-11 01:00:00+00:00': 11682.655509232442, '2025-05-11 05:00:00+00:00': 11691.015813263253, '2025-05-11 06:00:00+00:00': 11688.98457263892, '2025-05-11 12:00:00+00:00': 11706.700627740185, '2025-05-11 19:00:00+00:00': 11738.413843365044, '2025-05-12 01:00:00+00:00': 11739.403967056955, '2025-05-12 02:00:00+00:00': 11728.999888585562, '2025-05-12 09:00:00+00:00': 11744.950569605655, '2025-05-12 12:00:00+00:00': 11744.765261413868, '2025-05-12 15:00:00+00:00': 11738.048593410274, '2025-05-12 16:00:00+00:00': 11797.883432359306, '2025-05-12 19:00:00+00:00': 11809.472213767373, '2025-05-12 22:00:00+00:00': 11818.377923951974, '2025-05-13 00:00:00+00:00': 11863.85159331312, '2025-05-14 02:00:00+00:00': 11931.5764662139, '2025-05-14 13:00:00+00:00': 11948.669615022109, '2025-05-15 01:00:00+00:00': 11956.480739780185, '2025-05-15 02:00:00+00:00': 11936.779794145243, '2025-05-15 14:00:00+00:00': 11924.477241023898, '2025-05-15 19:00:00+00:00': 12109.672607492503, '2025-05-16 04:00:00+00:00': 12073.801517393365, '2025-05-16 07:00:00+00:00': 12103.017055281365, '2025-05-16 08:00:00+00:00': 11990.97732049123, '2025-05-16 12:00:00+00:00': 12100.760843590297, '2025-05-16 17:00:00+00:00': 12038.990927854165, '2025-05-17 05:00:00+00:00': 12050.688765322846, '2025-05-17 12:00:00+00:00': 12036.283798541794, '2025-05-18 06:00:00+00:00': 12213.114887031537, '2025-05-18 11:00:00+00:00': 12250.106661994692, '2025-05-18 14:00:00+00:00': 12197.436478908108, '2025-05-18 17:00:00+00:00': 12427.327961582894, '2025-05-18 21:00:00+00:00': 12463.170893336817, '2025-05-19 00:00:00+00:00': 12569.934750042168, '2025-05-19 01:00:00+00:00': 12339.891606563664, '2025-05-19 03:00:00+00:00': 12527.461878798467, '2025-05-19 08:00:00+00:00': 12569.454845892591, '2025-05-19 10:00:00+00:00': 12572.055269507755, '2025-05-19 16:00:00+00:00': 12820.144674780451, '2025-05-19 17:00:00+00:00': 12817.29756090876, '2025-05-20 02:00:00+00:00': 12877.475900607438, '2025-05-20 05:00:00+00:00': 12894.847369171119, '2025-05-20 07:00:00+00:00': 12842.968096289334, '2025-05-20 13:00:00+00:00': 12916.963478114381, '2025-05-20 14:00:00+00:00': 12937.626301915852, '2025-05-20 16:00:00+00:00': 13052.864765662342, '2025-05-20 18:00:00+00:00': 13047.685637463683, '2025-05-20 20:00:00+00:00': 13167.057540594447, '2025-05-21 07:00:00+00:00': 13415.682506039766, '2025-05-21 08:00:00+00:00': 13384.587717107646, '2025-05-21 15:00:00+00:00': 13763.53077599796, '2025-05-21 17:00:00+00:00': 13497.367724673824, '2025-05-21 18:00:00+00:00': 14679.921793202739, '2025-05-21 21:00:00+00:00': 14850.862764000864, '2025-05-22 00:00:00+00:00': 14955.279305137734, '2025-05-22 01:00:00+00:00': 15020.049420080262, '2025-05-22 04:00:00+00:00': 15145.121180435948, '2025-05-22 09:00:00+00:00': 15044.677350785276, '2025-05-22 20:00:00+00:00': 15119.877690640235, '2025-05-22 21:00:00+00:00': 15147.120218008866, '2025-05-23 02:00:00+00:00': 15080.816510653422, '2025-05-23 07:00:00+00:00': 15091.777882167153, '2025-05-24 00:00:00+00:00': 15142.123358139825, '2025-05-24 08:00:00+00:00': 15158.818254751963, '2025-05-24 11:00:00+00:00': 15187.13798409735, '2025-05-24 16:00:00+00:00': 15185.038576065284, '2025-05-25 01:00:00+00:00': 15205.55581165998, '2025-05-25 21:00:00+00:00': 15222.401017998034, '2025-05-25 23:00:00+00:00': 15449.747956773545, '2025-05-26 01:00:00+00:00': 15460.25472352765, '2025-05-26 09:00:00+00:00': 15462.819975953245, '2025-05-26 16:00:00+00:00': 15486.675385530403, '2025-05-26 21:00:00+00:00': 15501.306020735774, '2025-05-27 02:00:00+00:00': 15523.978728486614, '2025-05-27 04:00:00+00:00': 15567.937171938713, '2025-05-28 02:00:00+00:00': 15510.307536727212, '2025-05-29 18:00:00+00:00': 15605.468827049794, '2025-05-31 02:00:00+00:00': 15461.908605636161, '2025-05-31 03:00:00+00:00': 16532.516680262106, '2025-05-31 04:00:00+00:00': 16585.856343748987, '2025-05-31 05:00:00+00:00': 16726.609075260036, '2025-05-31 06:00:00+00:00': 16946.85930272972, '2025-05-31 07:00:00+00:00': 17217.672403532797, '2025-05-31 08:00:00+00:00': 17859.789344924342, '2025-05-31 14:00:00+00:00': 17898.664820922222, '2025-05-31 16:00:00+00:00': 15411.98466616546, '2025-05-31 23:00:00+00:00': 17777.981283836114, '2025-06-01 10:00:00+00:00': 18079.02545603545, '2025-06-01 14:00:00+00:00': 17693.842992191097, '2025-06-01 23:00:00+00:00': 15430.022284889426, '2025-06-02 03:00:00+00:00': 16419.93735969529, '2025-06-02 04:00:00+00:00': 17250.631426499018, '2025-06-02 07:00:00+00:00': 17686.164820922222, '2025-06-02 08:00:00+00:00': 18046.031126553615, '2025-06-02 09:00:00+00:00': 17967.531126553615, '2025-06-02 10:00:00+00:00': 17879.62067879242, '2025-06-02 12:00:00+00:00': 17327.62636746562, '2025-06-02 15:00:00+00:00': 17836.58276493855, '2025-06-02 17:00:00+00:00': 17725.52577656901, '2025-06-02 18:00:00+00:00': 17814.23058434126, '2025-06-02 19:00:00+00:00': 17265.447705654937, '2025-06-02 23:00:00+00:00': 17755.292781386845, '2025-06-03 00:00:00+00:00': 17692.181801895134, '2025-06-03 01:00:00+00:00': 17632.890920572492, '2025-06-03 02:00:00+00:00': 17841.322685624775, '2025-06-03 03:00:00+00:00': 17368.04247646583, '2025-06-03 11:00:00+00:00': 17020.105003655484, '2025-06-03 12:00:00+00:00': 17544.833127235866, '2025-06-03 15:00:00+00:00': 17024.706274051718, '2025-06-03 16:00:00+00:00': 16924.907948182372, '2025-06-03 20:00:00+00:00': 16947.80346421309, '2025-06-03 22:00:00+00:00': 17021.829450921705, '2025-06-04 00:00:00+00:00': 17646.42764993687, '2025-06-04 02:00:00+00:00': 17467.29226645517, '2025-06-04 04:00:00+00:00': 16931.248011390464, '2025-06-04 05:00:00+00:00': 16568.58236893028, '2025-06-04 10:00:00+00:00': 16146.169241156205, '2025-06-04 13:00:00+00:00': 17836.52599475667, '2025-06-04 16:00:00+00:00': 16044.331989210268, '2025-06-04 22:00:00+00:00': 18082.75083113902, '2025-06-05 02:00:00+00:00': 17245.073623987453, '2025-06-05 05:00:00+00:00': 18081.35697273191, '2025-06-05 06:00:00+00:00': 16150.925597256683, '2025-06-05 08:00:00+00:00': 16037.894602353543, '2025-06-05 13:00:00+00:00': 16939.687142804236, '2025-06-05 16:00:00+00:00': 17823.36526726101, '2025-06-05 17:00:00+00:00': 16479.25224678584, '2025-06-05 19:00:00+00:00': 17961.743025475313, '2025-06-05 20:00:00+00:00': 17835.4194588906, '2025-06-05 21:00:00+00:00': 17998.031259652507, '2025-06-06 01:00:00+00:00': 18896.687942700915, '2025-06-06 02:00:00+00:00': 19017.915320985994, '2025-06-06 03:00:00+00:00': 18734.911667082994, '2025-06-06 04:00:00+00:00': 18926.923594329644, '2025-06-06 05:00:00+00:00': 18654.380532426025, '2025-06-06 07:00:00+00:00': 18821.7377712633, '2025-06-06 09:00:00+00:00': 18654.292866490436, '2025-06-06 10:00:00+00:00': 18663.118839231716, '2025-06-06 11:00:00+00:00': 18241.647995499636, '2025-06-06 14:00:00+00:00': 18526.868835988644, '2025-06-06 15:00:00+00:00': 18359.06052856686, '2025-06-06 23:00:00+00:00': 17731.061222354565, '2025-06-07 00:00:00+00:00': 17605.65138628899, '2025-06-07 03:00:00+00:00': 18061.11132935536, '2025-06-07 16:00:00+00:00': 18035.170005776406, '2025-06-07 20:00:00+00:00': 17822.95655340446, '2025-06-07 21:00:00+00:00': 17886.262659107484, '2025-06-07 22:00:00+00:00': 18988.41404480861, '2025-06-08 08:00:00+00:00': 18472.618835988644, '2025-06-08 11:00:00+00:00': 18140.32446608787, '2025-06-08 12:00:00+00:00': 17972.89757360785, '2025-06-08 13:00:00+00:00': 17612.312164753966, '2025-06-08 14:00:00+00:00': 17517.999692444657, '2025-06-08 15:00:00+00:00': 17933.271825562955, '2025-06-08 16:00:00+00:00': 17839.847164209903, '2025-06-09 00:00:00+00:00': 17657.0538680798, '2025-06-09 01:00:00+00:00': 17666.645704814495, '2025-06-09 06:00:00+00:00': 17436.94461507555, '2025-06-09 07:00:00+00:00': 16976.329310198835, '2025-06-09 10:00:00+00:00': 17072.58577011919, '2025-06-09 12:00:00+00:00': 18193.464818774875, '2025-06-09 13:00:00+00:00': 17768.83817895689, '2025-06-09 17:00:00+00:00': 18090.729462208095, '2025-06-09 18:00:00+00:00': 17972.68199328524, '2025-06-09 21:00:00+00:00': 17490.927450020426, '2025-06-09 22:00:00+00:00': 17144.282420188716, '2025-06-09 23:00:00+00:00': 17247.363792957454, '2025-06-10 01:00:00+00:00': 16706.010484294893, '2025-06-10 12:00:00+00:00': 16798.607610355906, '2025-06-10 13:00:00+00:00': 16936.697984294893, '2025-06-10 20:00:00+00:00': 16326.65685527584, '2025-06-11 00:00:00+00:00': 16309.482541552423, '2025-06-11 05:00:00+00:00': 16971.269789301477, '2025-06-11 12:00:00+00:00': 16886.059716604454, '2025-06-11 15:00:00+00:00': 16533.82983257813, '2025-06-11 16:00:00+00:00': 16266.394520553775, '2025-06-11 20:00:00+00:00': 16104.495992874434, '2025-06-11 22:00:00+00:00': 16802.623165909717, '2025-06-11 23:00:00+00:00': 16856.66385885083, '2025-06-12 01:00:00+00:00': 16203.043904718792, '2025-06-12 05:00:00+00:00': 16290.945768604208, '2025-06-12 08:00:00+00:00': 16404.172298331552, '2025-06-12 11:00:00+00:00': 17927.39424479083, '2025-06-12 14:00:00+00:00': 17747.115384181416, '2025-06-12 16:00:00+00:00': 16978.197291575732, '2025-06-12 18:00:00+00:00': 17254.07428179916, '2025-06-12 20:00:00+00:00': 17476.34059708712, '2025-06-12 21:00:00+00:00': 17687.6879780398, '2025-06-13 01:00:00+00:00': 17659.629861141548, '2025-06-13 02:00:00+00:00': 17935.94565061523, '2025-06-13 03:00:00+00:00': 17527.337645587955, '2025-06-13 11:00:00+00:00': 16977.481384104023, '2025-06-13 12:00:00+00:00': 17090.034575593385, '2025-06-13 16:00:00+00:00': 17198.260382045, '2025-06-13 17:00:00+00:00': 16780.931087650508, '2025-06-13 23:00:00+00:00': 16885.54647226589, '2025-06-14 01:00:00+00:00': 16541.143076213437, '2025-06-14 13:00:00+00:00': 17298.58131484802, '2025-06-14 17:00:00+00:00': 17467.9955403248, '2025-06-15 02:00:00+00:00': 17306.744361227873, '2025-06-15 13:00:00+00:00': 16716.2179413753, '2025-06-15 17:00:00+00:00': 16626.945455635774, '2025-06-15 18:00:00+00:00': 16411.017535087896, '2025-06-16 00:00:00+00:00': 16414.763521714514, '2025-06-16 02:00:00+00:00': 16391.496803224203, '2025-06-16 03:00:00+00:00': 17096.46443276222, '2025-06-16 05:00:00+00:00': 16794.179603129305, '2025-06-16 06:00:00+00:00': 16668.435188514337, '2025-06-16 07:00:00+00:00': 17207.29776609555, '2025-06-16 08:00:00+00:00': 16308.871231706324, '2025-06-16 09:00:00+00:00': 15662.561366661608, '2025-06-16 10:00:00+00:00': 16126.570408738584, '2025-06-16 15:00:00+00:00': 16230.475170643345, '2025-06-16 17:00:00+00:00': 15607.031225869123, '2025-06-16 19:00:00+00:00': 15557.945982046223, '2025-06-16 20:00:00+00:00': 15551.272754512383, '2025-06-16 23:00:00+00:00': 16385.55517296024, '2025-06-17 00:00:00+00:00': 15818.88639087602, '2025-06-17 01:00:00+00:00': 15896.386763091308, '2025-06-17 02:00:00+00:00': 15768.454070783617, '2025-06-17 06:00:00+00:00': 16469.00225858787, '2025-06-17 07:00:00+00:00': 15518.403490699036, '2025-06-17 09:00:00+00:00': 16294.753528293928, '2025-06-17 10:00:00+00:00': 16287.485666499175, '2025-06-17 11:00:00+00:00': 16107.300864304463, '2025-06-17 13:00:00+00:00': 16029.085361407628, '2025-06-17 15:00:00+00:00': 15864.461883334783, '2025-06-17 16:00:00+00:00': 15946.818914284973, '2025-06-17 17:00:00+00:00': 15730.050190215474, '2025-06-17 20:00:00+00:00': 14962.988239799426, '2025-06-17 22:00:00+00:00': 14630.11760349883, '2025-06-18 01:00:00+00:00': 15304.278030922182, '2025-06-18 05:00:00+00:00': 14148.557978340164, '2025-06-18 11:00:00+00:00': 15391.88711073421, '2025-06-18 14:00:00+00:00': 14221.746295875531, '2025-06-18 19:00:00+00:00': 15178.577797710734, '2025-06-18 23:00:00+00:00': 13967.813984018301, '2025-06-19 01:00:00+00:00': 14295.56397476477, '2025-06-19 04:00:00+00:00': 13736.043150684967, '2025-06-19 07:00:00+00:00': 13544.414358854196, '2025-06-19 10:00:00+00:00': 13749.360504579216, '2025-06-19 21:00:00+00:00': 13426.232540672378, '2025-06-20 02:00:00+00:00': 13067.226259938165, '2025-06-20 04:00:00+00:00': 13856.980650684967, '2025-06-20 06:00:00+00:00': 14072.09326329758, '2025-06-20 08:00:00+00:00': 12341.613188370964, '2025-06-20 09:00:00+00:00': 12644.984633143906, '2025-06-20 11:00:00+00:00': 13468.701406146722, '2025-06-20 12:00:00+00:00': 12652.439947122046, '2025-06-20 13:00:00+00:00': 13395.328305827064, '2025-06-20 14:00:00+00:00': 12575.378136083042, '2025-06-20 15:00:00+00:00': 13324.934399531043, '2025-06-20 18:00:00+00:00': 13044.119897997007, '2025-06-21 02:00:00+00:00': 13158.760516541593, '2025-06-21 09:00:00+00:00': 13078.071784365535, '2025-06-21 16:00:00+00:00': 13234.485552970922, '2025-06-21 17:00:00+00:00': 13147.93087093067, '2025-06-21 19:00:00+00:00': 14697.879955831395, '2025-06-21 20:00:00+00:00': 14579.698137649577, '2025-06-21 22:00:00+00:00': 14764.456549933373, '2025-06-21 23:00:00+00:00': 14497.120044287964, '2025-06-22 01:00:00+00:00': 14806.362916193078, '2025-06-22 09:00:00+00:00': 14423.660293186877, '2025-06-22 10:00:00+00:00': 14701.435970034001, '2025-06-22 14:00:00+00:00': 15640.314633957098, '2025-06-22 15:00:00+00:00': 15406.241748808696, '2025-06-22 16:00:00+00:00': 15470.90435541283, '2025-06-22 23:00:00+00:00': 15309.271279509021, '2025-06-23 00:00:00+00:00': 15370.722957807666, '2025-06-23 01:00:00+00:00': 15117.572696405896, '2025-06-23 02:00:00+00:00': 15293.533774327005, '2025-06-23 03:00:00+00:00': 14786.002233269104, '2025-06-23 04:00:00+00:00': 15224.569452485792, '2025-06-23 05:00:00+00:00': 14874.164650428884, '2025-06-23 06:00:00+00:00': 14699.278976906407, '2025-06-23 09:00:00+00:00': 14450.179117561034, '2025-06-23 13:00:00+00:00': 14230.896336425134, '2025-06-23 14:00:00+00:00': 14340.622363822395, '2025-06-23 17:00:00+00:00': 14584.941141309553, '2025-06-23 18:00:00+00:00': 14025.264166236171, '2025-06-23 19:00:00+00:00': 13872.479356109588, '2025-06-23 21:00:00+00:00': 14273.569801811977, '2025-06-23 22:00:00+00:00': 13824.375427773162, '2025-06-23 23:00:00+00:00': 13705.555480425495, '2025-06-24 01:00:00+00:00': 13361.318274385325, '2025-06-24 02:00:00+00:00': 13176.118274385324, '2025-06-24 03:00:00+00:00': 13077.215279480897, '2025-06-24 05:00:00+00:00': 12895.765892225274, '2025-06-24 07:00:00+00:00': 13567.777702647718, '2025-06-24 09:00:00+00:00': 12714.775326187539, '2025-06-24 14:00:00+00:00': 13000.045171504553, '2025-06-24 15:00:00+00:00': 13458.835162646767, '2025-06-24 17:00:00+00:00': 12523.108659520873, '2025-06-24 21:00:00+00:00': 12324.93859375474, '2025-06-24 22:00:00+00:00': 12220.65931447546, '2025-06-25 01:00:00+00:00': 12001.76268157649, '2025-06-25 07:00:00+00:00': 12086.73074304689, '2025-06-25 09:00:00+00:00': 12441.72594410141, '2025-06-25 14:00:00+00:00': 12354.289892952864, '2025-06-25 15:00:00+00:00': 12242.693365469042, '2025-06-25 16:00:00+00:00': 12091.176014990528, '2025-06-26 00:00:00+00:00': 11980.342681657194, '2025-06-26 10:00:00+00:00': 11876.779449404381, '2025-06-26 14:00:00+00:00': 11750.327255292075, '2025-06-26 16:00:00+00:00': 11634.54310310101, '2025-06-27 00:00:00+00:00': 11487.04766737826, '2025-06-30 21:00:00+00:00': 11381.517538451813, '2025-07-01 00:00:00+00:00': 11395.540126412103, '2025-07-01 04:00:00+00:00': 11384.706503801457, '2025-07-01 05:00:00+00:00': 11650.03502588365, '2025-07-01 07:00:00+00:00': 11717.905172363993, '2025-07-01 09:00:00+00:00': 11652.718013644493, '2025-07-01 13:00:00+00:00': 11760.2981931644, '2025-07-01 15:00:00+00:00': 11669.31642621627, '2025-07-02 01:00:00+00:00': 11727.022943411364, '2025-07-02 05:00:00+00:00': 11831.611481411766, '2025-07-02 07:00:00+00:00': 11678.950655270593, '2025-07-02 08:00:00+00:00': 11802.158155234065, '2025-07-02 13:00:00+00:00': 11815.27673700703, '2025-07-02 14:00:00+00:00': 11811.882007513812, '2025-07-02 15:00:00+00:00': 11886.258478552012, '2025-07-02 17:00:00+00:00': 11992.799412665414, '2025-07-02 18:00:00+00:00': 11855.312010182872, '2025-07-02 19:00:00+00:00': 11958.409380299563, '2025-07-02 20:00:00+00:00': 11879.177308158596, '2025-07-02 21:00:00+00:00': 11924.225680840509, '2025-07-02 22:00:00+00:00': 11823.006454120483, '2025-07-02 23:00:00+00:00': 11912.946881192242, '2025-07-03 04:00:00+00:00': 11915.45678298702, '2025-07-03 05:00:00+00:00': 11917.394349721857, '2025-07-03 07:00:00+00:00': 11915.23914165952, '2025-07-03 10:00:00+00:00': 11851.968249184367, '2025-07-03 13:00:00+00:00': 11906.891683505497, '2025-07-03 14:00:00+00:00': 11851.902082936225, '2025-07-03 16:00:00+00:00': 12096.46371909734, '2025-07-03 19:00:00+00:00': 11847.994522910982, '2025-07-03 20:00:00+00:00': 12071.595022238165, '2025-07-04 02:00:00+00:00': 12095.443405338066, '2025-07-04 08:00:00+00:00': 12263.57473091192, '2025-07-04 13:00:00+00:00': 12266.821101443229, '2025-07-04 17:00:00+00:00': 11890.16190901624, '2025-07-04 19:00:00+00:00': 12354.812288383928, '2025-07-04 22:00:00+00:00': 12363.688592134904, '2025-07-05 00:00:00+00:00': 12429.560494548308, '2025-07-05 05:00:00+00:00': 11913.596416037832, '2025-07-05 23:00:00+00:00': 12152.208136572355, '2025-07-06 05:00:00+00:00': 12270.448714786255, '2025-07-06 13:00:00+00:00': 12425.925505157886, '2025-07-06 14:00:00+00:00': 12381.933574255248, '2025-07-06 18:00:00+00:00': 12430.81951593005, '2025-07-06 21:00:00+00:00': 12294.684963571886, '2025-07-06 22:00:00+00:00': 12249.265513517656, '2025-07-07 02:00:00+00:00': 12304.872423879171, '2025-07-07 04:00:00+00:00': 12310.671216443729, '2025-07-07 06:00:00+00:00': 12384.599020761667, '2025-07-07 07:00:00+00:00': 12368.879773023978, '2025-07-07 13:00:00+00:00': 12414.317224083745, '2025-07-07 14:00:00+00:00': 12357.079292610237, '2025-07-07 18:00:00+00:00': 12530.098270302338, '2025-07-08 03:00:00+00:00': 12535.698468520295, '2025-07-08 10:00:00+00:00': 12548.449538570778, '2025-07-08 14:00:00+00:00': 12291.746506633264, '2025-07-08 16:00:00+00:00': 12615.30356713351, '2025-07-08 17:00:00+00:00': 12545.489018458766, '2025-07-08 18:00:00+00:00': 12661.912585286254, '2025-07-08 19:00:00+00:00': 12274.651021382022, '2025-07-08 21:00:00+00:00': 12705.110741260662, '2025-07-08 23:00:00+00:00': 12272.571161623273, '2025-07-09 04:00:00+00:00': 12710.477135730758, '2025-07-09 05:00:00+00:00': 12700.723699428283, '2025-07-09 10:00:00+00:00': 12696.034656115184, '2025-07-09 12:00:00+00:00': 12552.131780851721, '2025-07-09 15:00:00+00:00': 12504.644399263898, '2025-07-09 17:00:00+00:00': 12542.97570977812, '2025-07-09 19:00:00+00:00': 12510.390006658477, '2025-07-09 20:00:00+00:00': 12558.369894627764, '2025-07-09 21:00:00+00:00': 12645.811088493292, '2025-07-09 22:00:00+00:00': 12640.783323186626, '2025-07-10 00:00:00+00:00': 12556.481570784745, '2025-07-10 01:00:00+00:00': 12637.992701140603, '2025-07-10 03:00:00+00:00': 12630.372652030543, '2025-07-10 10:00:00+00:00': 12661.327942807127, '2025-07-10 13:00:00+00:00': 12673.413010627028, '2025-07-10 14:00:00+00:00': 12573.64789112244