number,value,datetime_start,datetime_complete,duration,params_CONVERGENCE_THRESHOLD,params_DAILY_LOSS_LIMIT,params_FIXED_TRADE_PCT,params_MAX_CONCURRENT_POSITIONS,params_MAX_DRAWDOWN_LIMIT,params_MAX_HOLD_HOURS,params_MAX_POSITION_PCT,params_MIN_DIV,params_MIN_TIME_BETWEEN_TRADES,params_STOP_LOSS_PCT,params_TAKE_PROFIT_PCT,params_TRAIL_PCT,user_attrs_cooldown_trades_pct,user_attrs_equity_curves,user_attrs_total_trades,state
29,221.4008136638507,2025-08-01 18:31:50.937499,2025-08-01 18:31:51.614888,0 days 00:00:00.677389,0.02,0.1,0.06,4,0.25,48,0.01,0.05,2.0,0.25,0.5,0.6,1.2711864406779663,"[{'2025-05-31 02:00:00+00:00': 10000.0, '2025-05-31 06:00:00+00:00': 10327.5, '2025-06-01 14:00:00+00:00': 10407.5, '2025-06-02 09:00:00+00:00': 10477.5, '2025-06-02 11:00:00+00:00': 10453.784353852441, '2025-06-02 13:00:00+00:00': 10456.24285486804, '2025-06-02 23:00:00+00:00': 10499.004472776078, '2025-06-03 02:00:00+00:00': 10679.004472776078, '2025-06-03 03:00:00+00:00': 10534.004472776078, '2025-06-03 15:00:00+00:00': 10686.209000320023, '2025-06-04 09:00:00+00:00': 10696.044559832195, '2025-06-05 03:00:00+00:00': 10681.504472776078, '2025-06-05 13:00:00+00:00': 10706.687508876246, '2025-06-05 16:00:00+00:00': 10696.209000320023, '2025-06-05 20:00:00+00:00': 10661.044559832195, '2025-06-05 21:00:00+00:00': 10751.044559832195, '2025-06-06 10:00:00+00:00': 10818.257013906927, '2025-06-07 21:00:00+00:00': 10763.35603962315, '2025-06-07 23:00:00+00:00': 10835.757013906927, '2025-06-08 03:00:00+00:00': 10833.257013906927, '2025-06-08 11:00:00+00:00': 10833.257013906927, '2025-06-09 12:00:00+00:00': 10818.41762550488, '2025-06-09 22:00:00+00:00': 10742.846043212989, '2025-06-10 00:00:00+00:00': 10780.346043212989, '2025-06-10 01:00:00+00:00': 10763.55082372687, '2025-06-10 20:00:00+00:00': 10893.55082372687, '2025-06-10 23:00:00+00:00': 10888.55082372687, '2025-06-11 04:00:00+00:00': 10873.55082372687, '2025-06-11 06:00:00+00:00': 10831.05082372687, '2025-06-11 16:00:00+00:00': 10858.55082372687, '2025-06-11 17:00:00+00:00': 10849.668991393075, '2025-06-11 23:00:00+00:00': 10939.668991393075, '2025-06-12 08:00:00+00:00': 10791.05082372687, '2025-06-12 21:00:00+00:00': 10952.168991393075, '2025-06-13 02:00:00+00:00': 11162.168991393075, '2025-06-13 11:00:00+00:00': 11126.491092006869, '2025-06-13 17:00:00+00:00': 11110.741092006869, '2025-06-15 02:00:00+00:00': 11157.168991393075, '2025-06-15 09:00:00+00:00': 11085.741092006869, '2025-06-15 12:00:00+00:00': 11085.741092006869, '2025-06-15 18:00:00+00:00': 11083.241092006869, '2025-06-16 06:00:00+00:00': 11108.306888207013, '2025-06-16 08:00:00+00:00': 11060.806888207013, '2025-06-16 14:00:00+00:00': 11178.241092006869, '2025-06-16 23:00:00+00:00': 11233.306888207013, '2025-06-17 15:00:00+00:00': 11263.306888207013, '2025-06-17 16:00:00+00:00': 11213.306888207013, '2025-06-17 17:00:00+00:00': 11168.306888207013, '2025-06-18 05:00:00+00:00': 11089.556888207013, '2025-06-18 06:00:00+00:00': 11190.806888207013, '2025-06-19 02:00:00+00:00': 11089.556888207013, '2025-06-19 10:00:00+00:00': 11105.806888207013, '2025-06-19 21:00:00+00:00': 11027.056888207013, '2025-06-20 02:00:00+00:00': 11039.556888207013, '2025-06-20 06:00:00+00:00': 11057.056888207013, '2025-06-20 17:00:00+00:00': 11144.556888207013, '2025-06-20 18:00:00+00:00': 11152.306888207013, '2025-06-20 23:00:00+00:00': 11242.306888207013, '2025-06-21 09:00:00+00:00': 11149.806888207013, '2025-06-21 10:00:00+00:00': 11222.306888207013, '2025-06-21 17:00:00+00:00': 11212.306888207013, '2025-06-21 22:00:00+00:00': 11604.806888207013, '2025-06-22 10:00:00+00:00': 11667.306888207013, '2025-06-22 14:00:00+00:00': 11900.458687285061, '2025-06-22 16:00:00+00:00': 11818.556888207013, '2025-06-23 01:00:00+00:00': 11785.208687285061, '2025-06-23 09:00:00+00:00': 11702.208687285061, '2025-06-23 14:00:00+00:00': 11725.208687285061, '2025-06-23 17:00:00+00:00': 11726.208687285061, '2025-06-23 18:00:00+00:00': 11659.208687285061, '2025-06-23 21:00:00+00:00': 11686.208687285061, '2025-06-23 23:00:00+00:00': 11621.208687285061, '2025-06-24 02:00:00+00:00': 11611.208687285061, '2025-06-24 04:00:00+00:00': 11651.208687285061, '2025-06-24 09:00:00+00:00': 11601.708687285061, '2025-06-24 16:00:00+00:00': 11611.208687285061, '2025-06-24 17:00:00+00:00': 11589.208687285061, '2025-06-25 02:00:00+00:00': 11581.708687285061, '2025-06-25 04:00:00+00:00': 11571.708687285061, '2025-06-25 14:00:00+00:00': 11564.208687285061, '2025-06-26 01:00:00+00:00': 11556.708687285061, '2025-06-30 19:00:00+00:00': 11644.208687285061, '2025-07-01 04:00:00+00:00': 11689.229548681571, '2025-07-02 01:00:00+00:00': 11656.386870146589, '2025-07-02 14:00:00+00:00': 11672.276676490812, '2025-07-02 15:00:00+00:00': 11691.151874176232, '2025-07-02 18:00:00+00:00': 11888.42199439315, '2025-07-02 20:00:00+00:00': 11767.664535155875, '2025-07-02 23:00:00+00:00': 11847.151399107712, '2025-07-03 05:00:00+00:00': 11875.16121053075, '2025-07-03 09:00:00+00:00': 11883.873679060574, '2025-07-03 13:00:00+00:00': 11887.11096680854, '2025-07-03 15:00:00+00:00': 11881.320057546582, '2025-07-03 18:00:00+00:00': 11921.11775679947, '2025-07-04 08:00:00+00:00': 11966.137702510765, '2025-07-04 20:00:00+00:00': 11868.660540039844, '2025-07-04 22:00:00+00:00': 12013.066375132697, '2025-07-05 00:00:00+00:00': 12064.804515248761, '2025-07-05 19:00:00+00:00': 11909.080598905717, '2025-07-06 13:00:00+00:00': 12069.621686193956, '2025-07-06 19:00:00+00:00': 12068.452786154727, '2025-07-06 21:00:00+00:00': 12103.092464228037, '2025-07-07 07:00:00+00:00': 12173.751734487621, '2025-07-07 13:00:00+00:00': 12195.921188938299, '2025-07-07 14:00:00+00:00': 12097.272578528591, '2025-07-07 17:00:00+00:00': 12203.281105550232, '2025-07-07 18:00:00+00:00': 12204.97070130288, '2025-07-08 03:00:00+00:00': 12268.665779380868, '2025-07-08 10:00:00+00:00': 12276.315062069018, '2025-07-08 16:00:00+00:00': 12307.100599219766, '2025-07-08 17:00:00+00:00': 12170.086981673145, '2025-07-08 18:00:00+00:00': 12343.324561773305, '2025-07-08 22:00:00+00:00': 12153.092464228037, '2025-07-09 04:00:00+00:00': 12408.410435311085, '2025-07-09 05:00:00+00:00': 12351.356510931922, '2025-07-09 10:00:00+00:00': 12419.088543325364, '2025-07-09 12:00:00+00:00': 12411.035151724262, '2025-07-09 13:00:00+00:00': 12446.994591128518, '2025-07-09 15:00:00+00:00': 12453.51220218474, '2025-07-09 20:00:00+00:00': 12406.045657987734, '2025-07-09 21:00:00+00:00': 12418.043445132827, '2025-07-10 01:00:00+00:00': 12429.144876400267, '2025-07-10 06:00:00+00:00': 12427.988938554932, '2025-07-10 10:00:00+00:00': 12442.83040985289, '2025-07-10 17:00:00+00:00': 12433.326246372082, '2025-07-10 19:00:00+00:00': 12480.587871118316, '2025-07-10 22:00:00+00:00': 12494.11653368527, '2025-07-11 01:00:00+00:00': 12512.89944861161, '2025-07-11 09:00:00+00:00': 12537.36322433635, '2025-07-11 10:00:00+00:00': 12531.547880780006, '2025-07-11 19:00:00+00:00': 12527.964408492686, '2025-07-11 23:00:00+00:00': 12537.364931085984, '2025-07-12 09:00:00+00:00': 12534.835861587302, '2025-07-12 16:00:00+00:00': 12559.070232938324, '2025-07-12 21:00:00+00:00': 12565.516746126601, '2025-07-13 17:00:00+00:00': 12576.012913872803, '2025-07-13 18:00:00+00:00': 12524.487469576727, '2025-07-13 20:00:00+00:00': 12528.957029302654, '2025-07-13 23:00:00+00:00': 12582.168471785386, '2025-07-14 05:00:00+00:00': 12576.186725981928, '2025-07-14 09:00:00+00:00': 12600.880633783157, '2025-07-14 11:00:00+00:00': 12579.459400717922, '2025-07-14 16:00:00+00:00': 12627.327865395855, '2025-07-14 19:00:00+00:00': 12648.122623340978, '2025-07-15 04:00:00+00:00': 12683.310621065633, '2025-07-15 12:00:00+00:00': 12686.727247844632, '2025-07-15 15:00:00+00:00': 12598.040055041358, '2025-07-15 16:00:00+00:00': 12729.227247844632, '2025-07-15 17:00:00+00:00': 12718.61318686458, '2025-07-15 18:00:00+00:00': 12607.65745163389, '2025-07-15 21:00:00+00:00': 12768.61318686458, '2025-07-16 00:00:00+00:00': 12746.495370627617, '2025-07-16 13:00:00+00:00': 12651.028170140866, '2025-07-16 15:00:00+00:00': 12685.797863070273, '2025-07-16 18:00:00+00:00': 12737.801864567991, '2025-07-17 06:00:00+00:00': 12701.954587151551, '2025-07-17 07:00:00+00:00': 12886.954587151551, '2025-07-17 09:00:00+00:00': 12889.156252606272, '2025-07-17 14:00:00+00:00': 12982.966007870951, '2025-07-17 17:00:00+00:00': 13004.592485562778, '2025-07-17 21:00:00+00:00': 13004.592485562778, '2025-07-17 22:00:00+00:00': 13086.092485562778, '2025-07-18 02:00:00+00:00': 12996.136720814517, '2025-07-18 09:00:00+00:00': 13010.765216884427, '2025-07-18 11:00:00+00:00': 13056.724585590468, '2025-07-18 17:00:00+00:00': 13096.640654219282, '2025-07-20 03:00:00+00:00': 13084.140654219282, '2025-07-20 05:00:00+00:00': 13083.375205223376, '2025-07-20 06:00:00+00:00': 13015.875205223376, '2025-07-20 08:00:00+00:00': 13010.647086017889, '2025-07-20 11:00:00+00:00': 12932.86779861857, '2025-07-20 12:00:00+00:00': 12937.955701684372, '2025-07-20 14:00:00+00:00': 12912.13348585649, '2025-07-20 15:00:00+00:00': 13000.458316733382, '2025-07-20 21:00:00+00:00': 13037.458316733382, '2025-07-21 14:00:00+00:00': 13035.672491698095, '2025-07-22 05:00:00+00:00': 13060.51763882562, '2025-07-22 09:00:00+00:00': 13208.422491698095, '2025-07-22 12:00:00+00:00': 13171.122777947725, '2025-07-22 13:00:00+00:00': 12984.63348585649, '2025-07-22 16:00:00+00:00': 13249.122777947725, '2025-07-23 11:00:00+00:00': 13220.122777947725, '2025-07-23 13:00:00+00:00': 13309.122777947725, '2025-07-23 17:00:00+00:00': 13313.73248878676, '2025-07-23 23:00:00+00:00': 13277.123808487037, '2025-07-24 01:00:00+00:00': 13303.123808487037, '2025-07-24 12:00:00+00:00': 13213.873808487037, '2025-07-24 15:00:00+00:00': 13053.727428429856, '2025-07-24 19:00:00+00:00': 13126.227428429856, '2025-07-25 03:00:00+00:00': 13166.227428429856, '2025-07-25 04:00:00+00:00': 13266.227428429856, '2025-07-25 07:00:00+00:00': 13279.194329590055}]",233,COMPLETE
30,185.5335676966081,2025-08-01 18:31:51.620554,2025-08-01 18:31:52.293468,0 days 00:00:00.672914,0.02,0.05,0.055,4,0.15,72,0.015,0.05,2.0,0.25,0.45,0.65,1.7777777777777777,"[{'2025-05-31 02:00:00+00:00': 10000.0, '2025-05-31 06:00:00+00:00': 10327.5, '2025-06-01 02:00:00+00:00': 10580.942674356946, '2025-06-01 13:00:00+00:00': 10495.0, '2025-06-01 14:00:00+00:00': 10407.5, '2025-06-02 10:00:00+00:00': 10553.442674356946, '2025-06-02 23:00:00+00:00': 10545.198786577954, '2025-06-03 00:00:00+00:00': 10585.198786577954, '2025-06-03 02:00:00+00:00': 10625.942674356946, '2025-06-03 03:00:00+00:00': 10519.610628454599, '2025-06-04 15:00:00+00:00': 10522.217469110428, '2025-06-04 16:00:00+00:00': 10484.610628454599, '2025-06-05 20:00:00+00:00': 10427.110628454599, '2025-06-05 21:00:00+00:00': 10699.899454755974, '2025-06-06 10:00:00+00:00': 10747.32940907826, '2025-06-08 21:00:00+00:00': 10704.789792002732, '2025-06-08 22:00:00+00:00': 10764.82940907826, '2025-06-09 03:00:00+00:00': 10752.32940907826, '2025-06-09 11:00:00+00:00': 10752.32940907826, '2025-06-09 22:00:00+00:00': 10877.704658918656, '2025-06-09 23:00:00+00:00': 10887.32940907826, '2025-06-10 00:00:00+00:00': 10879.82940907826, '2025-06-10 01:00:00+00:00': 10905.797159374892, '2025-06-10 12:00:00+00:00': 11071.963907370027, '2025-06-10 20:00:00+00:00': 10901.963907370027, '2025-06-10 23:00:00+00:00': 11011.963907370027, '2025-06-11 04:00:00+00:00': 10886.963907370027, '2025-06-11 16:00:00+00:00': 11001.963907370027, '2025-06-11 17:00:00+00:00': 10988.704299827228, '2025-06-11 23:00:00+00:00': 11003.704299827228, '2025-06-12 08:00:00+00:00': 10934.463907370027, '2025-06-12 21:00:00+00:00': 11093.704299827228, '2025-06-13 01:00:00+00:00': 11161.204299827228, '2025-06-13 02:00:00+00:00': 11281.204299827228, '2025-06-13 11:00:00+00:00': 11217.865412074982, '2025-06-14 17:00:00+00:00': 11195.365412074982, '2025-06-15 17:00:00+00:00': 11183.615412074982, '2025-06-16 02:00:00+00:00': 11246.204299827228, '2025-06-16 03:00:00+00:00': 11097.420720913307, '2025-06-16 06:00:00+00:00': 11129.920720913307, '2025-06-16 08:00:00+00:00': 11042.920720913307, '2025-06-16 10:00:00+00:00': 11087.920720913307, '2025-06-17 00:00:00+00:00': 11132.920720913307, '2025-06-17 16:00:00+00:00': 11097.920720913307, '2025-06-17 17:00:00+00:00': 11122.920720913307, '2025-06-18 05:00:00+00:00': 11070.420720913307, '2025-06-18 06:00:00+00:00': 11004.920720913307, '2025-06-18 21:00:00+00:00': 11012.920720913307, '2025-06-19 16:00:00+00:00': 10962.420720913307, '2025-06-20 07:00:00+00:00': 10987.420720913307, '2025-06-20 08:00:00+00:00': 10912.420720913307, '2025-06-20 15:00:00+00:00': 10902.670720913307, '2025-06-20 18:00:00+00:00': 11032.670720913307, '2025-06-21 10:00:00+00:00': 11038.920720913307, '2025-06-21 20:00:00+00:00': 11191.420720913307, '2025-06-21 22:00:00+00:00': 11495.170720913307, '2025-06-22 10:00:00+00:00': 11556.258976113286, '2025-06-22 14:00:00+00:00': 11753.7730706631, '2025-06-23 01:00:00+00:00': 11649.5230706631, '2025-06-23 02:00:00+00:00': 11683.7730706631, '2025-06-23 09:00:00+00:00': 11619.5230706631, '2025-06-23 14:00:00+00:00': 11562.0230706631, '2025-06-23 17:00:00+00:00': 11653.5230706631, '2025-06-23 18:00:00+00:00': 11626.5230706631, '2025-06-23 23:00:00+00:00': 11569.0230706631, '2025-06-24 02:00:00+00:00': 11551.5230706631, '2025-06-24 04:00:00+00:00': 11561.5230706631, '2025-06-24 09:00:00+00:00': 11534.0230706631, '2025-06-24 16:00:00+00:00': 11534.0230706631, '2025-06-24 17:00:00+00:00': 11521.5230706631, '2025-06-25 02:00:00+00:00': 11514.0230706631, '2025-06-25 04:00:00+00:00': 11504.0230706631, '2025-06-25 14:00:00+00:00': 11496.5230706631, '2025-06-26 01:00:00+00:00': 11489.0230706631, '2025-06-30 19:00:00+00:00': 11576.5230706631, '2025-07-01 04:00:00+00:00': 11617.792193609901, '2025-07-02 01:00:00+00:00': 11587.686404952834, '2025-07-02 14:00:00+00:00': 11602.252060768371, '2025-07-02 15:00:00+00:00': 11619.55432531334, '2025-07-02 18:00:00+00:00': 11800.392632426765, '2025-07-02 20:00:00+00:00': 11689.71002248026, '2025-07-02 23:00:00+00:00': 11762.57585646617, '2025-07-03 05:00:00+00:00': 11788.265009854353, '2025-07-03 09:00:00+00:00': 11793.898883606302, '2025-07-03 13:00:00+00:00': 11796.860167651354, '2025-07-03 15:00:00+00:00': 11793.898883606302, '2025-07-03 18:00:00+00:00': 11827.9666966887, '2025-07-04 08:00:00+00:00': 11880.141072313412, '2025-07-04 20:00:00+00:00': 11782.31779541999, '2025-07-04 22:00:00+00:00': 11923.034240958545, '2025-07-05 00:00:00+00:00': 11962.573166523063, '2025-07-06 13:00:00+00:00': 11966.975211006922, '2025-07-06 19:00:00+00:00': 11965.907042567726, '2025-07-06 21:00:00+00:00': 11971.23130407347, '2025-07-07 01:00:00+00:00': 11989.815872192015, '2025-07-07 07:00:00+00:00': 12008.63359382813, '2025-07-07 13:00:00+00:00': 12028.838118908221, '2025-07-07 14:00:00+00:00': 11982.377930432704, '2025-07-07 17:00:00+00:00': 12035.533365479743, '2025-07-07 18:00:00+00:00': 12037.070374764853, '2025-07-07 21:00:00+00:00': 11957.947448003304, '2025-07-08 03:00:00+00:00': 12095.00905562911, '2025-07-08 10:00:00+00:00': 12180.494964191688, '2025-07-08 16:00:00+00:00': 12208.586325858852, '2025-07-08 17:00:00+00:00': 12005.293559473821, '2025-07-08 18:00:00+00:00': 12241.627724609843, '2025-07-09 04:00:00+00:00': 12252.09217355958, '2025-07-09 05:00:00+00:00': 12248.951933763612, '2025-07-09 10:00:00+00:00': 12261.783200011972, '2025-07-09 12:00:00+00:00': 12254.474261861751, '2025-07-09 13:00:00+00:00': 12287.10752542194, '2025-07-09 15:00:00+00:00': 12293.018723458366, '2025-07-09 17:00:00+00:00': 12173.514683689798, '2025-07-09 20:00:00+00:00': 12249.65570560395, '2025-07-10 01:00:00+00:00': 12276.542047892182, '2025-07-10 06:00:00+00:00': 12275.486917960929, '2025-07-10 10:00:00+00:00': 12289.03420348163, '2025-07-10 17:00:00+00:00': 12280.359799628675, '2025-07-10 18:00:00+00:00': 12266.40789218444, '2025-07-10 19:00:00+00:00': 12323.442218722279, '2025-07-10 22:00:00+00:00': 12335.744585604893, '2025-07-11 01:00:00+00:00': 12352.823176418942, '2025-07-11 09:00:00+00:00': 12375.063980231538, '2025-07-11 10:00:00+00:00': 12369.777064728602, '2025-07-11 19:00:00+00:00': 12366.520801445959, '2025-07-11 23:00:00+00:00': 12378.075853106662, '2025-07-12 09:00:00+00:00': 12375.777004312542, '2025-07-12 16:00:00+00:00': 12397.805748486418, '2025-07-12 21:00:00+00:00': 12403.664473647475, '2025-07-13 17:00:00+00:00': 12413.203143499175, '2025-07-14 05:00:00+00:00': 12407.45622625203, '2025-07-14 09:00:00+00:00': 12384.479077605163, '2025-07-14 16:00:00+00:00': 12415.269724125043, '2025-07-14 18:00:00+00:00': 12362.306921558722, '2025-07-14 19:00:00+00:00': 12434.105001200736, '2025-07-14 20:00:00+00:00': 12370.43283325411, '2025-07-15 04:00:00+00:00': 12459.778542849206, '2025-07-15 12:00:00+00:00': 12462.873027542137, '2025-07-15 15:00:00+00:00': 12442.530987138012, '2025-07-15 16:00:00+00:00': 12505.373027542137, '2025-07-15 17:00:00+00:00': 12495.771140568651, '2025-07-15 21:00:00+00:00': 12545.771140568651, '2025-07-16 00:00:00+00:00': 12523.865855342952, '2025-07-16 13:00:00+00:00': 12433.474764777962, '2025-07-16 15:00:00+00:00': 12464.912305325639, '2025-07-16 18:00:00+00:00': 12511.951842621284, '2025-07-17 06:00:00+00:00': 12481.698398914537, '2025-07-17 07:00:00+00:00': 12666.698398914537, '2025-07-17 09:00:00+00:00': 12668.689831795778, '2025-07-17 14:00:00+00:00': 12757.097982362935, '2025-07-17 17:00:00+00:00': 12776.65993705856, '2025-07-17 21:00:00+00:00': 12776.65993705856, '2025-07-17 22:00:00+00:00': 12850.699911110536, '2025-07-18 02:00:00+00:00': 12769.377897612821, '2025-07-18 09:00:00+00:00': 12781.882550578835, '2025-07-18 11:00:00+00:00': 12823.451109482216, '2025-07-18 17:00:00+00:00': 12860.739618129432, '2025-07-20 03:00:00+00:00': 12848.239618129432, '2025-07-20 06:00:00+00:00': 12776.44764311198, '2025-07-20 08:00:00+00:00': 12771.721458793882, '2025-07-20 11:00:00+00:00': 12701.340088207686, '2025-07-20 12:00:00+00:00': 12705.937790101498, '2025-07-20 14:00:00+00:00': 12682.603451951023, '2025-07-20 15:00:00+00:00': 12771.234473800507, '2025-07-20 21:00:00+00:00': 12808.234473800507, '2025-07-21 14:00:00+00:00': 12804.012447414067, '2025-07-22 04:00:00+00:00': 12826.478396557275, '2025-07-22 05:00:00+00:00': 12959.762447414067, '2025-07-23 09:00:00+00:00': 12969.669768989808, '2025-07-23 14:00:00+00:00': 13032.169768989808, '2025-07-23 17:00:00+00:00': 13121.112639608244, '2025-07-23 23:00:00+00:00': 13085.460771510807, '2025-07-24 01:00:00+00:00': 13111.460771510807, '2025-07-24 12:00:00+00:00': 13022.210771510807, '2025-07-24 15:00:00+00:00': 12865.309252602134, '2025-07-24 19:00:00+00:00': 12937.809252602134, '2025-07-25 03:00:00+00:00': 12977.809252602134, '2025-07-25 04:00:00+00:00': 13077.809252602134, '2025-07-25 07:00:00+00:00': 13090.986750328184}]",221,COMPLETE
