number,value,datetime_start,datetime_complete,duration,params_CONVERGENCE_THRESHOLD,params_DAILY_LOSS_LIMIT,params_FIXED_TRADE_PCT,params_MAX_CONCURRENT_POSITIONS,params_MAX_DRAWDOWN_LIMIT,params_MAX_HOLD_HOURS,params_MAX_POSITION_PCT,params_MIN_DIV,params_MIN_TIME_BETWEEN_TRADES,params_STOP_LOSS_PCT,params_TAKE_PROFIT_PCT,params_TRAIL_PCT,user_attrs_cooldown_trades_pct,user_attrs_equity_curves,user_attrs_total_trades,state
6,201.36123508199444,2025-08-01 18:31:36.396634,2025-08-01 18:31:37.080981,0 days 00:00:00.684347,0.02,0.15,0.055,4,0.15,96,0.01,0.045,0.5,0.3,0.55,0.55,0.0,"[{'2025-05-31 02:00:00+00:00': 10000.0, '2025-05-31 03:00:00+00:00': 9939.018116169253, '2025-05-31 06:00:00+00:00': 10231.16079916144, '2025-06-01 14:00:00+00:00': 10311.16079916144, '2025-06-03 02:00:00+00:00': 10338.685013783885, '2025-06-03 03:00:00+00:00': 10409.685809913673, '2025-06-03 15:00:00+00:00': 10271.16079916144, '2025-06-04 04:00:00+00:00': 10498.294429050076, '2025-06-05 21:00:00+00:00': 10686.510410574232, '2025-06-06 02:00:00+00:00': 10811.938138244359, '2025-06-06 15:00:00+00:00': 10741.510410574232, '2025-06-06 22:00:00+00:00': 10944.438138244359, '2025-06-08 22:00:00+00:00': 10801.658782655859, '2025-06-09 22:00:00+00:00': 10809.438138244359, '2025-06-10 01:00:00+00:00': 10837.877786016266, '2025-06-10 22:00:00+00:00': 10968.238383076035, '2025-06-10 23:00:00+00:00': 10972.877786016266, '2025-06-11 00:00:00+00:00': 11015.859886156679, '2025-06-11 15:00:00+00:00': 11043.238383076035, '2025-06-11 16:00:00+00:00': 11008.238383076035, '2025-06-11 23:00:00+00:00': 11207.502526899105, '2025-06-12 21:00:00+00:00': 11132.502526899105, '2025-06-13 01:00:00+00:00': 11205.131240445051, '2025-06-13 02:00:00+00:00': 11222.502526899105, '2025-06-13 14:00:00+00:00': 11108.215551218664, '2025-06-16 03:00:00+00:00': 11145.131240445051, '2025-06-16 09:00:00+00:00': 11033.399198564977, '2025-06-16 14:00:00+00:00': 11010.899198564977, '2025-06-17 00:00:00+00:00': 11168.399198564977, '2025-06-17 02:00:00+00:00': 11215.131240445051, '2025-06-17 05:00:00+00:00': 11115.715551218664, '2025-06-17 16:00:00+00:00': 11115.899198564977, '2025-06-17 17:00:00+00:00': 11200.899198564977, '2025-06-19 08:00:00+00:00': 11008.399198564977, '2025-06-19 23:00:00+00:00': 11075.899198564977, '2025-06-20 04:00:00+00:00': 11173.399198564977, '2025-06-20 11:00:00+00:00': 10958.399198564977, '2025-06-20 18:00:00+00:00': 11215.899198564977, '2025-06-20 23:00:00+00:00': 11135.899198564977, '2025-06-21 10:00:00+00:00': 11368.399198564977, '2025-06-21 22:00:00+00:00': 11582.149198564977, '2025-06-22 10:00:00+00:00': 11644.268234238038, '2025-06-22 14:00:00+00:00': 11825.608926280413, '2025-06-23 01:00:00+00:00': 11712.358926280413, '2025-06-23 07:00:00+00:00': 11745.608926280413, '2025-06-23 09:00:00+00:00': 11682.358926280413, '2025-06-23 17:00:00+00:00': 11641.358926280413, '2025-06-23 18:00:00+00:00': 11614.358926280413, '2025-06-23 20:00:00+00:00': 11617.358926280413, '2025-06-23 23:00:00+00:00': 11554.108926280413, '2025-06-24 02:00:00+00:00': 11544.108926280413, '2025-06-24 09:00:00+00:00': 11512.108926280413, '2025-06-24 16:00:00+00:00': 11521.608926280413, '2025-06-24 21:00:00+00:00': 11497.108926280413, '2025-06-25 05:00:00+00:00': 11485.358926280413, '2025-06-25 14:00:00+00:00': 11475.358926280413, '2025-06-26 02:00:00+00:00': 11462.858926280413, '2025-06-30 19:00:00+00:00': 11550.358926280413, '2025-07-02 14:00:00+00:00': 11644.821913720982, '2025-07-02 15:00:00+00:00': 11711.635006019158, '2025-07-02 18:00:00+00:00': 11795.011239429039, '2025-07-02 20:00:00+00:00': 11757.009641978464, '2025-07-02 23:00:00+00:00': 11619.09292361571, '2025-07-03 05:00:00+00:00': 11815.70222046501, '2025-07-03 09:00:00+00:00': 11828.6372242945, '2025-07-03 13:00:00+00:00': 11831.606808522733, '2025-07-03 15:00:00+00:00': 11826.294723191173, '2025-07-03 18:00:00+00:00': 11873.654166668224, '2025-07-03 20:00:00+00:00': 11845.078746306222, '2025-07-04 08:00:00+00:00': 11935.681912827911, '2025-07-04 22:00:00+00:00': 11977.261683034472, '2025-07-05 00:00:00+00:00': 11981.915529159573, '2025-07-06 13:00:00+00:00': 11986.344341154123, '2025-07-06 19:00:00+00:00': 11985.269677503391, '2025-07-06 21:00:00+00:00': 11990.62631424462, '2025-07-07 01:00:00+00:00': 11998.109483894359, '2025-07-07 07:00:00+00:00': 12088.071086730526, '2025-07-07 13:00:00+00:00': 12108.408019717226, '2025-07-07 14:00:00+00:00': 11883.306668569723, '2025-07-07 17:00:00+00:00': 12115.146142695117, '2025-07-07 18:00:00+00:00': 12116.692994998553, '2025-07-08 03:00:00+00:00': 12176.387796142044, '2025-07-08 10:00:00+00:00': 12183.389526883002, '2025-07-08 16:00:00+00:00': 12211.567212648937, '2025-07-08 17:00:00+00:00': 12012.069874906188, '2025-07-08 18:00:00+00:00': 12244.705268487109, '2025-07-08 21:00:00+00:00': 12256.07659102074, '2025-07-09 04:00:00+00:00': 12259.227206089172, '2025-07-09 05:00:00+00:00': 12252.050903390073, '2025-07-09 06:00:00+00:00': 12276.63571551117, '2025-07-09 10:00:00+00:00': 12286.374610654677, '2025-07-09 12:00:00+00:00': 12279.029570105558, '2025-07-09 13:00:00+00:00': 12311.824025219728, '2025-07-09 14:00:00+00:00': 12162.882384641203, '2025-07-09 15:00:00+00:00': 12325.437657783366, '2025-07-09 20:00:00+00:00': 12289.263789885597, '2025-07-09 21:00:00+00:00': 12318.45139619553, '2025-07-10 01:00:00+00:00': 12353.510501790963, '2025-07-10 06:00:00+00:00': 12352.44573121603, '2025-07-10 10:00:00+00:00': 12366.11679727661, '2025-07-10 17:00:00+00:00': 12357.36313604103, '2025-07-10 18:00:00+00:00': 12337.567189147188, '2025-07-10 19:00:00+00:00': 12400.842468890096, '2025-07-10 22:00:00+00:00': 12413.259754805864, '2025-07-11 01:00:00+00:00': 12430.497880379582, '2025-07-11 09:00:00+00:00': 12452.494293326274, '2025-07-11 10:00:00+00:00': 12447.610138576216, '2025-07-11 20:00:00+00:00': 12441.716008726518, '2025-07-11 23:00:00+00:00': 12484.287839352379, '2025-07-12 09:00:00+00:00': 12469.269817083117, '2025-07-12 16:00:00+00:00': 12491.552377594344, '2025-07-12 21:00:00+00:00': 12497.478607291756, '2025-07-13 17:00:00+00:00': 12507.127182194141, '2025-07-13 23:00:00+00:00': 12503.803933199692, '2025-07-14 05:00:00+00:00': 12501.314048667247, '2025-07-14 09:00:00+00:00': 12480.55680284684, '2025-07-14 16:00:00+00:00': 12514.173400425114, '2025-07-14 19:00:00+00:00': 12533.208049125002, '2025-07-15 04:00:00+00:00': 12565.412626502839, '2025-07-15 12:00:00+00:00': 12568.538748840618, '2025-07-15 15:00:00+00:00': 12616.220189384712, '2025-07-15 16:00:00+00:00': 12611.038748840618, '2025-07-15 17:00:00+00:00': 12606.516008001938, '2025-07-15 20:00:00+00:00': 12649.517060812612, '2025-07-15 21:00:00+00:00': 12629.9103491186, '2025-07-15 23:00:00+00:00': 12716.854094264501, '2025-07-16 00:00:00+00:00': 12724.267060812612, '2025-07-16 13:00:00+00:00': 12641.40451595344, '2025-07-16 15:00:00+00:00': 12658.90451595344, '2025-07-16 18:00:00+00:00': 12734.02070816092, '2025-07-16 19:00:00+00:00': 12669.552676405197, '2025-07-16 20:00:00+00:00': 12703.488932120365, '2025-07-17 06:00:00+00:00': 12666.596015704808, '2025-07-17 07:00:00+00:00': 12851.596015704808, '2025-07-17 08:00:00+00:00': 12640.346015704808, '2025-07-17 09:00:00+00:00': 12853.629830165886, '2025-07-17 14:00:00+00:00': 12942.909341734416, '2025-07-17 17:00:00+00:00': 12962.818922843304, '2025-07-17 21:00:00+00:00': 12962.818922843304, '2025-07-17 22:00:00+00:00': 12912.42707135527, '2025-07-18 02:00:00+00:00': 12797.42707135527, '2025-07-18 09:00:00+00:00': 12826.707204775175, '2025-07-18 11:00:00+00:00': 12868.991042201014, '2025-07-18 12:00:00+00:00': 12867.822189507096, '2025-07-18 16:00:00+00:00': 12910.948400767971, '2025-07-18 17:00:00+00:00': 12923.448400767971, '2025-07-18 21:00:00+00:00': 12940.679179135033, '2025-07-20 03:00:00+00:00': 12893.034666422403, '2025-07-20 04:00:00+00:00': 12912.451985154852, '2025-07-20 06:00:00+00:00': 12865.679179135033, '2025-07-20 08:00:00+00:00': 12860.857551271107, '2025-07-20 09:00:00+00:00': 12795.29054829612, '2025-07-20 11:00:00+00:00': 12845.354226852569, '2025-07-20 14:00:00+00:00': 12776.12585123703, '2025-07-20 15:00:00+00:00': 12886.241574632117, '2025-07-20 21:00:00+00:00': 12923.241574632117, '2025-07-21 14:00:00+00:00': 12930.578051602191, '2025-07-22 09:00:00+00:00': 12953.530778662853, '2025-07-23 08:00:00+00:00': 12871.620019462245, '2025-07-23 10:00:00+00:00': 13122.828051602191, '2025-07-23 12:00:00+00:00': 13128.018581381299, '2025-07-23 17:00:00+00:00': 13107.57413300667, '2025-07-24 00:00:00+00:00': 13150.518581381299, '2025-07-24 12:00:00+00:00': 13107.57413300667, '2025-07-24 15:00:00+00:00': 12955.07413300667, '2025-07-25 05:00:00+00:00': 13162.1249061007, '2025-07-25 07:00:00+00:00': 13164.50702302014}]",217,COMPLETE
7,116.67906368337671,2025-08-01 18:31:37.086241,2025-08-01 18:31:37.589770,0 days 00:00:00.503529,0.02,0.05,0.06,2,0.2,96,0.02,0.045,1.0,0.3,0.45,0.55,1.7857142857142856,"[{'2025-05-31 02:00:00+00:00': 10000.0, '2025-05-31 03:00:00+00:00': 9933.474308548275, '2025-05-31 06:00:00+00:00': 10063.118192533224, '2025-06-01 14:00:00+00:00': 10143.118192533224, '2025-06-03 02:00:00+00:00': 9873.118192533224, '2025-06-03 03:00:00+00:00': 10219.355393639715, '2025-06-05 21:00:00+00:00': 10321.855393639715, '2025-06-06 14:00:00+00:00': 10369.355393639715, '2025-06-08 22:00:00+00:00': 10432.732775703987, '2025-06-10 00:00:00+00:00': 10582.074579837928, '2025-06-10 22:00:00+00:00': 10577.119868564496, '2025-06-11 00:00:00+00:00': 10649.619868564496, '2025-06-11 15:00:00+00:00': 10633.911573757234, '2025-06-12 20:00:00+00:00': 10738.911573757234, '2025-06-12 21:00:00+00:00': 10681.411573757234, '2025-06-13 01:00:00+00:00': 10743.911573757234, '2025-06-16 06:00:00+00:00': 10673.911573757234, '2025-06-17 03:00:00+00:00': 10683.911573757234, '2025-06-17 16:00:00+00:00': 10856.411573757234, '2025-06-17 17:00:00+00:00': 10791.411573757234, '2025-06-18 05:00:00+00:00': 10828.911573757234, '2025-06-19 23:00:00+00:00': 10731.411573757234, '2025-06-20 08:00:00+00:00': 10711.411573757234, '2025-06-20 15:00:00+00:00': 10686.411573757234, '2025-06-20 18:00:00+00:00': 10801.411573757234, '2025-06-21 22:00:00+00:00': 10993.911573757234, '2025-06-22 10:00:00+00:00': 11056.411573757234, '2025-06-22 14:00:00+00:00': 11190.161573757234, '2025-06-23 01:00:00+00:00': 11076.911573757234, '2025-06-23 07:00:00+00:00': 11110.161573757234, '2025-06-23 09:00:00+00:00': 11046.911573757234, '2025-06-23 17:00:00+00:00': 11005.911573757234, '2025-06-23 18:00:00+00:00': 10978.911573757234, '2025-06-23 20:00:00+00:00': 10981.911573757234, '2025-06-23 23:00:00+00:00': 10918.661573757234, '2025-06-24 02:00:00+00:00': 10908.661573757234, '2025-06-24 09:00:00+00:00': 10883.661573757234, '2025-06-24 17:00:00+00:00': 10883.661573757234, '2025-06-25 05:00:00+00:00': 10883.661573757234, '2025-06-25 12:00:00+00:00': 10871.161573757234, '2025-06-26 02:00:00+00:00': 10858.661573757234, '2025-06-30 19:00:00+00:00': 10946.161573757234, '2025-07-02 14:00:00+00:00': 11046.729562962984, '2025-07-02 20:00:00+00:00': 11096.240614152119, '2025-07-02 23:00:00+00:00': 11018.661573757234, '2025-07-03 05:00:00+00:00': 11107.785434695194, '2025-07-03 13:00:00+00:00': 11096.240614152119, '2025-07-03 15:00:00+00:00': 11113.886959120484, '2025-07-03 18:00:00+00:00': 11110.120799043481, '2025-07-03 20:00:00+00:00': 11114.803318014428, '2025-07-04 17:00:00+00:00': 11090.36366896383, '2025-07-07 14:00:00+00:00': 11122.38786513892, '2025-07-07 17:00:00+00:00': 11129.534408237927, '2025-07-07 19:00:00+00:00': 11112.813914501972, '2025-07-08 17:00:00+00:00': 11174.789370202157, '2025-07-09 13:00:00+00:00': 11180.340846791887, '2025-07-09 15:00:00+00:00': 11259.67963119709, '2025-07-09 20:00:00+00:00': 11214.488054714839, '2025-07-09 21:00:00+00:00': 11225.996943328248, '2025-07-10 01:00:00+00:00': 11251.873960215666, '2025-07-10 06:00:00+00:00': 11250.765626605222, '2025-07-10 10:00:00+00:00': 11258.446194418644, '2025-07-10 17:00:00+00:00': 11249.339181232937, '2025-07-10 18:00:00+00:00': 11245.91259378644, '2025-07-10 19:00:00+00:00': 11257.340171333131, '2025-07-10 22:00:00+00:00': 11270.218399984453, '2025-07-11 01:00:00+00:00': 11288.098265932958, '2025-07-11 09:00:00+00:00': 11310.9168205662, '2025-07-11 10:00:00+00:00': 11305.850114814153, '2025-07-11 20:00:00+00:00': 11299.733650441387, '2025-07-11 23:00:00+00:00': 11343.90153446457, '2025-07-13 14:00:00+00:00': 11333.724369881744, '2025-07-15 15:00:00+00:00': 11308.559318141384, '2025-07-15 16:00:00+00:00': 11398.82277822219, '2025-07-15 17:00:00+00:00': 11388.811530123607, '2025-07-15 21:00:00+00:00': 11411.385092839402, '2025-07-16 00:00:00+00:00': 11486.135092839402, '2025-07-16 15:00:00+00:00': 11427.71929192384, '2025-07-16 19:00:00+00:00': 11361.225065285178, '2025-07-16 20:00:00+00:00': 11396.22791890637, '2025-07-17 06:00:00+00:00': 11357.607010090656, '2025-07-17 07:00:00+00:00': 11427.607010090656, '2025-07-17 08:00:00+00:00': 11331.357010090656, '2025-07-17 09:00:00+00:00': 11429.666545402737, '2025-07-17 17:00:00+00:00': 11491.853197478567, '2025-07-17 21:00:00+00:00': 11491.853197478567, '2025-07-17 22:00:00+00:00': 11567.925325080785, '2025-07-18 02:00:00+00:00': 11452.925325080785, '2025-07-18 09:00:00+00:00': 11481.252365893608, '2025-07-18 11:00:00+00:00': 11523.873507288414, '2025-07-18 12:00:00+00:00': 11522.694935184918, '2025-07-20 03:00:00+00:00': 11548.116826647089, '2025-07-20 06:00:00+00:00': 11568.90840619088, '2025-07-20 14:00:00+00:00': 11499.225073287827, '2025-07-20 15:00:00+00:00': 11514.054096210026, '2025-07-22 05:00:00+00:00': 11554.71281999286, '2025-07-23 00:00:00+00:00': 11527.249890836867, '2025-07-23 14:00:00+00:00': 11633.749890836867, '2025-07-24 00:00:00+00:00': 11625.893632942205, '2025-07-24 15:00:00+00:00': 11564.643632942205, '2025-07-25 07:00:00+00:00': 11677.143632942205}]",110,COMPLETE
8,160.86765303395114,2025-08-01 18:31:37.594771,2025-08-01 18:31:38.096676,0 days 00:00:00.501905,0.025,0.05,0.06,2,0.25,96,0.015,0.04,2.0,0.3,0.55,0.55,0.0,"[{'2025-05-31 02:00:00+00:00': 10000.0, '2025-05-31 03:00:00+00:00': 9933.474308548275, '2025-05-31 06:00:00+00:00': 10123.474308548275, '2025-06-01 13:00:00+00:00': 10208.474308548275, '2025-06-03 02:00:00+00:00': 10283.015080259012, '2025-06-04 09:00:00+00:00': 10185.974308548275, '2025-06-05 13:00:00+00:00': 10452.77571779659, '2025-06-05 20:00:00+00:00': 10413.975062745762, '2025-06-05 21:00:00+00:00': 10395.270931576506, '2025-06-08 22:00:00+00:00': 10459.099093507366, '2025-06-09 22:00:00+00:00': 10536.599093507366, '2025-06-10 01:00:00+00:00': 10566.841065697101, '2025-06-10 22:00:00+00:00': 10561.907646836898, '2025-06-11 15:00:00+00:00': 10539.407646836898, '2025-06-12 21:00:00+00:00': 10519.407646836898, '2025-06-13 02:00:00+00:00': 10729.407646836898, '2025-06-16 03:00:00+00:00': 10659.407646836898, '2025-06-16 14:00:00+00:00': 10644.407646836898, '2025-06-17 00:00:00+00:00': 10674.407646836898, '2025-06-17 05:00:00+00:00': 10666.907646836898, '2025-06-19 23:00:00+00:00': 10649.407646836898, '2025-06-20 15:00:00+00:00': 10744.407646836898, '2025-06-20 18:00:00+00:00': 10726.907646836898, '2025-06-21 10:00:00+00:00': 10733.157646836898, '2025-06-21 22:00:00+00:00': 10938.157646836898, '2025-06-22 10:00:00+00:00': 11000.657646836898, '2025-06-22 14:00:00+00:00': 11041.907646836898, '2025-06-23 03:00:00+00:00': 10939.657646836898, '2025-06-23 09:00:00+00:00': 10916.657646836898, '2025-06-23 17:00:00+00:00': 10940.657646836898, '2025-06-23 18:00:00+00:00': 10913.657646836898, '2025-06-23 19:00:00+00:00': 10974.407646836898, '2025-06-23 23:00:00+00:00': 10856.157646836898, '2025-06-24 02:00:00+00:00': 10836.907646836898, '2025-06-24 06:00:00+00:00': 10846.907646836898, '2025-06-24 09:00:00+00:00': 10803.657646836898, '2025-06-24 17:00:00+00:00': 10811.907646836898, '2025-06-25 05:00:00+00:00': 10791.907646836898, '2025-06-25 14:00:00+00:00': 10779.407646836898, '2025-06-26 02:00:00+00:00': 10766.907646836898, '2025-06-30 19:00:00+00:00': 10854.407646836898, '2025-07-01 07:00:00+00:00': 10877.98475776973, '2025-07-01 08:00:00+00:00': 10898.945598405802, '2025-07-02 15:00:00+00:00': 10894.937629960488, '2025-07-02 20:00:00+00:00': 10953.671842658478, '2025-07-02 23:00:00+00:00': 11018.671842658478, '2025-07-03 05:00:00+00:00': 11030.232659666452, '2025-07-03 13:00:00+00:00': 11018.671842658478, '2025-07-03 14:00:00+00:00': 11040.925122351578, '2025-07-03 18:00:00+00:00': 11037.153743895715, '2025-07-03 20:00:00+00:00': 11041.844843303983, '2025-07-04 17:00:00+00:00': 11017.360406040743, '2025-07-07 12:00:00+00:00': 11049.44328990403, '2025-07-07 13:00:00+00:00': 11061.73790939008, '2025-07-07 17:00:00+00:00': 11068.906108253957, '2025-07-07 19:00:00+00:00': 11039.851794001412, '2025-07-08 17:00:00+00:00': 11103.378117958777, '2025-07-09 08:00:00+00:00': 11108.946418161462, '2025-07-09 10:00:00+00:00': 11196.122314118393, '2025-07-09 12:00:00+00:00': 11190.82618491432, '2025-07-09 13:00:00+00:00': 11217.640548707874, '2025-07-09 15:00:00+00:00': 11223.874906645633, '2025-07-09 20:00:00+00:00': 11178.471242014537, '2025-07-09 21:00:00+00:00': 11189.947609486966, '2025-07-10 01:00:00+00:00': 11195.892130637332, '2025-07-10 03:00:00+00:00': 11188.378117958777, '2025-07-10 06:00:00+00:00': 11194.777847076342, '2025-07-10 09:00:00+00:00': 11199.341457061377, '2025-07-10 10:00:00+00:00': 11213.650996888318, '2025-07-10 16:00:00+00:00': 11218.233840357236, '2025-07-10 18:00:00+00:00': 11225.916597072543, '2025-07-10 19:00:00+00:00': 11233.970203413719, '2025-07-10 22:00:00+00:00': 11246.933122081356, '2025-07-11 01:00:00+00:00': 11264.930569894566, '2025-07-11 06:00:00+00:00': 11279.82106062622, '2025-07-11 08:00:00+00:00': 11283.076095703935, '2025-07-11 20:00:00+00:00': 11271.824542996132, '2025-07-11 23:00:00+00:00': 11309.602777734819, '2025-07-13 14:00:00+00:00': 11299.363382067791, '2025-07-15 13:00:00+00:00': 11274.044451666923, '2025-07-15 16:00:00+00:00': 11336.931818272009, '2025-07-15 17:00:00+00:00': 11326.89219048185, '2025-07-15 21:00:00+00:00': 11376.89219048185, '2025-07-16 00:00:00+00:00': 11353.974053524957, '2025-07-16 15:00:00+00:00': 11294.256726117581, '2025-07-16 20:00:00+00:00': 11262.889627405373, '2025-07-17 06:00:00+00:00': 11219.355036007899, '2025-07-17 07:00:00+00:00': 11289.355036007899, '2025-07-17 17:00:00+00:00': 11351.262418726079, '2025-07-17 21:00:00+00:00': 11351.262418726079, '2025-07-17 22:00:00+00:00': 11426.98515704277, '2025-07-18 02:00:00+00:00': 11343.814874687576, '2025-07-18 09:00:00+00:00': 11372.096112780553, '2025-07-18 11:00:00+00:00': 11414.64833895715, '2025-07-20 03:00:00+00:00': 11440.031950308039, '2025-07-20 06:00:00+00:00': 11460.792222032747, '2025-07-20 08:00:00+00:00': 11445.13708108454, '2025-07-20 11:00:00+00:00': 11440.39363694072, '2025-07-20 14:00:00+00:00': 11466.134673940234, '2025-07-20 15:00:00+00:00': 11481.046531318536, '2025-07-23 08:00:00+00:00': 11531.55257160462, '2025-07-24 15:00:00+00:00': 11503.55257160462, '2025-07-25 07:00:00+00:00': 11616.05257160462}]",114,COMPLETE
