number,value,datetime_start,datetime_complete,duration,params_CONVERGENCE_THRESHOLD,params_DAILY_LOSS_LIMIT,params_FIXED_TRADE_PCT,params_MAX_CONCURRENT_POSITIONS,params_MAX_DRAWDOWN_LIMIT,params_MAX_HOLD_HOURS,params_MAX_POSITION_PCT,params_MIN_DIV,params_MIN_TIME_BETWEEN_TRADES,params_STOP_LOSS_PCT,params_TAKE_PROFIT_PCT,params_TRAIL_PCT,user_attrs_cooldown_trades_pct,user_attrs_equity_curves,user_attrs_total_trades,state
15,227.7253158711407,2025-08-01 18:31:41.732983,2025-08-01 18:31:42.350539,0 days 00:00:00.617556,0.03,0.1,0.055,3,0.15,72,0.02,0.05,0.5,0.35,0.5,0.65,0.0,"[{'2025-05-31 02:00:00+00:00': 10000.0, '2025-05-31 06:00:00+00:00': 10288.512122673941, '2025-06-01 13:00:00+00:00': 10373.512122673941, '2025-06-03 02:00:00+00:00': 10439.243991232981, '2025-06-03 04:00:00+00:00': 10151.012122673941, '2025-06-03 08:00:00+00:00': 10348.512122673941, '2025-06-03 15:00:00+00:00': 10613.179158855515, '2025-06-04 07:00:00+00:00': 10598.346009622974, '2025-06-05 21:00:00+00:00': 10700.679158855515, '2025-06-06 00:00:00+00:00': 10832.028791125393, '2025-06-06 15:00:00+00:00': 10755.679158855515, '2025-06-07 23:00:00+00:00': 10821.735806616298, '2025-06-09 01:00:00+00:00': 10877.028791125393, '2025-06-09 16:00:00+00:00': 10857.028791125393, '2025-06-09 22:00:00+00:00': 10840.440559827888, '2025-06-09 23:00:00+00:00': 10975.440559827888, '2025-06-10 00:00:00+00:00': 11027.940559827888, '2025-06-10 01:00:00+00:00': 11056.461775016958, '2025-06-10 23:00:00+00:00': 11191.461775016958, '2025-06-11 15:00:00+00:00': 11261.032534523765, '2025-06-11 16:00:00+00:00': 11241.032534523765, '2025-06-11 23:00:00+00:00': 11318.532534523765, '2025-06-12 05:00:00+00:00': 11245.798548063727, '2025-06-12 21:00:00+00:00': 11203.298548063727, '2025-06-13 01:00:00+00:00': 11258.298548063727, '2025-06-13 02:00:00+00:00': 11378.298548063727, '2025-06-13 17:00:00+00:00': 11273.902212630548, '2025-06-16 02:00:00+00:00': 11385.798548063727, '2025-06-16 03:00:00+00:00': 11315.798548063727, '2025-06-16 10:00:00+00:00': 11243.902212630548, '2025-06-16 20:00:00+00:00': 11123.902212630548, '2025-06-17 00:00:00+00:00': 11226.402212630548, '2025-06-17 15:00:00+00:00': 11153.902212630548, '2025-06-17 16:00:00+00:00': 11181.402212630548, '2025-06-19 23:00:00+00:00': 11171.367047196982, '2025-06-20 01:00:00+00:00': 11201.367047196982, '2025-06-20 08:00:00+00:00': 11088.867047196982, '2025-06-20 17:00:00+00:00': 11061.367047196982, '2025-06-20 18:00:00+00:00': 11176.617047196982, '2025-06-20 23:00:00+00:00': 11266.617047196982, '2025-06-21 22:00:00+00:00': 11596.617047196982, '2025-06-22 10:00:00+00:00': 11658.813678900786, '2025-06-22 14:00:00+00:00': 11867.666138557892, '2025-06-23 03:00:00+00:00': 11732.416138557892, '2025-06-23 08:00:00+00:00': 11772.666138557892, '2025-06-23 09:00:00+00:00': 11709.416138557892, '2025-06-23 17:00:00+00:00': 11668.416138557892, '2025-06-23 18:00:00+00:00': 11641.416138557892, '2025-06-23 21:00:00+00:00': 11644.416138557892, '2025-06-24 02:00:00+00:00': 11588.666138557892, '2025-06-24 09:00:00+00:00': 11575.666138557892, '2025-06-24 17:00:00+00:00': 11550.666138557892, '2025-06-25 05:00:00+00:00': 11538.916138557892, '2025-06-25 14:00:00+00:00': 11523.916138557892, '2025-06-26 02:00:00+00:00': 11511.416138557892, '2025-06-30 19:00:00+00:00': 11598.916138557892, '2025-07-01 04:00:00+00:00': 11603.656414236188, '2025-07-01 07:00:00+00:00': 11625.268765924617, '2025-07-01 08:00:00+00:00': 11714.789863389751, '2025-07-01 18:00:00+00:00': 11705.93828954692, '2025-07-02 14:00:00+00:00': 11692.687759650062, '2025-07-02 15:00:00+00:00': 11670.122589457676, '2025-07-02 17:00:00+00:00': 11850.459964437196, '2025-07-02 20:00:00+00:00': 11815.620959450554, '2025-07-02 23:00:00+00:00': 11861.10183205855, '2025-07-03 05:00:00+00:00': 11878.448125799834, '2025-07-03 13:00:00+00:00': 11889.380013314514, '2025-07-03 14:00:00+00:00': 11898.062303762721, '2025-07-03 17:00:00+00:00': 11938.768883286004, '2025-07-03 18:00:00+00:00': 11936.545412909822, '2025-07-04 08:00:00+00:00': 11965.349378366134, '2025-07-04 17:00:00+00:00': 11995.666437582397, '2025-07-04 22:00:00+00:00': 11994.417996666802, '2025-07-05 00:00:00+00:00': 11999.062076565748, '2025-07-06 13:00:00+00:00': 12003.481594574556, '2025-07-06 18:00:00+00:00': 11943.997463634923, '2025-07-06 19:00:00+00:00': 11943.997463634923, '2025-07-06 21:00:00+00:00': 12008.826990263882, '2025-07-07 01:00:00+00:00': 12091.923208527474, '2025-07-07 09:00:00+00:00': 12084.451257538218, '2025-07-07 11:00:00+00:00': 12111.55026777298, '2025-07-07 12:00:00+00:00': 12112.52203620792, '2025-07-07 13:00:00+00:00': 12124.06701427334, '2025-07-07 14:00:00+00:00': 12127.969983278601, '2025-07-07 15:00:00+00:00': 12132.461204506611, '2025-07-07 17:00:00+00:00': 12139.751907276242, '2025-07-07 18:00:00+00:00': 12133.563051874346, '2025-07-08 03:00:00+00:00': 12170.653759532675, '2025-07-08 14:00:00+00:00': 12165.417339187681, '2025-07-08 16:00:00+00:00': 12194.496740127968, '2025-07-08 17:00:00+00:00': 12166.2874684244, '2025-07-08 18:00:00+00:00': 12237.987727429785, '2025-07-09 01:00:00+00:00': 12204.869706491354, '2025-07-09 04:00:00+00:00': 12248.479506934687, '2025-07-09 05:00:00+00:00': 12245.328921243641, '2025-07-09 08:00:00+00:00': 12252.759793363157, '2025-07-09 09:00:00+00:00': 12262.485681153394, '2025-07-09 12:00:00+00:00': 12255.149728140303, '2025-07-09 13:00:00+00:00': 12287.903606552394, '2025-07-09 15:00:00+00:00': 12301.472280536613, '2025-07-09 19:00:00+00:00': 12068.454690970317, '2025-07-09 20:00:00+00:00': 12278.299083817097, '2025-07-09 21:00:00+00:00': 12298.42227313241, '2025-07-09 23:00:00+00:00': 12287.422878019197, '2025-07-10 01:00:00+00:00': 12308.579062022787, '2025-07-10 03:00:00+00:00': 12312.312118403459, '2025-07-10 06:00:00+00:00': 12311.254266371117, '2025-07-10 07:00:00+00:00': 12315.586757907826, '2025-07-10 09:00:00+00:00': 12324.915624928904, '2025-07-10 10:00:00+00:00': 12331.170719290429, '2025-07-10 16:00:00+00:00': 12335.521657819745, '2025-07-10 17:00:00+00:00': 12340.384138353478, '2025-07-10 19:00:00+00:00': 12348.027745756368, '2025-07-10 22:00:00+00:00': 12360.329949737616, '2025-07-11 01:00:00+00:00': 12377.408314406093, '2025-07-11 06:00:00+00:00': 12391.536367585535, '2025-07-11 08:00:00+00:00': 12397.450725943936, '2025-07-11 10:00:00+00:00': 12413.974587964174, '2025-07-11 20:00:00+00:00': 12403.281705633834, '2025-07-11 23:00:00+00:00': 12432.524988093313, '2025-07-14 03:00:00+00:00': 12420.669661687505, '2025-07-14 05:00:00+00:00': 12451.085525066774, '2025-07-14 08:00:00+00:00': 12473.86584569517, '2025-07-14 16:00:00+00:00': 12491.776823736582, '2025-07-14 17:00:00+00:00': 12399.784056057433, '2025-07-14 19:00:00+00:00': 12510.678289886395, '2025-07-15 04:00:00+00:00': 12515.467632796552, '2025-07-15 12:00:00+00:00': 12518.571882130454, '2025-07-15 13:00:00+00:00': 12468.385234433596, '2025-07-15 15:00:00+00:00': 12566.225148240588, '2025-07-15 16:00:00+00:00': 12561.071882130454, '2025-07-15 17:00:00+00:00': 12556.580895209016, '2025-07-15 18:00:00+00:00': 12483.488385962339, '2025-07-15 20:00:00+00:00': 12550.080895209016, '2025-07-15 21:00:00+00:00': 12600.080895209016, '2025-07-15 23:00:00+00:00': 12632.500299726858, '2025-07-16 00:00:00+00:00': 12639.830895209016, '2025-07-16 06:00:00+00:00': 12647.500299726858, '2025-07-16 13:00:00+00:00': 12637.399319395276, '2025-07-16 14:00:00+00:00': 12632.500299726858, '2025-07-16 18:00:00+00:00': 12729.104622638733, '2025-07-16 20:00:00+00:00': 12654.659864111449, '2025-07-17 02:00:00+00:00': 12734.64913260038, '2025-07-17 06:00:00+00:00': 12664.64913260038, '2025-07-17 07:00:00+00:00': 12649.64913260038, '2025-07-17 08:00:00+00:00': 12651.112958154616, '2025-07-17 14:00:00+00:00': 12706.709744533513, '2025-07-17 17:00:00+00:00': 12726.2062807393, '2025-07-17 21:00:00+00:00': 12726.939145511858, '2025-07-17 22:00:00+00:00': 12800.490875498239, '2025-07-18 02:00:00+00:00': 12685.783546909732, '2025-07-18 05:00:00+00:00': 12719.567197550545, '2025-07-18 08:00:00+00:00': 12765.883297955019, '2025-07-18 09:00:00+00:00': 12728.248392652957, '2025-07-18 11:00:00+00:00': 12807.302788425293, '2025-07-18 12:00:00+00:00': 12806.157828886042, '2025-07-18 15:00:00+00:00': 12845.21201014289, '2025-07-18 17:00:00+00:00': 12857.71201014289, '2025-07-20 03:00:00+00:00': 12830.854923825857, '2025-07-20 06:00:00+00:00': 12861.203502564813, '2025-07-20 08:00:00+00:00': 12845.940923940649, '2025-07-20 11:00:00+00:00': 12841.322725461132, '2025-07-20 14:00:00+00:00': 12842.416992903813, '2025-07-20 15:00:00+00:00': 12856.901888717917, '2025-07-20 18:00:00+00:00': 12936.116305564958, '2025-07-20 21:00:00+00:00': 12940.63159668173, '2025-07-21 03:00:00+00:00': 12960.674863079306, '2025-07-21 10:00:00+00:00': 12967.951734619577, '2025-07-22 09:00:00+00:00': 12988.131179271526, '2025-07-22 10:00:00+00:00': 12900.116305564958, '2025-07-23 00:00:00+00:00': 12888.881179271526, '2025-07-23 14:00:00+00:00': 13084.631179271526, '2025-07-23 17:00:00+00:00': 13014.631179271526, '2025-07-24 01:00:00+00:00': 13034.14740892714, '2025-07-24 04:00:00+00:00': 13073.14740892714, '2025-07-24 12:00:00+00:00': 12986.39740892714, '2025-07-24 15:00:00+00:00': 12958.89740892714, '2025-07-25 04:00:00+00:00': 13176.14740892714, '2025-07-25 05:00:00+00:00': 13167.598199629329, '2025-07-25 07:00:00+00:00': 13169.963914001904}]",215,COMPLETE
16,263.4305367803423,2025-08-01 18:31:42.356048,2025-08-01 18:31:42.968236,0 days 00:00:00.612188,0.03,0.1,0.055,3,0.15,72,0.01,0.05,0.5,0.35,0.55,0.65,0.0,"[{'2025-05-31 02:00:00+00:00': 10000.0, '2025-05-31 06:00:00+00:00': 10288.512122673941, '2025-06-01 13:00:00+00:00': 10373.512122673941, '2025-06-03 02:00:00+00:00': 10439.243991232981, '2025-06-03 04:00:00+00:00': 10151.012122673941, '2025-06-03 08:00:00+00:00': 10348.512122673941, '2025-06-03 15:00:00+00:00': 10613.179158855515, '2025-06-04 07:00:00+00:00': 10598.346009622974, '2025-06-05 21:00:00+00:00': 10700.679158855515, '2025-06-06 00:00:00+00:00': 10832.028791125393, '2025-06-06 15:00:00+00:00': 10755.679158855515, '2025-06-07 23:00:00+00:00': 10821.735806616298, '2025-06-09 01:00:00+00:00': 10877.028791125393, '2025-06-09 16:00:00+00:00': 10857.028791125393, '2025-06-09 22:00:00+00:00': 10840.440559827888, '2025-06-09 23:00:00+00:00': 10975.440559827888, '2025-06-10 00:00:00+00:00': 11027.940559827888, '2025-06-10 01:00:00+00:00': 11056.461775016958, '2025-06-10 23:00:00+00:00': 11191.461775016958, '2025-06-11 15:00:00+00:00': 11186.032534523765, '2025-06-11 16:00:00+00:00': 11263.532534523765, '2025-06-12 03:00:00+00:00': 11343.532534523765, '2025-06-12 05:00:00+00:00': 11270.652964044615, '2025-06-12 21:00:00+00:00': 11326.032534523765, '2025-06-13 01:00:00+00:00': 11465.652964044615, '2025-06-13 02:00:00+00:00': 11555.652964044615, '2025-06-13 17:00:00+00:00': 11450.60358720361, '2025-06-16 02:00:00+00:00': 11563.152964044615, '2025-06-16 03:00:00+00:00': 11493.152964044615, '2025-06-16 10:00:00+00:00': 11420.60358720361, '2025-06-16 20:00:00+00:00': 11300.60358720361, '2025-06-17 00:00:00+00:00': 11403.10358720361, '2025-06-17 15:00:00+00:00': 11330.60358720361, '2025-06-17 16:00:00+00:00': 11358.10358720361, '2025-06-19 23:00:00+00:00': 11347.675510626379, '2025-06-20 01:00:00+00:00': 11377.675510626379, '2025-06-20 08:00:00+00:00': 11265.175510626379, '2025-06-20 17:00:00+00:00': 11237.675510626379, '2025-06-20 18:00:00+00:00': 11352.925510626379, '2025-06-20 23:00:00+00:00': 11442.925510626379, '2025-06-21 22:00:00+00:00': 11772.925510626379, '2025-06-22 10:00:00+00:00': 11835.425510626379, '2025-06-22 14:00:00+00:00': 12045.415648895772, '2025-06-23 03:00:00+00:00': 11910.165648895772, '2025-06-23 08:00:00+00:00': 11950.415648895772, '2025-06-23 09:00:00+00:00': 11887.165648895772, '2025-06-23 17:00:00+00:00': 11846.165648895772, '2025-06-23 18:00:00+00:00': 11819.165648895772, '2025-06-23 21:00:00+00:00': 11822.165648895772, '2025-06-24 02:00:00+00:00': 11766.415648895772, '2025-06-24 09:00:00+00:00': 11753.415648895772, '2025-06-24 17:00:00+00:00': 11728.415648895772, '2025-06-25 05:00:00+00:00': 11716.665648895772, '2025-06-25 14:00:00+00:00': 11701.665648895772, '2025-06-26 02:00:00+00:00': 11689.165648895772, '2025-06-30 19:00:00+00:00': 11776.665648895772, '2025-07-01 04:00:00+00:00': 11781.405924574068, '2025-07-01 07:00:00+00:00': 11803.018276262497, '2025-07-01 08:00:00+00:00': 11892.539373727632, '2025-07-01 18:00:00+00:00': 11883.687799884801, '2025-07-02 14:00:00+00:00': 11870.437269987942, '2025-07-02 15:00:00+00:00': 11847.872099795557, '2025-07-02 17:00:00+00:00': 12028.209474775076, '2025-07-02 20:00:00+00:00': 11993.370469788435, '2025-07-02 23:00:00+00:00': 12038.85134239643, '2025-07-03 00:00:00+00:00': 12059.606071322367, '2025-07-03 05:00:00+00:00': 12045.505691611388, '2025-07-03 13:00:00+00:00': 12085.406172628836, '2025-07-03 14:00:00+00:00': 12084.37440977704, '2025-07-03 17:00:00+00:00': 12126.150353656223, '2025-07-03 18:00:00+00:00': 12123.924829414758, '2025-07-04 08:00:00+00:00': 12152.75540168594, '2025-07-04 17:00:00+00:00': 12183.100465392874, '2025-07-04 22:00:00+00:00': 12181.850871266748, '2025-07-05 00:00:00+00:00': 12186.49924099774, '2025-07-06 13:00:00+00:00': 12190.922841406162, '2025-07-06 18:00:00+00:00': 12131.383763752268, '2025-07-06 19:00:00+00:00': 12131.383763752268, '2025-07-06 21:00:00+00:00': 12196.273174747344, '2025-07-07 01:00:00+00:00': 12279.446150695532, '2025-07-07 09:00:00+00:00': 12271.967297711584, '2025-07-07 11:00:00+00:00': 12299.091339859036, '2025-07-07 12:00:00+00:00': 12300.06400593645, '2025-07-07 13:00:00+00:00': 12311.61964833538, '2025-07-07 14:00:00+00:00': 12315.526222593324, '2025-07-07 15:00:00+00:00': 12320.021592454686, '2025-07-07 17:00:00+00:00': 12327.319029796305, '2025-07-07 18:00:00+00:00': 12321.12445762148, '2025-07-08 03:00:00+00:00': 12358.24942672876, '2025-07-08 14:00:00+00:00': 12353.008169394674, '2025-07-08 16:00:00+00:00': 12382.114431575248, '2025-07-08 17:00:00+00:00': 12353.879102387653, '2025-07-08 18:00:00+00:00': 12425.645592395858, '2025-07-09 01:00:00+00:00': 12392.496979660848, '2025-07-09 04:00:00+00:00': 12436.147063373115, '2025-07-09 05:00:00+00:00': 12432.993567421316, '2025-07-09 08:00:00+00:00': 12440.431303590127, '2025-07-09 09:00:00+00:00': 12450.166175382801, '2025-07-09 12:00:00+00:00': 12442.823445999144, '2025-07-09 13:00:00+00:00': 12475.60757984188, '2025-07-09 15:00:00+00:00': 12489.188787489122, '2025-07-09 19:00:00+00:00': 12255.955954786385, '2025-07-09 20:00:00+00:00': 12465.994185211543, '2025-07-09 21:00:00+00:00': 12486.135962730397, '2025-07-09 23:00:00+00:00': 12475.12640724986, '2025-07-10 01:00:00+00:00': 12496.302133655414, '2025-07-10 03:00:00+00:00': 12500.038638336986, '2025-07-10 06:00:00+00:00': 12498.979809144981, '2025-07-10 07:00:00+00:00': 12503.316302693163, '2025-07-10 09:00:00+00:00': 12512.653786980436, '2025-07-10 10:00:00+00:00': 12518.914659301176, '2025-07-10 16:00:00+00:00': 12523.269616881833, '2025-07-10 17:00:00+00:00': 12528.136588988767, '2025-07-10 19:00:00+00:00': 12535.787256948906, '2025-07-10 22:00:00+00:00': 12548.100824728805, '2025-07-11 01:00:00+00:00': 12565.19496503372, '2025-07-11 06:00:00+00:00': 12579.33606858624, '2025-07-11 08:00:00+00:00': 12582.165034667334, '2025-07-11 10:00:00+00:00': 12598.699468523128, '2025-07-11 20:00:00+00:00': 12587.99974497168, '2025-07-11 23:00:00+00:00': 12620.761624395587, '2025-07-12 05:00:00+00:00': 12631.678484564656, '2025-07-12 13:00:00+00:00': 12643.7516635649, '2025-07-12 21:00:00+00:00': 12649.633021146281, '2025-07-13 17:00:00+00:00': 12659.2085391483, '2025-07-14 03:00:00+00:00': 12659.410964332523, '2025-07-14 05:00:00+00:00': 12689.96951505272, '2025-07-14 08:00:00+00:00': 12712.856703052772, '2025-07-14 16:00:00+00:00': 12730.85170533503, '2025-07-14 19:00:00+00:00': 12749.847900921874, '2025-07-14 22:00:00+00:00': 12627.061710011185, '2025-07-15 04:00:00+00:00': 12758.076340143423, '2025-07-15 12:00:00+00:00': 12761.19792803382, '2025-07-15 13:00:00+00:00': 12707.350381067887, '2025-07-15 15:00:00+00:00': 12808.879970108424, '2025-07-15 16:00:00+00:00': 12803.69792803382, '2025-07-15 17:00:00+00:00': 12799.182069862869, '2025-07-15 18:00:00+00:00': 12725.918475576482, '2025-07-15 20:00:00+00:00': 12792.682069862869, '2025-07-15 21:00:00+00:00': 12842.682069862869, '2025-07-15 23:00:00+00:00': 12875.05860165186, '2025-07-16 00:00:00+00:00': 12882.432069862869, '2025-07-16 06:00:00+00:00': 12890.05860165186, '2025-07-16 13:00:00+00:00': 12879.898836533843, '2025-07-16 14:00:00+00:00': 12875.05860165186, '2025-07-16 18:00:00+00:00': 12972.137838140148, '2025-07-16 20:00:00+00:00': 12897.259832632119, '2025-07-17 02:00:00+00:00': 12977.163197929378, '2025-07-17 06:00:00+00:00': 12907.163197929378, '2025-07-17 07:00:00+00:00': 12892.163197929378, '2025-07-17 08:00:00+00:00': 12893.63553507792, '2025-07-17 14:00:00+00:00': 12949.555595831293, '2025-07-17 17:00:00+00:00': 12969.165497052521, '2025-07-17 20:00:00+00:00': 12978.403821532984, '2025-07-17 21:00:00+00:00': 12969.165497052521, '2025-07-17 22:00:00+00:00': 13052.438977745574, '2025-07-18 02:00:00+00:00': 12937.438977745574, '2025-07-18 05:00:00+00:00': 12971.444674866327, '2025-07-18 08:00:00+00:00': 13017.933288722112, '2025-07-18 09:00:00+00:00': 12980.183288722112, '2025-07-18 11:00:00+00:00': 13059.626233078377, '2025-07-18 12:00:00+00:00': 13058.47371444963, '2025-07-18 15:00:00+00:00': 13097.78573368342, '2025-07-18 17:00:00+00:00': 13110.28573368342, '2025-07-20 03:00:00+00:00': 13083.333861047186, '2025-07-20 06:00:00+00:00': 13113.800251850136, '2025-07-20 08:00:00+00:00': 13098.43702052846, '2025-07-20 11:00:00+00:00': 13093.788366242768, '2025-07-20 14:00:00+00:00': 13094.889850091866, '2025-07-20 15:00:00+00:00': 13109.470269989944, '2025-07-20 18:00:00+00:00': 13194.847972483305, '2025-07-20 21:00:00+00:00': 13199.392945960493, '2025-07-21 03:00:00+00:00': 13219.567971627128, '2025-07-21 10:00:00+00:00': 13226.892679445986, '2025-07-22 09:00:00+00:00': 13247.204778567751, '2025-07-23 00:00:00+00:00': 13185.454778567751, '2025-07-23 08:00:00+00:00': 13158.847972483305, '2025-07-23 11:00:00+00:00': 13316.40044123163, '2025-07-23 17:00:00+00:00': 13311.204778567751, '2025-07-24 01:00:00+00:00': 13279.90044123163, '2025-07-24 04:00:00+00:00': 13318.90044123163, '2025-07-24 12:00:00+00:00': 13232.15044123163, '2025-07-24 15:00:00+00:00': 13204.65044123163, '2025-07-25 07:00:00+00:00': 13404.65044123163}]",213,COMPLETE
