number,value,datetime_start,datetime_complete,duration,params_CONVERGENCE_THRESHOLD,params_DAILY_LOSS_LIMIT,params_FIXED_TRADE_PCT,params_MAX_CONCURRENT_POSITIONS,params_MAX_DRAWDOWN_LIMIT,params_MAX_HOLD_HOURS,params_MAX_POSITION_PCT,params_MIN_DIV,params_MIN_TIME_BETWEEN_TRADES,params_STOP_LOSS_PCT,params_TAKE_PROFIT_PCT,params_TRAIL_PCT,user_attrs_cooldown_trades_pct,user_attrs_equity_curves,user_attrs_total_trades,state
45,91.23964764349108,2025-08-01 18:32:01.685666,2025-08-01 18:32:02.193476,0 days 00:00:00.507810,0.02,0.05,0.065,2,0.15,72,0.01,0.05,2.0,0.3,0.55,0.65,0.9090909090909091,"[{'2025-05-31 02:00:00+00:00': 10000.0, '2025-05-31 06:00:00+00:00': 10327.5, '2025-06-01 14:00:00+00:00': 10407.5, '2025-06-03 03:00:00+00:00': 10496.741752733707, '2025-06-03 09:00:00+00:00': 10412.5, '2025-06-04 16:00:00+00:00': 10393.200869748734, '2025-06-05 21:00:00+00:00': 10490.700869748734, '2025-06-06 02:00:00+00:00': 10557.626604548157, '2025-06-06 15:00:00+00:00': 10545.700869748734, '2025-06-09 03:00:00+00:00': 10582.626604548157, '2025-06-09 16:00:00+00:00': 10562.626604548157, '2025-06-10 00:00:00+00:00': 10617.626604548157, '2025-06-10 01:00:00+00:00': 10607.626604548157, '2025-06-11 00:00:00+00:00': 10745.126604548157, '2025-06-11 15:00:00+00:00': 10722.626604548157, '2025-06-12 21:00:00+00:00': 10930.126604548157, '2025-06-13 01:00:00+00:00': 10837.626604548157, '2025-06-13 02:00:00+00:00': 10951.376604548157, '2025-06-13 14:00:00+00:00': 10873.876604548157, '2025-06-14 17:00:00+00:00': 10846.376604548157, '2025-06-16 02:00:00+00:00': 10916.376604548157, '2025-06-16 03:00:00+00:00': 10832.876604548157, '2025-06-16 14:00:00+00:00': 10777.876604548157, '2025-06-17 00:00:00+00:00': 10807.876604548157, '2025-06-17 16:00:00+00:00': 10777.876604548157, '2025-06-17 17:00:00+00:00': 10760.376604548157, '2025-06-19 08:00:00+00:00': 10605.376604548157, '2025-06-20 08:00:00+00:00': 10672.876604548157, '2025-06-20 11:00:00+00:00': 10555.376604548157, '2025-06-20 18:00:00+00:00': 10795.376604548157, '2025-06-21 10:00:00+00:00': 10801.626604548157, '2025-06-21 22:00:00+00:00': 11006.626604548157, '2025-06-22 10:00:00+00:00': 11069.126604548157, '2025-06-22 14:00:00+00:00': 11110.376604548157, '2025-06-23 03:00:00+00:00': 11008.126604548157, '2025-06-23 09:00:00+00:00': 10985.126604548157, '2025-06-23 17:00:00+00:00': 11009.126604548157, '2025-06-23 18:00:00+00:00': 10982.126604548157, '2025-06-23 19:00:00+00:00': 11042.876604548157, '2025-06-23 23:00:00+00:00': 10924.626604548157, '2025-06-24 02:00:00+00:00': 10905.376604548157, '2025-06-24 06:00:00+00:00': 10915.376604548157, '2025-06-24 09:00:00+00:00': 10872.126604548157, '2025-06-24 17:00:00+00:00': 10880.376604548157, '2025-06-25 05:00:00+00:00': 10860.376604548157, '2025-06-25 14:00:00+00:00': 10847.876604548157, '2025-06-26 02:00:00+00:00': 10835.376604548157, '2025-06-30 19:00:00+00:00': 10922.876604548157, '2025-07-02 14:00:00+00:00': 10953.283592854388, '2025-07-02 15:00:00+00:00': 10971.649204394378, '2025-07-02 20:00:00+00:00': 11089.149204394378, '2025-07-02 23:00:00+00:00': 11051.649204394378, '2025-07-03 05:00:00+00:00': 11101.675876415984, '2025-07-03 13:00:00+00:00': 11089.149204394378, '2025-07-03 15:00:00+00:00': 11108.296938176882, '2025-07-03 20:00:00+00:00': 11055.878419836568, '2025-07-04 17:00:00+00:00': 11031.505482202956, '2025-07-04 22:00:00+00:00': 11070.318445224873, '2025-07-07 14:00:00+00:00': 11109.845278730281, '2025-07-07 17:00:00+00:00': 11117.561916118126, '2025-07-07 18:00:00+00:00': 11074.005482202956, '2025-07-08 17:00:00+00:00': 11164.444367526652, '2025-07-09 14:00:00+00:00': 11170.465091175527, '2025-07-09 15:00:00+00:00': 11263.674365787076, '2025-07-09 20:00:00+00:00': 11214.658590176216, '2025-07-09 21:00:00+00:00': 11227.043426284736, '2025-07-10 01:00:00+00:00': 11238.504050164072, '2025-07-10 06:00:00+00:00': 11237.310609303078, '2025-07-10 10:00:00+00:00': 11245.580882580643, '2025-07-10 17:00:00+00:00': 11235.774038363823, '2025-07-10 19:00:00+00:00': 11244.449885764769, '2025-07-10 22:00:00+00:00': 11258.41524619156, '2025-07-11 01:00:00+00:00': 11277.806461952956, '2025-07-11 09:00:00+00:00': 11303.066126245601, '2025-07-11 10:00:00+00:00': 11297.061590084362, '2025-07-11 20:00:00+00:00': 11290.933135568637, '2025-07-11 23:00:00+00:00': 11324.486021854213, '2025-07-13 14:00:00+00:00': 11313.442361567886, '2025-07-14 18:00:00+00:00': 11286.145506357649, '2025-07-15 15:00:00+00:00': 11323.442361567886, '2025-07-15 16:00:00+00:00': 11393.442361567886, '2025-07-15 18:00:00+00:00': 11293.442361567886, '2025-07-15 20:00:00+00:00': 11386.942361567886, '2025-07-16 00:00:00+00:00': 11426.692361567886, '2025-07-16 15:00:00+00:00': 11365.532770446967, '2025-07-16 20:00:00+00:00': 11332.032770446967, '2025-07-17 06:00:00+00:00': 11282.662637922685, '2025-07-17 07:00:00+00:00': 11352.662637922685, '2025-07-17 17:00:00+00:00': 11419.220672168822, '2025-07-17 21:00:00+00:00': 11419.220672168822, '2025-07-17 22:00:00+00:00': 11500.720672168822, '2025-07-18 02:00:00+00:00': 11410.623880408559, '2025-07-18 09:00:00+00:00': 11441.240189703596, '2025-07-18 11:00:00+00:00': 11487.316097430235, '2025-07-20 03:00:00+00:00': 11514.810903986896, '2025-07-20 06:00:00+00:00': 11537.3023289486, '2025-07-20 14:00:00+00:00': 11461.909653413712, '2025-07-20 15:00:00+00:00': 11477.944839166257, '2025-07-23 08:00:00+00:00': 11532.261904907928, '2025-07-24 15:00:00+00:00': 11504.261904907928, '2025-07-25 07:00:00+00:00': 11616.761904907928}]",109,COMPLETE
46,125.155337015479,2025-08-01 18:32:02.198485,2025-08-01 18:32:02.886895,0 days 00:00:00.688410,0.025,0.15,0.055,4,0.25,72,0.01,0.05,1.0,0.25,0.55,0.55,0.4048582995951417,"[{'2025-05-31 02:00:00+00:00': 10000.0, '2025-05-31 06:00:00+00:00': 10433.016163565255, '2025-06-01 13:00:00+00:00': 10518.016163565255, '2025-06-03 00:00:00+00:00': 10476.635744168854, '2025-06-03 02:00:00+00:00': 10568.287053657878, '2025-06-03 09:00:00+00:00': 10490.516163565255, '2025-06-04 15:00:00+00:00': 10643.411034727636, '2025-06-05 20:00:00+00:00': 10665.787053657878, '2025-06-05 21:00:00+00:00': 10726.406843952953, '2025-06-06 02:00:00+00:00': 10857.022660855677, '2025-06-06 10:00:00+00:00': 10839.522660855677, '2025-06-06 15:00:00+00:00': 10786.332002159701, '2025-06-08 21:00:00+00:00': 10731.332002159701, '2025-06-08 22:00:00+00:00': 10846.704928883339, '2025-06-09 11:00:00+00:00': 10829.522660855677, '2025-06-09 12:00:00+00:00': 10799.522660855677, '2025-06-09 22:00:00+00:00': 10868.642655918184, '2025-06-10 00:00:00+00:00': 10932.022660855677, '2025-06-10 01:00:00+00:00': 10896.692138056173, '2025-06-10 02:00:00+00:00': 10952.022660855677, '2025-06-10 20:00:00+00:00': 11027.904429337075, '2025-06-10 23:00:00+00:00': 11031.692138056173, '2025-06-11 00:00:00+00:00': 11083.067392581102, '2025-06-11 04:00:00+00:00': 11110.404429337075, '2025-06-11 16:00:00+00:00': 11075.404429337075, '2025-06-11 17:00:00+00:00': 11287.215977642296, '2025-06-12 03:00:00+00:00': 11304.715977642296, '2025-06-12 05:00:00+00:00': 11284.715977642296, '2025-06-12 16:00:00+00:00': 11344.715977642296, '2025-06-12 21:00:00+00:00': 11198.456191395491, '2025-06-13 01:00:00+00:00': 11253.456191395491, '2025-06-13 02:00:00+00:00': 11288.456191395491, '2025-06-13 11:00:00+00:00': 11162.604799239376, '2025-06-16 02:00:00+00:00': 11260.956191395491, '2025-06-16 03:00:00+00:00': 11190.956191395491, '2025-06-16 05:00:00+00:00': 11177.604799239376, '2025-06-16 06:00:00+00:00': 11123.886415542207, '2025-06-16 10:00:00+00:00': 11097.386415542207, '2025-06-17 00:00:00+00:00': 11102.386415542207, '2025-06-17 03:00:00+00:00': 11054.886415542207, '2025-06-17 13:00:00+00:00': 11054.886415542207, '2025-06-17 15:00:00+00:00': 11127.386415542207, '2025-06-17 17:00:00+00:00': 11107.386415542207, '2025-06-18 06:00:00+00:00': 11084.886415542207, '2025-06-18 21:00:00+00:00': 11012.386415542207, '2025-06-19 07:00:00+00:00': 11069.886415542207, '2025-06-20 07:00:00+00:00': 10997.386415542207, '2025-06-20 08:00:00+00:00': 10947.386415542207, '2025-06-20 11:00:00+00:00': 10859.886415542207, '2025-06-20 15:00:00+00:00': 10924.886415542207, '2025-06-20 18:00:00+00:00': 11005.136415542207, '2025-06-21 10:00:00+00:00': 11175.136415542207, '2025-06-21 17:00:00+00:00': 11165.136415542207, '2025-06-21 22:00:00+00:00': 11475.136415542207, '2025-06-22 10:00:00+00:00': 11536.681504983691, '2025-06-22 14:00:00+00:00': 11744.74722707752, '2025-06-23 01:00:00+00:00': 11641.49722707752, '2025-06-23 02:00:00+00:00': 11674.74722707752, '2025-06-23 09:00:00+00:00': 11611.49722707752, '2025-06-23 14:00:00+00:00': 11561.49722707752, '2025-06-23 17:00:00+00:00': 11585.49722707752, '2025-06-23 18:00:00+00:00': 11518.49722707752, '2025-06-23 19:00:00+00:00': 11508.49722707752, '2025-06-23 21:00:00+00:00': 11545.49722707752, '2025-06-23 23:00:00+00:00': 11470.49722707752, '2025-06-24 02:00:00+00:00': 11470.49722707752, '2025-06-24 04:00:00+00:00': 11500.49722707752, '2025-06-24 07:00:00+00:00': 11452.99722707752, '2025-06-24 09:00:00+00:00': 11443.49722707752, '2025-06-24 17:00:00+00:00': 11425.99722707752, '2025-06-25 02:00:00+00:00': 11417.74722707752, '2025-06-25 07:00:00+00:00': 11407.74722707752, '2025-06-26 02:00:00+00:00': 11397.74722707752, '2025-06-30 19:00:00+00:00': 11485.24722707752, '2025-07-01 07:00:00+00:00': 11575.593576101246, '2025-07-01 08:00:00+00:00': 11646.079925557413, '2025-07-01 10:00:00+00:00': 11653.41062561686, '2025-07-02 15:00:00+00:00': 11642.406668399422, '2025-07-02 17:00:00+00:00': 11760.34908816123, '2025-07-02 20:00:00+00:00': 11725.490722977076, '2025-07-02 23:00:00+00:00': 11553.981224412817, '2025-07-03 05:00:00+00:00': 11781.101177283006, '2025-07-03 09:00:00+00:00': 11808.238847082057, '2025-07-03 13:00:00+00:00': 11811.217182912176, '2025-07-03 14:00:00+00:00': 11805.889442440894, '2025-07-03 18:00:00+00:00': 11846.934807194997, '2025-07-03 20:00:00+00:00': 11844.70559464729, '2025-07-04 03:00:00+00:00': 11883.954867913408, '2025-07-04 08:00:00+00:00': 11902.137566768188, '2025-07-04 17:00:00+00:00': 11932.601039720039, '2025-07-04 20:00:00+00:00': 11954.752724855858, '2025-07-04 22:00:00+00:00': 11947.395114858105, '2025-07-05 00:00:00+00:00': 11959.429607302382, '2025-07-06 06:00:00+00:00': 11969.28025763849, '2025-07-06 13:00:00+00:00': 11963.880341709897, '2025-07-06 18:00:00+00:00': 11852.159330546287, '2025-07-06 19:00:00+00:00': 11966.794810189089, '2025-07-06 21:00:00+00:00': 11972.180714500959, '2025-07-07 01:00:00+00:00': 12051.066569478406, '2025-07-07 07:00:00+00:00': 12072.700756402772, '2025-07-07 12:00:00+00:00': 12043.539794555203, '2025-07-07 13:00:00+00:00': 12093.1465890846, '2025-07-07 14:00:00+00:00': 12097.079995064872, '2025-07-07 17:00:00+00:00': 12103.869363522519, '2025-07-07 18:00:00+00:00': 12097.658205374606, '2025-07-07 23:00:00+00:00': 12141.62829130184, '2025-07-08 03:00:00+00:00': 12148.946978475402, '2025-07-08 10:00:00+00:00': 12156.001799780763, '2025-07-08 16:00:00+00:00': 12184.393142611818, '2025-07-08 17:00:00+00:00': 12096.099588787754, '2025-07-08 18:00:00+00:00': 12217.714394906032, '2025-07-08 21:00:00+00:00': 12229.148581296216, '2025-07-09 04:00:00+00:00': 12232.316613847366, '2025-07-09 05:00:00+00:00': 12225.100638536562, '2025-07-09 08:00:00+00:00': 12135.580236069301, '2025-07-09 10:00:00+00:00': 12242.11945234898, '2025-07-09 12:00:00+00:00': 12234.719784245573, '2025-07-09 13:00:00+00:00': 12267.758122650033, '2025-07-09 15:00:00+00:00': 12281.444635346998, '2025-07-09 19:00:00+00:00': 12032.260039224671, '2025-07-09 20:00:00+00:00': 12245.157857945234, '2025-07-09 21:00:00+00:00': 12265.411439992364, '2025-07-10 01:00:00+00:00': 12275.635509311825, '2025-07-10 03:00:00+00:00': 12254.360832795815, '2025-07-10 06:00:00+00:00': 12274.570116565852, '2025-07-10 09:00:00+00:00': 12278.933491512522, '2025-07-10 10:00:00+00:00': 12292.61507162312, '2025-07-10 16:00:00+00:00': 12296.996215384095, '2025-07-10 18:00:00+00:00': 12304.340570898317, '2025-07-10 19:00:00+00:00': 12312.03897000936, '2025-07-10 22:00:00+00:00': 12324.42935993929, '2025-07-11 01:00:00+00:00': 12341.630147532353, '2025-07-11 06:00:00+00:00': 12355.859474904171, '2025-07-11 08:00:00+00:00': 12358.706090399359, '2025-07-11 10:00:00+00:00': 12375.343679634734, '2025-07-11 19:00:00+00:00': 12366.730497862263, '2025-07-11 23:00:00+00:00': 12389.690068106302, '2025-07-12 05:00:00+00:00': 12394.336558033168, '2025-07-12 13:00:00+00:00': 12406.48744475293, '2025-07-12 21:00:00+00:00': 12412.406657060501, '2025-07-13 17:00:00+00:00': 12422.043806855363, '2025-07-13 23:00:00+00:00': 12418.724492999261, '2025-07-14 02:00:00+00:00': 12419.779929493428, '2025-07-14 05:00:00+00:00': 12450.547433321573, '2025-07-14 08:00:00+00:00': 12452.361380021408, '2025-07-14 13:00:00+00:00': 12456.085079320943, '2025-07-14 16:00:00+00:00': 12470.452659500033, '2025-07-14 18:00:00+00:00': 12362.482089354486, '2025-07-14 19:00:00+00:00': 12489.550488886309, '2025-07-15 04:00:00+00:00': 12536.849589909509, '2025-07-15 12:00:00+00:00': 12539.98488772802, '2025-07-15 13:00:00+00:00': 12504.550488886309, '2025-07-15 15:00:00+00:00': 12587.68854162486, '2025-07-15 16:00:00+00:00': 12582.48488772802, '2025-07-15 17:00:00+00:00': 12577.950350321355, '2025-07-15 20:00:00+00:00': 12620.928449822111, '2025-07-15 21:00:00+00:00': 12601.257437181433, '2025-07-15 23:00:00+00:00': 12688.24128057539, '2025-07-16 00:00:00+00:00': 12695.678449822111, '2025-07-16 13:00:00+00:00': 12612.741596290263, '2025-07-16 15:00:00+00:00': 12630.241596290263, '2025-07-16 18:00:00+00:00': 12705.65862855023, '2025-07-16 19:00:00+00:00': 12649.895480246905, '2025-07-17 02:00:00+00:00': 12721.077954809198, '2025-07-17 06:00:00+00:00': 12651.077954809198, '2025-07-17 07:00:00+00:00': 12636.077954809198, '2025-07-17 09:00:00+00:00': 12638.07977580715, '2025-07-17 14:00:00+00:00': 12726.180184037363, '2025-07-17 17:00:00+00:00': 12745.826818532792, '2025-07-17 21:00:00+00:00': 12745.826818532792, '2025-07-17 22:00:00+00:00': 12696.100494190821, '2025-07-18 02:00:00+00:00': 12581.100494190821, '2025-07-18 09:00:00+00:00': 12609.992736027305, '2025-07-18 11:00:00+00:00': 12651.712498418006, '2025-07-18 12:00:00+00:00': 12650.559238457969, '2025-07-18 15:00:00+00:00': 12689.896544250474, '2025-07-18 17:00:00+00:00': 12702.396544250474, '2025-07-18 21:00:00+00:00': 12719.392889687333, '2025-07-20 03:00:00+00:00': 12675.435375777162, '2025-07-20 04:00:00+00:00': 12619.392889687333, '2025-07-20 08:00:00+00:00': 12584.287396899004, '2025-07-20 09:00:00+00:00': 12602.69754009948, '2025-07-20 11:00:00+00:00': 12599.520762446858, '2025-07-20 14:00:00+00:00': 12559.875665571954, '2025-07-20 15:00:00+00:00': 12668.153771661006, '2025-07-20 21:00:00+00:00': 12705.153771661006, '2025-07-21 14:00:00+00:00': 12712.3912488037, '2025-07-22 09:00:00+00:00': 12735.0383504886, '2025-07-23 08:00:00+00:00': 12653.727541852768, '2025-07-23 10:00:00+00:00': 12904.6412488037, '2025-07-23 11:00:00+00:00': 12914.407668219661, '2025-07-23 17:00:00+00:00': 12893.90840070202, '2025-07-24 00:00:00+00:00': 12936.907668219661, '2025-07-24 12:00:00+00:00': 12893.90840070202, '2025-07-24 15:00:00+00:00': 12741.40840070202, '2025-07-25 04:00:00+00:00': 12948.119465441847, '2025-07-25 05:00:00+00:00': 12939.62878249479, '2025-07-25 07:00:00+00:00': 12941.978301611836}]",246,COMPLETE
