number,value,datetime_start,datetime_complete,duration,params_CONVERGENCE_THRESHOLD,params_DAILY_LOSS_LIMIT,params_FIXED_TRADE_PCT,params_MAX_CONCURRENT_POSITIONS,params_MAX_DRAWDOWN_LIMIT,params_MAX_HOLD_HOURS,params_MAX_POSITION_PCT,params_MIN_DIV,params_MIN_TIME_BETWEEN_TRADES,params_STOP_LOSS_PCT,params_TAKE_PROFIT_PCT,params_TRAIL_PCT,user_attrs_cooldown_trades_pct,user_attrs_equity_curves,user_attrs_total_trades,state
4,189.4033466746635,2025-08-01 18:31:35.210517,2025-08-01 18:31:35.718681,0 days 00:00:00.508164,0.025,0.15,0.055,2,0.25,96,0.02,0.045,1.0,0.25,0.45,0.55,0.7633587786259541,"[{'2025-05-31 02:00:00+00:00': 10000.0, '2025-05-31 03:00:00+00:00': 9939.018116169253, '2025-05-31 06:00:00+00:00': 10077.35128696196, '2025-06-01 13:00:00+00:00': 10162.35128696196, '2025-06-03 02:00:00+00:00': 10218.575373311623, '2025-06-05 20:00:00+00:00': 10358.575373311623, '2025-06-05 21:00:00+00:00': 10341.522688087933, '2025-06-06 14:00:00+00:00': 10389.022688087933, '2025-06-08 22:00:00+00:00': 10447.229317814154, '2025-06-10 00:00:00+00:00': 10588.008875011956, '2025-06-10 20:00:00+00:00': 10584.266456231107, '2025-06-11 00:00:00+00:00': 10656.766456231107, '2025-06-11 16:00:00+00:00': 10621.766456231107, '2025-06-11 23:00:00+00:00': 10704.266456231107, '2025-06-12 21:00:00+00:00': 10726.766456231107, '2025-06-13 01:00:00+00:00': 10759.266456231107, '2025-06-16 06:00:00+00:00': 10689.266456231107, '2025-06-17 03:00:00+00:00': 10699.266456231107, '2025-06-17 16:00:00+00:00': 10871.766456231107, '2025-06-17 17:00:00+00:00': 10806.766456231107, '2025-06-18 05:00:00+00:00': 10844.266456231107, '2025-06-19 10:00:00+00:00': 10761.126192771253, '2025-06-20 07:00:00+00:00': 10743.626192771253, '2025-06-20 11:00:00+00:00': 10703.626192771253, '2025-06-20 18:00:00+00:00': 10881.126192771253, '2025-06-21 22:00:00+00:00': 11073.626192771253, '2025-06-22 10:00:00+00:00': 11133.017845279419, '2025-06-22 14:00:00+00:00': 11266.767845279419, '2025-06-23 01:00:00+00:00': 11163.517845279419, '2025-06-23 02:00:00+00:00': 11196.767845279419, '2025-06-23 09:00:00+00:00': 11133.517845279419, '2025-06-23 14:00:00+00:00': 11083.517845279419, '2025-06-23 17:00:00+00:00': 11175.017845279419, '2025-06-23 18:00:00+00:00': 11148.017845279419, '2025-06-23 19:00:00+00:00': 11138.017845279419, '2025-06-23 23:00:00+00:00': 11080.517845279419, '2025-06-24 02:00:00+00:00': 11061.767845279419, '2025-06-24 03:00:00+00:00': 11071.767845279419, '2025-06-24 09:00:00+00:00': 11027.267845279419, '2025-06-24 17:00:00+00:00': 11036.767845279419, '2025-06-25 02:00:00+00:00': 11019.017845279419, '2025-06-25 07:00:00+00:00': 11009.017845279419, '2025-06-26 02:00:00+00:00': 10999.017845279419, '2025-06-30 19:00:00+00:00': 11086.517845279419, '2025-07-01 07:00:00+00:00': 11176.864194303145, '2025-07-01 08:00:00+00:00': 11180.537451461136, '2025-07-02 15:00:00+00:00': 11175.814792714778, '2025-07-02 20:00:00+00:00': 11175.814792714778, '2025-07-02 23:00:00+00:00': 11155.251842614716, '2025-07-03 05:00:00+00:00': 11186.381002970349, '2025-07-03 13:00:00+00:00': 11175.814792714778, '2025-07-03 14:00:00+00:00': 11196.15264831931, '2025-07-03 18:00:00+00:00': 11192.706054785842, '2025-07-03 20:00:00+00:00': 11209.476693373541, '2025-07-04 17:00:00+00:00': 11152.472936262157, '2025-07-04 20:00:00+00:00': 11173.05051575237, '2025-07-07 12:00:00+00:00': 11181.831230433172, '2025-07-07 13:00:00+00:00': 11267.263351374144, '2025-07-07 14:00:00+00:00': 11271.050107212322, '2025-07-07 17:00:00+00:00': 11277.586345976759, '2025-07-08 21:00:00+00:00': 11256.055675080932, '2025-07-09 08:00:00+00:00': 11314.094520278846, '2025-07-09 10:00:00+00:00': 11377.46849444592, '2025-07-09 12:00:00+00:00': 11372.603029111906, '2025-07-09 13:00:00+00:00': 11397.237988283077, '2025-07-09 15:00:00+00:00': 11404.058764418769, '2025-07-09 20:00:00+00:00': 11362.35208608983, '2025-07-09 21:00:00+00:00': 11372.89785467291, '2025-07-09 23:00:00+00:00': 11370.353587056947, '2025-07-10 01:00:00+00:00': 11388.169802166161, '2025-07-10 03:00:00+00:00': 11391.777273454183, '2025-07-10 06:00:00+00:00': 11390.755009002618, '2025-07-10 09:00:00+00:00': 11394.94174963295, '2025-07-10 10:00:00+00:00': 11408.06948402119, '2025-07-10 16:00:00+00:00': 11412.273274164276, '2025-07-10 18:00:00+00:00': 11419.32032192222, '2025-07-10 19:00:00+00:00': 11426.707081194721, '2025-07-10 22:00:00+00:00': 11438.595894230348, '2025-07-11 01:00:00+00:00': 11455.100374631362, '2025-07-11 06:00:00+00:00': 11468.753682856766, '2025-07-11 08:00:00+00:00': 11474.469301038345, '2025-07-11 10:00:00+00:00': 11490.437911742943, '2025-07-11 19:00:00+00:00': 11482.171056208364, '2025-07-14 05:00:00+00:00': 11472.030702022723, '2025-07-14 13:00:00+00:00': 11485.819588401386, '2025-07-15 13:00:00+00:00': 11480.552015286827, '2025-07-15 16:00:00+00:00': 11523.46656168763, '2025-07-15 17:00:00+00:00': 11514.2656222789, '2025-07-15 21:00:00+00:00': 11539.053388319991, '2025-07-16 00:00:00+00:00': 11613.542023012173, '2025-07-16 15:00:00+00:00': 11556.408841824512, '2025-07-16 19:00:00+00:00': 11503.692772713059, '2025-07-17 07:00:00+00:00': 11480.190707428279, '2025-07-17 09:00:00+00:00': 11424.172614692818, '2025-07-17 10:00:00+00:00': 11422.297685628904, '2025-07-17 17:00:00+00:00': 11450.755343156736, '2025-07-17 21:00:00+00:00': 11485.755343156736, '2025-07-17 22:00:00+00:00': 11554.82134307517, '2025-07-18 02:00:00+00:00': 11447.109718230933, '2025-07-18 09:00:00+00:00': 11472.843159781758, '2025-07-18 11:00:00+00:00': 11511.553280198867, '2025-07-18 12:00:00+00:00': 11510.4832158129, '2025-07-20 03:00:00+00:00': 11533.56480151611, '2025-07-20 06:00:00+00:00': 11552.438567639942, '2025-07-20 08:00:00+00:00': 11538.208343127995, '2025-07-20 11:00:00+00:00': 11533.896112341794, '2025-07-20 14:00:00+00:00': 11557.297975861316, '2025-07-20 15:00:00+00:00': 11570.852005891757, '2025-07-22 05:00:00+00:00': 11608.010569489305, '2025-07-23 00:00:00+00:00': 11582.919830601411, '2025-07-23 14:00:00+00:00': 11689.419830601411, '2025-07-24 00:00:00+00:00': 11682.240406367944, '2025-07-24 15:00:00+00:00': 11620.990406367944, '2025-07-25 07:00:00+00:00': 11733.490406367944}]",130,COMPLETE
5,195.1486692469487,2025-08-01 18:31:35.723675,2025-08-01 18:31:36.391102,0 days 00:00:00.667427,0.025,0.15,0.06,4,0.2,48,0.02,0.045,2.0,0.25,0.55,0.55,1.2295081967213115,"[{'2025-05-31 02:00:00+00:00': 10000.0, '2025-05-31 03:00:00+00:00': 9933.474308548275, '2025-05-31 06:00:00+00:00': 10123.474308548275, '2025-06-01 13:00:00+00:00': 10208.474308548275, '2025-06-02 09:00:00+00:00': 10278.474308548275, '2025-06-02 11:00:00+00:00': 10255.227178605362, '2025-06-02 13:00:00+00:00': 10257.637110521988, '2025-06-02 23:00:00+00:00': 10287.637110521988, '2025-06-03 02:00:00+00:00': 10427.637110521988, '2025-06-03 14:00:00+00:00': 10322.637110521988, '2025-06-04 09:00:00+00:00': 10397.68797133703, '2025-06-04 12:00:00+00:00': 10317.637110521988, '2025-06-04 15:00:00+00:00': 10403.112132325728, '2025-06-05 03:00:00+00:00': 10405.612132325728, '2025-06-05 13:00:00+00:00': 10392.39424458488, '2025-06-05 20:00:00+00:00': 10554.907746457327, '2025-06-05 21:00:00+00:00': 10536.077229529234, '2025-06-06 10:00:00+00:00': 10642.030545023532, '2025-06-06 15:00:00+00:00': 10604.530545023532, '2025-06-07 23:00:00+00:00': 10607.030545023532, '2025-06-08 01:00:00+00:00': 10659.530545023532, '2025-06-08 11:00:00+00:00': 10604.530545023532, '2025-06-08 16:00:00+00:00': 10592.030545023532, '2025-06-08 22:00:00+00:00': 10583.462506449385, '2025-06-09 12:00:00+00:00': 10579.530545023532, '2025-06-09 19:00:00+00:00': 10574.603417309354, '2025-06-09 22:00:00+00:00': 10634.446618263222, '2025-06-09 23:00:00+00:00': 10628.462506449385, '2025-06-10 01:00:00+00:00': 10655.081561139164, '2025-06-10 02:00:00+00:00': 10702.205159111854, '2025-06-10 23:00:00+00:00': 10825.081561139164, '2025-06-11 00:00:00+00:00': 10792.581561139164, '2025-06-11 04:00:00+00:00': 10777.581561139164, '2025-06-11 06:00:00+00:00': 10735.081561139164, '2025-06-11 17:00:00+00:00': 10790.83272770241, '2025-06-12 08:00:00+00:00': 10757.581561139164, '2025-06-12 21:00:00+00:00': 10885.83272770241, '2025-06-13 02:00:00+00:00': 11095.83272770241, '2025-06-13 11:00:00+00:00': 11060.337145679856, '2025-06-13 17:00:00+00:00': 11044.587145679856, '2025-06-15 02:00:00+00:00': 11090.83272770241, '2025-06-15 09:00:00+00:00': 11019.587145679856, '2025-06-15 12:00:00+00:00': 11019.587145679856, '2025-06-15 18:00:00+00:00': 11017.087145679856, '2025-06-16 06:00:00+00:00': 11055.070272893434, '2025-06-16 08:00:00+00:00': 11007.570272893434, '2025-06-16 14:00:00+00:00': 11054.587145679856, '2025-06-16 20:00:00+00:00': 11124.587145679856, '2025-06-16 23:00:00+00:00': 11152.570272893434, '2025-06-17 00:00:00+00:00': 11182.570272893434, '2025-06-17 15:00:00+00:00': 11092.570272893434, '2025-06-17 16:00:00+00:00': 11132.570272893434, '2025-06-17 17:00:00+00:00': 11152.570272893434, '2025-06-18 05:00:00+00:00': 11055.070272893434, '2025-06-18 06:00:00+00:00': 11070.070272893434, '2025-06-18 07:00:00+00:00': 11060.070272893434, '2025-06-19 07:00:00+00:00': 11055.070272893434, '2025-06-19 16:00:00+00:00': 10980.070272893434, '2025-06-20 02:00:00+00:00': 11005.070272893434, '2025-06-20 06:00:00+00:00': 11022.570272893434, '2025-06-20 11:00:00+00:00': 10912.570272893434, '2025-06-20 17:00:00+00:00': 10880.320272893434, '2025-06-20 18:00:00+00:00': 11055.320272893434, '2025-06-20 23:00:00+00:00': 11145.320272893434, '2025-06-21 09:00:00+00:00': 11216.570272893434, '2025-06-21 17:00:00+00:00': 11299.070272893434, '2025-06-21 22:00:00+00:00': 11515.320272893434, '2025-06-22 10:00:00+00:00': 11577.820272893434, '2025-06-22 14:00:00+00:00': 11780.618674466576, '2025-06-22 16:00:00+00:00': 11729.070272893434, '2025-06-23 01:00:00+00:00': 11665.57791994082, '2025-06-23 09:00:00+00:00': 11582.57791994082, '2025-06-23 14:00:00+00:00': 11605.57791994082, '2025-06-23 17:00:00+00:00': 11606.57791994082, '2025-06-23 18:00:00+00:00': 11539.57791994082, '2025-06-23 21:00:00+00:00': 11566.57791994082, '2025-06-23 23:00:00+00:00': 11501.57791994082, '2025-06-24 02:00:00+00:00': 11491.57791994082, '2025-06-24 04:00:00+00:00': 11531.57791994082, '2025-06-24 09:00:00+00:00': 11482.07791994082, '2025-06-24 16:00:00+00:00': 11491.57791994082, '2025-06-24 17:00:00+00:00': 11469.57791994082, '2025-06-25 02:00:00+00:00': 11462.07791994082, '2025-06-25 04:00:00+00:00': 11452.07791994082, '2025-06-25 14:00:00+00:00': 11444.57791994082, '2025-06-26 01:00:00+00:00': 11437.07791994082, '2025-06-30 19:00:00+00:00': 11524.57791994082, '2025-07-01 04:00:00+00:00': 11565.10790306441, '2025-07-01 07:00:00+00:00': 11548.155030873651, '2025-07-01 08:00:00+00:00': 11571.038197004385, '2025-07-02 01:00:00+00:00': 11532.265224529428, '2025-07-02 14:00:00+00:00': 11607.995767910053, '2025-07-02 15:00:00+00:00': 11567.030228559071, '2025-07-02 17:00:00+00:00': 11725.101992798322, '2025-07-02 20:00:00+00:00': 11625.76444125706, '2025-07-02 23:00:00+00:00': 11687.338746050862, '2025-07-03 05:00:00+00:00': 11741.96861355812, '2025-07-03 13:00:00+00:00': 11765.34300754438, '2025-07-03 14:00:00+00:00': 11762.119195579415, '2025-07-03 18:00:00+00:00': 11765.34300754438, '2025-07-03 20:00:00+00:00': 11770.058876322719, '2025-07-04 03:00:00+00:00': 11766.073877750807, '2025-07-04 08:00:00+00:00': 11785.683536183691, '2025-07-04 17:00:00+00:00': 11818.549003997825, '2025-07-04 22:00:00+00:00': 11836.110926639725, '2025-07-05 00:00:00+00:00': 11865.546716831297, '2025-07-05 18:00:00+00:00': 11751.216056797153, '2025-07-06 06:00:00+00:00': 11876.153078457459, '2025-07-06 13:00:00+00:00': 11870.338897755137, '2025-07-06 18:00:00+00:00': 11860.511241301934, '2025-07-06 19:00:00+00:00': 11891.248904807695, '2025-07-06 21:00:00+00:00': 11897.038012656702, '2025-07-07 01:00:00+00:00': 11911.371551752869, '2025-07-07 07:00:00+00:00': 11937.500360711194, '2025-07-07 12:00:00+00:00': 11903.266150406967, '2025-07-07 13:00:00+00:00': 11959.520044858058, '2025-07-07 14:00:00+00:00': 11963.756794082441, '2025-07-07 19:00:00+00:00': 11893.920315194355, '2025-07-07 23:00:00+00:00': 12113.645628926892, '2025-07-08 03:00:00+00:00': 12121.533484471904, '2025-07-08 10:00:00+00:00': 12129.13742803516, '2025-07-08 16:00:00+00:00': 12159.740491956629, '2025-07-08 17:00:00+00:00': 11955.387535065996, '2025-07-08 18:00:00+00:00': 12195.663830652167, '2025-07-09 04:00:00+00:00': 12207.044225056201, '2025-07-09 05:00:00+00:00': 12203.629122400245, '2025-07-09 06:00:00+00:00': 12225.915834334333, '2025-07-09 08:00:00+00:00': 11996.209425510318, '2025-07-09 12:00:00+00:00': 12231.4409722744, '2025-07-09 13:00:00+00:00': 12259.1284674876, '2025-07-09 15:00:00+00:00': 12265.56582907813, '2025-07-09 20:00:00+00:00': 12218.68372675365, '2025-07-09 21:00:00+00:00': 12227.21581128457, '2025-07-10 01:00:00+00:00': 12250.382274332076, '2025-07-10 03:00:00+00:00': 12239.302814905615, '2025-07-10 06:00:00+00:00': 12249.227332872875, '2025-07-10 09:00:00+00:00': 12253.957459529918, '2025-07-10 10:00:00+00:00': 12268.789124814071, '2025-07-10 16:00:00+00:00': 12273.53918674497, '2025-07-10 18:00:00+00:00': 12281.502271333231, '2025-07-10 19:00:00+00:00': 12289.849737081764, '2025-07-10 22:00:00+00:00': 12303.28564579087, '2025-07-11 01:00:00+00:00': 12321.939783181924, '2025-07-11 06:00:00+00:00': 12337.373597065502, '2025-07-11 08:00:00+00:00': 12340.747401628381, '2025-07-11 19:00:00+00:00': 12331.41772278714, '2025-07-11 23:00:00+00:00': 12340.749095823288, '2025-07-12 05:00:00+00:00': 12345.770027519866, '2025-07-12 13:00:00+00:00': 12358.900608750844, '2025-07-12 21:00:00+00:00': 12365.297712990403, '2025-07-13 17:00:00+00:00': 12375.713433431409, '2025-07-13 18:00:00+00:00': 12327.96635997973, '2025-07-13 20:00:00+00:00': 12332.403041950975, '2025-07-13 23:00:00+00:00': 12369.899093528225, '2025-07-14 05:00:00+00:00': 12397.21949605033, '2025-07-14 11:00:00+00:00': 12367.210785912906, '2025-07-14 13:00:00+00:00': 12403.210194773847, '2025-07-14 16:00:00+00:00': 12430.256155872943, '2025-07-14 19:00:00+00:00': 12450.892665005924, '2025-07-15 04:00:00+00:00': 12485.812880876312, '2025-07-15 12:00:00+00:00': 12489.203507009825, '2025-07-15 13:00:00+00:00': 12385.649030341112, '2025-07-15 16:00:00+00:00': 12531.703507009825, '2025-07-15 17:00:00+00:00': 12521.181232640976, '2025-07-15 21:00:00+00:00': 12571.181232640976, '2025-07-16 00:00:00+00:00': 12548.91509526238, '2025-07-16 13:00:00+00:00': 12453.83480101942, '2025-07-16 15:00:00+00:00': 12488.350513916554, '2025-07-16 18:00:00+00:00': 12539.975023580939, '2025-07-17 02:00:00+00:00': 12574.583066369289, '2025-07-17 06:00:00+00:00': 12504.583066369289, '2025-07-17 07:00:00+00:00': 12489.583066369289, '2025-07-17 09:00:00+00:00': 12491.730025882294, '2025-07-17 14:00:00+00:00': 12584.134411103909, '2025-07-17 17:00:00+00:00': 12605.225284850256, '2025-07-17 21:00:00+00:00': 12605.225284850256, '2025-07-17 22:00:00+00:00': 12685.097501271037, '2025-07-18 02:00:00+00:00': 12597.369627983244, '2025-07-18 09:00:00+00:00': 12611.450078160096, '2025-07-18 11:00:00+00:00': 12656.270442474486, '2025-07-18 17:00:00+00:00': 12695.507062637205, '2025-07-20 03:00:00+00:00': 12683.007062637205, '2025-07-20 04:00:00+00:00': 12683.86371512576, '2025-07-20 06:00:00+00:00': 12616.36371512576, '2025-07-20 08:00:00+00:00': 12594.911233507704, '2025-07-20 11:00:00+00:00': 12589.956770963558, '2025-07-20 14:00:00+00:00': 12555.465739271607, '2025-07-20 15:00:00+00:00': 12643.454817280372, '2025-07-20 21:00:00+00:00': 12680.454817280372, '2025-07-21 14:00:00+00:00': 12682.937049149647, '2025-07-22 09:00:00+00:00': 12707.256782765795, '2025-07-22 13:00:00+00:00': 12627.965739271607, '2025-07-22 16:00:00+00:00': 12851.528686017857, '2025-07-23 10:00:00+00:00': 12875.187049149647, '2025-07-23 11:00:00+00:00': 12885.670392218151, '2025-07-23 14:00:00+00:00': 12926.528686017857, '2025-07-23 17:00:00+00:00': 12883.821394230119, '2025-07-24 00:00:00+00:00': 12875.446153764527, '2025-07-24 12:00:00+00:00': 12875.446153764527, '2025-07-24 15:00:00+00:00': 12716.022713707056, '2025-07-24 19:00:00+00:00': 12788.522713707056, '2025-07-25 04:00:00+00:00': 12836.022713707056, '2025-07-25 05:00:00+00:00': 12909.670467680715, '2025-07-25 07:00:00+00:00': 12909.670467680715}]",241,COMPLETE
