number,value,datetime_start,datetime_complete,duration,params_CONVERGENCE_THRESHOLD,params_DAILY_LOSS_LIMIT,params_FIXED_TRADE_PCT,params_MAX_CONCURRENT_POSITIONS,params_MAX_DRAWDOWN_LIMIT,params_MAX_HOLD_HOURS,params_MAX_POSITION_PCT,params_MIN_DIV,params_MIN_TIME_BETWEEN_TRADES,params_STOP_LOSS_PCT,params_TAKE_PROFIT_PCT,params_TRAIL_PCT,user_attrs_cooldown_trades_pct,user_attrs_equity_curves,user_attrs_total_trades,state
23,270.1839599205771,2025-08-01 18:31:46.848342,2025-08-01 18:31:47.511705,0 days 00:00:00.663363,0.03,0.1,0.055,4,0.15,72,0.01,0.05,2.0,0.25,0.55,0.65,1.2552301255230125,"[{'2025-05-31 02:00:00+00:00': 10000.0, '2025-05-31 06:00:00+00:00': 10327.5, '2025-06-01 13:00:00+00:00': 10412.5, '2025-06-03 02:00:00+00:00': 10480.906415047293, '2025-06-03 09:00:00+00:00': 10417.5, '2025-06-03 13:00:00+00:00': 10469.638285392466, '2025-06-04 09:00:00+00:00': 10655.042230949415, '2025-06-04 14:00:00+00:00': 10522.138285392466, '2025-06-04 17:00:00+00:00': 10664.81309215625, '2025-06-05 20:00:00+00:00': 10609.81309215625, '2025-06-05 21:00:00+00:00': 10704.81309215625, '2025-06-06 10:00:00+00:00': 10758.304610321218, '2025-06-07 23:00:00+00:00': 10775.804610321218, '2025-06-08 21:00:00+00:00': 10709.722443266579, '2025-06-09 03:00:00+00:00': 10763.304610321218, '2025-06-09 11:00:00+00:00': 10763.304610321218, '2025-06-09 12:00:00+00:00': 10751.541887854291, '2025-06-09 23:00:00+00:00': 11046.541887854291, '2025-06-10 00:00:00+00:00': 10959.041887854291, '2025-06-10 01:00:00+00:00': 11036.541887854291, '2025-06-10 02:00:00+00:00': 10904.041887854291, '2025-06-10 23:00:00+00:00': 11171.541887854291, '2025-06-11 06:00:00+00:00': 11196.541887854291, '2025-06-11 15:00:00+00:00': 11181.541887854291, '2025-06-11 16:00:00+00:00': 11269.041887854291, '2025-06-11 17:00:00+00:00': 11221.520330184065, '2025-06-12 08:00:00+00:00': 11334.020330184065, '2025-06-12 21:00:00+00:00': 11256.520330184065, '2025-06-13 02:00:00+00:00': 11466.520330184065, '2025-06-13 11:00:00+00:00': 11445.132154941006, '2025-06-13 17:00:00+00:00': 11429.382154941006, '2025-06-16 02:00:00+00:00': 11474.020330184065, '2025-06-16 06:00:00+00:00': 11384.646709377252, '2025-06-16 08:00:00+00:00': 11339.646709377252, '2025-06-16 09:00:00+00:00': 11464.382154941006, '2025-06-17 00:00:00+00:00': 11419.646709377252, '2025-06-17 15:00:00+00:00': 11449.646709377252, '2025-06-17 16:00:00+00:00': 11414.646709377252, '2025-06-17 17:00:00+00:00': 11474.646709377252, '2025-06-18 05:00:00+00:00': 11360.896709377252, '2025-06-18 06:00:00+00:00': 11392.146709377252, '2025-06-19 07:00:00+00:00': 11377.146709377252, '2025-06-20 02:00:00+00:00': 11305.896709377252, '2025-06-20 08:00:00+00:00': 11305.896709377252, '2025-06-20 11:00:00+00:00': 11220.896709377252, '2025-06-20 15:00:00+00:00': 11283.396709377252, '2025-06-20 18:00:00+00:00': 11428.646709377252, '2025-06-21 10:00:00+00:00': 11434.896709377252, '2025-06-21 20:00:00+00:00': 11587.396709377252, '2025-06-21 22:00:00+00:00': 11891.146709377252, '2025-06-22 10:00:00+00:00': 11953.646709377252, '2025-06-22 14:00:00+00:00': 12181.785662352338, '2025-06-22 16:00:00+00:00': 12104.896709377252, '2025-06-23 01:00:00+00:00': 12071.299062155369, '2025-06-23 09:00:00+00:00': 11988.299062155369, '2025-06-23 14:00:00+00:00': 12011.299062155369, '2025-06-23 17:00:00+00:00': 12012.299062155369, '2025-06-23 18:00:00+00:00': 11945.299062155369, '2025-06-23 21:00:00+00:00': 11972.299062155369, '2025-06-23 23:00:00+00:00': 11907.299062155369, '2025-06-24 02:00:00+00:00': 11897.299062155369, '2025-06-24 04:00:00+00:00': 11937.299062155369, '2025-06-24 09:00:00+00:00': 11887.799062155369, '2025-06-24 16:00:00+00:00': 11897.299062155369, '2025-06-24 17:00:00+00:00': 11875.299062155369, '2025-06-25 02:00:00+00:00': 11867.799062155369, '2025-06-25 04:00:00+00:00': 11857.799062155369, '2025-06-25 14:00:00+00:00': 11850.299062155369, '2025-06-26 01:00:00+00:00': 11842.799062155369, '2025-06-30 19:00:00+00:00': 11930.299062155369, '2025-07-01 04:00:00+00:00': 11967.451546685328, '2025-07-01 07:00:00+00:00': 11951.911413843798, '2025-07-01 09:00:00+00:00': 12004.332704490153, '2025-07-01 18:00:00+00:00': 11999.44734626583, '2025-07-02 14:00:00+00:00': 12063.123484234166, '2025-07-02 15:00:00+00:00': 11967.451546685328, '2025-07-02 17:00:00+00:00': 12175.650597739499, '2025-07-02 20:00:00+00:00': 12140.924458799534, '2025-07-03 05:00:00+00:00': 12209.56197640718, '2025-07-03 13:00:00+00:00': 12227.925896902012, '2025-07-03 14:00:00+00:00': 12219.448021099906, '2025-07-03 17:00:00+00:00': 12262.830949828278, '2025-07-04 03:00:00+00:00': 12236.557384227104, '2025-07-04 08:00:00+00:00': 12254.689349072989, '2025-07-04 17:00:00+00:00': 12305.046870542268, '2025-07-04 20:00:00+00:00': 12225.75880829235, '2025-07-04 22:00:00+00:00': 12336.469393621152, '2025-07-05 00:00:00+00:00': 12372.400684722099, '2025-07-05 06:00:00+00:00': 12375.741808452021, '2025-07-05 19:00:00+00:00': 12389.904618419541, '2025-07-05 21:00:00+00:00': 12389.904618419541, '2025-07-06 06:00:00+00:00': 12393.24346765036, '2025-07-06 11:00:00+00:00': 12400.642093099283, '2025-07-06 13:00:00+00:00': 12376.812299037736, '2025-07-06 19:00:00+00:00': 12416.397263017316, '2025-07-06 21:00:00+00:00': 12405.990075917336, '2025-07-07 01:00:00+00:00': 12423.876514649759, '2025-07-07 07:00:00+00:00': 12447.98663189614, '2025-07-07 09:00:00+00:00': 12339.681964218442, '2025-07-07 11:00:00+00:00': 12461.575724076527, '2025-07-07 12:00:00+00:00': 12461.575724076527, '2025-07-07 13:00:00+00:00': 12444.628047195525, '2025-07-07 14:00:00+00:00': 12465.491797649122, '2025-07-07 18:00:00+00:00': 12466.596874436314, '2025-07-07 22:00:00+00:00': 12367.764910114027, '2025-07-08 03:00:00+00:00': 12601.639823516574, '2025-07-08 09:00:00+00:00': 12601.525944880828, '2025-07-08 14:00:00+00:00': 12492.322454650995, '2025-07-08 16:00:00+00:00': 12629.915428155002, '2025-07-08 17:00:00+00:00': 12597.247362762528, '2025-07-09 01:00:00+00:00': 12640.354660977864, '2025-07-09 04:00:00+00:00': 12650.88066305652, '2025-07-09 05:00:00+00:00': 12647.719793934286, '2025-07-09 08:00:00+00:00': 12655.522215162408, '2025-07-09 12:00:00+00:00': 12660.62650131985, '2025-07-09 13:00:00+00:00': 12686.117152880453, '2025-07-09 15:00:00+00:00': 12692.042469228183, '2025-07-09 19:00:00+00:00': 12594.340973786164, '2025-07-09 20:00:00+00:00': 12648.8916583096, '2025-07-09 23:00:00+00:00': 12658.06632396421, '2025-07-10 01:00:00+00:00': 12668.250640660886, '2025-07-10 03:00:00+00:00': 12671.993814693313, '2025-07-10 06:00:00+00:00': 12670.933095579046, '2025-07-10 07:00:00+00:00': 12675.27732940843, '2025-07-10 10:00:00+00:00': 12688.901840404871, '2025-07-10 16:00:00+00:00': 12693.263766286685, '2025-07-10 17:00:00+00:00': 12698.138525961407, '2025-07-10 19:00:00+00:00': 12705.801435638581, '2025-07-10 22:00:00+00:00': 12718.13470617035, '2025-07-11 01:00:00+00:00': 12735.256198548268, '2025-07-11 06:00:00+00:00': 12749.419929064758, '2025-07-11 08:00:00+00:00': 12752.515730187131, '2025-07-11 19:00:00+00:00': 12743.955043078802, '2025-07-11 23:00:00+00:00': 12758.700662405012, '2025-07-12 05:00:00+00:00': 12763.307782478174, '2025-07-12 13:00:00+00:00': 12775.355714356738, '2025-07-12 21:00:00+00:00': 12781.224772994277, '2025-07-13 17:00:00+00:00': 12790.780266919111, '2025-07-14 02:00:00+00:00': 12792.028526759763, '2025-07-14 03:00:00+00:00': 12790.98226879699, '2025-07-14 05:00:00+00:00': 12822.526083874889, '2025-07-14 08:00:00+00:00': 12828.021415468522, '2025-07-14 16:00:00+00:00': 12863.412893338726, '2025-07-14 19:00:00+00:00': 12882.371173303782, '2025-07-14 20:00:00+00:00': 12751.041979008278, '2025-07-15 04:00:00+00:00': 12899.095685376009, '2025-07-15 12:00:00+00:00': 12902.211567070299, '2025-07-15 13:00:00+00:00': 12845.45380833777, '2025-07-15 16:00:00+00:00': 12944.711567070299, '2025-07-15 17:00:00+00:00': 12935.035755773399, '2025-07-15 21:00:00+00:00': 12985.035755773399, '2025-07-16 00:00:00+00:00': 12962.962441614272, '2025-07-16 06:00:00+00:00': 12949.11248338199, '2025-07-16 13:00:00+00:00': 12939.035116156712, '2025-07-16 14:00:00+00:00': 12960.199323025548, '2025-07-16 18:00:00+00:00': 13018.097972928328, '2025-07-17 02:00:00+00:00': 13057.430159101681, '2025-07-17 06:00:00+00:00': 12987.430159101681, '2025-07-17 07:00:00+00:00': 12972.430159101681, '2025-07-17 08:00:00+00:00': 12973.8910462564, '2025-07-17 14:00:00+00:00': 13062.070737523993, '2025-07-17 17:00:00+00:00': 13081.545623548394, '2025-07-17 21:00:00+00:00': 13081.545623548394, '2025-07-17 22:00:00+00:00': 13155.256046716098, '2025-07-18 02:00:00+00:00': 13074.295996357918, '2025-07-18 05:00:00+00:00': 13108.152537670343, '2025-07-18 08:00:00+00:00': 13138.402537670343, '2025-07-18 09:00:00+00:00': 13100.652537670343, '2025-07-18 11:00:00+00:00': 13179.977439908993, '2025-07-18 17:00:00+00:00': 13217.269731266637, '2025-07-18 21:00:00+00:00': 13235.475196645422, '2025-07-20 03:00:00+00:00': 13204.769731266637, '2025-07-20 04:00:00+00:00': 13135.475196645422, '2025-07-20 08:00:00+00:00': 13115.588924572829, '2025-07-20 11:00:00+00:00': 13110.995709318266, '2025-07-20 14:00:00+00:00': 13079.019540056437, '2025-07-20 15:00:00+00:00': 13186.741613950693, '2025-07-20 18:00:00+00:00': 13222.741613950693, '2025-07-20 21:00:00+00:00': 13225.366064371527, '2025-07-21 02:00:00+00:00': 13264.473335131523, '2025-07-21 03:00:00+00:00': 13245.239281490287, '2025-07-21 10:00:00+00:00': 13271.700819550259, '2025-07-21 14:00:00+00:00': 13294.958803479976, '2025-07-22 09:00:00+00:00': 13298.799165075201, '2025-07-23 08:00:00+00:00': 13172.377621494908, '2025-07-23 10:00:00+00:00': 13487.208803479976, '2025-07-23 11:00:00+00:00': 13496.988695528507, '2025-07-23 15:00:00+00:00': 13471.620149720962, '2025-07-24 04:00:00+00:00': 13514.488695528507, '2025-07-24 12:00:00+00:00': 13476.620149720962, '2025-07-24 15:00:00+00:00': 13319.494182474109, '2025-07-24 19:00:00+00:00': 13391.994182474109, '2025-07-25 04:00:00+00:00': 13439.494182474109, '2025-07-25 05:00:00+00:00': 13513.745038051697, '2025-07-25 07:00:00+00:00': 13513.745038051697}]",236,COMPLETE
24,270.1839599205771,2025-08-01 18:31:47.516878,2025-08-01 18:31:48.180932,0 days 00:00:00.664054,0.03,0.1,0.055,4,0.15,72,0.01,0.05,2.0,0.25,0.55,0.65,1.2552301255230125,"[{'2025-05-31 02:00:00+00:00': 10000.0, '2025-05-31 06:00:00+00:00': 10327.5, '2025-06-01 13:00:00+00:00': 10412.5, '2025-06-03 02:00:00+00:00': 10480.906415047293, '2025-06-03 09:00:00+00:00': 10417.5, '2025-06-03 13:00:00+00:00': 10469.638285392466, '2025-06-04 09:00:00+00:00': 10655.042230949415, '2025-06-04 14:00:00+00:00': 10522.138285392466, '2025-06-04 17:00:00+00:00': 10664.81309215625, '2025-06-05 20:00:00+00:00': 10609.81309215625, '2025-06-05 21:00:00+00:00': 10704.81309215625, '2025-06-06 10:00:00+00:00': 10758.304610321218, '2025-06-07 23:00:00+00:00': 10775.804610321218, '2025-06-08 21:00:00+00:00': 10709.722443266579, '2025-06-09 03:00:00+00:00': 10763.304610321218, '2025-06-09 11:00:00+00:00': 10763.304610321218, '2025-06-09 12:00:00+00:00': 10751.541887854291, '2025-06-09 23:00:00+00:00': 11046.541887854291, '2025-06-10 00:00:00+00:00': 10959.041887854291, '2025-06-10 01:00:00+00:00': 11036.541887854291, '2025-06-10 02:00:00+00:00': 10904.041887854291, '2025-06-10 23:00:00+00:00': 11171.541887854291, '2025-06-11 06:00:00+00:00': 11196.541887854291, '2025-06-11 15:00:00+00:00': 11181.541887854291, '2025-06-11 16:00:00+00:00': 11269.041887854291, '2025-06-11 17:00:00+00:00': 11221.520330184065, '2025-06-12 08:00:00+00:00': 11334.020330184065, '2025-06-12 21:00:00+00:00': 11256.520330184065, '2025-06-13 02:00:00+00:00': 11466.520330184065, '2025-06-13 11:00:00+00:00': 11445.132154941006, '2025-06-13 17:00:00+00:00': 11429.382154941006, '2025-06-16 02:00:00+00:00': 11474.020330184065, '2025-06-16 06:00:00+00:00': 11384.646709377252, '2025-06-16 08:00:00+00:00': 11339.646709377252, '2025-06-16 09:00:00+00:00': 11464.382154941006, '2025-06-17 00:00:00+00:00': 11419.646709377252, '2025-06-17 15:00:00+00:00': 11449.646709377252, '2025-06-17 16:00:00+00:00': 11414.646709377252, '2025-06-17 17:00:00+00:00': 11474.646709377252, '2025-06-18 05:00:00+00:00': 11360.896709377252, '2025-06-18 06:00:00+00:00': 11392.146709377252, '2025-06-19 07:00:00+00:00': 11377.146709377252, '2025-06-20 02:00:00+00:00': 11305.896709377252, '2025-06-20 08:00:00+00:00': 11305.896709377252, '2025-06-20 11:00:00+00:00': 11220.896709377252, '2025-06-20 15:00:00+00:00': 11283.396709377252, '2025-06-20 18:00:00+00:00': 11428.646709377252, '2025-06-21 10:00:00+00:00': 11434.896709377252, '2025-06-21 20:00:00+00:00': 11587.396709377252, '2025-06-21 22:00:00+00:00': 11891.146709377252, '2025-06-22 10:00:00+00:00': 11953.646709377252, '2025-06-22 14:00:00+00:00': 12181.785662352338, '2025-06-22 16:00:00+00:00': 12104.896709377252, '2025-06-23 01:00:00+00:00': 12071.299062155369, '2025-06-23 09:00:00+00:00': 11988.299062155369, '2025-06-23 14:00:00+00:00': 12011.299062155369, '2025-06-23 17:00:00+00:00': 12012.299062155369, '2025-06-23 18:00:00+00:00': 11945.299062155369, '2025-06-23 21:00:00+00:00': 11972.299062155369, '2025-06-23 23:00:00+00:00': 11907.299062155369, '2025-06-24 02:00:00+00:00': 11897.299062155369, '2025-06-24 04:00:00+00:00': 11937.299062155369, '2025-06-24 09:00:00+00:00': 11887.799062155369, '2025-06-24 16:00:00+00:00': 11897.299062155369, '2025-06-24 17:00:00+00:00': 11875.299062155369, '2025-06-25 02:00:00+00:00': 11867.799062155369, '2025-06-25 04:00:00+00:00': 11857.799062155369, '2025-06-25 14:00:00+00:00': 11850.299062155369, '2025-06-26 01:00:00+00:00': 11842.799062155369, '2025-06-30 19:00:00+00:00': 11930.299062155369, '2025-07-01 04:00:00+00:00': 11967.451546685328, '2025-07-01 07:00:00+00:00': 11951.911413843798, '2025-07-01 09:00:00+00:00': 12004.332704490153, '2025-07-01 18:00:00+00:00': 11999.44734626583, '2025-07-02 14:00:00+00:00': 12063.123484234166, '2025-07-02 15:00:00+00:00': 11967.451546685328, '2025-07-02 17:00:00+00:00': 12175.650597739499, '2025-07-02 20:00:00+00:00': 12140.924458799534, '2025-07-03 05:00:00+00:00': 12209.56197640718, '2025-07-03 13:00:00+00:00': 12227.925896902012, '2025-07-03 14:00:00+00:00': 12219.448021099906, '2025-07-03 17:00:00+00:00': 12262.830949828278, '2025-07-04 03:00:00+00:00': 12236.557384227104, '2025-07-04 08:00:00+00:00': 12254.689349072989, '2025-07-04 17:00:00+00:00': 12305.046870542268, '2025-07-04 20:00:00+00:00': 12225.75880829235, '2025-07-04 22:00:00+00:00': 12336.469393621152, '2025-07-05 00:00:00+00:00': 12372.400684722099, '2025-07-05 06:00:00+00:00': 12375.741808452021, '2025-07-05 19:00:00+00:00': 12389.904618419541, '2025-07-05 21:00:00+00:00': 12389.904618419541, '2025-07-06 06:00:00+00:00': 12393.24346765036, '2025-07-06 11:00:00+00:00': 12400.642093099283, '2025-07-06 13:00:00+00:00': 12376.812299037736, '2025-07-06 19:00:00+00:00': 12416.397263017316, '2025-07-06 21:00:00+00:00': 12405.990075917336, '2025-07-07 01:00:00+00:00': 12423.876514649759, '2025-07-07 07:00:00+00:00': 12447.98663189614, '2025-07-07 09:00:00+00:00': 12339.681964218442, '2025-07-07 11:00:00+00:00': 12461.575724076527, '2025-07-07 12:00:00+00:00': 12461.575724076527, '2025-07-07 13:00:00+00:00': 12444.628047195525, '2025-07-07 14:00:00+00:00': 12465.491797649122, '2025-07-07 18:00:00+00:00': 12466.596874436314, '2025-07-07 22:00:00+00:00': 12367.764910114027, '2025-07-08 03:00:00+00:00': 12601.639823516574, '2025-07-08 09:00:00+00:00': 12601.525944880828, '2025-07-08 14:00:00+00:00': 12492.322454650995, '2025-07-08 16:00:00+00:00': 12629.915428155002, '2025-07-08 17:00:00+00:00': 12597.247362762528, '2025-07-09 01:00:00+00:00': 12640.354660977864, '2025-07-09 04:00:00+00:00': 12650.88066305652, '2025-07-09 05:00:00+00:00': 12647.719793934286, '2025-07-09 08:00:00+00:00': 12655.522215162408, '2025-07-09 12:00:00+00:00': 12660.62650131985, '2025-07-09 13:00:00+00:00': 12686.117152880453, '2025-07-09 15:00:00+00:00': 12692.042469228183, '2025-07-09 19:00:00+00:00': 12594.340973786164, '2025-07-09 20:00:00+00:00': 12648.8916583096, '2025-07-09 23:00:00+00:00': 12658.06632396421, '2025-07-10 01:00:00+00:00': 12668.250640660886, '2025-07-10 03:00:00+00:00': 12671.993814693313, '2025-07-10 06:00:00+00:00': 12670.933095579046, '2025-07-10 07:00:00+00:00': 12675.27732940843, '2025-07-10 10:00:00+00:00': 12688.901840404871, '2025-07-10 16:00:00+00:00': 12693.263766286685, '2025-07-10 17:00:00+00:00': 12698.138525961407, '2025-07-10 19:00:00+00:00': 12705.801435638581, '2025-07-10 22:00:00+00:00': 12718.13470617035, '2025-07-11 01:00:00+00:00': 12735.256198548268, '2025-07-11 06:00:00+00:00': 12749.419929064758, '2025-07-11 08:00:00+00:00': 12752.515730187131, '2025-07-11 19:00:00+00:00': 12743.955043078802, '2025-07-11 23:00:00+00:00': 12758.700662405012, '2025-07-12 05:00:00+00:00': 12763.307782478174, '2025-07-12 13:00:00+00:00': 12775.355714356738, '2025-07-12 21:00:00+00:00': 12781.224772994277, '2025-07-13 17:00:00+00:00': 12790.780266919111, '2025-07-14 02:00:00+00:00': 12792.028526759763, '2025-07-14 03:00:00+00:00': 12790.98226879699, '2025-07-14 05:00:00+00:00': 12822.526083874889, '2025-07-14 08:00:00+00:00': 12828.021415468522, '2025-07-14 16:00:00+00:00': 12863.412893338726, '2025-07-14 19:00:00+00:00': 12882.371173303782, '2025-07-14 20:00:00+00:00': 12751.041979008278, '2025-07-15 04:00:00+00:00': 12899.095685376009, '2025-07-15 12:00:00+00:00': 12902.211567070299, '2025-07-15 13:00:00+00:00': 12845.45380833777, '2025-07-15 16:00:00+00:00': 12944.711567070299, '2025-07-15 17:00:00+00:00': 12935.035755773399, '2025-07-15 21:00:00+00:00': 12985.035755773399, '2025-07-16 00:00:00+00:00': 12962.962441614272, '2025-07-16 06:00:00+00:00': 12949.11248338199, '2025-07-16 13:00:00+00:00': 12939.035116156712, '2025-07-16 14:00:00+00:00': 12960.199323025548, '2025-07-16 18:00:00+00:00': 13018.097972928328, '2025-07-17 02:00:00+00:00': 13057.430159101681, '2025-07-17 06:00:00+00:00': 12987.430159101681, '2025-07-17 07:00:00+00:00': 12972.430159101681, '2025-07-17 08:00:00+00:00': 12973.8910462564, '2025-07-17 14:00:00+00:00': 13062.070737523993, '2025-07-17 17:00:00+00:00': 13081.545623548394, '2025-07-17 21:00:00+00:00': 13081.545623548394, '2025-07-17 22:00:00+00:00': 13155.256046716098, '2025-07-18 02:00:00+00:00': 13074.295996357918, '2025-07-18 05:00:00+00:00': 13108.152537670343, '2025-07-18 08:00:00+00:00': 13138.402537670343, '2025-07-18 09:00:00+00:00': 13100.652537670343, '2025-07-18 11:00:00+00:00': 13179.977439908993, '2025-07-18 17:00:00+00:00': 13217.269731266637, '2025-07-18 21:00:00+00:00': 13235.475196645422, '2025-07-20 03:00:00+00:00': 13204.769731266637, '2025-07-20 04:00:00+00:00': 13135.475196645422, '2025-07-20 08:00:00+00:00': 13115.588924572829, '2025-07-20 11:00:00+00:00': 13110.995709318266, '2025-07-20 14:00:00+00:00': 13079.019540056437, '2025-07-20 15:00:00+00:00': 13186.741613950693, '2025-07-20 18:00:00+00:00': 13222.741613950693, '2025-07-20 21:00:00+00:00': 13225.366064371527, '2025-07-21 02:00:00+00:00': 13264.473335131523, '2025-07-21 03:00:00+00:00': 13245.239281490287, '2025-07-21 10:00:00+00:00': 13271.700819550259, '2025-07-21 14:00:00+00:00': 13294.958803479976, '2025-07-22 09:00:00+00:00': 13298.799165075201, '2025-07-23 08:00:00+00:00': 13172.377621494908, '2025-07-23 10:00:00+00:00': 13487.208803479976, '2025-07-23 11:00:00+00:00': 13496.988695528507, '2025-07-23 15:00:00+00:00': 13471.620149720962, '2025-07-24 04:00:00+00:00': 13514.488695528507, '2025-07-24 12:00:00+00:00': 13476.620149720962, '2025-07-24 15:00:00+00:00': 13319.494182474109, '2025-07-24 19:00:00+00:00': 13391.994182474109, '2025-07-25 04:00:00+00:00': 13439.494182474109, '2025-07-25 05:00:00+00:00': 13513.745038051697, '2025-07-25 07:00:00+00:00': 13513.745038051697}]",236,COMPLETE
