number,value,datetime_start,datetime_complete,duration,params_CONVERGENCE_THRESHOLD,params_DAILY_LOSS_LIMIT,params_FIXED_TRADE_PCT,params_MAX_CONCURRENT_POSITIONS,params_MAX_DRAWDOWN_LIMIT,params_MAX_HOLD_HOURS,params_MAX_POSITION_PCT,params_MIN_DIV,params_MIN_TIME_BETWEEN_TRADES,params_STOP_LOSS_PCT,params_TAKE_PROFIT_PCT,params_TRAIL_PCT,user_attrs_cooldown_trades_pct,user_attrs_equity_curves,user_attrs_total_trades,state
17,263.4305367803423,2025-08-01 18:31:42.973236,2025-08-01 18:31:43.583077,0 days 00:00:00.609841,0.03,0.1,0.055,3,0.15,72,0.01,0.05,0.5,0.35,0.55,0.65,0.0,"[{'2025-05-31 02:00:00+00:00': 10000.0, '2025-05-31 06:00:00+00:00': 10288.512122673941, '2025-06-01 13:00:00+00:00': 10373.512122673941, '2025-06-03 02:00:00+00:00': 10439.243991232981, '2025-06-03 04:00:00+00:00': 10151.012122673941, '2025-06-03 08:00:00+00:00': 10348.512122673941, '2025-06-03 15:00:00+00:00': 10613.179158855515, '2025-06-04 07:00:00+00:00': 10598.346009622974, '2025-06-05 21:00:00+00:00': 10700.679158855515, '2025-06-06 00:00:00+00:00': 10832.028791125393, '2025-06-06 15:00:00+00:00': 10755.679158855515, '2025-06-07 23:00:00+00:00': 10821.735806616298, '2025-06-09 01:00:00+00:00': 10877.028791125393, '2025-06-09 16:00:00+00:00': 10857.028791125393, '2025-06-09 22:00:00+00:00': 10840.440559827888, '2025-06-09 23:00:00+00:00': 10975.440559827888, '2025-06-10 00:00:00+00:00': 11027.940559827888, '2025-06-10 01:00:00+00:00': 11056.461775016958, '2025-06-10 23:00:00+00:00': 11191.461775016958, '2025-06-11 15:00:00+00:00': 11186.032534523765, '2025-06-11 16:00:00+00:00': 11263.532534523765, '2025-06-12 03:00:00+00:00': 11343.532534523765, '2025-06-12 05:00:00+00:00': 11270.652964044615, '2025-06-12 21:00:00+00:00': 11326.032534523765, '2025-06-13 01:00:00+00:00': 11465.652964044615, '2025-06-13 02:00:00+00:00': 11555.652964044615, '2025-06-13 17:00:00+00:00': 11450.60358720361, '2025-06-16 02:00:00+00:00': 11563.152964044615, '2025-06-16 03:00:00+00:00': 11493.152964044615, '2025-06-16 10:00:00+00:00': 11420.60358720361, '2025-06-16 20:00:00+00:00': 11300.60358720361, '2025-06-17 00:00:00+00:00': 11403.10358720361, '2025-06-17 15:00:00+00:00': 11330.60358720361, '2025-06-17 16:00:00+00:00': 11358.10358720361, '2025-06-19 23:00:00+00:00': 11347.675510626379, '2025-06-20 01:00:00+00:00': 11377.675510626379, '2025-06-20 08:00:00+00:00': 11265.175510626379, '2025-06-20 17:00:00+00:00': 11237.675510626379, '2025-06-20 18:00:00+00:00': 11352.925510626379, '2025-06-20 23:00:00+00:00': 11442.925510626379, '2025-06-21 22:00:00+00:00': 11772.925510626379, '2025-06-22 10:00:00+00:00': 11835.425510626379, '2025-06-22 14:00:00+00:00': 12045.415648895772, '2025-06-23 03:00:00+00:00': 11910.165648895772, '2025-06-23 08:00:00+00:00': 11950.415648895772, '2025-06-23 09:00:00+00:00': 11887.165648895772, '2025-06-23 17:00:00+00:00': 11846.165648895772, '2025-06-23 18:00:00+00:00': 11819.165648895772, '2025-06-23 21:00:00+00:00': 11822.165648895772, '2025-06-24 02:00:00+00:00': 11766.415648895772, '2025-06-24 09:00:00+00:00': 11753.415648895772, '2025-06-24 17:00:00+00:00': 11728.415648895772, '2025-06-25 05:00:00+00:00': 11716.665648895772, '2025-06-25 14:00:00+00:00': 11701.665648895772, '2025-06-26 02:00:00+00:00': 11689.165648895772, '2025-06-30 19:00:00+00:00': 11776.665648895772, '2025-07-01 04:00:00+00:00': 11781.405924574068, '2025-07-01 07:00:00+00:00': 11803.018276262497, '2025-07-01 08:00:00+00:00': 11892.539373727632, '2025-07-01 18:00:00+00:00': 11883.687799884801, '2025-07-02 14:00:00+00:00': 11870.437269987942, '2025-07-02 15:00:00+00:00': 11847.872099795557, '2025-07-02 17:00:00+00:00': 12028.209474775076, '2025-07-02 20:00:00+00:00': 11993.370469788435, '2025-07-02 23:00:00+00:00': 12038.85134239643, '2025-07-03 00:00:00+00:00': 12059.606071322367, '2025-07-03 05:00:00+00:00': 12045.505691611388, '2025-07-03 13:00:00+00:00': 12085.406172628836, '2025-07-03 14:00:00+00:00': 12084.37440977704, '2025-07-03 17:00:00+00:00': 12126.150353656223, '2025-07-03 18:00:00+00:00': 12123.924829414758, '2025-07-04 08:00:00+00:00': 12152.75540168594, '2025-07-04 17:00:00+00:00': 12183.100465392874, '2025-07-04 22:00:00+00:00': 12181.850871266748, '2025-07-05 00:00:00+00:00': 12186.49924099774, '2025-07-06 13:00:00+00:00': 12190.922841406162, '2025-07-06 18:00:00+00:00': 12131.383763752268, '2025-07-06 19:00:00+00:00': 12131.383763752268, '2025-07-06 21:00:00+00:00': 12196.273174747344, '2025-07-07 01:00:00+00:00': 12279.446150695532, '2025-07-07 09:00:00+00:00': 12271.967297711584, '2025-07-07 11:00:00+00:00': 12299.091339859036, '2025-07-07 12:00:00+00:00': 12300.06400593645, '2025-07-07 13:00:00+00:00': 12311.61964833538, '2025-07-07 14:00:00+00:00': 12315.526222593324, '2025-07-07 15:00:00+00:00': 12320.021592454686, '2025-07-07 17:00:00+00:00': 12327.319029796305, '2025-07-07 18:00:00+00:00': 12321.12445762148, '2025-07-08 03:00:00+00:00': 12358.24942672876, '2025-07-08 14:00:00+00:00': 12353.008169394674, '2025-07-08 16:00:00+00:00': 12382.114431575248, '2025-07-08 17:00:00+00:00': 12353.879102387653, '2025-07-08 18:00:00+00:00': 12425.645592395858, '2025-07-09 01:00:00+00:00': 12392.496979660848, '2025-07-09 04:00:00+00:00': 12436.147063373115, '2025-07-09 05:00:00+00:00': 12432.993567421316, '2025-07-09 08:00:00+00:00': 12440.431303590127, '2025-07-09 09:00:00+00:00': 12450.166175382801, '2025-07-09 12:00:00+00:00': 12442.823445999144, '2025-07-09 13:00:00+00:00': 12475.60757984188, '2025-07-09 15:00:00+00:00': 12489.188787489122, '2025-07-09 19:00:00+00:00': 12255.955954786385, '2025-07-09 20:00:00+00:00': 12465.994185211543, '2025-07-09 21:00:00+00:00': 12486.135962730397, '2025-07-09 23:00:00+00:00': 12475.12640724986, '2025-07-10 01:00:00+00:00': 12496.302133655414, '2025-07-10 03:00:00+00:00': 12500.038638336986, '2025-07-10 06:00:00+00:00': 12498.979809144981, '2025-07-10 07:00:00+00:00': 12503.316302693163, '2025-07-10 09:00:00+00:00': 12512.653786980436, '2025-07-10 10:00:00+00:00': 12518.914659301176, '2025-07-10 16:00:00+00:00': 12523.269616881833, '2025-07-10 17:00:00+00:00': 12528.136588988767, '2025-07-10 19:00:00+00:00': 12535.787256948906, '2025-07-10 22:00:00+00:00': 12548.100824728805, '2025-07-11 01:00:00+00:00': 12565.19496503372, '2025-07-11 06:00:00+00:00': 12579.33606858624, '2025-07-11 08:00:00+00:00': 12582.165034667334, '2025-07-11 10:00:00+00:00': 12598.699468523128, '2025-07-11 20:00:00+00:00': 12587.99974497168, '2025-07-11 23:00:00+00:00': 12620.761624395587, '2025-07-12 05:00:00+00:00': 12631.678484564656, '2025-07-12 13:00:00+00:00': 12643.7516635649, '2025-07-12 21:00:00+00:00': 12649.633021146281, '2025-07-13 17:00:00+00:00': 12659.2085391483, '2025-07-14 03:00:00+00:00': 12659.410964332523, '2025-07-14 05:00:00+00:00': 12689.96951505272, '2025-07-14 08:00:00+00:00': 12712.856703052772, '2025-07-14 16:00:00+00:00': 12730.85170533503, '2025-07-14 19:00:00+00:00': 12749.847900921874, '2025-07-14 22:00:00+00:00': 12627.061710011185, '2025-07-15 04:00:00+00:00': 12758.076340143423, '2025-07-15 12:00:00+00:00': 12761.19792803382, '2025-07-15 13:00:00+00:00': 12707.350381067887, '2025-07-15 15:00:00+00:00': 12808.879970108424, '2025-07-15 16:00:00+00:00': 12803.69792803382, '2025-07-15 17:00:00+00:00': 12799.182069862869, '2025-07-15 18:00:00+00:00': 12725.918475576482, '2025-07-15 20:00:00+00:00': 12792.682069862869, '2025-07-15 21:00:00+00:00': 12842.682069862869, '2025-07-15 23:00:00+00:00': 12875.05860165186, '2025-07-16 00:00:00+00:00': 12882.432069862869, '2025-07-16 06:00:00+00:00': 12890.05860165186, '2025-07-16 13:00:00+00:00': 12879.898836533843, '2025-07-16 14:00:00+00:00': 12875.05860165186, '2025-07-16 18:00:00+00:00': 12972.137838140148, '2025-07-16 20:00:00+00:00': 12897.259832632119, '2025-07-17 02:00:00+00:00': 12977.163197929378, '2025-07-17 06:00:00+00:00': 12907.163197929378, '2025-07-17 07:00:00+00:00': 12892.163197929378, '2025-07-17 08:00:00+00:00': 12893.63553507792, '2025-07-17 14:00:00+00:00': 12949.555595831293, '2025-07-17 17:00:00+00:00': 12969.165497052521, '2025-07-17 20:00:00+00:00': 12978.403821532984, '2025-07-17 21:00:00+00:00': 12969.165497052521, '2025-07-17 22:00:00+00:00': 13052.438977745574, '2025-07-18 02:00:00+00:00': 12937.438977745574, '2025-07-18 05:00:00+00:00': 12971.444674866327, '2025-07-18 08:00:00+00:00': 13017.933288722112, '2025-07-18 09:00:00+00:00': 12980.183288722112, '2025-07-18 11:00:00+00:00': 13059.626233078377, '2025-07-18 12:00:00+00:00': 13058.47371444963, '2025-07-18 15:00:00+00:00': 13097.78573368342, '2025-07-18 17:00:00+00:00': 13110.28573368342, '2025-07-20 03:00:00+00:00': 13083.333861047186, '2025-07-20 06:00:00+00:00': 13113.800251850136, '2025-07-20 08:00:00+00:00': 13098.43702052846, '2025-07-20 11:00:00+00:00': 13093.788366242768, '2025-07-20 14:00:00+00:00': 13094.889850091866, '2025-07-20 15:00:00+00:00': 13109.470269989944, '2025-07-20 18:00:00+00:00': 13194.847972483305, '2025-07-20 21:00:00+00:00': 13199.392945960493, '2025-07-21 03:00:00+00:00': 13219.567971627128, '2025-07-21 10:00:00+00:00': 13226.892679445986, '2025-07-22 09:00:00+00:00': 13247.204778567751, '2025-07-23 00:00:00+00:00': 13185.454778567751, '2025-07-23 08:00:00+00:00': 13158.847972483305, '2025-07-23 11:00:00+00:00': 13316.40044123163, '2025-07-23 17:00:00+00:00': 13311.204778567751, '2025-07-24 01:00:00+00:00': 13279.90044123163, '2025-07-24 04:00:00+00:00': 13318.90044123163, '2025-07-24 12:00:00+00:00': 13232.15044123163, '2025-07-24 15:00:00+00:00': 13204.65044123163, '2025-07-25 07:00:00+00:00': 13404.65044123163}]",213,COMPLETE
18,253.9443122885947,2025-08-01 18:31:43.588287,2025-08-01 18:31:44.201306,0 days 00:00:00.613019,0.03,0.05,0.065,3,0.15,72,0.01,0.05,0.5,0.35,0.5,0.65,0.0,"[{'2025-05-31 02:00:00+00:00': 10000.0, '2025-05-31 06:00:00+00:00': 10281.423417705566, '2025-06-01 13:00:00+00:00': 10366.423417705566, '2025-06-03 02:00:00+00:00': 10448.651989638976, '2025-06-03 04:00:00+00:00': 10143.923417705566, '2025-06-03 08:00:00+00:00': 10341.423417705566, '2025-06-03 15:00:00+00:00': 10622.392457705055, '2025-06-04 07:00:00+00:00': 10604.846573880624, '2025-06-05 21:00:00+00:00': 10709.892457705055, '2025-06-06 00:00:00+00:00': 10855.201530636845, '2025-06-06 15:00:00+00:00': 10764.892457705055, '2025-06-07 23:00:00+00:00': 10843.0266208032, '2025-06-09 01:00:00+00:00': 10900.201530636845, '2025-06-09 16:00:00+00:00': 10880.201530636845, '2025-06-09 22:00:00+00:00': 10862.701530636845, '2025-06-09 23:00:00+00:00': 10997.701530636845, '2025-06-10 00:00:00+00:00': 11050.201530636845, '2025-06-10 01:00:00+00:00': 11083.977638806995, '2025-06-10 23:00:00+00:00': 11218.977638806995, '2025-06-11 15:00:00+00:00': 11287.548311601298, '2025-06-11 16:00:00+00:00': 11267.548311601298, '2025-06-11 23:00:00+00:00': 11345.048311601298, '2025-06-12 05:00:00+00:00': 11258.887202131724, '2025-06-12 21:00:00+00:00': 11216.387202131724, '2025-06-13 01:00:00+00:00': 11271.387202131724, '2025-06-13 02:00:00+00:00': 11391.387202131724, '2025-06-13 17:00:00+00:00': 11281.387202131724, '2025-06-16 02:00:00+00:00': 11398.887202131724, '2025-06-16 03:00:00+00:00': 11328.887202131724, '2025-06-16 10:00:00+00:00': 11251.387202131724, '2025-06-16 20:00:00+00:00': 11131.387202131724, '2025-06-17 00:00:00+00:00': 11233.887202131724, '2025-06-17 15:00:00+00:00': 11161.387202131724, '2025-06-17 16:00:00+00:00': 11188.887202131724, '2025-06-19 23:00:00+00:00': 11174.28051880341, '2025-06-20 01:00:00+00:00': 11204.28051880341, '2025-06-20 08:00:00+00:00': 11091.78051880341, '2025-06-20 17:00:00+00:00': 11064.28051880341, '2025-06-20 18:00:00+00:00': 11179.53051880341, '2025-06-20 23:00:00+00:00': 11269.53051880341, '2025-06-21 22:00:00+00:00': 11599.53051880341, '2025-06-22 10:00:00+00:00': 11662.03051880341, '2025-06-22 14:00:00+00:00': 11884.56246062516, '2025-06-23 03:00:00+00:00': 11749.31246062516, '2025-06-23 08:00:00+00:00': 11789.56246062516, '2025-06-23 09:00:00+00:00': 11726.31246062516, '2025-06-23 17:00:00+00:00': 11685.31246062516, '2025-06-23 18:00:00+00:00': 11658.31246062516, '2025-06-23 21:00:00+00:00': 11661.31246062516, '2025-06-24 02:00:00+00:00': 11605.56246062516, '2025-06-24 09:00:00+00:00': 11592.56246062516, '2025-06-24 17:00:00+00:00': 11567.56246062516, '2025-06-25 05:00:00+00:00': 11555.81246062516, '2025-06-25 14:00:00+00:00': 11540.81246062516, '2025-06-26 02:00:00+00:00': 11528.31246062516, '2025-06-30 19:00:00+00:00': 11615.81246062516, '2025-07-01 04:00:00+00:00': 11620.81246062516, '2025-07-01 07:00:00+00:00': 11646.354330802395, '2025-07-01 08:00:00+00:00': 11743.199287471274, '2025-07-01 18:00:00+00:00': 11732.733312407772, '2025-07-02 14:00:00+00:00': 11717.733312407772, '2025-07-02 15:00:00+00:00': 11693.854330802395, '2025-07-02 17:00:00+00:00': 11896.439637672152, '2025-07-02 20:00:00+00:00': 11855.233312407772, '2025-07-02 23:00:00+00:00': 11909.051768259591, '2025-07-03 00:00:00+00:00': 11933.650305322575, '2025-07-03 05:00:00+00:00': 11916.938120943121, '2025-07-03 13:00:00+00:00': 11964.23989082776, '2025-07-03 14:00:00+00:00': 11963.016431492237, '2025-07-03 17:00:00+00:00': 12012.575922410471, '2025-07-03 18:00:00+00:00': 12009.935716930548, '2025-07-04 08:00:00+00:00': 12044.160057894473, '2025-07-04 17:00:00+00:00': 12080.198244498506, '2025-07-04 22:00:00+00:00': 12078.713429863681, '2025-07-05 00:00:00+00:00': 12084.236677562225, '2025-07-06 13:00:00+00:00': 12089.49327509721, '2025-07-06 18:00:00+00:00': 12018.78825352775, '2025-07-06 19:00:00+00:00': 12018.78825352775, '2025-07-06 21:00:00+00:00': 12095.851603491616, '2025-07-07 01:00:00+00:00': 12194.70395997643, '2025-07-07 09:00:00+00:00': 12185.81448008741, '2025-07-07 11:00:00+00:00': 12218.062004143889, '2025-07-07 12:00:00+00:00': 12219.218869171753, '2025-07-07 13:00:00+00:00': 12232.963095552452, '2025-07-07 14:00:00+00:00': 12237.610965730739, '2025-07-07 15:00:00+00:00': 12242.959718529331, '2025-07-07 17:00:00+00:00': 12251.643143362162, '2025-07-07 18:00:00+00:00': 12244.272048643079, '2025-07-08 03:00:00+00:00': 12288.452125094216, '2025-07-08 14:00:00+00:00': 12282.214624130665, '2025-07-08 16:00:00+00:00': 12315.750633347372, '2025-07-08 17:00:00+00:00': 12283.250633347372, '2025-07-08 18:00:00+00:00': 12367.60019660183, '2025-07-09 01:00:00+00:00': 12328.117890413996, '2025-07-09 04:00:00+00:00': 12380.115909786382, '2025-07-09 05:00:00+00:00': 12376.357091818178, '2025-07-09 08:00:00+00:00': 12385.222795571135, '2025-07-09 09:00:00+00:00': 12396.829010781616, '2025-07-09 12:00:00+00:00': 12388.074625138961, '2025-07-09 13:00:00+00:00': 12427.166598902879, '2025-07-09 15:00:00+00:00': 12443.368485896704, '2025-07-09 19:00:00+00:00': 12166.784911987477, '2025-07-09 20:00:00+00:00': 12415.691806913259, '2025-07-09 21:00:00+00:00': 12439.750824102888, '2025-07-09 23:00:00+00:00': 12426.599387057518, '2025-07-10 01:00:00+00:00': 12451.892766575598, '2025-07-10 03:00:00+00:00': 12456.356215478792, '2025-07-10 06:00:00+00:00': 12455.091309534264, '2025-07-10 07:00:00+00:00': 12460.27180182606, '2025-07-10 09:00:00+00:00': 12471.427227409302, '2025-07-10 10:00:00+00:00': 12478.907297805486, '2025-07-10 16:00:00+00:00': 12484.111497051552, '2025-07-10 17:00:00+00:00': 12489.927981655099, '2025-07-10 19:00:00+00:00': 12499.071988327294, '2025-07-10 22:00:00+00:00': 12513.790936577616, '2025-07-11 01:00:00+00:00': 12534.228525911523, '2025-07-11 06:00:00+00:00': 12551.140324453181, '2025-07-11 08:00:00+00:00': 12554.524374341172, '2025-07-11 10:00:00+00:00': 12574.304035708492, '2025-07-11 20:00:00+00:00': 12561.50074110174, '2025-07-11 23:00:00+00:00': 12600.696399544478, '2025-07-12 05:00:00+00:00': 12613.760294650834, '2025-07-12 13:00:00+00:00': 12628.213720767983, '2025-07-12 21:00:00+00:00': 12635.256009234134, '2025-07-13 17:00:00+00:00': 12646.722773706466, '2025-07-14 03:00:00+00:00': 12646.965218080442, '2025-07-14 05:00:00+00:00': 12683.564639680677, '2025-07-14 08:00:00+00:00': 12710.979542085934, '2025-07-14 16:00:00+00:00': 12732.544683777089, '2025-07-14 19:00:00+00:00': 12755.316411785678, '2025-07-14 22:00:00+00:00': 12608.23373954529, '2025-07-15 04:00:00+00:00': 12765.184364987737, '2025-07-15 12:00:00+00:00': 12768.929904581453, '2025-07-15 13:00:00+00:00': 12704.381387467274, '2025-07-15 15:00:00+00:00': 12817.649815482428, '2025-07-15 16:00:00+00:00': 12811.429904581453, '2025-07-15 17:00:00+00:00': 12806.00930083512, '2025-07-15 18:00:00+00:00': 12726.619055810546, '2025-07-15 20:00:00+00:00': 12799.50930083512, '2025-07-15 21:00:00+00:00': 12849.50930083512, '2025-07-15 23:00:00+00:00': 12880.41419548737, '2025-07-16 00:00:00+00:00': 12889.25930083512, '2025-07-16 06:00:00+00:00': 12895.41419548737, '2025-07-16 13:00:00+00:00': 12883.229029906726, '2025-07-16 14:00:00+00:00': 12880.41419548737, '2025-07-16 18:00:00+00:00': 12985.479029906726, '2025-07-16 20:00:00+00:00': 12898.840852459256, '2025-07-17 02:00:00+00:00': 12976.090852459256, '2025-07-17 06:00:00+00:00': 12906.090852459256, '2025-07-17 07:00:00+00:00': 12891.090852459256, '2025-07-17 08:00:00+00:00': 12892.856082947994, '2025-07-17 14:00:00+00:00': 12959.901970893688, '2025-07-17 17:00:00+00:00': 12983.423875946788, '2025-07-17 20:00:00+00:00': 12994.51373000062, '2025-07-17 21:00:00+00:00': 12983.423875946788, '2025-07-17 22:00:00+00:00': 13076.01373000062, '2025-07-18 02:00:00+00:00': 12961.01373000062, '2025-07-18 05:00:00+00:00': 13001.8322519487, '2025-07-18 08:00:00+00:00': 13050.07325749425, '2025-07-18 09:00:00+00:00': 13012.32325749425, '2025-07-18 11:00:00+00:00': 13100.158984443928, '2025-07-18 12:00:00+00:00': 13098.773534920732, '2025-07-18 15:00:00+00:00': 13146.029871190402, '2025-07-18 17:00:00+00:00': 13158.529871190402, '2025-07-20 03:00:00+00:00': 13128.657511125077, '2025-07-20 06:00:00+00:00': 13162.765263552232, '2025-07-20 08:00:00+00:00': 13144.280061342532, '2025-07-20 11:00:00+00:00': 13138.689635443705, '2025-07-20 14:00:00+00:00': 13140.01200597247, '2025-07-20 15:00:00+00:00': 13157.54527406341, '2025-07-20 18:00:00+00:00': 13245.866464029452, '2025-07-20 21:00:00+00:00': 13251.332867571002, '2025-07-21 03:00:00+00:00': 13275.5998596338, '2025-07-21 10:00:00+00:00': 13284.413022437328, '2025-07-22 09:00:00+00:00': 13308.855597801112, '2025-07-22 10:00:00+00:00': 13209.866464029452, '2025-07-23 00:00:00+00:00': 13209.605597801112, '2025-07-23 14:00:00+00:00': 13405.355597801112, '2025-07-23 17:00:00+00:00': 13335.355597801112, '2025-07-24 01:00:00+00:00': 13352.43081564227, '2025-07-24 04:00:00+00:00': 13391.43081564227, '2025-07-24 12:00:00+00:00': 13304.68081564227, '2025-07-24 15:00:00+00:00': 13277.18081564227, '2025-07-25 04:00:00+00:00': 13494.43081564227, '2025-07-25 05:00:00+00:00': 13484.068917834325, '2025-07-25 07:00:00+00:00': 13486.568917834325}]",218,COMPLETE
