number,value,datetime_start,datetime_complete,duration,params_CONVERGENCE_THRESHOLD,params_DAILY_LOSS_LIMIT,params_FIXED_TRADE_PCT,params_MAX_CONCURRENT_POSITIONS,params_MAX_DRAWDOWN_LIMIT,params_MAX_HOLD_HOURS,params_MAX_POSITION_PCT,params_MIN_DIV,params_MIN_TIME_BETWEEN_TRADES,params_STOP_LOSS_PCT,params_TAKE_PROFIT_PCT,params_TRAIL_PCT,user_attrs_cooldown_trades_pct,user_attrs_equity_curves,user_attrs_total_trades,state
35,227.45845386458984,2025-08-01 18:31:55.033984,2025-08-01 18:31:55.706758,0 days 00:00:00.672774,0.02,0.1,0.055,4,0.15,72,0.01,0.04,2.0,0.25,0.55,0.65,1.36986301369863,"[{'2025-05-31 02:00:00+00:00': 10000.0, '2025-05-31 03:00:00+00:00': 9939.018116169253, '2025-05-31 06:00:00+00:00': 10129.018116169253, '2025-06-01 14:00:00+00:00': 10209.018116169253, '2025-06-03 02:00:00+00:00': 10276.205937684177, '2025-06-03 03:00:00+00:00': 10335.076438488828, '2025-06-03 09:00:00+00:00': 10214.018116169253, '2025-06-03 13:00:00+00:00': 10265.154367661511, '2025-06-04 09:00:00+00:00': 10442.382943206876, '2025-06-05 13:00:00+00:00': 10437.572316038137, '2025-06-05 20:00:00+00:00': 10451.855663607848, '2025-06-05 21:00:00+00:00': 10667.887348197726, '2025-06-06 15:00:00+00:00': 10705.564158068555, '2025-06-07 14:00:00+00:00': 10741.368224278029, '2025-06-08 22:00:00+00:00': 10727.930901508578, '2025-06-09 01:00:00+00:00': 10772.930901508578, '2025-06-09 12:00:00+00:00': 10675.564158068555, '2025-06-09 22:00:00+00:00': 10760.411638110298, '2025-06-09 23:00:00+00:00': 10823.064158068555, '2025-06-10 01:00:00+00:00': 10788.136899257684, '2025-06-10 20:00:00+00:00': 10784.333543302897, '2025-06-10 23:00:00+00:00': 10996.833543302897, '2025-06-11 00:00:00+00:00': 10906.833543302897, '2025-06-11 04:00:00+00:00': 10769.333543302897, '2025-06-11 16:00:00+00:00': 10961.833543302897, '2025-06-11 17:00:00+00:00': 10913.365514190727, '2025-06-12 03:00:00+00:00': 10930.865514190727, '2025-06-12 08:00:00+00:00': 10894.333543302897, '2025-06-12 21:00:00+00:00': 10983.419915240327, '2025-06-13 01:00:00+00:00': 11035.919915240327, '2025-06-13 02:00:00+00:00': 11245.919915240327, '2025-06-13 11:00:00+00:00': 11225.087509599734, '2025-06-13 17:00:00+00:00': 11209.337509599734, '2025-06-16 02:00:00+00:00': 11253.419915240327, '2025-06-16 06:00:00+00:00': 11165.65510032387, '2025-06-16 08:00:00+00:00': 11120.65510032387, '2025-06-16 09:00:00+00:00': 11244.337509599734, '2025-06-17 00:00:00+00:00': 11200.65510032387, '2025-06-17 15:00:00+00:00': 11230.65510032387, '2025-06-17 16:00:00+00:00': 11195.65510032387, '2025-06-17 17:00:00+00:00': 11255.65510032387, '2025-06-18 05:00:00+00:00': 11141.90510032387, '2025-06-18 06:00:00+00:00': 11173.15510032387, '2025-06-19 07:00:00+00:00': 11158.15510032387, '2025-06-20 02:00:00+00:00': 11086.90510032387, '2025-06-20 08:00:00+00:00': 11086.90510032387, '2025-06-20 11:00:00+00:00': 11001.90510032387, '2025-06-20 15:00:00+00:00': 11064.40510032387, '2025-06-20 18:00:00+00:00': 11209.65510032387, '2025-06-21 10:00:00+00:00': 11215.90510032387, '2025-06-21 20:00:00+00:00': 11368.40510032387, '2025-06-21 22:00:00+00:00': 11672.15510032387, '2025-06-22 10:00:00+00:00': 11734.65510032387, '2025-06-22 14:00:00+00:00': 11933.793684541866, '2025-06-22 16:00:00+00:00': 11885.90510032387, '2025-06-23 01:00:00+00:00': 11824.993826475893, '2025-06-23 09:00:00+00:00': 11741.993826475893, '2025-06-23 14:00:00+00:00': 11764.993826475893, '2025-06-23 17:00:00+00:00': 11765.993826475893, '2025-06-23 18:00:00+00:00': 11698.993826475893, '2025-06-23 21:00:00+00:00': 11725.993826475893, '2025-06-23 23:00:00+00:00': 11660.993826475893, '2025-06-24 02:00:00+00:00': 11650.993826475893, '2025-06-24 04:00:00+00:00': 11690.993826475893, '2025-06-24 09:00:00+00:00': 11641.493826475893, '2025-06-24 16:00:00+00:00': 11650.993826475893, '2025-06-24 17:00:00+00:00': 11628.993826475893, '2025-06-25 02:00:00+00:00': 11621.493826475893, '2025-06-25 04:00:00+00:00': 11611.493826475893, '2025-06-25 14:00:00+00:00': 11603.993826475893, '2025-06-26 01:00:00+00:00': 11596.493826475893, '2025-06-30 19:00:00+00:00': 11683.993826475893, '2025-07-01 04:00:00+00:00': 11725.262949422695, '2025-07-02 01:00:00+00:00': 11695.157160765628, '2025-07-02 14:00:00+00:00': 11709.722816581165, '2025-07-02 15:00:00+00:00': 11727.025081126134, '2025-07-02 18:00:00+00:00': 11907.863388239559, '2025-07-02 20:00:00+00:00': 11797.180778293054, '2025-07-02 23:00:00+00:00': 11870.046612278964, '2025-07-03 05:00:00+00:00': 11895.735765667147, '2025-07-03 09:00:00+00:00': 11903.70559307781, '2025-07-03 13:00:00+00:00': 11906.666877122861, '2025-07-03 15:00:00+00:00': 11901.369639419096, '2025-07-03 18:00:00+00:00': 11903.187589652942, '2025-07-03 20:00:00+00:00': 11907.513220251352, '2025-07-04 08:00:00+00:00': 11932.642079908055, '2025-07-04 20:00:00+00:00': 11889.788551232783, '2025-07-04 22:00:00+00:00': 11975.410035137958, '2025-07-05 00:00:00+00:00': 12014.833265195339, '2025-07-06 13:00:00+00:00': 12019.222428894353, '2025-07-06 18:00:00+00:00': 11911.477873986816, '2025-07-06 19:00:00+00:00': 12018.157386013723, '2025-07-06 21:00:00+00:00': 12023.466068243255, '2025-07-07 01:00:00+00:00': 12036.585160544526, '2025-07-07 07:00:00+00:00': 12055.354959364122, '2025-07-07 13:00:00+00:00': 12075.508029875644, '2025-07-07 14:00:00+00:00': 12029.166160882727, '2025-07-07 17:00:00+00:00': 12082.182768206489, '2025-07-07 18:00:00+00:00': 12083.715069471362, '2025-07-07 21:00:00+00:00': 12010.221081951115, '2025-07-08 03:00:00+00:00': 12139.769245757394, '2025-07-08 10:00:00+00:00': 12242.385605898446, '2025-07-08 16:00:00+00:00': 12270.390933522547, '2025-07-08 17:00:00+00:00': 12052.023431026462, '2025-07-08 18:00:00+00:00': 12303.331162889144, '2025-07-09 04:00:00+00:00': 12313.763570766218, '2025-07-09 05:00:00+00:00': 12310.632946063406, '2025-07-09 06:00:00+00:00': 12331.061629274456, '2025-07-09 12:00:00+00:00': 12336.125321373538, '2025-07-09 13:00:00+00:00': 12361.402300321392, '2025-07-09 14:00:00+00:00': 12126.390877907137, '2025-07-09 15:00:00+00:00': 12367.301476344428, '2025-07-09 19:00:00+00:00': 12235.426703561146, '2025-07-09 20:00:00+00:00': 12324.341030993182, '2025-07-10 01:00:00+00:00': 12351.64632966547, '2025-07-10 06:00:00+00:00': 12350.591575566834, '2025-07-10 10:00:00+00:00': 12364.134035604324, '2025-07-10 17:00:00+00:00': 12355.462721535672, '2025-07-10 18:00:00+00:00': 12341.08598410362, '2025-07-10 19:00:00+00:00': 12398.529792987027, '2025-07-10 22:00:00+00:00': 12410.827776381127, '2025-07-11 01:00:00+00:00': 12427.900281877824, '2025-07-11 09:00:00+00:00': 12450.133161011454, '2025-07-11 10:00:00+00:00': 12444.848129303205, '2025-07-11 19:00:00+00:00': 12441.593026268247, '2025-07-11 23:00:00+00:00': 12453.143960718277, '2025-07-12 09:00:00+00:00': 12450.845931032982, '2025-07-12 16:00:00+00:00': 12472.866826087416, '2025-07-12 21:00:00+00:00': 12478.72346371079, '2025-07-13 17:00:00+00:00': 12488.258734814091, '2025-07-14 05:00:00+00:00': 12482.51386526606, '2025-07-14 09:00:00+00:00': 12459.544903667113, '2025-07-14 12:00:00+00:00': 12475.568053996241, '2025-07-14 16:00:00+00:00': 12493.38809055341, '2025-07-14 18:00:00+00:00': 12437.380647839573, '2025-07-14 19:00:00+00:00': 12512.221938197119, '2025-07-14 20:00:00+00:00': 12445.503664170115, '2025-07-15 04:00:00+00:00': 12537.89353063126, '2025-07-15 12:00:00+00:00': 12540.987780169908, '2025-07-15 15:00:00+00:00': 12520.647285586294, '2025-07-15 16:00:00+00:00': 12583.487780169908, '2025-07-15 17:00:00+00:00': 12573.886620045278, '2025-07-15 21:00:00+00:00': 12623.886620045278, '2025-07-16 00:00:00+00:00': 12601.982999316451, '2025-07-16 13:00:00+00:00': 12511.595517568256, '2025-07-16 15:00:00+00:00': 12543.030689150786, '2025-07-16 18:00:00+00:00': 12590.066685378219, '2025-07-17 06:00:00+00:00': 12559.815530187476, '2025-07-17 07:00:00+00:00': 12744.815530187476, '2025-07-17 09:00:00+00:00': 12746.806814919879, '2025-07-17 14:00:00+00:00': 12835.211159674345, '2025-07-17 17:00:00+00:00': 12854.771663927575, '2025-07-17 21:00:00+00:00': 12854.771663927575, '2025-07-17 22:00:00+00:00': 12928.80614812232, '2025-07-18 02:00:00+00:00': 12847.490164424717, '2025-07-18 09:00:00+00:00': 12859.9933341016, '2025-07-18 11:00:00+00:00': 12901.55880875239, '2025-07-18 17:00:00+00:00': 12938.84547817246, '2025-07-20 03:00:00+00:00': 12926.34547817246, '2025-07-20 06:00:00+00:00': 12854.554747683982, '2025-07-20 08:00:00+00:00': 12849.828913645564, '2025-07-20 11:00:00+00:00': 12779.452790703172, '2025-07-20 12:00:00+00:00': 12784.05014978808, '2025-07-20 14:00:00+00:00': 12760.717551467429, '2025-07-20 15:00:00+00:00': 12867.920721237831, '2025-07-20 21:00:00+00:00': 12904.920721237831, '2025-07-21 14:00:00+00:00': 12907.214204985758, '2025-07-22 09:00:00+00:00': 12929.67848459395, '2025-07-23 08:00:00+00:00': 12853.611333128874, '2025-07-23 10:00:00+00:00': 13099.464204985758, '2025-07-23 17:00:00+00:00': 13108.557102104376, '2025-07-24 04:00:00+00:00': 13126.057102104376, '2025-07-24 12:00:00+00:00': 13083.807102104376, '2025-07-24 15:00:00+00:00': 12927.004789529243, '2025-07-24 19:00:00+00:00': 12999.504789529243, '2025-07-25 04:00:00+00:00': 13047.004789529243, '2025-07-25 05:00:00+00:00': 13121.342506354158, '2025-07-25 07:00:00+00:00': 13121.342506354158}]",216,COMPLETE
36,177.40934017712044,2025-08-01 18:31:55.711801,2025-08-01 18:31:56.402891,0 days 00:00:00.691090,0.02,0.1,0.065,4,0.15,48,0.01,0.045,1.0,0.25,0.55,0.6,0.8064516129032258,"[{'2025-05-31 02:00:00+00:00': 10000.0, '2025-05-31 03:00:00+00:00': 9927.930500927298, '2025-05-31 06:00:00+00:00': 10214.437820028712, '2025-06-01 14:00:00+00:00': 10294.437820028712, '2025-06-02 08:00:00+00:00': 10301.937820028712, '2025-06-02 09:00:00+00:00': 10371.937820028712, '2025-06-02 10:00:00+00:00': 10367.349118604561, '2025-06-02 23:00:00+00:00': 10450.675708599025, '2025-06-03 02:00:00+00:00': 10568.175708599025, '2025-06-03 03:00:00+00:00': 10450.675708599025, '2025-06-03 15:00:00+00:00': 10571.332935876386, '2025-06-04 09:00:00+00:00': 10485.675708599025, '2025-06-05 00:00:00+00:00': 10580.675708599025, '2025-06-05 03:00:00+00:00': 10583.175708599025, '2025-06-05 13:00:00+00:00': 10575.50609501945, '2025-06-05 16:00:00+00:00': 10581.332935876386, '2025-06-05 21:00:00+00:00': 10378.531076509667, '2025-06-06 02:00:00+00:00': 10521.04600942004, '2025-06-06 10:00:00+00:00': 10556.04600942004, '2025-06-06 15:00:00+00:00': 10433.531076509667, '2025-06-07 23:00:00+00:00': 10509.247788237037, '2025-06-08 01:00:00+00:00': 10573.54600942004, '2025-06-08 11:00:00+00:00': 10556.04600942004, '2025-06-08 16:00:00+00:00': 10543.54600942004, '2025-06-08 22:00:00+00:00': 10460.409942367502, '2025-06-09 12:00:00+00:00': 10445.409942367502, '2025-06-09 19:00:00+00:00': 10387.909942367502, '2025-06-09 22:00:00+00:00': 10456.169792744262, '2025-06-10 00:00:00+00:00': 10563.016652691167, '2025-06-10 01:00:00+00:00': 10595.316460329776, '2025-06-10 02:00:00+00:00': 10525.516652691167, '2025-06-11 00:00:00+00:00': 10732.816460329776, '2025-06-11 04:00:00+00:00': 10815.316460329776, '2025-06-11 06:00:00+00:00': 10785.316460329776, '2025-06-11 16:00:00+00:00': 10985.052240879353, '2025-06-11 17:00:00+00:00': 10997.552240879353, '2025-06-12 03:00:00+00:00': 11002.552240879353, '2025-06-12 05:00:00+00:00': 10982.552240879353, '2025-06-12 16:00:00+00:00': 11042.552240879353, '2025-06-12 21:00:00+00:00': 10887.552240879353, '2025-06-13 01:00:00+00:00': 10942.552240879353, '2025-06-13 02:00:00+00:00': 10977.552240879353, '2025-06-13 11:00:00+00:00': 10862.552240879353, '2025-06-15 02:00:00+00:00': 10937.552240879353, '2025-06-15 03:00:00+00:00': 10895.052240879353, '2025-06-15 05:00:00+00:00': 10857.552240879353, '2025-06-15 12:00:00+00:00': 10857.552240879353, '2025-06-16 06:00:00+00:00': 10872.552240879353, '2025-06-16 08:00:00+00:00': 10825.052240879353, '2025-06-16 14:00:00+00:00': 10895.052240879353, '2025-06-16 15:00:00+00:00': 10892.552240879353, '2025-06-16 23:00:00+00:00': 11020.052240879353, '2025-06-17 00:00:00+00:00': 11067.552240879353, '2025-06-17 16:00:00+00:00': 10965.052240879353, '2025-06-17 17:00:00+00:00': 11037.552240879353, '2025-06-18 05:00:00+00:00': 10937.552240879353, '2025-06-18 07:00:00+00:00': 10945.052240879353, '2025-06-18 21:00:00+00:00': 10922.552240879353, '2025-06-19 07:00:00+00:00': 10922.552240879353, '2025-06-19 16:00:00+00:00': 10882.552240879353, '2025-06-20 06:00:00+00:00': 10907.552240879353, '2025-06-20 08:00:00+00:00': 10770.052240879353, '2025-06-20 11:00:00+00:00': 10815.052240879353, '2025-06-20 15:00:00+00:00': 10757.802240879353, '2025-06-20 18:00:00+00:00': 10887.802240879353, '2025-06-21 10:00:00+00:00': 11057.802240879353, '2025-06-21 17:00:00+00:00': 11047.802240879353, '2025-06-21 22:00:00+00:00': 11357.802240879353, '2025-06-22 10:00:00+00:00': 11420.302240879353, '2025-06-22 14:00:00+00:00': 11608.936263465153, '2025-06-23 01:00:00+00:00': 11505.686263465153, '2025-06-23 02:00:00+00:00': 11538.936263465153, '2025-06-23 09:00:00+00:00': 11475.686263465153, '2025-06-23 14:00:00+00:00': 11425.686263465153, '2025-06-23 17:00:00+00:00': 11449.686263465153, '2025-06-23 18:00:00+00:00': 11382.686263465153, '2025-06-23 19:00:00+00:00': 11372.686263465153, '2025-06-23 21:00:00+00:00': 11409.686263465153, '2025-06-23 23:00:00+00:00': 11334.686263465153, '2025-06-24 02:00:00+00:00': 11334.686263465153, '2025-06-24 04:00:00+00:00': 11364.686263465153, '2025-06-24 07:00:00+00:00': 11317.186263465153, '2025-06-24 09:00:00+00:00': 11307.686263465153, '2025-06-24 17:00:00+00:00': 11290.186263465153, '2025-06-25 02:00:00+00:00': 11281.936263465153, '2025-06-25 07:00:00+00:00': 11271.936263465153, '2025-06-26 02:00:00+00:00': 11261.936263465153, '2025-06-30 19:00:00+00:00': 11349.436263465153, '2025-07-02 14:00:00+00:00': 11457.343251771385, '2025-07-02 15:00:00+00:00': 11530.795114857432, '2025-07-02 18:00:00+00:00': 11629.405393977655, '2025-07-02 20:00:00+00:00': 11584.444489330466, '2025-07-02 23:00:00+00:00': 11634.342497897076, '2025-07-03 05:00:00+00:00': 11658.939473734798, '2025-07-03 09:00:00+00:00': 11639.103579069699, '2025-07-03 13:00:00+00:00': 11642.62820242767, '2025-07-03 15:00:00+00:00': 11636.32336005695, '2025-07-03 18:00:00+00:00': 11688.61898700977, '2025-07-03 20:00:00+00:00': 11658.61898700977, '2025-07-04 08:00:00+00:00': 11737.719223166203, '2025-07-04 20:00:00+00:00': 11629.618003183896, '2025-07-04 22:00:00+00:00': 11787.140744205397, '2025-07-05 00:00:00+00:00': 11843.554108749986, '2025-07-05 19:00:00+00:00': 11675.522885062384, '2025-07-06 13:00:00+00:00': 11848.807770910924, '2025-07-06 19:00:00+00:00': 11847.53295505409, '2025-07-06 21:00:00+00:00': 11885.308122509341, '2025-07-07 01:00:00+00:00': 11969.598209733986, '2025-07-07 07:00:00+00:00': 11973.603104491316, '2025-07-07 13:00:00+00:00': 11997.830907447575, '2025-07-07 14:00:00+00:00': 11878.96123382525, '2025-07-07 17:00:00+00:00': 12005.877345897658, '2025-07-07 18:00:00+00:00': 12007.724544574767, '2025-07-08 03:00:00+00:00': 12079.018750764473, '2025-07-08 10:00:00+00:00': 12087.383113290607, '2025-07-08 16:00:00+00:00': 12119.883113290607, '2025-07-08 17:00:00+00:00': 11951.930385017913, '2025-07-08 18:00:00+00:00': 12159.499075981823, '2025-07-08 21:00:00+00:00': 12173.10097335712, '2025-07-08 22:00:00+00:00': 11935.308122509341, '2025-07-09 04:00:00+00:00': 12239.584938059512, '2025-07-09 05:00:00+00:00': 12168.285615261755, '2025-07-09 06:00:00+00:00': 12260.509788595728, '2025-07-09 10:00:00+00:00': 12272.219305518338, '2025-07-09 12:00:00+00:00': 12263.388028937186, '2025-07-09 13:00:00+00:00': 12302.823356557456, '2025-07-09 14:00:00+00:00': 12062.888746353105, '2025-07-09 15:00:00+00:00': 12319.20727977743, '2025-07-09 20:00:00+00:00': 12275.645562605836, '2025-07-09 21:00:00+00:00': 12310.606451493384, '2025-07-10 01:00:00+00:00': 12329.674849530065, '2025-07-10 06:00:00+00:00': 12328.40103126486, '2025-07-10 10:00:00+00:00': 12344.755862929867, '2025-07-10 17:00:00+00:00': 12334.281379789853, '2025-07-10 18:00:00+00:00': 12235.798593261372, '2025-07-10 19:00:00+00:00': 12386.381036028028, '2025-07-10 22:00:00+00:00': 12401.306176489583, '2025-07-11 01:00:00+00:00': 12422.03006832727, '2025-07-11 09:00:00+00:00': 12448.481990183082, '2025-07-11 10:00:00+00:00': 12442.60851980892, '2025-07-11 19:00:00+00:00': 12438.10902260674, '2025-07-11 23:00:00+00:00': 12480.187187154328, '2025-07-12 09:00:00+00:00': 12477.388098937381, '2025-07-12 16:00:00+00:00': 12504.209363021128, '2025-07-12 21:00:00+00:00': 12511.345317579584, '2025-07-13 17:00:00+00:00': 12522.964595971884, '2025-07-13 18:00:00+00:00': 12434.27171211571, '2025-07-13 20:00:00+00:00': 12439.204172659325, '2025-07-13 23:00:00+00:00': 12522.776362344304, '2025-07-14 05:00:00+00:00': 12519.777155751672, '2025-07-14 09:00:00+00:00': 12494.772733287078, '2025-07-14 11:00:00+00:00': 12526.779403514784, '2025-07-14 16:00:00+00:00': 12524.747451423713, '2025-07-14 19:00:00+00:00': 12547.661906998836, '2025-07-15 04:00:00+00:00': 12586.442832199395, '2025-07-15 12:00:00+00:00': 12590.209312850497, '2025-07-15 15:00:00+00:00': 12638.952445156172, '2025-07-15 16:00:00+00:00': 12632.709312850497, '2025-07-15 17:00:00+00:00': 12627.243554809807, '2025-07-15 18:00:00+00:00': 12503.07764213967, '2025-07-15 20:00:00+00:00': 12620.743554809807, '2025-07-15 21:00:00+00:00': 12670.743554809807, '2025-07-15 23:00:00+00:00': 12701.58000054444, '2025-07-16 00:00:00+00:00': 12710.493554809807, '2025-07-16 13:00:00+00:00': 12623.020209928904, '2025-07-16 15:00:00+00:00': 12640.520209928904, '2025-07-16 18:00:00+00:00': 12725.270209928904, '2025-07-16 19:00:00+00:00': 12660.7588131825, '2025-07-17 06:00:00+00:00': 12656.997383919503, '2025-07-17 07:00:00+00:00': 12841.997383919503, '2025-07-17 09:00:00+00:00': 12844.435110263155, '2025-07-17 14:00:00+00:00': 12947.661779003956, '2025-07-17 17:00:00+00:00': 12971.597940838523, '2025-07-17 21:00:00+00:00': 12971.597940838523, '2025-07-17 22:00:00+00:00': 12910.967847426027, '2025-07-18 02:00:00+00:00': 12795.967847426027, '2025-07-18 09:00:00+00:00': 12831.204579493395, '2025-07-18 11:00:00+00:00': 12882.120544306641, '2025-07-18 12:00:00+00:00': 12880.71212910595, '2025-07-18 16:00:00+00:00': 12932.296977068892, '2025-07-18 17:00:00+00:00': 12944.796977068892, '2025-07-18 21:00:00+00:00': 12964.091760315981, '2025-07-20 03:00:00+00:00': 12910.71212910595, '2025-07-20 04:00:00+00:00': 12864.091760315981, '2025-07-20 05:00:00+00:00': 12930.070950738358, '2025-07-20 08:00:00+00:00': 12858.319675487202, '2025-07-20 09:00:00+00:00': 12782.639012067772, '2025-07-20 11:00:00+00:00': 12840.819675487202, '2025-07-20 12:00:00+00:00': 12760.097262201638, '2025-07-20 14:00:00+00:00': 12759.570240737832, '2025-07-20 15:00:00+00:00': 12849.646184833176, '2025-07-20 21:00:00+00:00': 12886.646184833176, '2025-07-21 14:00:00+00:00': 12895.468636069729, '2025-07-22 09:00:00+00:00': 12923.064044183779, '2025-07-22 13:00:00+00:00': 12832.070240737832, '2025-07-23 10:00:00+00:00': 13087.718636069729, '2025-07-23 14:00:00+00:00': 13158.894658731375, '2025-07-23 17:00:00+00:00': 13098.894658731375, '2025-07-24 01:00:00+00:00': 13099.765614174948, '2025-07-24 12:00:00+00:00': 13102.265614174948, '2025-07-24 15:00:00+00:00': 12949.765614174948, '2025-07-25 05:00:00+00:00': 13158.246953058655, '2025-07-25 07:00:00+00:00': 13160.746953058655}]",246,COMPLETE
