number,value,datetime_start,datetime_complete,duration,params_CONVERGENCE_THRESHOLD,params_DAILY_LOSS_LIMIT,params_FIXED_TRADE_PCT,params_MAX_CONCURRENT_POSITIONS,params_MAX_DRAWDOWN_LIMIT,params_MAX_HOLD_HOURS,params_MAX_POSITION_PCT,params_MIN_DIV,params_MIN_TIME_BETWEEN_TRADES,params_STOP_LOSS_PCT,params_TAKE_PROFIT_PCT,params_TRAIL_PCT,user_attrs_cooldown_trades_pct,user_attrs_equity_curves,user_attrs_total_trades,state
37,289.89960688347855,2025-08-01 18:31:56.408387,2025-08-01 18:31:57.079911,0 days 00:00:00.671524,0.02,0.15,0.055,4,0.25,72,0.01,0.05,2.0,0.25,0.55,0.65,1.3888888888888888,"[{'2025-05-31 02:00:00+00:00': 10000.0, '2025-05-31 06:00:00+00:00': 10327.5, '2025-06-01 14:00:00+00:00': 10407.5, '2025-06-03 02:00:00+00:00': 10475.906415047293, '2025-06-03 03:00:00+00:00': 10535.919768474832, '2025-06-03 09:00:00+00:00': 10412.5, '2025-06-03 13:00:00+00:00': 10464.638285392466, '2025-06-04 09:00:00+00:00': 10642.542105772716, '2025-06-05 13:00:00+00:00': 10637.637992968188, '2025-06-05 20:00:00+00:00': 10652.198911189476, '2025-06-05 21:00:00+00:00': 10885.137992968188, '2025-06-06 10:00:00+00:00': 10933.826770400125, '2025-06-08 21:00:00+00:00': 10890.060435085177, '2025-06-08 22:00:00+00:00': 10951.326770400125, '2025-06-09 03:00:00+00:00': 10938.826770400125, '2025-06-09 11:00:00+00:00': 10938.826770400125, '2025-06-09 22:00:00+00:00': 11104.005200718531, '2025-06-10 00:00:00+00:00': 11113.826770400125, '2025-06-10 01:00:00+00:00': 11132.673922060927, '2025-06-10 02:00:00+00:00': 11091.326770400125, '2025-06-10 20:00:00+00:00': 11128.803022515456, '2025-06-10 23:00:00+00:00': 11341.303022515456, '2025-06-11 00:00:00+00:00': 11251.303022515456, '2025-06-11 04:00:00+00:00': 11113.803022515456, '2025-06-11 16:00:00+00:00': 11306.303022515456, '2025-06-11 17:00:00+00:00': 11259.527513781928, '2025-06-12 03:00:00+00:00': 11277.027513781928, '2025-06-12 08:00:00+00:00': 11238.803022515456, '2025-06-12 21:00:00+00:00': 11326.672286728626, '2025-06-13 01:00:00+00:00': 11379.172286728626, '2025-06-13 02:00:00+00:00': 11589.172286728626, '2025-06-13 11:00:00+00:00': 11567.47510830827, '2025-06-13 17:00:00+00:00': 11551.72510830827, '2025-06-16 02:00:00+00:00': 11596.672286728626, '2025-06-16 06:00:00+00:00': 11506.404183514775, '2025-06-16 08:00:00+00:00': 11461.404183514775, '2025-06-16 09:00:00+00:00': 11586.72510830827, '2025-06-17 00:00:00+00:00': 11541.404183514775, '2025-06-17 15:00:00+00:00': 11571.404183514775, '2025-06-17 16:00:00+00:00': 11536.404183514775, '2025-06-17 17:00:00+00:00': 11596.404183514775, '2025-06-18 05:00:00+00:00': 11482.654183514775, '2025-06-18 06:00:00+00:00': 11513.904183514775, '2025-06-19 07:00:00+00:00': 11498.904183514775, '2025-06-20 02:00:00+00:00': 11427.654183514775, '2025-06-20 08:00:00+00:00': 11427.654183514775, '2025-06-20 11:00:00+00:00': 11342.654183514775, '2025-06-20 15:00:00+00:00': 11405.154183514775, '2025-06-20 18:00:00+00:00': 11550.404183514775, '2025-06-21 10:00:00+00:00': 11556.654183514775, '2025-06-21 20:00:00+00:00': 11709.154183514775, '2025-06-21 22:00:00+00:00': 12012.904183514775, '2025-06-22 10:00:00+00:00': 12075.404183514775, '2025-06-22 14:00:00+00:00': 12304.32746035344, '2025-06-22 16:00:00+00:00': 12226.654183514775, '2025-06-23 01:00:00+00:00': 12193.007379915209, '2025-06-23 09:00:00+00:00': 12110.007379915209, '2025-06-23 14:00:00+00:00': 12133.007379915209, '2025-06-23 17:00:00+00:00': 12134.007379915209, '2025-06-23 18:00:00+00:00': 12067.007379915209, '2025-06-23 21:00:00+00:00': 12094.007379915209, '2025-06-23 23:00:00+00:00': 12029.007379915209, '2025-06-24 02:00:00+00:00': 12019.007379915209, '2025-06-24 04:00:00+00:00': 12059.007379915209, '2025-06-24 09:00:00+00:00': 12009.507379915209, '2025-06-24 16:00:00+00:00': 12019.007379915209, '2025-06-24 17:00:00+00:00': 11997.007379915209, '2025-06-25 02:00:00+00:00': 11989.507379915209, '2025-06-25 04:00:00+00:00': 11979.507379915209, '2025-06-25 14:00:00+00:00': 11972.007379915209, '2025-06-26 01:00:00+00:00': 11964.507379915209, '2025-06-30 19:00:00+00:00': 12052.007379915209, '2025-07-01 04:00:00+00:00': 12093.27650286201, '2025-07-02 01:00:00+00:00': 12063.170714204944, '2025-07-02 14:00:00+00:00': 12077.73637002048, '2025-07-02 15:00:00+00:00': 12095.03863456545, '2025-07-02 18:00:00+00:00': 12275.876941678875, '2025-07-02 20:00:00+00:00': 12165.19433173237, '2025-07-02 23:00:00+00:00': 12238.06016571828, '2025-07-03 05:00:00+00:00': 12263.749319106462, '2025-07-03 09:00:00+00:00': 12271.719146517125, '2025-07-03 13:00:00+00:00': 12274.680430562177, '2025-07-03 15:00:00+00:00': 12269.383192858411, '2025-07-03 18:00:00+00:00': 12305.786959599523, '2025-07-04 08:00:00+00:00': 12336.735166029566, '2025-07-04 20:00:00+00:00': 12257.802104672099, '2025-07-04 22:00:00+00:00': 12379.628334674699, '2025-07-05 00:00:00+00:00': 12419.167260239217, '2025-07-06 13:00:00+00:00': 12423.569304723076, '2025-07-06 19:00:00+00:00': 12422.50113628388, '2025-07-06 21:00:00+00:00': 12427.825397789624, '2025-07-07 01:00:00+00:00': 12446.40996590817, '2025-07-07 07:00:00+00:00': 12465.227687544284, '2025-07-07 13:00:00+00:00': 12485.432212624375, '2025-07-07 14:00:00+00:00': 12438.972024148858, '2025-07-07 17:00:00+00:00': 12492.127459195897, '2025-07-07 18:00:00+00:00': 12493.664468481007, '2025-07-07 21:00:00+00:00': 12414.541541719458, '2025-07-08 03:00:00+00:00': 12549.890872123571, '2025-07-08 10:00:00+00:00': 12652.822475810746, '2025-07-08 16:00:00+00:00': 12680.91383747791, '2025-07-08 17:00:00+00:00': 12461.887653189975, '2025-07-08 18:00:00+00:00': 12713.955236228901, '2025-07-09 04:00:00+00:00': 12724.419685178638, '2025-07-09 05:00:00+00:00': 12721.27944538267, '2025-07-09 10:00:00+00:00': 12734.11071163103, '2025-07-09 12:00:00+00:00': 12726.801773480809, '2025-07-09 13:00:00+00:00': 12759.435037040997, '2025-07-09 14:00:00+00:00': 12536.471399023318, '2025-07-09 15:00:00+00:00': 12765.345291066027, '2025-07-09 19:00:00+00:00': 12645.842195308856, '2025-07-09 20:00:00+00:00': 12722.304170736215, '2025-07-10 01:00:00+00:00': 12749.230018228125, '2025-07-10 06:00:00+00:00': 12748.173314432965, '2025-07-10 10:00:00+00:00': 12761.740807496932, '2025-07-10 17:00:00+00:00': 12753.053464639266, '2025-07-10 18:00:00+00:00': 12739.08074610539, '2025-07-10 19:00:00+00:00': 12796.200145892708, '2025-07-10 22:00:00+00:00': 12808.520862678732, '2025-07-11 01:00:00+00:00': 12825.624927492605, '2025-07-11 09:00:00+00:00': 12847.898905133097, '2025-07-11 10:00:00+00:00': 12842.604103798943, '2025-07-11 19:00:00+00:00': 12839.342983555254, '2025-07-11 23:00:00+00:00': 12850.915270442632, '2025-07-12 09:00:00+00:00': 12848.612992743023, '2025-07-12 16:00:00+00:00': 12870.67459444193, '2025-07-12 21:00:00+00:00': 12876.54205833122, '2025-07-13 17:00:00+00:00': 12886.094955824812, '2025-07-14 05:00:00+00:00': 12880.339466619329, '2025-07-14 09:00:00+00:00': 12857.328045830986, '2025-07-14 16:00:00+00:00': 12888.164618910765, '2025-07-14 18:00:00+00:00': 12835.122818349944, '2025-07-14 19:00:00+00:00': 12907.027990215669, '2025-07-14 20:00:00+00:00': 12843.260850452418, '2025-07-15 04:00:00+00:00': 12932.739825878121, '2025-07-15 12:00:00+00:00': 12935.838926227188, '2025-07-15 15:00:00+00:00': 12915.466544143279, '2025-07-15 16:00:00+00:00': 12978.338926227188, '2025-07-15 17:00:00+00:00': 12968.722772486386, '2025-07-15 21:00:00+00:00': 13018.722772486386, '2025-07-16 00:00:00+00:00': 12996.784816108373, '2025-07-16 13:00:00+00:00': 12906.322890803378, '2025-07-16 15:00:00+00:00': 12937.806929979188, '2025-07-16 18:00:00+00:00': 12984.915972229082, '2025-07-17 06:00:00+00:00': 12954.617608969686, '2025-07-17 07:00:00+00:00': 13139.617608969686, '2025-07-17 09:00:00+00:00': 13141.611949752596, '2025-07-17 14:00:00+00:00': 13230.09480174345, '2025-07-17 17:00:00+00:00': 13249.685226077703, '2025-07-17 21:00:00+00:00': 13249.685226077703, '2025-07-17 22:00:00+00:00': 13323.832956392094, '2025-07-18 02:00:00+00:00': 13242.392588500838, '2025-07-18 09:00:00+00:00': 13254.926355829224, '2025-07-18 11:00:00+00:00': 13296.555453197894, '2025-07-18 17:00:00+00:00': 13333.88006264605, '2025-07-20 03:00:00+00:00': 13321.38006264605, '2025-07-20 06:00:00+00:00': 13249.563659709065, '2025-07-20 08:00:00+00:00': 13244.830600015606, '2025-07-20 11:00:00+00:00': 13174.346227391521, '2025-07-20 12:00:00+00:00': 13178.950658022459, '2025-07-20 14:00:00+00:00': 13155.582170066049, '2025-07-20 15:00:00+00:00': 13262.950237158346, '2025-07-20 21:00:00+00:00': 13299.950237158346, '2025-07-21 14:00:00+00:00': 13302.247363121567, '2025-07-22 09:00:00+00:00': 13324.746082307032, '2025-07-23 08:00:00+00:00': 13248.618838694822, '2025-07-23 10:00:00+00:00': 13494.497363121567, '2025-07-23 17:00:00+00:00': 13503.604200497508, '2025-07-24 04:00:00+00:00': 13521.104200497508, '2025-07-24 12:00:00+00:00': 13478.854200497508, '2025-07-24 15:00:00+00:00': 13322.004041857446, '2025-07-24 19:00:00+00:00': 13394.504041857446, '2025-07-25 04:00:00+00:00': 13442.004041857446, '2025-07-25 05:00:00+00:00': 13516.328917931887, '2025-07-25 07:00:00+00:00': 13516.328917931887}]",213,COMPLETE
38,203.1896083180653,2025-08-01 18:31:57.085326,2025-08-01 18:31:57.755979,0 days 00:00:00.670653,0.02,0.1,0.055,4,0.2,96,0.015,0.045,2.0,0.25,0.55,0.55,0.9569377990430622,"[{'2025-05-31 02:00:00+00:00': 10000.0, '2025-05-31 03:00:00+00:00': 9939.018116169253, '2025-05-31 06:00:00+00:00': 10129.018116169253, '2025-06-01 14:00:00+00:00': 10209.018116169253, '2025-06-03 02:00:00+00:00': 10248.705937684177, '2025-06-03 03:00:00+00:00': 10305.366124484295, '2025-06-03 14:00:00+00:00': 10235.444053656978, '2025-06-04 09:00:00+00:00': 10454.645349603315, '2025-06-05 13:00:00+00:00': 10409.844174533999, '2025-06-05 20:00:00+00:00': 10414.645349603315, '2025-06-05 21:00:00+00:00': 10640.205638251424, '2025-06-06 10:00:00+00:00': 10835.093386746134, '2025-06-06 15:00:00+00:00': 10799.382227195996, '2025-06-08 22:00:00+00:00': 10700.093386746134, '2025-06-09 12:00:00+00:00': 10856.882227195996, '2025-06-09 22:00:00+00:00': 10719.574098484023, '2025-06-09 23:00:00+00:00': 10886.882227195996, '2025-06-10 01:00:00+00:00': 10747.547101204294, '2025-06-10 20:00:00+00:00': 10743.758179613613, '2025-06-10 23:00:00+00:00': 10956.258179613613, '2025-06-11 00:00:00+00:00': 10866.258179613613, '2025-06-11 04:00:00+00:00': 10728.758179613613, '2025-06-11 16:00:00+00:00': 10921.258179613613, '2025-06-11 17:00:00+00:00': 10872.59078703368, '2025-06-12 03:00:00+00:00': 10890.09078703368, '2025-06-12 08:00:00+00:00': 10853.758179613613, '2025-06-12 21:00:00+00:00': 10942.987915743059, '2025-06-13 01:00:00+00:00': 10995.487915743059, '2025-06-13 02:00:00+00:00': 11205.487915743059, '2025-06-13 11:00:00+00:00': 11187.2573724507, '2025-06-13 17:00:00+00:00': 11171.5073724507, '2025-06-16 06:00:00+00:00': 11080.517965362404, '2025-06-17 02:00:00+00:00': 11215.487915743059, '2025-06-17 09:00:00+00:00': 11159.0073724507, '2025-06-17 16:00:00+00:00': 11140.517965362404, '2025-06-17 17:00:00+00:00': 11185.517965362404, '2025-06-18 21:00:00+00:00': 11058.017965362404, '2025-06-19 22:00:00+00:00': 11115.517965362404, '2025-06-20 02:00:00+00:00': 11165.517965362404, '2025-06-20 07:00:00+00:00': 11093.017965362404, '2025-06-20 08:00:00+00:00': 11008.017965362404, '2025-06-20 18:00:00+00:00': 11085.767965362404, '2025-06-21 10:00:00+00:00': 11092.017965362404, '2025-06-21 20:00:00+00:00': 11244.517965362404, '2025-06-21 22:00:00+00:00': 11548.267965362404, '2025-06-22 10:00:00+00:00': 11610.205284369767, '2025-06-22 14:00:00+00:00': 11808.906759475138, '2025-06-22 16:00:00+00:00': 11761.455284369767, '2025-06-23 01:00:00+00:00': 11700.83730427311, '2025-06-23 09:00:00+00:00': 11617.83730427311, '2025-06-23 14:00:00+00:00': 11640.83730427311, '2025-06-23 17:00:00+00:00': 11641.83730427311, '2025-06-23 18:00:00+00:00': 11574.83730427311, '2025-06-23 21:00:00+00:00': 11601.83730427311, '2025-06-23 23:00:00+00:00': 11536.83730427311, '2025-06-24 02:00:00+00:00': 11526.83730427311, '2025-06-24 04:00:00+00:00': 11566.83730427311, '2025-06-24 09:00:00+00:00': 11517.33730427311, '2025-06-24 16:00:00+00:00': 11526.83730427311, '2025-06-24 17:00:00+00:00': 11504.83730427311, '2025-06-25 02:00:00+00:00': 11497.33730427311, '2025-06-25 04:00:00+00:00': 11487.33730427311, '2025-06-25 14:00:00+00:00': 11479.83730427311, '2025-06-26 01:00:00+00:00': 11472.33730427311, '2025-06-30 19:00:00+00:00': 11559.83730427311, '2025-07-01 04:00:00+00:00': 11601.106427219911, '2025-07-02 01:00:00+00:00': 11571.000638562844, '2025-07-02 14:00:00+00:00': 11585.566294378381, '2025-07-02 15:00:00+00:00': 11602.86855892335, '2025-07-02 18:00:00+00:00': 11783.706866036775, '2025-07-02 20:00:00+00:00': 11673.02425609027, '2025-07-02 23:00:00+00:00': 11745.89009007618, '2025-07-03 05:00:00+00:00': 11771.579243464363, '2025-07-03 09:00:00+00:00': 11779.549070875026, '2025-07-03 13:00:00+00:00': 11782.510354920078, '2025-07-03 15:00:00+00:00': 11777.213117216312, '2025-07-03 18:00:00+00:00': 11779.031067450158, '2025-07-03 20:00:00+00:00': 11783.356698048568, '2025-07-04 08:00:00+00:00': 11845.951176589697, '2025-07-04 20:00:00+00:00': 11765.63202903, '2025-07-04 22:00:00+00:00': 11888.7191318196, '2025-07-05 00:00:00+00:00': 11968.755249825663, '2025-07-06 13:00:00+00:00': 11968.755249825663, '2025-07-06 19:00:00+00:00': 11967.690206945033, '2025-07-06 21:00:00+00:00': 11972.998889174565, '2025-07-07 01:00:00+00:00': 11980.41506683589, '2025-07-07 07:00:00+00:00': 11999.177726097112, '2025-07-07 13:00:00+00:00': 12019.323130888573, '2025-07-07 14:00:00+00:00': 11793.929108009805, '2025-07-07 17:00:00+00:00': 12025.998440937525, '2025-07-07 18:00:00+00:00': 12027.530873450147, '2025-07-08 03:00:00+00:00': 12083.589851001183, '2025-07-08 10:00:00+00:00': 12090.526311455902, '2025-07-08 16:00:00+00:00': 12118.441324222325, '2025-07-08 17:00:00+00:00': 11995.84746498886, '2025-07-08 18:00:00+00:00': 12151.275460984602, '2025-07-08 21:00:00+00:00': 11964.143066581439, '2025-07-09 04:00:00+00:00': 12229.68277224169, '2025-07-09 05:00:00+00:00': 12158.553726860773, '2025-07-09 06:00:00+00:00': 12247.048124274637, '2025-07-09 12:00:00+00:00': 12252.131515329485, '2025-07-09 13:00:00+00:00': 12277.506827683172, '2025-07-09 14:00:00+00:00': 12070.210337240065, '2025-07-09 15:00:00+00:00': 12283.428863377183, '2025-07-09 20:00:00+00:00': 12240.30194365023, '2025-07-09 21:00:00+00:00': 12248.15062164086, '2025-07-10 01:00:00+00:00': 12258.665335509802, '2025-07-10 06:00:00+00:00': 12257.615139047546, '2025-07-10 10:00:00+00:00': 12271.099081551307, '2025-07-10 17:00:00+00:00': 12262.46523659182, '2025-07-10 18:00:00+00:00': 12226.53995333948, '2025-07-10 19:00:00+00:00': 12305.42218764463, '2025-07-10 22:00:00+00:00': 12317.725370706019, '2025-07-11 01:00:00+00:00': 12334.805094568974, '2025-07-11 09:00:00+00:00': 12357.047373908365, '2025-07-11 10:00:00+00:00': 12351.760107654369, '2025-07-11 19:00:00+00:00': 12348.503628340695, '2025-07-11 23:00:00+00:00': 12357.803431826314, '2025-07-12 09:00:00+00:00': 12355.504430519135, '2025-07-12 16:00:00+00:00': 12377.534636151086, '2025-07-12 21:00:00+00:00': 12383.393749998902, '2025-07-13 17:00:00+00:00': 12392.933052676784, '2025-07-14 05:00:00+00:00': 12387.185754160579, '2025-07-14 09:00:00+00:00': 12364.207081135419, '2025-07-14 16:00:00+00:00': 12394.98064676008, '2025-07-14 19:00:00+00:00': 12413.805464747003, '2025-07-15 04:00:00+00:00': 12445.655031137328, '2025-07-15 12:00:00+00:00': 12448.746692293855, '2025-07-15 15:00:00+00:00': 12356.931947239986, '2025-07-15 16:00:00+00:00': 12491.246692293855, '2025-07-15 17:00:00+00:00': 12481.6535240122, '2025-07-15 21:00:00+00:00': 12531.6535240122, '2025-07-16 00:00:00+00:00': 12509.739008476263, '2025-07-16 13:00:00+00:00': 12419.32790555849, '2025-07-16 15:00:00+00:00': 12450.778582978695, '2025-07-16 18:00:00+00:00': 12497.837756933759, '2025-07-17 06:00:00+00:00': 12467.57162247761, '2025-07-17 07:00:00+00:00': 12652.57162247761, '2025-07-17 09:00:00+00:00': 12654.56387690424, '2025-07-17 14:00:00+00:00': 12742.993132246318, '2025-07-17 17:00:00+00:00': 12762.563130233297, '2025-07-17 21:00:00+00:00': 12762.563130233297, '2025-07-17 22:00:00+00:00': 12836.633547770174, '2025-07-18 02:00:00+00:00': 12755.278096585293, '2025-07-18 09:00:00+00:00': 12767.790974991123, '2025-07-18 11:00:00+00:00': 12809.376637326013, '2025-07-18 17:00:00+00:00': 12846.675345233707, '2025-07-20 03:00:00+00:00': 12834.175345233707, '2025-07-20 04:00:00+00:00': 12835.87606752526, '2025-07-20 06:00:00+00:00': 12768.37606752526, '2025-07-20 08:00:00+00:00': 12763.652457518285, '2025-07-20 11:00:00+00:00': 12693.302770703252, '2025-07-20 12:00:00+00:00': 12697.90483593838, '2025-07-20 14:00:00+00:00': 12674.548352880716, '2025-07-20 15:00:00+00:00': 12781.862210566529, '2025-07-20 21:00:00+00:00': 12818.862210566529, '2025-07-21 14:00:00+00:00': 12821.158139195019, '2025-07-22 09:00:00+00:00': 12843.645536781216, '2025-07-23 08:00:00+00:00': 12767.538047743912, '2025-07-23 10:00:00+00:00': 13013.408139195019, '2025-07-23 12:00:00+00:00': 13018.491216485534, '2025-07-23 17:00:00+00:00': 12997.958904870071, '2025-07-24 00:00:00+00:00': 13040.991216485534, '2025-07-24 12:00:00+00:00': 12997.958904870071, '2025-07-24 15:00:00+00:00': 12841.12392567819, '2025-07-24 19:00:00+00:00': 12913.62392567819, '2025-07-25 04:00:00+00:00': 12961.12392567819, '2025-07-25 05:00:00+00:00': 13035.45287555696, '2025-07-25 07:00:00+00:00': 13035.45287555696}]",207,COMPLETE
