number,value,datetime_start,datetime_complete,duration,params_CONVERGENCE_THRESHOLD,params_DAILY_LOSS_LIMIT,params_FIXED_TRADE_PCT,params_MAX_CONCURRENT_POSITIONS,params_MAX_DRAWDOWN_LIMIT,params_MAX_HOLD_HOURS,params_MAX_POSITION_PCT,params_MIN_DIV,params_MIN_TIME_BETWEEN_TRADES,params_STOP_LOSS_PCT,params_TAKE_PROFIT_PCT,params_TRAIL_PCT,user_attrs_cooldown_trades_pct,user_attrs_equity_curves,user_attrs_total_trades,state
9,48.73870870679886,2025-08-01 18:31:38.101918,2025-08-01 18:31:38.616537,0 days 00:00:00.514619,0.025,0.15,0.065,2,0.2,96,0.015,0.04,2.0,0.35,0.5,0.65,0.0,"[{'2025-05-31 02:00:00+00:00': 10000.0, '2025-05-31 03:00:00+00:00': 9927.930500927298, '2025-05-31 06:00:00+00:00': 10117.930500927298, '2025-06-01 13:00:00+00:00': 10202.930500927298, '2025-06-03 02:00:00+00:00': 10285.500913138609, '2025-06-04 09:00:00+00:00': 10180.430500927298, '2025-06-05 13:00:00+00:00': 10454.823565017932, '2025-06-05 21:00:00+00:00': 10375.684895358696, '2025-06-06 02:00:00+00:00': 10442.479881028456, '2025-06-06 15:00:00+00:00': 10430.684895358696, '2025-06-09 19:00:00+00:00': 10539.979881028456, '2025-06-09 22:00:00+00:00': 10497.479881028456, '2025-06-10 00:00:00+00:00': 10544.979881028456, '2025-06-10 01:00:00+00:00': 10577.620381642007, '2025-06-11 15:00:00+00:00': 10548.98500702059, '2025-06-12 20:00:00+00:00': 10628.98500702059, '2025-06-12 21:00:00+00:00': 10611.48500702059, '2025-06-13 01:00:00+00:00': 10566.48500702059, '2025-06-13 03:00:00+00:00': 10496.48500702059, '2025-06-13 17:00:00+00:00': 10370.808459502157, '2025-06-16 08:00:00+00:00': 10416.48500702059, '2025-06-16 10:00:00+00:00': 10340.808459502157, '2025-06-17 15:00:00+00:00': 10333.308459502157, '2025-06-17 16:00:00+00:00': 10405.808459502157, '2025-06-19 23:00:00+00:00': 10303.308459502157, '2025-06-20 08:00:00+00:00': 10185.808459502157, '2025-06-20 17:00:00+00:00': 10158.308459502157, '2025-06-20 18:00:00+00:00': 10276.058459502157, '2025-06-21 20:00:00+00:00': 10424.808459502157, '2025-06-21 22:00:00+00:00': 10514.808459502157, '2025-06-22 10:00:00+00:00': 10577.308459502157, '2025-06-22 14:00:00+00:00': 10618.558459502157, '2025-06-23 04:00:00+00:00': 10515.808459502157, '2025-06-23 18:00:00+00:00': 10490.308459502157, '2025-06-23 19:00:00+00:00': 10551.058459502157, '2025-06-23 23:00:00+00:00': 10430.058459502157, '2025-06-24 02:00:00+00:00': 10475.058459502157, '2025-06-24 09:00:00+00:00': 10417.058459502157, '2025-06-24 17:00:00+00:00': 10392.058459502157, '2025-06-25 05:00:00+00:00': 10380.308459502157, '2025-06-25 14:00:00+00:00': 10367.808459502157, '2025-06-26 02:00:00+00:00': 10355.308459502157, '2025-06-30 19:00:00+00:00': 10442.808459502157, '2025-07-01 07:00:00+00:00': 10468.350329679392, '2025-07-01 08:00:00+00:00': 10491.058750755088, '2025-07-02 15:00:00+00:00': 10486.715941219381, '2025-07-02 20:00:00+00:00': 10550.358993831456, '2025-07-02 23:00:00+00:00': 10615.358993831456, '2025-07-03 05:00:00+00:00': 10627.893335384006, '2025-07-03 13:00:00+00:00': 10615.358993831456, '2025-07-03 14:00:00+00:00': 10639.487287589734, '2025-07-03 18:00:00+00:00': 10635.397941397503, '2025-07-03 20:00:00+00:00': 10640.484992051328, '2025-07-07 12:00:00+00:00': 10644.421273794533, '2025-07-07 13:00:00+00:00': 10657.749180567605, '2025-07-07 17:00:00+00:00': 10665.520595730259, '2025-07-07 19:00:00+00:00': 10638.323785910126, '2025-07-08 17:00:00+00:00': 10702.89574863321, '2025-07-09 08:00:00+00:00': 10708.932883362115, '2025-07-09 10:00:00+00:00': 10796.294317383907, '2025-07-09 12:00:00+00:00': 10790.550315126451, '2025-07-09 13:00:00+00:00': 10819.631023961358, '2025-07-09 15:00:00+00:00': 10826.393766195806, '2025-07-09 21:00:00+00:00': 10791.782667522884, '2025-07-09 23:00:00+00:00': 10787.89574863321, '2025-07-10 01:00:00+00:00': 10803.836329580978, '2025-07-10 03:00:00+00:00': 10806.15270265735, '2025-07-10 09:00:00+00:00': 10811.10697619971, '2025-07-10 10:00:00+00:00': 10826.643391106893, '2025-07-10 16:00:00+00:00': 10831.61982518802, '2025-07-10 18:00:00+00:00': 10839.96270874556, '2025-07-10 19:00:00+00:00': 10848.7088418522, '2025-07-10 22:00:00+00:00': 10862.78733995506, '2025-07-11 01:00:00+00:00': 10882.335649913839, '2025-07-11 06:00:00+00:00': 10898.51158311474, '2025-07-11 08:00:00+00:00': 10902.048031024282, '2025-07-11 20:00:00+00:00': 10889.823414252032, '2025-07-11 23:00:00+00:00': 10930.865362460021, '2025-07-13 15:00:00+00:00': 10918.501962503866, '2025-07-15 13:00:00+00:00': 10892.235306501447, '2025-07-15 16:00:00+00:00': 10943.501962503866, '2025-07-15 17:00:00+00:00': 10932.594085498647, '2025-07-15 18:00:00+00:00': 10901.001962503866, '2025-07-15 21:00:00+00:00': 10982.594085498647, '2025-07-16 00:00:00+00:00': 10961.023437502829, '2025-07-16 15:00:00+00:00': 10899.83847809131, '2025-07-16 20:00:00+00:00': 10866.33847809131, '2025-07-17 06:00:00+00:00': 10816.865122725107, '2025-07-17 07:00:00+00:00': 10886.865122725107, '2025-07-17 17:00:00+00:00': 10953.46597724104, '2025-07-17 21:00:00+00:00': 10953.46597724104, '2025-07-17 22:00:00+00:00': 11034.96597724104, '2025-07-18 02:00:00+00:00': 10944.747339776473, '2025-07-18 09:00:00+00:00': 10975.405054161485, '2025-07-18 11:00:00+00:00': 11021.543274333648, '2025-07-20 03:00:00+00:00': 11049.075264501445, '2025-07-20 06:00:00+00:00': 11071.597106567484, '2025-07-20 08:00:00+00:00': 11054.610813560243, '2025-07-20 11:00:00+00:00': 11049.464669037277, '2025-07-20 14:00:00+00:00': 11077.389980614911, '2025-07-20 15:00:00+00:00': 11093.570461075758, '2025-07-22 10:00:00+00:00': 11141.854784770741, '2025-07-23 00:00:00+00:00': 11104.354784770741, '2025-07-23 17:00:00+00:00': 11230.104784770741, '2025-07-24 01:00:00+00:00': 11191.104784770741, '2025-07-24 15:00:00+00:00': 11138.354784770741, '2025-07-25 07:00:00+00:00': 11250.854784770741}]",116,COMPLETE
10,258.3909274842179,2025-08-01 18:31:38.622356,2025-08-01 18:31:39.248917,0 days 00:00:00.626561,0.03,0.1,0.055,3,0.15,72,0.02,0.05,0.5,0.35,0.55,0.65,0.0,"[{'2025-05-31 02:00:00+00:00': 10000.0, '2025-05-31 06:00:00+00:00': 10288.512122673941, '2025-06-01 13:00:00+00:00': 10373.512122673941, '2025-06-03 02:00:00+00:00': 10439.243991232981, '2025-06-03 04:00:00+00:00': 10151.012122673941, '2025-06-03 08:00:00+00:00': 10348.512122673941, '2025-06-03 15:00:00+00:00': 10613.179158855515, '2025-06-04 07:00:00+00:00': 10598.346009622974, '2025-06-05 21:00:00+00:00': 10700.679158855515, '2025-06-06 00:00:00+00:00': 10832.028791125393, '2025-06-06 15:00:00+00:00': 10755.679158855515, '2025-06-07 23:00:00+00:00': 10821.735806616298, '2025-06-09 01:00:00+00:00': 10877.028791125393, '2025-06-09 16:00:00+00:00': 10857.028791125393, '2025-06-09 22:00:00+00:00': 10840.440559827888, '2025-06-09 23:00:00+00:00': 10975.440559827888, '2025-06-10 00:00:00+00:00': 11027.940559827888, '2025-06-10 01:00:00+00:00': 11056.461775016958, '2025-06-10 23:00:00+00:00': 11191.461775016958, '2025-06-11 15:00:00+00:00': 11186.032534523765, '2025-06-11 16:00:00+00:00': 11263.532534523765, '2025-06-12 03:00:00+00:00': 11343.532534523765, '2025-06-12 05:00:00+00:00': 11270.652964044615, '2025-06-12 21:00:00+00:00': 11326.032534523765, '2025-06-13 01:00:00+00:00': 11465.652964044615, '2025-06-13 02:00:00+00:00': 11555.652964044615, '2025-06-13 17:00:00+00:00': 11450.60358720361, '2025-06-16 02:00:00+00:00': 11563.152964044615, '2025-06-16 03:00:00+00:00': 11493.152964044615, '2025-06-16 10:00:00+00:00': 11420.60358720361, '2025-06-16 20:00:00+00:00': 11300.60358720361, '2025-06-17 00:00:00+00:00': 11403.10358720361, '2025-06-17 15:00:00+00:00': 11330.60358720361, '2025-06-17 16:00:00+00:00': 11358.10358720361, '2025-06-19 23:00:00+00:00': 11347.675510626379, '2025-06-20 01:00:00+00:00': 11377.675510626379, '2025-06-20 08:00:00+00:00': 11265.175510626379, '2025-06-20 17:00:00+00:00': 11237.675510626379, '2025-06-20 18:00:00+00:00': 11352.925510626379, '2025-06-20 23:00:00+00:00': 11442.925510626379, '2025-06-21 22:00:00+00:00': 11772.925510626379, '2025-06-22 10:00:00+00:00': 11835.425510626379, '2025-06-22 14:00:00+00:00': 12045.415648895772, '2025-06-23 03:00:00+00:00': 11910.165648895772, '2025-06-23 08:00:00+00:00': 11950.415648895772, '2025-06-23 09:00:00+00:00': 11887.165648895772, '2025-06-23 17:00:00+00:00': 11846.165648895772, '2025-06-23 18:00:00+00:00': 11819.165648895772, '2025-06-23 21:00:00+00:00': 11822.165648895772, '2025-06-24 02:00:00+00:00': 11766.415648895772, '2025-06-24 09:00:00+00:00': 11753.415648895772, '2025-06-24 17:00:00+00:00': 11728.415648895772, '2025-06-25 05:00:00+00:00': 11716.665648895772, '2025-06-25 14:00:00+00:00': 11701.665648895772, '2025-06-26 02:00:00+00:00': 11689.165648895772, '2025-06-30 19:00:00+00:00': 11776.665648895772, '2025-07-01 04:00:00+00:00': 11781.405924574068, '2025-07-01 07:00:00+00:00': 11803.018276262497, '2025-07-01 08:00:00+00:00': 11892.539373727632, '2025-07-01 18:00:00+00:00': 11883.687799884801, '2025-07-02 14:00:00+00:00': 11870.437269987942, '2025-07-02 15:00:00+00:00': 11847.872099795557, '2025-07-02 17:00:00+00:00': 12028.209474775076, '2025-07-02 20:00:00+00:00': 11993.370469788435, '2025-07-02 23:00:00+00:00': 12038.85134239643, '2025-07-03 05:00:00+00:00': 12056.197636137715, '2025-07-03 13:00:00+00:00': 12067.129523652395, '2025-07-03 14:00:00+00:00': 12075.811814100602, '2025-07-03 17:00:00+00:00': 12116.518393623885, '2025-07-03 18:00:00+00:00': 12114.294923247702, '2025-07-04 08:00:00+00:00': 12143.098888704015, '2025-07-04 17:00:00+00:00': 12173.415947920277, '2025-07-04 22:00:00+00:00': 12172.167507004682, '2025-07-05 00:00:00+00:00': 12176.811586903628, '2025-07-06 13:00:00+00:00': 12181.231104912436, '2025-07-06 18:00:00+00:00': 12121.746973972804, '2025-07-06 19:00:00+00:00': 12121.746973972804, '2025-07-06 21:00:00+00:00': 12186.576500601763, '2025-07-07 01:00:00+00:00': 12269.672718865355, '2025-07-07 09:00:00+00:00': 12262.200767876098, '2025-07-07 11:00:00+00:00': 12289.29977811086, '2025-07-07 12:00:00+00:00': 12290.2715465458, '2025-07-07 13:00:00+00:00': 12301.81652461122, '2025-07-07 14:00:00+00:00': 12305.719493616481, '2025-07-07 15:00:00+00:00': 12310.210714844492, '2025-07-07 17:00:00+00:00': 12317.501417614123, '2025-07-07 18:00:00+00:00': 12311.312562212226, '2025-07-08 03:00:00+00:00': 12348.403269870556, '2025-07-08 14:00:00+00:00': 12343.166849525562, '2025-07-08 16:00:00+00:00': 12372.246250465849, '2025-07-08 17:00:00+00:00': 12344.03697876228, '2025-07-08 18:00:00+00:00': 12415.737237767666, '2025-07-09 01:00:00+00:00': 12382.619216829235, '2025-07-09 04:00:00+00:00': 12426.229017272568, '2025-07-09 05:00:00+00:00': 12423.078431581522, '2025-07-09 08:00:00+00:00': 12430.509303701037, '2025-07-09 09:00:00+00:00': 12440.235191491274, '2025-07-09 12:00:00+00:00': 12432.899238478183, '2025-07-09 13:00:00+00:00': 12465.653116890275, '2025-07-09 15:00:00+00:00': 12479.221790874493, '2025-07-09 19:00:00+00:00': 12246.204201308197, '2025-07-09 20:00:00+00:00': 12456.048594154978, '2025-07-09 21:00:00+00:00': 12476.17178347029, '2025-07-09 23:00:00+00:00': 12465.172388357078, '2025-07-10 01:00:00+00:00': 12486.328572360668, '2025-07-10 03:00:00+00:00': 12490.06162874134, '2025-07-10 06:00:00+00:00': 12489.003776708998, '2025-07-10 07:00:00+00:00': 12493.336268245706, '2025-07-10 09:00:00+00:00': 12502.665135266785, '2025-07-10 10:00:00+00:00': 12508.92022962831, '2025-07-10 16:00:00+00:00': 12513.271168157626, '2025-07-10 17:00:00+00:00': 12518.133648691359, '2025-07-10 19:00:00+00:00': 12525.777256094249, '2025-07-10 22:00:00+00:00': 12538.079460075496, '2025-07-11 01:00:00+00:00': 12555.157824743974, '2025-07-11 06:00:00+00:00': 12569.285877923416, '2025-07-11 08:00:00+00:00': 12575.200236281817, '2025-07-11 10:00:00+00:00': 12591.724098302055, '2025-07-11 20:00:00+00:00': 12581.031215971714, '2025-07-11 23:00:00+00:00': 12610.274498431194, '2025-07-14 03:00:00+00:00': 12598.419172025386, '2025-07-14 05:00:00+00:00': 12628.835035404654, '2025-07-14 08:00:00+00:00': 12651.615356033051, '2025-07-14 16:00:00+00:00': 12669.526334074462, '2025-07-14 17:00:00+00:00': 12577.533566395314, '2025-07-14 19:00:00+00:00': 12688.427800224275, '2025-07-15 04:00:00+00:00': 12693.217143134432, '2025-07-15 12:00:00+00:00': 12696.321392468335, '2025-07-15 13:00:00+00:00': 12646.134744771476, '2025-07-15 15:00:00+00:00': 12743.974658578469, '2025-07-15 16:00:00+00:00': 12738.821392468335, '2025-07-15 17:00:00+00:00': 12734.330405546896, '2025-07-15 18:00:00+00:00': 12661.23789630022, '2025-07-15 20:00:00+00:00': 12727.830405546896, '2025-07-15 21:00:00+00:00': 12777.830405546896, '2025-07-15 23:00:00+00:00': 12810.249810064739, '2025-07-16 00:00:00+00:00': 12817.580405546896, '2025-07-16 06:00:00+00:00': 12825.249810064739, '2025-07-16 13:00:00+00:00': 12815.148829733156, '2025-07-16 14:00:00+00:00': 12810.249810064739, '2025-07-16 18:00:00+00:00': 12906.854132976614, '2025-07-16 20:00:00+00:00': 12832.40937444933, '2025-07-17 02:00:00+00:00': 12912.39864293826, '2025-07-17 06:00:00+00:00': 12842.39864293826, '2025-07-17 07:00:00+00:00': 12827.39864293826, '2025-07-17 08:00:00+00:00': 12828.862468492496, '2025-07-17 14:00:00+00:00': 12884.459254871394, '2025-07-17 17:00:00+00:00': 12903.95579107718, '2025-07-17 21:00:00+00:00': 12904.688655849739, '2025-07-17 22:00:00+00:00': 12978.24038583612, '2025-07-18 02:00:00+00:00': 12863.533057247612, '2025-07-18 05:00:00+00:00': 12897.316707888425, '2025-07-18 08:00:00+00:00': 12943.6328082929, '2025-07-18 09:00:00+00:00': 12905.997902990837, '2025-07-18 11:00:00+00:00': 12985.052298763174, '2025-07-18 12:00:00+00:00': 12983.907339223922, '2025-07-18 15:00:00+00:00': 13022.96152048077, '2025-07-18 17:00:00+00:00': 13035.46152048077, '2025-07-20 03:00:00+00:00': 13008.604434163737, '2025-07-20 06:00:00+00:00': 13038.953012902693, '2025-07-20 08:00:00+00:00': 13023.69043427853, '2025-07-20 11:00:00+00:00': 13019.072235799013, '2025-07-20 14:00:00+00:00': 13020.166503241693, '2025-07-20 15:00:00+00:00': 13034.651399055798, '2025-07-20 18:00:00+00:00': 13119.70560196325, '2025-07-20 21:00:00+00:00': 13124.22089308002, '2025-07-21 03:00:00+00:00': 13144.264159477598, '2025-07-21 10:00:00+00:00': 13151.541031017869, '2025-07-22 09:00:00+00:00': 13171.720475669817, '2025-07-23 00:00:00+00:00': 13109.970475669817, '2025-07-23 08:00:00+00:00': 13083.70560196325, '2025-07-23 11:00:00+00:00': 13240.882022540474, '2025-07-23 17:00:00+00:00': 13235.720475669817, '2025-07-24 01:00:00+00:00': 13204.382022540474, '2025-07-24 04:00:00+00:00': 13243.382022540474, '2025-07-24 12:00:00+00:00': 13156.632022540474, '2025-07-24 15:00:00+00:00': 13129.132022540474, '2025-07-25 07:00:00+00:00': 13329.132022540474}]",210,COMPLETE
