number,value,datetime_start,datetime_complete,duration,params_CONVERGENCE_THRESHOLD,params_DAILY_LOSS_LIMIT,params_FIXED_TRADE_PCT,params_MAX_CONCURRENT_POSITIONS,params_MAX_DRAWDOWN_LIMIT,params_MAX_HOLD_HOURS,params_MAX_POSITION_PCT,params_MIN_DIV,params_MIN_TIME_BETWEEN_TRADES,params_STOP_LOSS_PCT,params_TAKE_PROFIT_PCT,params_TRAIL_PCT,user_attrs_cooldown_trades_pct,user_attrs_equity_curves,user_attrs_total_trades,state
19,173.48658819576937,2025-08-01 18:31:44.206439,2025-08-01 18:31:44.835869,0 days 00:00:00.629430,0.03,0.1,0.06,3,0.25,72,0.01,0.05,0.5,0.35,0.45,0.65,0.0,"[{'2025-05-31 02:00:00+00:00': 10000.0, '2025-05-31 06:00:00+00:00': 10284.967770189754, '2025-06-01 13:00:00+00:00': 10369.967770189754, '2025-06-03 02:00:00+00:00': 10443.94799043598, '2025-06-03 04:00:00+00:00': 10147.467770189754, '2025-06-03 08:00:00+00:00': 10344.967770189754, '2025-06-03 15:00:00+00:00': 10617.785850344502, '2025-06-04 07:00:00+00:00': 10601.596941445547, '2025-06-05 21:00:00+00:00': 10705.285850344502, '2025-06-06 00:00:00+00:00': 10836.112215221208, '2025-06-06 14:00:00+00:00': 10752.785850344502, '2025-06-07 23:00:00+00:00': 10824.878670836299, '2025-06-09 01:00:00+00:00': 10881.112215221208, '2025-06-09 15:00:00+00:00': 10876.112215221208, '2025-06-09 22:00:00+00:00': 10966.112215221208, '2025-06-09 23:00:00+00:00': 10891.112215221208, '2025-06-10 01:00:00+00:00': 10922.58696885842, '2025-06-10 23:00:00+00:00': 11057.58696885842, '2025-06-11 00:00:00+00:00': 11124.237647840939, '2025-06-11 15:00:00+00:00': 11051.737647840939, '2025-06-11 16:00:00+00:00': 11104.237647840939, '2025-06-11 23:00:00+00:00': 11224.237647840939, '2025-06-12 20:00:00+00:00': 11209.237647840939, '2025-06-12 21:00:00+00:00': 11246.737647840939, '2025-06-13 00:00:00+00:00': 11254.237647840939, '2025-06-13 01:00:00+00:00': 11286.737647840939, '2025-06-13 17:00:00+00:00': 11216.40034244879, '2025-06-16 02:00:00+00:00': 11251.737647840939, '2025-06-16 03:00:00+00:00': 11261.737647840939, '2025-06-16 10:00:00+00:00': 11186.40034244879, '2025-06-16 19:00:00+00:00': 11121.40034244879, '2025-06-17 00:00:00+00:00': 11048.90034244879, '2025-06-17 15:00:00+00:00': 11018.90034244879, '2025-06-17 16:00:00+00:00': 11091.40034244879, '2025-06-20 01:00:00+00:00': 11023.90034244879, '2025-06-20 10:00:00+00:00': 10961.40034244879, '2025-06-20 11:00:00+00:00': 10858.90034244879, '2025-06-20 18:00:00+00:00': 11026.65034244879, '2025-06-21 22:00:00+00:00': 11311.65034244879, '2025-06-22 10:00:00+00:00': 11374.15034244879, '2025-06-22 14:00:00+00:00': 11587.829884393697, '2025-06-23 03:00:00+00:00': 11452.579884393697, '2025-06-23 08:00:00+00:00': 11492.829884393697, '2025-06-23 09:00:00+00:00': 11429.579884393697, '2025-06-23 17:00:00+00:00': 11388.579884393697, '2025-06-23 18:00:00+00:00': 11361.579884393697, '2025-06-23 21:00:00+00:00': 11364.579884393697, '2025-06-24 02:00:00+00:00': 11308.829884393697, '2025-06-24 09:00:00+00:00': 11295.829884393697, '2025-06-24 17:00:00+00:00': 11270.829884393697, '2025-06-25 05:00:00+00:00': 11259.079884393697, '2025-06-25 14:00:00+00:00': 11244.079884393697, '2025-06-26 02:00:00+00:00': 11231.579884393697, '2025-06-30 19:00:00+00:00': 11319.079884393697, '2025-07-01 04:00:00+00:00': 11324.079884393697, '2025-07-01 07:00:00+00:00': 11347.656995326528, '2025-07-01 08:00:00+00:00': 11443.886963139013, '2025-07-01 18:00:00+00:00': 11434.22825799796, '2025-07-02 14:00:00+00:00': 11419.770628701182, '2025-07-02 15:00:00+00:00': 11395.156995326528, '2025-07-02 17:00:00+00:00': 11591.980819931103, '2025-07-02 20:00:00+00:00': 11553.948803925581, '2025-07-02 23:00:00+00:00': 11603.614111131154, '2025-07-03 00:00:00+00:00': 11626.302968047015, '2025-07-03 05:00:00+00:00': 11610.888396521537, '2025-07-03 13:00:00+00:00': 11654.512569668808, '2025-07-03 14:00:00+00:00': 11653.384374666766, '2025-07-03 17:00:00+00:00': 11699.074887105035, '2025-07-03 18:00:00+00:00': 11696.64080903034, '2025-07-04 08:00:00+00:00': 11728.183132140824, '2025-07-04 17:00:00+00:00': 11761.389777363445, '2025-07-04 22:00:00+00:00': 11760.021985131762, '2025-07-05 00:00:00+00:00': 11765.109985311648, '2025-07-06 13:00:00+00:00': 11769.952153099053, '2025-07-06 18:00:00+00:00': 11704.800463023748, '2025-07-06 19:00:00+00:00': 11704.800463023748, '2025-07-06 21:00:00+00:00': 11775.808966990046, '2025-07-07 01:00:00+00:00': 11866.859852045174, '2025-07-07 09:00:00+00:00': 11858.672278518265, '2025-07-07 11:00:00+00:00': 11888.370123532877, '2025-07-07 12:00:00+00:00': 11889.435302996962, '2025-07-07 13:00:00+00:00': 11902.090145678163, '2025-07-07 14:00:00+00:00': 11906.368971434218, '2025-07-07 15:00:00+00:00': 11911.292863713108, '2025-07-07 17:00:00+00:00': 11919.286240359334, '2025-07-07 18:00:00+00:00': 11912.500906517107, '2025-07-08 03:00:00+00:00': 11953.168254116265, '2025-07-08 14:00:00+00:00': 11947.426790452282, '2025-07-08 16:00:00+00:00': 11979.31882848981, '2025-07-08 17:00:00+00:00': 11948.380626559087, '2025-07-08 18:00:00+00:00': 12027.027239958452, '2025-07-09 01:00:00+00:00': 11990.698007972205, '2025-07-09 04:00:00+00:00': 12038.539886501529, '2025-07-09 05:00:00+00:00': 12035.082530537275, '2025-07-09 08:00:00+00:00': 12043.237067438085, '2025-07-09 09:00:00+00:00': 12053.91120370977, '2025-07-09 12:00:00+00:00': 12045.859942556435, '2025-07-09 13:00:00+00:00': 12081.809866260064, '2025-07-09 15:00:00+00:00': 12096.70602601983, '2025-07-09 19:00:00+00:00': 11841.144459384634, '2025-07-09 20:00:00+00:00': 12071.262764403686, '2025-07-09 21:00:00+00:00': 12093.368782335383, '2025-07-09 23:00:00+00:00': 12081.285242365211, '2025-07-10 01:00:00+00:00': 12104.525730588113, '2025-07-10 03:00:00+00:00': 12108.62673919116, '2025-07-10 06:00:00+00:00': 12107.4645824614, '2025-07-10 07:00:00+00:00': 12112.224259658287, '2025-07-10 09:00:00+00:00': 12122.473239651796, '2025-07-10 10:00:00+00:00': 12129.345393884698, '2025-07-10 16:00:00+00:00': 12134.126094608117, '2025-07-10 17:00:00+00:00': 12139.469059928786, '2025-07-10 19:00:00+00:00': 12147.868311315884, '2025-07-10 22:00:00+00:00': 12161.387573120786, '2025-07-11 01:00:00+00:00': 12180.157436223786, '2025-07-11 06:00:00+00:00': 12195.68699771886, '2025-07-11 08:00:00+00:00': 12198.794095314486, '2025-07-11 10:00:00+00:00': 12216.954550804125, '2025-07-11 20:00:00+00:00': 12205.200980796657, '2025-07-11 23:00:00+00:00': 12241.186356265805, '2025-07-12 05:00:00+00:00': 12253.178805024116, '2025-07-12 13:00:00+00:00': 12266.44416051737, '2025-07-12 21:00:00+00:00': 12272.906925597788, '2025-07-13 17:00:00+00:00': 12283.42955456126, '2025-07-14 03:00:00+00:00': 12283.652019206149, '2025-07-14 05:00:00+00:00': 12317.23553501501, '2025-07-14 08:00:00+00:00': 12342.389835438782, '2025-07-14 16:00:00+00:00': 12362.172044964083, '2025-07-14 19:00:00+00:00': 12383.057983776183, '2025-07-14 22:00:00+00:00': 12248.106337728812, '2025-07-15 04:00:00+00:00': 12392.1068672575, '2025-07-15 12:00:00+00:00': 12395.540609707576, '2025-07-15 13:00:00+00:00': 12336.33691825588, '2025-07-15 15:00:00+00:00': 12443.741797534964, '2025-07-15 16:00:00+00:00': 12438.040609707576, '2025-07-15 17:00:00+00:00': 12433.072237125449, '2025-07-15 18:00:00+00:00': 12356.74259444229, '2025-07-15 20:00:00+00:00': 12426.572237125449, '2025-07-15 21:00:00+00:00': 12476.572237125449, '2025-07-15 23:00:00+00:00': 12508.21248226757, '2025-07-16 00:00:00+00:00': 12516.322237125449, '2025-07-16 06:00:00+00:00': 12523.21248226757, '2025-07-16 13:00:00+00:00': 12512.039314477803, '2025-07-16 14:00:00+00:00': 12508.21248226757, '2025-07-16 18:00:00+00:00': 12613.47047653062, '2025-07-16 20:00:00+00:00': 12531.241488893555, '2025-07-17 02:00:00+00:00': 12609.662840035155, '2025-07-17 06:00:00+00:00': 12539.662840035155, '2025-07-17 07:00:00+00:00': 12524.662840035155, '2025-07-17 08:00:00+00:00': 12526.282136761534, '2025-07-17 14:00:00+00:00': 12587.784525464649, '2025-07-17 17:00:00+00:00': 12609.356805682797, '2025-07-17 20:00:00+00:00': 12619.523544799187, '2025-07-17 21:00:00+00:00': 12609.356805682797, '2025-07-17 22:00:00+00:00': 12700.995329933636, '2025-07-18 02:00:00+00:00': 12585.995329933636, '2025-07-18 05:00:00+00:00': 12623.416806309178, '2025-07-18 08:00:00+00:00': 12670.784047825964, '2025-07-18 09:00:00+00:00': 12633.034047825964, '2025-07-18 11:00:00+00:00': 12716.683508398452, '2025-07-18 12:00:00+00:00': 12715.41428326684, '2025-07-18 15:00:00+00:00': 12758.706720117969, '2025-07-18 17:00:00+00:00': 12771.206720117969, '2025-07-20 03:00:00+00:00': 12742.791567559563, '2025-07-20 06:00:00+00:00': 12775.081963130588, '2025-07-20 08:00:00+00:00': 12758.155263578765, '2025-07-20 11:00:00+00:00': 12753.03485090886, '2025-07-20 14:00:00+00:00': 12754.247079987364, '2025-07-20 15:00:00+00:00': 12770.30670302325, '2025-07-20 18:00:00+00:00': 12850.339528415618, '2025-07-20 21:00:00+00:00': 12855.346026967514, '2025-07-21 03:00:00+00:00': 12877.570557513454, '2025-07-21 10:00:00+00:00': 12885.640652171169, '2025-07-22 05:00:00+00:00': 12903.8247531784, '2025-07-22 10:00:00+00:00': 12962.786253816006, '2025-07-23 00:00:00+00:00': 12901.036253816006, '2025-07-23 14:00:00+00:00': 13007.536253816006, '2025-07-24 04:00:00+00:00': 12994.655412454675, '2025-07-24 07:00:00+00:00': 12947.655412454675, '2025-07-24 09:00:00+00:00': 12938.90236561418, '2025-07-24 15:00:00+00:00': 12908.033720287376, '2025-07-25 04:00:00+00:00': 13125.283720287376, '2025-07-25 05:00:00+00:00': 13115.777705306691, '2025-07-25 07:00:00+00:00': 13118.277705306691}]",217,COMPLETE
20,270.1839599205771,2025-08-01 18:31:44.841160,2025-08-01 18:31:45.505435,0 days 00:00:00.664275,0.03,0.1,0.055,4,0.15,72,0.01,0.05,2.0,0.25,0.55,0.65,1.2552301255230125,"[{'2025-05-31 02:00:00+00:00': 10000.0, '2025-05-31 06:00:00+00:00': 10327.5, '2025-06-01 13:00:00+00:00': 10412.5, '2025-06-03 02:00:00+00:00': 10480.906415047293, '2025-06-03 09:00:00+00:00': 10417.5, '2025-06-03 13:00:00+00:00': 10469.638285392466, '2025-06-04 09:00:00+00:00': 10655.042230949415, '2025-06-04 14:00:00+00:00': 10522.138285392466, '2025-06-04 17:00:00+00:00': 10664.81309215625, '2025-06-05 20:00:00+00:00': 10609.81309215625, '2025-06-05 21:00:00+00:00': 10704.81309215625, '2025-06-06 10:00:00+00:00': 10758.304610321218, '2025-06-07 23:00:00+00:00': 10775.804610321218, '2025-06-08 21:00:00+00:00': 10709.722443266579, '2025-06-09 03:00:00+00:00': 10763.304610321218, '2025-06-09 11:00:00+00:00': 10763.304610321218, '2025-06-09 12:00:00+00:00': 10751.541887854291, '2025-06-09 23:00:00+00:00': 11046.541887854291, '2025-06-10 00:00:00+00:00': 10959.041887854291, '2025-06-10 01:00:00+00:00': 11036.541887854291, '2025-06-10 02:00:00+00:00': 10904.041887854291, '2025-06-10 23:00:00+00:00': 11171.541887854291, '2025-06-11 06:00:00+00:00': 11196.541887854291, '2025-06-11 15:00:00+00:00': 11181.541887854291, '2025-06-11 16:00:00+00:00': 11269.041887854291, '2025-06-11 17:00:00+00:00': 11221.520330184065, '2025-06-12 08:00:00+00:00': 11334.020330184065, '2025-06-12 21:00:00+00:00': 11256.520330184065, '2025-06-13 02:00:00+00:00': 11466.520330184065, '2025-06-13 11:00:00+00:00': 11445.132154941006, '2025-06-13 17:00:00+00:00': 11429.382154941006, '2025-06-16 02:00:00+00:00': 11474.020330184065, '2025-06-16 06:00:00+00:00': 11384.646709377252, '2025-06-16 08:00:00+00:00': 11339.646709377252, '2025-06-16 09:00:00+00:00': 11464.382154941006, '2025-06-17 00:00:00+00:00': 11419.646709377252, '2025-06-17 15:00:00+00:00': 11449.646709377252, '2025-06-17 16:00:00+00:00': 11414.646709377252, '2025-06-17 17:00:00+00:00': 11474.646709377252, '2025-06-18 05:00:00+00:00': 11360.896709377252, '2025-06-18 06:00:00+00:00': 11392.146709377252, '2025-06-19 07:00:00+00:00': 11377.146709377252, '2025-06-20 02:00:00+00:00': 11305.896709377252, '2025-06-20 08:00:00+00:00': 11305.896709377252, '2025-06-20 11:00:00+00:00': 11220.896709377252, '2025-06-20 15:00:00+00:00': 11283.396709377252, '2025-06-20 18:00:00+00:00': 11428.646709377252, '2025-06-21 10:00:00+00:00': 11434.896709377252, '2025-06-21 20:00:00+00:00': 11587.396709377252, '2025-06-21 22:00:00+00:00': 11891.146709377252, '2025-06-22 10:00:00+00:00': 11953.646709377252, '2025-06-22 14:00:00+00:00': 12181.785662352338, '2025-06-22 16:00:00+00:00': 12104.896709377252, '2025-06-23 01:00:00+00:00': 12071.299062155369, '2025-06-23 09:00:00+00:00': 11988.299062155369, '2025-06-23 14:00:00+00:00': 12011.299062155369, '2025-06-23 17:00:00+00:00': 12012.299062155369, '2025-06-23 18:00:00+00:00': 11945.299062155369, '2025-06-23 21:00:00+00:00': 11972.299062155369, '2025-06-23 23:00:00+00:00': 11907.299062155369, '2025-06-24 02:00:00+00:00': 11897.299062155369, '2025-06-24 04:00:00+00:00': 11937.299062155369, '2025-06-24 09:00:00+00:00': 11887.799062155369, '2025-06-24 16:00:00+00:00': 11897.299062155369, '2025-06-24 17:00:00+00:00': 11875.299062155369, '2025-06-25 02:00:00+00:00': 11867.799062155369, '2025-06-25 04:00:00+00:00': 11857.799062155369, '2025-06-25 14:00:00+00:00': 11850.299062155369, '2025-06-26 01:00:00+00:00': 11842.799062155369, '2025-06-30 19:00:00+00:00': 11930.299062155369, '2025-07-01 04:00:00+00:00': 11967.451546685328, '2025-07-01 07:00:00+00:00': 11951.911413843798, '2025-07-01 09:00:00+00:00': 12004.332704490153, '2025-07-01 18:00:00+00:00': 11999.44734626583, '2025-07-02 14:00:00+00:00': 12063.123484234166, '2025-07-02 15:00:00+00:00': 11967.451546685328, '2025-07-02 17:00:00+00:00': 12175.650597739499, '2025-07-02 20:00:00+00:00': 12140.924458799534, '2025-07-03 05:00:00+00:00': 12209.56197640718, '2025-07-03 13:00:00+00:00': 12227.925896902012, '2025-07-03 14:00:00+00:00': 12219.448021099906, '2025-07-03 17:00:00+00:00': 12262.830949828278, '2025-07-04 03:00:00+00:00': 12236.557384227104, '2025-07-04 08:00:00+00:00': 12254.689349072989, '2025-07-04 17:00:00+00:00': 12305.046870542268, '2025-07-04 20:00:00+00:00': 12225.75880829235, '2025-07-04 22:00:00+00:00': 12336.469393621152, '2025-07-05 00:00:00+00:00': 12372.400684722099, '2025-07-05 06:00:00+00:00': 12375.741808452021, '2025-07-05 19:00:00+00:00': 12389.904618419541, '2025-07-05 21:00:00+00:00': 12389.904618419541, '2025-07-06 06:00:00+00:00': 12393.24346765036, '2025-07-06 11:00:00+00:00': 12400.642093099283, '2025-07-06 13:00:00+00:00': 12376.812299037736, '2025-07-06 19:00:00+00:00': 12416.397263017316, '2025-07-06 21:00:00+00:00': 12405.990075917336, '2025-07-07 01:00:00+00:00': 12423.876514649759, '2025-07-07 07:00:00+00:00': 12447.98663189614, '2025-07-07 09:00:00+00:00': 12339.681964218442, '2025-07-07 11:00:00+00:00': 12461.575724076527, '2025-07-07 12:00:00+00:00': 12461.575724076527, '2025-07-07 13:00:00+00:00': 12444.628047195525, '2025-07-07 14:00:00+00:00': 12465.491797649122, '2025-07-07 18:00:00+00:00': 12466.596874436314, '2025-07-07 22:00:00+00:00': 12367.764910114027, '2025-07-08 03:00:00+00:00': 12601.639823516574, '2025-07-08 09:00:00+00:00': 12601.525944880828, '2025-07-08 14:00:00+00:00': 12492.322454650995, '2025-07-08 16:00:00+00:00': 12629.915428155002, '2025-07-08 17:00:00+00:00': 12597.247362762528, '2025-07-09 01:00:00+00:00': 12640.354660977864, '2025-07-09 04:00:00+00:00': 12650.88066305652, '2025-07-09 05:00:00+00:00': 12647.719793934286, '2025-07-09 08:00:00+00:00': 12655.522215162408, '2025-07-09 12:00:00+00:00': 12660.62650131985, '2025-07-09 13:00:00+00:00': 12686.117152880453, '2025-07-09 15:00:00+00:00': 12692.042469228183, '2025-07-09 19:00:00+00:00': 12594.340973786164, '2025-07-09 20:00:00+00:00': 12648.8916583096, '2025-07-09 23:00:00+00:00': 12658.06632396421, '2025-07-10 01:00:00+00:00': 12668.250640660886, '2025-07-10 03:00:00+00:00': 12671.993814693313, '2025-07-10 06:00:00+00:00': 12670.933095579046, '2025-07-10 07:00:00+00:00': 12675.27732940843, '2025-07-10 10:00:00+00:00': 12688.901840404871, '2025-07-10 16:00:00+00:00': 12693.263766286685, '2025-07-10 17:00:00+00:00': 12698.138525961407, '2025-07-10 19:00:00+00:00': 12705.801435638581, '2025-07-10 22:00:00+00:00': 12718.13470617035, '2025-07-11 01:00:00+00:00': 12735.256198548268, '2025-07-11 06:00:00+00:00': 12749.419929064758, '2025-07-11 08:00:00+00:00': 12752.515730187131, '2025-07-11 19:00:00+00:00': 12743.955043078802, '2025-07-11 23:00:00+00:00': 12758.700662405012, '2025-07-12 05:00:00+00:00': 12763.307782478174, '2025-07-12 13:00:00+00:00': 12775.355714356738, '2025-07-12 21:00:00+00:00': 12781.224772994277, '2025-07-13 17:00:00+00:00': 12790.780266919111, '2025-07-14 02:00:00+00:00': 12792.028526759763, '2025-07-14 03:00:00+00:00': 12790.98226879699, '2025-07-14 05:00:00+00:00': 12822.526083874889, '2025-07-14 08:00:00+00:00': 12828.021415468522, '2025-07-14 16:00:00+00:00': 12863.412893338726, '2025-07-14 19:00:00+00:00': 12882.371173303782, '2025-07-14 20:00:00+00:00': 12751.041979008278, '2025-07-15 04:00:00+00:00': 12899.095685376009, '2025-07-15 12:00:00+00:00': 12902.211567070299, '2025-07-15 13:00:00+00:00': 12845.45380833777, '2025-07-15 16:00:00+00:00': 12944.711567070299, '2025-07-15 17:00:00+00:00': 12935.035755773399, '2025-07-15 21:00:00+00:00': 12985.035755773399, '2025-07-16 00:00:00+00:00': 12962.962441614272, '2025-07-16 06:00:00+00:00': 12949.11248338199, '2025-07-16 13:00:00+00:00': 12939.035116156712, '2025-07-16 14:00:00+00:00': 12960.199323025548, '2025-07-16 18:00:00+00:00': 13018.097972928328, '2025-07-17 02:00:00+00:00': 13057.430159101681, '2025-07-17 06:00:00+00:00': 12987.430159101681, '2025-07-17 07:00:00+00:00': 12972.430159101681, '2025-07-17 08:00:00+00:00': 12973.8910462564, '2025-07-17 14:00:00+00:00': 13062.070737523993, '2025-07-17 17:00:00+00:00': 13081.545623548394, '2025-07-17 21:00:00+00:00': 13081.545623548394, '2025-07-17 22:00:00+00:00': 13155.256046716098, '2025-07-18 02:00:00+00:00': 13074.295996357918, '2025-07-18 05:00:00+00:00': 13108.152537670343, '2025-07-18 08:00:00+00:00': 13138.402537670343, '2025-07-18 09:00:00+00:00': 13100.652537670343, '2025-07-18 11:00:00+00:00': 13179.977439908993, '2025-07-18 17:00:00+00:00': 13217.269731266637, '2025-07-18 21:00:00+00:00': 13235.475196645422, '2025-07-20 03:00:00+00:00': 13204.769731266637, '2025-07-20 04:00:00+00:00': 13135.475196645422, '2025-07-20 08:00:00+00:00': 13115.588924572829, '2025-07-20 11:00:00+00:00': 13110.995709318266, '2025-07-20 14:00:00+00:00': 13079.019540056437, '2025-07-20 15:00:00+00:00': 13186.741613950693, '2025-07-20 18:00:00+00:00': 13222.741613950693, '2025-07-20 21:00:00+00:00': 13225.366064371527, '2025-07-21 02:00:00+00:00': 13264.473335131523, '2025-07-21 03:00:00+00:00': 13245.239281490287, '2025-07-21 10:00:00+00:00': 13271.700819550259, '2025-07-21 14:00:00+00:00': 13294.958803479976, '2025-07-22 09:00:00+00:00': 13298.799165075201, '2025-07-23 08:00:00+00:00': 13172.377621494908, '2025-07-23 10:00:00+00:00': 13487.208803479976, '2025-07-23 11:00:00+00:00': 13496.988695528507, '2025-07-23 15:00:00+00:00': 13471.620149720962, '2025-07-24 04:00:00+00:00': 13514.488695528507, '2025-07-24 12:00:00+00:00': 13476.620149720962, '2025-07-24 15:00:00+00:00': 13319.494182474109, '2025-07-24 19:00:00+00:00': 13391.994182474109, '2025-07-25 04:00:00+00:00': 13439.494182474109, '2025-07-25 05:00:00+00:00': 13513.745038051697, '2025-07-25 07:00:00+00:00': 13513.745038051697}]",236,COMPLETE
