number,value,datetime_start,datetime_complete,duration,params_CONVERGENCE_THRESHOLD,params_DAILY_LOSS_LIMIT,params_FIXED_TRADE_PCT,params_MAX_CONCURRENT_POSITIONS,params_MAX_DRAWDOWN_LIMIT,params_MAX_HOLD_HOURS,params_MAX_POSITION_PCT,params_MIN_DIV,params_MIN_TIME_BETWEEN_TRADES,params_STOP_LOSS_PCT,params_TAKE_PROFIT_PCT,params_TRAIL_PCT,user_attrs_cooldown_trades_pct,user_attrs_equity_curves,user_attrs_total_trades,state
2,99.9162866731821,2025-08-01 18:31:33.887311,2025-08-01 18:31:34.498467,0 days 00:00:00.611156,0.025,0.1,0.065,3,0.2,48,0.01,0.04,1.0,0.3,0.55,0.6,0.0,"[{'2025-05-31 02:00:00+00:00': 10000.0, '2025-05-31 03:00:00+00:00': 9927.930500927298, '2025-05-31 06:00:00+00:00': 10284.143741055666, '2025-06-01 13:00:00+00:00': 10369.143741055666, '2025-06-02 04:00:00+00:00': 9936.643741055666, '2025-06-02 08:00:00+00:00': 10376.643741055666, '2025-06-03 02:00:00+00:00': 10474.409699585116, '2025-06-03 03:00:00+00:00': 10554.409699585116, '2025-06-04 04:00:00+00:00': 10452.953770388545, '2025-06-05 03:00:00+00:00': 10476.909699585116, '2025-06-05 04:00:00+00:00': 10469.409699585116, '2025-06-05 13:00:00+00:00': 10447.3698473557, '2025-06-05 20:00:00+00:00': 10404.8698473557, '2025-06-05 21:00:00+00:00': 10384.352946851186, '2025-06-06 02:00:00+00:00': 10526.916971544257, '2025-06-06 15:00:00+00:00': 10439.352946851186, '2025-06-07 23:00:00+00:00': 10515.112132111188, '2025-06-08 03:00:00+00:00': 10576.916971544257, '2025-06-08 16:00:00+00:00': 10564.416971544257, '2025-06-08 22:00:00+00:00': 10552.00651708804, '2025-06-09 22:00:00+00:00': 10464.50651708804, '2025-06-10 01:00:00+00:00': 10634.934566181204, '2025-06-10 02:00:00+00:00': 10602.396591804245, '2025-06-10 23:00:00+00:00': 10769.934566181204, '2025-06-11 00:00:00+00:00': 10853.778947947234, '2025-06-11 15:00:00+00:00': 10844.934566181204, '2025-06-11 16:00:00+00:00': 10867.434566181204, '2025-06-12 03:00:00+00:00': 11078.778947947234, '2025-06-12 21:00:00+00:00': 10976.278947947234, '2025-06-13 01:00:00+00:00': 10962.528947947234, '2025-06-13 02:00:00+00:00': 10997.528947947234, '2025-06-13 14:00:00+00:00': 10892.528947947234, '2025-06-15 02:00:00+00:00': 10942.528947947234, '2025-06-15 03:00:00+00:00': 10935.028947947234, '2025-06-15 15:00:00+00:00': 10875.028947947234, '2025-06-16 08:00:00+00:00': 10922.528947947234, '2025-06-16 19:00:00+00:00': 10840.028947947234, '2025-06-16 21:00:00+00:00': 10947.528947947234, '2025-06-17 00:00:00+00:00': 10930.028947947234, '2025-06-17 17:00:00+00:00': 10882.528947947234, '2025-06-19 02:00:00+00:00': 10927.528947947234, '2025-06-19 07:00:00+00:00': 10912.528947947234, '2025-06-19 08:00:00+00:00': 10845.028947947234, '2025-06-20 09:00:00+00:00': 10880.028947947234, '2025-06-20 11:00:00+00:00': 10830.028947947234, '2025-06-20 15:00:00+00:00': 10805.028947947234, '2025-06-20 18:00:00+00:00': 10895.028947947234, '2025-06-21 03:00:00+00:00': 10902.528947947234, '2025-06-21 20:00:00+00:00': 11008.778947947234, '2025-06-21 22:00:00+00:00': 11142.528947947234, '2025-06-22 10:00:00+00:00': 11205.028947947234, '2025-06-22 14:00:00+00:00': 11392.900902093475, '2025-06-23 01:00:00+00:00': 11279.650902093475, '2025-06-23 07:00:00+00:00': 11312.900902093475, '2025-06-23 09:00:00+00:00': 11249.650902093475, '2025-06-23 17:00:00+00:00': 11208.650902093475, '2025-06-23 18:00:00+00:00': 11181.650902093475, '2025-06-23 20:00:00+00:00': 11184.650902093475, '2025-06-23 23:00:00+00:00': 11121.400902093475, '2025-06-24 02:00:00+00:00': 11111.400902093475, '2025-06-24 09:00:00+00:00': 11079.400902093475, '2025-06-24 16:00:00+00:00': 11088.900902093475, '2025-06-24 21:00:00+00:00': 11064.400902093475, '2025-06-25 05:00:00+00:00': 11052.650902093475, '2025-06-25 14:00:00+00:00': 11042.650902093475, '2025-06-26 02:00:00+00:00': 11030.150902093475, '2025-06-30 19:00:00+00:00': 11117.650902093475, '2025-07-01 07:00:00+00:00': 11220.69277227071, '2025-07-01 08:00:00+00:00': 11272.535581806416, '2025-07-02 15:00:00+00:00': 11281.390038805517, '2025-07-02 17:00:00+00:00': 11375.03294674115, '2025-07-02 20:00:00+00:00': 11333.890038805517, '2025-07-02 23:00:00+00:00': 11379.959294439477, '2025-07-03 05:00:00+00:00': 11404.502682077584, '2025-07-03 13:00:00+00:00': 11375.03294674115, '2025-07-03 14:00:00+00:00': 11433.087973805106, '2025-07-03 18:00:00+00:00': 11479.08956748943, '2025-07-03 20:00:00+00:00': 11449.08956748943, '2025-07-04 08:00:00+00:00': 11464.569103813476, '2025-07-04 17:00:00+00:00': 11500.4858663796, '2025-07-04 22:00:00+00:00': 11499.006054554447, '2025-07-05 00:00:00+00:00': 11504.510692686275, '2025-07-05 19:00:00+00:00': 11448.394967865783, '2025-07-05 20:00:00+00:00': 11439.282785072572, '2025-07-06 13:00:00+00:00': 11509.7495790832, '2025-07-06 19:00:00+00:00': 11570.012089745393, '2025-07-06 21:00:00+00:00': 11565.544820905068, '2025-07-07 01:00:00+00:00': 11574.360796890884, '2025-07-07 12:00:00+00:00': 11564.983525009517, '2025-07-07 13:00:00+00:00': 11595.144940491864, '2025-07-07 14:00:00+00:00': 11599.747474466221, '2025-07-07 17:00:00+00:00': 11607.69234454595, '2025-07-07 20:00:00+00:00': 11544.7495790832, '2025-07-08 17:00:00+00:00': 11598.600210100522, '2025-07-08 18:00:00+00:00': 11794.418275031554, '2025-07-09 05:00:00+00:00': 11803.054187986572, '2025-07-09 06:00:00+00:00': 11823.509347720366, '2025-07-09 08:00:00+00:00': 11642.98144284644, '2025-07-09 10:00:00+00:00': 11834.99204814179, '2025-07-09 12:00:00+00:00': 11826.322981482523, '2025-07-09 13:00:00+00:00': 11865.033941265548, '2025-07-09 15:00:00+00:00': 11881.077911390206, '2025-07-09 20:00:00+00:00': 11838.531074566175, '2025-07-09 21:00:00+00:00': 11851.543892104417, '2025-07-10 01:00:00+00:00': 11883.463423514584, '2025-07-10 03:00:00+00:00': 11864.680686932517, '2025-07-10 06:00:00+00:00': 11882.207167606926, '2025-07-10 09:00:00+00:00': 11887.35223319405, '2025-07-10 10:00:00+00:00': 11903.485097589688, '2025-07-10 16:00:00+00:00': 11908.652579216376, '2025-07-10 18:00:00+00:00': 11917.315749830987, '2025-07-10 19:00:00+00:00': 11926.397650926498, '2025-07-10 22:00:00+00:00': 11941.016628911917, '2025-07-11 01:00:00+00:00': 11961.315407293783, '2025-07-11 06:00:00+00:00': 11978.112341855256, '2025-07-11 08:00:00+00:00': 11981.473407467605, '2025-07-11 10:00:00+00:00': 12001.118726492461, '2025-07-11 20:00:00+00:00': 11988.402391139298, '2025-07-11 23:00:00+00:00': 12024.822927550102, '2025-07-12 05:00:00+00:00': 12032.183483308962, '2025-07-12 13:00:00+00:00': 12046.538742572535, '2025-07-12 21:00:00+00:00': 12053.533200213311, '2025-07-13 17:00:00+00:00': 12064.922083069214, '2025-07-13 18:00:00+00:00': 11984.639030137805, '2025-07-13 22:00:00+00:00': 12026.694464253447, '2025-07-13 23:00:00+00:00': 12071.86512247607, '2025-07-14 05:00:00+00:00': 12068.92617609418, '2025-07-14 11:00:00+00:00': 12047.66513452908, '2025-07-14 13:00:00+00:00': 12054.194118555257, '2025-07-14 16:00:00+00:00': 12067.986398939913, '2025-07-14 19:00:00+00:00': 12090.469998841363, '2025-07-15 04:00:00+00:00': 12128.5217344874, '2025-07-15 12:00:00+00:00': 12132.217394797473, '2025-07-15 13:00:00+00:00': 12075.786570595785, '2025-07-15 15:00:00+00:00': 12180.849135276805, '2025-07-15 16:00:00+00:00': 12174.717394797473, '2025-07-15 17:00:00+00:00': 12169.373011259742, '2025-07-15 18:00:00+00:00': 12046.694118555257, '2025-07-15 20:00:00+00:00': 12162.873011259742, '2025-07-15 21:00:00+00:00': 12212.873011259742, '2025-07-15 23:00:00+00:00': 12243.886094436702, '2025-07-16 00:00:00+00:00': 12252.623011259742, '2025-07-16 13:00:00+00:00': 12165.692820068081, '2025-07-16 15:00:00+00:00': 12183.192820068081, '2025-07-16 18:00:00+00:00': 12267.942820068081, '2025-07-16 19:00:00+00:00': 12194.490624992008, '2025-07-16 20:00:00+00:00': 12234.442820068081, '2025-07-17 02:00:00+00:00': 12256.344642235388, '2025-07-17 06:00:00+00:00': 12186.344642235388, '2025-07-17 07:00:00+00:00': 12171.344642235388, '2025-07-17 08:00:00+00:00': 12160.094642235388, '2025-07-17 09:00:00+00:00': 12173.69722303699, '2025-07-17 14:00:00+00:00': 12274.338243467304, '2025-07-17 17:00:00+00:00': 12297.367274739156, '2025-07-17 21:00:00+00:00': 12297.367274739156, '2025-07-17 22:00:00+00:00': 12239.034935291347, '2025-07-18 02:00:00+00:00': 12124.034935291347, '2025-07-18 09:00:00+00:00': 12157.93624431129, '2025-07-18 11:00:00+00:00': 12206.909326811663, '2025-07-18 12:00:00+00:00': 12205.554654773705, '2025-07-18 15:00:00+00:00': 12251.761200944535, '2025-07-18 17:00:00+00:00': 12264.261200944535, '2025-07-20 03:00:00+00:00': 12234.77476439825, '2025-07-20 05:00:00+00:00': 12250.101245192953, '2025-07-20 06:00:00+00:00': 12274.066587783072, '2025-07-20 08:00:00+00:00': 12238.514203013914, '2025-07-20 09:00:00+00:00': 12260.335016333476, '2025-07-20 11:00:00+00:00': 12256.566587783072, '2025-07-20 14:00:00+00:00': 12261.599566781593, '2025-07-20 15:00:00+00:00': 12278.76724512532, '2025-07-20 21:00:00+00:00': 12353.151467139889, '2025-07-22 05:00:00+00:00': 12396.339565657623, '2025-07-22 17:00:00+00:00': 12316.151467139889, '2025-07-23 14:00:00+00:00': 12555.587940120397, '2025-07-24 01:00:00+00:00': 12544.158238731969, '2025-07-24 06:00:00+00:00': 12485.587940120397, '2025-07-24 09:00:00+00:00': 12507.158238731969, '2025-07-24 12:00:00+00:00': 12546.658238731969, '2025-07-24 15:00:00+00:00': 12416.408238731969, '2025-07-25 07:00:00+00:00': 12616.408238731969}]",213,COMPLETE
3,69.22964340666043,2025-08-01 18:31:34.503413,2025-08-01 18:31:35.205271,0 days 00:00:00.701858,0.025,0.15,0.065,4,0.25,48,0.015,0.04,1.0,0.3,0.5,0.6,0.3731343283582089,"[{'2025-05-31 02:00:00+00:00': 10000.0, '2025-05-31 03:00:00+00:00': 9927.930500927298, '2025-05-31 06:00:00+00:00': 10284.143741055666, '2025-06-01 13:00:00+00:00': 10369.143741055666, '2025-06-02 04:00:00+00:00': 9936.643741055666, '2025-06-02 08:00:00+00:00': 10376.643741055666, '2025-06-02 09:00:00+00:00': 10358.423094561569, '2025-06-03 02:00:00+00:00': 10371.99669609416, '2025-06-03 03:00:00+00:00': 10494.49669609416, '2025-06-03 14:00:00+00:00': 10423.423094561569, '2025-06-04 04:00:00+00:00': 10350.803782820305, '2025-06-05 03:00:00+00:00': 10374.49669609416, '2025-06-05 04:00:00+00:00': 10366.99669609416, '2025-06-05 13:00:00+00:00': 10345.201135200834, '2025-06-05 15:00:00+00:00': 10350.803782820305, '2025-06-05 16:00:00+00:00': 10305.550370669187, '2025-06-05 20:00:00+00:00': 10302.860662287321, '2025-06-05 21:00:00+00:00': 10212.305103274877, '2025-06-06 02:00:00+00:00': 10353.41836818538, '2025-06-06 15:00:00+00:00': 10267.305103274877, '2025-06-07 23:00:00+00:00': 10341.809111200115, '2025-06-08 01:00:00+00:00': 10405.91836818538, '2025-06-08 03:00:00+00:00': 10370.169418771387, '2025-06-08 16:00:00+00:00': 10357.669418771387, '2025-06-08 22:00:00+00:00': 10344.349265165478, '2025-06-09 22:00:00+00:00': 10302.524395472765, '2025-06-10 00:00:00+00:00': 10389.349265165478, '2025-06-10 01:00:00+00:00': 10460.434947569738, '2025-06-10 22:00:00+00:00': 10590.209141467438, '2025-06-10 23:00:00+00:00': 10595.434947569738, '2025-06-11 00:00:00+00:00': 10616.40593085401, '2025-06-11 15:00:00+00:00': 10642.709141467438, '2025-06-11 16:00:00+00:00': 10607.709141467438, '2025-06-11 23:00:00+00:00': 10681.744215670993, '2025-06-12 16:00:00+00:00': 10753.90593085401, '2025-06-12 21:00:00+00:00': 10606.744215670993, '2025-06-13 01:00:00+00:00': 10544.244215670993, '2025-06-13 02:00:00+00:00': 10664.244215670993, '2025-06-13 14:00:00+00:00': 10575.22254850652, '2025-06-15 02:00:00+00:00': 10659.244215670993, '2025-06-15 03:00:00+00:00': 10616.744215670993, '2025-06-15 05:00:00+00:00': 10570.22254850652, '2025-06-15 15:00:00+00:00': 10552.72254850652, '2025-06-16 08:00:00+00:00': 10560.22254850652, '2025-06-16 14:00:00+00:00': 10502.72254850652, '2025-06-16 19:00:00+00:00': 10420.22254850652, '2025-06-17 00:00:00+00:00': 10355.22254850652, '2025-06-17 15:00:00+00:00': 10417.72254850652, '2025-06-17 16:00:00+00:00': 10467.72254850652, '2025-06-17 17:00:00+00:00': 10500.22254850652, '2025-06-19 07:00:00+00:00': 10450.22254850652, '2025-06-19 08:00:00+00:00': 10382.72254850652, '2025-06-19 10:00:00+00:00': 10475.22254850652, '2025-06-19 17:00:00+00:00': 10465.22254850652, '2025-06-19 21:00:00+00:00': 10350.22254850652, '2025-06-20 09:00:00+00:00': 10245.22254850652, '2025-06-20 11:00:00+00:00': 10360.22254850652, '2025-06-20 15:00:00+00:00': 10360.22254850652, '2025-06-20 18:00:00+00:00': 10515.22254850652, '2025-06-21 10:00:00+00:00': 10685.22254850652, '2025-06-21 20:00:00+00:00': 10670.22254850652, '2025-06-21 22:00:00+00:00': 10965.22254850652, '2025-06-22 10:00:00+00:00': 11027.72254850652, '2025-06-22 14:00:00+00:00': 11214.496578980736, '2025-06-23 01:00:00+00:00': 11101.246578980736, '2025-06-23 07:00:00+00:00': 11134.496578980736, '2025-06-23 09:00:00+00:00': 11071.246578980736, '2025-06-23 17:00:00+00:00': 11030.246578980736, '2025-06-23 18:00:00+00:00': 11003.246578980736, '2025-06-23 20:00:00+00:00': 11006.246578980736, '2025-06-23 23:00:00+00:00': 10942.996578980736, '2025-06-24 02:00:00+00:00': 10932.996578980736, '2025-06-24 09:00:00+00:00': 10900.996578980736, '2025-06-24 16:00:00+00:00': 10910.496578980736, '2025-06-24 21:00:00+00:00': 10885.996578980736, '2025-06-25 05:00:00+00:00': 10874.246578980736, '2025-06-25 14:00:00+00:00': 10864.246578980736, '2025-06-26 02:00:00+00:00': 10851.746578980736, '2025-06-30 19:00:00+00:00': 10939.246578980736, '2025-07-01 07:00:00+00:00': 11042.28844915797, '2025-07-01 08:00:00+00:00': 11120.083121779724, '2025-07-01 10:00:00+00:00': 11128.75061638815, '2025-07-02 15:00:00+00:00': 11115.740312244017, '2025-07-02 17:00:00+00:00': 11254.997718359333, '2025-07-02 20:00:00+00:00': 11213.75061638815, '2025-07-02 23:00:00+00:00': 11259.951862068696, '2025-07-03 05:00:00+00:00': 11284.633731258538, '2025-07-03 09:00:00+00:00': 11316.85202202305, '2025-07-03 13:00:00+00:00': 11320.388810172895, '2025-07-03 14:00:00+00:00': 11314.062207435902, '2025-07-03 18:00:00+00:00': 11366.491734030007, '2025-07-03 20:00:00+00:00': 11336.491734030007, '2025-07-04 03:00:00+00:00': 11366.202903203566, '2025-07-04 08:00:00+00:00': 11387.830274498707, '2025-07-04 17:00:00+00:00': 11424.08980551037, '2025-07-04 20:00:00+00:00': 11450.460733385547, '2025-07-04 22:00:00+00:00': 11441.69863911596, '2025-07-05 00:00:00+00:00': 11456.03250069212, '2025-07-05 17:00:00+00:00': 11359.278516481247, '2025-07-05 19:00:00+00:00': 11328.390606062527, '2025-07-06 06:00:00+00:00': 11467.768941205686, '2025-07-06 13:00:00+00:00': 11461.335275415939, '2025-07-06 19:00:00+00:00': 11516.626244793284, '2025-07-06 21:00:00+00:00': 11523.021352133284, '2025-07-07 01:00:00+00:00': 11531.954513667577, '2025-07-07 07:00:00+00:00': 11557.631592253396, '2025-07-07 12:00:00+00:00': 11484.577180686043, '2025-07-07 13:00:00+00:00': 11581.90229960793, '2025-07-07 14:00:00+00:00': 11586.57702377071, '2025-07-07 17:00:00+00:00': 11594.646508176209, '2025-07-07 18:00:00+00:00': 11587.264253975785, '2025-07-07 20:00:00+00:00': 11519.577180686043, '2025-07-07 23:00:00+00:00': 11740.036465860838, '2025-07-08 03:00:00+00:00': 11748.76197486586, '2025-07-08 10:00:00+00:00': 11757.17394667434, '2025-07-08 16:00:00+00:00': 11789.67394667434, '2025-07-08 17:00:00+00:00': 11585.411764702269, '2025-07-08 18:00:00+00:00': 11829.419106408915, '2025-07-08 21:00:00+00:00': 11843.065362795218, '2025-07-09 04:00:00+00:00': 11846.846545767408, '2025-07-09 05:00:00+00:00': 11838.234300675858, '2025-07-09 06:00:00+00:00': 11867.742948289328, '2025-07-09 08:00:00+00:00': 11632.341600986629, '2025-07-09 10:00:00+00:00': 11879.473132551986, '2025-07-09 12:00:00+00:00': 11870.617275569508, '2025-07-09 13:00:00+00:00': 11910.162331415015, '2025-07-09 15:00:00+00:00': 11926.551997261962, '2025-07-09 19:00:00+00:00': 11737.341600986629, '2025-07-09 20:00:00+00:00': 11883.088413562142, '2025-07-09 21:00:00+00:00': 11907.43688732354, '2025-07-10 01:00:00+00:00': 11926.607085310596, '2025-07-10 03:00:00+00:00': 11894.155633684722, '2025-07-10 06:00:00+00:00': 11925.32518553022, '2025-07-10 09:00:00+00:00': 11930.575277017113, '2025-07-10 10:00:00+00:00': 11947.03746055754, '2025-07-10 16:00:00+00:00': 11952.3104256612, '2025-07-10 18:00:00+00:00': 11961.150437031922, '2025-07-10 19:00:00+00:00': 11970.417726402475, '2025-07-10 22:00:00+00:00': 11985.33512066474, '2025-07-11 01:00:00+00:00': 12006.048256731206, '2025-07-11 06:00:00+00:00': 12023.188066059934, '2025-07-11 08:00:00+00:00': 12026.617740892932, '2025-07-11 10:00:00+00:00': 12046.66407857769, '2025-07-11 20:00:00+00:00': 12033.688165471895, '2025-07-11 23:00:00+00:00': 12070.85215199852, '2025-07-12 05:00:00+00:00': 12078.362958318485, '2025-07-12 13:00:00+00:00': 12093.011250585245, '2025-07-12 21:00:00+00:00': 12100.148485649299, '2025-07-13 17:00:00+00:00': 12111.769849053617, '2025-07-13 18:00:00+00:00': 12029.847983219312, '2025-07-13 22:00:00+00:00': 12072.761892262713, '2025-07-13 23:00:00+00:00': 12118.854616286582, '2025-07-14 02:00:00+00:00': 12095.433414132329, '2025-07-14 05:00:00+00:00': 12132.537401067171, '2025-07-14 08:00:00+00:00': 12134.727173974758, '2025-07-14 11:00:00+00:00': 12094.160635509856, '2025-07-14 12:00:00+00:00': 12138.474510559503, '2025-07-14 13:00:00+00:00': 12139.222375428513, '2025-07-14 16:00:00+00:00': 12152.774222506443, '2025-07-14 19:00:00+00:00': 12175.793645157624, '2025-07-15 04:00:00+00:00': 12214.752218930798, '2025-07-15 12:00:00+00:00': 12218.535953164892, '2025-07-15 13:00:00+00:00': 12122.856112679774, '2025-07-15 15:00:00+00:00': 12267.313803036452, '2025-07-15 16:00:00+00:00': 12261.035953164892, '2025-07-15 17:00:00+00:00': 12255.565263229313, '2025-07-15 18:00:00+00:00': 12130.974510559503, '2025-07-15 20:00:00+00:00': 12249.065263229313, '2025-07-15 21:00:00+00:00': 12299.065263229313, '2025-07-15 23:00:00+00:00': 12329.871620508447, '2025-07-16 00:00:00+00:00': 12338.815263229313, '2025-07-16 13:00:00+00:00': 12251.249397445748, '2025-07-16 15:00:00+00:00': 12268.749397445748, '2025-07-16 18:00:00+00:00': 12353.499397445748, '2025-07-16 19:00:00+00:00': 12279.100161133016, '2025-07-16 20:00:00+00:00': 12319.999397445748, '2025-07-17 02:00:00+00:00': 12340.146288605556, '2025-07-17 06:00:00+00:00': 12270.146288605556, '2025-07-17 07:00:00+00:00': 12255.146288605556, '2025-07-17 08:00:00+00:00': 12243.896288605556, '2025-07-17 09:00:00+00:00': 12257.55423662904, '2025-07-17 14:00:00+00:00': 12359.74010654128, '2025-07-17 17:00:00+00:00': 12383.311121877308, '2025-07-17 21:00:00+00:00': 12383.311121877308, '2025-07-17 22:00:00+00:00': 12323.60594142574, '2025-07-18 02:00:00+00:00': 12208.60594142574, '2025-07-18 09:00:00+00:00': 12243.305126782769, '2025-07-18 11:00:00+00:00': 12293.439024821091, '2025-07-18 12:00:00+00:00': 12292.052242810261, '2025-07-18 15:00:00+00:00': 12339.354028937647, '2025-07-18 17:00:00+00:00': 12351.854028937647, '2025-07-18 21:00:00+00:00': 12370.846396229315, '2025-07-20 03:00:00+00:00': 12321.964960609357, '2025-07-20 05:00:00+00:00': 12337.358810347489, '2025-07-20 06:00:00+00:00': 12295.846396229315, '2025-07-20 08:00:00+00:00': 12254.241616999088, '2025-07-20 09:00:00+00:00': 12276.440487296555, '2025-07-20 11:00:00+00:00': 12272.615936308484, '2025-07-20 14:00:00+00:00': 12224.790721790938, '2025-07-20 15:00:00+00:00': 12314.6758032991, '2025-07-20 21:00:00+00:00': 12351.6758032991, '2025-07-21 14:00:00+00:00': 12354.998136053424, '2025-07-22 05:00:00+00:00': 12382.294831913963, '2025-07-22 09:00:00+00:00': 12527.748136053424, '2025-07-22 10:00:00+00:00': 12534.73755768106, '2025-07-22 12:00:00+00:00': 12485.73755768106, '2025-07-22 13:00:00+00:00': 12297.290721790938, '2025-07-22 16:00:00+00:00': 12576.138818555339, '2025-07-23 11:00:00+00:00': 12497.638818555339, '2025-07-23 13:00:00+00:00': 12636.138818555339, '2025-07-23 17:00:00+00:00': 12641.207672979801, '2025-07-24 00:00:00+00:00': 12613.207672979801, '2025-07-24 01:00:00+00:00': 12643.707672979801, '2025-07-24 12:00:00+00:00': 12554.457672979801, '2025-07-24 15:00:00+00:00': 12401.957672979801, '2025-07-25 04:00:00+00:00': 12627.289663096073, '2025-07-25 05:00:00+00:00': 12616.971221174026, '2025-07-25 07:00:00+00:00': 12624.471221174026}]",267,COMPLETE
