number,value,datetime_start,datetime_complete,duration,params_CONVERGENCE_THRESHOLD,params_DAILY_LOSS_LIMIT,params_FIXED_TRADE_PCT,params_MAX_CONCURRENT_POSITIONS,params_MAX_DRAWDOWN_LIMIT,params_MAX_HOLD_HOURS,params_MAX_POSITION_PCT,params_MIN_DIV,params_MIN_TIME_BETWEEN_TRADES,params_STOP_LOSS_PCT,params_TAKE_PROFIT_PCT,params_TRAIL_PCT,user_attrs_cooldown_trades_pct,user_attrs_equity_curves,user_attrs_total_trades,state
27,289.89960688347855,2025-08-01 18:31:49.534338,2025-08-01 18:31:50.254711,0 days 00:00:00.720373,0.02,0.1,0.055,4,0.15,72,0.01,0.05,2.0,0.25,0.55,0.65,1.3888888888888888,"[{'2025-05-31 02:00:00+00:00': 10000.0, '2025-05-31 06:00:00+00:00': 10327.5, '2025-06-01 14:00:00+00:00': 10407.5, '2025-06-03 02:00:00+00:00': 10475.906415047293, '2025-06-03 03:00:00+00:00': 10535.919768474832, '2025-06-03 09:00:00+00:00': 10412.5, '2025-06-03 13:00:00+00:00': 10464.638285392466, '2025-06-04 09:00:00+00:00': 10642.542105772716, '2025-06-05 13:00:00+00:00': 10637.637992968188, '2025-06-05 20:00:00+00:00': 10652.198911189476, '2025-06-05 21:00:00+00:00': 10885.137992968188, '2025-06-06 10:00:00+00:00': 10933.826770400125, '2025-06-08 21:00:00+00:00': 10890.060435085177, '2025-06-08 22:00:00+00:00': 10951.326770400125, '2025-06-09 03:00:00+00:00': 10938.826770400125, '2025-06-09 11:00:00+00:00': 10938.826770400125, '2025-06-09 22:00:00+00:00': 11104.005200718531, '2025-06-10 00:00:00+00:00': 11113.826770400125, '2025-06-10 01:00:00+00:00': 11132.673922060927, '2025-06-10 02:00:00+00:00': 11091.326770400125, '2025-06-10 20:00:00+00:00': 11128.803022515456, '2025-06-10 23:00:00+00:00': 11341.303022515456, '2025-06-11 00:00:00+00:00': 11251.303022515456, '2025-06-11 04:00:00+00:00': 11113.803022515456, '2025-06-11 16:00:00+00:00': 11306.303022515456, '2025-06-11 17:00:00+00:00': 11259.527513781928, '2025-06-12 03:00:00+00:00': 11277.027513781928, '2025-06-12 08:00:00+00:00': 11238.803022515456, '2025-06-12 21:00:00+00:00': 11326.672286728626, '2025-06-13 01:00:00+00:00': 11379.172286728626, '2025-06-13 02:00:00+00:00': 11589.172286728626, '2025-06-13 11:00:00+00:00': 11567.47510830827, '2025-06-13 17:00:00+00:00': 11551.72510830827, '2025-06-16 02:00:00+00:00': 11596.672286728626, '2025-06-16 06:00:00+00:00': 11506.404183514775, '2025-06-16 08:00:00+00:00': 11461.404183514775, '2025-06-16 09:00:00+00:00': 11586.72510830827, '2025-06-17 00:00:00+00:00': 11541.404183514775, '2025-06-17 15:00:00+00:00': 11571.404183514775, '2025-06-17 16:00:00+00:00': 11536.404183514775, '2025-06-17 17:00:00+00:00': 11596.404183514775, '2025-06-18 05:00:00+00:00': 11482.654183514775, '2025-06-18 06:00:00+00:00': 11513.904183514775, '2025-06-19 07:00:00+00:00': 11498.904183514775, '2025-06-20 02:00:00+00:00': 11427.654183514775, '2025-06-20 08:00:00+00:00': 11427.654183514775, '2025-06-20 11:00:00+00:00': 11342.654183514775, '2025-06-20 15:00:00+00:00': 11405.154183514775, '2025-06-20 18:00:00+00:00': 11550.404183514775, '2025-06-21 10:00:00+00:00': 11556.654183514775, '2025-06-21 20:00:00+00:00': 11709.154183514775, '2025-06-21 22:00:00+00:00': 12012.904183514775, '2025-06-22 10:00:00+00:00': 12075.404183514775, '2025-06-22 14:00:00+00:00': 12304.32746035344, '2025-06-22 16:00:00+00:00': 12226.654183514775, '2025-06-23 01:00:00+00:00': 12193.007379915209, '2025-06-23 09:00:00+00:00': 12110.007379915209, '2025-06-23 14:00:00+00:00': 12133.007379915209, '2025-06-23 17:00:00+00:00': 12134.007379915209, '2025-06-23 18:00:00+00:00': 12067.007379915209, '2025-06-23 21:00:00+00:00': 12094.007379915209, '2025-06-23 23:00:00+00:00': 12029.007379915209, '2025-06-24 02:00:00+00:00': 12019.007379915209, '2025-06-24 04:00:00+00:00': 12059.007379915209, '2025-06-24 09:00:00+00:00': 12009.507379915209, '2025-06-24 16:00:00+00:00': 12019.007379915209, '2025-06-24 17:00:00+00:00': 11997.007379915209, '2025-06-25 02:00:00+00:00': 11989.507379915209, '2025-06-25 04:00:00+00:00': 11979.507379915209, '2025-06-25 14:00:00+00:00': 11972.007379915209, '2025-06-26 01:00:00+00:00': 11964.507379915209, '2025-06-30 19:00:00+00:00': 12052.007379915209, '2025-07-01 04:00:00+00:00': 12093.27650286201, '2025-07-02 01:00:00+00:00': 12063.170714204944, '2025-07-02 14:00:00+00:00': 12077.73637002048, '2025-07-02 15:00:00+00:00': 12095.03863456545, '2025-07-02 18:00:00+00:00': 12275.876941678875, '2025-07-02 20:00:00+00:00': 12165.19433173237, '2025-07-02 23:00:00+00:00': 12238.06016571828, '2025-07-03 05:00:00+00:00': 12263.749319106462, '2025-07-03 09:00:00+00:00': 12271.719146517125, '2025-07-03 13:00:00+00:00': 12274.680430562177, '2025-07-03 15:00:00+00:00': 12269.383192858411, '2025-07-03 18:00:00+00:00': 12305.786959599523, '2025-07-04 08:00:00+00:00': 12336.735166029566, '2025-07-04 20:00:00+00:00': 12257.802104672099, '2025-07-04 22:00:00+00:00': 12379.628334674699, '2025-07-05 00:00:00+00:00': 12419.167260239217, '2025-07-06 13:00:00+00:00': 12423.569304723076, '2025-07-06 19:00:00+00:00': 12422.50113628388, '2025-07-06 21:00:00+00:00': 12427.825397789624, '2025-07-07 01:00:00+00:00': 12446.40996590817, '2025-07-07 07:00:00+00:00': 12465.227687544284, '2025-07-07 13:00:00+00:00': 12485.432212624375, '2025-07-07 14:00:00+00:00': 12438.972024148858, '2025-07-07 17:00:00+00:00': 12492.127459195897, '2025-07-07 18:00:00+00:00': 12493.664468481007, '2025-07-07 21:00:00+00:00': 12414.541541719458, '2025-07-08 03:00:00+00:00': 12549.890872123571, '2025-07-08 10:00:00+00:00': 12652.822475810746, '2025-07-08 16:00:00+00:00': 12680.91383747791, '2025-07-08 17:00:00+00:00': 12461.887653189975, '2025-07-08 18:00:00+00:00': 12713.955236228901, '2025-07-09 04:00:00+00:00': 12724.419685178638, '2025-07-09 05:00:00+00:00': 12721.27944538267, '2025-07-09 10:00:00+00:00': 12734.11071163103, '2025-07-09 12:00:00+00:00': 12726.801773480809, '2025-07-09 13:00:00+00:00': 12759.435037040997, '2025-07-09 14:00:00+00:00': 12536.471399023318, '2025-07-09 15:00:00+00:00': 12765.345291066027, '2025-07-09 19:00:00+00:00': 12645.842195308856, '2025-07-09 20:00:00+00:00': 12722.304170736215, '2025-07-10 01:00:00+00:00': 12749.230018228125, '2025-07-10 06:00:00+00:00': 12748.173314432965, '2025-07-10 10:00:00+00:00': 12761.740807496932, '2025-07-10 17:00:00+00:00': 12753.053464639266, '2025-07-10 18:00:00+00:00': 12739.08074610539, '2025-07-10 19:00:00+00:00': 12796.200145892708, '2025-07-10 22:00:00+00:00': 12808.520862678732, '2025-07-11 01:00:00+00:00': 12825.624927492605, '2025-07-11 09:00:00+00:00': 12847.898905133097, '2025-07-11 10:00:00+00:00': 12842.604103798943, '2025-07-11 19:00:00+00:00': 12839.342983555254, '2025-07-11 23:00:00+00:00': 12850.915270442632, '2025-07-12 09:00:00+00:00': 12848.612992743023, '2025-07-12 16:00:00+00:00': 12870.67459444193, '2025-07-12 21:00:00+00:00': 12876.54205833122, '2025-07-13 17:00:00+00:00': 12886.094955824812, '2025-07-14 05:00:00+00:00': 12880.339466619329, '2025-07-14 09:00:00+00:00': 12857.328045830986, '2025-07-14 16:00:00+00:00': 12888.164618910765, '2025-07-14 18:00:00+00:00': 12835.122818349944, '2025-07-14 19:00:00+00:00': 12907.027990215669, '2025-07-14 20:00:00+00:00': 12843.260850452418, '2025-07-15 04:00:00+00:00': 12932.739825878121, '2025-07-15 12:00:00+00:00': 12935.838926227188, '2025-07-15 15:00:00+00:00': 12915.466544143279, '2025-07-15 16:00:00+00:00': 12978.338926227188, '2025-07-15 17:00:00+00:00': 12968.722772486386, '2025-07-15 21:00:00+00:00': 13018.722772486386, '2025-07-16 00:00:00+00:00': 12996.784816108373, '2025-07-16 13:00:00+00:00': 12906.322890803378, '2025-07-16 15:00:00+00:00': 12937.806929979188, '2025-07-16 18:00:00+00:00': 12984.915972229082, '2025-07-17 06:00:00+00:00': 12954.617608969686, '2025-07-17 07:00:00+00:00': 13139.617608969686, '2025-07-17 09:00:00+00:00': 13141.611949752596, '2025-07-17 14:00:00+00:00': 13230.09480174345, '2025-07-17 17:00:00+00:00': 13249.685226077703, '2025-07-17 21:00:00+00:00': 13249.685226077703, '2025-07-17 22:00:00+00:00': 13323.832956392094, '2025-07-18 02:00:00+00:00': 13242.392588500838, '2025-07-18 09:00:00+00:00': 13254.926355829224, '2025-07-18 11:00:00+00:00': 13296.555453197894, '2025-07-18 17:00:00+00:00': 13333.88006264605, '2025-07-20 03:00:00+00:00': 13321.38006264605, '2025-07-20 06:00:00+00:00': 13249.563659709065, '2025-07-20 08:00:00+00:00': 13244.830600015606, '2025-07-20 11:00:00+00:00': 13174.346227391521, '2025-07-20 12:00:00+00:00': 13178.950658022459, '2025-07-20 14:00:00+00:00': 13155.582170066049, '2025-07-20 15:00:00+00:00': 13262.950237158346, '2025-07-20 21:00:00+00:00': 13299.950237158346, '2025-07-21 14:00:00+00:00': 13302.247363121567, '2025-07-22 09:00:00+00:00': 13324.746082307032, '2025-07-23 08:00:00+00:00': 13248.618838694822, '2025-07-23 10:00:00+00:00': 13494.497363121567, '2025-07-23 17:00:00+00:00': 13503.604200497508, '2025-07-24 04:00:00+00:00': 13521.104200497508, '2025-07-24 12:00:00+00:00': 13478.854200497508, '2025-07-24 15:00:00+00:00': 13322.004041857446, '2025-07-24 19:00:00+00:00': 13394.504041857446, '2025-07-25 04:00:00+00:00': 13442.004041857446, '2025-07-25 05:00:00+00:00': 13516.328917931887, '2025-07-25 07:00:00+00:00': 13516.328917931887}]",213,COMPLETE
28,152.50649944295327,2025-08-01 18:31:50.259760,2025-08-01 18:31:50.931773,0 days 00:00:00.672013,0.02,0.1,0.065,4,0.2,72,0.01,0.04,2.0,0.25,0.45,0.65,1.3215859030837005,"[{'2025-05-31 02:00:00+00:00': 10000.0, '2025-05-31 03:00:00+00:00': 9927.930500927298, '2025-05-31 06:00:00+00:00': 10117.930500927298, '2025-06-01 02:00:00+00:00': 10383.844748940317, '2025-06-01 13:00:00+00:00': 10285.430500927298, '2025-06-01 14:00:00+00:00': 10197.930500927298, '2025-06-02 10:00:00+00:00': 10356.344748940317, '2025-06-02 23:00:00+00:00': 10341.641062656647, '2025-06-03 00:00:00+00:00': 10381.641062656647, '2025-06-03 02:00:00+00:00': 10428.844748940317, '2025-06-04 15:00:00+00:00': 10315.019593572018, '2025-06-04 16:00:00+00:00': 10322.31248324652, '2025-06-05 20:00:00+00:00': 10360.234600854094, '2025-06-05 21:00:00+00:00': 10562.043495261541, '2025-06-06 15:00:00+00:00': 10602.868754924419, '2025-06-07 14:00:00+00:00': 10640.368754924419, '2025-06-08 22:00:00+00:00': 10632.300007017855, '2025-06-09 01:00:00+00:00': 10677.300007017855, '2025-06-09 12:00:00+00:00': 10572.868754924419, '2025-06-09 22:00:00+00:00': 10597.868754924419, '2025-06-10 01:00:00+00:00': 10630.821401227902, '2025-06-10 12:00:00+00:00': 10796.394423966629, '2025-06-10 20:00:00+00:00': 10626.394423966629, '2025-06-10 23:00:00+00:00': 10736.394423966629, '2025-06-11 04:00:00+00:00': 10611.394423966629, '2025-06-11 16:00:00+00:00': 10726.394423966629, '2025-06-11 17:00:00+00:00': 10721.586487838378, '2025-06-11 23:00:00+00:00': 10736.586487838378, '2025-06-12 08:00:00+00:00': 10658.894423966629, '2025-06-12 21:00:00+00:00': 10826.586487838378, '2025-06-13 01:00:00+00:00': 10894.086487838378, '2025-06-13 02:00:00+00:00': 11014.086487838378, '2025-06-13 11:00:00+00:00': 10946.586487838378, '2025-06-14 17:00:00+00:00': 10924.086487838378, '2025-06-15 17:00:00+00:00': 10912.336487838378, '2025-06-16 02:00:00+00:00': 10979.086487838378, '2025-06-16 03:00:00+00:00': 10817.728381763947, '2025-06-16 06:00:00+00:00': 10850.228381763947, '2025-06-16 08:00:00+00:00': 10763.228381763947, '2025-06-16 10:00:00+00:00': 10808.228381763947, '2025-06-17 00:00:00+00:00': 10853.228381763947, '2025-06-17 16:00:00+00:00': 10818.228381763947, '2025-06-17 17:00:00+00:00': 10843.228381763947, '2025-06-18 05:00:00+00:00': 10790.728381763947, '2025-06-18 06:00:00+00:00': 10725.228381763947, '2025-06-18 21:00:00+00:00': 10733.228381763947, '2025-06-19 16:00:00+00:00': 10682.728381763947, '2025-06-20 07:00:00+00:00': 10707.728381763947, '2025-06-20 08:00:00+00:00': 10632.728381763947, '2025-06-20 15:00:00+00:00': 10622.978381763947, '2025-06-20 18:00:00+00:00': 10752.978381763947, '2025-06-21 10:00:00+00:00': 10759.228381763947, '2025-06-21 20:00:00+00:00': 10911.728381763947, '2025-06-21 22:00:00+00:00': 11215.478381763947, '2025-06-22 10:00:00+00:00': 11277.978381763947, '2025-06-22 14:00:00+00:00': 11455.85250674228, '2025-06-23 01:00:00+00:00': 11351.60250674228, '2025-06-23 02:00:00+00:00': 11385.85250674228, '2025-06-23 09:00:00+00:00': 11321.60250674228, '2025-06-23 14:00:00+00:00': 11264.10250674228, '2025-06-23 17:00:00+00:00': 11355.60250674228, '2025-06-23 18:00:00+00:00': 11328.60250674228, '2025-06-23 23:00:00+00:00': 11271.10250674228, '2025-06-24 02:00:00+00:00': 11253.60250674228, '2025-06-24 04:00:00+00:00': 11263.60250674228, '2025-06-24 09:00:00+00:00': 11236.10250674228, '2025-06-24 16:00:00+00:00': 11236.10250674228, '2025-06-24 17:00:00+00:00': 11223.60250674228, '2025-06-25 02:00:00+00:00': 11216.10250674228, '2025-06-25 04:00:00+00:00': 11206.10250674228, '2025-06-25 14:00:00+00:00': 11198.60250674228, '2025-06-26 01:00:00+00:00': 11191.10250674228, '2025-06-30 19:00:00+00:00': 11278.60250674228, '2025-07-01 04:00:00+00:00': 11327.3751065885, '2025-07-02 01:00:00+00:00': 11291.795538175604, '2025-07-02 14:00:00+00:00': 11309.00949504851, '2025-07-02 15:00:00+00:00': 11326.795538175604, '2025-07-02 18:00:00+00:00': 11534.377017288149, '2025-07-02 20:00:00+00:00': 11409.661691828169, '2025-07-02 23:00:00+00:00': 11489.661691828169, '2025-07-03 05:00:00+00:00': 11519.994770042516, '2025-07-03 09:00:00+00:00': 11529.444881701975, '2025-07-03 13:00:00+00:00': 11532.956327363403, '2025-07-03 15:00:00+00:00': 11526.675057241706, '2025-07-03 18:00:00+00:00': 11532.956327363403, '2025-07-03 20:00:00+00:00': 11538.086369926907, '2025-07-04 08:00:00+00:00': 11604.485533185696, '2025-07-04 20:00:00+00:00': 11512.944496561824, '2025-07-04 22:00:00+00:00': 11655.253734602675, '2025-07-05 00:00:00+00:00': 11702.035566735754, '2025-07-06 13:00:00+00:00': 11707.247862251641, '2025-07-06 18:00:00+00:00': 11542.788306893033, '2025-07-06 19:00:00+00:00': 11705.983084127238, '2025-07-06 21:00:00+00:00': 11712.287825237458, '2025-07-07 01:00:00+00:00': 11727.87015041257, '2025-07-07 07:00:00+00:00': 11750.165383908792, '2025-07-07 13:00:00+00:00': 11774.107638044157, '2025-07-07 14:00:00+00:00': 11719.057880520222, '2025-07-07 17:00:00+00:00': 11782.040924069852, '2025-07-07 18:00:00+00:00': 11783.862146657051, '2025-07-07 21:00:00+00:00': 11696.558868354216, '2025-07-08 03:00:00+00:00': 11852.52424066685, '2025-07-08 10:00:00+00:00': 11950.803283075897, '2025-07-08 16:00:00+00:00': 11983.303283075897, '2025-07-08 17:00:00+00:00': 11746.207690830368, '2025-07-08 18:00:00+00:00': 12022.523311383977, '2025-07-09 04:00:00+00:00': 12034.951595405997, '2025-07-09 05:00:00+00:00': 12031.22203522858, '2025-07-09 06:00:00+00:00': 12055.56271619404, '2025-07-09 12:00:00+00:00': 12061.598032665535, '2025-07-09 13:00:00+00:00': 12091.727782772829, '2025-07-09 15:00:00+00:00': 12098.768855952132, '2025-07-09 17:00:00+00:00': 11942.52424066685, '2025-07-09 20:00:00+00:00': 12047.060656517118, '2025-07-10 01:00:00+00:00': 12079.625227958953, '2025-07-10 06:00:00+00:00': 12078.367686296491, '2025-07-10 10:00:00+00:00': 12094.513539094427, '2025-07-10 17:00:00+00:00': 12084.172896868498, '2025-07-10 18:00:00+00:00': 12067.036789349586, '2025-07-10 19:00:00+00:00': 12135.533482299752, '2025-07-10 22:00:00+00:00': 12150.21157125284, '2025-07-11 01:00:00+00:00': 12170.592426537336, '2025-07-11 09:00:00+00:00': 12197.141229295143, '2025-07-11 10:00:00+00:00': 12190.8302488977, '2025-07-11 19:00:00+00:00': 12186.939466591944, '2025-07-11 23:00:00+00:00': 12200.735142722944, '2025-07-12 09:00:00+00:00': 12197.990034004792, '2025-07-12 16:00:00+00:00': 12224.294058802014, '2025-07-12 21:00:00+00:00': 12231.292398815796, '2025-07-13 17:00:00+00:00': 12242.687603232805, '2025-07-14 05:00:00+00:00': 12235.821059368162, '2025-07-14 09:00:00+00:00': 12208.367453846597, '2025-07-14 12:00:00+00:00': 12227.515856587612, '2025-07-14 16:00:00+00:00': 12248.806095565245, '2025-07-14 18:00:00+00:00': 12181.907498544884, '2025-07-14 19:00:00+00:00': 12271.31911105863, '2025-07-14 20:00:00+00:00': 12191.60960001942, '2025-07-15 04:00:00+00:00': 12302.015846337878, '2025-07-15 12:00:00+00:00': 12305.717902667902, '2025-07-15 15:00:00+00:00': 12281.392789871874, '2025-07-15 16:00:00+00:00': 12348.217902667902, '2025-07-15 17:00:00+00:00': 12336.729142800752, '2025-07-15 21:00:00+00:00': 12386.729142800752, '2025-07-16 00:00:00+00:00': 12366.269658749583, '2025-07-16 13:00:00+00:00': 12266.484651313007, '2025-07-16 15:00:00+00:00': 12304.088717597891, '2025-07-16 18:00:00+00:00': 12354.108141208313, '2025-07-17 06:00:00+00:00': 12313.219739853954, '2025-07-17 07:00:00+00:00': 12498.219739853954, '2025-07-17 09:00:00+00:00': 12500.59914005271, '2025-07-17 14:00:00+00:00': 12598.975807344452, '2025-07-17 17:00:00+00:00': 12622.348696308263, '2025-07-17 21:00:00+00:00': 12622.348696308263, '2025-07-17 22:00:00+00:00': 12703.848696308263, '2025-07-18 02:00:00+00:00': 12606.573370778853, '2025-07-18 09:00:00+00:00': 12623.00242818502, '2025-07-18 11:00:00+00:00': 12672.67667884756, '2025-07-18 17:00:00+00:00': 12714.818719128492, '2025-07-20 03:00:00+00:00': 12702.318719128492, '2025-07-20 06:00:00+00:00': 12627.239175177696, '2025-07-20 08:00:00+00:00': 12621.585434062086, '2025-07-20 11:00:00+00:00': 12537.386884301457, '2025-07-20 12:00:00+00:00': 12542.885411388459, '2025-07-20 14:00:00+00:00': 12514.979189249452, '2025-07-20 15:00:00+00:00': 12612.068508739974, '2025-07-20 21:00:00+00:00': 12649.068508739974, '2025-07-21 14:00:00+00:00': 12644.026394243421, '2025-07-22 04:00:00+00:00': 12670.8602034791, '2025-07-22 05:00:00+00:00': 12799.776394243421, '2025-07-23 09:00:00+00:00': 12811.609098109557, '2025-07-23 14:00:00+00:00': 12874.109098109557, '2025-07-23 17:00:00+00:00': 12963.86900710711, '2025-07-23 23:00:00+00:00': 12926.337026075407, '2025-07-24 01:00:00+00:00': 12952.337026075407, '2025-07-24 12:00:00+00:00': 12863.087026075407, '2025-07-24 15:00:00+00:00': 12699.976806097808, '2025-07-24 19:00:00+00:00': 12772.476806097808, '2025-07-25 03:00:00+00:00': 12812.476806097808, '2025-07-25 04:00:00+00:00': 12912.476806097808, '2025-07-25 07:00:00+00:00': 12925.251774265962}]",224,COMPLETE
