number,value,datetime_start,datetime_complete,duration,params_CONVERGENCE_THRESHOLD,params_DAILY_LOSS_LIMIT,params_FIXED_TRADE_PCT,params_MAX_CONCURRENT_POSITIONS,params_MAX_DRAWDOWN_LIMIT,params_MAX_HOLD_HOURS,params_MAX_POSITION_PCT,params_MIN_DIV,params_MIN_TIME_BETWEEN_TRADES,params_STOP_LOSS_PCT,params_TAKE_PROFIT_PCT,params_TRAIL_PCT,user_attrs_cooldown_trades_pct,user_attrs_equity_curves,user_attrs_total_trades,state
47,244.12275380775048,2025-08-01 18:32:02.892469,2025-08-01 18:32:03.563951,0 days 00:00:00.671482,0.02,0.1,0.055,4,0.15,96,0.01,0.05,2.0,0.25,0.55,0.65,0.9950248756218906,"[{'2025-05-31 02:00:00+00:00': 10000.0, '2025-05-31 06:00:00+00:00': 10327.5, '2025-06-01 14:00:00+00:00': 10407.5, '2025-06-03 02:00:00+00:00': 10448.406415047293, '2025-06-03 03:00:00+00:00': 10506.166142543867, '2025-06-03 14:00:00+00:00': 10434.8846594615, '2025-06-04 09:00:00+00:00': 10654.945285258511, '2025-06-05 13:00:00+00:00': 10610.05055880442, '2025-06-05 20:00:00+00:00': 10614.945285258511, '2025-06-05 21:00:00+00:00': 10857.55055880442, '2025-06-06 10:00:00+00:00': 10888.887962845749, '2025-06-08 22:00:00+00:00': 10906.387962845749, '2025-06-09 21:00:00+00:00': 10845.27690172145, '2025-06-09 22:00:00+00:00': 10946.387962845749, '2025-06-09 23:00:00+00:00': 11021.387962845749, '2025-06-10 02:00:00+00:00': 10928.561817666969, '2025-06-10 23:00:00+00:00': 11063.561817666969, '2025-06-11 06:00:00+00:00': 11088.561817666969, '2025-06-11 15:00:00+00:00': 11073.561817666969, '2025-06-11 16:00:00+00:00': 11161.061817666969, '2025-06-11 17:00:00+00:00': 11113.151318766286, '2025-06-12 08:00:00+00:00': 11225.651318766286, '2025-06-12 21:00:00+00:00': 11148.151318766286, '2025-06-13 02:00:00+00:00': 11358.151318766286, '2025-06-13 11:00:00+00:00': 11339.536162966144, '2025-06-13 17:00:00+00:00': 11323.786162966144, '2025-06-16 06:00:00+00:00': 11232.068016980156, '2025-06-17 02:00:00+00:00': 11368.151318766286, '2025-06-17 09:00:00+00:00': 11311.286162966144, '2025-06-17 16:00:00+00:00': 11292.068016980156, '2025-06-17 17:00:00+00:00': 11337.068016980156, '2025-06-18 21:00:00+00:00': 11209.568016980156, '2025-06-19 22:00:00+00:00': 11267.068016980156, '2025-06-20 02:00:00+00:00': 11317.068016980156, '2025-06-20 07:00:00+00:00': 11244.568016980156, '2025-06-20 08:00:00+00:00': 11159.568016980156, '2025-06-20 18:00:00+00:00': 11237.318016980156, '2025-06-21 10:00:00+00:00': 11243.568016980156, '2025-06-21 20:00:00+00:00': 11396.068016980156, '2025-06-21 22:00:00+00:00': 11699.818016980156, '2025-06-22 10:00:00+00:00': 11762.318016980156, '2025-06-22 14:00:00+00:00': 11989.337219462821, '2025-06-22 16:00:00+00:00': 11913.568016980156, '2025-06-23 01:00:00+00:00': 11880.04054852074, '2025-06-23 09:00:00+00:00': 11797.04054852074, '2025-06-23 14:00:00+00:00': 11820.04054852074, '2025-06-23 17:00:00+00:00': 11821.04054852074, '2025-06-23 18:00:00+00:00': 11754.04054852074, '2025-06-23 21:00:00+00:00': 11781.04054852074, '2025-06-23 23:00:00+00:00': 11716.04054852074, '2025-06-24 02:00:00+00:00': 11706.04054852074, '2025-06-24 04:00:00+00:00': 11746.04054852074, '2025-06-24 09:00:00+00:00': 11696.54054852074, '2025-06-24 16:00:00+00:00': 11706.04054852074, '2025-06-24 17:00:00+00:00': 11684.04054852074, '2025-06-25 02:00:00+00:00': 11676.54054852074, '2025-06-25 04:00:00+00:00': 11666.54054852074, '2025-06-25 14:00:00+00:00': 11659.04054852074, '2025-06-26 01:00:00+00:00': 11651.54054852074, '2025-06-30 19:00:00+00:00': 11739.04054852074, '2025-07-01 04:00:00+00:00': 11780.309671467541, '2025-07-02 01:00:00+00:00': 11750.203882810474, '2025-07-02 14:00:00+00:00': 11764.769538626011, '2025-07-02 15:00:00+00:00': 11782.07180317098, '2025-07-02 18:00:00+00:00': 11962.910110284405, '2025-07-02 20:00:00+00:00': 11852.2275003379, '2025-07-02 23:00:00+00:00': 11925.09333432381, '2025-07-03 05:00:00+00:00': 11950.782487711993, '2025-07-03 09:00:00+00:00': 11958.752315122656, '2025-07-03 13:00:00+00:00': 11961.713599167708, '2025-07-03 15:00:00+00:00': 11956.416361463942, '2025-07-03 18:00:00+00:00': 11992.820128205054, '2025-07-04 08:00:00+00:00': 12054.62568492741, '2025-07-04 20:00:00+00:00': 11944.83527327763, '2025-07-04 22:00:00+00:00': 12097.518853572543, '2025-07-05 00:00:00+00:00': 12177.789854022616, '2025-07-06 13:00:00+00:00': 12182.191898506475, '2025-07-06 19:00:00+00:00': 12181.123730067278, '2025-07-06 21:00:00+00:00': 12186.447991573023, '2025-07-07 01:00:00+00:00': 12186.447991573023, '2025-07-07 07:00:00+00:00': 12205.265713209137, '2025-07-07 13:00:00+00:00': 12225.470238289228, '2025-07-07 14:00:00+00:00': 12002.451309302698, '2025-07-07 17:00:00+00:00': 12232.164517789488, '2025-07-07 18:00:00+00:00': 12233.701305066716, '2025-07-08 03:00:00+00:00': 12289.919587284838, '2025-07-08 10:00:00+00:00': 12296.875759310687, '2025-07-08 16:00:00+00:00': 12324.870099100359, '2025-07-08 17:00:00+00:00': 12201.925678854828, '2025-07-08 18:00:00+00:00': 12357.797546196245, '2025-07-08 21:00:00+00:00': 12173.164135502857, '2025-07-09 04:00:00+00:00': 12436.427727611219, '2025-07-09 05:00:00+00:00': 12365.09649595462, '2025-07-09 10:00:00+00:00': 12446.154235569951, '2025-07-09 12:00:00+00:00': 12438.818537392131, '2025-07-09 13:00:00+00:00': 12471.571280282362, '2025-07-09 14:00:00+00:00': 12276.502052513017, '2025-07-09 15:00:00+00:00': 12477.503083552736, '2025-07-09 20:00:00+00:00': 12434.305031954329, '2025-07-09 21:00:00+00:00': 12445.227902670713, '2025-07-10 01:00:00+00:00': 12455.333789649187, '2025-07-10 06:00:00+00:00': 12454.28160295102, '2025-07-10 10:00:00+00:00': 12467.791098984588, '2025-07-10 17:00:00+00:00': 12459.140891954847, '2025-07-10 18:00:00+00:00': 12433.275975159493, '2025-07-10 19:00:00+00:00': 12502.179346443892, '2025-07-10 22:00:00+00:00': 12514.50591859924, '2025-07-11 01:00:00+00:00': 12531.61811204866, '2025-07-11 09:00:00+00:00': 12553.90267530423, '2025-07-11 10:00:00+00:00': 12548.605357637802, '2025-07-11 19:00:00+00:00': 12545.342687560302, '2025-07-11 23:00:00+00:00': 12549.232237421722, '2025-07-12 09:00:00+00:00': 12546.928865574228, '2025-07-12 16:00:00+00:00': 12569.000951957434, '2025-07-12 21:00:00+00:00': 12574.871204334493, '2025-07-13 17:00:00+00:00': 12584.42864180282, '2025-07-14 05:00:00+00:00': 12578.670417325071, '2025-07-14 09:00:00+00:00': 12555.648060454865, '2025-07-14 16:00:00+00:00': 12586.499288487534, '2025-07-14 19:00:00+00:00': 12605.371624531064, '2025-07-15 04:00:00+00:00': 12637.301586359989, '2025-07-15 12:00:00+00:00': 12640.401051561681, '2025-07-15 15:00:00+00:00': 12553.787029202786, '2025-07-15 16:00:00+00:00': 12682.901051561681, '2025-07-15 17:00:00+00:00': 12673.283765907, '2025-07-15 18:00:00+00:00': 12541.574179700296, '2025-07-15 21:00:00+00:00': 12723.283765907, '2025-07-16 00:00:00+00:00': 12701.338340375982, '2025-07-16 13:00:00+00:00': 12610.860221105559, '2025-07-16 15:00:00+00:00': 12642.354890618635, '2025-07-16 18:00:00+00:00': 12689.479822823458, '2025-07-17 06:00:00+00:00': 12659.17119022895, '2025-07-17 07:00:00+00:00': 12844.17119022895, '2025-07-17 09:00:00+00:00': 12846.166195805139, '2025-07-17 14:00:00+00:00': 12934.666125747754, '2025-07-17 17:00:00+00:00': 12954.263058701135, '2025-07-17 21:00:00+00:00': 12954.263058701135, '2025-07-17 22:00:00+00:00': 13028.435423837198, '2025-07-18 02:00:00+00:00': 12946.967998220352, '2025-07-18 09:00:00+00:00': 12959.508421562125, '2025-07-18 11:00:00+00:00': 13001.151359001557, '2025-07-18 17:00:00+00:00': 13038.484221675775, '2025-07-20 03:00:00+00:00': 13025.984221675775, '2025-07-20 06:00:00+00:00': 12954.162234121914, '2025-07-20 08:00:00+00:00': 12949.42760260662, '2025-07-20 11:00:00+00:00': 12878.919682053362, '2025-07-20 12:00:00+00:00': 12883.525650982265, '2025-07-20 14:00:00+00:00': 12860.149355828755, '2025-07-20 15:00:00+00:00': 12967.553293608114, '2025-07-20 21:00:00+00:00': 13004.553293608114, '2025-07-21 14:00:00+00:00': 13006.851211875079, '2025-07-22 09:00:00+00:00': 13029.357422821384, '2025-07-23 08:00:00+00:00': 12953.217107155728, '2025-07-23 10:00:00+00:00': 13199.101211875079, '2025-07-23 17:00:00+00:00': 13208.211081723604, '2025-07-24 04:00:00+00:00': 13225.711081723604, '2025-07-24 12:00:00+00:00': 13183.461081723604, '2025-07-24 15:00:00+00:00': 13026.600514962885, '2025-07-24 19:00:00+00:00': 13099.100514962885, '2025-07-25 04:00:00+00:00': 13146.600514962885, '2025-07-25 05:00:00+00:00': 13220.922597744286, '2025-07-25 07:00:00+00:00': 13220.922597744286}]",199,COMPLETE
48,124.29298634998791,2025-08-01 18:32:03.569732,2025-08-01 18:32:04.257751,0 days 00:00:00.688019,0.02,0.1,0.06,4,0.15,72,0.015,0.04,2.0,0.3,0.55,0.65,0.9803921568627451,"[{'2025-05-31 02:00:00+00:00': 10000.0, '2025-05-31 03:00:00+00:00': 9933.474308548275, '2025-05-31 06:00:00+00:00': 10123.474308548275, '2025-06-01 14:00:00+00:00': 10203.474308548275, '2025-06-03 02:00:00+00:00': 10276.278437548437, '2025-06-03 03:00:00+00:00': 10340.4659790718, '2025-06-03 09:00:00+00:00': 10208.474308548275, '2025-06-03 13:00:00+00:00': 10264.228777965309, '2025-06-04 16:00:00+00:00': 10395.991007069322, '2025-06-05 21:00:00+00:00': 10535.991007069322, '2025-06-06 02:00:00+00:00': 10602.0469026588, '2025-06-06 15:00:00+00:00': 10590.991007069322, '2025-06-06 22:00:00+00:00': 10579.5469026588, '2025-06-07 19:00:00+00:00': 10534.5469026588, '2025-06-08 22:00:00+00:00': 10476.779430157805, '2025-06-09 06:00:00+00:00': 10506.211322017774, '2025-06-09 16:00:00+00:00': 10488.711322017774, '2025-06-09 22:00:00+00:00': 10471.211322017774, '2025-06-09 23:00:00+00:00': 10773.708629214332, '2025-06-10 00:00:00+00:00': 10826.208629214332, '2025-06-10 02:00:00+00:00': 10603.708629214332, '2025-06-10 12:00:00+00:00': 10783.708629214332, '2025-06-10 22:00:00+00:00': 10778.699040592532, '2025-06-11 00:00:00+00:00': 10893.699040592532, '2025-06-11 15:00:00+00:00': 10756.199040592532, '2025-06-12 21:00:00+00:00': 11106.199040592532, '2025-06-13 01:00:00+00:00': 11162.449040592532, '2025-06-13 02:00:00+00:00': 11127.449040592532, '2025-06-13 14:00:00+00:00': 11087.330781041728, '2025-06-14 17:00:00+00:00': 11064.830781041728, '2025-06-16 02:00:00+00:00': 11127.449040592532, '2025-06-16 03:00:00+00:00': 10931.330781041728, '2025-06-16 09:00:00+00:00': 10963.830781041728, '2025-06-16 14:00:00+00:00': 10876.330781041728, '2025-06-17 12:00:00+00:00': 10796.330781041728, '2025-06-17 16:00:00+00:00': 10936.330781041728, '2025-06-18 05:00:00+00:00': 10779.830781041728, '2025-06-19 16:00:00+00:00': 10727.330781041728, '2025-06-20 02:00:00+00:00': 10757.330781041728, '2025-06-20 08:00:00+00:00': 10798.830781041728, '2025-06-20 10:00:00+00:00': 10886.330781041728, '2025-06-20 18:00:00+00:00': 10850.080781041728, '2025-06-21 10:00:00+00:00': 10856.330781041728, '2025-06-21 20:00:00+00:00': 11008.830781041728, '2025-06-21 22:00:00+00:00': 11312.580781041728, '2025-06-22 10:00:00+00:00': 11375.080781041728, '2025-06-22 14:00:00+00:00': 11577.047700818865, '2025-06-22 16:00:00+00:00': 11526.330781041728, '2025-06-23 01:00:00+00:00': 11456.39685420748, '2025-06-23 03:00:00+00:00': 11542.297700818865, '2025-06-23 09:00:00+00:00': 11373.39685420748, '2025-06-23 14:00:00+00:00': 11396.39685420748, '2025-06-23 17:00:00+00:00': 11397.39685420748, '2025-06-23 18:00:00+00:00': 11300.39685420748, '2025-06-23 23:00:00+00:00': 11327.39685420748, '2025-06-24 02:00:00+00:00': 11280.64685420748, '2025-06-24 06:00:00+00:00': 11290.64685420748, '2025-06-24 09:00:00+00:00': 11250.64685420748, '2025-06-24 17:00:00+00:00': 11250.64685420748, '2025-06-25 05:00:00+00:00': 11238.89685420748, '2025-06-25 14:00:00+00:00': 11226.39685420748, '2025-06-26 02:00:00+00:00': 11213.89685420748, '2025-06-30 19:00:00+00:00': 11301.39685420748, '2025-07-01 04:00:00+00:00': 11346.41771560399, '2025-07-02 14:00:00+00:00': 11329.46484341323, '2025-07-02 15:00:00+00:00': 11416.652812451413, '2025-07-02 18:00:00+00:00': 11507.568204497291, '2025-07-02 20:00:00+00:00': 11466.163863640548, '2025-07-02 23:00:00+00:00': 11381.88780842177, '2025-07-03 05:00:00+00:00': 11511.846285570791, '2025-07-03 09:00:00+00:00': 11520.526700149305, '2025-07-03 13:00:00+00:00': 11523.752077625973, '2025-07-03 15:00:00+00:00': 11517.98247363736, '2025-07-03 18:00:00+00:00': 11519.962401341501, '2025-07-03 20:00:00+00:00': 11524.674156770496, '2025-07-04 08:00:00+00:00': 11585.658923257168, '2025-07-04 22:00:00+00:00': 11632.26609158659, '2025-07-05 00:00:00+00:00': 11637.306094786387, '2025-07-06 01:00:00+00:00': 11505.369550918866, '2025-07-06 13:00:00+00:00': 11642.102584621223, '2025-07-06 18:00:00+00:00': 11528.992712952575, '2025-07-06 19:00:00+00:00': 11640.938702911422, '2025-07-06 21:00:00+00:00': 11710.221499244213, '2025-07-07 01:00:00+00:00': 11724.54648916803, '2025-07-07 07:00:00+00:00': 11741.404104753252, '2025-07-07 13:00:00+00:00': 11763.412045734547, '2025-07-07 14:00:00+00:00': 11716.445410457702, '2025-07-07 17:00:00+00:00': 11770.702758269876, '2025-07-07 18:00:00+00:00': 11772.376467033571, '2025-07-08 03:00:00+00:00': 11833.607933159743, '2025-07-08 10:00:00+00:00': 11841.18529091001, '2025-07-08 16:00:00+00:00': 11871.681356755083, '2025-07-08 17:00:00+00:00': 11741.404104753252, '2025-07-08 18:00:00+00:00': 11907.564789251495, '2025-07-09 02:00:00+00:00': 11704.425162484718, '2025-07-09 05:00:00+00:00': 11915.521232587089, '2025-07-09 06:00:00+00:00': 11995.540839812644, '2025-07-09 12:00:00+00:00': 12001.091123009199, '2025-07-09 13:00:00+00:00': 12028.798270882997, '2025-07-09 14:00:00+00:00': 11818.993909154353, '2025-07-09 15:00:00+00:00': 12035.268239286917, '2025-07-09 20:00:00+00:00': 11988.148667629646, '2025-07-09 21:00:00+00:00': 11996.723969258786, '2025-07-10 01:00:00+00:00': 12008.208686579897, '2025-07-10 06:00:00+00:00': 12007.061505129846, '2025-07-10 10:00:00+00:00': 12021.790550150043, '2025-07-10 17:00:00+00:00': 12012.358382073326, '2025-07-10 18:00:00+00:00': 11976.583344632512, '2025-07-10 19:00:00+00:00': 12059.274711121, '2025-07-10 22:00:00+00:00': 12072.710659374081, '2025-07-11 01:00:00+00:00': 12091.364851667175, '2025-07-11 09:00:00+00:00': 12115.660972816318, '2025-07-11 10:00:00+00:00': 12109.885482836416, '2025-07-11 20:00:00+00:00': 12103.99296769287, '2025-07-11 23:00:00+00:00': 12136.263262174174, '2025-07-12 09:00:00+00:00': 12122.360592291705, '2025-07-12 16:00:00+00:00': 12146.486689158382, '2025-07-12 21:00:00+00:00': 12152.90440057247, '2025-07-13 14:00:00+00:00': 12124.878362396981, '2025-07-13 17:00:00+00:00': 12143.342817746054, '2025-07-14 05:00:00+00:00': 12137.053315838619, '2025-07-14 09:00:00+00:00': 12111.906821809367, '2025-07-14 12:00:00+00:00': 12129.447537119588, '2025-07-14 16:00:00+00:00': 12148.952792650512, '2025-07-14 18:00:00+00:00': 12099.388819906862, '2025-07-14 19:00:00+00:00': 12169.573019972813, '2025-07-15 04:00:00+00:00': 12213.67667269026, '2025-07-15 12:00:00+00:00': 12217.063203551465, '2025-07-15 15:00:00+00:00': 12178.798634219402, '2025-07-15 16:00:00+00:00': 12259.563203551465, '2025-07-15 17:00:00+00:00': 12249.05425213039, '2025-07-15 18:00:00+00:00': 12132.90440057247, '2025-07-15 21:00:00+00:00': 12299.05425213039, '2025-07-16 00:00:00+00:00': 12276.712635267904, '2025-07-16 13:00:00+00:00': 12181.82923462537, '2025-07-16 15:00:00+00:00': 12216.215699044886, '2025-07-16 18:00:00+00:00': 12281.026915370941, '2025-07-16 19:00:00+00:00': 12262.173522602692, '2025-07-17 06:00:00+00:00': 12226.938965776664, '2025-07-17 07:00:00+00:00': 12411.938965776664, '2025-07-17 09:00:00+00:00': 12414.115648654728, '2025-07-17 14:00:00+00:00': 12507.28361321566, '2025-07-17 17:00:00+00:00': 12528.66549651415, '2025-07-17 21:00:00+00:00': 12528.66549651415, '2025-07-17 22:00:00+00:00': 12609.639799328768, '2025-07-18 02:00:00+00:00': 12520.701446354253, '2025-07-18 09:00:00+00:00': 12535.079666163383, '2025-07-18 11:00:00+00:00': 12580.518885437112, '2025-07-18 17:00:00+00:00': 12620.124670157878, '2025-07-20 03:00:00+00:00': 12607.624670157878, '2025-07-20 06:00:00+00:00': 12534.262997856578, '2025-07-20 08:00:00+00:00': 12529.093983828492, '2025-07-20 11:00:00+00:00': 12450.272946632758, '2025-07-20 14:00:00+00:00': 12429.783996585147, '2025-07-20 15:00:00+00:00': 12545.418807642283, '2025-07-20 21:00:00+00:00': 12582.418807642283, '2025-07-21 14:00:00+00:00': 12584.925157848425, '2025-07-22 09:00:00+00:00': 12609.472946441723, '2025-07-23 08:00:00+00:00': 12529.783996585147, '2025-07-23 10:00:00+00:00': 12777.175157848425, '2025-07-23 17:00:00+00:00': 12787.11158526909, '2025-07-24 04:00:00+00:00': 12804.61158526909, '2025-07-24 12:00:00+00:00': 12762.36158526909, '2025-07-24 15:00:00+00:00': 12602.586662843356, '2025-07-25 04:00:00+00:00': 12810.086662843356, '2025-07-25 05:00:00+00:00': 12800.857611132526, '2025-07-25 07:00:00+00:00': 12800.857611132526}]",202,COMPLETE
