number,value,datetime_start,datetime_complete,duration,params_CONVERGENCE_THRESHOLD,params_DAILY_LOSS_LIMIT,params_FIXED_TRADE_PCT,params_MAX_CONCURRENT_POSITIONS,params_MAX_DRAWDOWN_LIMIT,params_MAX_HOLD_HOURS,params_MAX_POSITION_PCT,params_MIN_DIV,params_MIN_TIME_BETWEEN_TRADES,params_STOP_LOSS_PCT,params_TAKE_PROFIT_PCT,params_TRAIL_PCT,user_attrs_cooldown_trades_pct,user_attrs_equity_curves,user_attrs_total_trades,state
25,266.27476691546985,2025-08-01 18:31:48.186329,2025-08-01 18:31:48.849692,0 days 00:00:00.663363,0.03,0.05,0.055,4,0.15,72,0.01,0.05,2.0,0.25,0.55,0.6,1.2552301255230125,"[{'2025-05-31 02:00:00+00:00': 10000.0, '2025-05-31 06:00:00+00:00': 10327.5, '2025-06-01 13:00:00+00:00': 10412.5, '2025-06-03 02:00:00+00:00': 10480.906415047293, '2025-06-03 09:00:00+00:00': 10417.5, '2025-06-03 13:00:00+00:00': 10469.638285392466, '2025-06-04 09:00:00+00:00': 10655.042230949415, '2025-06-04 14:00:00+00:00': 10522.138285392466, '2025-06-04 17:00:00+00:00': 10664.81309215625, '2025-06-05 20:00:00+00:00': 10609.81309215625, '2025-06-05 21:00:00+00:00': 10704.81309215625, '2025-06-06 10:00:00+00:00': 10758.304610321218, '2025-06-07 23:00:00+00:00': 10775.804610321218, '2025-06-08 21:00:00+00:00': 10709.722443266579, '2025-06-09 03:00:00+00:00': 10763.304610321218, '2025-06-09 11:00:00+00:00': 10763.304610321218, '2025-06-09 12:00:00+00:00': 10751.541887854291, '2025-06-09 23:00:00+00:00': 11046.541887854291, '2025-06-10 00:00:00+00:00': 10959.041887854291, '2025-06-10 01:00:00+00:00': 11036.541887854291, '2025-06-10 02:00:00+00:00': 10904.041887854291, '2025-06-10 23:00:00+00:00': 11171.541887854291, '2025-06-11 06:00:00+00:00': 11196.541887854291, '2025-06-11 15:00:00+00:00': 11181.541887854291, '2025-06-11 16:00:00+00:00': 11269.041887854291, '2025-06-11 17:00:00+00:00': 11221.520330184065, '2025-06-12 08:00:00+00:00': 11334.020330184065, '2025-06-12 21:00:00+00:00': 11256.520330184065, '2025-06-13 02:00:00+00:00': 11466.520330184065, '2025-06-13 11:00:00+00:00': 11445.132154941006, '2025-06-13 17:00:00+00:00': 11429.382154941006, '2025-06-16 02:00:00+00:00': 11474.020330184065, '2025-06-16 06:00:00+00:00': 11384.646709377252, '2025-06-16 08:00:00+00:00': 11339.646709377252, '2025-06-16 09:00:00+00:00': 11464.382154941006, '2025-06-17 00:00:00+00:00': 11419.646709377252, '2025-06-17 15:00:00+00:00': 11449.646709377252, '2025-06-17 16:00:00+00:00': 11414.646709377252, '2025-06-17 17:00:00+00:00': 11474.646709377252, '2025-06-18 05:00:00+00:00': 11360.896709377252, '2025-06-18 06:00:00+00:00': 11392.146709377252, '2025-06-19 07:00:00+00:00': 11377.146709377252, '2025-06-20 02:00:00+00:00': 11305.896709377252, '2025-06-20 08:00:00+00:00': 11305.896709377252, '2025-06-20 11:00:00+00:00': 11220.896709377252, '2025-06-20 15:00:00+00:00': 11283.396709377252, '2025-06-20 18:00:00+00:00': 11428.646709377252, '2025-06-21 10:00:00+00:00': 11434.896709377252, '2025-06-21 20:00:00+00:00': 11587.396709377252, '2025-06-21 22:00:00+00:00': 11891.146709377252, '2025-06-22 10:00:00+00:00': 11953.646709377252, '2025-06-22 14:00:00+00:00': 12181.785662352338, '2025-06-22 16:00:00+00:00': 12104.896709377252, '2025-06-23 01:00:00+00:00': 12071.299062155369, '2025-06-23 09:00:00+00:00': 11988.299062155369, '2025-06-23 14:00:00+00:00': 12011.299062155369, '2025-06-23 17:00:00+00:00': 12012.299062155369, '2025-06-23 18:00:00+00:00': 11945.299062155369, '2025-06-23 21:00:00+00:00': 11972.299062155369, '2025-06-23 23:00:00+00:00': 11907.299062155369, '2025-06-24 02:00:00+00:00': 11897.299062155369, '2025-06-24 04:00:00+00:00': 11937.299062155369, '2025-06-24 09:00:00+00:00': 11887.799062155369, '2025-06-24 16:00:00+00:00': 11897.299062155369, '2025-06-24 17:00:00+00:00': 11875.299062155369, '2025-06-25 02:00:00+00:00': 11867.799062155369, '2025-06-25 04:00:00+00:00': 11857.799062155369, '2025-06-25 14:00:00+00:00': 11850.299062155369, '2025-06-26 01:00:00+00:00': 11842.799062155369, '2025-06-30 19:00:00+00:00': 11930.299062155369, '2025-07-01 04:00:00+00:00': 11967.451546685328, '2025-07-01 07:00:00+00:00': 11951.911413843798, '2025-07-01 09:00:00+00:00': 12004.332704490153, '2025-07-01 18:00:00+00:00': 11999.44734626583, '2025-07-02 14:00:00+00:00': 12063.123484234166, '2025-07-02 15:00:00+00:00': 11967.451546685328, '2025-07-02 17:00:00+00:00': 12175.650597739499, '2025-07-02 20:00:00+00:00': 12140.924458799534, '2025-07-03 05:00:00+00:00': 12209.56197640718, '2025-07-03 13:00:00+00:00': 12227.925896902012, '2025-07-03 14:00:00+00:00': 12219.448021099906, '2025-07-03 17:00:00+00:00': 12262.830949828278, '2025-07-04 03:00:00+00:00': 12236.557384227104, '2025-07-04 08:00:00+00:00': 12254.689349072989, '2025-07-04 17:00:00+00:00': 12305.046870542268, '2025-07-04 20:00:00+00:00': 12225.75880829235, '2025-07-04 22:00:00+00:00': 12336.469393621152, '2025-07-05 00:00:00+00:00': 12372.400684722099, '2025-07-05 06:00:00+00:00': 12375.741808452021, '2025-07-05 19:00:00+00:00': 12389.904618419541, '2025-07-05 21:00:00+00:00': 12389.904618419541, '2025-07-06 06:00:00+00:00': 12393.24346765036, '2025-07-06 11:00:00+00:00': 12400.642093099283, '2025-07-06 13:00:00+00:00': 12376.812299037736, '2025-07-06 19:00:00+00:00': 12416.397263017316, '2025-07-06 21:00:00+00:00': 12405.990075917336, '2025-07-07 01:00:00+00:00': 12423.876514649759, '2025-07-07 07:00:00+00:00': 12447.98663189614, '2025-07-07 09:00:00+00:00': 12339.681964218442, '2025-07-07 11:00:00+00:00': 12461.575724076527, '2025-07-07 12:00:00+00:00': 12461.575724076527, '2025-07-07 13:00:00+00:00': 12444.628047195525, '2025-07-07 14:00:00+00:00': 12465.491797649122, '2025-07-07 18:00:00+00:00': 12466.596874436314, '2025-07-07 22:00:00+00:00': 12367.764910114027, '2025-07-08 03:00:00+00:00': 12601.639823516574, '2025-07-08 09:00:00+00:00': 12601.525944880828, '2025-07-08 14:00:00+00:00': 12492.322454650995, '2025-07-08 16:00:00+00:00': 12629.915428155002, '2025-07-08 17:00:00+00:00': 12597.247362762528, '2025-07-09 01:00:00+00:00': 12640.354660977864, '2025-07-09 04:00:00+00:00': 12650.88066305652, '2025-07-09 05:00:00+00:00': 12647.719793934286, '2025-07-09 08:00:00+00:00': 12655.522215162408, '2025-07-09 12:00:00+00:00': 12660.62650131985, '2025-07-09 13:00:00+00:00': 12686.117152880453, '2025-07-09 15:00:00+00:00': 12692.042469228183, '2025-07-09 19:00:00+00:00': 12594.340973786164, '2025-07-09 20:00:00+00:00': 12648.8916583096, '2025-07-09 23:00:00+00:00': 12658.06632396421, '2025-07-10 01:00:00+00:00': 12668.250640660886, '2025-07-10 03:00:00+00:00': 12671.993814693313, '2025-07-10 06:00:00+00:00': 12670.933095579046, '2025-07-10 07:00:00+00:00': 12675.27732940843, '2025-07-10 10:00:00+00:00': 12688.901840404871, '2025-07-10 16:00:00+00:00': 12693.263766286685, '2025-07-10 17:00:00+00:00': 12698.138525961407, '2025-07-10 19:00:00+00:00': 12705.801435638581, '2025-07-10 22:00:00+00:00': 12718.13470617035, '2025-07-11 01:00:00+00:00': 12735.256198548268, '2025-07-11 06:00:00+00:00': 12749.419929064758, '2025-07-11 08:00:00+00:00': 12752.515730187131, '2025-07-11 19:00:00+00:00': 12743.955043078802, '2025-07-11 23:00:00+00:00': 12742.415532656458, '2025-07-12 05:00:00+00:00': 12747.02265272962, '2025-07-12 13:00:00+00:00': 12759.070584608184, '2025-07-12 21:00:00+00:00': 12764.939643245723, '2025-07-13 17:00:00+00:00': 12774.495137170557, '2025-07-14 02:00:00+00:00': 12775.743397011209, '2025-07-14 03:00:00+00:00': 12774.697139048436, '2025-07-14 05:00:00+00:00': 12806.240954126335, '2025-07-14 08:00:00+00:00': 12811.736285719968, '2025-07-14 11:00:00+00:00': 12734.756849259724, '2025-07-14 16:00:00+00:00': 12839.853946256198, '2025-07-14 19:00:00+00:00': 12858.798164620086, '2025-07-15 04:00:00+00:00': 12890.84974360016, '2025-07-15 12:00:00+00:00': 12893.961014269393, '2025-07-15 13:00:00+00:00': 12829.168678589216, '2025-07-15 16:00:00+00:00': 12936.461014269393, '2025-07-15 17:00:00+00:00': 12926.799444498884, '2025-07-15 18:00:00+00:00': 12821.9081817406, '2025-07-15 21:00:00+00:00': 12976.799444498884, '2025-07-16 00:00:00+00:00': 12954.742580845745, '2025-07-16 06:00:00+00:00': 12940.902859401012, '2025-07-16 13:00:00+00:00': 12930.832940564069, '2025-07-16 14:00:00+00:00': 12951.981504534513, '2025-07-16 18:00:00+00:00': 13009.837360360336, '2025-07-17 02:00:00+00:00': 13049.192213742463, '2025-07-17 06:00:00+00:00': 12979.192213742463, '2025-07-17 07:00:00+00:00': 12964.192213742463, '2025-07-17 08:00:00+00:00': 12965.652019670453, '2025-07-17 14:00:00+00:00': 13053.794017031743, '2025-07-17 17:00:00+00:00': 13073.25453744117, '2025-07-17 21:00:00+00:00': 13073.25453744117, '2025-07-17 22:00:00+00:00': 13146.91058742215, '2025-07-18 02:00:00+00:00': 13066.010258006356, '2025-07-18 05:00:00+00:00': 13099.84182472274, '2025-07-18 08:00:00+00:00': 13130.09182472274, '2025-07-18 09:00:00+00:00': 13092.34182472274, '2025-07-18 11:00:00+00:00': 13171.636141506362, '2025-07-18 17:00:00+00:00': 13208.910193891174, '2025-07-18 21:00:00+00:00': 13231.922913132368, '2025-07-20 03:00:00+00:00': 13196.410193891174, '2025-07-20 04:00:00+00:00': 13131.922913132368, '2025-07-20 05:00:00+00:00': 13196.922913132368, '2025-07-20 08:00:00+00:00': 13112.067540091683, '2025-07-20 11:00:00+00:00': 13107.475746681059, '2025-07-20 14:00:00+00:00': 13075.50947574098, '2025-07-20 15:00:00+00:00': 13183.198203935242, '2025-07-20 18:00:00+00:00': 13219.198203935242, '2025-07-20 21:00:00+00:00': 13221.821844557442, '2025-07-21 02:00:00+00:00': 13260.917048404608, '2025-07-21 03:00:00+00:00': 13241.688929609863, '2025-07-21 10:00:00+00:00': 13268.142302715674, '2025-07-21 14:00:00+00:00': 13291.39311017771, '2025-07-22 09:00:00+00:00': 13295.232286793578, '2025-07-23 08:00:00+00:00': 13168.838657897595, '2025-07-23 10:00:00+00:00': 13483.64311017771, '2025-07-23 11:00:00+00:00': 13493.419984549413, '2025-07-23 15:00:00+00:00': 13470.550109210179, '2025-07-24 01:00:00+00:00': 13513.419984549413, '2025-07-24 12:00:00+00:00': 13473.050109210179, '2025-07-24 15:00:00+00:00': 13315.933871542054, '2025-07-24 19:00:00+00:00': 13388.433871542054, '2025-07-25 04:00:00+00:00': 13435.933871542054, '2025-07-25 05:00:00+00:00': 13510.187338308104, '2025-07-25 07:00:00+00:00': 13510.187338308104}]",236,COMPLETE
26,289.89960688347855,2025-08-01 18:31:48.855407,2025-08-01 18:31:49.528670,0 days 00:00:00.673263,0.02,0.1,0.055,4,0.15,72,0.01,0.05,2.0,0.25,0.55,0.65,1.3888888888888888,"[{'2025-05-31 02:00:00+00:00': 10000.0, '2025-05-31 06:00:00+00:00': 10327.5, '2025-06-01 14:00:00+00:00': 10407.5, '2025-06-03 02:00:00+00:00': 10475.906415047293, '2025-06-03 03:00:00+00:00': 10535.919768474832, '2025-06-03 09:00:00+00:00': 10412.5, '2025-06-03 13:00:00+00:00': 10464.638285392466, '2025-06-04 09:00:00+00:00': 10642.542105772716, '2025-06-05 13:00:00+00:00': 10637.637992968188, '2025-06-05 20:00:00+00:00': 10652.198911189476, '2025-06-05 21:00:00+00:00': 10885.137992968188, '2025-06-06 10:00:00+00:00': 10933.826770400125, '2025-06-08 21:00:00+00:00': 10890.060435085177, '2025-06-08 22:00:00+00:00': 10951.326770400125, '2025-06-09 03:00:00+00:00': 10938.826770400125, '2025-06-09 11:00:00+00:00': 10938.826770400125, '2025-06-09 22:00:00+00:00': 11104.005200718531, '2025-06-10 00:00:00+00:00': 11113.826770400125, '2025-06-10 01:00:00+00:00': 11132.673922060927, '2025-06-10 02:00:00+00:00': 11091.326770400125, '2025-06-10 20:00:00+00:00': 11128.803022515456, '2025-06-10 23:00:00+00:00': 11341.303022515456, '2025-06-11 00:00:00+00:00': 11251.303022515456, '2025-06-11 04:00:00+00:00': 11113.803022515456, '2025-06-11 16:00:00+00:00': 11306.303022515456, '2025-06-11 17:00:00+00:00': 11259.527513781928, '2025-06-12 03:00:00+00:00': 11277.027513781928, '2025-06-12 08:00:00+00:00': 11238.803022515456, '2025-06-12 21:00:00+00:00': 11326.672286728626, '2025-06-13 01:00:00+00:00': 11379.172286728626, '2025-06-13 02:00:00+00:00': 11589.172286728626, '2025-06-13 11:00:00+00:00': 11567.47510830827, '2025-06-13 17:00:00+00:00': 11551.72510830827, '2025-06-16 02:00:00+00:00': 11596.672286728626, '2025-06-16 06:00:00+00:00': 11506.404183514775, '2025-06-16 08:00:00+00:00': 11461.404183514775, '2025-06-16 09:00:00+00:00': 11586.72510830827, '2025-06-17 00:00:00+00:00': 11541.404183514775, '2025-06-17 15:00:00+00:00': 11571.404183514775, '2025-06-17 16:00:00+00:00': 11536.404183514775, '2025-06-17 17:00:00+00:00': 11596.404183514775, '2025-06-18 05:00:00+00:00': 11482.654183514775, '2025-06-18 06:00:00+00:00': 11513.904183514775, '2025-06-19 07:00:00+00:00': 11498.904183514775, '2025-06-20 02:00:00+00:00': 11427.654183514775, '2025-06-20 08:00:00+00:00': 11427.654183514775, '2025-06-20 11:00:00+00:00': 11342.654183514775, '2025-06-20 15:00:00+00:00': 11405.154183514775, '2025-06-20 18:00:00+00:00': 11550.404183514775, '2025-06-21 10:00:00+00:00': 11556.654183514775, '2025-06-21 20:00:00+00:00': 11709.154183514775, '2025-06-21 22:00:00+00:00': 12012.904183514775, '2025-06-22 10:00:00+00:00': 12075.404183514775, '2025-06-22 14:00:00+00:00': 12304.32746035344, '2025-06-22 16:00:00+00:00': 12226.654183514775, '2025-06-23 01:00:00+00:00': 12193.007379915209, '2025-06-23 09:00:00+00:00': 12110.007379915209, '2025-06-23 14:00:00+00:00': 12133.007379915209, '2025-06-23 17:00:00+00:00': 12134.007379915209, '2025-06-23 18:00:00+00:00': 12067.007379915209, '2025-06-23 21:00:00+00:00': 12094.007379915209, '2025-06-23 23:00:00+00:00': 12029.007379915209, '2025-06-24 02:00:00+00:00': 12019.007379915209, '2025-06-24 04:00:00+00:00': 12059.007379915209, '2025-06-24 09:00:00+00:00': 12009.507379915209, '2025-06-24 16:00:00+00:00': 12019.007379915209, '2025-06-24 17:00:00+00:00': 11997.007379915209, '2025-06-25 02:00:00+00:00': 11989.507379915209, '2025-06-25 04:00:00+00:00': 11979.507379915209, '2025-06-25 14:00:00+00:00': 11972.007379915209, '2025-06-26 01:00:00+00:00': 11964.507379915209, '2025-06-30 19:00:00+00:00': 12052.007379915209, '2025-07-01 04:00:00+00:00': 12093.27650286201, '2025-07-02 01:00:00+00:00': 12063.170714204944, '2025-07-02 14:00:00+00:00': 12077.73637002048, '2025-07-02 15:00:00+00:00': 12095.03863456545, '2025-07-02 18:00:00+00:00': 12275.876941678875, '2025-07-02 20:00:00+00:00': 12165.19433173237, '2025-07-02 23:00:00+00:00': 12238.06016571828, '2025-07-03 05:00:00+00:00': 12263.749319106462, '2025-07-03 09:00:00+00:00': 12271.719146517125, '2025-07-03 13:00:00+00:00': 12274.680430562177, '2025-07-03 15:00:00+00:00': 12269.383192858411, '2025-07-03 18:00:00+00:00': 12305.786959599523, '2025-07-04 08:00:00+00:00': 12336.735166029566, '2025-07-04 20:00:00+00:00': 12257.802104672099, '2025-07-04 22:00:00+00:00': 12379.628334674699, '2025-07-05 00:00:00+00:00': 12419.167260239217, '2025-07-06 13:00:00+00:00': 12423.569304723076, '2025-07-06 19:00:00+00:00': 12422.50113628388, '2025-07-06 21:00:00+00:00': 12427.825397789624, '2025-07-07 01:00:00+00:00': 12446.40996590817, '2025-07-07 07:00:00+00:00': 12465.227687544284, '2025-07-07 13:00:00+00:00': 12485.432212624375, '2025-07-07 14:00:00+00:00': 12438.972024148858, '2025-07-07 17:00:00+00:00': 12492.127459195897, '2025-07-07 18:00:00+00:00': 12493.664468481007, '2025-07-07 21:00:00+00:00': 12414.541541719458, '2025-07-08 03:00:00+00:00': 12549.890872123571, '2025-07-08 10:00:00+00:00': 12652.822475810746, '2025-07-08 16:00:00+00:00': 12680.91383747791, '2025-07-08 17:00:00+00:00': 12461.887653189975, '2025-07-08 18:00:00+00:00': 12713.955236228901, '2025-07-09 04:00:00+00:00': 12724.419685178638, '2025-07-09 05:00:00+00:00': 12721.27944538267, '2025-07-09 10:00:00+00:00': 12734.11071163103, '2025-07-09 12:00:00+00:00': 12726.801773480809, '2025-07-09 13:00:00+00:00': 12759.435037040997, '2025-07-09 14:00:00+00:00': 12536.471399023318, '2025-07-09 15:00:00+00:00': 12765.345291066027, '2025-07-09 19:00:00+00:00': 12645.842195308856, '2025-07-09 20:00:00+00:00': 12722.304170736215, '2025-07-10 01:00:00+00:00': 12749.230018228125, '2025-07-10 06:00:00+00:00': 12748.173314432965, '2025-07-10 10:00:00+00:00': 12761.740807496932, '2025-07-10 17:00:00+00:00': 12753.053464639266, '2025-07-10 18:00:00+00:00': 12739.08074610539, '2025-07-10 19:00:00+00:00': 12796.200145892708, '2025-07-10 22:00:00+00:00': 12808.520862678732, '2025-07-11 01:00:00+00:00': 12825.624927492605, '2025-07-11 09:00:00+00:00': 12847.898905133097, '2025-07-11 10:00:00+00:00': 12842.604103798943, '2025-07-11 19:00:00+00:00': 12839.342983555254, '2025-07-11 23:00:00+00:00': 12850.915270442632, '2025-07-12 09:00:00+00:00': 12848.612992743023, '2025-07-12 16:00:00+00:00': 12870.67459444193, '2025-07-12 21:00:00+00:00': 12876.54205833122, '2025-07-13 17:00:00+00:00': 12886.094955824812, '2025-07-14 05:00:00+00:00': 12880.339466619329, '2025-07-14 09:00:00+00:00': 12857.328045830986, '2025-07-14 16:00:00+00:00': 12888.164618910765, '2025-07-14 18:00:00+00:00': 12835.122818349944, '2025-07-14 19:00:00+00:00': 12907.027990215669, '2025-07-14 20:00:00+00:00': 12843.260850452418, '2025-07-15 04:00:00+00:00': 12932.739825878121, '2025-07-15 12:00:00+00:00': 12935.838926227188, '2025-07-15 15:00:00+00:00': 12915.466544143279, '2025-07-15 16:00:00+00:00': 12978.338926227188, '2025-07-15 17:00:00+00:00': 12968.722772486386, '2025-07-15 21:00:00+00:00': 13018.722772486386, '2025-07-16 00:00:00+00:00': 12996.784816108373, '2025-07-16 13:00:00+00:00': 12906.322890803378, '2025-07-16 15:00:00+00:00': 12937.806929979188, '2025-07-16 18:00:00+00:00': 12984.915972229082, '2025-07-17 06:00:00+00:00': 12954.617608969686, '2025-07-17 07:00:00+00:00': 13139.617608969686, '2025-07-17 09:00:00+00:00': 13141.611949752596, '2025-07-17 14:00:00+00:00': 13230.09480174345, '2025-07-17 17:00:00+00:00': 13249.685226077703, '2025-07-17 21:00:00+00:00': 13249.685226077703, '2025-07-17 22:00:00+00:00': 13323.832956392094, '2025-07-18 02:00:00+00:00': 13242.392588500838, '2025-07-18 09:00:00+00:00': 13254.926355829224, '2025-07-18 11:00:00+00:00': 13296.555453197894, '2025-07-18 17:00:00+00:00': 13333.88006264605, '2025-07-20 03:00:00+00:00': 13321.38006264605, '2025-07-20 06:00:00+00:00': 13249.563659709065, '2025-07-20 08:00:00+00:00': 13244.830600015606, '2025-07-20 11:00:00+00:00': 13174.346227391521, '2025-07-20 12:00:00+00:00': 13178.950658022459, '2025-07-20 14:00:00+00:00': 13155.582170066049, '2025-07-20 15:00:00+00:00': 13262.950237158346, '2025-07-20 21:00:00+00:00': 13299.950237158346, '2025-07-21 14:00:00+00:00': 13302.247363121567, '2025-07-22 09:00:00+00:00': 13324.746082307032, '2025-07-23 08:00:00+00:00': 13248.618838694822, '2025-07-23 10:00:00+00:00': 13494.497363121567, '2025-07-23 17:00:00+00:00': 13503.604200497508, '2025-07-24 04:00:00+00:00': 13521.104200497508, '2025-07-24 12:00:00+00:00': 13478.854200497508, '2025-07-24 15:00:00+00:00': 13322.004041857446, '2025-07-24 19:00:00+00:00': 13394.504041857446, '2025-07-25 04:00:00+00:00': 13442.004041857446, '2025-07-25 05:00:00+00:00': 13516.328917931887, '2025-07-25 07:00:00+00:00': 13516.328917931887}]",213,COMPLETE
