number,value,datetime_start,datetime_complete,duration,params_CONVERGENCE_THRESHOLD,params_DAILY_LOSS_LIMIT,params_FIXED_TRADE_PCT,params_MAX_CONCURRENT_POSITIONS,params_MAX_DRAWDOWN_LIMIT,params_MAX_HOLD_HOURS,params_MAX_POSITION_PCT,params_MIN_DIV,params_MIN_TIME_BETWEEN_TRADES,params_STOP_LOSS_PCT,params_TAKE_PROFIT_PCT,params_TRAIL_PCT,user_attrs_cooldown_trades_pct,user_attrs_equity_curves,user_attrs_total_trades,state
39,145.67738913279396,2025-08-01 18:31:57.761094,2025-08-01 18:31:58.273260,0 days 00:00:00.512166,0.02,0.15,0.06,2,0.15,48,0.01,0.05,1.0,0.3,0.45,0.65,1.6,"[{'2025-05-31 02:00:00+00:00': 10000.0, '2025-05-31 06:00:00+00:00': 10190.0, '2025-06-01 14:00:00+00:00': 10278.101377106714, '2025-06-02 04:00:00+00:00': 10198.101377106714, '2025-06-03 02:00:00+00:00': 10456.218902918426, '2025-06-03 03:00:00+00:00': 10354.835637583825, '2025-06-05 03:00:00+00:00': 10458.718902918426, '2025-06-05 04:00:00+00:00': 10451.218902918426, '2025-06-05 13:00:00+00:00': 10347.987295802328, '2025-06-05 20:00:00+00:00': 10308.525182067657, '2025-06-05 21:00:00+00:00': 10346.218902918426, '2025-06-06 14:00:00+00:00': 10368.050824030985, '2025-06-07 21:00:00+00:00': 10320.550824030985, '2025-06-08 15:00:00+00:00': 10358.050824030985, '2025-06-08 22:00:00+00:00': 10357.611514338098, '2025-06-09 12:00:00+00:00': 10343.733162172995, '2025-06-09 23:00:00+00:00': 10383.59942144295, '2025-06-10 00:00:00+00:00': 10461.34519810637, '2025-06-10 22:00:00+00:00': 10513.737639688903, '2025-06-10 23:00:00+00:00': 10518.59942144295, '2025-06-11 15:00:00+00:00': 10498.32396634518, '2025-06-12 08:00:00+00:00': 10430.82396634518, '2025-06-12 21:00:00+00:00': 10493.32396634518, '2025-06-13 01:00:00+00:00': 10698.32396634518, '2025-06-15 02:00:00+00:00': 10678.32396634518, '2025-06-15 03:00:00+00:00': 10670.82396634518, '2025-06-16 08:00:00+00:00': 10705.82396634518, '2025-06-16 15:00:00+00:00': 10730.82396634518, '2025-06-17 16:00:00+00:00': 10875.82396634518, '2025-06-18 02:00:00+00:00': 10885.82396634518, '2025-06-19 17:00:00+00:00': 10865.82396634518, '2025-06-20 03:00:00+00:00': 10860.82396634518, '2025-06-20 08:00:00+00:00': 10798.32396634518, '2025-06-20 18:00:00+00:00': 10958.32396634518, '2025-06-21 22:00:00+00:00': 11150.82396634518, '2025-06-22 10:00:00+00:00': 11213.32396634518, '2025-06-22 14:00:00+00:00': 11347.07396634518, '2025-06-23 01:00:00+00:00': 11233.82396634518, '2025-06-23 07:00:00+00:00': 11267.07396634518, '2025-06-23 09:00:00+00:00': 11203.82396634518, '2025-06-23 17:00:00+00:00': 11162.82396634518, '2025-06-23 18:00:00+00:00': 11135.82396634518, '2025-06-23 20:00:00+00:00': 11138.82396634518, '2025-06-23 23:00:00+00:00': 11075.57396634518, '2025-06-24 02:00:00+00:00': 11075.57396634518, '2025-06-24 09:00:00+00:00': 11050.57396634518, '2025-06-24 17:00:00+00:00': 11050.57396634518, '2025-06-25 05:00:00+00:00': 11038.82396634518, '2025-06-25 12:00:00+00:00': 11026.32396634518, '2025-06-26 02:00:00+00:00': 11013.82396634518, '2025-06-30 19:00:00+00:00': 11101.32396634518, '2025-07-02 14:00:00+00:00': 11206.891955550931, '2025-07-02 20:00:00+00:00': 11256.403006740065, '2025-07-02 23:00:00+00:00': 11260.905434313978, '2025-07-03 05:00:00+00:00': 11272.460970654278, '2025-07-03 13:00:00+00:00': 11256.403006740065, '2025-07-03 15:00:00+00:00': 11278.568158458938, '2025-07-03 20:00:00+00:00': 11227.323707929143, '2025-07-04 17:00:00+00:00': 11204.844372666077, '2025-07-04 22:00:00+00:00': 11253.270969046014, '2025-07-06 18:00:00+00:00': 11254.59547368934, '2025-07-06 23:00:00+00:00': 11291.773918150659, '2025-07-07 14:00:00+00:00': 11322.143286179851, '2025-07-07 17:00:00+00:00': 11329.297391286053, '2025-07-08 19:00:00+00:00': 11323.515030284096, '2025-07-09 05:00:00+00:00': 11387.909825024279, '2025-07-09 13:00:00+00:00': 11380.157589909537, '2025-07-09 15:00:00+00:00': 11462.841605978554, '2025-07-09 20:00:00+00:00': 11417.396134211764, '2025-07-09 21:00:00+00:00': 11428.883068982143, '2025-07-09 23:00:00+00:00': 11455.409825024279, '2025-07-10 01:00:00+00:00': 11439.581147958736, '2025-07-10 06:00:00+00:00': 11448.95344922489, '2025-07-10 10:00:00+00:00': 11456.672859657037, '2025-07-10 17:00:00+00:00': 11447.519789949272, '2025-07-10 18:00:00+00:00': 11450.067387965175, '2025-07-10 19:00:00+00:00': 11455.553904772836, '2025-07-10 22:00:00+00:00': 11468.485450295722, '2025-07-11 01:00:00+00:00': 11486.439340284505, '2025-07-11 09:00:00+00:00': 11509.352365514567, '2025-07-11 10:00:00+00:00': 11504.264683205329, '2025-07-11 20:00:00+00:00': 11498.12289619276, '2025-07-11 23:00:00+00:00': 11530.288104554575, '2025-07-13 14:00:00+00:00': 11520.068805716202, '2025-07-13 18:00:00+00:00': 11494.799568697892, '2025-07-15 15:00:00+00:00': 11563.22736480501, '2025-07-15 17:00:00+00:00': 11538.33775767374, '2025-07-15 21:00:00+00:00': 11560.926000135558, '2025-07-16 00:00:00+00:00': 11635.676000135558, '2025-07-16 15:00:00+00:00': 11577.268618007452, '2025-07-16 19:00:00+00:00': 11510.809705445618, '2025-07-16 20:00:00+00:00': 11545.79396958131, '2025-07-17 06:00:00+00:00': 11507.20751272291, '2025-07-17 07:00:00+00:00': 11577.20751272291, '2025-07-17 08:00:00+00:00': 11480.95751272291, '2025-07-17 09:00:00+00:00': 11579.26596417989, '2025-07-17 17:00:00+00:00': 11641.41989063343, '2025-07-17 21:00:00+00:00': 11641.41989063343, '2025-07-17 22:00:00+00:00': 11717.451985404832, '2025-07-18 02:00:00+00:00': 11602.451985404832, '2025-07-18 09:00:00+00:00': 11630.763956174069, '2025-07-18 11:00:00+00:00': 11673.362423034574, '2025-07-18 12:00:00+00:00': 11672.184477933846, '2025-07-20 03:00:00+00:00': 11697.592844897821, '2025-07-20 06:00:00+00:00': 11718.373363278817, '2025-07-20 14:00:00+00:00': 11648.727102051236, '2025-07-20 15:00:00+00:00': 11663.548235902943, '2025-07-22 05:00:00+00:00': 11704.185329161655, '2025-07-23 00:00:00+00:00': 11676.737010340083, '2025-07-23 14:00:00+00:00': 11783.237010340083, '2025-07-24 04:00:00+00:00': 11771.458830410009, '2025-07-24 15:00:00+00:00': 11716.958830410009, '2025-07-25 07:00:00+00:00': 11829.458830410009}]",123,COMPLETE
40,140.82455187212227,2025-08-01 18:31:58.278345,2025-08-01 18:31:58.952456,0 days 00:00:00.674111,0.02,0.1,0.055,4,0.2,72,0.01,0.04,2.0,0.25,0.5,0.55,1.7699115044247788,"[{'2025-05-31 02:00:00+00:00': 10000.0, '2025-05-31 03:00:00+00:00': 9939.018116169253, '2025-05-31 06:00:00+00:00': 10129.018116169253, '2025-06-01 14:00:00+00:00': 10209.018116169253, '2025-06-03 02:00:00+00:00': 10276.205937684177, '2025-06-03 03:00:00+00:00': 10335.076438488828, '2025-06-03 09:00:00+00:00': 10214.018116169253, '2025-06-03 13:00:00+00:00': 10265.154367661511, '2025-06-04 09:00:00+00:00': 10442.382943206876, '2025-06-05 13:00:00+00:00': 10437.572316038137, '2025-06-05 20:00:00+00:00': 10451.855663607848, '2025-06-05 21:00:00+00:00': 10667.887348197726, '2025-06-06 15:00:00+00:00': 10705.564158068555, '2025-06-07 14:00:00+00:00': 10741.368224278029, '2025-06-08 22:00:00+00:00': 10727.930901508578, '2025-06-09 01:00:00+00:00': 10772.930901508578, '2025-06-09 12:00:00+00:00': 10675.564158068555, '2025-06-09 22:00:00+00:00': 10760.411638110298, '2025-06-09 23:00:00+00:00': 10823.064158068555, '2025-06-10 01:00:00+00:00': 10788.136899257684, '2025-06-10 20:00:00+00:00': 10956.833543302897, '2025-06-10 23:00:00+00:00': 10894.333543302897, '2025-06-11 04:00:00+00:00': 10769.333543302897, '2025-06-11 16:00:00+00:00': 10921.833543302897, '2025-06-11 17:00:00+00:00': 10990.668977721662, '2025-06-11 23:00:00+00:00': 11005.668977721662, '2025-06-12 20:00:00+00:00': 10869.333543302897, '2025-06-12 21:00:00+00:00': 11095.668977721662, '2025-06-13 01:00:00+00:00': 11008.168977721662, '2025-06-14 17:00:00+00:00': 10928.168977721662, '2025-06-15 17:00:00+00:00': 10916.418977721662, '2025-06-16 03:00:00+00:00': 10883.918977721662, '2025-06-16 05:00:00+00:00': 10953.168977721662, '2025-06-16 10:00:00+00:00': 10856.918977721662, '2025-06-17 13:00:00+00:00': 10856.918977721662, '2025-06-17 15:00:00+00:00': 10996.918977721662, '2025-06-17 16:00:00+00:00': 10961.918977721662, '2025-06-17 17:00:00+00:00': 10921.918977721662, '2025-06-18 05:00:00+00:00': 10800.347443283157, '2025-06-18 06:00:00+00:00': 10899.418977721662, '2025-06-19 02:00:00+00:00': 10800.347443283157, '2025-06-19 10:00:00+00:00': 10816.220192709176, '2025-06-19 21:00:00+00:00': 10715.347443283157, '2025-06-20 02:00:00+00:00': 10727.847443283157, '2025-06-20 08:00:00+00:00': 10745.347443283157, '2025-06-20 17:00:00+00:00': 10832.847443283157, '2025-06-20 18:00:00+00:00': 10895.597443283157, '2025-06-20 23:00:00+00:00': 10850.347443283157, '2025-06-21 09:00:00+00:00': 10803.097443283157, '2025-06-21 10:00:00+00:00': 10875.597443283157, '2025-06-21 17:00:00+00:00': 10865.597443283157, '2025-06-21 22:00:00+00:00': 11242.592421270518, '2025-06-22 10:00:00+00:00': 11302.595313721486, '2025-06-22 14:00:00+00:00': 11499.814784196125, '2025-06-22 16:00:00+00:00': 11453.845313721486, '2025-06-23 01:00:00+00:00': 11394.221736818588, '2025-06-23 09:00:00+00:00': 11311.221736818588, '2025-06-23 14:00:00+00:00': 11334.221736818588, '2025-06-23 17:00:00+00:00': 11335.221736818588, '2025-06-23 18:00:00+00:00': 11268.221736818588, '2025-06-23 21:00:00+00:00': 11295.221736818588, '2025-06-23 23:00:00+00:00': 11230.221736818588, '2025-06-24 02:00:00+00:00': 11220.221736818588, '2025-06-24 04:00:00+00:00': 11260.221736818588, '2025-06-24 09:00:00+00:00': 11210.721736818588, '2025-06-24 16:00:00+00:00': 11220.221736818588, '2025-06-24 17:00:00+00:00': 11198.221736818588, '2025-06-25 02:00:00+00:00': 11190.721736818588, '2025-06-25 04:00:00+00:00': 11180.721736818588, '2025-06-25 14:00:00+00:00': 11173.221736818588, '2025-06-26 01:00:00+00:00': 11165.721736818588, '2025-06-30 19:00:00+00:00': 11253.221736818588, '2025-07-01 04:00:00+00:00': 11294.49085976539, '2025-07-02 01:00:00+00:00': 11264.385071108323, '2025-07-02 14:00:00+00:00': 11278.95072692386, '2025-07-02 15:00:00+00:00': 11296.25299146883, '2025-07-02 18:00:00+00:00': 11477.091298582254, '2025-07-02 20:00:00+00:00': 11366.408688635749, '2025-07-02 23:00:00+00:00': 11439.27452262166, '2025-07-03 05:00:00+00:00': 11464.963676009842, '2025-07-03 09:00:00+00:00': 11472.933503420505, '2025-07-03 13:00:00+00:00': 11475.894787465557, '2025-07-03 15:00:00+00:00': 11470.597549761791, '2025-07-03 18:00:00+00:00': 11472.415499995637, '2025-07-03 20:00:00+00:00': 11476.741130594048, '2025-07-04 08:00:00+00:00': 11511.563646988165, '2025-07-04 20:00:00+00:00': 11459.016461575478, '2025-07-04 22:00:00+00:00': 11554.331602218068, '2025-07-05 00:00:00+00:00': 11593.754832275448, '2025-07-06 13:00:00+00:00': 11598.143995974462, '2025-07-06 18:00:00+00:00': 11480.705784329512, '2025-07-06 19:00:00+00:00': 11597.078953093833, '2025-07-06 21:00:00+00:00': 11602.387635323365, '2025-07-07 01:00:00+00:00': 11615.506727624635, '2025-07-07 07:00:00+00:00': 11634.276526444231, '2025-07-07 13:00:00+00:00': 11654.429596955753, '2025-07-07 14:00:00+00:00': 11608.087727962837, '2025-07-07 17:00:00+00:00': 11661.104335286598, '2025-07-07 18:00:00+00:00': 11662.636636551471, '2025-07-07 21:00:00+00:00': 11589.142649031224, '2025-07-08 03:00:00+00:00': 11720.397845174935, '2025-07-08 10:00:00+00:00': 11823.014205315987, '2025-07-08 16:00:00+00:00': 11851.019532940089, '2025-07-08 17:00:00+00:00': 11630.944998106572, '2025-07-08 18:00:00+00:00': 11883.959762306686, '2025-07-09 04:00:00+00:00': 11894.392170183759, '2025-07-09 05:00:00+00:00': 11891.261545480947, '2025-07-09 06:00:00+00:00': 11911.690228691998, '2025-07-09 12:00:00+00:00': 11916.75392079108, '2025-07-09 13:00:00+00:00': 11942.030899738933, '2025-07-09 15:00:00+00:00': 11947.931016881761, '2025-07-09 19:00:00+00:00': 11816.055302978688, '2025-07-09 20:00:00+00:00': 11904.963717874138, '2025-07-10 01:00:00+00:00': 11932.273334036334, '2025-07-10 06:00:00+00:00': 11931.218413164552, '2025-07-10 10:00:00+00:00': 11944.76301447711, '2025-07-10 17:00:00+00:00': 11936.090329337872, '2025-07-10 18:00:00+00:00': 11921.711318718428, '2025-07-10 19:00:00+00:00': 11979.164210367986, '2025-07-10 22:00:00+00:00': 11991.46413826601, '2025-07-11 01:00:00+00:00': 12008.539343193408, '2025-07-11 09:00:00+00:00': 12030.775737693688, '2025-07-11 10:00:00+00:00': 12025.489870339094, '2025-07-11 19:00:00+00:00': 12022.234252621327, '2025-07-11 23:00:00+00:00': 12018.892462159447, '2025-07-12 09:00:00+00:00': 12016.594069119641, '2025-07-12 16:00:00+00:00': 12038.618446022721, '2025-07-12 21:00:00+00:00': 12044.476009672297, '2025-07-13 17:00:00+00:00': 12054.012788451408, '2025-07-14 05:00:00+00:00': 12048.26701054946, '2025-07-14 09:00:00+00:00': 12025.294417197685, '2025-07-14 12:00:00+00:00': 12041.310156500032, '2025-07-14 16:00:00+00:00': 12059.12193206795, '2025-07-14 18:00:00+00:00': 12018.021208149601, '2025-07-14 19:00:00+00:00': 12077.947048770438, '2025-07-15 04:00:00+00:00': 12118.206291830842, '2025-07-15 12:00:00+00:00': 12121.296811153552, '2025-07-15 15:00:00+00:00': 12086.368488344036, '2025-07-15 16:00:00+00:00': 12163.796811153552, '2025-07-15 17:00:00+00:00': 12154.207175505442, '2025-07-15 21:00:00+00:00': 12204.207175505442, '2025-07-16 00:00:00+00:00': 12182.30076055649, '2025-07-16 13:00:00+00:00': 12091.907220624176, '2025-07-16 15:00:00+00:00': 12123.346369030092, '2025-07-16 18:00:00+00:00': 12170.388309710908, '2025-07-17 06:00:00+00:00': 12140.133312748168, '2025-07-17 07:00:00+00:00': 12325.133312748168, '2025-07-17 09:00:00+00:00': 12327.124846180626, '2025-07-17 14:00:00+00:00': 12415.535579819682, '2025-07-17 17:00:00+00:00': 12435.098518956029, '2025-07-17 21:00:00+00:00': 12435.098518956029, '2025-07-17 22:00:00+00:00': 12509.1422190705, '2025-07-18 02:00:00+00:00': 12427.816113041574, '2025-07-18 09:00:00+00:00': 12440.321772741965, '2025-07-18 11:00:00+00:00': 12481.892424981732, '2025-07-18 17:00:00+00:00': 12519.182181944707, '2025-07-20 03:00:00+00:00': 12506.682181944707, '2025-07-20 04:00:00+00:00': 12508.386797851132, '2025-07-20 06:00:00+00:00': 12440.886797851132, '2025-07-20 08:00:00+00:00': 12436.164890917591, '2025-07-20 11:00:00+00:00': 12365.84072083243, '2025-07-20 12:00:00+00:00': 12370.441116835796, '2025-07-20 14:00:00+00:00': 12347.093105492753, '2025-07-20 15:00:00+00:00': 12447.396341512227, '2025-07-20 21:00:00+00:00': 12484.396341512227, '2025-07-21 14:00:00+00:00': 12482.779672976234, '2025-07-22 05:00:00+00:00': 12505.258941061265, '2025-07-22 09:00:00+00:00': 12655.529672976234, '2025-07-22 12:00:00+00:00': 12617.115937770177, '2025-07-22 14:00:00+00:00': 12433.077374258699, '2025-07-22 16:00:00+00:00': 12698.186473953912, '2025-07-23 11:00:00+00:00': 12666.115937770177, '2025-07-23 13:00:00+00:00': 12758.186473953912, '2025-07-23 17:00:00+00:00': 12762.363777902441, '2025-07-23 23:00:00+00:00': 12728.672477223678, '2025-07-24 00:00:00+00:00': 12754.672477223678, '2025-07-24 12:00:00+00:00': 12665.422477223678, '2025-07-24 15:00:00+00:00': 12508.561536474188, '2025-07-24 19:00:00+00:00': 12581.061536474188, '2025-07-25 03:00:00+00:00': 12621.061536474188, '2025-07-25 04:00:00+00:00': 12721.061536474188, '2025-07-25 07:00:00+00:00': 12734.24171486809}]",222,COMPLETE
