number,value,datetime_start,datetime_complete,duration,params_CONVERGENCE_THRESHOLD,params_DAILY_LOSS_LIMIT,params_FIXED_TRADE_PCT,params_MAX_CONCURRENT_POSITIONS,params_MAX_DRAWDOWN_LIMIT,params_MAX_HOLD_HOURS,params_MAX_POSITION_PCT,params_MIN_DIV,params_MIN_TIME_BETWEEN_TRADES,params_STOP_LOSS_PCT,params_TAKE_PROFIT_PCT,params_TRAIL_PCT,user_attrs_cooldown_trades_pct,user_attrs_equity_curves,user_attrs_total_trades,state
49,146.52467624711645,2025-08-01 18:32:04.263235,2025-08-01 18:32:04.769187,0 days 00:00:00.505952,0.02,0.1,0.055,2,0.2,72,0.01,0.045,2.0,0.25,0.55,0.6,0.0,"[{'2025-05-31 02:00:00+00:00': 10000.0, '2025-05-31 03:00:00+00:00': 9939.018116169253, '2025-05-31 06:00:00+00:00': 10129.018116169253, '2025-06-01 14:00:00+00:00': 10209.018116169253, '2025-06-03 03:00:00+00:00': 10283.94018699657, '2025-06-03 09:00:00+00:00': 10214.018116169253, '2025-06-04 15:00:00+00:00': 10227.166209895706, '2025-06-05 20:00:00+00:00': 10248.94018699657, '2025-06-05 21:00:00+00:00': 10290.803281774663, '2025-06-08 22:00:00+00:00': 10348.724440415797, '2025-06-09 01:00:00+00:00': 10393.724440415797, '2025-06-09 22:00:00+00:00': 10318.724440415797, '2025-06-09 23:00:00+00:00': 10453.724440415797, '2025-06-10 01:00:00+00:00': 10480.873019720999, '2025-06-10 20:00:00+00:00': 10477.17806487751, '2025-06-11 04:00:00+00:00': 10462.17806487751, '2025-06-11 16:00:00+00:00': 10427.17806487751, '2025-06-11 17:00:00+00:00': 10478.583053267921, '2025-06-12 03:00:00+00:00': 10496.083053267921, '2025-06-12 21:00:00+00:00': 10563.583053267921, '2025-06-13 01:00:00+00:00': 10706.083053267921, '2025-06-13 02:00:00+00:00': 10796.083053267921, '2025-06-13 11:00:00+00:00': 10776.383944017623, '2025-06-16 02:00:00+00:00': 10803.583053267921, '2025-06-16 06:00:00+00:00': 10724.848831424802, '2025-06-16 08:00:00+00:00': 10679.848831424802, '2025-06-17 17:00:00+00:00': 10814.848831424802, '2025-06-19 07:00:00+00:00': 10799.848831424802, '2025-06-20 07:00:00+00:00': 10739.848831424802, '2025-06-20 08:00:00+00:00': 10754.848831424802, '2025-06-20 15:00:00+00:00': 10744.848831424802, '2025-06-20 18:00:00+00:00': 10727.348831424802, '2025-06-21 10:00:00+00:00': 10733.598831424802, '2025-06-21 22:00:00+00:00': 10938.598831424802, '2025-06-22 10:00:00+00:00': 10997.266285916476, '2025-06-22 14:00:00+00:00': 11038.516285916476, '2025-06-23 01:00:00+00:00': 10955.766285916476, '2025-06-23 09:00:00+00:00': 10925.766285916476, '2025-06-23 14:00:00+00:00': 10983.516285916476, '2025-06-23 17:00:00+00:00': 10949.766285916476, '2025-06-23 18:00:00+00:00': 10882.766285916476, '2025-06-23 21:00:00+00:00': 10909.766285916476, '2025-06-23 23:00:00+00:00': 10844.766285916476, '2025-06-24 02:00:00+00:00': 10834.766285916476, '2025-06-24 04:00:00+00:00': 10874.766285916476, '2025-06-24 09:00:00+00:00': 10801.516285916476, '2025-06-24 17:00:00+00:00': 10809.766285916476, '2025-06-25 02:00:00+00:00': 10793.266285916476, '2025-06-25 12:00:00+00:00': 10783.266285916476, '2025-06-26 01:00:00+00:00': 10775.766285916476, '2025-06-30 19:00:00+00:00': 10863.266285916476, '2025-07-02 14:00:00+00:00': 10888.995276021747, '2025-07-02 15:00:00+00:00': 10904.535408863278, '2025-07-02 20:00:00+00:00': 11015.118802761377, '2025-07-02 23:00:00+00:00': 10977.618802761377, '2025-07-03 05:00:00+00:00': 11025.70338819735, '2025-07-03 13:00:00+00:00': 11015.118802761377, '2025-07-03 15:00:00+00:00': 11031.296896048963, '2025-07-03 18:00:00+00:00': 11027.844308712947, '2025-07-03 20:00:00+00:00': 11032.136745521013, '2025-07-04 17:00:00+00:00': 10975.082295579046, '2025-07-04 20:00:00+00:00': 10995.662146249575, '2025-07-07 14:00:00+00:00': 11004.443830071883, '2025-07-07 17:00:00+00:00': 11045.232260152998, '2025-07-07 21:00:00+00:00': 11038.704897960522, '2025-07-09 14:00:00+00:00': 11089.976898479754, '2025-07-09 15:00:00+00:00': 11193.142414536029, '2025-07-09 19:00:00+00:00': 11187.455991656416, '2025-07-09 20:00:00+00:00': 11151.731332986727, '2025-07-10 01:00:00+00:00': 11173.349687745245, '2025-07-10 06:00:00+00:00': 11172.332918278327, '2025-07-10 10:00:00+00:00': 11179.379024529811, '2025-07-10 17:00:00+00:00': 11171.0248211314, '2025-07-10 18:00:00+00:00': 11167.880553179226, '2025-07-10 19:00:00+00:00': 11178.362295496107, '2025-07-10 22:00:00+00:00': 11190.171785647008, '2025-07-11 01:00:00+00:00': 11206.566147149495, '2025-07-11 09:00:00+00:00': 11227.915904970825, '2025-07-11 10:00:00+00:00': 11222.840802175053, '2025-07-11 19:00:00+00:00': 11219.714996423034, '2025-07-14 11:00:00+00:00': 11207.869580939194, '2025-07-14 18:00:00+00:00': 11215.6699396059, '2025-07-15 15:00:00+00:00': 11230.962358491572, '2025-07-15 16:00:00+00:00': 11300.962358491572, '2025-07-15 18:00:00+00:00': 11200.962358491572, '2025-07-15 20:00:00+00:00': 11294.462358491572, '2025-07-16 00:00:00+00:00': 11333.30979282491, '2025-07-16 15:00:00+00:00': 11275.071253632146, '2025-07-16 19:00:00+00:00': 11254.740844279237, '2025-07-16 21:00:00+00:00': 11215.752689124447, '2025-07-17 06:00:00+00:00': 11226.988308705899, '2025-07-17 07:00:00+00:00': 11231.988308705899, '2025-07-17 10:00:00+00:00': 11161.988308705899, '2025-07-17 17:00:00+00:00': 11258.536221775765, '2025-07-17 21:00:00+00:00': 11278.268176934354, '2025-07-17 22:00:00+00:00': 11347.143893456057, '2025-07-18 02:00:00+00:00': 11271.494056724472, '2025-07-18 09:00:00+00:00': 11297.23501911952, '2025-07-18 11:00:00+00:00': 11335.956452939265, '2025-07-20 03:00:00+00:00': 11359.047140285544, '2025-07-20 06:00:00+00:00': 11377.928348804577, '2025-07-20 12:00:00+00:00': 11316.239726817175, '2025-07-23 08:00:00+00:00': 11403.561568728492, '2025-07-24 15:00:00+00:00': 11375.561568728492, '2025-07-25 07:00:00+00:00': 11488.061568728492}]",111,COMPLETE
