number,value,datetime_start,datetime_complete,duration,params_CONVERGENCE_THRESHOLD,params_DAILY_LOSS_LIMIT,params_FIXED_TRADE_PCT,params_MAX_CONCURRENT_POSITIONS,params_MAX_DRAWDOWN_LIMIT,params_MAX_HOLD_HOURS,params_MAX_POSITION_PCT,params_MIN_DIV,params_MIN_TIME_BETWEEN_TRADES,params_STOP_LOSS_PCT,params_TAKE_PROFIT_PCT,params_TRAIL_PCT,user_attrs_cooldown_trades_pct,user_attrs_equity_curves,user_attrs_total_trades,state
33,289.89960688347855,2025-08-01 18:31:53.657190,2025-08-01 18:31:54.330352,0 days 00:00:00.673162,0.02,0.1,0.055,4,0.15,72,0.01,0.05,2.0,0.25,0.55,0.65,1.3888888888888888,"[{'2025-05-31 02:00:00+00:00': 10000.0, '2025-05-31 06:00:00+00:00': 10327.5, '2025-06-01 14:00:00+00:00': 10407.5, '2025-06-03 02:00:00+00:00': 10475.906415047293, '2025-06-03 03:00:00+00:00': 10535.919768474832, '2025-06-03 09:00:00+00:00': 10412.5, '2025-06-03 13:00:00+00:00': 10464.638285392466, '2025-06-04 09:00:00+00:00': 10642.542105772716, '2025-06-05 13:00:00+00:00': 10637.637992968188, '2025-06-05 20:00:00+00:00': 10652.198911189476, '2025-06-05 21:00:00+00:00': 10885.137992968188, '2025-06-06 10:00:00+00:00': 10933.826770400125, '2025-06-08 21:00:00+00:00': 10890.060435085177, '2025-06-08 22:00:00+00:00': 10951.326770400125, '2025-06-09 03:00:00+00:00': 10938.826770400125, '2025-06-09 11:00:00+00:00': 10938.826770400125, '2025-06-09 22:00:00+00:00': 11104.005200718531, '2025-06-10 00:00:00+00:00': 11113.826770400125, '2025-06-10 01:00:00+00:00': 11132.673922060927, '2025-06-10 02:00:00+00:00': 11091.326770400125, '2025-06-10 20:00:00+00:00': 11128.803022515456, '2025-06-10 23:00:00+00:00': 11341.303022515456, '2025-06-11 00:00:00+00:00': 11251.303022515456, '2025-06-11 04:00:00+00:00': 11113.803022515456, '2025-06-11 16:00:00+00:00': 11306.303022515456, '2025-06-11 17:00:00+00:00': 11259.527513781928, '2025-06-12 03:00:00+00:00': 11277.027513781928, '2025-06-12 08:00:00+00:00': 11238.803022515456, '2025-06-12 21:00:00+00:00': 11326.672286728626, '2025-06-13 01:00:00+00:00': 11379.172286728626, '2025-06-13 02:00:00+00:00': 11589.172286728626, '2025-06-13 11:00:00+00:00': 11567.47510830827, '2025-06-13 17:00:00+00:00': 11551.72510830827, '2025-06-16 02:00:00+00:00': 11596.672286728626, '2025-06-16 06:00:00+00:00': 11506.404183514775, '2025-06-16 08:00:00+00:00': 11461.404183514775, '2025-06-16 09:00:00+00:00': 11586.72510830827, '2025-06-17 00:00:00+00:00': 11541.404183514775, '2025-06-17 15:00:00+00:00': 11571.404183514775, '2025-06-17 16:00:00+00:00': 11536.404183514775, '2025-06-17 17:00:00+00:00': 11596.404183514775, '2025-06-18 05:00:00+00:00': 11482.654183514775, '2025-06-18 06:00:00+00:00': 11513.904183514775, '2025-06-19 07:00:00+00:00': 11498.904183514775, '2025-06-20 02:00:00+00:00': 11427.654183514775, '2025-06-20 08:00:00+00:00': 11427.654183514775, '2025-06-20 11:00:00+00:00': 11342.654183514775, '2025-06-20 15:00:00+00:00': 11405.154183514775, '2025-06-20 18:00:00+00:00': 11550.404183514775, '2025-06-21 10:00:00+00:00': 11556.654183514775, '2025-06-21 20:00:00+00:00': 11709.154183514775, '2025-06-21 22:00:00+00:00': 12012.904183514775, '2025-06-22 10:00:00+00:00': 12075.404183514775, '2025-06-22 14:00:00+00:00': 12304.32746035344, '2025-06-22 16:00:00+00:00': 12226.654183514775, '2025-06-23 01:00:00+00:00': 12193.007379915209, '2025-06-23 09:00:00+00:00': 12110.007379915209, '2025-06-23 14:00:00+00:00': 12133.007379915209, '2025-06-23 17:00:00+00:00': 12134.007379915209, '2025-06-23 18:00:00+00:00': 12067.007379915209, '2025-06-23 21:00:00+00:00': 12094.007379915209, '2025-06-23 23:00:00+00:00': 12029.007379915209, '2025-06-24 02:00:00+00:00': 12019.007379915209, '2025-06-24 04:00:00+00:00': 12059.007379915209, '2025-06-24 09:00:00+00:00': 12009.507379915209, '2025-06-24 16:00:00+00:00': 12019.007379915209, '2025-06-24 17:00:00+00:00': 11997.007379915209, '2025-06-25 02:00:00+00:00': 11989.507379915209, '2025-06-25 04:00:00+00:00': 11979.507379915209, '2025-06-25 14:00:00+00:00': 11972.007379915209, '2025-06-26 01:00:00+00:00': 11964.507379915209, '2025-06-30 19:00:00+00:00': 12052.007379915209, '2025-07-01 04:00:00+00:00': 12093.27650286201, '2025-07-02 01:00:00+00:00': 12063.170714204944, '2025-07-02 14:00:00+00:00': 12077.73637002048, '2025-07-02 15:00:00+00:00': 12095.03863456545, '2025-07-02 18:00:00+00:00': 12275.876941678875, '2025-07-02 20:00:00+00:00': 12165.19433173237, '2025-07-02 23:00:00+00:00': 12238.06016571828, '2025-07-03 05:00:00+00:00': 12263.749319106462, '2025-07-03 09:00:00+00:00': 12271.719146517125, '2025-07-03 13:00:00+00:00': 12274.680430562177, '2025-07-03 15:00:00+00:00': 12269.383192858411, '2025-07-03 18:00:00+00:00': 12305.786959599523, '2025-07-04 08:00:00+00:00': 12336.735166029566, '2025-07-04 20:00:00+00:00': 12257.802104672099, '2025-07-04 22:00:00+00:00': 12379.628334674699, '2025-07-05 00:00:00+00:00': 12419.167260239217, '2025-07-06 13:00:00+00:00': 12423.569304723076, '2025-07-06 19:00:00+00:00': 12422.50113628388, '2025-07-06 21:00:00+00:00': 12427.825397789624, '2025-07-07 01:00:00+00:00': 12446.40996590817, '2025-07-07 07:00:00+00:00': 12465.227687544284, '2025-07-07 13:00:00+00:00': 12485.432212624375, '2025-07-07 14:00:00+00:00': 12438.972024148858, '2025-07-07 17:00:00+00:00': 12492.127459195897, '2025-07-07 18:00:00+00:00': 12493.664468481007, '2025-07-07 21:00:00+00:00': 12414.541541719458, '2025-07-08 03:00:00+00:00': 12549.890872123571, '2025-07-08 10:00:00+00:00': 12652.822475810746, '2025-07-08 16:00:00+00:00': 12680.91383747791, '2025-07-08 17:00:00+00:00': 12461.887653189975, '2025-07-08 18:00:00+00:00': 12713.955236228901, '2025-07-09 04:00:00+00:00': 12724.419685178638, '2025-07-09 05:00:00+00:00': 12721.27944538267, '2025-07-09 10:00:00+00:00': 12734.11071163103, '2025-07-09 12:00:00+00:00': 12726.801773480809, '2025-07-09 13:00:00+00:00': 12759.435037040997, '2025-07-09 14:00:00+00:00': 12536.471399023318, '2025-07-09 15:00:00+00:00': 12765.345291066027, '2025-07-09 19:00:00+00:00': 12645.842195308856, '2025-07-09 20:00:00+00:00': 12722.304170736215, '2025-07-10 01:00:00+00:00': 12749.230018228125, '2025-07-10 06:00:00+00:00': 12748.173314432965, '2025-07-10 10:00:00+00:00': 12761.740807496932, '2025-07-10 17:00:00+00:00': 12753.053464639266, '2025-07-10 18:00:00+00:00': 12739.08074610539, '2025-07-10 19:00:00+00:00': 12796.200145892708, '2025-07-10 22:00:00+00:00': 12808.520862678732, '2025-07-11 01:00:00+00:00': 12825.624927492605, '2025-07-11 09:00:00+00:00': 12847.898905133097, '2025-07-11 10:00:00+00:00': 12842.604103798943, '2025-07-11 19:00:00+00:00': 12839.342983555254, '2025-07-11 23:00:00+00:00': 12850.915270442632, '2025-07-12 09:00:00+00:00': 12848.612992743023, '2025-07-12 16:00:00+00:00': 12870.67459444193, '2025-07-12 21:00:00+00:00': 12876.54205833122, '2025-07-13 17:00:00+00:00': 12886.094955824812, '2025-07-14 05:00:00+00:00': 12880.339466619329, '2025-07-14 09:00:00+00:00': 12857.328045830986, '2025-07-14 16:00:00+00:00': 12888.164618910765, '2025-07-14 18:00:00+00:00': 12835.122818349944, '2025-07-14 19:00:00+00:00': 12907.027990215669, '2025-07-14 20:00:00+00:00': 12843.260850452418, '2025-07-15 04:00:00+00:00': 12932.739825878121, '2025-07-15 12:00:00+00:00': 12935.838926227188, '2025-07-15 15:00:00+00:00': 12915.466544143279, '2025-07-15 16:00:00+00:00': 12978.338926227188, '2025-07-15 17:00:00+00:00': 12968.722772486386, '2025-07-15 21:00:00+00:00': 13018.722772486386, '2025-07-16 00:00:00+00:00': 12996.784816108373, '2025-07-16 13:00:00+00:00': 12906.322890803378, '2025-07-16 15:00:00+00:00': 12937.806929979188, '2025-07-16 18:00:00+00:00': 12984.915972229082, '2025-07-17 06:00:00+00:00': 12954.617608969686, '2025-07-17 07:00:00+00:00': 13139.617608969686, '2025-07-17 09:00:00+00:00': 13141.611949752596, '2025-07-17 14:00:00+00:00': 13230.09480174345, '2025-07-17 17:00:00+00:00': 13249.685226077703, '2025-07-17 21:00:00+00:00': 13249.685226077703, '2025-07-17 22:00:00+00:00': 13323.832956392094, '2025-07-18 02:00:00+00:00': 13242.392588500838, '2025-07-18 09:00:00+00:00': 13254.926355829224, '2025-07-18 11:00:00+00:00': 13296.555453197894, '2025-07-18 17:00:00+00:00': 13333.88006264605, '2025-07-20 03:00:00+00:00': 13321.38006264605, '2025-07-20 06:00:00+00:00': 13249.563659709065, '2025-07-20 08:00:00+00:00': 13244.830600015606, '2025-07-20 11:00:00+00:00': 13174.346227391521, '2025-07-20 12:00:00+00:00': 13178.950658022459, '2025-07-20 14:00:00+00:00': 13155.582170066049, '2025-07-20 15:00:00+00:00': 13262.950237158346, '2025-07-20 21:00:00+00:00': 13299.950237158346, '2025-07-21 14:00:00+00:00': 13302.247363121567, '2025-07-22 09:00:00+00:00': 13324.746082307032, '2025-07-23 08:00:00+00:00': 13248.618838694822, '2025-07-23 10:00:00+00:00': 13494.497363121567, '2025-07-23 17:00:00+00:00': 13503.604200497508, '2025-07-24 04:00:00+00:00': 13521.104200497508, '2025-07-24 12:00:00+00:00': 13478.854200497508, '2025-07-24 15:00:00+00:00': 13322.004041857446, '2025-07-24 19:00:00+00:00': 13394.504041857446, '2025-07-25 04:00:00+00:00': 13442.004041857446, '2025-07-25 05:00:00+00:00': 13516.328917931887, '2025-07-25 07:00:00+00:00': 13516.328917931887}]",213,COMPLETE
34,230.33878549042987,2025-08-01 18:31:54.336085,2025-08-01 18:31:55.028544,0 days 00:00:00.692459,0.02,0.1,0.055,4,0.15,48,0.01,0.05,2.0,0.25,0.55,0.6,1.3100436681222707,"[{'2025-05-31 02:00:00+00:00': 10000.0, '2025-05-31 06:00:00+00:00': 10327.5, '2025-06-01 14:00:00+00:00': 10407.5, '2025-06-02 09:00:00+00:00': 10477.5, '2025-06-02 11:00:00+00:00': 10455.76065769807, '2025-06-02 13:00:00+00:00': 10458.014283629036, '2025-06-02 23:00:00+00:00': 10494.295766711402, '2025-06-03 02:00:00+00:00': 10632.658581578464, '2025-06-03 03:00:00+00:00': 10529.295766711402, '2025-06-03 15:00:00+00:00': 10623.142897214762, '2025-06-04 12:00:00+00:00': 10524.295766711402, '2025-06-04 14:00:00+00:00': 10581.795766711402, '2025-06-05 03:00:00+00:00': 10635.158581578464, '2025-06-05 16:00:00+00:00': 10633.142897214762, '2025-06-05 20:00:00+00:00': 10510.642897214762, '2025-06-05 21:00:00+00:00': 10732.499231315664, '2025-06-06 10:00:00+00:00': 10792.450073866767, '2025-06-07 21:00:00+00:00': 10743.69699676846, '2025-06-07 23:00:00+00:00': 10809.950073866767, '2025-06-08 03:00:00+00:00': 10807.450073866767, '2025-06-08 11:00:00+00:00': 10807.450073866767, '2025-06-09 12:00:00+00:00': 10793.872186803643, '2025-06-09 22:00:00+00:00': 10740.404889605734, '2025-06-10 01:00:00+00:00': 10758.50505070912, '2025-06-10 23:00:00+00:00': 10928.50505070912, '2025-06-11 00:00:00+00:00': 10896.00505070912, '2025-06-11 04:00:00+00:00': 10881.00505070912, '2025-06-11 06:00:00+00:00': 10838.50505070912, '2025-06-11 17:00:00+00:00': 10889.91011557856, '2025-06-12 08:00:00+00:00': 10861.00505070912, '2025-06-12 21:00:00+00:00': 10984.91011557856, '2025-06-13 02:00:00+00:00': 11194.91011557856, '2025-06-13 11:00:00+00:00': 11161.706221464508, '2025-06-13 17:00:00+00:00': 11145.956221464508, '2025-06-15 02:00:00+00:00': 11189.91011557856, '2025-06-15 09:00:00+00:00': 11120.956221464508, '2025-06-15 12:00:00+00:00': 11120.956221464508, '2025-06-15 18:00:00+00:00': 11118.456221464508, '2025-06-16 06:00:00+00:00': 11161.646226788695, '2025-06-16 08:00:00+00:00': 11114.146226788695, '2025-06-16 14:00:00+00:00': 11155.956221464508, '2025-06-16 20:00:00+00:00': 11225.956221464508, '2025-06-16 23:00:00+00:00': 11259.146226788695, '2025-06-17 00:00:00+00:00': 11289.146226788695, '2025-06-17 15:00:00+00:00': 11199.146226788695, '2025-06-17 16:00:00+00:00': 11239.146226788695, '2025-06-17 17:00:00+00:00': 11259.146226788695, '2025-06-18 05:00:00+00:00': 11161.646226788695, '2025-06-18 06:00:00+00:00': 11176.646226788695, '2025-06-18 07:00:00+00:00': 11166.646226788695, '2025-06-19 07:00:00+00:00': 11161.646226788695, '2025-06-19 16:00:00+00:00': 11086.646226788695, '2025-06-20 02:00:00+00:00': 11111.646226788695, '2025-06-20 06:00:00+00:00': 11129.146226788695, '2025-06-20 11:00:00+00:00': 11019.146226788695, '2025-06-20 17:00:00+00:00': 10986.896226788695, '2025-06-20 18:00:00+00:00': 11161.896226788695, '2025-06-20 23:00:00+00:00': 11251.896226788695, '2025-06-21 09:00:00+00:00': 11323.146226788695, '2025-06-21 17:00:00+00:00': 11405.646226788695, '2025-06-21 22:00:00+00:00': 11621.896226788695, '2025-06-22 10:00:00+00:00': 11684.141285077198, '2025-06-22 14:00:00+00:00': 11910.552219856252, '2025-06-22 16:00:00+00:00': 11835.391285077198, '2025-06-23 01:00:00+00:00': 11801.901938927149, '2025-06-23 09:00:00+00:00': 11718.901938927149, '2025-06-23 14:00:00+00:00': 11741.901938927149, '2025-06-23 17:00:00+00:00': 11742.901938927149, '2025-06-23 18:00:00+00:00': 11675.901938927149, '2025-06-23 21:00:00+00:00': 11702.901938927149, '2025-06-23 23:00:00+00:00': 11637.901938927149, '2025-06-24 02:00:00+00:00': 11627.901938927149, '2025-06-24 04:00:00+00:00': 11667.901938927149, '2025-06-24 09:00:00+00:00': 11618.401938927149, '2025-06-24 16:00:00+00:00': 11627.901938927149, '2025-06-24 17:00:00+00:00': 11605.901938927149, '2025-06-25 02:00:00+00:00': 11598.401938927149, '2025-06-25 04:00:00+00:00': 11588.401938927149, '2025-06-25 14:00:00+00:00': 11580.901938927149, '2025-06-26 01:00:00+00:00': 11573.401938927149, '2025-06-30 19:00:00+00:00': 11660.901938927149, '2025-07-01 04:00:00+00:00': 11702.17106187395, '2025-07-02 01:00:00+00:00': 11672.065273216884, '2025-07-02 14:00:00+00:00': 11686.63092903242, '2025-07-02 15:00:00+00:00': 11703.93319357739, '2025-07-02 18:00:00+00:00': 11884.771500690815, '2025-07-02 20:00:00+00:00': 11774.08889074431, '2025-07-02 23:00:00+00:00': 11846.95472473022, '2025-07-03 05:00:00+00:00': 11866.696663684039, '2025-07-03 09:00:00+00:00': 11874.666491094702, '2025-07-03 13:00:00+00:00': 11877.627775139754, '2025-07-03 15:00:00+00:00': 11872.330537435988, '2025-07-03 18:00:00+00:00': 11908.7343041771, '2025-07-04 08:00:00+00:00': 11949.901615690218, '2025-07-04 20:00:00+00:00': 11866.696663684039, '2025-07-04 22:00:00+00:00': 11992.79478433535, '2025-07-05 00:00:00+00:00': 12040.09220035426, '2025-07-05 19:00:00+00:00': 11897.727240065506, '2025-07-06 13:00:00+00:00': 12044.494244838119, '2025-07-06 19:00:00+00:00': 12043.426076398922, '2025-07-06 21:00:00+00:00': 12075.083440698207, '2025-07-07 07:00:00+00:00': 12143.955791072549, '2025-07-07 13:00:00+00:00': 12164.20711468131, '2025-07-07 14:00:00+00:00': 12069.76478976062, '2025-07-07 17:00:00+00:00': 12170.92754730359, '2025-07-07 18:00:00+00:00': 12172.47033848089, '2025-07-08 03:00:00+00:00': 12228.908253535461, '2025-07-08 10:00:00+00:00': 12235.891601841562, '2025-07-08 16:00:00+00:00': 12263.995309545193, '2025-07-08 17:00:00+00:00': 12140.60802039715, '2025-07-08 18:00:00+00:00': 12297.051354831789, '2025-07-08 22:00:00+00:00': 12125.083440698207, '2025-07-09 04:00:00+00:00': 12359.801647958371, '2025-07-09 05:00:00+00:00': 12304.378810648657, '2025-07-09 10:00:00+00:00': 12369.542514032957, '2025-07-09 12:00:00+00:00': 12362.195987014535, '2025-07-09 13:00:00+00:00': 12394.997078981223, '2025-07-09 14:00:00+00:00': 12215.438299317442, '2025-07-09 15:00:00+00:00': 12400.937696039568, '2025-07-09 20:00:00+00:00': 12357.675458484518, '2025-07-09 21:00:00+00:00': 12368.614558981651, '2025-07-10 01:00:00+00:00': 12378.735461823097, '2025-07-10 06:00:00+00:00': 12377.681711730116, '2025-07-10 10:00:00+00:00': 12391.211280889545, '2025-07-10 17:00:00+00:00': 12382.548220923323, '2025-07-10 18:00:00+00:00': 12356.645248175579, '2025-07-10 19:00:00+00:00': 12425.62691362356, '2025-07-10 22:00:00+00:00': 12437.95359413737, '2025-07-11 01:00:00+00:00': 12455.06593801393, '2025-07-11 09:00:00+00:00': 12477.350697165084, '2025-07-11 10:00:00+00:00': 12472.05333293184, '2025-07-11 19:00:00+00:00': 12468.790634173381, '2025-07-11 23:00:00+00:00': 12477.353088881839, '2025-07-12 09:00:00+00:00': 12475.049696786231, '2025-07-12 16:00:00+00:00': 12497.121977197212, '2025-07-12 21:00:00+00:00': 12502.992281177549, '2025-07-13 17:00:00+00:00': 12512.549802661873, '2025-07-13 18:00:00+00:00': 12465.623978220761, '2025-07-13 20:00:00+00:00': 12469.69496384118, '2025-07-13 23:00:00+00:00': 12518.155073001091, '2025-07-14 05:00:00+00:00': 12512.708844452458, '2025-07-14 09:00:00+00:00': 12535.192024123295, '2025-07-14 11:00:00+00:00': 12515.688481661557, '2025-07-14 16:00:00+00:00': 12558.854908155785, '2025-07-14 19:00:00+00:00': 12577.783147496137, '2025-07-15 04:00:00+00:00': 12609.807691687813, '2025-07-15 12:00:00+00:00': 12612.91633806998, '2025-07-15 15:00:00+00:00': 12532.60604487631, '2025-07-15 16:00:00+00:00': 12655.41633806998, '2025-07-15 17:00:00+00:00': 12645.760590184924, '2025-07-15 18:00:00+00:00': 12540.945511366377, '2025-07-15 21:00:00+00:00': 12695.760590184924, '2025-07-16 00:00:00+00:00': 12673.717047152959, '2025-07-16 13:00:00+00:00': 12583.026198083397, '2025-07-16 15:00:00+00:00': 12614.660511559625, '2025-07-16 18:00:00+00:00': 12661.994179971509, '2025-07-17 06:00:00+00:00': 12631.550645668996, '2025-07-17 07:00:00+00:00': 12816.550645668996, '2025-07-17 09:00:00+00:00': 12818.554384210649, '2025-07-17 14:00:00+00:00': 12907.27865631725, '2025-07-17 17:00:00+00:00': 12926.961088850449, '2025-07-17 21:00:00+00:00': 12926.961088850449, '2025-07-17 22:00:00+00:00': 13001.457065932549, '2025-07-18 02:00:00+00:00': 12919.634200225664, '2025-07-18 09:00:00+00:00': 12932.262059371664, '2025-07-18 11:00:00+00:00': 12974.08680499675, '2025-07-18 17:00:00+00:00': 13011.528085039796, '2025-07-20 03:00:00+00:00': 12999.028085039796, '2025-07-20 05:00:00+00:00': 12999.459978536075, '2025-07-20 06:00:00+00:00': 12931.959978536075, '2025-07-20 08:00:00+00:00': 12927.20469899949, '2025-07-20 11:00:00+00:00': 12856.4561419893, '2025-07-20 12:00:00+00:00': 12861.08429824147, '2025-07-20 14:00:00+00:00': 12837.595397591613, '2025-07-20 15:00:00+00:00': 12919.800516541363, '2025-07-20 21:00:00+00:00': 12956.800516541363, '2025-07-21 14:00:00+00:00': 12959.10988351729, '2025-07-22 09:00:00+00:00': 12981.724349650302, '2025-07-22 13:00:00+00:00': 12905.395144133983, '2025-07-22 16:00:00+00:00': 13128.782531261231, '2025-07-23 10:00:00+00:00': 13151.35988351729, '2025-07-23 14:00:00+00:00': 13203.782531261231, '2025-07-23 17:00:00+00:00': 13160.513572288075, '2025-07-24 01:00:00+00:00': 13146.81231308826, '2025-07-24 12:00:00+00:00': 13149.31231308826, '2025-07-24 15:00:00+00:00': 12992.335025993603, '2025-07-24 19:00:00+00:00': 13064.835025993603, '2025-07-25 04:00:00+00:00': 13112.335025993603, '2025-07-25 05:00:00+00:00': 13186.625783802183, '2025-07-25 07:00:00+00:00': 13186.625783802183}]",226,COMPLETE
