number,value,params_BTC_VS_ETH_WEIGHT,params_CONVERGENCE_THRESHOLD,params_DAILY_LOSS_LIMIT,params_FIXED_TRADE_PCT,params_MAX_CONCURRENT_POSITIONS,params_MAX_DRAWDOWN_LIMIT,params_MAX_HOLD_HOURS,params_MAX_POSITION_PCT,params_MIN_DIV,params_MIN_TIME_BETWEEN_TRADES,params_STOP_LOSS_PCT,params_STRIKE_SELECTION_STRATEGY,params_TAKE_PROFIT_PCT,params_TRAIL_PCT,state,user_attrs_cooldown_trades_pct,user_attrs_equity_curves,user_attrs_total_trades
39,-0.9072752814337492,0.5,0.5,0.05,0.065,1.0,0.15,96.0,0.6,0.0325,0.5,0.015,furthest,0.055,0.4,COMPLETE,11.180124223602485,"[{'2025-05-01 00:00:00+00:00': 10000.0, '2025-05-01 01:00:00+00:00': 9984.068693631212, '2025-05-01 02:00:00+00:00': 10076.148521603876, '2025-05-01 03:00:00+00:00': 10067.351084757285, '2025-05-01 04:00:00+00:00': 10056.019633803275, '2025-05-01 05:00:00+00:00': 10049.553097593114, '2025-05-01 06:00:00+00:00': 10046.440504322985, '2025-05-01 07:00:00+00:00': 10047.29463240566, '2025-05-01 08:00:00+00:00': 10040.315600255837, '2025-05-01 11:00:00+00:00': 10014.808308576812, '2025-05-01 12:00:00+00:00': 10002.898251558472, '2025-05-01 19:00:00+00:00': 9980.231798204382, '2025-05-01 21:00:00+00:00': 9957.587916276485, '2025-05-01 22:00:00+00:00': 9945.3385236948, '2025-05-01 23:00:00+00:00': 9928.928226391301, '2025-05-02 04:00:00+00:00': 9861.26062556422, '2025-05-02 05:00:00+00:00': 9839.281506546937, '2025-05-02 06:00:00+00:00': 9821.731506260836, '2025-05-02 07:00:00+00:00': 9807.505982530593, '2025-05-02 12:00:00+00:00': 9772.8029858327, '2025-05-02 13:00:00+00:00': 9762.657163404327, '2025-05-02 14:00:00+00:00': 9789.296373682415, '2025-05-02 15:00:00+00:00': 9788.167423144849, '2025-05-03 13:00:00+00:00': 9776.597053048732, '2025-05-03 14:00:00+00:00': 9765.010438520254, '2025-05-03 15:00:00+00:00': 9751.26002960831, '2025-05-03 16:00:00+00:00': 9738.099293780331, '2025-05-03 20:00:00+00:00': 9678.21632814117, '2025-05-03 23:00:00+00:00': 9634.196729724887, '2025-05-04 03:00:00+00:00': 9600.737678333142, '2025-05-04 04:00:00+00:00': 9589.900491766484, '2025-05-04 05:00:00+00:00': 9575.46181466854, '2025-05-04 06:00:00+00:00': 9565.63895425813, '2025-05-04 10:00:00+00:00': 9510.430436726096, '2025-05-04 11:00:00+00:00': 9495.63954873898, '2025-05-04 12:00:00+00:00': 9480.324773072694, '2025-05-04 13:00:00+00:00': 9464.185681208686, '2025-05-04 17:00:00+00:00': 9400.013899476506, '2025-05-04 23:00:00+00:00': 9340.684242847316, '2025-05-05 03:00:00+00:00': 9363.99090115991, '2025-05-05 06:00:00+00:00': 9337.833543481758, '2025-05-05 07:00:00+00:00': 9323.212254692444, '2025-05-05 10:00:00+00:00': 9283.595151247708, '2025-05-05 13:00:00+00:00': 9257.11818826466, '2025-05-05 14:00:00+00:00': 9244.43137942019, '2025-05-05 17:00:00+00:00': 9250.351548192744, '2025-05-05 18:00:00+00:00': 9253.039701344549, '2025-05-05 19:00:00+00:00': 9259.141751056877, '2025-05-05 21:00:00+00:00': 9232.902549394872, '2025-05-05 22:00:00+00:00': 9273.228220862698, '2025-05-06 01:00:00+00:00': 9230.227178993187, '2025-05-06 02:00:00+00:00': 9218.112499673693, '2025-05-06 03:00:00+00:00': 9204.8661133125, '2025-05-06 08:00:00+00:00': 9157.084976307808, '2025-05-06 09:00:00+00:00': 9144.637958735373, '2025-05-06 10:00:00+00:00': 9134.559128650422, '2025-05-06 13:00:00+00:00': 9129.743235842097, '2025-05-06 14:00:00+00:00': 9117.755473287674, '2025-05-06 17:00:00+00:00': 9160.878438674577, '2025-05-06 18:00:00+00:00': 9157.267035213014, '2025-05-06 19:00:00+00:00': 9162.33206785211, '2025-05-06 20:00:00+00:00': 9152.268546914811, '2025-05-06 21:00:00+00:00': 9151.201496166637, '2025-05-07 00:00:00+00:00': 9160.26407070021, '2025-05-07 01:00:00+00:00': 9157.580019982064, '2025-05-07 02:00:00+00:00': 9153.14048632665, '2025-05-07 03:00:00+00:00': 9158.756703727548, '2025-05-07 04:00:00+00:00': 9141.569795999822, '2025-05-07 07:00:00+00:00': 9095.415522996458, '2025-05-07 08:00:00+00:00': 9093.119494981289, '2025-05-07 11:00:00+00:00': 9050.001016122076, '2025-05-07 14:00:00+00:00': 9013.25566078727, '2025-05-07 15:00:00+00:00': 9010.171141968793, '2025-05-07 18:00:00+00:00': 8976.082626609012, '2025-05-07 20:00:00+00:00': 8971.57449866169, '2025-05-07 21:00:00+00:00': 8986.66395900873, '2025-05-07 22:00:00+00:00': 8986.482166947011, '2025-05-07 23:00:00+00:00': 8974.424666909557, '2025-05-08 01:00:00+00:00': 8976.888088688924, '2025-05-08 02:00:00+00:00': 8966.389404376847, '2025-05-08 03:00:00+00:00': 8982.70745016916, '2025-05-08 04:00:00+00:00': 8974.778912478285, '2025-05-08 05:00:00+00:00': 8968.439104081772, '2025-05-08 06:00:00+00:00': 8953.497211953554, '2025-05-08 07:00:00+00:00': 8943.238847149616, '2025-05-08 08:00:00+00:00': 8932.503723829988, '2025-05-08 11:00:00+00:00': 8901.006150361807, '2025-05-08 12:00:00+00:00': 8877.136996921656, '2025-05-08 13:00:00+00:00': 8864.040869442213, '2025-05-08 14:00:00+00:00': 8851.913694098754, '2025-05-08 15:00:00+00:00': 8843.830409791675, '2025-05-08 19:00:00+00:00': 8838.82466364471, '2025-05-08 20:00:00+00:00': 8828.455660198098, '2025-05-08 21:00:00+00:00': 8830.842702968133, '2025-05-08 22:00:00+00:00': 8828.839275140881, '2025-05-08 23:00:00+00:00': 8811.098284566797, '2025-05-09 00:00:00+00:00': 8805.041491204962, '2025-05-09 02:00:00+00:00': 8789.572843714395, '2025-05-09 03:00:00+00:00': 8826.566202812295, '2025-05-09 04:00:00+00:00': 8816.609418349526, '2025-05-09 05:00:00+00:00': 8810.197743742923, '2025-05-09 06:00:00+00:00': 8800.201459562559, '2025-05-09 07:00:00+00:00': 8800.201459562559, '2025-05-09 08:00:00+00:00': 8798.726223693502, '2025-05-09 09:00:00+00:00': 8959.588471492101, '2025-05-09 11:00:00+00:00': 8953.918717046106, '2025-05-09 14:00:00+00:00': 8953.330467222971, '2025-05-09 18:00:00+00:00': 8946.727391449745, '2025-05-10 01:00:00+00:00': 8939.936508143293, '2025-05-10 03:00:00+00:00': 8927.020794953709, '2025-05-10 06:00:00+00:00': 8903.790049917732, '2025-05-10 07:00:00+00:00': 8899.551347128267, '2025-05-10 08:00:00+00:00': 8897.845474142074, '2025-05-10 13:00:00+00:00': 8889.744526814618, '2025-05-10 14:00:00+00:00': 8882.244769119332, '2025-05-10 17:00:00+00:00': 8871.106679823079, '2025-05-10 22:00:00+00:00': 8866.276201989349, '2025-05-11 00:00:00+00:00': 8883.248886077874, '2025-05-11 04:00:00+00:00': 8880.75028044874, '2025-05-11 09:00:00+00:00': 8879.70917761835, '2025-05-11 10:00:00+00:00': 8876.121855046487, '2025-05-11 11:00:00+00:00': 8869.667360001351, '2025-05-11 12:00:00+00:00': 8859.749951062264, '2025-05-11 19:00:00+00:00': 8855.987703337898, '2025-05-12 00:00:00+00:00': 8850.567939781658, '2025-05-12 01:00:00+00:00': 8845.983004265197, '2025-05-12 07:00:00+00:00': 8841.554794240037, '2025-05-12 08:00:00+00:00': 8838.637333552993, '2025-05-12 12:00:00+00:00': 8831.120024915142, '2025-05-12 14:00:00+00:00': 8818.187068195994, '2025-05-12 15:00:00+00:00': 8855.261519541289, '2025-05-12 16:00:00+00:00': 8854.982889953955, '2025-05-12 19:00:00+00:00': 8866.290341851904, '2025-05-12 21:00:00+00:00': 8879.6277653271, '2025-05-13 01:00:00+00:00': 8876.547872433359, '2025-05-13 03:00:00+00:00': 8873.358601347496, '2025-05-13 05:00:00+00:00': 8879.824016830169, '2025-05-13 08:00:00+00:00': 8882.473348834363, '2025-05-13 10:00:00+00:00': 8887.840694877234, '2025-05-13 12:00:00+00:00': 8887.740459959845, '2025-05-13 16:00:00+00:00': 8892.14761421226, '2025-05-13 18:00:00+00:00': 8895.151479241842, '2025-05-13 19:00:00+00:00': 8884.225872122244, '2025-05-13 20:00:00+00:00': 8893.196904646331, '2025-05-13 21:00:00+00:00': 8877.204554810016, '2025-05-13 23:00:00+00:00': 8859.408147109982, '2025-05-14 00:00:00+00:00': 8852.727908813615, '2025-05-14 06:00:00+00:00': 8845.987593189348, '2025-05-14 11:00:00+00:00': 8850.740645807755, '2025-05-14 12:00:00+00:00': 8846.82465843353, '2025-05-14 19:00:00+00:00': 8839.831936034372, '2025-05-14 21:00:00+00:00': 8834.509277718125, '2025-05-15 01:00:00+00:00': 8830.064966282309, '2025-05-15 12:00:00+00:00': 8823.621883612806, '2025-05-15 16:00:00+00:00': 8866.528859486882, '2025-05-15 17:00:00+00:00': 8878.587269145326, '2025-05-15 18:00:00+00:00': 8875.327610489614, '2025-05-15 19:00:00+00:00': 8912.338503793082, '2025-05-15 20:00:00+00:00': 8913.708671977827, '2025-05-15 21:00:00+00:00': 8907.06970216849, '2025-05-15 23:00:00+00:00': 8904.7402707938, '2025-05-16 00:00:00+00:00': 8896.897810632681, '2025-05-16 01:00:00+00:00': 8890.99130665904, '2025-05-16 03:00:00+00:00': 8882.793935134372, '2025-05-16 07:00:00+00:00': 8869.922033028444, '2025-05-16 10:00:00+00:00': 8867.772474103765, '2025-05-16 11:00:00+00:00': 8861.966387424629, '2025-05-16 14:00:00+00:00': 8867.259321636737, '2025-05-16 16:00:00+00:00': 8867.057570754827, '2025-05-16 20:00:00+00:00': 8850.149277462477, '2025-05-16 22:00:00+00:00': 8851.385052441936, '2025-05-17 00:00:00+00:00': 8841.02207885027, '2025-05-17 01:00:00+00:00': 8820.491668471506, '2025-05-17 03:00:00+00:00': 8811.093412537977, '2025-05-17 04:00:00+00:00': 8815.933602547506, '2025-05-17 05:00:00+00:00': 8817.420430027356, '2025-05-17 07:00:00+00:00': 8795.00240454704, '2025-05-17 08:00:00+00:00': 8790.213870326454, '2025-05-17 09:00:00+00:00': 8775.202278366633, '2025-05-17 12:00:00+00:00': 8748.6281217996, '2025-05-17 13:00:00+00:00': 8735.11136627044, '2025-05-17 16:00:00+00:00': 8714.109782357276, '2025-05-17 17:00:00+00:00': 8703.158241257115, '2025-05-17 18:00:00+00:00': 8709.88845562689, '2025-05-17 19:00:00+00:00': 8700.09226110874, '2025-05-17 20:00:00+00:00': 8690.540998045239, '2025-05-17 21:00:00+00:00': 8689.683063155799, '2025-05-18 00:00:00+00:00': 8693.675598831587, '2025-05-18 01:00:00+00:00': 8688.138667745277, '2025-05-18 05:00:00+00:00': 8677.171393101362, '2025-05-18 06:00:00+00:00': 8678.789855219518, '2025-05-18 08:00:00+00:00': 8688.038983040939, '2025-05-18 09:00:00+00:00': 8669.98278297932, '2025-05-18 10:00:00+00:00': 8663.658947630114, '2025-05-18 11:00:00+00:00': 8665.643595324309, '2025-05-18 12:00:00+00:00': 8666.176517765625, '2025-05-18 13:00:00+00:00': 8644.3847002782, '2025-05-18 14:00:00+00:00': 8657.536603679288, '2025-05-18 15:00:00+00:00': 8681.388218542359, '2025-05-18 16:00:00+00:00': 8670.714964381958, '2025-05-18 17:00:00+00:00': 8675.56402818737, '2025-05-18 18:00:00+00:00': 8685.96795508508, '2025-05-18 19:00:00+00:00': 8655.00060867011, '2025-05-18 20:00:00+00:00': 8666.846988004741, '2025-05-18 21:00:00+00:00': 8655.024452197726, '2025-05-18 22:00:00+00:00': 8654.02236410481, '2025-05-18 23:00:00+00:00': 8765.707757363238, '2025-05-19 00:00:00+00:00': 8775.584048580138, '2025-05-19 01:00:00+00:00': 8824.169840185325, '2025-05-19 02:00:00+00:00': 8803.31269053127, '2025-05-19 04:00:00+00:00': 8835.53942756845, '2025-05-19 08:00:00+00:00': 8867.92916728367, '2025-05-19 12:00:00+00:00': 8856.93656752225, '2025-05-19 14:00:00+00:00': 8887.19127501143, '2025-05-19 15:00:00+00:00': 8877.312655594835, '2025-05-19 16:00:00+00:00': 8893.527436811968, '2025-05-19 17:00:00+00:00': 8892.957537466693, '2025-05-19 20:00:00+00:00': 8904.95182604029, '2025-05-19 21:00:00+00:00': 8902.350425147164, '2025-05-19 23:00:00+00:00': 8892.541082206895, '2025-05-20 00:00:00+00:00': 8886.524727579961, '2025-05-20 01:00:00+00:00': 8877.747643786153, '2025-05-20 02:00:00+00:00': 8913.358886479718, '2025-05-20 05:00:00+00:00': 8929.538452909917, '2025-05-20 06:00:00+00:00': 8908.439657031751, '2025-05-20 07:00:00+00:00': 8926.280628793542, '2025-05-20 08:00:00+00:00': 8930.326260648993, '2025-05-20 09:00:00+00:00': 8916.796373372985, '2025-05-20 10:00:00+00:00': 8905.66388806898, '2025-05-20 12:00:00+00:00': 8897.754025087463, '2025-05-20 13:00:00+00:00': 8900.986529465963, '2025-05-20 14:00:00+00:00': 8900.600672935467, '2025-05-20 16:00:00+00:00': 8905.232632161278, '2025-05-20 18:00:00+00:00': 8948.862488037792, '2025-05-20 19:00:00+00:00': 8994.100328988248, '2025-05-20 20:00:00+00:00': 9110.071202774656, '2025-05-20 21:00:00+00:00': 9089.247540845392, '2025-05-20 22:00:00+00:00': 9077.034288945679, '2025-05-20 23:00:00+00:00': 9068.599089178788, '2025-05-21 00:00:00+00:00': 9052.263774598785, '2025-05-21 01:00:00+00:00': 9036.82210826544, '2025-05-21 04:00:00+00:00': 8990.986498589673, '2025-05-21 05:00:00+00:00': 9017.242644646754, '2025-05-21 06:00:00+00:00': 9004.040541755729, '2025-05-21 07:00:00+00:00': 8990.728868689279, '2025-05-21 08:00:00+00:00': 9058.180442567764, '2025-05-21 09:00:00+00:00': 9031.731255865214, '2025-05-21 10:00:00+00:00': 9002.87877024684, '2025-05-21 11:00:00+00:00': 8991.991160104455, '2025-05-21 12:00:00+00:00': 8981.53609774584, '2025-05-21 13:00:00+00:00': 8973.122854816644, '2025-05-21 16:00:00+00:00': 9052.694739886907, '2025-05-21 17:00:00+00:00': 9051.856595030924, '2025-05-21 18:00:00+00:00': 10130.428023602353, '2025-05-21 19:00:00+00:00': 10133.396767269387, '2025-05-21 20:00:00+00:00': 10213.467689255203, '2025-05-21 21:00:00+00:00': 10308.184662240512, '2025-05-21 23:00:00+00:00': 10318.06266658581, '2025-05-22 00:00:00+00:00': 10372.259548938751, '2025-05-22 01:00:00+00:00': 10378.797433410593, '2025-05-22 03:00:00+00:00': 10385.426391491626, '2025-05-22 04:00:00+00:00': 10462.727276447378, '2025-05-22 06:00:00+00:00': 10484.309013268921, '2025-05-22 09:00:00+00:00': 10521.461538242167, '2025-05-22 12:00:00+00:00': 10569.543591240994, '2025-05-22 13:00:00+00:00': 10570.006538313613, '2025-05-22 14:00:00+00:00': 10590.966199132774, '2025-05-22 18:00:00+00:00': 10588.29514187996, '2025-05-22 19:00:00+00:00': 10581.228209203384, '2025-05-22 21:00:00+00:00': 10606.012617283603, '2025-05-23 00:00:00+00:00': 10602.16986107029, '2025-05-23 06:00:00+00:00': 10589.182005605024, '2025-05-23 07:00:00+00:00': 10599.323535223411, '2025-05-23 11:00:00+00:00': 10616.87992833264, '2025-05-23 12:00:00+00:00': 10752.22083742355, '2025-05-23 13:00:00+00:00': 10753.9154116604, '2025-05-23 14:00:00+00:00': 10863.241404125896, '2025-05-23 16:00:00+00:00': 10903.872472087061, '2025-05-23 17:00:00+00:00': 10886.22457994143, '2025-05-23 19:00:00+00:00': 10906.833275593604, '2025-05-23 20:00:00+00:00': 10895.843163781594, '2025-05-23 21:00:00+00:00': 10883.168350988632, '2025-05-23 23:00:00+00:00': 10863.310125492355, '2025-05-24 00:00:00+00:00': 10858.656128322058, '2025-05-24 06:00:00+00:00': 10845.48880780855, '2025-05-24 11:00:00+00:00': 10859.08168132755, '2025-05-24 13:00:00+00:00': 10859.410841522693, '2025-05-24 23:00:00+00:00': 10861.112320390874, '2025-05-25 13:00:00+00:00': 10852.518365607493, '2025-05-25 14:00:00+00:00': 10852.169503278297, '2025-05-25 17:00:00+00:00': 10842.29584704145, '2025-05-25 18:00:00+00:00': 10832.254732591233, '2025-05-25 19:00:00+00:00': 10836.58343773467, '2025-05-25 23:00:00+00:00': 11063.93037651018, '2025-05-26 01:00:00+00:00': 11073.711764337822, '2025-05-26 09:00:00+00:00': 11076.100400645137, '2025-05-26 16:00:00+00:00': 11098.314484853698, '2025-05-26 21:00:00+00:00': 11111.944783323459, '2025-05-27 02:00:00+00:00': 11133.073276571859, '2025-05-27 04:00:00+00:00': 11174.05570477705, '2025-05-27 08:00:00+00:00': 11215.6392991398, '2025-05-27 11:00:00+00:00': 11203.444530861376, '2025-05-27 12:00:00+00:00': 11193.240843939322, '2025-05-27 15:00:00+00:00': 11189.674302110983, '2025-05-27 18:00:00+00:00': 11178.258468276264, '2025-05-27 19:00:00+00:00': 11181.935935267102, '2025-05-27 20:00:00+00:00': 11171.073015276646, '2025-05-27 21:00:00+00:00': 11155.585311877154, '2025-05-27 22:00:00+00:00': 11163.155734412365, '2025-05-28 00:00:00+00:00': 11144.835192721155, '2025-05-28 02:00:00+00:00': 11127.68287484036, '2025-05-28 03:00:00+00:00': 11113.626242804223, '2025-05-28 05:00:00+00:00': 11097.729872517653, '2025-05-28 06:00:00+00:00': 11069.854617366273, '2025-05-28 09:00:00+00:00': 10990.495813890195, '2025-05-28 10:00:00+00:00': 10972.47112253217, '2025-05-28 11:00:00+00:00': 10951.236182773133, '2025-05-28 12:00:00+00:00': 10921.763870704965, '2025-05-28 13:00:00+00:00': 10891.763870704965, '2025-05-28 16:00:00+00:00': 10858.903546702206, '2025-05-28 17:00:00+00:00': 10844.48185864326, '2025-05-28 20:00:00+00:00': 10834.04918607561, '2025-05-28 22:00:00+00:00': 10817.036460032383, '2025-05-28 23:00:00+00:00': 10799.662666029131, '2025-05-29 03:00:00+00:00': 10742.94100419406, '2025-05-29 04:00:00+00:00': 10727.10615168509, '2025-05-29 05:00:00+00:00': 10712.744893971578, '2025-05-29 10:00:00+00:00': 10695.82842753895, '2025-05-29 11:00:00+00:00': 10677.43180699575, '2025-05-29 14:00:00+00:00': 10634.880003835353, '2025-05-29 16:00:00+00:00': 10623.397013149133, '2025-05-30 23:00:00+00:00': 10641.897013149133, '2025-05-31 00:00:00+00:00': 10611.897013149133, '2025-05-31 01:00:00+00:00': 10581.897013149133, '2025-05-31 02:00:00+00:00': 10595.987922240041, '2025-05-31 03:00:00+00:00': 10604.339637926316, '2025-05-31 04:00:00+00:00': 10525.320030083178, '2025-05-31 05:00:00+00:00': 10465.320030083178, '2025-05-31 06:00:00+00:00': 10830.662330639765, '2025-05-31 07:00:00+00:00': 10753.025967003401, '2025-05-31 08:00:00+00:00': 10714.112923525141, '2025-05-31 09:00:00+00:00': 10685.37864679558, '2025-05-31 10:00:00+00:00': 10627.73576544547, '2025-05-31 11:00:00+00:00': 10517.411651089931, '2025-05-31 12:00:00+00:00': 10380.363156106652, '2025-05-31 13:00:00+00:00': 10244.641812233134, '2025-05-31 14:00:00+00:00': 10338.037161070344, '2025-05-31 15:00:00+00:00': 10279.000428217316, '2025-05-31 16:00:00+00:00': 10220.234897871698, '2025-05-31 17:00:00+00:00': 10151.64568002654, '2025-05-31 18:00:00+00:00': 10249.35854234538, '2025-05-31 19:00:00+00:00': 10231.879203775332, '2025-05-31 20:00:00+00:00': 10204.528457477745, '2025-05-31 21:00:00+00:00': 10175.658926378353, '2025-05-31 22:00:00+00:00': 10167.249563139745, '2025-05-31 23:00:00+00:00': 10147.042091997904, '2025-06-01 00:00:00+00:00': 10126.486658808188, '2025-06-01 01:00:00+00:00': 10096.96539564779, '2025-06-01 02:00:00+00:00': 10068.695433346564, '2025-06-01 03:00:00+00:00': 10010.114566979717, '2025-06-01 04:00:00+00:00': 9931.516971550293, '2025-06-01 05:00:00+00:00': 9882.056315159647, '2025-06-01 06:00:00+00:00': 9822.191667076107, '2025-06-01 07:00:00+00:00': 9770.207632615067, '2025-06-01 08:00:00+00:00': 9704.461965668315, '2025-06-01 09:00:00+00:00': 9596.43136945284, '2025-06-01 10:00:00+00:00': 9604.735536119506, '2025-06-01 11:00:00+00:00': 9563.401847387455, '2025-06-01 12:00:00+00:00': 9518.796526233482, '2025-06-01 13:00:00+00:00': 9456.961033132318, '2025-06-01 14:00:00+00:00': 9381.53603895379, '2025-06-01 15:00:00+00:00': 9280.833104022773, '2025-06-01 16:00:00+00:00': 9200.961685829652, '2025-06-01 17:00:00+00:00': 9162.468616626144, '2025-06-01 18:00:00+00:00': 9137.721823368465, '2025-06-01 19:00:00+00:00': 9147.285676851925, '2025-06-01 20:00:00+00:00': 9094.668544205873, '2025-06-02 01:00:00+00:00': 9023.931104964404, '2025-06-02 02:00:00+00:00': 8988.181104964404, '2025-06-02 03:00:00+00:00': 8928.181104964404, '2025-06-02 04:00:00+00:00': 8937.466819250118, '2025-06-02 05:00:00+00:00': 8888.74588901756, '2025-06-02 06:00:00+00:00': 8828.74588901756, '2025-06-02 07:00:00+00:00': 8746.700434472106, '2025-06-02 08:00:00+00:00': 8663.605196376868, '2025-06-02 09:00:00+00:00': 8615.730196376868, '2025-06-02 10:00:00+00:00': 8614.876537840282, '2025-06-02 11:00:00+00:00': 8554.876537840282, '2025-06-02 12:00:00+00:00': 8485.211682767818, '2025-06-02 13:00:00+00:00': 8425.211682767818, '2025-06-02 14:00:00+00:00': 8364.76302411842, '2025-06-02 15:00:00+00:00': 8275.977263895646, '2025-06-02 16:00:00+00:00': 8177.950577636065, '2025-06-02 17:00:00+00:00': 8142.00526824476, '2025-06-02 18:00:00+00:00': 8095.1115917497345, '2025-06-02 19:00:00+00:00': 8054.792442813565, '2025-06-03 01:00:00+00:00': 8051.72180526281, '2025-06-03 02:00:00+00:00': 8001.756609121308, '2025-06-03 03:00:00+00:00': 8021.953930105018, '2025-06-03 04:00:00+00:00': 8017.341374529994, '2025-06-03 05:00:00+00:00': 7993.33419713076, '2025-06-03 06:00:00+00:00': 7956.093789058592, '2025-06-03 07:00:00+00:00': 7916.514629719493, '2025-06-03 08:00:00+00:00': 7912.589137296987, '2025-06-03 09:00:00+00:00': 7887.421020875406, '2025-06-03 10:00:00+00:00': 7843.727745450744, '2025-06-30 20:00:00+00:00': 7837.548979696802, '2025-06-30 21:00:00+00:00': 7806.600393221561, '2025-06-30 22:00:00+00:00': 7870.6287767672975, '2025-06-30 23:00:00+00:00': 7836.303062215808, '2025-07-01 00:00:00+00:00': 7807.255600037361, '2025-07-01 01:00:00+00:00': 7779.093036144845, '2025-07-01 02:00:00+00:00': 7746.870082058646, '2025-07-01 03:00:00+00:00': 7710.996742522399, '2025-07-01 04:00:00+00:00': 7676.077339233187, '2025-07-01 05:00:00+00:00': 7741.01388825541, '2025-07-01 06:00:00+00:00': 7698.348153722725, '2025-07-01 07:00:00+00:00': 7669.247430499915, '2025-07-01 08:00:00+00:00': 7637.675348835106, '2025-07-01 09:00:00+00:00': 7609.63418711122, '2025-07-01 10:00:00+00:00': 7549.412990699879, '2025-07-01 11:00:00+00:00': 7492.727099627584, '2025-07-01 12:00:00+00:00': 7452.189340198881, '2025-07-01 13:00:00+00:00': 7399.36500217849, '2025-07-01 14:00:00+00:00': 7355.0415238099395, '2025-07-01 15:00:00+00:00': 7383.690887338406, '2025-07-01 16:00:00+00:00': 7338.87325759064, '2025-07-01 17:00:00+00:00': 7347.953989557814, '2025-07-01 18:00:00+00:00': 7314.7958961928925, '2025-07-01 19:00:00+00:00': 7346.207045146639, '2025-07-01 20:00:00+00:00': 7342.349200865011, '2025-07-01 21:00:00+00:00': 7344.340454685219, '2025-07-01 22:00:00+00:00': 7303.029423854613, '2025-07-01 23:00:00+00:00': 7275.810836040024, '2025-07-02 00:00:00+00:00': 7245.974962354446, '2025-07-02 01:00:00+00:00': 7242.241210268909, '2025-07-02 02:00:00+00:00': 7225.060897549288, '2025-07-02 03:00:00+00:00': 7199.451850297129, '2025-07-02 04:00:00+00:00': 7180.160182945115, '2025-07-02 05:00:00+00:00': 7160.528426590612, '2025-07-02 06:00:00+00:00': 7126.004488918653, '2025-07-02 07:00:00+00:00': 7102.727354441995, '2025-07-02 08:00:00+00:00': 7075.358244077835, '2025-07-02 09:00:00+00:00': 7050.156037292374, '2025-07-02 10:00:00+00:00': 7009.487625675598, '2025-07-02 11:00:00+00:00': 6971.090154044143, '2025-07-0