number,value,params_BTC_VS_ETH_WEIGHT,params_CONVERGENCE_THRESHOLD,params_DAILY_LOSS_LIMIT,params_FIXED_TRADE_PCT,params_MAX_CONCURRENT_POSITIONS,params_MAX_DRAWDOWN_LIMIT,params_MAX_HOLD_HOURS,params_MAX_POSITION_PCT,params_MIN_DIV,params_MIN_TIME_BETWEEN_TRADES,params_STOP_LOSS_PCT,params_STRIKE_SELECTION_STRATEGY,params_TAKE_PROFIT_PCT,params_TRAIL_PCT,state,user_attrs_cooldown_trades_pct,user_attrs_equity_curves,user_attrs_total_trades
33,-0.8831910383902304,0.7,0.6,0.15,0.065,2.0,0.15,48.0,0.6,0.035,4.0,0.02,nearest,0.05,0.25,COMPLETE,0.0,"[{'2025-05-01 00:00:00+00:00': 10000.0, '2025-05-01 01:00:00+00:00': 9971.22211319776, '2025-05-01 05:00:00+00:00': 9964.81010614103, '2025-05-01 10:00:00+00:00': 9956.234691037824, '2025-05-01 14:00:00+00:00': 9970.472359824824, '2025-05-01 19:00:00+00:00': 9958.142529439638, '2025-05-01 23:00:00+00:00': 9941.711104897437, '2025-05-02 03:00:00+00:00': 9928.198139620274, '2025-05-02 07:00:00+00:00': 9913.818412568715, '2025-05-02 11:00:00+00:00': 9902.168336760064, '2025-05-02 15:00:00+00:00': 9901.026369264126, '2025-05-02 20:00:00+00:00': 9925.857382261274, '2025-05-03 00:00:00+00:00': 9911.295048089105, '2025-05-03 13:00:00+00:00': 9900.382267640529, '2025-05-03 17:00:00+00:00': 9888.236413111554, '2025-05-03 21:00:00+00:00': 9871.693237926705, '2025-05-04 01:00:00+00:00': 9854.31052800091, '2025-05-04 06:00:00+00:00': 9844.201614339, '2025-05-04 10:00:00+00:00': 9821.292369369958, '2025-05-04 14:00:00+00:00': 9799.989690426706, '2025-05-04 18:00:00+00:00': 9779.372631986762, '2025-05-04 22:00:00+00:00': 9768.078257890931, '2025-05-05 02:00:00+00:00': 9786.924309945878, '2025-05-05 06:00:00+00:00': 9778.70211309008, '2025-05-05 10:00:00+00:00': 9763.529962245148, '2025-05-05 14:00:00+00:00': 9750.149119983105, '2025-05-05 18:00:00+00:00': 9752.982514362866, '2025-05-05 22:00:00+00:00': 9795.57968969333, '2025-05-06 02:00:00+00:00': 9782.722984827033, '2025-05-06 06:00:00+00:00': 9769.885325689605, '2025-05-06 13:00:00+00:00': 9764.734478252363, '2025-05-06 17:00:00+00:00': 9762.661478832342, '2025-05-06 21:00:00+00:00': 9761.523263188674, '2025-05-07 01:00:00+00:00': 9758.663037400143, '2025-05-07 05:00:00+00:00': 9742.804875641772, '2025-05-07 09:00:00+00:00': 9724.107734625008, '2025-05-07 13:00:00+00:00': 9715.225602419365, '2025-05-07 17:00:00+00:00': 9690.647803317954, '2025-05-07 21:00:00+00:00': 9706.946686617326, '2025-05-08 01:00:00+00:00': 9709.611180973954, '2025-05-08 05:00:00+00:00': 9702.752285051021, '2025-05-08 09:00:00+00:00': 9700.982541629333, '2025-05-08 13:00:00+00:00': 9686.671023840989, '2025-05-08 17:00:00+00:00': 9684.126050389541, '2025-05-08 21:00:00+00:00': 9686.744449797367, '2025-05-09 02:00:00+00:00': 9669.72683149599, '2025-05-09 06:00:00+00:00': 9665.167332656001, '2025-05-09 11:00:00+00:00': 9659.05107791618, '2025-05-09 18:00:00+00:00': 9651.92753362186, '2025-05-10 04:00:00+00:00': 9639.983883596315, '2025-05-10 08:00:00+00:00': 9638.136083920472, '2025-05-10 13:00:00+00:00': 9625.997564552908, '2025-05-10 17:00:00+00:00': 9613.926829820146, '2025-05-10 22:00:00+00:00': 9608.691872996531, '2025-05-11 04:00:00+00:00': 9605.989220857615, '2025-05-11 09:00:00+00:00': 9604.863097247478, '2025-05-11 19:00:00+00:00': 9600.784441017893, '2025-05-12 01:00:00+00:00': 9595.810864421564, '2025-05-12 07:00:00+00:00': 9591.007298119337, '2025-05-12 12:00:00+00:00': 9590.810576994621, '2025-05-12 16:00:00+00:00': 9590.50880345723, '2025-05-12 21:00:00+00:00': 9604.935657566726, '2025-05-13 01:00:00+00:00': 9601.604192120381, '2025-05-13 05:00:00+00:00': 9608.600230846101, '2025-05-13 10:00:00+00:00': 9614.406348174145, '2025-05-13 16:00:00+00:00': 9619.173833454874, '2025-05-13 20:00:00+00:00': 9628.886995024252, '2025-05-14 11:00:00+00:00': 9634.060708649995, '2025-05-14 19:00:00+00:00': 9626.445737774766, '2025-05-15 01:00:00+00:00': 9621.603032703806, '2025-05-15 12:00:00+00:00': 9614.582384046116, '2025-05-15 16:00:00+00:00': 9660.146263737513, '2025-05-15 20:00:00+00:00': 9661.63139865075, '2025-05-16 00:00:00+00:00': 9650.052352650462, '2025-05-16 05:00:00+00:00': 9643.191781800575, '2025-05-16 10:00:00+00:00': 9640.854826765371, '2025-05-16 14:00:00+00:00': 9646.612963065567, '2025-05-16 20:00:00+00:00': 9628.218161863953, '2025-05-17 00:00:00+00:00': 9616.945692080406, '2025-05-17 04:00:00+00:00': 9622.228560196949, '2025-05-17 08:00:00+00:00': 9616.989633745377, '2025-05-17 12:00:00+00:00': 9587.866272240572, '2025-05-17 16:00:00+00:00': 9575.599782825297, '2025-05-17 20:00:00+00:00': 9563.080596035019, '2025-05-18 00:00:00+00:00': 9567.474420317518, '2025-05-18 05:00:00+00:00': 9555.3971361455, '2025-05-18 09:00:00+00:00': 9535.53832074478, '2025-05-18 13:00:00+00:00': 9511.56042111349, '2025-05-18 17:00:00+00:00': 9516.87972448818, '2025-05-18 21:00:00+00:00': 9503.897650214854, '2025-05-19 01:00:00+00:00': 9556.515731030237, '2025-05-19 08:00:00+00:00': 9591.548459891892, '2025-05-19 12:00:00+00:00': 9579.658868610442, '2025-05-19 16:00:00+00:00': 9597.156514431375, '2025-05-19 20:00:00+00:00': 9610.10058441429, '2025-05-20 01:00:00+00:00': 9600.60883587568, '2025-05-20 05:00:00+00:00': 9618.035901296105, '2025-05-20 10:00:00+00:00': 9606.027929055726, '2025-05-20 14:00:00+00:00': 9605.611509078424, '2025-05-20 18:00:00+00:00': 9652.672766550051, '2025-05-20 22:00:00+00:00': 9639.702438316213, '2025-05-21 02:00:00+00:00': 9614.439466255399, '2025-05-21 06:00:00+00:00': 9600.36301028375, '2025-05-21 10:00:00+00:00': 9569.693991483451, '2025-05-21 14:00:00+00:00': 9581.662804221427, '2025-05-21 18:00:00+00:00': 10660.234232792856, '2025-05-22 00:00:00+00:00': 10714.431115145797, '2025-05-22 04:00:00+00:00': 10791.732000101549, '2025-05-22 09:00:00+00:00': 10829.973918775533, '2025-05-22 13:00:00+00:00': 10830.448272722699, '2025-05-22 18:00:00+00:00': 10827.71681773869, '2025-05-23 00:00:00+00:00': 10823.793733957935, '2025-05-23 07:00:00+00:00': 10834.159957210888, '2025-05-23 11:00:00+00:00': 10852.10532613797, '2025-05-23 16:00:00+00:00': 10892.736394099134, '2025-05-23 20:00:00+00:00': 10881.760486804595, '2025-05-24 00:00:00+00:00': 10877.098585236068, '2025-05-24 06:00:00+00:00': 10863.90890120553, '2025-05-24 11:00:00+00:00': 10890.293665565656, '2025-05-24 23:00:00+00:00': 10891.999983229722, '2025-05-25 13:00:00+00:00': 10883.3815882997, '2025-05-25 17:00:00+00:00': 10873.479534294294, '2025-05-25 23:00:00+00:00': 11100.826473069805, '2025-05-26 09:00:00+00:00': 11103.220958109605, '2025-05-26 16:00:00+00:00': 11125.489434958672, '2025-05-26 21:00:00+00:00': 11139.153108107204, '2025-05-27 02:00:00+00:00': 11160.333335855523, '2025-05-27 08:00:00+00:00': 11201.86586322541, '2025-05-27 12:00:00+00:00': 11191.663614096016, '2025-05-27 18:00:00+00:00': 11180.245750742433, '2025-05-27 22:00:00+00:00': 11187.816173277644, '2025-05-28 02:00:00+00:00': 11170.66385539685, '2025-05-28 06:00:00+00:00': 11142.605404816735, '2025-05-28 10:00:00+00:00': 11124.58071345871, '2025-05-28 14:00:00+00:00': 11117.954207434614, '2025-05-28 20:00:00+00:00': 11107.258447380773, '2025-05-29 00:00:00+00:00': 11087.273850518288, '2025-05-29 04:00:00+00:00': 11070.931459167448, '2025-05-29 10:00:00+00:00': 11053.449381300336, '2025-05-29 14:00:00+00:00': 11040.675089021559, '2025-05-30 23:00:00+00:00': 11059.175089021559, '2025-05-31 03:00:00+00:00': 11067.526804707833, '2025-05-31 07:00:00+00:00': 10989.89044107147, '2025-05-31 11:00:00+00:00': 10881.528242746163, '2025-05-31 15:00:00+00:00': 10822.657480022452, '2025-05-31 19:00:00+00:00': 10775.55513429123, '2025-05-31 23:00:00+00:00': 10745.451974372712, '2025-06-01 03:00:00+00:00': 10687.228184929445, '2025-06-01 07:00:00+00:00': 10635.42375597813, '2025-06-01 11:00:00+00:00': 10594.066235184024, '2025-06-01 15:00:00+00:00': 10492.768543315753, '2025-06-01 19:00:00+00:00': 10495.643888966635, '2025-06-01 23:00:00+00:00': 10404.990093524311, '2025-06-02 03:00:00+00:00': 10344.990093524311, '2025-06-02 07:00:00+00:00': 10262.944638978857, '2025-06-02 11:00:00+00:00': 10202.944638978857, '2025-06-02 15:00:00+00:00': 10113.250761427837, '2025-06-02 19:00:00+00:00': 10019.855291950476, '2025-06-02 23:00:00+00:00': 9908.079178556633, '2025-06-03 03:00:00+00:00': 9941.196667101756, '2025-06-03 07:00:00+00:00': 9856.224470870913, '2025-06-03 11:00:00+00:00': 9785.846772722616, '2025-06-03 15:00:00+00:00': 9593.954009153731, '2025-06-03 19:00:00+00:00': 9524.025804158673, '2025-06-03 23:00:00+00:00': 9397.881556554099, '2025-06-04 03:00:00+00:00': 9342.405302240666, '2025-06-04 07:00:00+00:00': 9249.893787522284, '2025-06-04 11:00:00+00:00': 9189.893787522284, '2025-06-04 15:00:00+00:00': 9121.00147072114, '2025-06-04 19:00:00+00:00': 9092.291793301785, '2025-06-04 23:00:00+00:00': 9087.405429665421, '2025-06-05 03:00:00+00:00': 8975.833031475377, '2025-06-05 07:00:00+00:00': 8875.41636480871, '2025-06-05 11:00:00+00:00': 8859.50727389962, '2025-06-05 15:00:00+00:00': 8772.251242564418, '2025-06-05 19:00:00+00:00': 8737.123037436213, '2025-06-05 23:00:00+00:00': 8668.840008140065, '2025-06-06 03:00:00+00:00': 8571.532315832374, '2025-06-06 07:00:00+00:00': 8488.437077737135, '2025-06-06 11:00:00+00:00': 8345.294220594278, '2025-06-06 15:00:00+00:00': 8318.421893251369, '2025-06-06 19:00:00+00:00': 8288.421893251369, '2025-06-06 23:00:00+00:00': 8258.421893251369, '2025-06-07 03:00:00+00:00': 8223.602031851104, '2025-06-07 07:00:00+00:00': 8199.962312044989, '2025-06-07 11:00:00+00:00': 8177.066857619834, '2025-06-07 15:00:00+00:00': 8196.11382681596, '2025-06-07 19:00:00+00:00': 8169.306243578531, '2025-06-07 23:00:00+00:00': 8124.915552595214, '2025-06-08 03:00:00+00:00': 8098.481360504138, '2025-06-08 07:00:00+00:00': 8072.492335431498, '2025-06-08 11:00:00+00:00': 8045.405853320271, '2025-06-08 15:00:00+00:00': 8017.446702676119, '2025-06-30 20:00:00+00:00': 8011.267936922177, '2025-07-01 00:00:00+00:00': 7982.221190671677, '2025-07-01 04:00:00+00:00': 7947.130631859631, '2025-07-01 08:00:00+00:00': 7915.34744975783, '2025-07-01 12:00:00+00:00': 7874.3504876560055, '2025-07-01 16:00:00+00:00': 7828.806503088286, '2025-07-01 20:00:00+00:00': 7824.649272530891, '2025-07-02 00:00:00+00:00': 7794.219731872302, '2025-07-02 04:00:00+00:00': 7774.4919551010635, '2025-07-02 08:00:00+00:00': 7746.324925981601, '2025-07-02 12:00:00+00:00': 7709.804535971637, '2025-07-02 16:00:00+00:00': 7695.2196636368535, '2025-07-02 20:00:00+00:00': 7666.910751900367, '2025-07-03 00:00:00+00:00': 7727.404433597914, '2025-07-03 04:00:00+00:00': 7693.059003219565, '2025-07-03 08:00:00+00:00': 7676.061572348225, '2025-07-03 09:00:00+00:00': 7665.524419386748, '2025-07-03 12:00:00+00:00': 7651.806789469316, '2025-07-03 13:00:00+00:00': 7664.188274543924, '2025-07-03 16:00:00+00:00': 7712.05149810614, '2025-07-03 17:00:00+00:00': 7699.870310979663, '2025-07-03 20:00:00+00:00': 7686.424628586371, '2025-07-03 23:00:00+00:00': 7673.4021752877525, '2025-07-04 00:00:00+00:00': 7657.933061296599, '2025-07-04 03:00:00+00:00': 7659.281984186534, '2025-07-04 04:00:00+00:00': 7643.598289568325, '2025-07-04 07:00:00+00:00': 7625.036314172789, '2025-07-04 08:00:00+00:00': 7607.836569871465, '2025-07-04 11:00:00+00:00': 7594.749584351217, '2025-07-04 12:00:00+00:00': 7574.810514203425, '2025-07-04 15:00:00+00:00': 7562.0259632593725, '2025-07-04 16:00:00+00:00': 7541.4804140806755, '2025-07-04 19:00:00+00:00': 7536.617735448369, '2025-07-04 20:00:00+00:00': 7521.386880199349, '2025-07-04 23:00:00+00:00': 7508.295016524472, '2025-07-05 00:00:00+00:00': 7483.058554165189, '2025-07-05 03:00:00+00:00': 7468.685149456917, '2025-07-05 04:00:00+00:00': 7454.905909821806, '2025-07-05 07:00:00+00:00': 7442.654336623175, '2025-07-05 08:00:00+00:00': 7427.6344100340575, '2025-07-05 11:00:00+00:00': 7414.792723291543, '2025-07-05 12:00:00+00:00': 7400.212130227758, '2025-07-05 15:00:00+00:00': 7379.9296470316, '2025-07-05 16:00:00+00:00': 7364.0131447676, '2025-07-05 19:00:00+00:00': 7334.0131447676, '2025-07-05 20:00:00+00:00': 7319.023232735809, '2025-07-05 23:00:00+00:00': 7306.040148240205, '2025-07-06 00:00:00+00:00': 7283.022254314162, '2025-07-06 03:00:00+00:00': 7260.155718594648, '2025-07-06 04:00:00+00:00': 7241.000930013179, '2025-07-06 07:00:00+00:00': 7227.226327116636, '2025-07-06 08:00:00+00:00': 7208.130750049302, '2025-07-06 11:00:00+00:00': 7193.243308439324, '2025-07-06 12:00:00+00:00': 7174.109332111743, '2025-07-06 15:00:00+00:00': 7161.708563590731, '2025-07-06 16:00:00+00:00': 7146.1331456025155, '2025-07-06 19:00:00+00:00': 7143.07759004696, '2025-07-06 20:00:00+00:00': 7122.467303389354, '2025-07-06 23:00:00+00:00': 7107.872206495161, '2025-07-07 00:00:00+00:00': 7086.2056969781, '2025-07-07 03:00:00+00:00': 7070.711557974879, '2025-07-07 04:00:00+00:00': 7056.282272619872, '2025-07-07 07:00:00+00:00': 7049.264437511663, '2025-07-07 08:00:00+00:00': 7038.069580516525, '2025-07-07 11:00:00+00:00': 7021.28217241277, '2025-07-07 12:00:00+00:00': 7010.209158244635, '2025-07-07 15:00:00+00:00': 7006.0904578888585, '2025-07-07 16:00:00+00:00': 6979.869100298974, '2025-07-07 19:00:00+00:00': 6961.565873271963, '2025-07-07 20:00:00+00:00': 6946.804364840178, '2025-07-07 23:00:00+00:00': 6925.808228290477, '2025-07-08 00:00:00+00:00': 6911.252494917221, '2025-07-08 03:00:00+00:00': 6896.026231456716, '2025-07-08 04:00:00+00:00': 6880.287736296029, '2025-07-08 07:00:00+00:00': 6866.341618912778, '2025-07-08 08:00:00+00:00': 6849.30763502343, '2025-07-08 11:00:00+00:00': 6840.717397497341, '2025-07-08 12:00:00+00:00': 6826.556340287175, '2025-07-08 15:00:00+00:00': 6827.187919234543, '2025-07-08 16:00:00+00:00': 6813.9079468625105, '2025-07-08 19:00:00+00:00': 6796.772503781703, '2025-07-08 20:00:00+00:00': 6771.785439653444, '2025-07-08 23:00:00+00:00': 6755.2096551630475, '2025-07-09 00:00:00+00:00': 6741.567772679529, '2025-07-09 03:00:00+00:00': 6716.516752271366, '2025-07-09 04:00:00+00:00': 6697.82634755689, '2025-07-09 07:00:00+00:00': 6683.1007858454905, '2025-07-09 08:00:00+00:00': 6663.86993166519, '2025-07-09 11:00:00+00:00': 6645.407323148178, '2025-07-09 12:00:00+00:00': 6628.138715145038, '2025-07-09 15:00:00+00:00': 6609.263389939441, '2025-07-09 16:00:00+00:00': 6592.684927925236, '2025-07-09 19:00:00+00:00': 6584.237515268319, '2025-07-09 20:00:00+00:00': 6571.249952312197, '2025-07-10 00:00:00+00:00': 6552.090099683055, '2025-07-10 04:00:00+00:00': 6523.242885317072, '2025-07-10 08:00:00+00:00': 6512.425206964884, '2025-07-10 13:00:00+00:00': 6500.142144667393, '2025-07-10 15:00:00+00:00': 6490.832200566187, '2025-07-10 17:00:00+00:00': 6484.997253910835, '2025-07-10 19:00:00+00:00': 6520.874013715586, '2025-07-10 22:00:00+00:00': 6517.799502316102, '2025-07-11 00:00:00+00:00': 6537.773846745407, '2025-07-11 03:00:00+00:00': 6546.190479659507, '2025-07-11 06:00:00+00:00': 6547.63681204383, '2025-07-11 07:00:00+00:00': 6529.343776244959, '2025-07-11 11:00:00+00:00': 6549.012719342929, '2025-07-11 15:00:00+00:00': 6536.7395712730095, '2025-07-11 16:00:00+00:00': 6627.113092083845, '2025-07-11 19:00:00+00:00': 6599.747576986543, '2025-07-11 20:00:00+00:00': 6574.279640265448, '2025-07-11 23:00:00+00:00': 6553.6065633423705, '2025-07-12 00:00:00+00:00': 6533.046319155599, '2025-07-12 03:00:00+00:00': 6516.836095114161, '2025-07-12 04:00:00+00:00': 6492.427830567369, '2025-07-12 07:00:00+00:00': 6462.887346369359, '2025-07-12 08:00:00+00:00': 6426.50027973441, '2025-07-12 11:00:00+00:00': 6403.78848114186, '2025-07-12 12:00:00+00:00': 6410.818159461563, '2025-07-12 15:00:00+00:00': 6386.516326236974, '2025-07-12 16:00:00+00:00': 6378.282861396358, '2025-07-12 19:00:00+00:00': 6349.325704382152, '2025-07-12 20:00:00+00:00': 6329.835955042985, '2025-07-12 23:00:00+00:00': 6307.525108320889, '2025-07-13 00:00:00+00:00': 6278.204913271207, '2025-07-13 03:00:00+00:00': 6253.545898059552, '2025-07-13 04:00:00+00:00': 6236.687307595717, '2025-07-13 07:00:00+00:00': 6214.596225170323, '2025-07-13 08:00:00+00:00': 6192.94881728896, '2025-07-13 11:00:00+00:00': 6179.575894711338, '2025-07-13 12:00:00+00:00': 6148.179305136403, '2025-07-13 15:00:00+00:00': 6131.08199337553, '2025-07-13 16:00:00+00:00': 6105.665934759507, '2025-07-13 19:00:00+00:00': 6077.468700019183, '2025-07-13 20:00:00+00:00': 6062.97292464688, '2025-07-13 23:00:00+00:00': 6028.354624788797, '2025-07-14 00:00:00+00:00': 5991.837967518684, '2025-07-14 03:00:00+00:00': 5990.542610514042, '2025-07-14 04:00:00+00:00': 5991.100097600252, '2025-07-14 07:00:00+00:00': 5972.7473784454705, '2025-07-14 08:00:00+00:00': 5972.447776486663, '2025-07-14 11:00:00+00:00': 5975.007877514019, '2025-07-14 12:00:00+00:00': 5969.5648395393355, '2025-07-14 15:00:00+00:00': 5982.568689839361, '2025-07-14 16:00:00+00:00': 6037.206577151588, '2025-07-14 19:00:00+00:00': 6026.102681047692, '2025-07-14 20:00:00+00:00': 5997.151136275039, '2025-07-14 23:00:00+00:00': 5974.07970770361, '2025-07-15 00:00:00+00:00': 5973.81975942587, '2025-07-15 03:00:00+00:00': 6010.716311150008, '2025-07-15 04:00:00+00:00': 6055.720404272459, '2025-07-15 07:00:00+00:00': 6043.851245393954, '2025-07-15 08:00:00+00:00': 6043.666060795331, '2025-07-15 11:00:00+00:00': 6017.847095278089, '2025-07-15 12:00:00+00:00': 5992.25618618718, '2025-07-15 15:00:00+00:00': 6074.932953863948, '2025-07-15 16:00:00+00:00': 6139.238509419503, '2025-07-15 19:00:00+00:00': 6145.500191662494, '2025-07-15 20:00:00+00:00': 6345.252524301946, '2025-07-15 23:00:00+00:00': 6304.777003751882, '2025-07-16 00:00:00+00:00': 6261.933693790347, '2025-07-16 03:00:00+00:00': 6277.260796594085, '2025-07-16 04:00:00+00:00': 6250.67262926295, '2025-07-16 07:00:00+00:00': 6194.456413046734, '2025-07-16 08:00:00+00:00': 6150.430757595178, '2025-07-16 11:00:00+00:00': 6130.641283910967, '2025-07-16 12:00:00+00:00': 6090.793880490968, '2025-07-16 15:00:00+00:00': 6031.399941097029, '2025-07-16 16:00:00+00:00': 6052.985194236416, '2025-07-16 19:00:00+00:00': 6006.996183247405, '2025-07-16 20:00:00+00:00': 5982.571620929418, '2025-07-16 23:00:00+00:00': 6017.964879356384, '2025-07-17 00:00:00+00:00': 5996.010991093214, '2025-07-17 03:00:00+00:00': 5948.048028130252, '2025-07-17 04:00:00+00:00': 5987.333742415965, '2025-07-17 07:00:00+00:00': 5947.91626668781, '2025-07-17 08:00:00+00:00': 5911.889646992258, '2025-07-17 11:00:00+00:00': 5911.889646992258, '2025-07-17 12:00:00+00:00': 5916.949887956113, '2025-07-17 15:00:00+00:00': 5862.939986966015, '2025-07-17 16:00:00+00:00': 5886.995231654028, '2025-07-17 19:00:00+00:00': 5836.574179022449, '2025-07-17 20:00:00+00:00': 5878.263917506454, '2025-07-17 23:00:00+00:00': 5919.397250839787, '2025-07-18 00:00:00+00:00': 5888.6840805894635, '2025-07-18 03:00:00+00:00': 5852.385379290762, '2025-07-18 04:00:00+00:00': 5821.238855041371, '2025-07-18 07:00:00+00:00': 5817.814197507124, '2025-07-18 08:00:00+00:00': 6127.314197507124, '2025-07-18 11:00:00+00:00': 6083.049491624771, '2025-07-18 12:00:00+00:00': 6066.367068866991, '2025-07-18 15:00:00+00:00': 6074.036971779612, '2025-07-18 16:00:00+00:00': 6145.548599686589, '2025-07-18 19:00:00+00:00': 6123.308599686589, '2025-07-18 20:00:00+00:00': 6161.20859968659, '2025-07-18 23:00:00+00:00': 6131.20859968659, '2025-07-19 00:00:00+00:00': 6085.109293222979, '2025-07-19 03:00:00+00:00': 6038.9426265563125, '2025-07-19 04:00:00+00:00': 5985.362712637139, '2025-07-19 07:00:00+00:00': 5959.5437471198975, '2025-07-19 08:00:00+00:00': 5962.6119289380795, '2025-07-19 12:00:00+00:00': 5961.71192893808, '2025-07-19 16:00:00+00:00': 5894.058578594704, '2025-07-19 20:00:00+00:00': 5836.2562413032765, '2025-07-20 00:00:00+00:00': 5790.795047381967, '2025-07-20 04:00:00+00:00': 5813.569756620301, '2025-07-20 08:00:00+00:00': 5772.551019877238, '2025-07-20 12:00:00+00:00': 5792.209120376096, '2025-07-20 17:00:00+00:00': 5768.1357392427635, '2025-07-20 21:00:00+00:00': 5785.501009919702, '2025-07-21 01:00:00+00:00': 5791.232364568331, '2025-07-21 05:00:00+00:00': 5766.7461771528615, '2025-07-21 09:00:00+00:00': 5748.230369949747, '2025-07-21 13:00:00+00:00': 5729.954404595198, '2025-07-21 17:00:00+00:00': 5801.4084862278505, '2025-07-21 21:00:00+00:00': 5777.580499154722, '2025-07-22 01:00:00+00:00': 5748.561287830152, '2025-07-22 05:00:00+00:00': 5808.1614716536815, '2025-07-22 09:00:00+00:00': 5809.75880289387, '2025-07-22 13:00:00+00:00': 5778.92331624443, '2025-07-22 17:00:00+00:00': 5753.494867229862, '2025-07-22 21:00:00+00:00': 5677.494120403873, '2025-07-23 01:00:00+00:00': 5659.728354638108, '2025-07-23 05:00:00+00:00': 5630.995776240895, '2025-07-23 09:00:00+00:00': 5594.924347669466, '2025-07-23 13:00:00+00:00': 5576.488162536227, '2025-07-23 17:00:00+00:00': 5589.715711489636, '2025-07-23 21:00:00+00:00': 5577.268092442017, '2025-07-24 01:00:00+00:00': 5536.208400959791, '2025-07-24 05:00:00+00:00': 5537.68039549531, '2025-07-24 09:00:00+00:00': 5471.178236334298, '2025-07-24 13:00:00+00:00': 5465.227823111158, '2025-07-24 17:00:00+00:00': 5531.03029224696, '2025-07-24 21:00:00+00:00': 5501.03029224696, '2025-07-25 01:00:00+00:00': 5559.686206225455, '2025-07-25 05:00:00+00:00': 5477.050547310726}]",485.0
