number,value,params_BTC_VS_ETH_WEIGHT,params_CONVERGENCE_THRESHOLD,params_DAILY_LOSS_LIMIT,params_FIXED_TRADE_PCT,params_MAX_CONCURRENT_POSITIONS,params_MAX_DRAWDOWN_LIMIT,params_MAX_HOLD_HOURS,params_MAX_POSITION_PCT,params_MIN_DIV,params_MIN_TIME_BETWEEN_TRADES,params_STOP_LOSS_PCT,params_STRIKE_SELECTION_STRATEGY,params_TAKE_PROFIT_PCT,params_TRAIL_PCT,state,user_attrs_cooldown_trades_pct,user_attrs_equity_curves,user_attrs_total_trades
14,-0.9659375990134909,0.7,0.4,0.2,0.07,3.0,0.2,72.0,0.5,0.03,4.0,0.04,random,0.045,0.3,COMPLETE,0.0,"[{'2025-05-01 00:00:00+00:00': 10000.0, '2025-05-01 01:00:00+00:00': 9982.843208525921, '2025-05-01 05:00:00+00:00': 9975.929922353924, '2025-05-01 09:00:00+00:00': 9964.098894047427, '2025-05-01 13:00:00+00:00': 9957.187093704591, '2025-05-01 17:00:00+00:00': 9957.425294108796, '2025-05-01 21:00:00+00:00': 9933.095300568759, '2025-05-02 01:00:00+00:00': 9925.509571827271, '2025-05-02 05:00:00+00:00': 9901.685535665998, '2025-05-02 09:00:00+00:00': 9890.10797733952, '2025-05-02 13:00:00+00:00': 9879.050556731816, '2025-05-02 18:00:00+00:00': 9867.16579853279, '2025-05-03 00:00:00+00:00': 9851.576015495228, '2025-05-03 12:00:00+00:00': 9844.491489446193, '2025-05-03 16:00:00+00:00': 9830.182880803744, '2025-05-03 20:00:00+00:00': 9814.445870124107, '2025-05-04 00:00:00+00:00': 9813.5158790007, '2025-05-04 04:00:00+00:00': 9801.586405980675, '2025-05-04 08:00:00+00:00': 9782.0082904042, '2025-05-04 12:00:00+00:00': 9765.018065456123, '2025-05-04 16:00:00+00:00': 9743.936701820798, '2025-05-04 20:00:00+00:00': 9725.13736317361, '2025-05-05 00:00:00+00:00': 9735.362524188498, '2025-05-05 04:00:00+00:00': 9712.460323212186, '2025-05-05 08:00:00+00:00': 9695.912095633568, '2025-05-05 12:00:00+00:00': 9673.102197859746, '2025-05-05 16:00:00+00:00': 9661.822741274527, '2025-05-05 21:00:00+00:00': 9632.336213588966, '2025-05-06 01:00:00+00:00': 9602.055213922577, '2025-05-06 05:00:00+00:00': 9586.895975824804, '2025-05-06 09:00:00+00:00': 9572.862322087001, '2025-05-06 13:00:00+00:00': 9567.427119743577, '2025-05-06 17:00:00+00:00': 9565.239768194113, '2025-05-06 21:00:00+00:00': 9564.038785182818, '2025-05-07 01:00:00+00:00': 9561.020858141525, '2025-05-07 05:00:00+00:00': 9544.288718891941, '2025-05-07 09:00:00+00:00': 9524.563608128472, '2025-05-07 13:00:00+00:00': 9515.194521787907, '2025-05-07 17:00:00+00:00': 9489.271092340236, '2025-05-07 21:00:00+00:00': 9506.458982814, '2025-05-08 01:00:00+00:00': 9509.269172415685, '2025-05-08 05:00:00+00:00': 9502.035077576165, '2025-05-08 09:00:00+00:00': 9500.168626220762, '2025-05-08 13:00:00+00:00': 9484.912282937823, '2025-05-08 17:00:00+00:00': 9482.228627789746, '2025-05-08 21:00:00+00:00': 9484.989654234352, '2025-05-09 02:00:00+00:00': 9474.329927058394, '2025-05-09 06:00:00+00:00': 9462.753191170683, '2025-05-09 11:00:00+00:00': 9456.304398949856, '2025-05-09 18:00:00+00:00': 9448.793917227795, '2025-05-10 01:00:00+00:00': 9441.070257657644, '2025-05-10 05:00:00+00:00': 9427.991988124097, '2025-05-10 10:00:00+00:00': 9419.900066472179, '2025-05-10 14:00:00+00:00': 9411.341738396759, '2025-05-10 22:00:00+00:00': 9405.8228893086, '2025-05-11 04:00:00+00:00': 9402.97379146449, '2025-05-11 09:00:00+00:00': 9398.15595501456, '2025-05-11 19:00:00+00:00': 9393.858085221358, '2025-05-12 00:00:00+00:00': 9387.362596251583, '2025-05-12 07:00:00+00:00': 9382.301898653774, '2025-05-12 12:00:00+00:00': 9382.094655179648, '2025-05-12 16:00:00+00:00': 9381.776740681638, '2025-05-12 20:00:00+00:00': 9363.609334153813, '2025-05-13 01:00:00+00:00': 9360.111744766382, '2025-05-13 05:00:00+00:00': 9367.456445802909, '2025-05-13 10:00:00+00:00': 9373.552264599548, '2025-05-13 16:00:00+00:00': 9378.557860382169, '2025-05-13 20:00:00+00:00': 9388.756531455336, '2025-05-14 00:00:00+00:00': 9381.132582050508, '2025-05-14 05:00:00+00:00': 9374.431796754348, '2025-05-14 11:00:00+00:00': 9379.856249538476, '2025-05-14 19:00:00+00:00': 9371.871896455596, '2025-05-15 00:00:00+00:00': 9360.189886575114, '2025-05-15 12:00:00+00:00': 9352.834607636238, '2025-05-15 16:00:00+00:00': 9400.567550347558, '2025-05-15 20:00:00+00:00': 9402.123949421008, '2025-05-16 00:00:00+00:00': 9393.206478123933, '2025-05-16 05:00:00+00:00': 9386.014818297874, '2025-05-16 10:00:00+00:00': 9383.565216617862, '2025-05-16 14:00:00+00:00': 9389.600795879878, '2025-05-16 20:00:00+00:00': 9370.318796876336, '2025-05-17 00:00:00+00:00': 9358.504382267594, '2025-05-17 04:00:00+00:00': 9364.040734804814, '2025-05-17 08:00:00+00:00': 9358.55020048555, '2025-05-17 12:00:00+00:00': 9328.029421719464, '2025-05-17 16:00:00+00:00': 9315.177356789354, '2025-05-17 20:00:00+00:00': 9304.164176217268, '2025-05-18 00:00:00+00:00': 9308.767875179477, '2025-05-18 05:00:00+00:00': 9296.113262432065, '2025-05-18 09:00:00+00:00': 9287.863627382785, '2025-05-18 13:00:00+00:00': 9262.711980007894, '2025-05-18 17:00:00+00:00': 9268.29058784264, '2025-05-18 21:00:00+00:00': 9263.923668396033, '2025-05-19 01:00:00+00:00': 9319.158483470217, '2025-05-19 08:00:00+00:00': 9355.948990208679, '2025-05-19 12:00:00+00:00': 9343.459326962047, '2025-05-19 16:00:00+00:00': 9361.838330448089, '2025-05-19 20:00:00+00:00': 9375.43630096476, '2025-05-20 00:00:00+00:00': 9368.605309889781, '2025-05-20 05:00:00+00:00': 9386.919390125136, '2025-05-20 09:00:00+00:00': 9371.603768645737, '2025-05-20 13:00:00+00:00': 9375.270316248858, '2025-05-20 18:00:00+00:00': 9424.736338809887, '2025-05-20 22:00:00+00:00': 9411.098131867031, '2025-05-21 02:00:00+00:00': 9384.537047645603, '2025-05-21 06:00:00+00:00': 9369.740278662322, '2025-05-21 10:00:00+00:00': 9356.92853945101, '2025-05-21 14:00:00+00:00': 9369.26980929228, '2025-05-21 18:00:00+00:00': 10447.84123786371, '2025-05-21 23:00:00+00:00': 10439.895855044302, '2025-05-22 03:00:00+00:00': 10447.076758479885, '2025-05-22 09:00:00+00:00': 10485.386617634815, '2025-05-22 13:00:00+00:00': 10485.881206391887, '2025-05-22 18:00:00+00:00': 10483.033224447026, '2025-05-23 00:00:00+00:00': 10478.942856847516, '2025-05-23 05:00:00+00:00': 10446.759832104552, '2025-05-23 11:00:00+00:00': 10465.394576570076, '2025-05-23 16:00:00+00:00': 10506.02564453124, '2025-05-23 20:00:00+00:00': 10494.625074246394, '2025-05-24 00:00:00+00:00': 10489.783177229421, '2025-05-24 04:00:00+00:00': 10500.584715335679, '2025-05-24 08:00:00+00:00': 10490.924791739684, '2025-05-24 13:00:00+00:00': 10491.267253960157, '2025-05-24 23:00:00+00:00': 10493.037497138099, '2025-05-25 13:00:00+00:00': 10484.096114766624, '2025-05-25 17:00:00+00:00': 10473.823592027562, '2025-05-25 23:00:00+00:00': 10701.170530803072, '2025-05-26 09:00:00+00:00': 10703.656368573047, '2025-05-26 16:00:00+00:00': 10726.774800389467, '2025-05-26 21:00:00+00:00': 10740.962179874014, '2025-05-27 02:00:00+00:00': 10762.956286344648, '2025-05-27 08:00:00+00:00': 10806.091053044898, '2025-05-27 12:00:00+00:00': 10795.492200198702, '2025-05-27 18:00:00+00:00': 10783.63130893882, '2025-05-27 22:00:00+00:00': 10791.201731474031, '2025-05-28 02:00:00+00:00': 10774.049413593237, '2025-05-28 06:00:00+00:00': 10744.905467952347, '2025-05-28 10:00:00+00:00': 10726.880776594322, '2025-05-28 14:00:00+00:00': 10720.254270570225, '2025-05-28 20:00:00+00:00': 10709.147787976199, '2025-05-29 00:00:00+00:00': 10688.397309759544, '2025-05-29 04:00:00+00:00': 10671.43097216828, '2025-05-29 10:00:00+00:00': 10653.283496150645, '2025-05-29 14:00:00+00:00': 10640.024605479466, '2025-05-30 23:00:00+00:00': 10658.524605479466, '2025-05-31 03:00:00+00:00': 10666.87632116574, '2025-05-31 07:00:00+00:00': 10589.239957529377, '2025-05-31 11:00:00+00:00': 10474.849897794431, '2025-05-31 15:00:00+00:00': 10415.318474587573, '2025-05-31 19:00:00+00:00': 10366.913018396992, '2025-05-31 23:00:00+00:00': 10335.296504732369, '2025-06-01 03:00:00+00:00': 10274.93097283369, '2025-06-01 07:00:00+00:00': 10220.712767883919, '2025-06-01 11:00:00+00:00': 10178.499151231887, '2025-06-01 15:00:00+00:00': 10073.324356329678, '2025-06-01 19:00:00+00:00': 10076.836261091583, '2025-06-01 23:00:00+00:00': 9984.013028768351, '2025-06-02 03:00:00+00:00': 9924.013028768351, '2025-06-02 07:00:00+00:00': 9841.967574222897, '2025-06-02 11:00:00+00:00': 9781.967574222897, '2025-06-02 15:00:00+00:00': 9692.273696671877, '2025-06-02 19:00:00+00:00': 9598.859309640467, '2025-06-02 23:00:00+00:00': 9485.18925745734, '2025-06-03 03:00:00+00:00': 9519.909773011284, '2025-06-03 07:00:00+00:00': 9431.764914516116, '2025-06-03 11:00:00+00:00': 9359.329017080217, '2025-06-03 15:00:00+00:00': 9163.957711381847, '2025-06-03 19:00:00+00:00': 9092.173502065856, '2025-06-03 23:00:00+00:00': 8962.536677741531, '2025-06-04 03:00:00+00:00': 8907.155725360579, '2025-06-04 07:00:00+00:00': 8812.512868217722, '2025-06-04 11:00:00+00:00': 8752.512868217722, '2025-06-04 15:00:00+00:00': 8681.747720529314, '2025-06-04 19:00:00+00:00': 8653.03804310996, '2025-06-04 23:00:00+00:00': 8648.151679473596, '2025-06-05 03:00:00+00:00': 8536.579281283552, '2025-06-05 07:00:00+00:00': 8436.162614616886, '2025-06-05 11:00:00+00:00': 8420.253523707794, '2025-06-05 15:00:00+00:00': 8332.539237993507, '2025-06-05 19:00:00+00:00': 8297.411032865302, '2025-06-05 23:00:00+00:00': 8228.750318579589, '2025-06-06 03:00:00+00:00': 8131.442626271896, '2025-06-06 07:00:00+00:00': 8048.347388176659, '2025-06-06 11:00:00+00:00': 7905.204531033802, '2025-06-06 15:00:00+00:00': 7810.468644512068, '2025-06-06 19:00:00+00:00': 7769.8686445120675, '2025-06-06 23:00:00+00:00': 7709.8686445120675, '2025-06-07 03:00:00+00:00': 7661.948085308977, '2025-06-07 07:00:00+00:00': 7625.27225691337, '2025-06-07 11:00:00+00:00': 7570.745198936933, '2025-06-07 15:00:00+00:00': 7561.145360590539, '2025-06-07 19:00:00+00:00': 7502.428377771369, '2025-06-07 23:00:00+00:00': 7446.9327154788125, '2025-06-08 03:00:00+00:00': 7388.633724679914, '2025-06-08 07:00:00+00:00': 7330.817907513856, '2025-06-08 11:00:00+00:00': 7271.834276281015, '2025-06-08 15:00:00+00:00': 7211.924174434019, '2025-06-08 19:00:00+00:00': 7154.055968143869, '2025-06-08 23:00:00+00:00': 7145.1085997228165, '2025-06-09 03:00:00+00:00': 7058.164155278372, '2025-06-09 07:00:00+00:00': 6969.634743513666, '2025-06-09 11:00:00+00:00': 6832.576483847362, '2025-06-09 15:00:00+00:00': 6704.890433163867, '2025-06-09 19:00:00+00:00': 6680.067551494167, '2025-06-09 23:00:00+00:00': 6661.4232123119855, '2025-06-10 03:00:00+00:00': 6631.4232123119855, '2025-06-30 20:00:00+00:00': 6624.769156884664, '2025-07-01 00:00:00+00:00': 6593.4889091341065, '2025-07-01 04:00:00+00:00': 6555.703692099279, '2025-07-01 08:00:00+00:00': 6521.484957959825, '2025-07-01 12:00:00+00:00': 6477.97681646898, '2025-07-01 16:00:00+00:00': 6428.954919209766, '2025-07-01 20:00:00+00:00': 6423.408531933831, '2025-07-02 00:00:00+00:00': 6390.66472919169, '2025-07-02 04:00:00+00:00': 6369.438857767727, '2025-07-02 08:00:00+00:00': 6339.137270310995, '2025-07-02 12:00:00+00:00': 6299.851041049159, '2025-07-02 16:00:00+00:00': 6284.560517514435, '2025-07-02 20:00:00+00:00': 6254.111994548036, '2025-07-03 00:00:00+00:00': 6319.157076863104, '2025-07-03 04:00:00+00:00': 6282.211477226012, '2025-07-03 08:00:00+00:00': 6263.930293851795, '2025-07-03 09:00:00+00:00': 6252.596507074057, '2025-07-03 12:00:00+00:00': 6237.844801988446, '2025-07-03 13:00:00+00:00': 6251.1612594483695, '2025-07-03 16:00:00+00:00': 6302.6270094667425, '2025-07-03 17:00:00+00:00': 6289.52470837246, '2025-07-03 20:00:00+00:00': 6275.061601552644, '2025-07-03 23:00:00+00:00': 6261.055753823317, '2025-07-04 00:00:00+00:00': 6244.417854381762, '2025-07-04 03:00:00+00:00': 6245.8684936567415, '2025-07-04 04:00:00+00:00': 6229.001845573584, '2025-07-04 07:00:00+00:00': 6209.039981861224, '2025-07-04 08:00:00+00:00': 6190.5452119915535, '2025-07-04 11:00:00+00:00': 6176.473294477204, '2025-07-04 12:00:00+00:00': 6155.035845391974, '2025-07-04 15:00:00+00:00': 6141.290536778702, '2025-07-04 16:00:00+00:00': 6119.204503207824, '2025-07-04 19:00:00+00:00': 6113.976920428442, '2025-07-04 20:00:00+00:00': 6097.606727059864, '2025-07-04 23:00:00+00:00': 6083.532964890841, '2025-07-05 00:00:00+00:00': 6056.411965815412, '2025-07-05 03:00:00+00:00': 6040.96213996796, '2025-07-05 04:00:00+00:00': 6026.156896357035, '2025-07-05 07:00:00+00:00': 6012.9892990525295, '2025-07-05 08:00:00+00:00': 5996.8527523332405, '2025-07-05 11:00:00+00:00': 5983.052255850842, '2025-07-05 12:00:00+00:00': 5967.389574778208, '2025-07-05 15:00:00+00:00': 5945.594937643872, '2025-07-05 16:00:00+00:00': 5928.4991892192575, '2025-07-05 19:00:00+00:00': 5898.4991892192575, '2025-07-05 20:00:00+00:00': 5882.40072589624, '2025-07-05 23:00:00+00:00': 5868.452037201234, '2025-07-06 00:00:00+00:00': 5843.734857921732, '2025-07-06 03:00:00+00:00': 5819.170185725399, '2025-07-06 04:00:00+00:00': 5798.6050954622815, '2025-07-06 07:00:00+00:00': 5783.810250554006, '2025-07-06 08:00:00+00:00': 5763.311882642507, '2025-07-06 11:00:00+00:00': 5747.323535012668, '2025-07-06 12:00:00+00:00': 5726.787100641757, '2025-07-06 15:00:00+00:00': 5713.470899377421, '2025-07-06 16:00:00+00:00': 5696.756431131697, '2025-07-06 19:00:00+00:00': 5693.700875576142, '2025-07-06 20:00:00+00:00': 5671.586112283017, '2025-07-06 23:00:00+00:00': 5655.9151686729265, '2025-07-07 00:00:00+00:00': 5632.670957147198, '2025-07-07 03:00:00+00:00': 5616.036650282853, '2025-07-07 04:00:00+00:00': 5600.559378502225, '2025-07-07 07:00:00+00:00': 5593.026060627637, '2025-07-07 08:00:00+00:00': 5581.019537533987, '2025-07-07 11:00:00+00:00': 5563.000057774209, '2025-07-07 12:00:00+00:00': 5551.125292119723, '2025-07-07 15:00:00+00:00': 5546.70490805087, '2025-07-07 16:00:00+00:00': 5518.587503381333, '2025-07-07 19:00:00+00:00': 5498.9442669250575, '2025-07-07 20:00:00+00:00': 5483.118751525317, '2025-07-07 23:00:00+00:00': 5460.5887866732555, '2025-07-08 00:00:00+00:00': 5444.985761181256, '2025-07-08 03:00:00+00:00': 5428.649954082503, '2025-07-08 04:00:00+00:00': 5411.781076601081, '2025-07-08 07:00:00+00:00': 5396.820548707356, '2025-07-08 08:00:00+00:00': 5378.565492895223, '2025-07-08 11:00:00+00:00': 5369.351464232069, '2025-07-08 12:00:00+00:00': 5354.177402727497, '2025-07-08 15:00:00+00:00': 5354.808981674865, '2025-07-08 16:00:00+00:00': 5340.580690719274, '2025-07-08 19:00:00+00:00': 5322.202214447013, '2025-07-08 20:00:00+00:00': 5295.433760937792, '2025-07-08 23:00:00+00:00': 5277.658023663226, '2025-07-09 00:00:00+00:00': 5263.046594203632, '2025-07-09 03:00:00+00:00': 5237.995573795469, '2025-07-09 04:00:00+00:00': 5217.979075980062, '2025-07-09 07:00:00+00:00': 5202.189822425301, '2025-07-09 08:00:00+00:00': 5181.597720764596, '2025-07-09 11:00:00+00:00': 5161.803866309049, '2025-07-09 12:00:00+00:00': 5143.315861257133, '2025-07-09 15:00:00+00:00': 5123.082599305901, '2025-07-09 16:00:00+00:00': 5105.33602454434, '2025-07-09 19:00:00+00:00': 5096.282290914898, '2025-07-09 20:00:00+00:00': 5082.381550233522, '2025-07-09 23:00:00+00:00': 5081.492456421149, '2025-07-10 00:00:00+00:00': 5074.62214321959, '2025-07-10 03:00:00+00:00': 5064.49353043144, '2025-07-10 04:00:00+00:00': 5050.80743352702, '2025-07-10 08:00:00+00:00': 5039.246156468003, '2025-07-10 13:00:00+00:00': 5026.056912780101, '2025-07-10 15:00:00+00:00': 5016.096266338558, '2025-07-10 17:00:00+00:00': 5009.8314835953815, '2025-07-10 19:00:00+00:00': 5048.212789672136, '2025-07-10 21:00:00+00:00': 5039.165751557584, '2025-07-11 00:00:00+00:00': 5060.540904571356, '2025-07-11 03:00:00+00:00': 5069.571285077871, '2025-07-11 06:00:00+00:00': 5071.119307060751, '2025-07-11 07:00:00+00:00': 5051.490962421726, '2025-07-11 10:00:00+00:00': 5043.649795037594, '2025-07-11 11:00:00+00:00': 5064.75128309754, '2025-07-11 15:00:00+00:00': 5051.582105481353, '2025-07-11 16:00:00+00:00': 5148.228130471194, '2025-07-11 19:00:00+00:00': 5118.8677163516495, '2025-07-11 20:00:00+00:00': 5091.611822588525, '2025-07-11 23:00:00+00:00': 5070.938745665448, '2025-07-12 00:00:00+00:00': 5048.939723834154, '2025-07-12 03:00:00+00:00': 5032.411946056376, '2025-07-12 04:00:00+00:00': 5006.300079193669, '2025-07-12 07:00:00+00:00': 4974.614945323946, '2025-07-12 08:00:00+00:00': 4935.715862755139, '2025-07-12 11:00:00+00:00': 4911.361198180293, '2025-07-12 12:00:00+00:00': 4918.877725662198, '2025-07-12 15:00:00+00:00': 4892.822973110233, '2025-07-12 16:00:00+00:00': 4884.018772968315, '2025-07-12 19:00:00+00:00': 4852.979245275115, '2025-07-12 20:00:00+00:00': 4832.139919664313, '2025-07-12 23:00:00+00:00': 4808.230492756483, '2025-07-13 00:00:00+00:00': 4776.885121691797, '2025-07-13 03:00:00+00:00': 4750.464263488538, '2025-07-13 04:00:00+00:00': 4732.445669705225, '2025-07-13 07:00:00+00:00': 4708.781166232673, '2025-07-13 08:00:00+00:00': 4685.647527821914, '2025-07-13 11:00:00+00:00': 4671.324817887213, '2025-07-13 12:00:00+00:00': 4637.778779234203, '2025-07-13 15:00:00+00:00': 4619.469246163555, '2025-07-13 16:00:00+00:00': 4592.320386634826, '2025-07-13 19:00:00+00:00': 4562.12833377659, '2025-07-13 20:00:00+00:00': 4547.444123250274, '2025-07-13 23:00:00+00:00': 4510.385685570131, '2025-07-14 00:00:00+00:00': 4471.486603001324, '2025-07-14 03:00:00+00:00': 4470.100352419209, '2025-07-14 04:00:00+00:00': 4470.695519596173, '2025-07-14 07:00:00+00:00': 4451.055231615388, '2025-07-14 08:00:00+00:00': 4450.735378286797, '2025-07-14 11:00:00+00:00': 4453.474655250868, '2025-07-14 12:00:00+00:00': 4448.031617276184, '2025-07-14 15:00:00+00:00': 4461.945885379438, '2025-07-14 16:00:00+00:00': 4520.276522607483, '2025-07-14 19:00:00+00:00': 4509.172626503587, '2025-07-14 20:00:00+00:00': 4478.250035333784, '2025-07-14 23:00:00+00:00': 4455.178606762355, '2025-07-15 00:00:00+00:00': 4454.901029409811, '2025-07-15 03:00:00+00:00': 4491.797581133948, '2025-07-15 04:00:00+00:00': 4539.853638615137, '2025-07-15 07:00:00+00:00': 4527.984479736632, '2025-07-15 08:00:00+00:00': 4527.786661409315, '2025-07-15 11:00:00+00:00': 4501.967695892073, '2025-07-15 12:00:00+00:00': 4476.376786801164, '2025-07-15 15:00:00+00:00': 4559.053554477931, '2025-07-15 16:00:00+00:00': 4623.359110033487, '2025-07-15 19:00:00+00:00': 4629.620792276478, '2025-07-15 20:00:00+00:00': 4843.007743863756, '2025-07-15 23:00:00+00:00': 4799.6919905515815, '2025-07-16 00:00:00+00:00': 4753.848833624009, '2025-07-16 03:00:00+00:00': 4769.175936427747, '2025-07-16 04:00:00+00:00': 4740.736199229195, '2025-07-16 07:00:00+00:00': 4684.5199830129795, '2025-07-16 08:00:00+00:00': 4637.438843660656, '2025-07-16 11:00:00+00:00': 4617.649369976445, '2025-07-16 12:00:00+00:00': 4575.052140024116, '2025-07-16 15:00:00+00:00': 4515.658200630177, '2025-07-16 16:00:00+00:00': 4538.725312161661, '2025-07-16 19:00:00+00:00': 4492.73630117265, '2025-07-16 20:00:00+00:00': 4466.630240528689, '2025-07-16 23:00:00+00:00': 4502.023498955655, '2025-07-17 00:00:00+00:00': 4478.563016376444, '2025-07-17 03:00:00+00:00': 4430.600053413481, '2025-07-17 04:00:00+00:00': 4469.885767699196, '2025-07-17 07:00:00+00:00': 4430.46829197104, '2025-07-17 08:00:00+00:00': 4391.975134116065, '2025-07-17 11:00:00+00:00': 4391.975134116065, '2025-07-17 12:00:00+00:00': 4397.03537507992, '2025-07-17 15:00:00+00:00': 4343.025474089822, '2025-07-17 16:00:00+00:00': 4368.719972163592, '2025-07-17 19:00:00+00:00': 4318.298919532012, '2025-07-17 20:00:00+00:00': 4362.838603075943, '2025-07-17 23:00:00+00:00': 4403.971936409276, '2025-07-18 00:00:00+00:00': 4371.147769094165, '2025-07-18 03:00:00+00:00': 4334.849067795463, '2025-07-18 04:00:00+00:00': 4301.570323823128, '2025-07-18 07:00:00+00:00': 4298.145666288881, '2025-07-18 08:00:00+00:00': 4607.645666288881, '2025-07-18 11:00:00+00:00': 4563.380960406528, '2025-07-18 12:00:00+00:00': 4545.556391185044, '2025-07-18 15:00:00+00:00': 4553.226294097665, '2025-07-18 16:00:00+00:00': 4624.737922004642, '2025-07-18 19:00:00+00:00': 4602.4979220046425, '2025-07-18 20:00:00+00:00': 4640.397922004642, '2025-07-18 23:00:00+00:00': 4610.397922004642, '2025-07-19 00:00:00+00:00': 4561.144619493141, '2025-07-19 03:00:00+00:00': 4514.977952826474, '2025-07-19 04:00:00+00:00': 4457.753586726657, '2025-07-19 07:00:00+00:00': 4431.934621209415, '2025-07-19 08:00:00+00:00': 4435.002803027597, '2025-07-19 11:00:00+00:00': 4405.002803027597, '2025-07-19 12:00:00+00:00': 4404.1028030275975, '2025-07-19 15:00:00+00:00': 4405.647518474752, '2025-07-19 16:00:00+00:00': 4334.545823559498, '2025-07-19 19:00:00+00:00': 4297.026443714537, '2025-07-19 20:00:00+00:00': 4235.345994866692, '2025-07-19 23:00:00+00:00': 4194.153687174385, '2025-07-20 00:00:00+00:00': 4145.665494704956, '2025-07-20 03:00:00+00:00': 4119.454557204956, '2025-07-20 04:00:00+00:00': 4143.7365558879355, '2025-07-20 07:00:00+00:00': 4098.697796198013, '2025-07-20 08:00:00+00:00': 4054.9561029801034, '2025-07-20 11:00:00+00:00': 4036.7853712727865, '2025-07-20 12:00:00+00:00': 4057.741303654384, '2025-07-20 15:00:00+00:00': 4003.6917168775244, '2025-07-20 16:00:00+00:00': 4001.3607864348396, '2025-07-20 19:00:00+00:00': 3955.8411380171656, '2025-07-20 20:00:00+00:00': 3927.204584947357, '2025-07-20 23:00:00+00:00': 3897.204584947357, '2025-07-21 00:00:00+00:00': 3880.7637931612317, '2025-07-21 03:00:00+00:00': 3814.8273659092, '2025-07-21 04:00:00+00:00': 3785.2971504751704, '2025-07-21 07:00:00+00:00': 3711.2062413842614, '2025-07-21 08:00:00+00:00': 3692.954335859239, '2025-07-21 12:00:00+00:00': 3669.8781302608704, '2025-07-21 16:00:00+00:00': 3725.8090611918014, '2025-07-21 20:00:00+00:00': 3702.5075328049456, '2025-07-22 00:00:00+00:00': 3667.986425115899, '2025-07-22 04:00:00+00:00': 3658.911640839772, '2025-07-22 08:00:00+00:00': 3644.632872606385, '2025-07-22 12:00:00+00:00': 3596.92332903792, '2025-07-22 16:00:00+00:00': 3547.3797435116044, '2025-07-22 20:00:00+00:00': 3572.658445674666, '2025-07-23 00:00:00+00:00': 3511.579187664548, '2025-07-23 04:00:00+00:00': 3499.0882129353063, '2025-07-23 08:00:00+00:00': 3489.560200655951, '2025-07-23 1