number,value,params_BTC_VS_ETH_WEIGHT,params_CONVERGENCE_THRESHOLD,params_DAILY_LOSS_LIMIT,params_FIXED_TRADE_PCT,params_MAX_CONCURRENT_POSITIONS,params_MAX_DRAWDOWN_LIMIT,params_MAX_HOLD_HOURS,params_MAX_POSITION_PCT,params_MIN_DIV,params_MIN_TIME_BETWEEN_TRADES,params_STOP_LOSS_PCT,params_STRIKE_SELECTION_STRATEGY,params_TAKE_PROFIT_PCT,params_TRAIL_PCT,state,user_attrs_cooldown_trades_pct,user_attrs_equity_curves,user_attrs_total_trades
34,-0.9309771676318606,0.7,0.6,0.15,0.065,2.0,0.15,48.0,0.6,0.0275,4.0,0.025,nearest,0.05,0.25,COMPLETE,0.0,"[{'2025-05-01 00:00:00+00:00': 10000.0, '2025-05-01 01:00:00+00:00': 9984.068693631212, '2025-05-01 05:00:00+00:00': 9977.648425564603, '2025-05-01 09:00:00+00:00': 9972.164515300268, '2025-05-01 13:00:00+00:00': 9965.741219733773, '2025-05-01 17:00:00+00:00': 9965.962595842286, '2025-05-01 21:00:00+00:00': 9943.351088927317, '2025-05-02 01:00:00+00:00': 9936.299925229634, '2025-05-02 05:00:00+00:00': 9914.153556023866, '2025-05-02 09:00:00+00:00': 9903.389429204186, '2025-05-02 13:00:00+00:00': 9893.108035960773, '2025-05-02 18:00:00+00:00': 9882.056485509229, '2025-05-03 00:00:00+00:00': 9867.558412112829, '2025-05-03 09:00:00+00:00': 9857.952044339474, '2025-05-03 13:00:00+00:00': 9847.097996930885, '2025-05-03 17:00:00+00:00': 9835.017511898079, '2025-05-03 21:00:00+00:00': 9818.56337277276, '2025-05-04 01:00:00+00:00': 9801.274217317521, '2025-05-04 05:00:00+00:00': 9786.517293229126, '2025-05-04 09:00:00+00:00': 9781.871342940552, '2025-05-04 13:00:00+00:00': 9765.21890497197, '2025-05-04 17:00:00+00:00': 9741.349648745903, '2025-05-04 21:00:00+00:00': 9723.738926232249, '2025-05-05 01:00:00+00:00': 9731.217163012388, '2025-05-05 05:00:00+00:00': 9733.455573806004, '2025-05-05 09:00:00+00:00': 9723.422177184564, '2025-05-05 13:00:00+00:00': 9715.684750619152, '2025-05-05 17:00:00+00:00': 9748.278256023337, '2025-05-05 21:00:00+00:00': 9744.066458516863, '2025-05-06 01:00:00+00:00': 9715.622231945923, '2025-05-06 05:00:00+00:00': 9701.379309421149, '2025-05-06 09:00:00+00:00': 9688.192444927301, '2025-05-06 13:00:00+00:00': 9683.084667347226, '2025-05-06 17:00:00+00:00': 9681.029001732955, '2025-05-06 21:00:00+00:00': 9679.900303510603, '2025-05-07 01:00:00+00:00': 9677.063994081018, '2025-05-07 05:00:00+00:00': 9661.338433563546, '2025-05-07 09:00:00+00:00': 9642.797632489448, '2025-05-07 13:00:00+00:00': 9633.98977003652, '2025-05-07 17:00:00+00:00': 9609.617483194921, '2025-05-07 21:00:00+00:00': 9625.780080070701, '2025-05-08 01:00:00+00:00': 9628.42229471651, '2025-05-08 05:00:00+00:00': 9621.620750845124, '2025-05-08 09:00:00+00:00': 9619.865805492556, '2025-05-08 13:00:00+00:00': 9605.520709173714, '2025-05-08 17:00:00+00:00': 9602.997056297301, '2025-05-08 21:00:00+00:00': 9605.593520002412, '2025-05-09 02:00:00+00:00': 9595.569342476754, '2025-05-09 06:00:00+00:00': 9584.681954836913, '2025-05-09 11:00:00+00:00': 9578.61663238379, '2025-05-09 18:00:00+00:00': 9571.55240844412, '2025-05-10 00:00:00+00:00': 9556.626202505651, '2025-05-10 04:00:00+00:00': 9544.800481851402, '2025-05-10 08:00:00+00:00': 9542.970927004702, '2025-05-10 13:00:00+00:00': 9534.282632175155, '2025-05-10 17:00:00+00:00': 9522.326905431159, '2025-05-10 21:00:00+00:00': 9507.668849552563, '2025-05-11 01:00:00+00:00': 9503.174720755887, '2025-05-11 09:00:00+00:00': 9498.653342326068, '2025-05-11 13:00:00+00:00': 9494.22424700254, '2025-05-11 19:00:00+00:00': 9490.192572997606, '2025-05-12 00:00:00+00:00': 9484.099193928187, '2025-05-12 07:00:00+00:00': 9479.351549363426, '2025-05-12 12:00:00+00:00': 9479.157118409472, '2025-05-12 16:00:00+00:00': 9478.85885803282, '2025-05-12 20:00:00+00:00': 9461.814556299962, '2025-05-13 01:00:00+00:00': 9458.532732310938, '2025-05-13 05:00:00+00:00': 9465.424524553118, '2025-05-13 10:00:00+00:00': 9471.144126163026, '2025-05-13 16:00:00+00:00': 9475.840572160621, '2025-05-13 20:00:00+00:00': 9470.676210185882, '2025-05-14 00:00:00+00:00': 9463.535058896627, '2025-05-14 05:00:00+00:00': 9457.258246610825, '2025-05-14 11:00:00+00:00': 9462.339742102251, '2025-05-14 19:00:00+00:00': 9454.860503209462, '2025-05-15 00:00:00+00:00': 9443.916866491556, '2025-05-15 05:00:00+00:00': 9435.468241475111, '2025-05-15 09:00:00+00:00': 9439.528181116812, '2025-05-15 13:00:00+00:00': 9440.6903503727, '2025-05-15 17:00:00+00:00': 9453.529615152345, '2025-05-15 21:00:00+00:00': 9446.488584306904, '2025-05-16 01:00:00+00:00': 9441.160243904402, '2025-05-16 05:00:00+00:00': 9434.448182001375, '2025-05-16 10:00:00+00:00': 9432.161814408344, '2025-05-16 14:00:00+00:00': 9437.79530586826, '2025-05-16 20:00:00+00:00': 9419.798692020719, '2025-05-17 00:00:00+00:00': 9408.7702343832, '2025-05-17 04:00:00+00:00': 9413.93874566304, '2025-05-17 08:00:00+00:00': 9408.813224854675, '2025-05-17 12:00:00+00:00': 9400.124500510368, '2025-05-17 16:00:00+00:00': 9388.09820347892, '2025-05-17 20:00:00+00:00': 9377.791623627088, '2025-05-18 00:00:00+00:00': 9382.100315594946, '2025-05-18 05:00:00+00:00': 9370.257034216404, '2025-05-18 09:00:00+00:00': 9362.535561330109, '2025-05-18 13:00:00+00:00': 9338.992691443513, '2025-05-18 17:00:00+00:00': 9344.21548698288, '2025-05-18 21:00:00+00:00': 9340.127272231608, '2025-05-19 01:00:00+00:00': 9343.270026059114, '2025-05-19 05:00:00+00:00': 9377.563035224275, '2025-05-19 12:00:00+00:00': 9365.938698218517, '2025-05-19 16:00:00+00:00': 9383.045975248911, '2025-05-19 20:00:00+00:00': 9395.701265758542, '2025-05-20 00:00:00+00:00': 9389.344492114094, '2025-05-20 05:00:00+00:00': 9406.388069611756, '2025-05-20 09:00:00+00:00': 9392.13692508, '2025-05-20 13:00:00+00:00': 9395.549036006892, '2025-05-20 18:00:00+00:00': 9441.581123797754, '2025-05-20 22:00:00+00:00': 9428.894440100526, '2025-05-21 02:00:00+00:00': 9404.183937019247, '2025-05-21 06:00:00+00:00': 9390.415315187121, '2025-05-21 10:00:00+00:00': 9378.49244942961, '2025-05-21 14:00:00+00:00': 9390.222126469613, '2025-05-21 18:00:00+00:00': 10468.793555041042, '2025-05-21 23:00:00+00:00': 10461.400903861724, '2025-05-22 03:00:00+00:00': 10468.08262093979, '2025-05-22 09:00:00+00:00': 10505.177645562228, '2025-05-22 13:00:00+00:00': 10505.63777339995, '2025-05-22 18:00:00+00:00': 10502.98823610161, '2025-05-23 00:00:00+00:00': 10499.182807543391, '2025-05-23 04:00:00+00:00': 10493.49569680971, '2025-05-23 11:00:00+00:00': 10510.876799946243, '2025-05-23 16:00:00+00:00': 10551.507867907409, '2025-05-23 20:00:00+00:00': 10540.875794571044, '2025-05-24 00:00:00+00:00': 10536.359932872016, '2025-05-24 04:00:00+00:00': 10546.434467766134, '2025-05-24 08:00:00+00:00': 10537.425372415064, '2025-05-24 13:00:00+00:00': 10537.744782572725, '2025-05-24 23:00:00+00:00': 10539.395862021462, '2025-05-25 13:00:00+00:00': 10531.056468337787, '2025-05-25 17:00:00+00:00': 10521.474971168233, '2025-05-25 23:00:00+00:00': 10748.821909943743, '2025-05-26 09:00:00+00:00': 10751.140466433322, '2025-05-26 16:00:00+00:00': 10772.702815186094, '2025-05-26 21:00:00+00:00': 10785.933216513919, '2025-05-27 02:00:00+00:00': 10806.441824285694, '2025-05-27 08:00:00+00:00': 10846.657365106172, '2025-05-27 12:00:00+00:00': 10836.778626866388, '2025-05-27 18:00:00+00:00': 10825.722821239891, '2025-05-27 22:00:00+00:00': 10833.293243775102, '2025-05-28 02:00:00+00:00': 10816.140925894308, '2025-05-28 06:00:00+00:00': 10788.972965281999, '2025-05-28 10:00:00+00:00': 10770.948273923974, '2025-05-28 14:00:00+00:00': 10764.321767899877, '2025-05-28 20:00:00+00:00': 10753.96621141676, '2025-05-29 00:00:00+00:00': 10734.617271223637, '2025-05-29 04:00:00+00:00': 10718.794687709149, '2025-05-29 10:00:00+00:00': 10701.868668063624, '2025-05-29 14:00:00+00:00': 10689.500691916177, '2025-05-30 23:00:00+00:00': 10708.000691916177, '2025-05-31 03:00:00+00:00': 10716.352407602451, '2025-05-31 07:00:00+00:00': 10638.716043966087, '2025-05-31 11:00:00+00:00': 10530.35384564078, '2025-05-31 15:00:00+00:00': 10471.48308291707, '2025-05-31 19:00:00+00:00': 10424.380737185847, '2025-05-31 23:00:00+00:00': 10394.27757726733, '2025-06-01 03:00:00+00:00': 10336.053787824063, '2025-06-01 07:00:00+00:00': 10284.249358872748, '2025-06-01 11:00:00+00:00': 10242.891838078642, '2025-06-01 15:00:00+00:00': 10141.594146210371, '2025-06-01 19:00:00+00:00': 10144.469491861253, '2025-06-01 23:00:00+00:00': 10053.81569641893, '2025-06-02 03:00:00+00:00': 9993.81569641893, '2025-06-02 07:00:00+00:00': 9911.770241873475, '2025-06-02 11:00:00+00:00': 9851.770241873475, '2025-06-02 15:00:00+00:00': 9762.076364322455, '2025-06-02 19:00:00+00:00': 9668.680894845094, '2025-06-02 23:00:00+00:00': 9556.904781451249, '2025-06-03 03:00:00+00:00': 9590.022269996372, '2025-06-03 07:00:00+00:00': 9505.050073765527, '2025-06-03 11:00:00+00:00': 9434.672375617229, '2025-06-03 15:00:00+00:00': 9242.779612048344, '2025-06-03 19:00:00+00:00': 9172.851407053286, '2025-06-03 23:00:00+00:00': 9046.707159448712, '2025-06-04 03:00:00+00:00': 8991.230905135279, '2025-06-04 07:00:00+00:00': 8898.719390416896, '2025-06-04 11:00:00+00:00': 8838.719390416896, '2025-06-04 15:00:00+00:00': 8769.827073615752, '2025-06-04 19:00:00+00:00': 8741.117396196398, '2025-06-04 23:00:00+00:00': 8736.231032560034, '2025-06-05 03:00:00+00:00': 8624.65863436999, '2025-06-05 07:00:00+00:00': 8524.241967703323, '2025-06-05 11:00:00+00:00': 8508.332876794233, '2025-06-05 15:00:00+00:00': 8421.07684545903, '2025-06-05 19:00:00+00:00': 8385.948640330826, '2025-06-05 23:00:00+00:00': 8317.665611034678, '2025-06-06 03:00:00+00:00': 8220.357918726986, '2025-06-06 07:00:00+00:00': 8137.2626806317485, '2025-06-06 11:00:00+00:00': 7994.119823488892, '2025-06-06 15:00:00+00:00': 7967.247496145982, '2025-06-06 19:00:00+00:00': 7937.247496145982, '2025-06-06 23:00:00+00:00': 7907.247496145982, '2025-06-07 03:00:00+00:00': 7872.427634745716, '2025-06-07 07:00:00+00:00': 7848.787914939601, '2025-06-07 11:00:00+00:00': 7825.892460514447, '2025-06-07 15:00:00+00:00': 7844.939429710571, '2025-06-07 19:00:00+00:00': 7818.131846473143, '2025-06-07 23:00:00+00:00': 7773.741155489825, '2025-06-08 03:00:00+00:00': 7747.306963398751, '2025-06-08 07:00:00+00:00': 7721.31793832611, '2025-06-08 11:00:00+00:00': 7694.231456214883, '2025-06-08 15:00:00+00:00': 7666.272305570731, '2025-06-30 20:00:00+00:00': 7660.093539816789, '2025-07-01 00:00:00+00:00': 7631.046793566289, '2025-07-01 04:00:00+00:00': 7595.956234754243, '2025-07-01 08:00:00+00:00': 7564.1730526524425, '2025-07-01 12:00:00+00:00': 7523.176090550618, '2025-07-01 16:00:00+00:00': 7477.632105982899, '2025-07-01 20:00:00+00:00': 7473.474875425503, '2025-07-02 00:00:00+00:00': 7443.0453347669145, '2025-07-02 04:00:00+00:00': 7423.317557995676, '2025-07-02 08:00:00+00:00': 7395.150528876214, '2025-07-02 12:00:00+00:00': 7358.63013886625, '2025-07-02 16:00:00+00:00': 7344.045266531466, '2025-07-02 20:00:00+00:00': 7315.73635479498, '2025-07-03 00:00:00+00:00': 7376.230036492527, '2025-07-03 04:00:00+00:00': 7341.884606114178, '2025-07-03 08:00:00+00:00': 7324.887175242838, '2025-07-03 09:00:00+00:00': 7314.350022281361, '2025-07-03 12:00:00+00:00': 7300.632392363928, '2025-07-03 13:00:00+00:00': 7313.013877438537, '2025-07-03 16:00:00+00:00': 7360.877101000752, '2025-07-03 17:00:00+00:00': 7348.695913874276, '2025-07-03 20:00:00+00:00': 7335.2502314809835, '2025-07-03 23:00:00+00:00': 7322.227778182365, '2025-07-04 00:00:00+00:00': 7306.758664191211, '2025-07-04 03:00:00+00:00': 7308.107587081146, '2025-07-04 04:00:00+00:00': 7292.423892462937, '2025-07-04 07:00:00+00:00': 7273.861917067402, '2025-07-04 08:00:00+00:00': 7256.662172766078, '2025-07-04 11:00:00+00:00': 7243.5751872458295, '2025-07-04 12:00:00+00:00': 7223.636117098037, '2025-07-04 15:00:00+00:00': 7210.851566153985, '2025-07-04 16:00:00+00:00': 7190.306016975288, '2025-07-04 19:00:00+00:00': 7185.443338342981, '2025-07-04 20:00:00+00:00': 7170.212483093962, '2025-07-04 23:00:00+00:00': 7157.1206194190845, '2025-07-05 00:00:00+00:00': 7131.8841570598015, '2025-07-05 03:00:00+00:00': 7117.51075235153, '2025-07-05 04:00:00+00:00': 7103.731512716418, '2025-07-05 07:00:00+00:00': 7091.479939517788, '2025-07-05 08:00:00+00:00': 7076.46001292867, '2025-07-05 11:00:00+00:00': 7063.618326186155, '2025-07-05 12:00:00+00:00': 7049.037733122371, '2025-07-05 15:00:00+00:00': 7028.755249926213, '2025-07-05 16:00:00+00:00': 7012.838747662213, '2025-07-05 19:00:00+00:00': 6982.838747662213, '2025-07-05 20:00:00+00:00': 6967.8488356304215, '2025-07-05 23:00:00+00:00': 6954.865751134817, '2025-07-06 00:00:00+00:00': 6931.847857208774, '2025-07-06 03:00:00+00:00': 6908.98132148926, '2025-07-06 04:00:00+00:00': 6889.826532907791, '2025-07-06 07:00:00+00:00': 6876.051930011248, '2025-07-06 08:00:00+00:00': 6856.956352943915, '2025-07-06 11:00:00+00:00': 6842.068911333937, '2025-07-06 12:00:00+00:00': 6822.934935006356, '2025-07-06 15:00:00+00:00': 6810.534166485343, '2025-07-06 16:00:00+00:00': 6794.958748497128, '2025-07-06 19:00:00+00:00': 6791.903192941572, '2025-07-06 20:00:00+00:00': 6771.292906283967, '2025-07-06 23:00:00+00:00': 6756.697809389773, '2025-07-07 00:00:00+00:00': 6735.031299872712, '2025-07-07 03:00:00+00:00': 6719.537160869491, '2025-07-07 04:00:00+00:00': 6705.1078755144845, '2025-07-07 07:00:00+00:00': 6698.090040406276, '2025-07-07 08:00:00+00:00': 6686.895183411138, '2025-07-07 11:00:00+00:00': 6670.107775307382, '2025-07-07 12:00:00+00:00': 6659.034761139247, '2025-07-07 15:00:00+00:00': 6654.916060783471, '2025-07-07 16:00:00+00:00': 6628.694703193587, '2025-07-07 19:00:00+00:00': 6610.391476166576, '2025-07-07 20:00:00+00:00': 6595.629967734791, '2025-07-07 23:00:00+00:00': 6574.63383118509, '2025-07-08 00:00:00+00:00': 6560.078097811834, '2025-07-08 03:00:00+00:00': 6544.851834351329, '2025-07-08 04:00:00+00:00': 6529.113339190641, '2025-07-08 07:00:00+00:00': 6515.167221807391, '2025-07-08 08:00:00+00:00': 6498.133237918042, '2025-07-08 11:00:00+00:00': 6489.543000391954, '2025-07-08 12:00:00+00:00': 6475.381943181787, '2025-07-08 15:00:00+00:00': 6476.013522129156, '2025-07-08 16:00:00+00:00': 6462.733549757123, '2025-07-08 19:00:00+00:00': 6445.598106676315, '2025-07-08 20:00:00+00:00': 6420.6110425480565, '2025-07-08 23:00:00+00:00': 6404.03525805766, '2025-07-09 00:00:00+00:00': 6390.393375574142, '2025-07-09 03:00:00+00:00': 6365.342355165979, '2025-07-09 04:00:00+00:00': 6346.651950451503, '2025-07-09 07:00:00+00:00': 6331.926388740103, '2025-07-09 08:00:00+00:00': 6312.695534559803, '2025-07-09 11:00:00+00:00': 6294.2329260427905, '2025-07-09 12:00:00+00:00': 6276.964318039651, '2025-07-09 15:00:00+00:00': 6258.088992834054, '2025-07-09 16:00:00+00:00': 6241.510530819848, '2025-07-09 19:00:00+00:00': 6233.0631181629315, '2025-07-09 20:00:00+00:00': 6220.075555206809, '2025-07-09 23:00:00+00:00': 6219.245945545484, '2025-07-10 00:00:00+00:00': 6212.826265964808, '2025-07-10 03:00:00+00:00': 6203.375235795799, '2025-07-10 04:00:00+00:00': 6190.586143555845, '2025-07-10 08:00:00+00:00': 6179.775898209496, '2025-07-10 13:00:00+00:00': 6167.468407610347, '2025-07-10 15:00:00+00:00': 6158.15846350914, '2025-07-10 17:00:00+00:00': 6152.311912431894, '2025-07-10 19:00:00+00:00': 6188.188672236645, '2025-07-10 21:00:00+00:00': 6179.745199184758, '2025-07-11 00:00:00+00:00': 6199.719543614064, '2025-07-11 03:00:00+00:00': 6208.1480585643885, '2025-07-11 06:00:00+00:00': 6209.594390948711, '2025-07-11 07:00:00+00:00': 6191.2755302723335, '2025-07-11 10:00:00+00:00': 6183.949537671866, '2025-07-11 11:00:00+00:00': 6203.646248060721, '2025-07-11 15:00:00+00:00': 6191.355773585878, '2025-07-11 16:00:00+00:00': 6281.657549268752, '2025-07-11 19:00:00+00:00': 6254.253401377906, '2025-07-11 20:00:00+00:00': 6228.805682972557, '2025-07-11 23:00:00+00:00': 6208.13260604948, '2025-07-12 00:00:00+00:00': 6187.5886840922385, '2025-07-12 03:00:00+00:00': 6171.355524363407, '2025-07-12 04:00:00+00:00': 6146.966636886884, '2025-07-12 07:00:00+00:00': 6117.38435614681, '2025-07-12 08:00:00+00:00': 6081.02617623364, '2025-07-12 11:00:00+00:00': 6058.282242939477, '2025-07-12 12:00:00+00:00': 6065.30634058504, '2025-07-12 15:00:00+00:00': 6040.970122934394, '2025-07-12 16:00:00+00:00': 6032.743194421933, '2025-07-12 19:00:00+00:00': 6003.745066209589, '2025-07-12 20:00:00+00:00': 5984.270789262642, '2025-07-12 23:00:00+00:00': 5961.928375141812, '2025-07-13 00:00:00+00:00': 5932.631456613027, '2025-07-13 03:00:00+00:00': 5907.937551602015, '2025-07-13 04:00:00+00:00': 5891.092344723541, '2025-07-13 07:00:00+00:00': 5868.970005841765, '2025-07-13 08:00:00+00:00': 5847.339783260195, '2025-07-13 11:00:00+00:00': 5833.947939465261, '2025-07-13 12:00:00+00:00': 5802.576274805459, '2025-07-13 15:00:00+00:00': 5798.256258834873, '2025-07-13 16:00:00+00:00': 5772.860377349953, '2025-07-13 19:00:00+00:00': 5744.583236311512, '2025-07-13 20:00:00+00:00': 5730.098968748682, '2025-07-13 23:00:00+00:00': 5695.382566356282, '2025-07-14 00:00:00+00:00': 5658.894898686498, '2025-07-14 03:00:00+00:00': 5657.595870854418, '2025-07-14 04:00:00+00:00': 5658.152915366498, '2025-07-14 07:00:00+00:00': 5639.748187642027, '2025-07-14 08:00:00+00:00': 5639.448823529225, '2025-07-14 11:00:00+00:00': 5642.016179459331, '2025-07-14 12:00:00+00:00': 5636.573141484648, '2025-07-14 15:00:00+00:00': 5649.613842544979, '2025-07-14 16:00:00+00:00': 5704.20832809252, '2025-07-14 19:00:00+00:00': 5693.104431988624, '2025-07-14 20:00:00+00:00': 5664.175884959759, '2025-07-14 23:00:00+00:00': 5641.104456388331, '2025-07-15 00:00:00+00:00': 5640.84471460126, '2025-07-15 03:00:00+00:00': 5677.741266325398, '2025-07-15 04:00:00+00:00': 5722.709610315595, '2025-07-15 07:00:00+00:00': 5710.8404514370895, '2025-07-15 08:00:00+00:00': 5710.655413940391, '2025-07-15 11:00:00+00:00': 5684.836448423149, '2025-07-15 12:00:00+00:00': 5659.24553933224, '2025-07-15 15:00:00+00:00': 5741.922307009007, '2025-07-15 16:00:00+00:00': 5806.227862564563, '2025-07-15 19:00:00+00:00': 5821.8880893234145, '2025-07-15 20:00:00+00:00': 6021.482421754564, '2025-07-15 23:00:00+00:00': 5980.850661357168, '2025-07-16 00:00:00+00:00': 5938.04123962016, '2025-07-16 03:00:00+00:00': 5953.368342423898, '2025-07-16 04:00:00+00:00': 5926.801205815765, '2025-07-16 07:00:00+00:00': 5870.584989599549, '2025-07-16 08:00:00+00:00': 5826.594157584796, '2025-07-16 11:00:00+00:00': 5806.804683900586, '2025-07-16 12:00:00+00:00': 5766.988799001334, '2025-07-16 15:00:00+00:00': 5707.594859607395, '2025-07-16 16:00:00+00:00': 5729.163039231557, '2025-07-16 19:00:00+00:00': 5683.174028242546, '2025-07-16 20:00:00+00:00': 5658.7687852780955, '2025-07-16 23:00:00+00:00': 5694.1620437050615, '2025-07-17 00:00:00+00:00': 5672.225520540326, '2025-07-17 03:00:00+00:00': 5624.262557577364, '2025-07-17 04:00:00+00:00': 5663.548271863077, '2025-07-17 07:00:00+00:00': 5624.130796134922, '2025-07-17 08:00:00+00:00': 5588.132550845791, '2025-07-17 11:00:00+00:00': 5588.132550845791, '2025-07-17 12:00:00+00:00': 5593.192791809646, '2025-07-17 15:00:00+00:00': 5539.1828908195475, '2025-07-17 16:00:00+00:00': 5563.219200181822, '2025-07-17 19:00:00+00:00': 5512.798147550243, '2025-07-17 20:00:00+00:00': 5554.455069540863, '2025-07-17 23:00:00+00:00': 5595.588402874197, '2025-07-18 00:00:00+00:00': 5564.899408802113, '2025-07-18 03:00:00+00:00': 5528.600707503411, '2025-07-18 04:00:00+00:00': 5497.478700551182, '2025-07-18 07:00:00+00:00': 5494.054043016935, '2025-07-18 08:00:00+00:00': 5803.554043016935, '2025-07-18 11:00:00+00:00': 5759.289337134582, '2025-07-18 12:00:00+00:00': 5742.619616598777, '2025-07-18 15:00:00+00:00': 5750.289519511398, '2025-07-18 16:00:00+00:00': 5821.765430497946, '2025-07-18 19:00:00+00:00': 5799.525430497946, '2025-07-18 20:00:00+00:00': 5837.425430497946, '2025-07-18 23:00:00+00:00': 5807.425430497946, '2025-07-19 00:00:00+00:00': 5761.360995067657, '2025-07-19 03:00:00+00:00': 5715.19432840099, '2025-07-19 04:00:00+00:00': 5661.654944092933, '2025-07-19 07:00:00+00:00': 5635.835978575691, '2025-07-19 08:00:00+00:00': 5638.904160393873, '2025-07-19 11:00:00+00:00': 5608.904160393873, '2025-07-19 12:00:00+00:00': 5608.0041603938735, '2025-07-19 16:00:00+00:00': 5540.4019735404045, '2025-07-19 20:00:00+00:00': 5482.6433498165325, '2025-07-20 00:00:00+00:00': 5437.2165363556815, '2025-07-20 04:00:00+00:00': 5459.974022003456, '2025-07-20 08:00:00+00:00': 5418.986306070342, '2025-07-20 12:00:00+00:00': 5438.629539943654, '2025-07-20 16:00:00+00:00': 5436.444976742817, '2025-07-20 20:00:00+00:00': 5409.606126537278, '2025-07-21 00:00:00+00:00': 5394.193991223399, '2025-07-21 04:00:00+00:00': 5366.507849022761, '2025-07-21 08:00:00+00:00': 5349.391761870748, '2025-07-21 12:00:00+00:00': 5327.748491341946, '2025-07-21 16:00:00+00:00': 5383.679422272877, '2025-07-21 20:00:00+00:00': 5361.822208172538, '2025-07-22 00:00:00+00:00': 5329.434929450721, '2025-07-22 04:00:00+00:00': 5320.360145174594, '2025-07-22 08:00:00+00:00': 5306.081376941207, '2025-07-22 12:00:00+00:00': 5258.371833372742, '2025-07-22 16:00:00+00:00': 5208.828247846426, '2025-07-22 20:00:00+00:00': 5234.106950009487, '2025-07-23 00:00:00+00:00': 5173.027691999369, '2025-07-23 04:00:00+00:00': 5160.536717270127, '2025-07-23 08:00:00+00:00': 5151.008704990772, '2025-07-23 12:00:00+00:00': 5120.329433282088, '2025-07-23 16:00:00+00:00': 5070.539925510067, '2025-07-23 20:00:00+00:00': 5042.705104081496, '2025-07-24 00:00:00+00:00': 5006.9198158111185, '2025-07-24 04:00:00+00:00': 4978.915700584781, '2025-07-24 08:00:00+00:00': 4934.4034324818485, '2025-07-24 12:00:00+00:00': 4883.758578606372, '2025-07-24 16:00:00+00:00': 4885.6664733432135, '2025-07-24 20:00:00+00:00': 4881.53314000988, '2025-07-25 00:00:00+00:00': 4903.497425724166, '2025-07-25 04:00:00+00:00': 4901.325294576624, '2025-07-25 07:00:00+00:00': 4871.325294576624}]",497.0
