number,value,params_BTC_VS_ETH_WEIGHT,params_CONVERGENCE_THRESHOLD,params_DAILY_LOSS_LIMIT,params_FIXED_TRADE_PCT,params_MAX_CONCURRENT_POSITIONS,params_MAX_DRAWDOWN_LIMIT,params_MAX_HOLD_HOURS,params_MAX_POSITION_PCT,params_MIN_DIV,params_MIN_TIME_BETWEEN_TRADES,params_STOP_LOSS_PCT,params_STRIKE_SELECTION_STRATEGY,params_TAKE_PROFIT_PCT,params_TRAIL_PCT,state,user_attrs_cooldown_trades_pct,user_attrs_equity_curves,user_attrs_total_trades
1,-0.9862281524175989,0.5,0.5,0.2,0.06,4.0,0.15,72.0,0.7,0.0225,4.0,0.025,random,0.035,0.4,COMPLETE,0.0,"[{'2025-05-01 00:00:00+00:00': 10000.0, '2025-05-01 01:00:00+00:00': 9985.294178736503, '2025-05-01 05:00:00+00:00': 9979.367050013707, '2025-05-01 09:00:00+00:00': 9974.304107071675, '2025-05-01 13:00:00+00:00': 9968.373639017182, '2025-05-01 17:00:00+00:00': 9968.578040171937, '2025-05-01 21:00:00+00:00': 9947.700402300952, '2025-05-02 01:00:00+00:00': 9941.188788816356, '2025-05-02 05:00:00+00:00': 9920.735928194063, '2025-05-02 09:00:00+00:00': 9910.79321417519, '2025-05-02 13:00:00+00:00': 9901.295602214153, '2025-05-02 18:00:00+00:00': 9891.085728292683, '2025-05-02 23:00:00+00:00': 9884.406048999559, '2025-05-03 03:00:00+00:00': 9875.602610263795, '2025-05-03 08:00:00+00:00': 9870.245214527296, '2025-05-03 12:00:00+00:00': 9864.161256048597, '2025-05-03 16:00:00+00:00': 9851.872229251941, '2025-05-03 20:00:00+00:00': 9838.353601075312, '2025-05-04 00:00:00+00:00': 9837.554524026264, '2025-05-04 04:00:00+00:00': 9827.304214200707, '2025-05-04 08:00:00+00:00': 9819.85304034911, '2025-05-04 12:00:00+00:00': 9814.910160945765, '2025-05-04 16:00:00+00:00': 9796.748097539079, '2025-05-04 20:00:00+00:00': 9780.547043568262, '2025-05-05 00:00:00+00:00': 9793.553659838215, '2025-05-05 04:00:00+00:00': 9785.358308548755, '2025-05-05 08:00:00+00:00': 9771.067652377835, '2025-05-05 12:00:00+00:00': 9751.364763859143, '2025-05-05 16:00:00+00:00': 9741.61843607449, '2025-05-05 20:00:00+00:00': 9724.45651639262, '2025-05-06 00:00:00+00:00': 9707.190975834133, '2025-05-06 04:00:00+00:00': 9704.089190985598, '2025-05-06 08:00:00+00:00': 9692.395479082646, '2025-05-06 12:00:00+00:00': 9673.510879422338, '2025-05-06 16:00:00+00:00': 9673.923863058335, '2025-05-06 20:00:00+00:00': 9664.11577208283, '2025-05-07 00:00:00+00:00': 9676.608411042349, '2025-05-07 04:00:00+00:00': 9668.758828215541, '2025-05-07 08:00:00+00:00': 9666.505817487865, '2025-05-07 12:00:00+00:00': 9646.568950884, '2025-05-07 16:00:00+00:00': 9618.636769741863, '2025-05-07 20:00:00+00:00': 9621.932207062393, '2025-05-08 00:00:00+00:00': 9609.524751039575, '2025-05-08 04:00:00+00:00': 9601.695402215462, '2025-05-08 08:00:00+00:00': 9591.056470376874, '2025-05-08 12:00:00+00:00': 9570.570209051188, '2025-05-08 16:00:00+00:00': 9572.836224957176, '2025-05-08 20:00:00+00:00': 9562.469990609088, '2025-05-09 00:00:00+00:00': 9555.459397626128, '2025-05-09 04:00:00+00:00': 9545.509541791911, '2025-05-09 08:00:00+00:00': 9544.032455530349, '2025-05-09 14:00:00+00:00': 9543.453668942155, '2025-05-09 18:00:00+00:00': 9536.956784687829, '2025-05-10 00:00:00+00:00': 9534.802194201338, '2025-05-10 04:00:00+00:00': 9523.911072825413, '2025-05-10 08:00:00+00:00': 9522.225949057673, '2025-05-10 12:00:00+00:00': 9513.553209854397, '2025-05-10 17:00:00+00:00': 9506.733479978824, '2025-05-10 21:00:00+00:00': 9497.018885956106, '2025-05-11 01:00:00+00:00': 9492.87510621205, '2025-05-11 05:00:00+00:00': 9489.680695741092, '2025-05-11 09:00:00+00:00': 9485.513041923592, '2025-05-11 13:00:00+00:00': 9481.430302068115, '2025-05-11 18:00:00+00:00': 9473.169718699166, '2025-05-11 22:00:00+00:00': 9468.148195513459, '2025-05-12 02:00:00+00:00': 9475.15081745654, '2025-05-12 07:00:00+00:00': 9470.772511212606, '2025-05-12 11:00:00+00:00': 9457.729686596504, '2025-05-12 15:00:00+00:00': 9494.434262968842, '2025-05-12 19:00:00+00:00': 9505.625652397053, '2025-05-12 23:00:00+00:00': 9503.16585995087, '2025-05-13 03:00:00+00:00': 9500.01409705279, '2025-05-13 07:00:00+00:00': 9492.327521746698, '2025-05-13 11:00:00+00:00': 9484.937172454222, '2025-05-13 16:00:00+00:00': 9489.278666799342, '2025-05-13 20:00:00+00:00': 9484.504803004958, '2025-05-14 00:00:00+00:00': 9475.436494276386, '2025-05-14 05:00:00+00:00': 9470.744300396977, '2025-05-14 11:00:00+00:00': 9468.267397870044, '2025-05-14 16:00:00+00:00': 9460.46894603618, '2025-05-14 20:00:00+00:00': 9452.83695585849, '2025-05-15 00:00:00+00:00': 9442.737299360195, '2025-05-15 05:00:00+00:00': 9434.939542655356, '2025-05-15 09:00:00+00:00': 9438.686969255887, '2025-05-15 13:00:00+00:00': 9439.75964527572, '2025-05-15 17:00:00+00:00': 9451.610105916969, '2025-05-15 21:00:00+00:00': 9445.112012514104, '2025-05-16 01:00:00+00:00': 9440.19426118477, '2025-05-16 05:00:00+00:00': 9433.999145660757, '2025-05-16 10:00:00+00:00': 9431.888752947725, '2025-05-16 14:00:00+00:00': 9437.08874836629, '2025-05-16 20:00:00+00:00': 9420.477733101507, '2025-05-17 00:00:00+00:00': 9410.296884509517, '2025-05-17 04:00:00+00:00': 9415.06859212168, '2025-05-17 08:00:00+00:00': 9408.578500606149, '2025-05-17 12:00:00+00:00': 9400.558339759089, '2025-05-17 16:00:00+00:00': 9389.456630151279, '2025-05-17 20:00:00+00:00': 9379.941487523816, '2025-05-18 00:00:00+00:00': 9375.893085431826, '2025-05-18 04:00:00+00:00': 9364.19238651775, '2025-05-18 08:00:00+00:00': 9373.4042995686, '2025-05-18 12:00:00+00:00': 9373.936405903, '2025-05-18 16:00:00+00:00': 9363.298220124234, '2025-05-18 20:00:00+00:00': 9375.128234761027, '2025-05-19 00:00:00+00:00': 9384.878625281615, '2025-05-19 04:00:00+00:00': 9408.21674060225, '2025-05-19 08:00:00+00:00': 9440.052821265479, '2025-05-19 12:00:00+00:00': 9429.251160886482, '2025-05-19 16:00:00+00:00': 9445.149240775521, '2025-05-19 20:00:00+00:00': 9456.90836539872, '2025-05-20 00:00:00+00:00': 9451.002349364553, '2025-05-20 04:00:00+00:00': 9437.955709381353, '2025-05-20 08:00:00+00:00': 9441.904204929524, '2025-05-20 12:00:00+00:00': 9434.163150094073, '2025-05-20 16:00:00+00:00': 9438.695116554798, '2025-05-20 20:00:00+00:00': 9554.665990341206, '2025-05-21 00:00:00+00:00': 9538.779033962379, '2025-05-21 04:00:00+00:00': 9524.16960133054, '2025-05-21 08:00:00+00:00': 9590.126799843125, '2025-05-21 12:00:00+00:00': 9579.834012515366, '2025-05-21 16:00:00+00:00': 9565.26866301406, '2025-05-21 20:00:00+00:00': 9645.339584999876, '2025-05-22 00:00:00+00:00': 9699.536467352817, '2025-05-22 04:00:00+00:00': 9776.837352308568, '2025-05-22 09:00:00+00:00': 9808.817819655427, '2025-05-22 13:00:00+00:00': 9809.214398616006, '2025-05-22 18:00:00+00:00': 9806.930800186245, '2025-05-23 00:00:00+00:00': 9803.650891910773, '2025-05-23 04:00:00+00:00': 9798.74902045553, '2025-05-23 10:00:00+00:00': 9801.99507809567, '2025-05-23 14:00:00+00:00': 9893.978420465544, '2025-05-23 19:00:00+00:00': 9912.584324526482, '2025-05-23 23:00:00+00:00': 9895.888422822502, '2025-05-24 04:00:00+00:00': 9904.622702434395, '2025-05-24 08:00:00+00:00': 9896.812696653375, '2025-05-24 13:00:00+00:00': 9897.089612274855, '2025-05-24 23:00:00+00:00': 9898.521027696856, '2025-05-25 10:00:00+00:00': 9894.057580671148, '2025-05-25 14:00:00+00:00': 9893.763994311543, '2025-05-25 18:00:00+00:00': 9885.306141869289, '2025-05-25 23:00:00+00:00': 10112.653080644799, '2025-05-26 09:00:00+00:00': 10114.666618582554, '2025-05-26 16:00:00+00:00': 10133.392013973404, '2025-05-26 21:00:00+00:00': 10144.8799253495, '2025-05-27 02:00:00+00:00': 10162.685797763641, '2025-05-27 08:00:00+00:00': 10197.596419710564, '2025-05-27 12:00:00+00:00': 10189.023252968094, '2025-05-27 18:00:00+00:00': 10179.42790695779, '2025-05-27 22:00:00+00:00': 10186.998329493, '2025-05-28 02:00:00+00:00': 10170.776896191433, '2025-05-28 06:00:00+00:00': 10147.19510859294, '2025-05-28 10:00:00+00:00': 10130.43158467533, '2025-05-28 14:00:00+00:00': 10123.805078651234, '2025-05-28 20:00:00+00:00': 10114.814897577422, '2025-05-29 00:00:00+00:00': 10098.01586207567, '2025-05-29 04:00:00+00:00': 10084.276556774841, '2025-05-29 10:00:00+00:00': 10069.577430204637, '2025-05-29 14:00:00+00:00': 10058.835355669566, '2025-05-30 23:00:00+00:00': 10077.335355669566, '2025-05-31 03:00:00+00:00': 10085.68707135584, '2025-05-31 07:00:00+00:00': 10008.261128187496, '2025-05-31 11:00:00+00:00': 9905.9252658594, '2025-05-31 15:00:00+00:00': 9847.71580635452, '2025-05-31 19:00:00+00:00': 9801.918015873185, '2025-05-31 23:00:00+00:00': 9773.330295008793, '2025-06-01 03:00:00+00:00': 9717.251873021585, '2025-06-01 07:00:00+00:00': 9667.866389268711, '2025-06-01 11:00:00+00:00': 9627.367235352665, '2025-06-01 15:00:00+00:00': 9529.957638992299, '2025-06-01 19:00:00+00:00': 9532.098322353591, '2025-06-01 23:00:00+00:00': 9445.194677210528, '2025-06-02 03:00:00+00:00': 9385.194677210528, '2025-06-02 07:00:00+00:00': 9303.98269034471, '2025-06-02 11:00:00+00:00': 9243.98269034471, '2025-06-02 15:00:00+00:00': 9155.835104932692, '2025-06-02 19:00:00+00:00': 9066.39740259924, '2025-06-02 23:00:00+00:00': 8956.50379316823, '2025-06-03 03:00:00+00:00': 8988.027302508315, '2025-06-03 07:00:00+00:00': 8906.208806837374, '2025-06-03 11:00:00+00:00': 8837.893815670843, '2025-06-03 15:00:00+00:00': 8649.462549117427, '2025-06-03 19:00:00+00:00': 8581.382636245744, '2025-06-03 23:00:00+00:00': 8459.38977673684, '2025-06-04 03:00:00+00:00': 8403.750980401428, '2025-06-04 07:00:00+00:00': 8315.780575070423, '2025-06-04 11:00:00+00:00': 8257.454889305658, '2025-06-04 15:00:00+00:00': 8190.418506141809, '2025-06-04 19:00:00+00:00': 8162.10009671654, '2025-06-04 23:00:00+00:00': 8157.213733080177, '2025-06-05 03:00:00+00:00': 8048.289694197312, '2025-06-05 07:00:00+00:00': 7947.873027530645, '2025-06-05 11:00:00+00:00': 7931.619206754438, '2025-06-05 15:00:00+00:00': 7846.473144273425, '2025-06-05 19:00:00+00:00': 7812.817245352536, '2025-06-05 23:00:00+00:00': 7746.637972219328, '2025-06-06 03:00:00+00:00': 7649.330279911635, '2025-06-06 07:00:00+00:00': 7566.235041816398, '2025-06-06 11:00:00+00:00': 7423.092184673541, '2025-06-06 15:00:00+00:00': 7398.11915199618, '2025-06-06 19:00:00+00:00': 7370.167870219704, '2025-06-06 23:00:00+00:00': 7340.167870219704, '2025-06-07 03:00:00+00:00': 7307.792321350696, '2025-06-07 07:00:00+00:00': 7285.8053098003165, '2025-06-07 11:00:00+00:00': 7264.506064087898, '2025-06-07 15:00:00+00:00': 7282.228739267645, '2025-06-07 19:00:00+00:00': 7257.2892455224555, '2025-06-07 23:00:00+00:00': 7215.982067984005, '2025-06-08 03:00:00+00:00': 7191.374303740598, '2025-06-08 07:00:00+00:00': 7167.175207274673, '2025-06-08 11:00:00+00:00': 7141.948336248393, '2025-06-08 15:00:00+00:00': 7115.902338169646, '2025-06-08 19:00:00+00:00': 7091.622140422473, '2025-06-08 23:00:00+00:00': 7064.52417087062, '2025-06-09 03:00:00+00:00': 7012.177421897196, '2025-06-30 20:00:00+00:00': 7006.473945816634, '2025-07-01 00:00:00+00:00': 6979.660824437066, '2025-07-01 04:00:00+00:00': 6947.265583065078, '2025-07-01 08:00:00+00:00': 6917.919281626577, '2025-07-01 12:00:00+00:00': 6880.061663529034, '2025-07-01 16:00:00+00:00': 6837.997843969775, '2025-07-01 20:00:00+00:00': 6834.67613567307, '2025-07-02 00:00:00+00:00': 6806.564559461103, '2025-07-02 04:00:00+00:00': 6788.337587169563, '2025-07-02 08:00:00+00:00': 6762.309642381655, '2025-07-02 12:00:00+00:00': 6728.561155037727, '2025-07-02 16:00:00+00:00': 6715.081685926702, '2025-07-02 20:00:00+00:00': 6688.917166347289, '2025-07-03 00:00:00+00:00': 6744.847162505354, '2025-07-03 04:00:00+00:00': 6713.107031055604, '2025-07-03 08:00:00+00:00': 6697.396087896681, '2025-07-03 09:00:00+00:00': 6687.657475785773, '2025-07-03 12:00:00+00:00': 6674.97640490306, '2025-07-03 13:00:00+00:00': 6686.420522324358, '2025-07-03 16:00:00+00:00': 6730.67177463921, '2025-07-03 17:00:00+00:00': 6719.413879878811, '2025-07-03 20:00:00+00:00': 6706.9875172056645, '2025-07-03 23:00:00+00:00': 6694.950974995997, '2025-07-04 00:00:00+00:00': 6680.6530734797425, '2025-07-04 03:00:00+00:00': 6681.899998498587, '2025-07-04 04:00:00+00:00': 6667.402005630093, '2025-07-04 07:00:00+00:00': 6650.243762362318, '2025-07-04 08:00:00+00:00': 6634.342377341575, '2025-07-04 11:00:00+00:00': 6622.24332165509, '2025-07-04 12:00:00+00:00': 6603.806901681032, '2025-07-04 15:00:00+00:00': 6591.986235063708, '2025-07-04 16:00:00+00:00': 6572.986057218024, '2025-07-04 19:00:00+00:00': 6568.489545576919, '2025-07-04 20:00:00+00:00': 6554.4020223264315, '2025-07-04 23:00:00+00:00': 6542.2955324278355, '2025-07-05 00:00:00+00:00': 6518.950679901115, '2025-07-05 03:00:00+00:00': 6505.657734587949, '2025-07-05 04:00:00+00:00': 6492.908773416854, '2025-07-05 07:00:00+00:00': 6481.576874950081, '2025-07-05 08:00:00+00:00': 6467.678473071738, '2025-07-05 11:00:00+00:00': 6455.7996087709635, '2025-07-05 12:00:00+00:00': 6442.306124336443, '2025-07-05 15:00:00+00:00': 6423.542441167101, '2025-07-05 16:00:00+00:00': 6408.810940648342, '2025-07-05 19:00:00+00:00': 6380.379420755514, '2025-07-05 20:00:00+00:00': 6366.503763240699, '2025-07-05 23:00:00+00:00': 6354.4889201411015, '2025-07-06 00:00:00+00:00': 6333.17947798495, '2025-07-06 03:00:00+00:00': 6312.016075628959, '2025-07-06 04:00:00+00:00': 6294.27973950094, '2025-07-06 07:00:00+00:00': 6281.528762638699, '2025-07-06 08:00:00+00:00': 6263.844535456294, '2025-07-06 11:00:00+00:00': 6250.0619004888495, '2025-07-06 12:00:00+00:00': 6232.339391411779, '2025-07-06 15:00:00+00:00': 6220.857523694356, '2025-07-06 16:00:00+00:00': 6206.4288427412475, '2025-07-06 19:00:00+00:00': 6203.490913238001, '2025-07-06 20:00:00+00:00': 6184.395654981813, '2025-07-06 23:00:00+00:00': 6170.880537321646, '2025-07-07 00:00:00+00:00': 6150.803351426068, '2025-07-07 03:00:00+00:00': 6136.4540355974805, '2025-07-07 04:00:00+00:00': 6123.0808467574025, '2025-07-07 07:00:00+00:00': 6116.580731950799, '2025-07-07 08:00:00+00:00': 6106.204024432767, '2025-07-07 11:00:00+00:00': 6090.654180021108, '2025-07-07 12:00:00+00:00': 6080.389476836845, '2025-07-07 15:00:00+00:00': 6076.573889654894, '2025-07-07 16:00:00+00:00': 6052.264455850527, '2025-07-07 19:00:00+00:00': 6035.307679979231, '2025-07-07 20:00:00+00:00': 6021.619575109757, '2025-07-07 23:00:00+00:00': 6002.165112239041, '2025-07-08 00:00:00+00:00': 5988.666190859025, '2025-07-08 03:00:00+00:00': 5974.555539779915, '2025-07-08 04:00:00+00:00': 5959.957991439909, '2025-07-08 07:00:00+00:00': 5947.032094857535, '2025-07-08 08:00:00+00:00': 5931.230934215176, '2025-07-08 11:00:00+00:00': 5923.268208741116, '2025-07-08 12:00:00+00:00': 5910.130210626259, '2025-07-08 15:00:00+00:00': 5910.7617895736275, '2025-07-08 16:00:00+00:00': 5898.4397874239885, '2025-07-08 19:00:00+00:00': 5882.554973729591, '2025-07-08 20:00:00+00:00': 5859.3678515276115, '2025-07-08 23:00:00+00:00': 5843.999704665446, '2025-07-09 00:00:00+00:00': 5831.3379016328, '2025-07-09 03:00:00+00:00': 5806.512191226598, '2025-07-09 04:00:00+00:00': 5789.162611338115, '2025-07-09 07:00:00+00:00': 5775.507551026267, '2025-07-09 08:00:00+00:00': 5757.653527157216, '2025-07-09 11:00:00+00:00': 5740.5310251992005, '2025-07-09 12:00:00+00:00': 5724.496199807122, '2025-07-09 15:00:00+00:00': 5706.98828410902, '2025-07-09 16:00:00+00:00': 5691.592083929633, '2025-07-09 19:00:00+00:00': 5683.755421098577, '2025-07-09 20:00:00+00:00': 5671.692374745496, '2025-07-09 23:00:00+00:00': 5670.922692503109, '2025-07-10 00:00:00+00:00': 5664.959349778368, '2025-07-10 03:00:00+00:00': 5656.190961294434, '2025-07-10 04:00:00+00:00': 5644.3103324371305, '2025-07-10 08:00:00+00:00': 5634.262333096262, '2025-07-10 13:00:00+00:00': 5622.843267111657, '2025-07-10 15:00:00+00:00': 5614.1926675105115, '2025-07-10 17:00:00+00:00': 5608.767602751421, '2025-07-10 19:00:00+00:00': 5642.106118668325, '2025-07-10 21:00:00+00:00': 5634.270969532369, '2025-07-11 00:00:00+00:00': 5652.826585846092, '2025-07-11 03:00:00+00:00': 5660.64840039209, '2025-07-11 06:00:00+00:00': 5661.991779631638, '2025-07-11 07:00:00+00:00': 5644.992728339177, '2025-07-11 10:00:00+00:00': 5638.188298165763, '2025-07-11 11:00:00+00:00': 5656.468700334449, '2025-07-11 14:00:00+00:00': 5653.277120049683, '2025-07-11 15:00:00+00:00': 5641.872257341681, '2025-07-11 18:00:00+00:00': 5642.840929247417, '2025-07-11 19:00:00+00:00': 5617.408851521819, '2025-07-11 22:00:00+00:00': 5604.408497994498, '2025-07-11 23:00:00+00:00': 5583.735421071421, '2025-07-12 02:00:00+00:00': 5565.749621555565, '2025-07-12 03:00:00+00:00': 5550.681029325623, '2025-07-12 06:00:00+00:00': 5516.374248344943, '2025-07-12 07:00:00+00:00': 5488.910490545785, '2025-07-12 10:00:00+00:00': 5460.653969301082, '2025-07-12 11:00:00+00:00': 5439.5336166709885, '2025-07-12 14:00:00+00:00': 5418.106261878143, '2025-07-12 15:00:00+00:00': 5395.502987092716, '2025-07-12 18:00:00+00:00': 5374.266562033265, '2025-07-12 19:00:00+00:00': 5347.327841490388, '2025-07-12 22:00:00+00:00': 5321.670205078372, '2025-07-12 23:00:00+00:00': 5300.909450235969, '2025-07-13 02:00:00+00:00': 5277.05056629077, '2025-07-13 03:00:00+00:00': 5254.100458867149, '2025-07-13 06:00:00+00:00': 5240.724793053855, '2025-07-13 07:00:00+00:00': 5220.160358970491, '2025-07-13 10:00:00+00:00': 5201.57662162918, '2025-07-13 11:00:00+00:00': 5189.125524655579, '2025-07-13 14:00:00+00:00': 5161.291172493805, '2025-07-13 15:00:00+00:00': 5157.27417079395, '2025-07-13 18:00:00+00:00': 5133.048363633754, '2025-07-13 19:00:00+00:00': 5128.700443541369, '2025-07-13 22:00:00+00:00': 5186.909462421288, '2025-07-13 23:00:00+00:00': 5154.541185067781, '2025-07-14 02:00:00+00:00': 5146.791147705546, '2025-07-14 03:00:00+00:00': 5145.579622655746, '2025-07-14 06:00:00+00:00': 5133.160099160755, '2025-07-14 07:00:00+00:00': 5115.99492674826, '2025-07-14 10:00:00+00:00': 5086.332219799619, '2025-07-14 11:00:00+00:00': 5088.727042882178, '2025-07-14 14:00:00+00:00': 5067.231447464244, '2025-07-14 15:00:00+00:00': 5079.395512350844, '2025-07-14 18:00:00+00:00': 5104.495841855049, '2025-07-14 19:00:00+00:00': 5093.391945751153, '2025-07-14 22:00:00+00:00': 5053.1177316034455, '2025-07-14 23:00:00+00:00': 5030.046303032017, '2025-07-15 02:00:00+00:00': 5064.547357803889, '2025-07-15 03:00:00+00:00': 5101.443909528027, '2025-07-15 06:00:00+00:00': 5071.443909528027, '2025-07-15 07:00:00+00:00': 5059.574750649522, '2025-07-15 10:00:00+00:00': 5041.5379315875725, '2025-07-15 11:00:00+00:00': 5015.718966070331, '2025-07-15 14:00:00+00:00': 5050.525558045059, '2025-07-15 15:00:00+00:00': 5133.202325721827, '2025-07-15 18:00:00+00:00': 5162.0751580917695, '2025-07-15 19:00:00+00:00': 5176.680230233594, '2025-07-15 22:00:00+00:00': 5191.946350567317, '2025-07-15 23:00:00+00:00': 5154.05732410362, '2025-07-16 02:00:00+00:00': 5119.791444101203, '2025-07-16 03:00:00+00:00': 5135.118546904941, '2025-07-16 06:00:00+00:00': 5102.620646049385, '2025-07-16 07:00:00+00:00': 5048.03071427087, '2025-07-16 10:00:00+00:00': 5047.390911353094, '2025-07-16 11:00:00+00:00': 5027.601437668884, '2025-07-16 14:00:00+00:00': 5003.9898620982485, '2025-07-16 15:00:00+00:00': 4944.5959227043095, '2025-07-16 18:00:00+00:00': 4914.413182895056, '2025-07-16 19:00:00+00:00': 4868.424171906045, '2025-07-16 22:00:00+00:00': 4858.0096801334685, '2025-07-16 23:00:00+00:00': 4893.402938560434, '2025-07-17 02:00:00+00:00': 4973.526307741609, '2025-07-17 03:00:00+00:00': 4925.563344778647, '2025-07-17 06:00:00+00:00': 4906.283845789822, '2025-07-17 07:00:00+00:00': 4866.866370061667, '2025-07-17 10:00:00+00:00': 4826.058045967155, '2025-07-17 11:00:00+00:00': 4826.058045967155, '2025-07-17 14:00:00+00:00': 5168.558045967155, '2025-07-17 15:00:00+00:00': 5114.548144977056, '2025-07-17 19:00:00+00:00': 5033.784264579193, '2025-07-17 23:00:00+00:00': 5064.741340702703, '2025-07-18 03:00:00+00:00': 5060.446714027183, '2025-07-18 07:00:00+00:00': 5193.219005974605, '2025-07-18 11:00:00+00:00': 5148.954300092252, '2025-07-18 12:00:00+00:00': 5133.652968233401, '2025-07-18 15:00:00+00:00': 5141.322871146022, '2025-07-18 16:00:00+00:00': 5206.940360843781, '2025-07-18 19:00:00+00:00': 5184.700360843781, '2025-07-18 20:00:00+00:00': 5222.60036084378, '2025-07-18 23:00:00+00:00': 5192.60036084378, '2025-07-19 00:00:00+00:00': 5150.334961343425, '2025-07-19 03:00:00+00:00': 5104.168294676758, '2025-07-19 04:00:00+00:00': 5055.026102832891, '2025-07-19 07:00:00+00:00': 5029.20713731565, '2025-07-19 08:00:00+00:00': 5032.2753191338315, '2025-07-19 11:00:00+00:00': 5002.2753191338315, '2025-07-19 12:00:00+00:00': 5001.375319133832, '2025-07-19 15:00:00+00:00': 5002.920034580986, '2025-07-19 16:00:00+00:00': 4940.842897695112, '2025-07-19 19:00:00+00:00': 4903.323517850151, '2025-07-19 20:00:00+00:00': 4850.256046427979, '2025-07-19 23:00:00+00:00': 4809.063738735671, '2025-07-20 00:00:00+00:00': 4767.306603006735, '2025-07-20 03:00:00+00:00': 4741.095665506735, '2025-07-20 04:00:00+00:00': 4762.022628734102, '2025-07-20 08:00:00+00:00': 4724.338895827675, '2025-07-20 12:00:00+00:00': 4742.404854318097, '2025-07-20 16:00:00+00:00': 4740.39603015555, '2025-07-20 20:00:00+00:00': 4715.715807050953, '2025-07-21 00:00:00+00:00': 4701.540094905263, '2025-07-21 04:00:00+00:00': 4676.071777351647, '2025-07-21 08:00:00+00:00': 4660.323149365954, '2025-07-21 12:00:00+00:00': 4640.406176795584, '2025-07-21 16:00:00+00:00': 4696.337107726515, '2025-07-21 20:00:00+00:00': 4676.219250416126, '2025-07-22 00:00:00+00:00': 4646.403846355481, '2025-07-22 04:00:00+00:00': 4637.329062079354, '2025-07-22 08:00:00+00:00': 4623.050293845967, '2025-07-22 12:00:00+00:00': 4575.340750277502, '2025-07-22 16:00:00+00:00': 4525.797164751186, '2025-07-22 20:00:00+00:00': 4551.075866914247, '2025-07-23 00:00:00+00:00': 4489.996608904129, '2025-07-23 04:00:00+00:00': 4477.505634174887, '2025-07-23 08:00:00+00:00': 4467.977621895531, '2025-07-23 12:00:00+00:00': 4437.2983501868475, '2025-07-23 16:00:00+00:00': 4387.508842414827, '2025-07-23 20:00:00+00:00': 4359.6740209862555, '2025-07-24 00:00:00+00:00': 4323.888732715878, '2025-07-24 04:00:00+00: