number,value,params_BTC_VS_ETH_WEIGHT,params_CONVERGENCE_THRESHOLD,params_DAILY_LOSS_LIMIT,params_FIXED_TRADE_PCT,params_MAX_CONCURRENT_POSITIONS,params_MAX_DRAWDOWN_LIMIT,params_MAX_HOLD_HOURS,params_MAX_POSITION_PCT,params_MIN_DIV,params_MIN_TIME_BETWEEN_TRADES,params_STOP_LOSS_PCT,params_STRIKE_SELECTION_STRATEGY,params_TAKE_PROFIT_PCT,params_TRAIL_PCT,state,user_attrs_cooldown_trades_pct,user_attrs_equity_curves,user_attrs_total_trades
36,-0.9998874126734696,0.7,0.6,0.15,0.065,2.0,0.15,48.0,0.6,0.0225,0.5,0.015,furthest,0.035,0.4,COMPLETE,13.32312404287902,"[{'2025-05-01 00:00:00+00:00': 10000.0, '2025-05-01 01:00:00+00:00': 9984.068693631212, '2025-05-01 02:00:00+00:00': 10002.970872596974, '2025-05-01 03:00:00+00:00': 9994.237326804028, '2025-05-01 04:00:00+00:00': 9982.988170085644, '2025-05-01 05:00:00+00:00': 9976.568596851075, '2025-05-01 06:00:00+00:00': 9973.4786086723, '2025-05-01 07:00:00+00:00': 9974.326533681953, '2025-05-01 08:00:00+00:00': 9967.398186490176, '2025-05-01 11:00:00+00:00': 9947.566501260075, '2025-05-01 12:00:00+00:00': 9935.73641120011, '2025-05-01 19:00:00+00:00': 9894.12827231242, '2025-05-01 20:00:00+00:00': 9886.517013461069, '2025-05-01 21:00:00+00:00': 9864.085758510535, '2025-05-01 22:00:00+00:00': 9851.95138822615, '2025-05-02 03:00:00+00:00': 9783.995619616378, '2025-05-02 04:00:00+00:00': 9768.662984997522, '2025-05-02 05:00:00+00:00': 9746.890250806682, '2025-05-02 06:00:00+00:00': 9729.505045741003, '2025-05-02 10:00:00+00:00': 9711.716196123867, '2025-05-02 11:00:00+00:00': 9700.303617719817, '2025-05-02 12:00:00+00:00': 9690.669202441892, '2025-05-02 13:00:00+00:00': 9680.608648772424, '2025-05-02 19:00:00+00:00': 9687.783925443608, '2025-05-02 20:00:00+00:00': 9690.313725672899, '2025-05-02 21:00:00+00:00': 9682.78113922712, '2025-05-02 23:00:00+00:00': 9675.697215649541, '2025-05-03 08:00:00+00:00': 9611.426301663241, '2025-05-03 09:00:00+00:00': 9602.06928627766, '2025-05-03 13:00:00+00:00': 9577.942656787422, '2025-05-03 14:00:00+00:00': 9566.591475089137, '2025-05-03 17:00:00+00:00': 9528.5231342976, '2025-05-03 20:00:00+00:00': 9481.560967270621, '2025-05-03 21:00:00+00:00': 9465.69816650876, '2025-05-04 00:00:00+00:00': 9437.605341386155, '2025-05-04 03:00:00+00:00': 9405.656635634572, '2025-05-04 04:00:00+00:00': 9395.039653986138, '2025-05-04 07:00:00+00:00': 9360.71527068101, '2025-05-04 12:00:00+00:00': 9327.414621249243, '2025-05-04 19:00:00+00:00': 9237.46343351706, '2025-05-04 20:00:00+00:00': 9220.914265467043, '2025-05-04 21:00:00+00:00': 9204.244402634202, '2025-05-04 22:00:00+00:00': 9193.614254518894, '2025-05-05 02:00:00+00:00': 9230.34539409223, '2025-05-05 03:00:00+00:00': 9228.460770573205, '2025-05-05 04:00:00+00:00': 9220.094755483624, '2025-05-05 05:00:00+00:00': 9222.215595998548, '2025-05-05 06:00:00+00:00': 9214.467822573975, '2025-05-05 09:00:00+00:00': 9176.015658111584, '2025-05-05 10:00:00+00:00': 9161.778605779868, '2025-05-05 13:00:00+00:00': 9135.649065547654, '2025-05-05 16:00:00+00:00': 9112.719727168744, '2025-05-05 17:00:00+00:00': 9143.29044732878, '2025-05-05 18:00:00+00:00': 9145.947488513193, '2025-05-05 19:00:00+00:00': 9151.978914730153, '2025-05-05 20:00:00+00:00': 9134.512174259522, '2025-05-05 23:00:00+00:00': 9165.11142703503, '2025-05-06 00:00:00+00:00': 9147.48295394764, '2025-05-06 01:00:00+00:00': 9120.780234009962, '2025-05-06 02:00:00+00:00': 9108.809203878647, '2025-05-06 03:00:00+00:00': 9095.71988586379, '2025-05-06 06:00:00+00:00': 9067.327250351365, '2025-05-06 07:00:00+00:00': 9060.333108773446, '2025-05-06 08:00:00+00:00': 9048.505311238503, '2025-05-06 09:00:00+00:00': 9036.205883538021, '2025-05-06 10:00:00+00:00': 9026.246562663451, '2025-05-06 13:00:00+00:00': 8995.63329439424, '2025-05-06 14:00:00+00:00': 8995.709375864712, '2025-05-06 15:00:00+00:00': 9039.756208425682, '2025-05-06 16:00:00+00:00': 9040.174296272675, '2025-05-06 17:00:00+00:00': 9038.255116993934, '2025-05-06 20:00:00+00:00': 9029.760473300601, '2025-05-06 21:00:00+00:00': 9021.895056711284, '2025-05-06 22:00:00+00:00': 9023.086907556682, '2025-05-06 23:00:00+00:00': 9025.820931237124, '2025-05-07 00:00:00+00:00': 9038.46075108945, '2025-05-07 02:00:00+00:00': 9029.183326396336, '2025-05-07 03:00:00+00:00': 9034.72348570989, '2025-05-07 04:00:00+00:00': 9026.783853566609, '2025-05-07 05:00:00+00:00': 9019.5274737377, '2025-05-07 06:00:00+00:00': 9012.489074300365, '2025-05-07 07:00:00+00:00': 9000.077858872573, '2025-05-07 08:00:00+00:00': 8997.805897701539, '2025-05-07 11:00:00+00:00': 8958.94957663836, '2025-05-07 12:00:00+00:00': 8938.932226540479, '2025-05-07 13:00:00+00:00': 8930.76728431851, '2025-05-07 14:00:00+00:00': 8922.573913803217, '2025-05-07 15:00:00+00:00': 8916.769591299228, '2025-05-07 18:00:00+00:00': 8883.034445497522, '2025-05-07 19:00:00+00:00': 8872.045532688728, '2025-05-07 20:00:00+00:00': 8875.338484681744, '2025-05-07 21:00:00+00:00': 8890.266083861927, '2025-05-07 22:00:00+00:00': 8890.086241841796, '2025-05-07 23:00:00+00:00': 8878.158079831057, '2025-05-08 00:00:00+00:00': 8865.755688464542, '2025-05-08 01:00:00+00:00': 8868.189281309109, '2025-05-08 02:00:00+00:00': 8857.817722839807, '2025-05-08 03:00:00+00:00': 8873.938177651942, '2025-05-08 04:00:00+00:00': 8866.105644565641, '2025-05-08 05:00:00+00:00': 8859.842603263127, '2025-05-08 06:00:00+00:00': 8845.081638627631, '2025-05-08 07:00:00+00:00': 8834.947489699933, '2025-05-08 08:00:00+00:00': 8824.342355201641, '2025-05-08 11:00:00+00:00': 8800.410172533688, '2025-05-08 12:00:00+00:00': 8780.046257284277, '2025-05-08 13:00:00+00:00': 8766.95349572281, '2025-05-08 14:00:00+00:00': 8758.72562100656, '2025-05-08 15:00:00+00:00': 8750.727433065631, '2025-05-08 18:00:00+00:00': 8746.953902622188, '2025-05-08 19:00:00+00:00': 8740.533410863713, '2025-05-08 20:00:00+00:00': 8730.279714867767, '2025-05-08 21:00:00+00:00': 8732.640212770895, '2025-05-08 22:00:00+00:00': 8730.412369902337, '2025-05-08 23:00:00+00:00': 8724.45935994149, '2025-05-09 00:00:00+00:00': 8717.530124806835, '2025-05-09 01:00:00+00:00': 8705.231931215023, '2025-05-09 02:00:00+00:00': 8696.147350434167, '2025-05-09 05:00:00+00:00': 8716.55302576392, '2025-05-09 06:00:00+00:00': 8706.66299336588, '2025-05-09 07:00:00+00:00': 8702.447360105973, '2025-05-09 08:00:00+00:00': 8700.988511401974, '2025-05-09 09:00:00+00:00': 8860.063874634081, '2025-05-09 10:00:00+00:00': 8852.97380275474, '2025-05-09 11:00:00+00:00': 8847.371515580706, '2025-05-09 14:00:00+00:00': 8846.790265639342, '2025-05-09 15:00:00+00:00': 8836.156998601504, '2025-05-09 16:00:00+00:00': 8830.948674096639, '2025-05-10 00:00:00+00:00': 8822.276102348123, '2025-05-10 01:00:00+00:00': 8815.579681982661, '2025-05-10 02:00:00+00:00': 8812.592704634408, '2025-05-10 03:00:00+00:00': 8799.860967700257, '2025-05-10 04:00:00+00:00': 8788.971696173348, '2025-05-10 07:00:00+00:00': 8772.782804976581, '2025-05-10 08:00:00+00:00': 8771.10123108403, '2025-05-10 09:00:00+00:00': 8760.39068796953, '2025-05-10 10:00:00+00:00': 8753.408826044082, '2025-05-10 11:00:00+00:00': 8746.300875675159, '2025-05-10 14:00:00+00:00': 8722.35113517865, '2025-05-10 15:00:00+00:00': 8715.078648881445, '2025-05-10 17:00:00+00:00': 8708.310688023013, '2025-05-10 18:00:00+00:00': 8705.158567286864, '2025-05-10 19:00:00+00:00': 8694.60468262212, '2025-05-10 22:00:00+00:00': 8672.748968347936, '2025-05-10 23:00:00+00:00': 8663.648412240635, '2025-05-11 00:00:00+00:00': 8680.233206601319, '2025-05-11 01:00:00+00:00': 8676.130193903575, '2025-05-11 03:00:00+00:00': 8669.745421472946, '2025-05-11 04:00:00+00:00': 8665.542072684008, '2025-05-11 05:00:00+00:00': 8662.383064179301, '2025-05-11 07:00:00+00:00': 8649.752357739842, '2025-05-11 10:00:00+00:00': 8642.144257300606, '2025-05-11 11:00:00+00:00': 8636.459658670225, '2025-05-11 12:00:00+00:00': 8626.803005410913, '2025-05-11 13:00:00+00:00': 8622.780442267356, '2025-05-11 15:00:00+00:00': 8612.85323854207, '2025-05-11 18:00:00+00:00': 8597.226301238514, '2025-05-11 19:00:00+00:00': 8593.575532845913, '2025-05-11 22:00:00+00:00': 8588.640657817454, '2025-05-12 00:00:00+00:00': 8583.126139242982, '2025-05-12 01:00:00+00:00': 8578.679748893139, '2025-05-12 07:00:00+00:00': 8577.79060439024, '2025-05-12 08:00:00+00:00': 8574.960178356314, '2025-05-12 09:00:00+00:00': 8567.842863560318, '2025-05-12 11:00:00+00:00': 8555.060244439395, '2025-05-12 12:00:00+00:00': 8554.884771621893, '2025-05-12 15:00:00+00:00': 8578.271126258534, '2025-05-12 16:00:00+00:00': 8578.001212135878, '2025-05-12 17:00:00+00:00': 8575.619066969097, '2025-05-12 19:00:00+00:00': 8586.569782662167, '2025-05-12 20:00:00+00:00': 8571.129940333265, '2025-05-12 21:00:00+00:00': 8584.023358580078, '2025-05-12 23:00:00+00:00': 8581.616942319884, '2025-05-13 01:00:00+00:00': 8581.062226998465, '2025-05-13 03:00:00+00:00': 8577.979121489447, '2025-05-13 05:00:00+00:00': 8584.229313949121, '2025-05-13 06:00:00+00:00': 8576.48770367907, '2025-05-13 07:00:00+00:00': 8568.970086398065, '2025-05-13 08:00:00+00:00': 8571.526673854061, '2025-05-13 09:00:00+00:00': 8567.514781928796, '2025-05-13 10:00:00+00:00': 8572.691810303224, '2025-05-13 11:00:00+00:00': 8565.461256405644, '2025-05-13 12:00:00+00:00': 8565.364657205579, '2025-05-13 16:00:00+00:00': 8569.611955317236, '2025-05-13 17:00:00+00:00': 8567.146944407092, '2025-05-13 18:00:00+00:00': 8570.041020644474, '2025-05-13 19:00:00+00:00': 8559.514735464405, '2025-05-13 20:00:00+00:00': 8554.849773861744, '2025-05-13 21:00:00+00:00': 8539.465862783687, '2025-05-13 22:00:00+00:00': 8527.695166237754, '2025-05-13 23:00:00+00:00': 8520.58569977411, '2025-05-30 23:00:00+00:00': 8516.845551332, '2025-05-31 00:00:00+00:00': 8486.845551332, '2025-05-31 01:00:00+00:00': 8456.845551332, '2025-05-31 02:00:00+00:00': 8470.936460422909, '2025-05-31 03:00:00+00:00': 8479.288176109183, '2025-05-31 04:00:00+00:00': 8400.268568266045, '2025-05-31 05:00:00+00:00': 8340.268568266045, '2025-05-31 06:00:00+00:00': 8705.610868822632, '2025-05-31 07:00:00+00:00': 8627.974505186268, '2025-05-31 08:00:00+00:00': 8589.061461708008, '2025-05-31 09:00:00+00:00': 8560.327184978449, '2025-05-31 10:00:00+00:00': 8502.684303628339, '2025-05-31 11:00:00+00:00': 8392.3601892728, '2025-05-31 12:00:00+00:00': 8255.311694289521, '2025-05-31 13:00:00+00:00': 8119.590350416003, '2025-05-31 14:00:00+00:00': 8212.985699253211, '2025-05-31 15:00:00+00:00': 8153.948966400184, '2025-05-31 16:00:00+00:00': 8095.183436054568, '2025-05-31 17:00:00+00:00': 8026.594218209411, '2025-05-31 18:00:00+00:00': 8124.307080528252, '2025-05-31 19:00:00+00:00': 8076.827741958203, '2025-05-31 20:00:00+00:00': 8019.476995660615, '2025-05-31 21:00:00+00:00': 7960.607464561224, '2025-05-31 22:00:00+00:00': 7922.198101322617, '2025-05-31 23:00:00+00:00': 7891.786548548124, '2025-06-01 00:00:00+00:00': 7831.721311436839, '2025-06-01 01:00:00+00:00': 7802.20004827644, '2025-06-01 02:00:00+00:00': 7773.930085975213, '2025-06-01 03:00:00+00:00': 7715.349219608366, '2025-06-01 04:00:00+00:00': 7636.751624178943, '2025-06-01 05:00:00+00:00': 7587.290967788297, '2025-06-01 06:00:00+00:00': 7527.426319704759, '2025-06-01 07:00:00+00:00': 7475.442285243719, '2025-06-01 08:00:00+00:00': 7409.696618296967, '2025-06-01 09:00:00+00:00': 7301.666022081492, '2025-06-01 10:00:00+00:00': 7309.970188748159, '2025-06-01 11:00:00+00:00': 7268.636500016107, '2025-06-01 12:00:00+00:00': 7224.031178862132, '2025-06-01 13:00:00+00:00': 7162.1956857609675, '2025-06-01 14:00:00+00:00': 7086.77069158244, '2025-06-01 15:00:00+00:00': 6986.067756651424, '2025-06-01 16:00:00+00:00': 6906.196338458305, '2025-06-01 17:00:00+00:00': 6784.985877950448, '2025-06-01 18:00:00+00:00': 6742.068352985452, '2025-06-01 19:00:00+00:00': 6744.727444564151, '2025-06-01 20:00:00+00:00': 6651.087584645372, '2025-06-01 21:00:00+00:00': 6558.989626746572, '2025-06-01 22:00:00+00:00': 6524.342228029748, '2025-06-01 23:00:00+00:00': 6435.517951376336, '2025-06-02 00:00:00+00:00': 6355.039263349728, '2025-06-02 01:00:00+00:00': 6285.216863612717, '2025-06-02 02:00:00+00:00': 6249.466863612717, '2025-06-02 03:00:00+00:00': 6219.466863612717, '2025-06-02 04:00:00+00:00': 6258.752577898432, '2025-06-02 05:00:00+00:00': 6228.752577898432, '2025-06-02 06:00:00+00:00': 6198.752577898432, '2025-06-02 07:00:00+00:00': 6168.752577898432, '2025-06-02 08:00:00+00:00': 6138.752577898432, '2025-06-02 09:00:00+00:00': 6108.752577898432, '2025-06-02 10:00:00+00:00': 6078.752577898432, '2025-06-02 11:00:00+00:00': 6048.752577898432, '2025-06-02 12:00:00+00:00': 5998.544244565099, '2025-06-02 13:00:00+00:00': 5968.544244565099, '2025-06-02 14:00:00+00:00': 5917.45728804336, '2025-06-02 15:00:00+00:00': 5888.893474892171, '2025-06-02 16:00:00+00:00': 5842.805784909123, '2025-06-02 17:00:00+00:00': 5815.32310322538, '2025-06-02 18:00:00+00:00': 5788.383981729177, '2025-06-02 19:00:00+00:00': 5739.644925894147, '2025-06-30 20:00:00+00:00': 5733.466160140205, '2025-06-30 21:00:00+00:00': 5702.5175736649635, '2025-06-30 22:00:00+00:00': 5766.5459572107, '2025-06-30 23:00:00+00:00': 5732.22024265921, '2025-07-01 00:00:00+00:00': 5703.172780480763, '2025-07-01 01:00:00+00:00': 5675.010216588248, '2025-07-01 02:00:00+00:00': 5642.787262502049, '2025-07-01 03:00:00+00:00': 5606.913922965801, '2025-07-01 04:00:00+00:00': 5571.994519676589, '2025-07-01 05:00:00+00:00': 5636.931068698813, '2025-07-01 06:00:00+00:00': 5594.265334166129, '2025-07-01 07:00:00+00:00': 5565.164610943319, '2025-07-01 08:00:00+00:00': 5533.59252927851, '2025-07-01 09:00:00+00:00': 5505.5513675546235, '2025-07-01 10:00:00+00:00': 5445.330171143281, '2025-07-01 11:00:00+00:00': 5388.6442800709865, '2025-07-01 12:00:00+00:00': 5348.106520642283, '2025-07-01 13:00:00+00:00': 5295.2821826218915, '2025-07-01 14:00:00+00:00': 5250.958704253341, '2025-07-01 15:00:00+00:00': 5279.608067781808, '2025-07-01 16:00:00+00:00': 5234.790438034042, '2025-07-01 17:00:00+00:00': 5243.871170001216, '2025-07-01 18:00:00+00:00': 5210.713076636295, '2025-07-01 19:00:00+00:00': 5242.1242255900415, '2025-07-01 20:00:00+00:00': 5238.266381308414, '2025-07-01 21:00:00+00:00': 5240.257635128622, '2025-07-01 22:00:00+00:00': 5198.946604298016, '2025-07-01 23:00:00+00:00': 5171.7280164834265, '2025-07-02 00:00:00+00:00': 5141.8921427978485, '2025-07-02 01:00:00+00:00': 5138.158390712311, '2025-07-02 02:00:00+00:00': 5120.9780779926905, '2025-07-02 03:00:00+00:00': 5095.369030740531, '2025-07-02 04:00:00+00:00': 5076.077363388517, '2025-07-02 05:00:00+00:00': 5056.445607034015, '2025-07-02 06:00:00+00:00': 5021.921669362056, '2025-07-02 07:00:00+00:00': 4998.644534885398, '2025-07-02 08:00:00+00:00': 4971.275424521237, '2025-07-02 09:00:00+00:00': 4946.073217735777, '2025-07-02 10:00:00+00:00': 4905.404806119001, '2025-07-02 11:00:00+00:00': 4867.007334487546, '2025-07-02 12:00:00+00:00': 4831.629617438437, '2025-07-02 13:00:00+00:00': 4816.225137281035, '2025-07-02 14:00:00+00:00': 4786.151334220856, '2025-07-02 15:00:00+00:00': 4761.823509410293, '2025-07-02 16:00:00+00:00': 4747.737682807917, '2025-07-02 17:00:00+00:00': 4749.576631936334, '2025-07-02 18:00:00+00:00': 4719.611574527665, '2025-07-02 19:00:00+00:00': 4697.990764459927, '2025-07-02 20:00:00+00:00': 4670.712165368223, '2025-07-02 21:00:00+00:00': 4671.080829856933, '2025-07-02 22:00:00+00:00': 4641.708811082542, '2025-07-02 23:00:00+00:00': 4621.249813429574, '2025-07-03 00:00:00+00:00': 4678.990480973616, '2025-07-03 01:00:00+00:00': 4653.754363454057, '2025-07-03 02:00:00+00:00': 4627.401165395577, '2025-07-03 03:00:00+00:00': 4605.515886963654, '2025-07-03 04:00:00+00:00': 4572.669840941048, '2025-07-03 05:00:00+00:00': 4548.249222584423, '2025-07-03 06:00:00+00:00': 4528.263339549027, '2025-07-03 07:00:00+00:00': 4504.198745678579, '2025-07-03 08:00:00+00:00': 4488.124882516169, '2025-07-03 09:00:00+00:00': 4461.639524275663, '2025-07-03 10:00:00+00:00': 4437.792218640252, '2025-07-03 11:00:00+00:00': 4423.069314935528, '2025-07-03 12:00:00+00:00': 4410.159168373983, '2025-07-03 13:00:00+00:00': 4403.607093917276, '2025-07-03 14:00:00+00:00': 4409.447881189904, '2025-07-03 15:00:00+00:00': 4518.227842185481, '2025-07-03 16:00:00+00:00': 4557.558857116114, '2025-07-03 17:00:00+00:00': 4530.390081967234, '2025-07-03 18:00:00+00:00': 4507.549398503737, '2025-07-03 19:00:00+00:00': 4491.945196415647, '2025-07-03 20:00:00+00:00': 4479.246123647173, '2025-07-03 21:00:00+00:00': 4466.291140989668, '2025-07-03 22:00:00+00:00': 4450.8511668021565, '2025-07-03 23:00:00+00:00': 4422.932249028005, '2025-07-04 00:00:00+00:00': 4392.816244278344, '2025-07-04 01:00:00+00:00': 4360.26914342899, '2025-07-04 02:00:00+00:00': 4328.082181376076, '2025-07-04 03:00:00+00:00': 4310.648689141634, '2025-07-04 04:00:00+00:00': 4277.701880974056, '2025-07-04 05:00:00+00:00': 4250.010857362176, '2025-07-04 06:00:00+00:00': 4218.479862163589, '2025-07-04 07:00:00+00:00': 4179.6664924788365, '2025-07-04 08:00:00+00:00': 4152.941868751054, '2025-07-04 09:00:00+00:00': 4130.012939988282, '2025-07-04 10:00:00+00:00': 4107.039473535247, '2025-07-04 11:00:00+00:00': 4076.231305632397, '2025-07-04 12:00:00+00:00': 4037.566615564721, '2025-07-04 13:00:00+00:00': 4002.4093630867924, '2025-07-04 14:00:00+00:00': 4015.3290499791838, '2025-07-04 15:00:00+00:00': 3982.4998308414097, '2025-07-04 16:00:00+00:00': 3952.000660803797, '2025-07-04 17:00:00+00:00': 3909.97437689563, '2025-07-04 18:00:00+00:00': 3889.5600799113117, '2025-07-04 19:00:00+00:00': 3862.607346698911, '2025-07-04 20:00:00+00:00': 3832.770228461064, '2025-07-04 21:00:00+00:00': 3812.5553883951197, '2025-07-04 22:00:00+00:00': 3789.2413125196954, '2025-07-04 23:00:00+00:00': 3767.6425892236816, '2025-07-05 00:00:00+00:00': 3720.9422457093942, '2025-07-05 01:00:00+00:00': 3695.2498405766473, '2025-07-05 02:00:00+00:00': 3670.3388522043906, '2025-07-05 03:00:00+00:00': 3641.2510559984125, '2025-07-05 04:00:00+00:00': 3617.3714537019523, '2025-07-05 05:00:00+00:00': 3594.9832297284865, '2025-07-05 06:00:00+00:00': 3567.523052537172, '2025-07-05 07:00:00+00:00': 3541.4678607551577, '2025-07-05 08:00:00+00:00': 3514.5307243087154, '2025-07-05 09:00:00+00:00': 3488.407606271567, '2025-07-05 10:00:00+00:00': 3461.2839542169854, '2025-07-05 11:00:00+00:00': 3436.3416220904446, '2025-07-05 12:00:00+00:00': 3410.3228470154263, '2025-07-05 13:00:00+00:00': 3380.073968337976, '2025-07-05 14:00:00+00:00': 3353.2698896844527, '2025-07-05 15:00:00+00:00': 3317.7050396940654, '2025-07-05 16:00:00+00:00': 3285.6626087231343, '2025-07-05 17:00:00+00:00': 3244.8020288209254, '2025-07-05 18:00:00+00:00': 3205.733144168356, '2025-07-05 19:00:00+00:00': 3150.213546708742, '2025-07-05 20:00:00+00:00': 3126.1607109432452, '2025-07-05 21:00:00+00:00': 3082.504709941353, '2025-07-05 22:00:00+00:00': 3067.3052549112963, '2025-07-05 23:00:00+00:00': 3055.4707668956594, '2025-07-06 00:00:00+00:00': 3045.4309345404167, '2025-07-06 01:00:00+00:00': 3020.9329991052064, '2025-07-06 02:00:00+00:00': 3007.7915640133406, '2025-07-06 03:00:00+00:00': 2987.0608573207064, '2025-07-06 04:00:00+00:00': 2975.070464590435, '2025-07-06 05:00:00+00:00': 2958.8235734324717, '2025-07-06 06:00:00+00:00': 2937.8243449356833, '2025-07-06 07:00:00+00:00': 2925.406717816575, '2025-07-06 08:00:00+00:00': 2910.3409545144486, '2025-07-06 09:00:00+00:00': 2896.1373930878117, '2025-07-06 10:00:00+00:00': 2879.294829859421, '2025-07-06 11:00:00+00:00': 2865.945324377051, '2025-07-06 12:00:00+00:00': 2851.9919795041405, '2025-07-06 13:00:00+00:00': 2837.7519040005145, '2025-07-06 14:00:00+00:00': 2833.7103881625985, '2025-07-06 15:00:00+00:00': 2822.6322720614444, '2025-07-06 16:00:00+00:00': 2806.996634317174, '2025-07-06 17:00:00+00:00': 2794.228039289721, '2025-07-06 18:00:00+00:00': 2778.1055098495945, '2025-07-06 19:00:00+00:00': 2775.2858932240533, '2025-07-06 20:00:00+00:00': 2762.185874227818, '2025-07-06 21:00:00+00:00': 2749.030049132121}]",566.0
