number,value,params_BTC_VS_ETH_WEIGHT,params_CONVERGENCE_THRESHOLD,params_DAILY_LOSS_LIMIT,params_FIXED_TRADE_PCT,params_MAX_CONCURRENT_POSITIONS,params_MAX_DRAWDOWN_LIMIT,params_MAX_HOLD_HOURS,params_MAX_POSITION_PCT,params_MIN_DIV,params_MIN_TIME_BETWEEN_TRADES,params_STOP_LOSS_PCT,params_STRIKE_SELECTION_STRATEGY,params_TAKE_PROFIT_PCT,params_TRAIL_PCT,state,user_attrs_cooldown_trades_pct,user_attrs_equity_curves,user_attrs_total_trades
2,-0.9998883762251661,0.5,0.6,0.05,0.065,2.0,0.15,48.0,0.6,0.0275,0.5,0.03,nearest,0.04,0.4,COMPLETE,12.25710014947683,"[{'2025-05-01 00:00:00+00:00': 10000.0, '2025-05-01 01:00:00+00:00': 9984.068693631212, '2025-05-01 02:00:00+00:00': 10002.970872596974, '2025-05-01 03:00:00+00:00': 9994.237326804028, '2025-05-01 04:00:00+00:00': 9982.988170085644, '2025-05-01 05:00:00+00:00': 9976.568596851075, '2025-05-01 06:00:00+00:00': 9973.4786086723, '2025-05-01 07:00:00+00:00': 9974.326533681953, '2025-05-01 08:00:00+00:00': 9967.398186490176, '2025-05-01 11:00:00+00:00': 9947.566501260075, '2025-05-01 12:00:00+00:00': 9935.73641120011, '2025-05-01 19:00:00+00:00': 9894.12827231242, '2025-05-01 21:00:00+00:00': 9871.679748379538, '2025-05-01 22:00:00+00:00': 9859.536036298332, '2025-05-01 23:00:00+00:00': 9843.26731731559, '2025-05-02 04:00:00+00:00': 9776.183512450134, '2025-05-02 05:00:00+00:00': 9754.394016247395, '2025-05-02 06:00:00+00:00': 9736.995426964024, '2025-05-02 07:00:00+00:00': 9722.892632622796, '2025-05-02 12:00:00+00:00': 9688.489032816191, '2025-05-02 13:00:00+00:00': 9678.43074253154, '2025-05-02 14:00:00+00:00': 9704.84012548915, '2025-05-02 15:00:00+00:00': 9703.720914867832, '2025-05-03 01:00:00+00:00': 9698.979929306868, '2025-05-03 03:00:00+00:00': 9690.032168430154, '2025-05-03 09:00:00+00:00': 9680.598627846162, '2025-05-03 12:00:00+00:00': 9674.13431123372, '2025-05-03 16:00:00+00:00': 9625.430311931992, '2025-05-03 19:00:00+00:00': 9580.481935713147, '2025-05-03 23:00:00+00:00': 9522.729891719036, '2025-05-04 00:00:00+00:00': 9521.891996327517, '2025-05-04 01:00:00+00:00': 9505.12523883945, '2025-05-04 02:00:00+00:00': 9497.454948266495, '2025-05-04 06:00:00+00:00': 9454.965323892355, '2025-05-04 07:00:00+00:00': 9444.315225275888, '2025-05-04 08:00:00+00:00': 9426.798202041715, '2025-05-04 09:00:00+00:00': 9422.323021084603, '2025-05-04 13:00:00+00:00': 9374.956247202344, '2025-05-04 19:00:00+00:00': 9277.085569531673, '2025-05-04 22:00:00+00:00': 9233.048308800151, '2025-05-05 01:00:00+00:00': 9266.40386649, '2025-05-05 02:00:00+00:00': 9269.93699878964, '2025-05-05 05:00:00+00:00': 9261.772329654988, '2025-05-05 06:00:00+00:00': 9253.991323803066, '2025-05-05 07:00:00+00:00': 9239.501316140251, '2025-05-05 08:00:00+00:00': 9224.883379487923, '2025-05-05 09:00:00+00:00': 9215.374226954056, '2025-05-05 13:00:00+00:00': 9174.834490471067, '2025-05-05 14:00:00+00:00': 9162.260450797703, '2025-05-05 15:00:00+00:00': 9147.378773733502, '2025-05-05 16:00:00+00:00': 9137.474232140645, '2025-05-05 19:00:00+00:00': 9176.840066431327, '2025-05-05 20:00:00+00:00': 9159.325877940042, '2025-05-05 21:00:00+00:00': 9155.368540564095, '2025-05-05 22:00:00+00:00': 9195.355574106203, '2025-05-05 23:00:00+00:00': 9190.008252920295, '2025-05-06 02:00:00+00:00': 9140.702691422262, '2025-05-06 03:00:00+00:00': 9127.5675426087, '2025-05-06 06:00:00+00:00': 9099.075493424654, '2025-05-06 09:00:00+00:00': 9067.845158588974, '2025-05-06 10:00:00+00:00': 9057.850966254355, '2025-05-06 13:00:00+00:00': 9053.075515276054, '2025-05-06 14:00:00+00:00': 9041.188420879102, '2025-05-06 15:00:00+00:00': 9085.457938255364, '2025-05-06 18:00:00+00:00': 9080.36818142618, '2025-05-06 19:00:00+00:00': 9085.390680064374, '2025-05-06 20:00:00+00:00': 9075.411668317663, '2025-05-06 21:00:00+00:00': 9074.353578210164, '2025-05-06 22:00:00+00:00': 9067.889868729868, '2025-05-07 01:00:00+00:00': 9080.678537881577, '2025-05-07 02:00:00+00:00': 9076.276285551272, '2025-05-07 03:00:00+00:00': 9081.845340334863, '2025-05-07 04:00:00+00:00': 9064.802760985824, '2025-05-07 05:00:00+00:00': 9050.072145947624, '2025-05-07 08:00:00+00:00': 9016.75932509415, '2025-05-07 11:00:00+00:00': 8974.002936975392, '2025-05-07 12:00:00+00:00': 8953.951952534395, '2025-05-07 14:00:00+00:00': 8937.566153586386, '2025-05-07 15:00:00+00:00': 8934.507537251773, '2025-05-07 18:00:00+00:00': 8900.705282819883, '2025-05-07 19:00:00+00:00': 8889.694509993345, '2025-05-07 20:00:00+00:00': 8896.23501222351, '2025-05-07 21:00:00+00:00': 8911.197757667458, '2025-05-07 22:00:00+00:00': 8911.017492218549, '2025-05-07 23:00:00+00:00': 8899.06124596444, '2025-05-08 00:00:00+00:00': 8886.629653805954, '2025-05-08 01:00:00+00:00': 8889.068976419589, '2025-05-08 02:00:00+00:00': 8878.672998649821, '2025-05-08 03:00:00+00:00': 8894.831408242897, '2025-05-08 04:00:00+00:00': 8886.98043386068, '2025-05-08 05:00:00+00:00': 8880.702646549853, '2025-05-08 06:00:00+00:00': 8865.906927983047, '2025-05-08 07:00:00+00:00': 8855.748918723426, '2025-05-08 08:00:00+00:00': 8845.118814981932, '2025-05-08 11:00:00+00:00': 8813.929376015738, '2025-05-08 12:00:00+00:00': 8793.534177688773, '2025-05-08 13:00:00+00:00': 8780.421303007095, '2025-05-08 14:00:00+00:00': 8772.180788617201, '2025-05-08 15:00:00+00:00': 8764.1703138478, '2025-05-08 19:00:00+00:00': 8759.209656559378, '2025-05-08 20:00:00+00:00': 8748.934051083004, '2025-05-08 21:00:00+00:00': 8751.299592755971, '2025-05-08 22:00:00+00:00': 8749.314210644834, '2025-05-08 23:00:00+00:00': 8743.348312077876, '2025-05-09 00:00:00+00:00': 8736.40407475393, '2025-05-09 02:00:00+00:00': 8727.286963437606, '2025-05-09 03:00:00+00:00': 8764.018175105048, '2025-05-09 04:00:00+00:00': 8754.131947778105, '2025-05-09 05:00:00+00:00': 8747.76570846216, '2025-05-09 06:00:00+00:00': 8737.840261325955, '2025-05-09 07:00:00+00:00': 8733.609532509017, '2025-05-09 08:00:00+00:00': 8732.145459884328, '2025-05-09 11:00:00+00:00': 8886.163597485638, '2025-05-09 14:00:00+00:00': 8885.579799002564, '2025-05-09 18:00:00+00:00': 8879.026689305936, '2025-05-10 00:00:00+00:00': 8865.180431641314, '2025-05-10 01:00:00+00:00': 8858.451445368697, '2025-05-10 04:00:00+00:00': 8831.714060096961, '2025-05-10 05:00:00+00:00': 8820.353771341886, '2025-05-10 06:00:00+00:00': 8819.645084457905, '2025-05-10 07:00:00+00:00': 8815.446439385189, '2025-05-10 08:00:00+00:00': 8813.756687693713, '2025-05-10 11:00:00+00:00': 8788.83572365701, '2025-05-10 13:00:00+00:00': 8780.834023079728, '2025-05-10 14:00:00+00:00': 8773.426146808708, '2025-05-10 17:00:00+00:00': 8762.424513055383, '2025-05-10 19:00:00+00:00': 8751.80120079984, '2025-05-10 22:00:00+00:00': 8733.57106437388, '2025-05-11 00:00:00+00:00': 8750.289711443216, '2025-05-11 01:00:00+00:00': 8746.153584113401, '2025-05-11 04:00:00+00:00': 8743.69353949923, '2025-05-11 09:00:00+00:00': 8739.533503666142, '2025-05-11 10:00:00+00:00': 8736.002810804683, '2025-05-11 11:00:00+00:00': 8729.455889827694, '2025-05-11 19:00:00+00:00': 8711.928329813822, '2025-05-12 00:00:00+00:00': 8706.334651779278, '2025-05-12 01:00:00+00:00': 8701.824434668384, '2025-05-12 07:00:00+00:00': 8697.468388971689, '2025-05-12 08:00:00+00:00': 8694.598472685228, '2025-05-12 12:00:00+00:00': 8687.203669874023, '2025-05-12 14:00:00+00:00': 8674.481475095112, '2025-05-12 15:00:00+00:00': 8710.951742612342, '2025-05-12 16:00:00+00:00': 8710.677653712317, '2025-05-12 17:00:00+00:00': 8708.25866376827, '2025-05-12 19:00:00+00:00': 8719.37875481522, '2025-05-12 20:00:00+00:00': 8703.700103550758, '2025-05-12 21:00:00+00:00': 8716.792945044366, '2025-05-12 23:00:00+00:00': 8714.3493086045, '2025-05-13 01:00:00+00:00': 8711.326742431855, '2025-05-13 03:00:00+00:00': 8708.196833947339, '2025-05-13 05:00:00+00:00': 8714.54190723535, '2025-05-13 06:00:00+00:00': 8706.68277572098, '2025-05-13 08:00:00+00:00': 8709.280450324031, '2025-05-13 10:00:00+00:00': 8714.543142383494, '2025-05-13 12:00:00+00:00': 8714.444861873983, '2025-05-13 16:00:00+00:00': 8718.766084225543, '2025-05-13 18:00:00+00:00': 8721.711379071936, '2025-05-13 19:00:00+00:00': 8710.998802432781, '2025-05-13 20:00:00+00:00': 8706.251281552211, '2025-05-13 21:00:00+00:00': 8690.595110014538, '2025-05-13 22:00:00+00:00': 8676.742862096708, '2025-05-13 23:00:00+00:00': 8659.348326178466, '2025-05-14 02:00:00+00:00': 8642.04225577668, '2025-05-14 03:00:00+00:00': 8632.986910654789, '2025-05-14 05:00:00+00:00': 8627.26097019314, '2025-05-14 06:00:00+00:00': 8620.692321239845, '2025-05-14 11:00:00+00:00': 8625.324320073021, '2025-05-14 12:00:00+00:00': 8621.508067570809, '2025-05-14 13:00:00+00:00': 8615.89085979777, '2025-05-14 19:00:00+00:00': 8609.080672489878, '2025-05-14 21:00:00+00:00': 8603.89695461286, '2025-05-14 22:00:00+00:00': 8595.246859947634, '2025-05-15 01:00:00+00:00': 8580.9792502461, '2025-05-15 02:00:00+00:00': 8578.071314956876, '2025-05-15 05:00:00+00:00': 8570.397284262945, '2025-05-15 09:00:00+00:00': 8574.084996922138, '2025-05-15 12:00:00+00:00': 8567.828696582168, '2025-05-15 13:00:00+00:00': 8568.883544548067, '2025-05-15 16:00:00+00:00': 8609.491816786833, '2025-05-15 17:00:00+00:00': 8621.200658084605, '2025-05-15 18:00:00+00:00': 8618.035495599193, '2025-05-15 19:00:00+00:00': 8653.973458253795, '2025-05-15 20:00:00+00:00': 8655.303905823654, '2025-05-15 21:00:00+00:00': 8648.85739703186, '2025-05-15 23:00:00+00:00': 8646.59549491932, '2025-05-16 00:00:00+00:00': 8638.980384468472, '2025-05-16 01:00:00+00:00': 8634.107523213395, '2025-05-16 02:00:00+00:00': 8628.462034834849, '2025-05-16 05:00:00+00:00': 8595.622285183237, '2025-05-16 07:00:00+00:00': 8589.272942961881, '2025-05-16 10:00:00+00:00': 8587.191397234388, '2025-05-16 11:00:00+00:00': 8581.569018251585, '2025-05-16 14:00:00+00:00': 8586.694481186618, '2025-05-16 16:00:00+00:00': 8586.49911381081, '2025-05-16 17:00:00+00:00': 8577.631812100904, '2025-05-16 20:00:00+00:00': 8561.27541503508, '2025-05-16 22:00:00+00:00': 8562.470853622437, '2025-05-16 23:00:00+00:00': 8545.656463826997, '2025-05-17 00:00:00+00:00': 8535.65142939076, '2025-05-17 01:00:00+00:00': 8515.830143442987, '2025-05-17 03:00:00+00:00': 8506.75650512636, '2025-05-17 04:00:00+00:00': 8511.429514016607, '2025-05-17 05:00:00+00:00': 8502.212754197437, '2025-05-30 23:00:00+00:00': 8520.712754197437, '2025-05-31 00:00:00+00:00': 8490.712754197437, '2025-05-31 01:00:00+00:00': 8460.712754197437, '2025-05-31 02:00:00+00:00': 8474.803663288345, '2025-05-31 03:00:00+00:00': 8483.15537897462, '2025-05-31 04:00:00+00:00': 8404.135771131481, '2025-05-31 05:00:00+00:00': 8344.135771131481, '2025-05-31 06:00:00+00:00': 8709.478071688069, '2025-05-31 07:00:00+00:00': 8631.841708051705, '2025-05-31 08:00:00+00:00': 8592.928664573445, '2025-05-31 09:00:00+00:00': 8564.194387843885, '2025-05-31 10:00:00+00:00': 8506.551506493775, '2025-05-31 11:00:00+00:00': 8396.227392138237, '2025-05-31 12:00:00+00:00': 8259.178897154958, '2025-05-31 13:00:00+00:00': 8123.45755328144, '2025-05-31 14:00:00+00:00': 8216.85290211865, '2025-05-31 15:00:00+00:00': 8157.816169265622, '2025-05-31 16:00:00+00:00': 8099.050638920006, '2025-05-31 17:00:00+00:00': 8030.46142107485, '2025-05-31 18:00:00+00:00': 8128.1742833936905, '2025-05-31 19:00:00+00:00': 8110.694944823641, '2025-05-31 20:00:00+00:00': 8083.344198526053, '2025-05-31 21:00:00+00:00': 8054.474667426663, '2025-05-31 22:00:00+00:00': 8046.065304188055, '2025-05-31 23:00:00+00:00': 8025.857833046215, '2025-06-01 00:00:00+00:00': 8005.302399856499, '2025-06-01 01:00:00+00:00': 7975.7811366961, '2025-06-01 02:00:00+00:00': 7947.511174394873, '2025-06-01 03:00:00+00:00': 7888.930308028026, '2025-06-01 04:00:00+00:00': 7810.3327125986025, '2025-06-01 05:00:00+00:00': 7760.872056207957, '2025-06-01 06:00:00+00:00': 7701.007408124419, '2025-06-01 07:00:00+00:00': 7649.023373663379, '2025-06-01 08:00:00+00:00': 7583.277706716627, '2025-06-01 09:00:00+00:00': 7475.247110501152, '2025-06-01 10:00:00+00:00': 7483.551277167819, '2025-06-01 11:00:00+00:00': 7442.217588435767, '2025-06-01 12:00:00+00:00': 7397.612267281792, '2025-06-01 13:00:00+00:00': 7335.776774180627, '2025-06-01 14:00:00+00:00': 7260.3517800021, '2025-06-01 15:00:00+00:00': 7159.648845071084, '2025-06-01 16:00:00+00:00': 7079.777426877965, '2025-06-01 17:00:00+00:00': 7041.284357674456, '2025-06-01 18:00:00+00:00': 7016.537564416777, '2025-06-01 19:00:00+00:00': 7026.101417900238, '2025-06-01 20:00:00+00:00': 6973.484285254186, '2025-06-02 01:00:00+00:00': 6902.7468460127175, '2025-06-02 02:00:00+00:00': 6866.9968460127175, '2025-06-02 03:00:00+00:00': 6806.9968460127175, '2025-06-02 04:00:00+00:00': 6816.282560298432, '2025-06-02 05:00:00+00:00': 6767.561630065874, '2025-06-02 06:00:00+00:00': 6707.561630065874, '2025-06-02 07:00:00+00:00': 6625.516175520419, '2025-06-02 08:00:00+00:00': 6542.420937425181, '2025-06-02 09:00:00+00:00': 6494.545937425181, '2025-06-02 10:00:00+00:00': 6493.692278888596, '2025-06-02 11:00:00+00:00': 6433.692278888596, '2025-06-02 12:00:00+00:00': 6364.027423816133, '2025-06-02 13:00:00+00:00': 6304.027423816133, '2025-06-02 14:00:00+00:00': 6243.578765166734, '2025-06-02 15:00:00+00:00': 6154.79300494396, '2025-06-02 16:00:00+00:00': 6056.766318684379, '2025-06-02 17:00:00+00:00': 6020.821009293075, '2025-06-02 18:00:00+00:00': 5973.927332798049, '2025-06-02 19:00:00+00:00': 5933.608183861879, '2025-06-03 01:00:00+00:00': 5930.537546311125, '2025-06-03 02:00:00+00:00': 5880.572350169623, '2025-06-03 03:00:00+00:00': 5900.769671153333, '2025-06-03 04:00:00+00:00': 5896.157115578309, '2025-06-03 05:00:00+00:00': 5872.1499381790745, '2025-06-03 06:00:00+00:00': 5834.9095301069065, '2025-06-03 07:00:00+00:00': 5795.330370767808, '2025-06-03 08:00:00+00:00': 5791.404878345302, '2025-06-03 09:00:00+00:00': 5766.23676192372, '2025-06-03 10:00:00+00:00': 5722.543486499058, '2025-06-30 20:00:00+00:00': 5716.364720745117, '2025-06-30 21:00:00+00:00': 5685.416134269875, '2025-06-30 22:00:00+00:00': 5749.444517815612, '2025-06-30 23:00:00+00:00': 5715.118803264122, '2025-07-01 00:00:00+00:00': 5686.071341085675, '2025-07-01 01:00:00+00:00': 5657.90877719316, '2025-07-01 02:00:00+00:00': 5625.685823106961, '2025-07-01 03:00:00+00:00': 5589.812483570713, '2025-07-01 04:00:00+00:00': 5554.893080281501, '2025-07-01 05:00:00+00:00': 5619.829629303725, '2025-07-01 06:00:00+00:00': 5577.16389477104, '2025-07-01 07:00:00+00:00': 5548.06317154823, '2025-07-01 08:00:00+00:00': 5516.4910898834205, '2025-07-01 09:00:00+00:00': 5488.4499281595345, '2025-07-01 10:00:00+00:00': 5428.228731748193, '2025-07-01 11:00:00+00:00': 5371.542840675898, '2025-07-01 12:00:00+00:00': 5331.005081247195, '2025-07-01 13:00:00+00:00': 5278.180743226804, '2025-07-01 14:00:00+00:00': 5233.857264858254, '2025-07-01 15:00:00+00:00': 5262.506628386721, '2025-07-01 16:00:00+00:00': 5217.688998638954, '2025-07-01 17:00:00+00:00': 5226.769730606128, '2025-07-01 18:00:00+00:00': 5193.611637241207, '2025-07-01 19:00:00+00:00': 5225.022786194953, '2025-07-01 20:00:00+00:00': 5221.1649419133255, '2025-07-01 21:00:00+00:00': 5223.156195733533, '2025-07-01 22:00:00+00:00': 5181.8451649029275, '2025-07-01 23:00:00+00:00': 5154.626577088338, '2025-07-02 00:00:00+00:00': 5124.79070340276, '2025-07-02 01:00:00+00:00': 5121.056951317223, '2025-07-02 02:00:00+00:00': 5103.876638597602, '2025-07-02 03:00:00+00:00': 5078.267591345443, '2025-07-02 04:00:00+00:00': 5058.975923993429, '2025-07-02 05:00:00+00:00': 5039.344167638927, '2025-07-02 06:00:00+00:00': 5004.820229966967, '2025-07-02 07:00:00+00:00': 4981.5430954903095, '2025-07-02 08:00:00+00:00': 4954.173985126149, '2025-07-02 09:00:00+00:00': 4928.971778340689, '2025-07-02 10:00:00+00:00': 4888.303366723912, '2025-07-02 11:00:00+00:00': 4849.905895092457, '2025-07-02 12:00:00+00:00': 4814.528178043348, '2025-07-02 13:00:00+00:00': 4799.123697885946, '2025-07-02 14:00:00+00:00': 4769.049894825768, '2025-07-02 15:00:00+00:00': 4744.722070015205, '2025-07-02 16:00:00+00:00': 4730.636243412829, '2025-07-02 17:00:00+00:00': 4732.475192541246, '2025-07-02 18:00:00+00:00': 4702.510135132577, '2025-07-02 19:00:00+00:00': 4680.889325064839, '2025-07-02 20:00:00+00:00': 4653.610725973135, '2025-07-02 21:00:00+00:00': 4653.979390461845, '2025-07-02 22:00:00+00:00': 4624.607371687453, '2025-07-02 23:00:00+00:00': 4604.148374034486, '2025-07-03 00:00:00+00:00': 4661.889041578528, '2025-07-03 01:00:00+00:00': 4636.652924058969, '2025-07-03 02:00:00+00:00': 4610.299726000489, '2025-07-03 03:00:00+00:00': 4588.414447568566, '2025-07-03 04:00:00+00:00': 4555.56840154596, '2025-07-03 05:00:00+00:00': 4531.147783189334, '2025-07-03 06:00:00+00:00': 4511.161900153938, '2025-07-03 07:00:00+00:00': 4487.097306283491, '2025-07-03 08:00:00+00:00': 4471.023443121081, '2025-07-03 09:00:00+00:00': 4444.538084880574, '2025-07-03 10:00:00+00:00': 4420.690779245164, '2025-07-03 11:00:00+00:00': 4405.96787554044, '2025-07-03 12:00:00+00:00': 4393.057728978895, '2025-07-03 13:00:00+00:00': 4386.505654522188, '2025-07-03 14:00:00+00:00': 4392.346441794816, '2025-07-03 15:00:00+00:00': 4501.126402790393, '2025-07-03 16:00:00+00:00': 4540.457417721026, '2025-07-03 17:00:00+00:00': 4513.288642572146, '2025-07-03 18:00:00+00:00': 4490.447959108649, '2025-07-03 19:00:00+00:00': 4474.843757020559, '2025-07-03 20:00:00+00:00': 4462.1446842520845, '2025-07-03 21:00:00+00:00': 4449.18970159458, '2025-07-03 22:00:00+00:00': 4433.749727407068, '2025-07-03 23:00:00+00:00': 4405.8308096329165, '2025-07-04 00:00:00+00:00': 4375.714804883256, '2025-07-04 01:00:00+00:00': 4343.167704033902, '2025-07-04 02:00:00+00:00': 4310.980741980988, '2025-07-04 03:00:00+00:00': 4293.547249746546, '2025-07-04 04:00:00+00:00': 4260.600441578968, '2025-07-04 05:00:00+00:00': 4232.909417967087, '2025-07-04 06:00:00+00:00': 4201.378422768501, '2025-07-04 07:00:00+00:00': 4162.565053083748, '2025-07-04 08:00:00+00:00': 4135.840429355966, '2025-07-04 09:00:00+00:00': 4112.9115005931935, '2025-07-04 10:00:00+00:00': 4089.9380341401597, '2025-07-04 11:00:00+00:00': 4059.129866237309, '2025-07-04 12:00:00+00:00': 4020.465176169633, '2025-07-04 13:00:00+00:00': 3985.3079236917047, '2025-07-04 14:00:00+00:00': 3998.227610584096, '2025-07-04 15:00:00+00:00': 3965.3983914463224, '2025-07-04 16:00:00+00:00': 3934.8992214087098, '2025-07-04 17:00:00+00:00': 3892.872937500543, '2025-07-04 18:00:00+00:00': 3872.4586405162245, '2025-07-04 19:00:00+00:00': 3845.5059073038237, '2025-07-04 20:00:00+00:00': 3815.668789065977, '2025-07-04 21:00:00+00:00': 3795.4539490000325, '2025-07-04 22:00:00+00:00': 3772.139873124608, '2025-07-04 23:00:00+00:00': 3750.5411498285944, '2025-07-05 00:00:00+00:00': 3703.840806314307, '2025-07-05 01:00:00+00:00': 3678.14840118156, '2025-07-05 02:00:00+00:00': 3653.2374128093034, '2025-07-05 03:00:00+00:00': 3624.1496166033253, '2025-07-05 04:00:00+00:00': 3600.270014306865, '2025-07-05 05:00:00+00:00': 3577.8817903333993, '2025-07-05 06:00:00+00:00': 3550.421613142085, '2025-07-05 07:00:00+00:00': 3524.3664213600705, '2025-07-05 08:00:00+00:00': 3497.429284913628, '2025-07-05 09:00:00+00:00': 3471.30616687648, '2025-07-05 10:00:00+00:00': 3444.182514821898, '2025-07-05 11:00:00+00:00': 3419.2401826953574, '2025-07-05 12:00:00+00:00': 3393.221407620339, '2025-07-05 13:00:00+00:00': 3362.972528942889, '2025-07-05 14:00:00+00:00': 3336.1684502893654, '2025-07-05 15:00:00+00:00': 3300.603600298978, '2025-07-05 16:00:00+00:00': 3268.561169328047, '2025-07-05 17:00:00+00:00': 3227.7005894258386, '2025-07-05 18:00:00+00:00': 3188.631704773269, '2025-07-05 19:00:00+00:00': 3133.112107313655, '2025-07-05 20:00:00+00:00': 3109.059271548158, '2025-07-05 21:00:00+00:00': 3065.403270546266, '2025-07-05 22:00:00+00:00': 3050.203815516209, '2025-07-05 23:00:00+00:00': 3038.369327500572, '2025-07-06 00:00:00+00:00': 3028.3294951453295, '2025-07-06 01:00:00+00:00': 3003.831559710119, '2025-07-06 02:00:00+00:00': 2990.6901246182533, '2025-07-06 03:00:00+00:00': 2969.959417925619, '2025-07-06 04:00:00+00:00': 2957.969025195348, '2025-07-06 05:00:00+00:00': 2941.7221340373844, '2025-07-06 06:00:00+00:00': 2920.722905540596, '2025-07-06 07:00:00+00:00': 2908.305278421488, '2025-07-06 08:00:00+00:00': 2893.2395151193614, '2025-07-06 09:00:00+00:00': 2879.0359536927244, '2025-07-06 10:00:00+00:00': 2862.193390464334, '2025-07-06 11:00:00+00:00': 2848.8438849819636, '2025-07-06 12:00:00+00:00': 2834.8905401090533, '2025-07-06 13:00:00+00:00': 2820.6504646054273, '2025-07-06 14:00:00+00:00': 2816.6089487675113, '2025-07-06 15:00:00+00:00': 2805.530832666357, '2025-07-06 16:00:00+00:00': 2789.895194922087, '2025-07-06 17:00:00+00:00': 2777.1265998946337, '2025-07-06 18:00:00+00:00': 2761.004070454507, '2025-07-06 19:00:00+00:00': 2758.184453828966, '2025-07-06 20:00:00+00:00': 2745.084434832731, '2025-07-06 21:00:00+00:00': 2731.9286097370336}]",587.0
