number,value,params_BTC_VS_ETH_WEIGHT,params_CONVERGENCE_THRESHOLD,params_DAILY_LOSS_LIMIT,params_FIXED_TRADE_PCT,params_MAX_CONCURRENT_POSITIONS,params_MAX_DRAWDOWN_LIMIT,params_MAX_HOLD_HOURS,params_MAX_POSITION_PCT,params_MIN_DIV,params_MIN_TIME_BETWEEN_TRADES,params_STOP_LOSS_PCT,params_STRIKE_SELECTION_STRATEGY,params_TAKE_PROFIT_PCT,params_TRAIL_PCT,state,user_attrs_cooldown_trades_pct,user_attrs_equity_curves,user_attrs_total_trades
19,-0.984379118112328,0.6,0.4,0.2,0.06,1.0,0.25,48.0,0.4,0.035,2.0,0.04,furthest,0.04,0.35,COMPLETE,7.599118942731277,"[{'2025-05-01 00:00:00+00:00': 10000.0, '2025-05-01 01:00:00+00:00': 9973.435796797932, '2025-05-01 03:00:00+00:00': 9965.397865542347, '2025-05-01 05:00:00+00:00': 9959.482546988314, '2025-05-01 07:00:00+00:00': 9960.264148612396, '2025-05-01 10:00:00+00:00': 9952.351992006948, '2025-05-01 12:00:00+00:00': 9941.426655533893, '2025-05-01 14:00:00+00:00': 9954.54957207513, '2025-05-01 23:00:00+00:00': 9890.151330732258, '2025-05-02 01:00:00+00:00': 9883.677387995202, '2025-05-02 11:00:00+00:00': 9817.276980095461, '2025-05-02 13:00:00+00:00': 9807.868985674024, '2025-05-03 13:00:00+00:00': 9796.127501289795, '2025-05-03 15:00:00+00:00': 9783.39436978513, '2025-05-03 17:00:00+00:00': 9772.315293168675, '2025-05-03 23:00:00+00:00': 9733.779177632307, '2025-05-04 01:00:00+00:00': 9717.957766543963, '2025-05-04 03:00:00+00:00': 9710.593447224157, '2025-05-04 06:00:00+00:00': 9701.398231776058, '2025-05-04 08:00:00+00:00': 9684.788521472787, '2025-05-04 12:00:00+00:00': 9649.596631939556, '2025-05-04 14:00:00+00:00': 9630.276386661682, '2025-05-04 16:00:00+00:00': 9612.455980005856, '2025-05-04 18:00:00+00:00': 9593.78903100961, '2025-05-04 20:00:00+00:00': 9577.923614003015, '2025-05-05 01:00:00+00:00': 9574.505021478899, '2025-05-05 05:00:00+00:00': 9574.733072459681, '2025-05-05 10:00:00+00:00': 9547.200974438201, '2025-05-05 14:00:00+00:00': 9522.775206838516, '2025-05-05 23:00:00+00:00': 9483.036079644975, '2025-05-06 01:00:00+00:00': 9457.483238880583, '2025-05-06 03:00:00+00:00': 9444.938290227392, '2025-05-06 13:00:00+00:00': 9409.033861389335, '2025-05-06 15:00:00+00:00': 9451.560611222903, '2025-05-06 17:00:00+00:00': 9449.70844414848, '2025-05-06 21:00:00+00:00': 9453.515670616383, '2025-05-07 01:00:00+00:00': 9453.60215717658, '2025-05-07 03:00:00+00:00': 9491.708714770162, '2025-05-07 05:00:00+00:00': 9477.470851534628, '2025-05-07 09:00:00+00:00': 9448.65573736541, '2025-05-07 13:00:00+00:00': 9426.527749423873, '2025-05-07 17:00:00+00:00': 9401.543878380866, '2025-05-07 21:00:00+00:00': 9405.387786155812, '2025-05-08 01:00:00+00:00': 9396.119133331793, '2025-05-08 03:00:00+00:00': 9411.903856140445, '2025-05-08 13:00:00+00:00': 9368.019243339682, '2025-05-08 21:00:00+00:00': 9355.352154766953, '2025-05-09 02:00:00+00:00': 9334.254384623498, '2025-05-09 05:00:00+00:00': 9330.070656039867, '2025-05-09 07:00:00+00:00': 9330.070656039867, '2025-05-09 18:00:00+00:00': 9474.95423261477, '2025-05-10 04:00:00+00:00': 9464.131472532605, '2025-05-10 06:00:00+00:00': 9463.429553450369, '2025-05-10 13:00:00+00:00': 9450.755395103242, '2025-05-10 22:00:00+00:00': 9435.07126934032, '2025-05-11 00:00:00+00:00': 9451.743447796754, '2025-05-11 04:00:00+00:00': 9449.289441331328, '2025-05-11 11:00:00+00:00': 9441.924858408875, '2025-05-12 01:00:00+00:00': 9433.710554478565, '2025-05-12 07:00:00+00:00': 9429.35139707623, '2025-05-12 12:00:00+00:00': 9429.1728690138, '2025-05-12 16:00:00+00:00': 9416.152798058489, '2025-05-12 19:00:00+00:00': 9427.251914652474, '2025-05-12 21:00:00+00:00': 9440.342317079421, '2025-05-13 01:00:00+00:00': 9437.319815826482, '2025-05-13 03:00:00+00:00': 9434.189891031821, '2025-05-13 10:00:00+00:00': 9448.402331687059, '2025-05-13 16:00:00+00:00': 9452.727103116496, '2025-05-13 18:00:00+00:00': 9455.67470459188, '2025-05-13 20:00:00+00:00': 9464.488302971376, '2025-05-14 11:00:00+00:00': 9469.182500157798, '2025-05-14 19:00:00+00:00': 9462.273594720189, '2025-05-14 21:00:00+00:00': 9457.014415453785, '2025-05-15 01:00:00+00:00': 9452.62290421836, '2025-05-15 12:00:00+00:00': 9446.256121461627, '2025-05-15 16:00:00+00:00': 9487.578744528591, '2025-05-15 18:00:00+00:00': 9484.363444210525, '2025-05-15 20:00:00+00:00': 9485.709392228886, '2025-05-16 01:00:00+00:00': 9477.607872099588, '2025-05-16 05:00:00+00:00': 9471.388203940813, '2025-05-16 07:00:00+00:00': 9464.93013103351, '2025-05-16 14:00:00+00:00': 9468.029863531789, '2025-05-16 16:00:00+00:00': 9467.83101447051, '2025-05-16 20:00:00+00:00': 9451.165887152196, '2025-05-16 22:00:00+00:00': 9452.384068881433, '2025-05-17 00:00:00+00:00': 9442.168738643935, '2025-05-17 03:00:00+00:00': 9432.881980730092, '2025-05-17 05:00:00+00:00': 9434.350482800452, '2025-05-17 14:00:00+00:00': 9375.97601698143, '2025-05-17 16:00:00+00:00': 9364.903338182123, '2025-05-17 18:00:00+00:00': 9371.58821194379, '2025-05-17 20:00:00+00:00': 9360.278247899812, '2025-05-18 00:00:00+00:00': 9364.248074353525, '2025-05-18 08:00:00+00:00': 9362.537850316909, '2025-05-18 12:00:00+00:00': 9356.765307161257, '2025-05-18 14:00:00+00:00': 9369.905996689318, '2025-05-18 16:00:00+00:00': 9359.272384895281, '2025-05-18 18:00:00+00:00': 9369.632857178316, '2025-05-18 20:00:00+00:00': 9381.47087528219, '2025-05-18 22:00:00+00:00': 9380.468232040143, '2025-05-19 00:00:00+00:00': 9390.224176304375, '2025-05-19 02:00:00+00:00': 9369.736393895126, '2025-05-19 04:00:00+00:00': 9401.398184596173, '2025-05-19 08:00:00+00:00': 9433.21119222601, '2025-05-19 12:00:00+00:00': 9422.417360294028, '2025-05-19 16:00:00+00:00': 9468.064490231794, '2025-05-19 20:00:00+00:00': 9479.852144131477, '2025-05-20 01:00:00+00:00': 9471.209278755383, '2025-05-20 05:00:00+00:00': 9487.07898226463, '2025-05-20 07:00:00+00:00': 9504.61727332422, '2025-05-20 10:00:00+00:00': 9493.66370027797, '2025-05-20 12:00:00+00:00': 9485.88020981904, '2025-05-20 14:00:00+00:00': 9485.500629889486, '2025-05-20 18:00:00+00:00': 9532.975827012764, '2025-05-20 20:00:00+00:00': 9648.946700799172, '2025-05-20 22:00:00+00:00': 9636.978711715788, '2025-05-21 00:00:00+00:00': 9620.95489041513, '2025-05-21 02:00:00+00:00': 9597.680576600807, '2025-05-21 06:00:00+00:00': 9570.029795044851, '2025-05-21 10:00:00+00:00': 9607.888737389183, '2025-05-21 12:00:00+00:00': 9597.576886721647, '2025-05-21 14:00:00+00:00': 9608.657212135256, '2025-05-21 18:00:00+00:00': 10672.619467901588, '2025-05-21 20:00:00+00:00': 10752.690389887404, '2025-05-22 00:00:00+00:00': 10806.887272240345, '2025-05-22 03:00:00+00:00': 10813.25869983355, '2025-05-22 06:00:00+00:00': 10833.847733996468, '2025-05-22 09:00:00+00:00': 10869.285729046689, '2025-05-22 13:00:00+00:00': 10869.725183639068, '2025-05-22 18:00:00+00:00': 10867.19469685872, '2025-05-23 00:00:00+00:00': 10887.048537020506, '2025-05-23 07:00:00+00:00': 10896.67327916583, '2025-05-23 11:00:00+00:00': 10913.333815229096, '2025-05-23 13:00:00+00:00': 10914.92147615703, '2025-05-23 16:00:00+00:00': 10955.552544118194, '2025-05-23 19:00:00+00:00': 10976.154768108172, '2025-05-23 21:00:00+00:00': 10964.368703266226, '2025-05-23 23:00:00+00:00': 10945.901266710554, '2025-05-24 06:00:00+00:00': 10933.649160662857, '2025-05-24 08:00:00+00:00': 10925.027745620824, '2025-05-24 11:00:00+00:00': 10949.519931513996, '2025-05-24 13:00:00+00:00': 10949.826302181975, '2025-05-24 23:00:00+00:00': 10951.409974842445, '2025-05-25 13:00:00+00:00': 10943.411140721502, '2025-05-25 17:00:00+00:00': 10934.2203676369, '2025-05-25 19:00:00+00:00': 10938.25370784566, '2025-05-25 23:00:00+00:00': 11165.600646621171, '2025-05-26 01:00:00+00:00': 11174.712590349323, '2025-05-26 09:00:00+00:00': 11176.93759575243, '2025-05-26 16:00:00+00:00': 11197.629585279281, '2025-05-26 21:00:00+00:00': 11210.323989692004, '2025-05-27 02:00:00+00:00': 11229.999885331032, '2025-05-27 04:00:00+00:00': 11268.15917350531, '2025-05-27 08:00:00+00:00': 11306.867291887811, '2025-05-27 15:00:00+00:00': 11292.196745805217, '2025-05-27 18:00:00+00:00': 11281.56250420008, '2025-05-27 20:00:00+00:00': 11271.445854118412, '2025-05-27 22:00:00+00:00': 11279.016276653623, '2025-05-28 00:00:00+00:00': 11261.929488140922, '2025-05-28 02:00:00+00:00': 11244.777170260128, '2025-05-28 05:00:00+00:00': 11229.930436146402, '2025-05-28 07:00:00+00:00': 11215.086686146402, '2025-05-28 09:00:00+00:00': 11182.677356148972, '2025-05-28 13:00:00+00:00': 11131.442416389935, '2025-05-28 15:00:00+00:00': 11122.250794964335, '2025-05-28 17:00:00+00:00': 11108.615620491631, '2025-05-28 20:00:00+00:00': 11098.750904099748, '2025-05-28 22:00:00+00:00': 11082.663161694545, '2025-05-29 03:00:00+00:00': 11048.0903722404, '2025-05-29 05:00:00+00:00': 11034.437154724008, '2025-05-29 10:00:00+00:00': 11018.353047207216, '2025-05-29 12:00:00+00:00': 10999.704963748585, '2025-05-29 14:00:00+00:00': 10987.970643077893, '2025-05-30 23:00:00+00:00': 10995.519037287013, '2025-05-31 01:00:00+00:00': 10965.519037287013, '2025-05-31 03:00:00+00:00': 10965.831537287013, '2025-05-31 05:00:00+00:00': 11279.825298427833, '2025-05-31 06:00:00+00:00': 11309.825298427833, '2025-05-31 07:00:00+00:00': 11202.18893479147, '2025-05-31 09:00:00+00:00': 11172.972253399377, '2025-05-31 11:00:00+00:00': 11068.130446128738, '2025-05-31 13:00:00+00:00': 10934.19219442447, '2025-05-31 15:00:00+00:00': 10875.763954291115, '2025-05-31 17:00:00+00:00': 10808.989439564422, '2025-05-31 19:00:00+00:00': 10792.802575518814, '2025-05-31 21:00:00+00:00': 10705.991516879538, '2025-05-31 23:00:00+00:00': 10677.000913706654, '2025-06-01 01:00:00+00:00': 10656.700913706654, '2025-06-01 03:00:00+00:00': 10591.481869121628, '2025-06-01 05:00:00+00:00': 10543.293371782913, '2025-06-01 07:00:00+00:00': 10493.341823971048, '2025-06-01 09:00:00+00:00': 10389.378280291354, '2025-06-01 11:00:00+00:00': 10378.746170519573, '2025-06-01 13:00:00+00:00': 10289.380273127192, '2025-06-01 15:00:00+00:00': 10191.557570194427, '2025-06-01 17:00:00+00:00': 10072.360189947889, '2025-06-01 19:00:00+00:00': 10074.545509853006, '2025-06-01 21:00:00+00:00': 9985.20048882351, '2025-06-01 23:00:00+00:00': 9898.349717647961, '2025-06-02 01:00:00+00:00': 9830.467284271128, '2025-06-02 03:00:00+00:00': 9770.467284271128, '2025-06-02 05:00:00+00:00': 9722.320129036378, '2025-06-02 07:00:00+00:00': 9641.379206007716, '2025-06-02 09:00:00+00:00': 9593.504206007716, '2025-06-02 11:00:00+00:00': 9533.504206007716, '2025-06-02 13:00:00+00:00': 9473.504206007716, '2025-06-02 15:00:00+00:00': 9385.799279831106, '2025-06-02 17:00:00+00:00': 9350.746741103969, '2025-06-02 19:00:00+00:00': 9262.211899078677, '2025-06-02 21:00:00+00:00': 9172.234624542018, '2025-06-02 23:00:00+00:00': 9062.893445174088, '2025-06-03 01:00:00+00:00': 9003.732737966362, '2025-06-03 03:00:00+00:00': 9034.781016498448, '2025-06-03 05:00:00+00:00': 9006.49406418356, '2025-06-03 07:00:00+00:00': 8925.70918321447, '2025-06-03 09:00:00+00:00': 8895.55403227396, '2025-06-03 11:00:00+00:00': 8827.98470935955, '2025-06-03 13:00:00+00:00': 8773.905006009029, '2025-06-03 15:00:00+00:00': 8586.999541730138, '2025-06-03 17:00:00+00:00': 8588.556562920296, '2025-06-03 19:00:00+00:00': 8521.20914439307, '2025-06-03 21:00:00+00:00': 8498.628795343855, '2025-06-03 23:00:00+00:00': 8378.413957605459, '2025-06-04 01:00:00+00:00': 8350.5200477794, '2025-06-04 03:00:00+00:00': 8294.811652715767, '2025-06-04 05:00:00+00:00': 8268.98094038637, '2025-06-04 07:00:00+00:00': 8183.11072294151, '2025-06-04 09:00:00+00:00': 8095.288869978639, '2025-06-04 11:00:00+00:00': 8038.165460750385, '2025-06-04 13:00:00+00:00': 8031.338051281978, '2025-06-04 15:00:00+00:00': 7965.293261391049, '2025-06-04 17:00:00+00:00': 7923.228990488444, '2025-06-04 19:00:00+00:00': 7896.176192265699, '2025-06-04 21:00:00+00:00': 7890.857564814719, '2025-06-04 23:00:00+00:00': 7885.971201178356, '2025-06-05 01:00:00+00:00': 7827.334465996101, '2025-06-05 03:00:00+00:00': 7721.298772008753, '2025-06-05 05:00:00+00:00': 7663.837303813423, '2025-06-05 07:00:00+00:00': 7563.420637146756, '2025-06-05 09:00:00+00:00': 7537.113376377896, '2025-06-05 11:00:00+00:00': 7520.160410606169, '2025-06-05 13:00:00+00:00': 7381.277934207869, '2025-06-05 15:00:00+00:00': 7297.688054600645, '2025-06-05 17:00:00+00:00': 7366.28653944913, '2025-06-05 19:00:00+00:00': 7334.2162727970535, '2025-06-05 21:00:00+00:00': 7865.454368035149, '2025-06-05 23:00:00+00:00': 7799.519875484674, '2025-06-06 01:00:00+00:00': 7749.192240157039, '2025-06-06 03:00:00+00:00': 7651.884547849347, '2025-06-06 05:00:00+00:00': 7548.283537748336, '2025-06-06 07:00:00+00:00': 7465.1882996530985, '2025-06-06 09:00:00+00:00': 7357.871226482367, '2025-06-06 11:00:00+00:00': 7214.904118410028, '2025-06-06 13:00:00+00:00': 7191.6018131963065, '2025-06-06 15:00:00+00:00': 7101.273287753358, '2025-06-06 17:00:00+00:00': 7074.196836201313, '2025-06-06 19:00:00+00:00': 7046.96953046059, '2025-06-06 21:00:00+00:00': 7020.548060742488, '2025-06-06 23:00:00+00:00': 6990.678377030213, '2025-06-07 01:00:00+00:00': 7157.008729111521, '2025-06-07 03:00:00+00:00': 7124.958953001833, '2025-06-07 05:00:00+00:00': 7118.396599874992, '2025-06-07 07:00:00+00:00': 7096.647299562754, '2025-06-07 09:00:00+00:00': 7089.514336521167, '2025-06-07 11:00:00+00:00': 7068.462753267481, '2025-06-07 13:00:00+00:00': 7045.498043266861, '2025-06-07 15:00:00+00:00': 7062.967951792616, '2025-06-07 17:00:00+00:00': 7004.595670917821, '2025-06-07 19:00:00+00:00': 6980.1785440514295, '2025-06-07 21:00:00+00:00': 6956.560976127018, '2025-06-07 23:00:00+00:00': 6916.231005972123, '2025-06-08 01:00:00+00:00': 6892.412496803159, '2025-06-08 03:00:00+00:00': 6868.4544982247335, '2025-06-08 05:00:00+00:00': 6845.233532616284, '2025-06-08 07:00:00+00:00': 6821.738422126713, '2025-06-08 09:00:00+00:00': 6798.848411759856, '2025-06-08 11:00:00+00:00': 6774.422420041329, '2025-06-08 13:00:00+00:00': 6710.47950016757, '2025-06-08 15:00:00+00:00': 6685.45417674175, '2025-06-08 17:00:00+00:00': 6662.232037584417, '2025-06-08 19:00:00+00:00': 6638.969124307152, '2025-06-08 21:00:00+00:00': 6615.73937454376, '2025-06-08 23:00:00+00:00': 6589.850424441121, '2025-06-09 01:00:00+00:00': 6613.35846198546, '2025-06-09 03:00:00+00:00': 6563.202758152759, '2025-06-09 05:00:00+00:00': 6534.854750522718, '2025-06-09 07:00:00+00:00': 6481.554867685144, '2025-06-09 09:00:00+00:00': 6453.48677382417, '2025-06-09 11:00:00+00:00': 6406.968408534414, '2025-06-09 13:00:00+00:00': 6381.656790948757, '2025-06-09 15:00:00+00:00': 6275.834904896177, '2025-06-09 17:00:00+00:00': 6252.471533907348, '2025-06-09 19:00:00+00:00': 6231.914261484288, '2025-06-09 21:00:00+00:00': 6212.008971928749, '2025-06-09 23:00:00+00:00': 6196.601234540791, '2025-06-30 20:00:00+00:00': 6190.897758460229, '2025-06-30 22:00:00+00:00': 6250.111116870377, '2025-07-01 00:00:00+00:00': 6223.21172714938, '2025-07-01 02:00:00+00:00': 6193.325601786516, '2025-07-01 04:00:00+00:00': 6160.891882823525, '2025-07-01 06:00:00+00:00': 6121.404828567124, '2025-07-01 08:00:00+00:00': 6092.078270582534, '2025-07-01 10:00:00+00:00': 6036.153735087073, '2025-07-01 12:00:00+00:00': 5998.422681777363, '2025-07-01 14:00:00+00:00': 5956.9807228144655, '2025-07-01 16:00:00+00:00': 5915.1447553001935, '2025-07-01 18:00:00+00:00': 5884.196039212344, '2025-07-01 20:00:00+00:00': 5880.897500910836, '2025-07-01 22:00:00+00:00': 5842.420399530238, '2025-07-02 00:00:00+00:00': 5814.555661801025, '2025-07-02 02:00:00+00:00': 5798.456437724422, '2025-07-02 04:00:00+00:00': 5780.408249654354, '2025-07-02 06:00:00+00:00': 5748.074536194693, '2025-07-02 08:00:00+00:00': 5722.353195759911, '2025-07-02 10:00:00+00:00': 5684.180322322193, '2025-07-02 12:00:00+00:00': 5650.884184414121, '2025-07-02 14:00:00+00:00': 5622.592464836902, '2025-07-02 16:00:00+00:00': 5609.311757441105, '2025-07-02 18:00:00+00:00': 5581.101037539834, '2025-07-02 20:00:00+00:00': 5555.35910210081, '2025-07-02 22:00:00+00:00': 5527.59034057623, '2025-07-03 00:00:00+00:00': 5582.502956733739, '2025-07-03 02:00:00+00:00': 5557.577402350085, '2025-07-03 04:00:00+00:00': 5526.437263064039, '2025-07-03 06:00:00+00:00': 5507.475404032794, '2025-07-03 08:00:00+00:00': 5492.0859019493155, '2025-07-03 09:00:00+00:00': 5482.533679415554, '2025-07-03 10:00:00+00:00': 5469.719856190057, '2025-07-03 12:00:00+00:00': 5457.314774241336, '2025-07-03 13:00:00+00:00': 5468.539860020067, '2025-07-03 14:00:00+00:00': 5457.211409105221, '2025-07-03 16:00:00+00:00': 5494.704232535739, '2025-07-03 18:00:00+00:00': 5473.014778343424, '2025-07-03 20:00:00+00:00': 5460.891281211549, '2025-07-03 22:00:00+00:00': 5446.128965505891, '2025-07-03 23:00:00+00:00': 5434.325303812509, '2025-07-04 00:00:00+00:00': 5420.397322918469, '2025-07-04 01:00:00+00:00': 5402.859589154092, '2025-07-04 02:00:00+00:00': 5388.97995896056, '2025-07-04 03:00:00+00:00': 5390.200535959657, '2025-07-04 04:00:00+00:00': 5376.098110794059, '2025-07-04 05:00:00+00:00': 5363.0480078802075, '2025-07-04 06:00:00+00:00': 5349.883273024792, '2025-07-04 07:00:00+00:00': 5333.110347139301, '2025-07-04 08:00:00+00:00': 5317.6641471845505, '2025-07-04 09:00:00+00:00': 5308.504302784284, '2025-07-04 10:00:00+00:00': 5292.3412874084715, '2025-07-04 11:00:00+00:00': 5280.525219471302, '2025-07-04 12:00:00+00:00': 5262.646958742945, '2025-07-04 13:00:00+00:00': 5247.329306166171, '2025-07-04 14:00:00+00:00': 5230.794557810793, '2025-07-04 15:00:00+00:00': 5219.268824325154, '2025-07-04 16:00:00+00:00': 5200.875991902149, '2025-07-04 17:00:00+00:00': 5184.929643098789, '2025-07-04 18:00:00+00:00': 5173.6081199120335, '2025-07-04 19:00:00+00:00': 5169.231116884676, '2025-07-04 20:00:00+00:00': 5155.61024227042, '2025-07-04 21:00:00+00:00': 5148.255142317433, '2025-07-04 22:00:00+00:00': 5132.763184992831, '2025-07-04 23:00:00+00:00': 5120.987554055348, '2025-07-05 00:00:00+00:00': 5098.453098415544, '2025-07-05 01:00:00+00:00': 5086.938494939451, '2025-07-05 02:00:00+00:00': 5070.735289475806, '2025-07-05 03:00:00+00:00': 5057.821275514151, '2025-07-05 04:00:00+00:00': 5045.536125463218, '2025-07-05 05:00:00+00:00': 5035.00272016106, '2025-07-05 06:00:00+00:00': 5021.229461653833, '2025-07-05 07:00:00+00:00': 5010.232811720068, '2025-07-05 08:00:00+00:00': 4996.859747861553, '2025-07-05 09:00:00+00:00': 4984.721580265765, '2025-07-05 10:00:00+00:00': 4971.339265618148, '2025-07-05 11:00:00+00:00': 4959.826609113372, '2025-07-05 12:00:00+00:00': 4946.8617766043735, '2025-07-05 13:00:00+00:00': 4933.429257028788, '2025-07-05 14:00:00+00:00': 4916.4072856592875, '2025-07-05 15:00:00+00:00': 4898.247922068624, '2025-07-05 16:00:00+00:00': 4884.119468887816, '2025-07-05 17:00:00+00:00': 4859.416970748236, '2025-07-05 18:00:00+00:00': 4846.927885624459, '2025-07-05 19:00:00+00:00': 4819.484263471168, '2025-07-05 20:00:00+00:00': 4806.194539270311, '2025-07-05 21:00:00+00:00': 4779.681601788612, '2025-07-05 22:00:00+00:00': 4762.37640777809, '2025-07-05 23:00:00+00:00': 4750.811885644236, '2025-07-06 00:00:00+00:00': 4730.440475779281, '2025-07-06 01:00:00+00:00': 4706.471579831021, '2025-07-06 02:00:00+00:00': 4689.6962510530875, '2025-07-06 03:00:00+00:00': 4669.37843134423, '2025-07-06 04:00:00+00:00': 4652.453721742797, '2025-07-06 05:00:00+00:00': 4636.505623240455, '2025-07-06 06:00:00+00:00': 4620.472007250101, '2025-07-06 07:00:00+00:00': 4608.251535338979, '2025-07-06 08:00:00+00:00': 4591.406033116813, '2025-07-06 09:00:00+00:00': 4577.402125239744, '2025-07-06 10:00:00+00:00': 4561.177398094249, '2025-07-06 11:00:00+00:00': 4547.988186805984, '2025-07-06 12:00:00+00:00': 4531.136172374552, '2025-07-06 13:00:00+00:00': 4517.042584740842, '2025-07-06 14:00:00+00:00': 4509.310808740941, '2025-07-06 15:00:00+00:00': 4498.34009224069, '2025-07-06 16:00:00+00:00': 4484.631762509, '2025-07-06 17:00:00+00:00': 4471.962592823983, '2025-07-06 18:00:00+00:00': 4458.63918718077, '2025-07-06 19:00:00+00:00': 4455.835915140195, '2025-07-06 20:00:00+00:00': 4437.720578749224, '2025-07-06 21:00:00+00:00': 4424.6205532436725, '2025-07-06 22:00:00+00:00': 4418.551465721344, '2025-07-06 23:00:00+00:00': 4405.674198358724, '2025-07-07 00:00:00+00:00': 4386.640086014677, '2025-07-07 01:00:00+00:00': 4385.023780171151, '2025-07-07 02:00:00+00:00': 4373.009206731884, '2025-07-07 03:00:00+00:00': 4359.33952473926, '2025-07-07 04:00:00+00:00': 4346.677978533432, '2025-07-07 05:00:00+00:00': 4341.313405161118, '2025-07-07 06:00:00+00:00': 4327.480085874506, '2025-07-07 07:00:00+00:00': 4321.2914730522925, '2025-07-07 08:00:00+00:00': 4311.482039493574, '2025-07-07 09:00:00+00:00': 4298.176793553375, '2025-07-07 10:00:00+00:00': 4279.448995031725, '2025-07-07 11:00:00+00:00': 4264.6659133960875, '2025-07-07 12:00:00+00:00': 4254.982587064931, '2025-07-07 13:00:00+00:00': 4237.263691668924, '2025-07-07 14:00:00+00:00': 4227.451934243525, '2025-07-07 15:00:00+00:00': 4223.831555212842, '2025-07-07 16:00:00+00:00': 4200.924092722664, '2025-07-07 17:00:00+00:00': 4189.18604938551, '2025-07-07 18:00:00+00:00': 4174.460400633105, '2025-07-07 19:00:00+00:00': 4158.391943135986, '2025-07-07 20:00:00+00:00': 4145.514542452603, '2025-07-07 21:00:00+00:00': 4130.994974065561, '2025-07-07 22:00:00+00:00': 4115.155378663164, '2025-07-07 23:00:00+00:00': 4096.749648839244, '2025-07-08 00:00:00+00:00': 4084.072838415164, '2025-07-08 01:00:00+00:00': 4067.439640118539, '2025-07-08 02:00:00+00:00': 4041.2460838378115, '2025-07-08 03:00:00+00:00': 4027.920714653772, '2025-07-08 04:00:00+00:00': 4014.2526789622157, '2025-07-08 05:00:00+00:00': 3998.663289653888, '2025-07-08 06:00:00+00:00': 3982.533346615944, '2025-07-08 07:00:00+00:00': 3970.3479655534193, '2025-07-08 08:00:00+00:00': 3955.5799921163198, '2025-07-08 09:00:00+00:00': 3940.639070015041, '2025-07-08 10:00:00+00:00': 3927.834282110602, '2025-07-08 11:00:00+00:00': 3920.3402497937554, '2025-07-08 12:00:00+00:00': 3908.079176707201, '2025-07-08 13:00:00+00:00': 3891.9584810094157, '2025-07