number,value,params_BTC_VS_ETH_WEIGHT,params_CONVERGENCE_THRESHOLD,params_DAILY_LOSS_LIMIT,params_FIXED_TRADE_PCT,params_MAX_CONCURRENT_POSITIONS,params_MAX_DRAWDOWN_LIMIT,params_MAX_HOLD_HOURS,params_MAX_POSITION_PCT,params_MIN_DIV,params_MIN_TIME_BETWEEN_TRADES,params_STOP_LOSS_PCT,params_STRIKE_SELECTION_STRATEGY,params_TAKE_PROFIT_PCT,params_TRAIL_PCT,state,user_attrs_cooldown_trades_pct,user_attrs_equity_curves,user_attrs_total_trades
16,-0.9969780413067375,0.7,0.7,0.2,0.07,3.0,0.2,72.0,0.5,0.025,4.0,0.04,random,0.03,0.3,COMPLETE,0.0,"[{'2025-05-01 00:00:00+00:00': 10000.0, '2025-05-01 01:00:00+00:00': 9982.843208525921, '2025-05-01 05:00:00+00:00': 9975.929922353924, '2025-05-01 09:00:00+00:00': 9970.025190016991, '2025-05-01 13:00:00+00:00': 9963.109278778134, '2025-05-01 17:00:00+00:00': 9963.347620855571, '2025-05-01 21:00:00+00:00': 9939.003156690122, '2025-05-02 01:00:00+00:00': 9931.412916223675, '2025-05-02 05:00:00+00:00': 9907.574710362665, '2025-05-02 09:00:00+00:00': 9895.99026611123, '2025-05-02 13:00:00+00:00': 9884.92626893821, '2025-05-02 18:00:00+00:00': 9873.034442102535, '2025-05-02 23:00:00+00:00': 9858.904274398728, '2025-05-03 03:00:00+00:00': 9849.109337513582, '2025-05-03 08:00:00+00:00': 9842.8758101501, '2025-05-03 12:00:00+00:00': 9835.797540646343, '2025-05-03 16:00:00+00:00': 9821.50156834078, '2025-05-03 20:00:00+00:00': 9805.778455460259, '2025-05-04 00:00:00+00:00': 9804.84928563831, '2025-05-04 04:00:00+00:00': 9792.93034787323, '2025-05-04 08:00:00+00:00': 9784.267718145606, '2025-05-04 12:00:00+00:00': 9767.273568831035, '2025-05-04 16:00:00+00:00': 9746.187335866589, '2025-05-04 20:00:00+00:00': 9727.383654987621, '2025-05-05 00:00:00+00:00': 9742.475558361944, '2025-05-05 04:00:00+00:00': 9732.964181681244, '2025-05-05 08:00:00+00:00': 9716.381019337912, '2025-05-05 12:00:00+00:00': 9693.522967862546, '2025-05-05 16:00:00+00:00': 9682.219699351848, '2025-05-05 20:00:00+00:00': 9662.319543722504, '2025-05-06 00:00:00+00:00': 9650.43478052599, '2025-05-06 04:00:00+00:00': 9646.83718970887, '2025-05-06 08:00:00+00:00': 9633.275014551626, '2025-05-06 13:00:00+00:00': 9627.805511578295, '2025-05-06 17:00:00+00:00': 9625.60435602831, '2025-05-06 21:00:00+00:00': 9616.574970640264, '2025-05-07 01:00:00+00:00': 9613.540465835298, '2025-05-07 05:00:00+00:00': 9596.716415334573, '2025-05-07 09:00:00+00:00': 9576.882952639404, '2025-05-07 13:00:00+00:00': 9567.462401005923, '2025-05-07 17:00:00+00:00': 9541.396571665513, '2025-05-07 21:00:00+00:00': 9558.678876875752, '2025-05-08 01:00:00+00:00': 9561.504503119362, '2025-05-08 05:00:00+00:00': 9554.230670700705, '2025-05-08 09:00:00+00:00': 9552.353966748386, '2025-05-08 13:00:00+00:00': 9537.013818903575, '2025-05-08 17:00:00+00:00': 9534.315422179503, '2025-05-08 21:00:00+00:00': 9537.09161520808, '2025-05-09 02:00:00+00:00': 9526.373333124888, '2025-05-09 06:00:00+00:00': 9514.73300511284, '2025-05-09 11:00:00+00:00': 9508.248789055733, '2025-05-09 15:00:00+00:00': 9495.94139206936, '2025-05-10 00:00:00+00:00': 9479.993996877296, '2025-05-10 04:00:00+00:00': 9467.360727336218, '2025-05-10 08:00:00+00:00': 9465.406423038297, '2025-05-10 13:00:00+00:00': 9456.125847738065, '2025-05-10 17:00:00+00:00': 9448.217523727406, '2025-05-10 21:00:00+00:00': 9436.953591979756, '2025-05-11 01:00:00+00:00': 9432.149758214176, '2025-05-11 05:00:00+00:00': 9428.446786190436, '2025-05-11 09:00:00+00:00': 9423.615898048009, '2025-05-11 13:00:00+00:00': 9418.88378350173, '2025-05-11 19:00:00+00:00': 9414.576434667282, '2025-05-12 00:00:00+00:00': 9408.066619761446, '2025-05-12 07:00:00+00:00': 9402.994760689797, '2025-05-12 11:00:00+00:00': 9387.887030042828, '2025-05-12 15:00:00+00:00': 9430.392807419506, '2025-05-12 19:00:00+00:00': 9443.361359452552, '2025-05-12 23:00:00+00:00': 9440.510399250737, '2025-05-13 03:00:00+00:00': 9436.85758579228, '2025-05-13 07:00:00+00:00': 9427.949532074059, '2025-05-13 11:00:00+00:00': 9419.385933737056, '2025-05-13 16:00:00+00:00': 9424.416005280249, '2025-05-13 20:00:00+00:00': 9418.884567125777, '2025-05-14 00:00:00+00:00': 9411.236152860361, '2025-05-14 05:00:00+00:00': 9404.513865089648, '2025-05-14 11:00:00+00:00': 9401.64435374807, '2025-05-14 16:00:00+00:00': 9392.610178979585, '2025-05-14 20:00:00+00:00': 9383.77005764127, '2025-05-15 00:00:00+00:00': 9372.073216738974, '2025-05-15 05:00:00+00:00': 9363.043913562535, '2025-05-15 09:00:00+00:00': 9367.382595996674, '2025-05-15 13:00:00+00:00': 9368.624597258511, '2025-05-15 17:00:00+00:00': 9382.34594978885, '2025-05-15 21:00:00+00:00': 9374.820397396974, '2025-05-16 01:00:00+00:00': 9369.125719065412, '2025-05-16 05:00:00+00:00': 9361.952496034914, '2025-05-16 10:00:00+00:00': 9359.509174241115, '2025-05-16 14:00:00+00:00': 9365.529280476925, '2025-05-16 20:00:00+00:00': 9346.29671349356, '2025-05-17 00:00:00+00:00': 9334.512586739373, '2025-05-17 04:00:00+00:00': 9340.034746085821, '2025-05-17 08:00:00+00:00': 9334.558287496113, '2025-05-17 12:00:00+00:00': 9325.275046457451, '2025-05-17 16:00:00+00:00': 9312.426776477818, '2025-05-17 20:00:00+00:00': 9301.416847871475, '2025-05-18 00:00:00+00:00': 9296.733252059988, '2025-05-18 04:00:00+00:00': 9283.19768928338, '2025-05-18 08:00:00+00:00': 9293.851964009278, '2025-05-18 12:00:00+00:00': 9294.4674860651, '2025-05-18 16:00:00+00:00': 9282.161487232272, '2025-05-18 20:00:00+00:00': 9295.84357385237, '2025-05-19 00:00:00+00:00': 9307.122828200612, '2025-05-19 04:00:00+00:00': 9334.125041047193, '2025-05-19 08:00:00+00:00': 9370.974633296257, '2025-05-19 12:00:00+00:00': 9358.464911665124, '2025-05-19 16:00:00+00:00': 9376.873431809174, '2025-05-19 20:00:00+00:00': 9390.493240650523, '2025-05-20 00:00:00+00:00': 9383.651279011901, '2025-05-20 04:00:00+00:00': 9368.53866964559, '2025-05-20 08:00:00+00:00': 9373.111365975585, '2025-05-20 12:00:00+00:00': 9364.145936043657, '2025-05-20 16:00:00+00:00': 9369.393989712755, '2025-05-20 20:00:00+00:00': 9485.364863499162, '2025-05-21 00:00:00+00:00': 9466.964516034863, '2025-05-21 04:00:00+00:00': 9450.048499515557, '2025-05-21 08:00:00+00:00': 9526.399706610873, '2025-05-21 12:00:00+00:00': 9514.47125043956, '2025-05-21 16:00:00+00:00': 9497.594284507579, '2025-05-21 20:00:00+00:00': 9577.665206493395, '2025-05-22 00:00:00+00:00': 9631.862088846336, '2025-05-22 04:00:00+00:00': 9709.162973802087, '2025-05-22 09:00:00+00:00': 9746.215258841037, '2025-05-22 13:00:00+00:00': 9746.674981373624, '2025-05-22 18:00:00+00:00': 9744.027769010352, '2025-05-23 00:00:00+00:00': 9740.22575344656, '2025-05-23 04:00:00+00:00': 9734.543901760151, '2025-05-23 11:00:00+00:00': 9751.908208110935, '2025-05-23 16:00:00+00:00': 9792.5392760721, '2025-05-23 20:00:00+00:00': 9781.912942569661, '2025-05-24 00:00:00+00:00': 9777.399868995155, '2025-05-24 04:00:00+00:00': 9787.46785185817, '2025-05-24 08:00:00+00:00': 9778.463954055305, '2025-05-24 13:00:00+00:00': 9778.783158943816, '2025-05-24 23:00:00+00:00': 9780.43318117246, '2025-05-25 12:00:00+00:00': 9774.563208948872, '2025-05-25 17:00:00+00:00': 9764.985900449487, '2025-05-25 23:00:00+00:00': 9992.332839224997, '2025-05-26 09:00:00+00:00': 9994.654016923307, '2025-05-26 16:00:00+00:00': 10016.241100762934, '2025-05-26 21:00:00+00:00': 10029.488718630337, '2025-05-27 02:00:00+00:00': 10050.025951610909, '2025-05-27 08:00:00+00:00': 10090.303502984429, '2025-05-27 12:00:00+00:00': 10080.406710381385, '2025-05-27 18:00:00+00:00': 10069.331475864055, '2025-05-27 22:00:00+00:00': 10076.901898399266, '2025-05-28 02:00:00+00:00': 10059.749580518472, '2025-05-28 06:00:00+00:00': 10032.537825338874, '2025-05-28 10:00:00+00:00': 10014.513133980849, '2025-05-28 14:00:00+00:00': 10007.886627956752, '2025-05-28 20:00:00+00:00': 9997.51817812049, '2025-05-29 00:00:00+00:00': 9978.146582239759, '2025-05-29 04:00:00+00:00': 9962.307668458474, '2025-05-29 10:00:00+00:00': 9945.36610364255, '2025-05-29 14:00:00+00:00': 9932.988274600386, '2025-05-30 23:00:00+00:00': 9951.488274600386, '2025-05-31 03:00:00+00:00': 9959.83999028666, '2025-05-31 07:00:00+00:00': 9882.203626650296, '2025-05-31 11:00:00+00:00': 9767.81356691535, '2025-05-31 15:00:00+00:00': 9708.282143708493, '2025-05-31 19:00:00+00:00': 9659.876687517912, '2025-05-31 23:00:00+00:00': 9628.260173853289, '2025-06-01 03:00:00+00:00': 9567.89464195461, '2025-06-01 07:00:00+00:00': 9513.676437004839, '2025-06-01 11:00:00+00:00': 9471.462820352806, '2025-06-01 15:00:00+00:00': 9366.288025450598, '2025-06-01 19:00:00+00:00': 9369.799930212503, '2025-06-01 23:00:00+00:00': 9276.976697889271, '2025-06-02 03:00:00+00:00': 9216.976697889271, '2025-06-02 07:00:00+00:00': 9134.931243343817, '2025-06-02 11:00:00+00:00': 9074.931243343817, '2025-06-02 15:00:00+00:00': 8985.237365792796, '2025-06-02 19:00:00+00:00': 8891.822978761387, '2025-06-02 23:00:00+00:00': 8778.15292657826, '2025-06-03 03:00:00+00:00': 8812.873442132204, '2025-06-03 07:00:00+00:00': 8724.728583637036, '2025-06-03 11:00:00+00:00': 8652.292686201137, '2025-06-03 15:00:00+00:00': 8456.921380502767, '2025-06-03 19:00:00+00:00': 8385.137171186776, '2025-06-03 23:00:00+00:00': 8255.50034686245, '2025-06-04 03:00:00+00:00': 8200.119394481499, '2025-06-04 07:00:00+00:00': 8105.476537338642, '2025-06-04 11:00:00+00:00': 8045.476537338642, '2025-06-04 15:00:00+00:00': 7974.711389650234, '2025-06-04 19:00:00+00:00': 7946.001712230879, '2025-06-04 23:00:00+00:00': 7941.115348594516, '2025-06-05 03:00:00+00:00': 7829.5429504044705, '2025-06-05 07:00:00+00:00': 7729.1262837378035, '2025-06-05 11:00:00+00:00': 7713.2171928287125, '2025-06-05 15:00:00+00:00': 7625.502907114427, '2025-06-05 19:00:00+00:00': 7590.374701986222, '2025-06-05 23:00:00+00:00': 7521.7139877005075, '2025-06-06 03:00:00+00:00': 7424.406295392815, '2025-06-06 07:00:00+00:00': 7341.3110572975775, '2025-06-06 11:00:00+00:00': 7198.168200154721, '2025-06-06 15:00:00+00:00': 7103.432313632987, '2025-06-06 19:00:00+00:00': 7062.832313632986, '2025-06-06 23:00:00+00:00': 7002.832313632986, '2025-06-07 03:00:00+00:00': 6954.911754429896, '2025-06-07 07:00:00+00:00': 6918.235926034289, '2025-06-07 11:00:00+00:00': 6863.708868057852, '2025-06-07 15:00:00+00:00': 6854.109029711458, '2025-06-07 19:00:00+00:00': 6795.392046892288, '2025-06-07 23:00:00+00:00': 6739.896384599731, '2025-06-08 03:00:00+00:00': 6681.597393800833, '2025-06-08 07:00:00+00:00': 6623.781576634774, '2025-06-08 11:00:00+00:00': 6564.797945401933, '2025-06-08 15:00:00+00:00': 6504.887843554937, '2025-06-08 19:00:00+00:00': 6447.019637264787, '2025-06-08 23:00:00+00:00': 6438.0722688437345, '2025-06-09 03:00:00+00:00': 6351.12782439929, '2025-06-09 07:00:00+00:00': 6262.598412634584, '2025-06-09 11:00:00+00:00': 6125.54015296828, '2025-06-09 15:00:00+00:00': 5997.854102284785, '2025-06-09 19:00:00+00:00': 5973.031220615085, '2025-06-09 23:00:00+00:00': 5954.3868814329035, '2025-06-10 03:00:00+00:00': 5924.3868814329035, '2025-06-30 20:00:00+00:00': 5917.732826005582, '2025-07-01 00:00:00+00:00': 5886.4525782550245, '2025-07-01 04:00:00+00:00': 5848.667361220197, '2025-07-01 08:00:00+00:00': 5814.448627080744, '2025-07-01 12:00:00+00:00': 5770.940485589899, '2025-07-01 16:00:00+00:00': 5721.9185883306845, '2025-07-01 20:00:00+00:00': 5716.37220105475, '2025-07-02 00:00:00+00:00': 5683.628398312609, '2025-07-02 04:00:00+00:00': 5662.402526888646, '2025-07-02 08:00:00+00:00': 5632.1009394319135, '2025-07-02 12:00:00+00:00': 5592.814710170078, '2025-07-02 16:00:00+00:00': 5577.5241866353535, '2025-07-02 20:00:00+00:00': 5547.075663668955, '2025-07-03 00:00:00+00:00': 5612.1207459840225, '2025-07-03 04:00:00+00:00': 5575.175146346931, '2025-07-03 08:00:00+00:00': 5556.893962972714, '2025-07-03 09:00:00+00:00': 5545.560176194976, '2025-07-03 12:00:00+00:00': 5530.808471109365, '2025-07-03 13:00:00+00:00': 5544.124928569288, '2025-07-03 16:00:00+00:00': 5595.590678587661, '2025-07-03 17:00:00+00:00': 5582.488377493379, '2025-07-03 20:00:00+00:00': 5568.025270673563, '2025-07-03 23:00:00+00:00': 5554.019422944236, '2025-07-04 00:00:00+00:00': 5537.3815235026805, '2025-07-04 03:00:00+00:00': 5538.83216277766, '2025-07-04 04:00:00+00:00': 5521.965514694503, '2025-07-04 07:00:00+00:00': 5502.003650982142, '2025-07-04 08:00:00+00:00': 5483.5088811124715, '2025-07-04 11:00:00+00:00': 5469.436963598122, '2025-07-04 12:00:00+00:00': 5447.999514512892, '2025-07-04 15:00:00+00:00': 5434.25420589962, '2025-07-04 16:00:00+00:00': 5412.168172328742, '2025-07-04 19:00:00+00:00': 5406.94058954936, '2025-07-04 20:00:00+00:00': 5390.570396180782, '2025-07-04 23:00:00+00:00': 5376.496634011759, '2025-07-05 00:00:00+00:00': 5349.37563493633, '2025-07-05 03:00:00+00:00': 5333.925809088878, '2025-07-05 04:00:00+00:00': 5319.120565477953, '2025-07-05 07:00:00+00:00': 5305.9529681734475, '2025-07-05 08:00:00+00:00': 5289.816421454158, '2025-07-05 11:00:00+00:00': 5276.01592497176, '2025-07-05 12:00:00+00:00': 5260.353243899126, '2025-07-05 15:00:00+00:00': 5238.55860676479, '2025-07-05 16:00:00+00:00': 5221.462858340175, '2025-07-05 19:00:00+00:00': 5191.462858340175, '2025-07-05 20:00:00+00:00': 5175.364395017158, '2025-07-05 23:00:00+00:00': 5161.415706322152, '2025-07-06 00:00:00+00:00': 5136.69852704265, '2025-07-06 03:00:00+00:00': 5112.133854846317, '2025-07-06 04:00:00+00:00': 5091.5687645831995, '2025-07-06 07:00:00+00:00': 5076.773919674924, '2025-07-06 08:00:00+00:00': 5056.275551763425, '2025-07-06 11:00:00+00:00': 5040.287204133586, '2025-07-06 12:00:00+00:00': 5019.750769762675, '2025-07-06 15:00:00+00:00': 5006.434568498339, '2025-07-06 16:00:00+00:00': 4989.720100252615, '2025-07-06 19:00:00+00:00': 4986.66454469706, '2025-07-06 20:00:00+00:00': 4964.549781403935, '2025-07-06 23:00:00+00:00': 4948.8788377938445, '2025-07-07 00:00:00+00:00': 4925.634626268116, '2025-07-07 03:00:00+00:00': 4909.000319403771, '2025-07-07 04:00:00+00:00': 4893.523047623143, '2025-07-07 07:00:00+00:00': 4885.989729748555, '2025-07-07 08:00:00+00:00': 4873.983206654905, '2025-07-07 11:00:00+00:00': 4855.963726895127, '2025-07-07 12:00:00+00:00': 4844.088961240641, '2025-07-07 15:00:00+00:00': 4839.668577171788, '2025-07-07 16:00:00+00:00': 4811.551172502251, '2025-07-07 19:00:00+00:00': 4791.9079360459755, '2025-07-07 20:00:00+00:00': 4776.082420646235, '2025-07-07 23:00:00+00:00': 4753.5524557941735, '2025-07-08 00:00:00+00:00': 4737.949430302174, '2025-07-08 03:00:00+00:00': 4721.613623203421, '2025-07-08 04:00:00+00:00': 4704.744745721999, '2025-07-08 07:00:00+00:00': 4689.7842178282735, '2025-07-08 08:00:00+00:00': 4671.529162016141, '2025-07-08 11:00:00+00:00': 4662.315133352987, '2025-07-08 12:00:00+00:00': 4647.141071848415, '2025-07-08 15:00:00+00:00': 4647.772650795783, '2025-07-08 16:00:00+00:00': 4633.544359840192, '2025-07-08 19:00:00+00:00': 4615.165883567931, '2025-07-08 20:00:00+00:00': 4588.39743005871, '2025-07-08 23:00:00+00:00': 4570.621692784144, '2025-07-09 00:00:00+00:00': 4556.01026332455, '2025-07-09 03:00:00+00:00': 4530.959242916387, '2025-07-09 04:00:00+00:00': 4510.94274510098, '2025-07-09 07:00:00+00:00': 4495.153491546219, '2025-07-09 08:00:00+00:00': 4474.561389885514, '2025-07-09 11:00:00+00:00': 4454.767535429967, '2025-07-09 12:00:00+00:00': 4436.279530378051, '2025-07-09 15:00:00+00:00': 4416.046268426819, '2025-07-09 16:00:00+00:00': 4398.299693665258, '2025-07-09 19:00:00+00:00': 4389.245960035816, '2025-07-09 20:00:00+00:00': 4375.34521935444, '2025-07-09 23:00:00+00:00': 4374.456125542067, '2025-07-10 00:00:00+00:00': 4367.585812340508, '2025-07-10 03:00:00+00:00': 4357.457199552358, '2025-07-10 04:00:00+00:00': 4343.771102647938, '2025-07-10 08:00:00+00:00': 4332.209825588921, '2025-07-10 13:00:00+00:00': 4319.020581901019, '2025-07-10 15:00:00+00:00': 4309.059935459476, '2025-07-10 17:00:00+00:00': 4302.7951527162995, '2025-07-10 19:00:00+00:00': 4341.176458793054, '2025-07-10 21:00:00+00:00': 4332.129420678502, '2025-07-11 00:00:00+00:00': 4353.504573692274, '2025-07-11 03:00:00+00:00': 4362.534954198789, '2025-07-11 06:00:00+00:00': 4364.082976181669, '2025-07-11 07:00:00+00:00': 4344.454631542644, '2025-07-11 10:00:00+00:00': 4336.613464158512, '2025-07-11 11:00:00+00:00': 4357.714952218458, '2025-07-11 15:00:00+00:00': 4344.545774602271, '2025-07-11 16:00:00+00:00': 4441.191799592112, '2025-07-11 19:00:00+00:00': 4411.8313854725675, '2025-07-11 20:00:00+00:00': 4384.575491709443, '2025-07-11 23:00:00+00:00': 4363.902414786366, '2025-07-12 00:00:00+00:00': 4341.903392955072, '2025-07-12 03:00:00+00:00': 4325.375615177294, '2025-07-12 04:00:00+00:00': 4299.263748314587, '2025-07-12 07:00:00+00:00': 4267.578614444864, '2025-07-12 08:00:00+00:00': 4228.679531876057, '2025-07-12 11:00:00+00:00': 4204.324867301211, '2025-07-12 12:00:00+00:00': 4211.841394783116, '2025-07-12 15:00:00+00:00': 4185.786642231151, '2025-07-12 16:00:00+00:00': 4176.982442089233, '2025-07-12 19:00:00+00:00': 4145.942914396033, '2025-07-12 20:00:00+00:00': 4125.103588785231, '2025-07-12 23:00:00+00:00': 4101.194161877401, '2025-07-13 00:00:00+00:00': 4069.8487908127154, '2025-07-13 03:00:00+00:00': 4043.427932609455, '2025-07-13 04:00:00+00:00': 4025.409338826142, '2025-07-13 07:00:00+00:00': 4001.7448353535906, '2025-07-13 08:00:00+00:00': 3978.611196942831, '2025-07-13 11:00:00+00:00': 3964.28848700813, '2025-07-13 12:00:00+00:00': 3930.7424483551204, '2025-07-13 15:00:00+00:00': 3926.122674190464, '2025-07-13 16:00:00+00:00': 3898.9738146617347, '2025-07-13 19:00:00+00:00': 3893.9738333497653, '2025-07-13 20:00:00+00:00': 3879.2896228234495, '2025-07-13 23:00:00+00:00': 3842.0700087022738, '2025-07-14 00:00:00+00:00': 3803.1709261334663, '2025-07-14 03:00:00+00:00': 3801.7786463998495, '2025-07-14 04:00:00+00:00': 3802.3738135768135, '2025-07-14 07:00:00+00:00': 3782.6481050571247, '2025-07-14 08:00:00+00:00': 3782.328251728534, '2025-07-14 11:00:00+00:00': 3785.0794424952287, '2025-07-14 12:00:00+00:00': 3779.636404520545, '2025-07-14 15:00:00+00:00': 3793.6111892659674, '2025-07-14 16:00:00+00:00': 3851.941826494012, '2025-07-14 19:00:00+00:00': 3840.8379303901156, '2025-07-14 20:00:00+00:00': 3809.915339220313, '2025-07-14 23:00:00+00:00': 3786.8439106488845, '2025-07-15 00:00:00+00:00': 3786.56633329634, '2025-07-15 03:00:00+00:00': 3823.4628850204776, '2025-07-15 04:00:00+00:00': 3871.518942501666, '2025-07-15 07:00:00+00:00': 3859.6497836231615, '2025-07-15 08:00:00+00:00': 3859.451965295844, '2025-07-15 11:00:00+00:00': 3833.6329997786024, '2025-07-15 12:00:00+00:00': 3808.0420906876934, '2025-07-15 15:00:00+00:00': 3890.718858364461, '2025-07-15 16:00:00+00:00': 3955.0244139200167, '2025-07-15 19:00:00+00:00': 3971.8086595020504, '2025-07-15 20:00:00+00:00': 4185.19561108933, '2025-07-15 23:00:00+00:00': 4141.641689721941, '2025-07-16 00:00:00+00:00': 4095.798532794368, '2025-07-16 03:00:00+00:00': 4111.125635598106, '2025-07-16 04:00:00+00:00': 4082.685898399554, '2025-07-16 07:00:00+00:00': 4026.4696821833377, '2025-07-16 08:00:00+00:00': 3979.3885428310136, '2025-07-16 11:00:00+00:00': 3959.5990691468032, '2025-07-16 12:00:00+00:00': 3917.0018391944745, '2025-07-16 15:00:00+00:00': 3857.607899800535, '2025-07-16 16:00:00+00:00': 3880.6750113320195, '2025-07-16 19:00:00+00:00': 3834.6860003430083, '2025-07-16 20:00:00+00:00': 3808.5799396990465, '2025-07-16 23:00:00+00:00': 3843.973198126013, '2025-07-17 00:00:00+00:00': 3820.5127155468017, '2025-07-17 03:00:00+00:00': 3772.5497525838387, '2025-07-17 04:00:00+00:00': 3811.835466869553, '2025-07-17 07:00:00+00:00': 3772.4179911413976, '2025-07-17 08:00:00+00:00': 3733.9248332864227, '2025-07-17 11:00:00+00:00': 3733.9248332864227, '2025-07-17 12:00:00+00:00': 3738.985074250278, '2025-07-17 15:00:00+00:00': 3684.975173260179, '2025-07-17 16:00:00+00:00': 3710.6696713339484, '2025-07-17 19:00:00+00:00': 3660.2486187023696, '2025-07-17 20:00:00+00:00': 3704.7883022463006, '2025-07-17 23:00:00+00:00': 3745.921635579634, '2025-07-18 00:00:00+00:00': 3713.0974682645224, '2025-07-18 03:00:00+00:00': 3676.798766965821, '2025-07-18 04:00:00+00:00': 3643.520022993486, '2025-07-18 07:00:00+00:00': 3640.0953654592395, '2025-07-18 08:00:00+00:00': 3949.59536545924, '2025-07-18 11:00:00+00:00': 3905.330659576887, '2025-07-18 12:00:00+00:00': 3887.506090355403, '2025-07-18 15:00:00+00:00': 3895.1759932680243, '2025-07-18 16:00:00+00:00': 3966.6876211750014, '2025-07-18 19:00:00+00:00': 3944.4476211750016, '2025-07-18 20:00:00+00:00': 3982.3476211750017, '2025-07-18 23:00:00+00:00': 3952.3476211750017, '2025-07-19 00:00:00+00:00': 3903.0943186635013, '2025-07-19 03:00:00+00:00': 3856.927651996835, '2025-07-19 04:00:00+00:00': 3799.7032858970174, '2025-07-19 07:00:00+00:00': 3773.884320379776, '2025-07-19 08:00:00+00:00': 3776.952502197958, '2025-07-19 11:00:00+00:00': 3746.952502197958, '2025-07-19 12:00:00+00:00': 3746.052502197958, '2025-07-19 15:00:00+00:00': 3747.5972176451123, '2025-07-19 16:00:00+00:00': 3676.495522729858, '2025-07-19 19:00:00+00:00': 3638.9761428848965, '2025-07-19 20:00:00+00:00': 3577.295694037052, '2025-07-19 23:00:00+00:00': 3536.103386344744, '2025-07-20 00:00:00+00:00': 3487.615193875315, '2025-07-20 03:00:00+00:00': 3461.404256375315, '2025-07-20 04:00:00+00:00': 3485.6862550582955, '2025-07-20 07:00:00+00:00': 3440.647495368373, '2025-07-20 08:00:00+00:00': 3396.9058021504634, '2025-07-20 11:00:00+00:00': 3378.7350704431465, '2025-07-20 12:00:00+00:00': 3399.691002824744, '2025-07-20 15:00:00+00:00': 3345.6414160478844, '2025-07-20 16:00:00+00:00': 3343.3104856051996, '2025-07-20 19:00:00+00:00': 3297.7904856051996, '2025-07-20 20:00:00+00:00': 3269.153932535391, '2025-07-20 23:00:00+00:00': 3239.153932535391, '2025-07-21 00:00:00+00:00': 3222.7131407492657, '2025-07-21 03:00:00+00:00': 3156.3780080182546, '2025-07-21 04:00:00+00:00': 3126.847792584225, '2025-07-21 07:00:00+00:00': 3052.756883493316, '2025-07-21 08:00:00+00:00': 3034.504977968294, '2025-07-21 11:00:00+00:00': 3013.0890487647544, '2025-07-21 12:00:00