number,value,params_BTC_VS_ETH_WEIGHT,params_CONVERGENCE_THRESHOLD,params_DAILY_LOSS_LIMIT,params_FIXED_TRADE_PCT,params_MAX_CONCURRENT_POSITIONS,params_MAX_DRAWDOWN_LIMIT,params_MAX_HOLD_HOURS,params_MAX_POSITION_PCT,params_MIN_DIV,params_MIN_TIME_BETWEEN_TRADES,params_STOP_LOSS_PCT,params_STRIKE_SELECTION_STRATEGY,params_TAKE_PROFIT_PCT,params_TRAIL_PCT,state,user_attrs_cooldown_trades_pct,user_attrs_equity_curves,user_attrs_total_trades
46,-1.0114385728204716,0.5,0.7,0.05,0.065,1.0,0.3,48.0,0.7,0.035,0.5,0.025,furthest,0.055,0.4,COMPLETE,12.468407750631846,"[{'2025-05-01 00:00:00+00:00': 10000.0, '2025-05-01 01:00:00+00:00': 9971.22211319776, '2025-05-01 02:00:00+00:00': 10063.183461324918, '2025-05-01 03:00:00+00:00': 10054.397344210145, '2025-05-01 04:00:00+00:00': 10043.080473524016, '2025-05-01 05:00:00+00:00': 10036.622257857323, '2025-05-01 06:00:00+00:00': 10033.51366958566, '2025-05-01 07:00:00+00:00': 10034.36669865495, '2025-05-01 08:00:00+00:00': 10027.39664648119, '2025-05-01 12:00:00+00:00': 10001.041051374668, '2025-05-01 13:00:00+00:00': 9994.599155781483, '2025-05-01 21:00:00+00:00': 9955.739128690802, '2025-05-01 22:00:00+00:00': 9943.492010407384, '2025-05-01 23:00:00+00:00': 9927.084759941552, '2025-05-02 00:00:00+00:00': 9912.275519788403, '2025-05-02 05:00:00+00:00': 9837.454684463688, '2025-05-02 06:00:00+00:00': 9819.907942619584, '2025-05-02 07:00:00+00:00': 9805.685060088383, '2025-05-02 13:00:00+00:00': 9760.844567872282, '2025-05-02 14:00:00+00:00': 9787.478832149223, '2025-05-02 15:00:00+00:00': 9786.350091219621, '2025-05-02 18:00:00+00:00': 9775.417799630723, '2025-05-03 14:00:00+00:00': 9763.19740606454, '2025-05-03 15:00:00+00:00': 9749.449550138874, '2025-05-03 16:00:00+00:00': 9736.291257814806, '2025-05-03 21:00:00+00:00': 9660.23060841397, '2025-05-04 06:00:00+00:00': 9589.108185045523, '2025-05-04 07:00:00+00:00': 9576.591052515443, '2025-05-04 08:00:00+00:00': 9558.828688175661, '2025-05-04 13:00:00+00:00': 9468.147545103382, '2025-05-04 14:00:00+00:00': 9447.61084791985, '2025-05-04 15:00:00+00:00': 9445.927305347119, '2025-05-04 20:00:00+00:00': 9352.518624702248, '2025-05-05 01:00:00+00:00': 9351.781055077503, '2025-05-05 02:00:00+00:00': 9369.823923686596, '2025-05-05 03:00:00+00:00': 9367.9108218706, '2025-05-05 11:00:00+00:00': 9319.447319164008, '2025-05-05 12:00:00+00:00': 9306.37300887483, '2025-05-05 16:00:00+00:00': 9261.09051365888, '2025-05-05 19:00:00+00:00': 9300.988908472335, '2025-05-06 01:00:00+00:00': 9271.94365554412, '2025-05-06 02:00:00+00:00': 9259.77422332137, '2025-05-06 03:00:00+00:00': 9246.467969249958, '2025-05-06 07:00:00+00:00': 9210.494708748676, '2025-05-06 08:00:00+00:00': 9198.47088299041, '2025-05-06 16:00:00+00:00': 9214.391207813209, '2025-05-06 17:00:00+00:00': 9212.435043242407, '2025-05-06 18:00:00+00:00': 9208.80331512514, '2025-05-06 19:00:00+00:00': 9213.89685331495, '2025-05-06 20:00:00+00:00': 9203.776695781826, '2025-05-06 23:00:00+00:00': 9198.934967755944, '2025-05-07 00:00:00+00:00': 9211.817217660026, '2025-05-07 01:00:00+00:00': 9209.11806134448, '2025-05-07 02:00:00+00:00': 9204.653542390693, '2025-05-07 03:00:00+00:00': 9244.848534633109, '2025-05-07 06:00:00+00:00': 9193.572537948225, '2025-05-07 07:00:00+00:00': 9180.911950137375, '2025-05-07 08:00:00+00:00': 9178.594339579726, '2025-05-07 14:00:00+00:00': 9077.405448832966, '2025-05-07 15:00:00+00:00': 9074.29897665647, '2025-05-07 21:00:00+00:00': 9050.624486692015, '2025-05-07 22:00:00+00:00': 9050.441400766827, '2025-05-07 23:00:00+00:00': 9038.298084227448, '2025-05-08 01:00:00+00:00': 9040.779038848548, '2025-05-08 07:00:00+00:00': 9021.921302809384, '2025-05-08 08:00:00+00:00': 9011.091732066508, '2025-05-08 09:00:00+00:00': 9009.448144778435, '2025-05-08 12:00:00+00:00': 8955.237889683633, '2025-05-08 13:00:00+00:00': 8942.02654270851, '2025-05-08 14:00:00+00:00': 8929.792672692958, '2025-05-08 15:00:00+00:00': 8921.638271794905, '2025-05-08 16:00:00+00:00': 8923.926671364863, '2025-05-08 20:00:00+00:00': 8906.128255428981, '2025-05-08 21:00:00+00:00': 8908.536299358675, '2025-05-08 22:00:00+00:00': 8906.515245409179, '2025-05-09 00:00:00+00:00': 8900.392861947634, '2025-05-09 02:00:00+00:00': 8884.75670170392, '2025-05-09 06:00:00+00:00': 8913.61344167326, '2025-05-09 07:00:00+00:00': 8913.61344167326, '2025-05-09 08:00:00+00:00': 8920.577096802357, '2025-05-09 09:00:00+00:00': 9083.667076757427, '2025-05-09 11:00:00+00:00': 9077.918803613156, '2025-05-10 04:00:00+00:00': 9059.403559074755, '2025-05-10 05:00:00+00:00': 9047.750391900237, '2025-05-10 08:00:00+00:00': 9040.98322952665, '2025-05-10 17:00:00+00:00': 9010.665724933395, '2025-05-10 22:00:00+00:00': 9005.759254678625, '2025-05-11 09:00:00+00:00': 9019.403556055297, '2025-05-11 19:00:00+00:00': 9005.378049403276, '2025-05-12 01:00:00+00:00': 9000.712916279754, '2025-05-12 12:00:00+00:00': 8993.566388221718, '2025-05-12 19:00:00+00:00': 9029.3836548168, '2025-05-13 03:00:00+00:00': 9036.581933273375, '2025-05-13 10:00:00+00:00': 9051.330421486951, '2025-05-13 16:00:00+00:00': 9055.818694916714, '2025-05-13 20:00:00+00:00': 9056.887298851501, '2025-05-14 12:00:00+00:00': 9041.45607064606, '2025-05-14 19:00:00+00:00': 9034.309507350501, '2025-05-15 12:00:00+00:00': 9017.742831449139, '2025-05-15 17:00:00+00:00': 9073.917463352196, '2025-05-15 18:00:00+00:00': 9070.586091738222, '2025-05-15 21:00:00+00:00': 9103.02651398977, '2025-05-15 23:00:00+00:00': 9100.645834790506, '2025-05-16 05:00:00+00:00': 9077.246643756425, '2025-05-16 10:00:00+00:00': 9068.343361736985, '2025-05-16 11:00:00+00:00': 9074.59764374017, '2025-05-16 14:00:00+00:00': 9080.017574964217, '2025-05-16 16:00:00+00:00': 9079.810983334599, '2025-05-17 00:00:00+00:00': 9053.150803961096, '2025-05-17 03:00:00+00:00': 9043.504649136803, '2025-05-17 04:00:00+00:00': 9048.472509401636, '2025-05-17 05:00:00+00:00': 9049.998555102995, '2025-05-17 07:00:00+00:00': 9026.989206755012, '2025-05-17 08:00:00+00:00': 9022.074364809878, '2025-05-17 12:00:00+00:00': 8994.752599553147, '2025-05-17 13:00:00+00:00': 8980.855578186964, '2025-05-17 14:00:00+00:00': 8970.570221329299, '2025-05-17 17:00:00+00:00': 8948.003518381007, '2025-05-17 18:00:00+00:00': 8954.923073350687, '2025-05-17 20:00:00+00:00': 8943.215362377958, '2025-05-17 21:00:00+00:00': 8942.33248333914, '2025-05-18 00:00:00+00:00': 8946.44110055855, '2025-05-18 01:00:00+00:00': 8940.743185185658, '2025-05-18 05:00:00+00:00': 8929.457040962767, '2025-05-18 06:00:00+00:00': 8931.12255928686, '2025-05-18 08:00:00+00:00': 8940.640602184274, '2025-05-18 09:00:00+00:00': 8922.059424578234, '2025-05-18 12:00:00+00:00': 8918.142493567837, '2025-05-18 13:00:00+00:00': 8895.717086798395, '2025-05-18 14:00:00+00:00': 8909.251377076478, '2025-05-18 15:00:00+00:00': 8933.796469091914, '2025-05-18 16:00:00+00:00': 8922.812893892702, '2025-05-18 17:00:00+00:00': 8927.802942490076, '2025-05-18 21:00:00+00:00': 8938.533984394475, '2025-05-18 22:00:00+00:00': 8937.49907126126, '2025-05-18 23:00:00+00:00': 9049.184464519687, '2025-05-19 00:00:00+00:00': 9059.380147916954, '2025-05-19 01:00:00+00:00': 9109.537169204908, '2025-05-19 08:00:00+00:00': 9154.71164158263, '2025-05-19 12:00:00+00:00': 9143.363549022488, '2025-05-19 14:00:00+00:00': 9174.596672070618, '2025-05-19 21:00:00+00:00': 9190.24605825833, '2025-05-20 01:00:00+00:00': 9181.168993577612, '2025-05-20 02:00:00+00:00': 9217.912112843667, '2025-05-20 07:00:00+00:00': 9231.275367539305, '2025-05-20 08:00:00+00:00': 9235.4592312611, '2025-05-20 10:00:00+00:00': 9223.928900202429, '2025-05-20 12:00:00+00:00': 9215.736359514967, '2025-05-20 13:00:00+00:00': 9219.08438510089, '2025-05-20 18:00:00+00:00': 9268.671304554162, '2025-05-20 19:00:00+00:00': 9315.525826998548, '2025-05-20 20:00:00+00:00': 9431.496700784955, '2025-05-20 21:00:00+00:00': 9409.93832935046, '2025-05-20 22:00:00+00:00': 9397.294164180497, '2025-05-20 23:00:00+00:00': 9388.561350023383, '2025-05-21 00:00:00+00:00': 9371.649685763212, '2025-05-21 01:00:00+00:00': 9355.663199836164, '2025-05-21 04:00:00+00:00': 9308.210398226467, '2025-05-21 05:00:00+00:00': 9335.392925058668, '2025-05-21 06:00:00+00:00': 9321.725019826248, '2025-05-21 07:00:00+00:00': 9307.943678515774, '2025-05-21 08:00:00+00:00': 9377.77510818714, '2025-05-21 09:00:00+00:00': 9350.39272976538, '2025-05-21 10:00:00+00:00': 9320.522258189236, '2025-05-21 11:00:00+00:00': 9309.250506646167, '2025-05-21 12:00:00+00:00': 9298.426564226074, '2025-05-21 13:00:00+00:00': 9289.716481597361, '2025-05-21 16:00:00+00:00': 9369.162210556184, '2025-05-21 17:00:00+00:00': 9368.294765520503, '2025-05-21 18:00:00+00:00': 10446.866194091932, '2025-05-21 19:00:00+00:00': 10449.927670643743, '2025-05-21 20:00:00+00:00': 10529.99859262956, '2025-05-21 21:00:00+00:00': 10627.650988718568, '2025-05-22 00:00:00+00:00': 10681.847871071508, '2025-05-22 01:00:00+00:00': 10688.580896503174, '2025-05-22 03:00:00+00:00': 10695.407713883824, '2025-05-22 04:00:00+00:00': 10772.708598839576, '2025-05-22 06:00:00+00:00': 10794.929742112487, '2025-05-22 09:00:00+00:00': 10833.182992404965, '2025-05-22 13:00:00+00:00': 10833.657486909879, '2025-05-22 14:00:00+00:00': 10855.139951043984, '2025-05-22 18:00:00+00:00': 10852.402268782387, '2025-05-22 21:00:00+00:00': 10877.821847791774, '2025-05-23 00:00:00+00:00': 10873.880610023984, '2025-05-23 07:00:00+00:00': 10884.294802755301, '2025-05-23 11:00:00+00:00': 10902.323213496695, '2025-05-23 12:00:00+00:00': 11037.664122587605, '2025-05-23 13:00:00+00:00': 11039.403683329516, '2025-05-23 14:00:00+00:00': 11151.631994387146, '2025-05-23 16:00:00+00:00': 11192.263062348311, '2025-05-23 17:00:00+00:00': 11174.148410705468, '2025-05-23 19:00:00+00:00': 11194.757106357642, '2025-05-23 20:00:00+00:00': 11183.476872288007, '2025-05-23 21:00:00+00:00': 11170.467463690622, '2025-05-23 23:00:00+00:00': 11150.085011206309, '2025-05-24 00:00:00+00:00': 11145.308155580238, '2025-05-24 06:00:00+00:00': 11131.793237806613, '2025-05-24 11:00:00+00:00': 11145.744942538651, '2025-05-24 13:00:00+00:00': 11146.082792062944, '2025-05-24 23:00:00+00:00': 11147.829187388661, '2025-05-25 13:00:00+00:00': 11139.0083652534, '2025-05-25 17:00:00+00:00': 11128.873733704875, '2025-05-25 18:00:00+00:00': 11118.567217775166, '2025-05-25 19:00:00+00:00': 11123.010336986388, '2025-05-25 23:00:00+00:00': 11350.357275761899, '2025-05-26 01:00:00+00:00': 11360.391887578713, '2025-05-26 09:00:00+00:00': 11362.842361738189, '2025-05-26 16:00:00+00:00': 11385.631531928228, '2025-05-26 21:00:00+00:00': 11399.614696332039, '2025-05-27 02:00:00+00:00': 11421.290171403449, '2025-05-27 04:00:00+00:00': 11463.333567043825, '2025-05-27 08:00:00+00:00': 11505.993692041506, '2025-05-27 11:00:00+00:00': 11493.483221336708, '2025-05-27 12:00:00+00:00': 11483.015377798827, '2025-05-27 15:00:00+00:00': 11479.35650408822, '2025-05-27 18:00:00+00:00': 11467.645133154443, '2025-05-27 19:00:00+00:00': 11471.417803696952, '2025-05-27 20:00:00+00:00': 11460.273660634422, '2025-05-27 21:00:00+00:00': 11444.385006152423, '2025-05-27 22:00:00+00:00': 11451.955428687634, '2025-05-28 00:00:00+00:00': 11433.160920049688, '2025-05-28 02:00:00+00:00': 11416.008602168893, '2025-05-28 03:00:00+00:00': 11401.653763459215, '2025-05-28 05:00:00+00:00': 11385.345413138313, '2025-05-28 06:00:00+00:00': 11356.747725861407, '2025-05-28 09:00:00+00:00': 11276.490770800649, '2025-05-28 10:00:00+00:00': 11258.466079442624, '2025-05-28 11:00:00+00:00': 11237.231139683587, '2025-05-28 12:00:00+00:00': 11206.989148970988, '2025-05-28 13:00:00+00:00': 11176.989148970988, '2025-05-28 16:00:00+00:00': 11143.441415358018, '2025-05-28 17:00:00+00:00': 11128.641833125404, '2025-05-28 20:00:00+00:00': 11117.935791298694, '2025-05-28 22:00:00+00:00': 11100.47727763174, '2025-05-28 23:00:00+00:00': 11082.648234873872, '2025-05-29 03:00:00+00:00': 11024.44028478734, '2025-05-29 04:00:00+00:00': 11008.190508693866, '2025-05-29 05:00:00+00:00': 10993.452940274263, '2025-05-29 10:00:00+00:00': 10976.093208526383, '2025-05-29 11:00:00+00:00': 10957.214537914562, '2025-05-29 14:00:00+00:00': 10913.547741944194, '2025-05-29 16:00:00+00:00': 10901.763860317964, '2025-05-30 23:00:00+00:00': 10920.263860317964, '2025-05-31 00:00:00+00:00': 10890.263860317964, '2025-05-31 01:00:00+00:00': 10860.263860317964, '2025-05-31 02:00:00+00:00': 10874.354769408874, '2025-05-31 03:00:00+00:00': 10882.706485095148, '2025-05-31 04:00:00+00:00': 10803.68687725201, '2025-05-31 05:00:00+00:00': 10743.68687725201, '2025-05-31 06:00:00+00:00': 11109.029177808598, '2025-05-31 07:00:00+00:00': 11031.392814172234, '2025-05-31 08:00:00+00:00': 10992.479770693973, '2025-05-31 09:00:00+00:00': 10963.745493964412, '2025-05-31 10:00:00+00:00': 10906.102612614302, '2025-05-31 11:00:00+00:00': 10795.778498258764, '2025-05-31 12:00:00+00:00': 10658.730003275485, '2025-05-31 13:00:00+00:00': 10523.008659401967, '2025-05-31 14:00:00+00:00': 10616.404008239177, '2025-05-31 15:00:00+00:00': 10557.367275386148, '2025-05-31 16:00:00+00:00': 10498.60174504053, '2025-05-31 17:00:00+00:00': 10430.012527195373, '2025-05-31 18:00:00+00:00': 10527.725389514213, '2025-05-31 19:00:00+00:00': 10510.246050944164, '2025-05-31 20:00:00+00:00': 10482.895304646578, '2025-05-31 21:00:00+00:00': 10454.025773547186, '2025-05-31 22:00:00+00:00': 10445.616410308578, '2025-05-31 23:00:00+00:00': 10425.408939166737, '2025-06-01 00:00:00+00:00': 10404.85350597702, '2025-06-01 01:00:00+00:00': 10375.332242816623, '2025-06-01 02:00:00+00:00': 10347.062280515396, '2025-06-01 03:00:00+00:00': 10288.48141414855, '2025-06-01 04:00:00+00:00': 10209.883818719125, '2025-06-01 05:00:00+00:00': 10160.42316232848, '2025-06-01 06:00:00+00:00': 10100.55851424494, '2025-06-01 07:00:00+00:00': 10048.5744797839, '2025-06-01 08:00:00+00:00': 9982.828812837148, '2025-06-01 09:00:00+00:00': 9874.798216621672, '2025-06-01 10:00:00+00:00': 9883.102383288338, '2025-06-01 11:00:00+00:00': 9841.768694556287, '2025-06-01 12:00:00+00:00': 9797.163373402313, '2025-06-01 13:00:00+00:00': 9735.327880301149, '2025-06-01 14:00:00+00:00': 9659.90288612262, '2025-06-01 15:00:00+00:00': 9559.199951191604, '2025-06-01 16:00:00+00:00': 9479.328532998483, '2025-06-01 17:00:00+00:00': 9440.835463794974, '2025-06-01 18:00:00+00:00': 9416.088670537294, '2025-06-01 19:00:00+00:00': 9425.652524020754, '2025-06-01 20:00:00+00:00': 9373.035391374702, '2025-06-02 01:00:00+00:00': 9302.297952133233, '2025-06-02 02:00:00+00:00': 9266.547952133233, '2025-06-02 03:00:00+00:00': 9206.547952133233, '2025-06-02 04:00:00+00:00': 9215.833666418946, '2025-06-02 05:00:00+00:00': 9167.11273618639, '2025-06-02 06:00:00+00:00': 9107.11273618639, '2025-06-02 07:00:00+00:00': 9025.067281640935, '2025-06-02 08:00:00+00:00': 8941.972043545697, '2025-06-02 09:00:00+00:00': 8894.097043545697, '2025-06-02 10:00:00+00:00': 8893.243385009111, '2025-06-02 11:00:00+00:00': 8833.243385009111, '2025-06-02 12:00:00+00:00': 8763.578529936647, '2025-06-02 13:00:00+00:00': 8703.578529936647, '2025-06-02 14:00:00+00:00': 8643.129871287249, '2025-06-02 15:00:00+00:00': 8554.344111064474, '2025-06-02 16:00:00+00:00': 8456.317424804893, '2025-06-02 17:00:00+00:00': 8420.372115413587, '2025-06-02 18:00:00+00:00': 8373.478438918562, '2025-06-02 19:00:00+00:00': 8333.159289982392, '2025-06-03 01:00:00+00:00': 8273.87243621542, '2025-06-03 02:00:00+00:00': 8193.907240073919, '2025-06-03 03:00:00+00:00': 8225.675989629059, '2025-06-03 04:00:00+00:00': 8203.826591948771, '2025-06-03 05:00:00+00:00': 8174.691209421332, '2025-06-03 06:00:00+00:00': 8083.792264763798, '2025-06-03 07:00:00+00:00': 8001.777207988802, '2025-06-03 08:00:00+00:00': 7993.378031355769, '2025-06-03 09:00:00+00:00': 7962.4599149341875, '2025-06-03 10:00:00+00:00': 7854.123782366669, '2025-06-03 11:00:00+00:00': 7785.903337221668, '2025-06-03 12:00:00+00:00': 7696.113837379472, '2025-06-03 13:00:00+00:00': 7641.621555416001, '2025-06-03 14:00:00+00:00': 7555.478542057686, '2025-06-03 15:00:00+00:00': 7367.91718204876, '2025-06-03 16:00:00+00:00': 7369.879189282988, '2025-06-03 17:00:00+00:00': 7370.14898081739, '2025-06-03 18:00:00+00:00': 7347.270929671256, '2025-06-03 19:00:00+00:00': 7324.4191775302415, '2025-06-03 20:00:00+00:00': 7302.435860339589, '2025-06-03 21:00:00+00:00': 7279.4041450161885, '2025-06-03 22:00:00+00:00': 7228.775940714663, '2025-06-04 01:00:00+00:00': 7200.893509499603, '2025-06-04 02:00:00+00:00': 7108.597381426821, '2025-06-04 03:00:00+00:00': 7052.888226844895, '2025-06-04 04:00:00+00:00': 6951.606899675081, '2025-06-04 05:00:00+00:00': 6926.000603210819, '2025-06-04 06:00:00+00:00': 6869.76052983013, '2025-06-04 07:00:00+00:00': 6784.57633647107, '2025-06-04 08:00:00+00:00': 6727.683549110897, '2025-06-04 09:00:00+00:00': 6640.789251960865, '2025-06-04 10:00:00+00:00': 6556.873959701606, '2025-06-04 11:00:00+00:00': 6500.2865260521485, '2025-06-04 12:00:00+00:00': 6474.156065769086, '2025-06-04 13:00:00+00:00': 6467.113245477078, '2025-06-04 14:00:00+00:00': 6425.4849277301255, '2025-06-04 15:00:00+00:00': 6360.038733073652, '2025-06-04 16:00:00+00:00': 6209.843812958697, '2025-06-04 17:00:00+00:00': 6179.843812958697, '2025-06-05 01:00:00+00:00': 6122.272996149444, '2025-06-05 02:00:00+00:00': 6064.494181626749, '2025-06-05 03:00:00+00:00': 5960.984631885396, '2025-06-05 04:00:00+00:00': 5904.070332361365, '2025-06-05 05:00:00+00:00': 5847.838834966331, '2025-06-05 06:00:00+00:00': 5789.964015750925, '2025-06-05 07:00:00+00:00': 5692.698482816221, '2025-06-05 08:00:00+00:00': 5676.613499181488, '2025-06-05 09:00:00+00:00': 5651.5253945569775, '2025-06-05 10:00:00+00:00': 5537.641459127336, '2025-06-05 11:00:00+00:00': 5519.974548511951, '2025-06-05 12:00:00+00:00': 5495.488191591436, '2025-06-05 13:00:00+00:00': 5360.438775207563, '2025-06-05 14:00:00+00:00': 5412.072490604656, '2025-06-05 15:00:00+00:00': 5387.531372537077, '2025-06-05 16:00:00+00:00': 5333.12913600943, '2025-06-05 17:00:00+00:00': 5343.0128235982465, '2025-06-05 18:00:00+00:00': 5316.951384137598, '2025-06-05 19:00:00+00:00': 5291.676440157719, '2025-06-05 20:00:00+00:00': 5336.291824773104, '2025-06-05 21:00:00+00:00': 5758.958491439771, '2025-06-05 22:00:00+00:00': 5734.1174409955065, '2025-06-05 23:00:00+00:00': 5708.286030532022, '2025-06-06 00:00:00+00:00': 5632.710973130915, '2025-06-06 01:00:00+00:00': 5621.454714056077, '2025-06-06 02:00:00+00:00': 5574.839634831543, '2025-06-06 03:00:00+00:00': 5511.881093329996, '2025-06-06 04:00:00+00:00': 5447.894960445775, '2025-06-06 05:00:00+00:00': 5397.146629166527, '2025-06-06 06:00:00+00:00': 5367.146629166527, '2025-06-06 07:00:00+00:00': 5314.05139107129, '2025-06-06 08:00:00+00:00': 5284.05139107129, '2025-06-06 09:00:00+00:00': 5254.05139107129, '2025-06-06 10:00:00+00:00': 5203.675703909001, '2025-06-06 11:00:00+00:00': 5176.611638424683, '2025-06-07 01:00:00+00:00': 5330.40783073665, '2025-06-07 02:00:00+00:00': 5301.158474736171, '2025-06-07 03:00:00+00:00': 5271.59335995029, '2025-06-07 04:00:00+00:00': 5229.97039057884, '2025-06-07 05:00:00+00:00': 5223.952771634173, '2025-06-07 06:00:00+00:00': 5190.958654797472, '2025-06-07 07:00:00+00:00': 5171.105714726523, '2025-06-07 08:00:00+00:00': 5150.094995086093, '2025-06-07 09:00:00+00:00': 5143.604116882337, '2025-06-07 10:00:00+00:00': 5123.245149923154, '2025-06-07 11:00:00+00:00': 5104.143637903726, '2025-06-07 12:00:00+00:00': 5059.74300017302, '2025-06-30 20:00:00+00:00': 5053.564234419078, '2025-06-30 21:00:00+00:00': 5022.615647943838, '2025-06-30 22:00:00+00:00': 5086.644031489574, '2025-06-30 23:00:00+00:00': 5052.3183169380845, '2025-07-01 00:00:00+00:00': 5023.270854759638, '2025-07-01 01:00:00+00:00': 4995.108290867122, '2025-07-01 02:00:00+00:00': 4962.885336780923, '2025-07-01 03:00:00+00:00': 4927.0119972446755, '2025-07-01 04:00:00+00:00': 4892.092593955464, '2025-07-01 05:00:00+00:00': 4957.029142977687, '2025-07-01 06:00:00+00:00': 4914.363408445002, '2025-07-01 07:00:00+00:00': 4885.262685222192, '2025-07-01 08:00:00+00:00': 4853.690603557383, '2025-07-01 09:00:00+00:00': 4825.649441833497, '2025-07-01 10:00:00+00:00': 4765.428245422156, '2025-07-01 11:00:00+00:00': 4708.742354349861, '2025-07-01 12:00:00+00:00': 4668.204594921157, '2025-07-01 13:00:00+00:00': 4615.380256900766, '2025-07-01 14:00:00+00:00': 4571.0567785322155, '2025-07-01 15:00:00+00:00': 4599.706142060682, '2025-07-01 16:00:00+00:00': 4554.888512312917, '2025-07-01 17:00:00+00:00': 4563.969244280091, '2025-07-01 18:00:00+00:00': 4530.8111509151695, '2025-07-01 19:00:00+00:00': 4562.222299868916, '2025-07-01 20:00:00+00:00': 4558.364455587288, '2025-07-01 21:00:00+00:00': 4560.355709407496, '2025-07-01 22:00:00+00:00': 4519.04467857689, '2025-07-01 23:00:00+00:00': 4491.826090762301, '2025-07-02 00:00:00+00:00': 4461.990217076723, '2025-07-02 01:00:00+00:00': 4458.256464991186, '2025-07-02 02:00:00+00:00': 4441.076152271565, '2025-07-02 03:00:00+00:00': 4415.467105019406, '2025-07-02 04:00:00+00:00': 4396.175437667392, '2025-07-02 05:00:00+00:00': 4376.543681312889, '2025-07-02 06:00:00+00:00': 4342.01974364093, '2025-07-02 07:00:00+00:00': 4318.742609164272, '2025-07-02 08:00:00+00:00': 4291.3734988001115, '2025-07-02 09:00:00+00:00': 4266.171292014651, '2025-07-02 10:00:00+00:00': 4225.502880397875, '2025-07-02 11:00:00+00:00': 4187.10540876642, '2025-07-02 12:00:00+00:00': 4151.72769171731, '2025-07-02 13:00:00+00:00': 4136.3232115599085, '2025-07-02 14:00:00+00:00': 4106.249408499731, '2025-07-02 15:00:00+00:00': 4081.921583689167, '2025-07-02 16:00:00+00:00': 4067.83575708679, '2025-07-02 17:00:00+00:00': 4069.674706215208, '2025-07-02 18:00:00+00:00': 4039.7096488065386, '2025-07-02 19:00:00+00:00': 4018.088838738801, '2025-07-02 20:00:00+00:00': 3990.8102396470977, '2025-07-02 21:00:00+00:00': 3991.178904135807, '2025-07-02 22:00:00+00:00': 3961.8068853614163, '2025-07-02 23:00:00+00:00': 3941.347887708448, '2025-07-03 00:00:00+00:00