number,value,params_BTC_VS_ETH_WEIGHT,params_CONVERGENCE_THRESHOLD,params_DAILY_LOSS_LIMIT,params_FIXED_TRADE_PCT,params_MAX_CONCURRENT_POSITIONS,params_MAX_DRAWDOWN_LIMIT,params_MAX_HOLD_HOURS,params_MAX_POSITION_PCT,params_MIN_DIV,params_MIN_TIME_BETWEEN_TRADES,params_STOP_LOSS_PCT,params_STRIKE_SELECTION_STRATEGY,params_TAKE_PROFIT_PCT,params_TRAIL_PCT,state,user_attrs_cooldown_trades_pct,user_attrs_equity_curves,user_attrs_total_trades
3,-0.99989615633772,0.7,0.5,0.15,0.06,3.0,0.15,96.0,0.5,0.0225,0.5,0.015,furthest,0.055,0.4,COMPLETE,13.150289017341041,"[{'2025-05-01 00:00:00+00:00': 10000.0, '2025-05-01 01:00:00+00:00': 9985.294178736503, '2025-05-01 02:00:00+00:00': 10002.744485594267, '2025-05-01 03:00:00+00:00': 9994.68293346915, '2025-05-01 04:00:00+00:00': 9984.298633520839, '2025-05-01 05:00:00+00:00': 9978.372095739534, '2025-05-01 06:00:00+00:00': 9975.51928333955, '2025-05-01 07:00:00+00:00': 9976.302143496805, '2025-05-01 08:00:00+00:00': 9969.905479355879, '2025-05-01 11:00:00+00:00': 9951.593789232076, '2025-05-01 12:00:00+00:00': 9940.66928508694, '2025-05-01 19:00:00+00:00': 9902.23850955477, '2025-05-01 20:00:00+00:00': 9895.206973109374, '2025-05-01 21:00:00+00:00': 9874.48299953857, '2025-05-01 22:00:00+00:00': 9863.270235982434, '2025-05-02 03:00:00+00:00': 9800.456623258551, '2025-05-02 04:00:00+00:00': 9786.279610133995, '2025-05-02 05:00:00+00:00': 9766.145457455792, '2025-05-02 06:00:00+00:00': 9750.065872896219, '2025-05-02 10:00:00+00:00': 9733.611042717297, '2025-05-02 11:00:00+00:00': 9723.052604742172, '2025-05-02 12:00:00+00:00': 9714.13844190088, '2025-05-02 13:00:00+00:00': 9704.829286169024, '2025-05-02 19:00:00+00:00': 9711.472188835176, '2025-05-02 20:00:00+00:00': 9713.813099004661, '2025-05-02 21:00:00+00:00': 9706.843080620296, '2025-05-02 23:00:00+00:00': 9700.287824654639, '2025-05-03 08:00:00+00:00': 9640.797170422396, '2025-05-03 09:00:00+00:00': 9632.133531513236, '2025-05-03 13:00:00+00:00': 9609.791662056083, '2025-05-03 14:00:00+00:00': 9599.278806218217, '2025-05-03 17:00:00+00:00': 9564.015133852929, '2025-05-03 20:00:00+00:00': 9520.498623403766, '2025-05-03 21:00:00+00:00': 9505.795905797413, '2025-05-04 00:00:00+00:00': 9479.7526500936, '2025-05-04 03:00:00+00:00': 9450.127459078365, '2025-05-04 04:00:00+00:00': 9440.280831635542, '2025-05-04 07:00:00+00:00': 9408.44126869936, '2025-05-04 12:00:00+00:00': 9377.54246551715, '2025-05-04 19:00:00+00:00': 9294.03944492172, '2025-05-04 20:00:00+00:00': 9278.66972905734, '2025-05-04 21:00:00+00:00': 9263.185782902066, '2025-05-04 22:00:00+00:00': 9253.310502366658, '2025-05-05 02:00:00+00:00': 9287.432660266064, '2025-05-05 03:00:00+00:00': 9285.682248492498, '2025-05-05 04:00:00+00:00': 9277.911889475548, '2025-05-05 05:00:00+00:00': 9279.881864700743, '2025-05-05 06:00:00+00:00': 9272.685353889407, '2025-05-05 09:00:00+00:00': 9236.963028825974, '2025-05-05 10:00:00+00:00': 9223.73384550948, '2025-05-05 13:00:00+00:00': 9199.450273529148, '2025-05-05 16:00:00+00:00': 9178.135852730176, '2025-05-05 17:00:00+00:00': 9206.557551476051, '2025-05-05 18:00:00+00:00': 9209.027176040663, '2025-05-05 19:00:00+00:00': 9214.633045291197, '2025-05-05 20:00:00+00:00': 9198.399521748992, '2025-05-05 23:00:00+00:00': 9226.845262304636, '2025-05-06 00:00:00+00:00': 9210.463218656783, '2025-05-06 01:00:00+00:00': 9185.644848462262, '2025-05-06 02:00:00+00:00': 9174.516080787509, '2025-05-06 03:00:00+00:00': 9162.346476015895, '2025-05-06 06:00:00+00:00': 9135.944033796615, '2025-05-06 07:00:00+00:00': 9129.439046493784, '2025-05-06 08:00:00+00:00': 9118.437804857997, '2025-05-06 09:00:00+00:00': 9106.996741457728, '2025-05-06 10:00:00+00:00': 9097.731501266899, '2025-05-06 13:00:00+00:00': 9069.247295072455, '2025-05-06 14:00:00+00:00': 9069.318098827775, '2025-05-06 15:00:00+00:00': 9110.309408629795, '2025-05-06 16:00:00+00:00': 9110.698347945781, '2025-05-06 17:00:00+00:00': 9108.912977656242, '2025-05-06 20:00:00+00:00': 9101.010721922388, '2025-05-06 21:00:00+00:00': 9093.693048571533, '2025-05-06 22:00:00+00:00': 9094.801973949143, '2025-05-06 23:00:00+00:00': 9097.345746476092, '2025-05-07 00:00:00+00:00': 9109.105731412215, '2025-05-07 03:00:00+00:00': 9105.629252576571, '2025-05-07 04:00:00+00:00': 9098.242843209551, '2025-05-07 05:00:00+00:00': 9091.491621315961, '2025-05-07 06:00:00+00:00': 9084.942799701457, '2025-05-07 07:00:00+00:00': 9073.394191340154, '2025-05-07 11:00:00+00:00': 9035.115867517845, '2025-05-07 12:00:00+00:00': 9016.481222983179, '2025-05-07 13:00:00+00:00': 9008.878967725075, '2025-05-07 14:00:00+00:00': 9001.249706805438, '2025-05-07 15:00:00+00:00': 8995.8446273286, '2025-05-07 18:00:00+00:00': 8964.430077643412, '2025-05-07 19:00:00+00:00': 8954.193519462257, '2025-05-07 20:00:00+00:00': 8957.261312144907, '2025-05-07 21:00:00+00:00': 8971.1678229714, '2025-05-07 22:00:00+00:00': 8971.000304273915, '2025-05-07 23:00:00+00:00': 8959.889478942958, '2025-05-08 00:00:00+00:00': 8948.335725259503, '2025-05-08 01:00:00+00:00': 8950.603042674475, '2025-05-08 02:00:00+00:00': 8940.94032575904, '2025-05-08 03:00:00+00:00': 8955.960384858776, '2025-05-08 04:00:00+00:00': 8948.663526822129, '2025-05-08 05:00:00+00:00': 8942.82842489913, '2025-05-08 06:00:00+00:00': 8929.075295618659, '2025-05-08 07:00:00+00:00': 8919.631864530646, '2025-05-08 08:00:00+00:00': 8909.748677087506, '2025-05-08 11:00:00+00:00': 8887.442494768737, '2025-05-08 12:00:00+00:00': 8868.45913563336, '2025-05-08 13:00:00+00:00': 8856.251810333244, '2025-05-08 14:00:00+00:00': 8848.579488404359, '2025-05-08 15:00:00+00:00': 8841.120805680845, '2025-05-08 18:00:00+00:00': 8837.601604626487, '2025-05-08 19:00:00+00:00': 8831.613577367672, '2025-05-08 20:00:00+00:00': 8822.049998313005, '2025-05-08 21:00:00+00:00': 8824.251823670173, '2025-05-08 22:00:00+00:00': 8822.173779492494, '2025-05-08 23:00:00+00:00': 8816.62093701385, '2025-05-09 00:00:00+00:00': 8810.157152977386, '2025-05-09 01:00:00+00:00': 8798.684353119515, '2025-05-09 02:00:00+00:00': 8790.20856334484, '2025-05-09 05:00:00+00:00': 8809.252667101848, '2025-05-09 06:00:00+00:00': 8800.026317682163, '2025-05-09 07:00:00+00:00': 8796.093236122992, '2025-05-09 08:00:00+00:00': 8794.73211564874, '2025-05-09 09:00:00+00:00': 8943.152939398655, '2025-05-09 10:00:00+00:00': 8936.5468820923, '2025-05-09 11:00:00+00:00': 8931.326722028942, '2025-05-09 14:00:00+00:00': 8930.785092257085, '2025-05-09 15:00:00+00:00': 8920.876578384954, '2025-05-09 16:00:00+00:00': 8916.022798963519, '2025-05-10 00:00:00+00:00': 8907.940112264381, '2025-05-10 01:00:00+00:00': 8901.698780830871, '2025-05-10 02:00:00+00:00': 8898.914635881361, '2025-05-10 03:00:00+00:00': 8887.047145389322, '2025-05-10 04:00:00+00:00': 8876.895921781048, '2025-05-10 07:00:00+00:00': 8861.802360147822, '2025-05-10 08:00:00+00:00': 8860.234387319442, '2025-05-10 09:00:00+00:00': 8850.247262565466, '2025-05-10 10:00:00+00:00': 8843.736361755653, '2025-05-10 11:00:00+00:00': 8837.107471100127, '2025-05-10 14:00:00+00:00': 8814.768925381877, '2025-05-10 15:00:00+00:00': 8807.984732743622, '2025-05-10 17:00:00+00:00': 8801.670785125894, '2025-05-10 18:00:00+00:00': 8798.72994142752, '2025-05-10 19:00:00+00:00': 8788.883177197364, '2025-05-10 22:00:00+00:00': 8768.488646575031, '2025-05-10 23:00:00+00:00': 8759.995398813944, '2025-05-11 00:00:00+00:00': 8775.474689049002, '2025-05-11 01:00:00+00:00': 8771.645736543209, '2025-05-11 03:00:00+00:00': 8765.687217396477, '2025-05-11 04:00:00+00:00': 8761.764265820897, '2025-05-11 05:00:00+00:00': 8758.815878614529, '2025-05-11 07:00:00+00:00': 8747.026971463612, '2025-05-11 10:00:00+00:00': 8739.92501144204, '2025-05-11 11:00:00+00:00': 8734.618319284615, '2025-05-11 12:00:00+00:00': 8725.603174319202, '2025-05-11 13:00:00+00:00': 8721.847513693843, '2025-05-11 15:00:00+00:00': 8712.578660794352, '2025-05-11 18:00:00+00:00': 8697.986265989044, '2025-05-11 19:00:00+00:00': 8694.576830051683, '2025-05-11 22:00:00+00:00': 8689.968022182884, '2025-05-12 00:00:00+00:00': 8684.817642532962, '2025-05-12 01:00:00+00:00': 8680.664654406533, '2025-05-12 07:00:00+00:00': 8679.834470275191, '2025-05-12 08:00:00+00:00': 8677.190687878257, '2025-05-12 09:00:00+00:00': 8670.542533460926, '2025-05-12 11:00:00+00:00': 8658.601758254204, '2025-05-12 12:00:00+00:00': 8658.437822970624, '2025-05-12 15:00:00+00:00': 8680.290318515761, '2025-05-12 16:00:00+00:00': 8680.038203922659, '2025-05-12 17:00:00+00:00': 8677.813144310436, '2025-05-12 19:00:00+00:00': 8688.041956643363, '2025-05-12 20:00:00+00:00': 8673.62136892742, '2025-05-12 21:00:00+00:00': 8685.665302328813, '2025-05-12 23:00:00+00:00': 8683.417692893934, '2025-05-13 01:00:00+00:00': 8682.899573770348, '2025-05-13 03:00:00+00:00': 8680.019855460927, '2025-05-13 05:00:00+00:00': 8685.857894813558, '2025-05-13 06:00:00+00:00': 8678.62719041831, '2025-05-13 07:00:00+00:00': 8671.605209106372, '2025-05-13 08:00:00+00:00': 8673.99340209114, '2025-05-13 09:00:00+00:00': 8670.245847004084, '2025-05-13 10:00:00+00:00': 8675.081943844376, '2025-05-13 11:00:00+00:00': 8668.32786950813, '2025-05-13 12:00:00+00:00': 8668.237630149812, '2025-05-13 16:00:00+00:00': 8672.20530056968, '2025-05-13 17:00:00+00:00': 8669.902665402278, '2025-05-13 18:00:00+00:00': 8672.606162246015, '2025-05-13 19:00:00+00:00': 8662.773304647355, '2025-05-13 20:00:00+00:00': 8658.415238951307, '2025-05-13 21:00:00+00:00': 8644.042793239163, '2025-05-13 22:00:00+00:00': 8633.044475587105, '2025-05-13 23:00:00+00:00': 8626.400818404582, '2025-05-14 02:00:00+00:00': 8597.588757475383, '2025-05-14 03:00:00+00:00': 8589.272973798958, '2025-05-14 05:00:00+00:00': 8585.019604141467, '2025-05-14 06:00:00+00:00': 8582.79948140456, '2025-05-14 08:00:00+00:00': 8574.04897133866, '2025-05-14 11:00:00+00:00': 8571.806583318295, '2025-05-14 12:00:00+00:00': 8568.30574604051, '2025-05-14 13:00:00+00:00': 8563.152627912661, '2025-05-14 16:00:00+00:00': 8556.099665579783, '2025-05-14 18:00:00+00:00': 8544.871862350717, '2025-05-14 21:00:00+00:00': 8527.007037227957, '2025-05-14 22:00:00+00:00': 8519.09369086279, '2025-05-14 23:00:00+00:00': 8513.341751366113, '2025-05-15 00:00:00+00:00': 8504.245875943434, '2025-05-15 01:00:00+00:00': 8500.296797548037, '2025-05-30 23:00:00+00:00': 8518.796797548037, '2025-05-31 00:00:00+00:00': 8488.796797548037, '2025-05-31 01:00:00+00:00': 8458.796797548037, '2025-05-31 02:00:00+00:00': 8472.887706638947, '2025-05-31 03:00:00+00:00': 8481.239422325221, '2025-05-31 04:00:00+00:00': 8402.219814482083, '2025-05-31 05:00:00+00:00': 8342.219814482083, '2025-05-31 06:00:00+00:00': 8707.56211503867, '2025-05-31 07:00:00+00:00': 8629.925751402307, '2025-05-31 08:00:00+00:00': 8591.012707924046, '2025-05-31 09:00:00+00:00': 8561.729650669677, '2025-05-31 10:00:00+00:00': 8506.21451021831, '2025-05-31 11:00:00+00:00': 8402.057727447667, '2025-05-31 12:00:00+00:00': 8265.009232464388, '2025-05-31 13:00:00+00:00': 8132.093232771857, '2025-05-31 14:00:00+00:00': 8225.488581609066, '2025-05-31 15:00:00+00:00': 8167.122433727476, '2025-05-31 16:00:00+00:00': 8112.940682600993, '2025-05-31 17:00:00+00:00': 8046.5167077534115, '2025-05-31 18:00:00+00:00': 8137.8950142502335, '2025-05-31 19:00:00+00:00': 8091.741667183602, '2025-05-31 20:00:00+00:00': 8036.462394722381, '2025-05-31 21:00:00+00:00': 7979.773788207158, '2025-05-31 22:00:00+00:00': 7941.997982945786, '2025-05-31 23:00:00+00:00': 7913.107647318539, '2025-06-01 00:00:00+00:00': 7854.5868692558015, '2025-06-01 01:00:00+00:00': 7825.7571072564415, '2025-06-01 02:00:00+00:00': 7797.357523460117, '2025-06-01 03:00:00+00:00': 7740.91840501985, '2025-06-01 04:00:00+00:00': 7664.531232541715, '2025-06-01 05:00:00+00:00': 7616.520780766387, '2025-06-01 06:00:00+00:00': 7558.141252884349, '2025-06-01 07:00:00+00:00': 7508.539318674774, '2025-06-01 08:00:00+00:00': 7445.438974263601, '2025-06-01 09:00:00+00:00': 7342.432788186924, '2025-06-01 10:00:00+00:00': 7350.217945473401, '2025-06-01 11:00:00+00:00': 7309.7150844296675, '2025-06-01 12:00:00+00:00': 7266.903973481761, '2025-06-01 13:00:00+00:00': 7208.102393592576, '2025-06-01 14:00:00+00:00': 7134.598085448361, '2025-06-01 15:00:00+00:00': 7037.588130692761, '2025-06-01 16:00:00+00:00': 6960.571043683719, '2025-06-01 17:00:00+00:00': 6842.1271323264955, '2025-06-01 18:00:00+00:00': 6800.981064618406, '2025-06-01 19:00:00+00:00': 6802.957320201852, '2025-06-01 20:00:00+00:00': 6713.0779698846445, '2025-06-01 21:00:00+00:00': 6625.393473021837, '2025-06-01 22:00:00+00:00': 6592.666813873728, '2025-06-01 23:00:00+00:00': 6507.224711551471, '2025-06-02 00:00:00+00:00': 6428.737081847831, '2025-06-02 01:00:00+00:00': 6362.500679160106, '2025-06-02 02:00:00+00:00': 6326.875981383529, '2025-06-02 03:00:00+00:00': 6296.875981383529, '2025-06-02 04:00:00+00:00': 6336.161695669243, '2025-06-02 05:00:00+00:00': 6307.615486369565, '2025-06-02 06:00:00+00:00': 6279.252536484701, '2025-06-02 07:00:00+00:00': 6251.3066443744, '2025-06-02 08:00:00+00:00': 6221.908889060014, '2025-06-02 09:00:00+00:00': 6191.908889060014, '2025-06-02 10:00:00+00:00': 6161.908889060014, '2025-06-02 11:00:00+00:00': 6131.908889060014, '2025-06-02 12:00:00+00:00': 6081.700555726681, '2025-06-02 13:00:00+00:00': 6051.700555726681, '2025-06-02 14:00:00+00:00': 6001.976117887053, '2025-06-02 15:00:00+00:00': 5975.365402064456, '2025-06-02 16:00:00+00:00': 5932.418420292709, '2025-06-02 17:00:00+00:00': 5906.798316417747, '2025-06-02 18:00:00+00:00': 5881.67891185521, '2025-06-02 19:00:00+00:00': 5836.221426238158, '2025-06-02 20:00:00+00:00': 5830.776420918093, '2025-06-02 21:00:00+00:00': 5784.650793415365, '2025-06-02 22:00:00+00:00': 5760.090450133497, '2025-06-02 23:00:00+00:00': 5738.531038334447, '2025-06-30 20:00:00+00:00': 5732.827562253885, '2025-06-30 21:00:00+00:00': 5704.258726040048, '2025-06-30 22:00:00+00:00': 5763.372058932455, '2025-06-30 23:00:00+00:00': 5731.690203963672, '2025-07-01 00:00:00+00:00': 5704.876453190541, '2025-07-01 01:00:00+00:00': 5678.87659693292, '2025-07-01 02:00:00+00:00': 5649.124918042882, '2025-07-01 03:00:00+00:00': 5615.998576105789, '2025-07-01 04:00:00+00:00': 5583.749191738081, '2025-07-01 05:00:00+00:00': 5648.846503415666, '2025-07-01 06:00:00+00:00': 5609.437756235588, '2025-07-01 07:00:00+00:00': 5582.553565304152, '2025-07-01 08:00:00+00:00': 5553.382224221873, '2025-07-01 09:00:00+00:00': 5527.472704020142, '2025-07-01 10:00:00+00:00': 5471.819486289767, '2025-07-01 11:00:00+00:00': 5419.420844022798, '2025-07-01 12:00:00+00:00': 5381.941359131276, '2025-07-01 13:00:00+00:00': 5333.093497559298, '2025-07-01 14:00:00+00:00': 5292.098160711851, '2025-07-01 15:00:00+00:00': 5318.600654149919, '2025-07-01 16:00:00+00:00': 5277.146109317415, '2025-07-01 17:00:00+00:00': 5285.540787170139, '2025-07-01 18:00:00+00:00': 5254.865054448498, '2025-07-01 19:00:00+00:00': 5284.0135515469565, '2025-07-01 20:00:00+00:00': 5280.753885687298, '2025-07-01 21:00:00+00:00': 5282.587355292182, '2025-07-01 22:00:00+00:00': 5244.3731106857185, '2025-07-01 23:00:00+00:00': 5219.175940697135, '2025-07-02 00:00:00+00:00': 5191.56140084624, '2025-07-02 01:00:00+00:00': 5188.091145842467, '2025-07-02 02:00:00+00:00': 5172.17974117168, '2025-07-02 03:00:00+00:00': 5148.469516840923, '2025-07-02 04:00:00+00:00': 5130.609434344211, '2025-07-02 05:00:00+00:00': 5112.432732234152, '2025-07-02 06:00:00+00:00': 5080.46587527316, '2025-07-02 07:00:00+00:00': 5058.905790575111, '2025-07-02 08:00:00+00:00': 5033.548883141545, '2025-07-02 09:00:00+00:00': 5010.202359413899, '2025-07-02 10:00:00+00:00': 4972.533265199208, '2025-07-02 11:00:00+00:00': 4936.96286217119, '2025-07-02 12:00:00+00:00': 4904.180871062921, '2025-07-02 13:00:00+00:00': 4889.884956738328, '2025-07-02 14:00:00+00:00': 4862.018608786255, '2025-07-02 15:00:00+00:00': 4839.46462795443, '2025-07-02 16:00:00+00:00': 4826.408131580214, '2025-07-02 17:00:00+00:00': 4828.794290475625, '2025-07-02 18:00:00+00:00': 4801.023323439874, '2025-07-02 19:00:00+00:00': 4780.964861692546, '2025-07-02 20:00:00+00:00': 4755.673603857525, '2025-07-02 21:00:00+00:00': 4756.013476823323, '2025-07-02 22:00:00+00:00': 4728.770813894072, '2025-07-02 23:00:00+00:00': 4709.797184933508, '2025-07-03 00:00:00+00:00': 4763.403472619928, '2025-07-03 01:00:00+00:00': 4740.001154416798, '2025-07-03 02:00:00+00:00': 4715.56371737397, '2025-07-03 03:00:00+00:00': 4695.254157234011, '2025-07-03 04:00:00+00:00': 4664.785598596209, '2025-07-03 05:00:00+00:00': 4642.13200362295, '2025-07-03 06:00:00+00:00': 4623.590053418657, '2025-07-03 07:00:00+00:00': 4601.26259597425, '2025-07-03 08:00:00+00:00': 4586.332399092729, '2025-07-03 09:00:00+00:00': 4561.748397391589, '2025-07-03 10:00:00+00:00': 4539.61329682851, '2025-07-03 11:00:00+00:00': 4525.9327378129, '2025-07-03 12:00:00+00:00': 4513.935125880125, '2025-07-03 13:00:00+00:00': 4507.818404258624, '2025-07-03 14:00:00+00:00': 4513.203529043607, '2025-07-03 15:00:00+00:00': 4614.33097428279, '2025-07-03 16:00:00+00:00': 4650.873794088219, '2025-07-03 17:00:00+00:00': 4625.666122693085, '2025-07-03 18:00:00+00:00': 4604.4685689230855, '2025-07-03 19:00:00+00:00': 4589.976927568312, '2025-07-03 20:00:00+00:00': 4578.181760892722, '2025-07-03 21:00:00+00:00': 4566.147633860473, '2025-07-03 22:00:00+00:00': 4551.80361008047, '2025-07-03 23:00:00+00:00': 4525.888493046728, '2025-07-04 00:00:00+00:00': 4497.93498656735, '2025-07-04 01:00:00+00:00': 4467.724741549251, '2025-07-04 02:00:00+00:00': 4437.843409145864, '2025-07-04 03:00:00+00:00': 4421.63482727266, '2025-07-04 04:00:00+00:00': 4391.042292384869, '2025-07-04 05:00:00+00:00': 4365.323017649555, '2025-07-04 06:00:00+00:00': 4336.03850409868, '2025-07-04 07:00:00+00:00': 4299.976544092173, '2025-07-04 08:00:00+00:00': 4275.1392801192105, '2025-07-04 09:00:00+00:00': 4253.828085549864, '2025-07-04 10:00:00+00:00': 4232.46591925439, '2025-07-04 11:00:00+00:00': 4203.8243882023235, '2025-07-04 12:00:00+00:00': 4167.884882684292, '2025-07-04 13:00:00+00:00': 4135.194840755447, '2025-07-04 14:00:00+00:00': 4149.28853060119, '2025-07-04 15:00:00+00:00': 4118.749221533271, '2025-07-04 16:00:00+00:00': 4090.374125411123, '2025-07-04 17:00:00+00:00': 4051.2712908221415, '2025-07-04 18:00:00+00:00': 4032.275400029974, '2025-07-04 19:00:00+00:00': 4007.173785413147, '2025-07-04 20:00:00+00:00': 3979.4125708302226, '2025-07-04 21:00:00+00:00': 3960.592877819266, '2025-07-04 22:00:00+00:00': 3938.8818852500603, '2025-07-04 23:00:00+00:00': 3918.7819949641166, '2025-07-05 00:00:00+00:00': 3875.3098198178945, '2025-07-05 01:00:00+00:00': 3851.38548351706, '2025-07-05 02:00:00+00:00': 3828.176650492782, '2025-07-05 03:00:00+00:00': 3801.084168469682, '2025-07-05 04:00:00+00:00': 3778.8409507352326, '2025-07-05 05:00:00+00:00': 3757.9855535102706, '2025-07-05 06:00:00+00:00': 3732.403185596681, '2025-07-05 07:00:00+00:00': 3708.122525287739, '2025-07-05 08:00:00+00:00': 3683.022126925342, '2025-07-05 09:00:00+00:00': 3658.676088375786, '2025-07-05 10:00:00+00:00': 3633.3964153043844, '2025-07-05 11:00:00+00:00': 3610.1451449198476, '2025-07-05 12:00:00+00:00': 3585.889404855884, '2025-07-05 13:00:00+00:00': 3557.683287661277, '2025-07-05 14:00:00+00:00': 3532.6775964282515, '2025-07-05 15:00:00+00:00': 3499.51399768628, '2025-07-05 16:00:00+00:00': 3469.633483329238, '2025-07-05 17:00:00+00:00': 3431.5330414815116, '2025-07-05 18:00:00+00:00': 3395.1034091217502, '2025-07-05 19:00:00+00:00': 3343.295306099133, '2025-07-05 20:00:00+00:00': 3320.8405343278714, '2025-07-05 21:00:00+00:00': 3280.104077571198, '2025-07-05 22:00:00+00:00': 3249.803312971716, '2025-07-05 23:00:00+00:00': 3221.1709934706787, '2025-07-06 00:00:00+00:00': 3192.8582154226992, '2025-07-06 01:00:00+00:00': 3152.885838161022, '2025-07-06 02:00:00+00:00': 3125.0540497774437, '2025-07-06 03:00:00+00:00': 3090.485615829243, '2025-07-06 04:00:00+00:00': 3063.6134023562054, '2025-07-06 05:00:00+00:00': 3048.4540402725797, '2025-07-06 06:00:00+00:00': 3028.8576396095705, '2025-07-06 07:00:00+00:00': 3017.2674024552803, '2025-07-06 08:00:00+00:00': 3003.203926967089, '2025-07-06 09:00:00+00:00': 2989.9435190578156, '2025-07-06 10:00:00+00:00': 2974.217359040714, '2025-07-06 11:00:00+00:00': 2961.750849384084, '2025-07-06 12:00:00+00:00': 2948.7188880262993, '2025-07-06 13:00:00+00:00': 2935.417470343664, '2025-07-06 14:00:00+00:00': 2931.641876118106, '2025-07-06 15:00:00+00:00': 2921.292297480285, '2025-07-06 16:00:00+00:00': 2906.683464531062, '2025-07-06 17:00:00+00:00': 2894.751716554662, '2025-07-06 18:00:00+00:00': 2879.684117471293, '2025-07-06 19:00:00+00:00': 2877.0486109859344, '2025-07-06 20:00:00+00:00': 2864.8036614322946, '2025-07-06 21:00:00+00:00': 2852.5050926880836, '2025-07-06 22:00:00+00:00': 2845.999459030869, '2025-07-06 23:00:00+00:00': 2833.919156084953, '2025-07-07 00:00:00+00:00': 2819.06388551312, '2025-07-07 01:00:00+00:00': 2817.5502337596245, '2025-07-07 02:00:00+00:00': 2806.964178619196, '2025-07-07 03:00:00+00:00': 2794.178485250781, '2025-07-07 04:00:00+00:00': 2782.276929961664, '2025-07-07 05:00:00+00:00': 2777.266256067041, '2025-07-07 06:00:00+00:00': 2763.2282557831063, '2025-07-07 07:00:00+00:00': 2757.457412992113, '2025-07-07 08:00:00+00:00': 2745.818075637265}]",601.0
