number,value,params_BTC_VS_ETH_WEIGHT,params_CONVERGENCE_THRESHOLD,params_DAILY_LOSS_LIMIT,params_FIXED_TRADE_PCT,params_MAX_CONCURRENT_POSITIONS,params_MAX_DRAWDOWN_LIMIT,params_MAX_HOLD_HOURS,params_MAX_POSITION_PCT,params_MIN_DIV,params_MIN_TIME_BETWEEN_TRADES,params_STOP_LOSS_PCT,params_STRIKE_SELECTION_STRATEGY,params_TAKE_PROFIT_PCT,params_TRAIL_PCT,state,user_attrs_cooldown_trades_pct,user_attrs_equity_curves,user_attrs_total_trades
11,-0.9733756847480372,0.8,0.4,0.1,0.075,4.0,0.2,72.0,0.5,0.03,1.0,0.035,random,0.045,0.3,COMPLETE,11.08622620380739,"[{'2025-05-01 00:00:00+00:00': 10000.0, '2025-05-01 01:00:00+00:00': 9981.61772342063, '2025-05-01 02:00:00+00:00': 10003.42257577309, '2025-05-01 03:00:00+00:00': 9993.34495249676, '2025-05-01 04:00:00+00:00': 9980.36631523477, '2025-05-01 05:00:00+00:00': 9972.961060718455, '2025-05-01 06:00:00+00:00': 9969.39697898428, '2025-05-01 07:00:00+00:00': 9970.374953597058, '2025-05-01 08:00:00+00:00': 9962.383873959043, '2025-05-01 11:00:00+00:00': 9933.18451603095, '2025-05-01 12:00:00+00:00': 9919.5541471526, '2025-05-01 19:00:00+00:00': 9871.633410648292, '2025-05-01 21:00:00+00:00': 9845.790157639678, '2025-05-01 22:00:00+00:00': 9831.814930143451, '2025-05-01 23:00:00+00:00': 9813.096109610413, '2025-05-02 04:00:00+00:00': 9735.960898090923, '2025-05-02 05:00:00+00:00': 9710.922613497538, '2025-05-02 06:00:00+00:00': 9690.936785670758, '2025-05-02 07:00:00+00:00': 9674.741303807405, '2025-05-02 12:00:00+00:00': 9635.249087106084, '2025-05-02 13:00:00+00:00': 9623.70714301043, '2025-05-02 14:00:00+00:00': 9654.00721169362, '2025-05-02 15:00:00+00:00': 9652.722579021449, '2025-05-03 01:00:00+00:00': 9647.272739608814, '2025-05-03 12:00:00+00:00': 9639.839590089125, '2025-05-03 13:00:00+00:00': 9627.59278722869, '2025-05-03 14:00:00+00:00': 9614.42737498601, '2025-05-03 21:00:00+00:00': 9497.510985632825, '2025-05-04 01:00:00+00:00': 9445.76051063507, '2025-05-04 02:00:00+00:00': 9436.965450563801, '2025-05-04 08:00:00+00:00': 9355.99583764245, '2025-05-04 09:00:00+00:00': 9350.870950366094, '2025-05-04 15:00:00+00:00': 9271.472177372907, '2025-05-04 16:00:00+00:00': 9250.026608488743, '2025-05-04 21:00:00+00:00': 9146.628369679416, '2025-05-05 00:00:00+00:00': 9159.488130292764, '2025-05-05 04:00:00+00:00': 9162.707224462923, '2025-05-05 07:00:00+00:00': 9139.7120481522, '2025-05-05 08:00:00+00:00': 9123.02736499307, '2025-05-05 09:00:00+00:00': 9112.176413710762, '2025-05-05 10:00:00+00:00': 9095.863333885036, '2025-05-05 14:00:00+00:00': 9051.596677319165, '2025-05-05 15:00:00+00:00': 9034.632908549696, '2025-05-05 16:00:00+00:00': 9023.345450861327, '2025-05-05 17:00:00+00:00': 9058.273404941465, '2025-05-05 18:00:00+00:00': 9061.310714813902, '2025-05-05 22:00:00+00:00': 9083.812602032162, '2025-05-05 23:00:00+00:00': 9077.717460198683, '2025-05-06 00:00:00+00:00': 9065.754214517745, '2025-05-06 01:00:00+00:00': 9035.218665049846, '2025-05-06 02:00:00+00:00': 9021.53551445553, '2025-05-06 06:00:00+00:00': 8974.142111024936, '2025-05-06 07:00:00+00:00': 8966.154884927932, '2025-05-06 08:00:00+00:00': 8952.649285633901, '2025-05-06 09:00:00+00:00': 8938.607978577069, '2025-05-06 14:00:00+00:00': 8908.292885862893, '2025-05-06 15:00:00+00:00': 8958.622275227173, '2025-05-06 16:00:00+00:00': 8959.100354546934, '2025-05-06 17:00:00+00:00': 8956.90577640057, '2025-05-06 18:00:00+00:00': 8952.831553344888, '2025-05-06 21:00:00+00:00': 8945.988235775954, '2025-05-06 22:00:00+00:00': 8938.635611726739, '2025-05-06 23:00:00+00:00': 8941.760728656533, '2025-05-07 00:00:00+00:00': 8956.209307176281, '2025-05-07 01:00:00+00:00': 8953.181314184283, '2025-05-07 04:00:00+00:00': 8935.119451769577, '2025-05-07 05:00:00+00:00': 8918.365749595083, '2025-05-07 06:00:00+00:00': 8897.218003806789, '2025-05-07 07:00:00+00:00': 8883.080533640978, '2025-05-07 08:00:00+00:00': 8880.493118325747, '2025-05-07 11:00:00+00:00': 8831.916027834122, '2025-05-07 12:00:00+00:00': 8809.146588826376, '2025-05-07 13:00:00+00:00': 8799.862287761733, '2025-05-07 14:00:00+00:00': 8790.546971492815, '2025-05-07 15:00:00+00:00': 8787.07585219679, '2025-05-07 18:00:00+00:00': 8748.712605059925, '2025-05-07 19:00:00+00:00': 8736.224819331186, '2025-05-07 20:00:00+00:00': 8743.641267563178, '2025-05-07 21:00:00+00:00': 8760.60983888663, '2025-05-07 22:00:00+00:00': 8760.40535520369, '2025-05-08 01:00:00+00:00': 8735.509933500964, '2025-05-08 02:00:00+00:00': 8723.721794869836, '2025-05-08 03:00:00+00:00': 8742.040731714642, '2025-05-08 04:00:00+00:00': 8733.1375226465, '2025-05-08 05:00:00+00:00': 8726.019316195969, '2025-05-08 08:00:00+00:00': 8685.684375740879, '2025-05-08 11:00:00+00:00': 8650.350481370739, '2025-05-08 12:00:00+00:00': 8639.826221372407, '2025-05-08 15:00:00+00:00': 8602.271583718895, '2025-05-08 19:00:00+00:00': 8596.653386170203, '2025-05-08 20:00:00+00:00': 8585.01695451137, '2025-05-08 21:00:00+00:00': 8587.695287215469, '2025-05-08 22:00:00+00:00': 8585.447288360894, '2025-05-08 23:00:00+00:00': 8578.692485407484, '2025-05-09 00:00:00+00:00': 8571.88821258708, '2025-05-09 02:00:00+00:00': 8561.566566823623, '2025-05-09 03:00:00+00:00': 8603.143949139445, '2025-05-09 04:00:00+00:00': 8591.946156540875, '2025-05-09 05:00:00+00:00': 8584.73658716066, '2025-05-09 06:00:00+00:00': 8573.497583350936, '2025-05-09 07:00:00+00:00': 8573.497583350936, '2025-05-09 08:00:00+00:00': 8571.839238733703, '2025-05-09 09:00:00+00:00': 8752.663313892423, '2025-05-09 11:00:00+00:00': 8746.27238011201, '2025-05-09 14:00:00+00:00': 8745.609370899987, '2025-05-09 18:00:00+00:00': 8738.167199833395, '2025-05-10 01:00:00+00:00': 8730.514224379998, '2025-05-10 03:00:00+00:00': 8715.96058233658, '2025-05-10 06:00:00+00:00': 8689.79239220296, '2025-05-10 07:00:00+00:00': 8685.019129220886, '2025-05-10 08:00:00+00:00': 8683.098262356682, '2025-05-10 10:00:00+00:00': 8675.113345405944, '2025-05-10 13:00:00+00:00': 8666.000080098966, '2025-05-10 17:00:00+00:00': 8645.037760322612, '2025-05-10 22:00:00+00:00': 8639.606168911017, '2025-05-11 00:00:00+00:00': 8657.284135012713, '2025-05-11 01:00:00+00:00': 8645.891627989009, '2025-05-11 04:00:00+00:00': 8643.085654404395, '2025-05-11 09:00:00+00:00': 8638.340843952195, '2025-05-11 10:00:00+00:00': 8634.314137870026, '2025-05-11 11:00:00+00:00': 8626.847929849735, '2025-05-11 19:00:00+00:00': 8611.496552603821, '2025-05-12 00:00:00+00:00': 8605.116713735788, '2025-05-12 01:00:00+00:00': 8599.973118756363, '2025-05-12 07:00:00+00:00': 8595.005741886995, '2025-05-12 08:00:00+00:00': 8591.733311266376, '2025-05-12 12:00:00+00:00': 8583.301819418622, '2025-05-12 14:00:00+00:00': 8568.797935083616, '2025-05-12 15:00:00+00:00': 8610.366327902182, '2025-05-12 16:00:00+00:00': 8610.053723293988, '2025-05-12 19:00:00+00:00': 8622.739900999044, '2025-05-12 20:00:00+00:00': 8604.84965344461, '2025-05-12 21:00:00+00:00': 8619.785202240635, '2025-05-12 23:00:00+00:00': 8616.997000376872, '2025-05-13 01:00:00+00:00': 8613.54838546501, '2025-05-13 03:00:00+00:00': 8609.977488326336, '2025-05-13 05:00:00+00:00': 8617.216150829294, '2025-05-13 08:00:00+00:00': 8620.182668368923, '2025-05-13 10:00:00+00:00': 8626.192884068234, '2025-05-13 12:00:00+00:00': 8626.080633164382, '2025-05-13 16:00:00+00:00': 8631.0161007917, '2025-05-13 18:00:00+00:00': 8634.380314567687, '2025-05-13 19:00:00+00:00': 8622.14341736264, '2025-05-13 20:00:00+00:00': 8632.189251164187, '2025-05-13 21:00:00+00:00': 8614.278110966268, '2025-05-13 22:00:00+00:00': 8598.435106875815, '2025-05-13 23:00:00+00:00': 8578.545626188408, '2025-05-14 00:00:00+00:00': 8571.082018262197, '2025-05-14 02:00:00+00:00': 8561.08885151779, '2025-05-14 05:00:00+00:00': 8544.194342148934, '2025-05-14 06:00:00+00:00': 8536.68810740659, '2025-05-14 11:00:00+00:00': 8541.980640929316, '2025-05-14 12:00:00+00:00': 8537.619820960503, '2025-05-14 19:00:00+00:00': 8529.8332976777, '2025-05-14 21:00:00+00:00': 8523.907142354672, '2025-05-14 22:00:00+00:00': 8514.019055405246, '2025-05-15 00:00:00+00:00': 8502.648306565367, '2025-05-15 12:00:00+00:00': 8487.238424195357, '2025-05-15 13:00:00+00:00': 8488.444107936366, '2025-05-15 16:00:00+00:00': 8534.859954038126, '2025-05-15 17:00:00+00:00': 8548.253041596041, '2025-05-15 18:00:00+00:00': 8544.63183308441, '2025-05-15 19:00:00+00:00': 8585.74552110863, '2025-05-15 20:00:00+00:00': 8587.26854993896, '2025-05-15 21:00:00+00:00': 8579.888739450633, '2025-05-15 23:00:00+00:00': 8577.299664442371, '2025-05-16 00:00:00+00:00': 8568.583416924917, '2025-05-16 01:00:00+00:00': 8562.019715248163, '2025-05-16 02:00:00+00:00': 8555.560077031667, '2025-05-16 05:00:00+00:00': 8539.44766018629, '2025-05-16 07:00:00+00:00': 8532.169374470655, '2025-05-16 10:00:00+00:00': 8529.783558578023, '2025-05-16 11:00:00+00:00': 8523.33956807889, '2025-05-16 14:00:00+00:00': 8529.213434897327, '2025-05-16 16:00:00+00:00': 8528.989520034702, '2025-05-16 17:00:00+00:00': 8518.826545352587, '2025-05-16 20:00:00+00:00': 8500.083164640051, '2025-05-16 22:00:00+00:00': 8501.452657850174, '2025-05-17 00:00:00+00:00': 8489.968101974438, '2025-05-17 01:00:00+00:00': 8467.219792879509, '2025-05-17 03:00:00+00:00': 8456.80997303352, '2025-05-17 04:00:00+00:00': 8462.170248195158, '2025-05-17 05:00:00+00:00': 8463.8169764372, '2025-05-17 07:00:00+00:00': 8438.987361784779, '2025-05-17 08:00:00+00:00': 8433.68578719421, '2025-05-17 09:00:00+00:00': 8417.06725615735, '2025-05-17 12:00:00+00:00': 8387.656170410582, '2025-05-17 13:00:00+00:00': 8372.703421906692, '2025-05-17 16:00:00+00:00': 8349.478312269435, '2025-05-17 17:00:00+00:00': 8337.370673422494, '2025-05-17 18:00:00+00:00': 8344.809921384192, '2025-05-17 19:00:00+00:00': 8333.980402513422, '2025-05-17 20:00:00+00:00': 8323.423480091287, '2025-05-17 21:00:00+00:00': 8322.475372956349, '2025-05-17 22:00:00+00:00': 8312.473410103072, '2025-05-18 00:00:00+00:00': 8316.88020709741, '2025-05-18 01:00:00+00:00': 8310.768338050111, '2025-05-18 03:00:00+00:00': 8301.315654688447, '2025-05-18 05:00:00+00:00': 8289.22452692673, '2025-05-18 06:00:00+00:00': 8291.008491283574, '2025-05-18 07:00:00+00:00': 8269.894170066083, '2025-05-18 08:00:00+00:00': 8280.063432786494, '2025-05-18 09:00:00+00:00': 8272.190614686102, '2025-05-18 10:00:00+00:00': 8265.22866694766, '2025-05-18 11:00:00+00:00': 8267.413331974874, '2025-05-18 12:00:00+00:00': 8267.999984228214, '2025-05-18 13:00:00+00:00': 8244.01086538125, '2025-05-18 14:00:00+00:00': 8258.483279684116, '2025-05-18 15:00:00+00:00': 8284.73583923345, '2025-05-18 16:00:00+00:00': 8272.983231368216, '2025-05-18 17:00:00+00:00': 8278.321655066857, '2025-05-18 18:00:00+00:00': 8289.776514821204, '2025-05-18 19:00:00+00:00': 8255.674777969758, '2025-05-18 20:00:00+00:00': 8268.71301929829, '2025-05-18 21:00:00+00:00': 8264.538786350073, '2025-05-18 22:00:00+00:00': 8263.434697226825, '2025-05-18 23:00:00+00:00': 8375.120090485252, '2025-05-19 00:00:00+00:00': 8386.008033761094, '2025-05-19 01:00:00+00:00': 8439.579857822413, '2025-05-19 02:00:00+00:00': 8416.562798737063, '2025-05-19 04:00:00+00:00': 8442.725459044565, '2025-05-19 08:00:00+00:00': 8478.436701693194, '2025-05-19 12:00:00+00:00': 8466.310022487782, '2025-05-19 14:00:00+00:00': 8499.679660722564, '2025-05-19 15:00:00+00:00': 8488.77826282223, '2025-05-19 16:00:00+00:00': 8506.668770864704, '2025-05-19 17:00:00+00:00': 8506.039798537431, '2025-05-19 18:00:00+00:00': 8496.256391546947, '2025-05-19 20:00:00+00:00': 8509.478593651962, '2025-05-19 21:00:00+00:00': 8506.610280478573, '2025-05-19 22:00:00+00:00': 8496.73760682198, '2025-05-19 23:00:00+00:00': 8491.233018089808, '2025-05-20 00:00:00+00:00': 8484.604350927006, '2025-05-20 01:00:00+00:00': 8474.934989519841, '2025-05-20 05:00:00+00:00': 8529.505532399, '2025-05-20 06:00:00+00:00': 8506.251385013013, '2025-05-20 07:00:00+00:00': 8525.907739842472, '2025-05-20 08:00:00+00:00': 8530.366399878541, '2025-05-20 09:00:00+00:00': 8515.454174978353, '2025-05-20 10:00:00+00:00': 8503.187156927372, '2025-05-20 11:00:00+00:00': 8489.237119052481, '2025-05-20 12:00:00+00:00': 8480.537119478318, '2025-05-20 13:00:00+00:00': 8484.092040792013, '2025-05-20 14:00:00+00:00': 8483.667674393226, '2025-05-20 16:00:00+00:00': 8488.761885818314, '2025-05-20 18:00:00+00:00': 8536.749677803591, '2025-05-20 19:00:00+00:00': 8586.543388113945, '2025-05-20 20:00:00+00:00': 8702.514261900353, '2025-05-20 21:00:00+00:00': 8679.561868264427, '2025-05-20 22:00:00+00:00': 8666.104842214198, '2025-05-20 23:00:00+00:00': 8656.812541800877, '2025-05-21 00:00:00+00:00': 8638.819971028348, '2025-05-21 01:00:00+00:00': 8621.816433125303, '2025-05-21 04:00:00+00:00': 8571.36986056617, '2025-05-21 05:00:00+00:00': 8599.107955804266, '2025-05-21 06:00:00+00:00': 8584.581132138494, '2025-05-21 07:00:00+00:00': 8569.937047940084, '2025-05-21 08:00:00+00:00': 8644.12317948382, '2025-05-21 09:00:00+00:00': 8614.99990467541, '2025-05-21 10:00:00+00:00': 8602.378751504028, '2025-05-21 11:00:00+00:00': 8590.374982589958, '2025-05-21 12:00:00+00:00': 8578.850251920736, '2025-05-21 13:00:00+00:00': 8569.577902201037, '2025-05-21 16:00:00+00:00': 8648.735431607258, '2025-05-21 17:00:00+00:00': 8647.811495952945, '2025-05-21 18:00:00+00:00': 9726.382924524374, '2025-05-21 19:00:00+00:00': 9729.671775351922, '2025-05-21 20:00:00+00:00': 9809.742697337739, '2025-05-21 21:00:00+00:00': 9914.711468699155, '2025-05-21 23:00:00+00:00': 9906.632953136948, '2025-05-22 00:00:00+00:00': 9960.829835489889, '2025-05-22 01:00:00+00:00': 9968.074316761618, '2025-05-22 03:00:00+00:00': 9975.42042648695, '2025-05-22 04:00:00+00:00': 10052.721311442701, '2025-05-22 06:00:00+00:00': 10076.647473326118, '2025-05-22 09:00:00+00:00': 10114.957332481048, '2025-05-22 12:00:00+00:00': 10168.293142205279, '2025-05-22 13:00:00+00:00': 10168.807033277493, '2025-05-22 14:00:00+00:00': 10192.073310969845, '2025-05-22 18:00:00+00:00': 10189.107400339399, '2025-05-22 19:00:00+00:00': 10181.260665764778, '2025-05-22 21:00:00+00:00': 10208.777086004005, '2025-05-23 00:00:00+00:00': 10204.5092048074, '2025-05-23 05:00:00+00:00': 10170.930438795283, '2025-05-23 06:00:00+00:00': 10156.55400132098, '2025-05-23 07:00:00+00:00': 10167.777682952345, '2025-05-23 11:00:00+00:00': 10187.210291239086, '2025-05-23 12:00:00+00:00': 10322.551200329995, '2025-05-23 13:00:00+00:00': 10324.428343407311, '2025-05-23 14:00:00+00:00': 10445.171586650555, '2025-05-23 16:00:00+00:00': 10485.80265461172, '2025-05-23 17:00:00+00:00': 10466.220446394198, '2025-05-23 19:00:00+00:00': 10486.829142046372, '2025-05-23 20:00:00+00:00': 10474.63656424685, '2025-05-23 21:00:00+00:00': 10460.577138570206, '2025-05-23 23:00:00+00:00': 10438.553521676433, '2025-05-24 00:00:00+00:00': 10433.393492396082, '2025-05-24 04:00:00+00:00': 10444.904355818579, '2025-05-24 06:00:00+00:00': 10430.29020108758, '2025-05-24 07:00:00+00:00': 10426.456651009352, '2025-05-24 08:00:00+00:00': 10416.179797316085, '2025-05-24 11:00:00+00:00': 10445.369083814101, '2025-05-24 13:00:00+00:00': 10445.734414294742, '2025-05-24 23:00:00+00:00': 10447.622871649444, '2025-05-25 13:00:00+00:00': 10438.08428226912, '2025-05-25 14:00:00+00:00': 10437.697120689973, '2025-05-25 17:00:00+00:00': 10426.739556301629, '2025-05-25 18:00:00+00:00': 10415.597711717543, '2025-05-25 19:00:00+00:00': 10420.400254518545, '2025-05-25 23:00:00+00:00': 10647.747193294055, '2025-05-26 01:00:00+00:00': 10658.608865264008, '2025-05-26 09:00:00+00:00': 10661.261669768272, '2025-05-26 16:00:00+00:00': 10685.93331091818, '2025-05-26 21:00:00+00:00': 10701.076198743578, '2025-05-27 02:00:00+00:00': 10724.1783885246, '2025-05-27 04:00:00+00:00': 10769.729036091238, '2025-05-27 08:00:00+00:00': 10815.973939546351, '2025-05-27 11:00:00+00:00': 10802.40446415918, '2025-05-27 12:00:00+00:00': 10791.052424560929, '2025-05-27 15:00:00+00:00': 10787.085050199721, '2025-05-27 18:00:00+00:00': 10774.386849041297, '2025-05-27 19:00:00+00:00': 10778.47677181033, '2025-05-27 20:00:00+00:00': 10766.394881793634, '2025-05-27 21:00:00+00:00': 10749.17182063211, '2025-05-27 22:00:00+00:00': 10756.74224316732, '2025-05-28 00:00:00+00:00': 10736.372760660335, '2025-05-28 02:00:00+00:00': 10719.22044277954, '2025-05-28 03:00:00+00:00': 10704.865604069862, '2025-05-28 05:00:00+00:00': 10687.198258272303, '2025-05-28 06:00:00+00:00': 10657.198258272303, '2025-05-28 09:00:00+00:00': 10574.020063237076, '2025-05-28 10:00:00+00:00': 10555.995371879051, '2025-05-28 11:00:00+00:00': 10534.760432120014, '2025-05-28 12:00:00+00:00': 10502.047186660751, '2025-05-28 13:00:00+00:00': 10472.047186660751, '2025-05-28 16:00:00+00:00': 10436.633600458874, '2025-05-28 17:00:00+00:00': 10420.640286394875, '2025-05-28 20:00:00+00:00': 10409.073064096548, '2025-05-28 22:00:00+00:00': 10390.21300412459, '2025-05-28 23:00:00+00:00': 10370.95732980183, '2025-05-29 03:00:00+00:00': 10308.124219780462, '2025-05-29 04:00:00+00:00': 10290.592747797642, '2025-05-29 05:00:00+00:00': 10274.696369280578, '2025-05-29 10:00:00+00:00': 10255.975509440985, '2025-05-29 11:00:00+00:00': 10235.621568755054, '2025-05-29 14:00:00+00:00': 10188.564197834823, '2025-05-29 16:00:00+00:00': 10175.870641593383, '2025-05-30 23:00:00+00:00': 10194.370641593383, '2025-05-31 00:00:00+00:00': 10164.370641593383, '2025-05-31 01:00:00+00:00': 10134.370641593383, '2025-05-31 02:00:00+00:00': 10148.461550684293, '2025-05-31 03:00:00+00:00': 10156.813266370567, '2025-05-31 04:00:00+00:00': 10107.79365852743, '2025-05-31 05:00:00+00:00': 10383.748203981975, '2025-05-31 06:00:00+00:00': 10748.086454133521, '2025-05-31 07:00:00+00:00': 10670.450090497157, '2025-05-31 08:00:00+00:00': 10631.537047018897, '2025-05-31 09:00:00+00:00': 10602.802770289336, '2025-05-31 10:00:00+00:00': 10542.802770289336, '2025-05-31 11:00:00+00:00': 10426.841231827797, '2025-05-31 12:00:00+00:00': 10289.792736844518, '2025-05-31 13:00:00+00:00': 10154.071392971, '2025-05-31 14:00:00+00:00': 10247.46674180821, '2025-05-31 15:00:00+00:00': 10187.46674180821, '2025-05-31 16:00:00+00:00': 10120.297176590819, '2025-05-31 17:00:00+00:00': 10050.399217407145, '2025-05-31 18:00:00+00:00': 10148.112079725985, '2025-05-31 19:00:00+00:00': 10097.2527521573, '2025-05-31 20:00:00+00:00': 10034.62187505941, '2025-05-31 21:00:00+00:00': 9970.193408330662, '2025-05-31 22:00:00+00:00': 9930.169229399744, '2025-05-31 23:00:00+00:00': 9895.880426423595, '2025-06-01 00:00:00+00:00': 9831.87878626569, '2025-06-01 01:00:00+00:00': 9800.595113706062, '2025-06-01 02:00:00+00:00': 9772.655510995195, '2025-06-01 03:00:00+00:00': 9708.616073396366, '2025-06-01 04:00:00+00:00': 9624.385036824966, '2025-06-01 05:00:00+00:00': 9571.228518792803, '2025-06-01 06:00:00+00:00': 9507.579090430148, '2025-06-01 07:00:00+00:00': 9449.524452095025, '2025-06-01 08:00:00+00:00': 9377.037550393254, '2025-06-01 09:00:00+00:00': 9256.203279481799, '2025-06-01 10:00:00+00:00': 9264.507446148466, '2025-06-01 11:00:00+00:00': 9221.828874719895, '2025-06-01 12:00:00+00:00': 9172.655421427804, '2025-06-01 13:00:00+00:00': 9105.63128349677, '2025-06-01 14:00:00+00:00': 9026.611675653632, '2025-06-01 15:00:00+00:00': 8916.483422328274, '2025-06-01 16:00:00+00:00': 8829.327158943499, '2025-06-01 17:00:00+00:00': 8701.055895366662, '2025-06-01 18:00:00+00:00': 8653.617232033128, '2025-06-01 19:00:00+00:00': 8657.129136795033, '2025-06-01 20:00:00+00:00': 8553.897302167175, '2025-06-01 21:00:00+00:00': 8453.48063550051, '2025-06-01 22:00:00+00:00': 8416.038775035393, '2025-06-01 23:00:00+00:00': 8323.215542712162, '2025-06-02 00:00:00+00:00': 8241.170088166708, '2025-06-02 01:00:00+00:00': 8169.622469119088, '2025-06-02 02:00:00+00:00': 8133.872469119088, '2025-06-02 03:00:00+00:00': 8073.872469119088, '2025-06-02 04:00:00+00:00': 8083.158183404803, '2025-06-02 05:00:00+00:00': 8034.437253172245, '2025-06-02 06:00:00+00:00': 7974.437253172245, '2025-06-02 07:00:00+00:00': 7892.39179862679, '2025-06-02 08:00:00+00:00': 7809.296560531552, '2025-06-02 09:00:00+00:00': 7761.421560531552, '2025-06-02 10:00:00+00:00': 7760.567901994967, '2025-06-02 11:00:00+00:00': 7700.567901994967, '2025-06-02 12:00:00+00:00': 7630.903046922504, '2025-06-02 13:00:00+00:00': 7570.903046922504, '2025-06-02 14:00:00+00:00': 7510.454388273105, '2025-06-02 15:00:00+00:00': 7420.760510722084, '2025-06-02 16:00:00+00:00': 7317.62809965489, '2025-06-02 17:00:00+00:00': 7279.673554200345, '2025-06-02 18:00:00+00:00': 7230.217032461215, '2025-06-02 19:00:00+00:00': 7136.802645429808, '2025-06-02 20:00:00+00:00': 7079.965688908069, '2025-06-02 21:00:00+00:00': 7026.870450812831, '2025-06-02 22:00:00+00:00': 6996.870450812831, '2025-06-02 23:00:00+00:00': 6969.668225668985, '2025-06-03 00:00:00+00:00': 6926.652114271799, '2025-06-03 01:00:00+00:00': 6923.180607267491, '2025-06-03 02:00:00+00:00': 6866.695474039156, '2025-06-03 03:00:00+00:00': 6889.508610145795, '2025-06-03 04:00:00+00:00': 6884.296853580942, '2025-06-03 05:00:00+00:00': 6857.173147056057, '2025-06-03 06:00:00+00:00': 6815.115798006391, '2025-06-03 07:00:00+00:00': 6770.446115258961, '2025-06-03 08:00:00+00:00': 6766.018801726475, '2025-06-03 09:00:00+00:00': 6737.6352280608835, '2025-06-03 10:00:00+00:00': 6688.381457760328, '2025-06-03 11:00:00+00:00': 6659.3378705839605, '2025-06-30 20:00:00+00:00': 6652.208525483259, '2025-06-30 21:00:00+00:00': 6616.5008936035565, '2025-06-30 22:00:00+00:00': 6690.354275980485, '2025-06-30 23:00:00+00:00': 6650.739142482936, '2025-07-01 00:00:00+00:00': 6617.224623957938, '2025-07-01 01:00:00+00:00': 6584.738475507835, '2025-07-01 02:00:00+00:00': 6547.576687739146, '2025-07-01 03:00:00+00:00': 6506.215599568678, '2025-07-01 04:00:00+00:00': 6465.964189627576, '2025-07-01 05:00:00+00:00': 6528.739145207227, '2025-07-01 06:00:00+00:00': 6479.577336426347, '2025-07-01 07:00:00+00:00': 6446.057678891687, '2025-07-01 08:00:00+00:00': 6409.700212716508, '2025-07-01 09:00:00+00:00': 6377.413418543566, '2025-07-01 10:00:00+00:00': 6308