number,value,params_BTC_VS_ETH_WEIGHT,params_CONVERGENCE_THRESHOLD,params_DAILY_LOSS_LIMIT,params_FIXED_TRADE_PCT,params_MAX_CONCURRENT_POSITIONS,params_MAX_DRAWDOWN_LIMIT,params_MAX_HOLD_HOURS,params_MAX_POSITION_PCT,params_MIN_DIV,params_MIN_TIME_BETWEEN_TRADES,params_STOP_LOSS_PCT,params_STRIKE_SELECTION_STRATEGY,params_TAKE_PROFIT_PCT,params_TRAIL_PCT,state,user_attrs_cooldown_trades_pct,user_attrs_equity_curves,user_attrs_total_trades
8,-0.9203148801254762,0.6,0.4,0.1,0.06,3.0,0.15,72.0,0.5,0.02,2.0,0.04,random,0.045,0.3,COMPLETE,8.283132530120483,"[{'2025-05-01 00:00:00+00:00': 10000.0, '2025-05-01 01:00:00+00:00': 9985.294178736503, '2025-05-01 03:00:00+00:00': 9977.246690407432, '2025-05-01 05:00:00+00:00': 9971.324338559343, '2025-05-01 07:00:00+00:00': 9972.106869505153, '2025-05-01 09:00:00+00:00': 9967.047609951003, '2025-05-01 11:00:00+00:00': 9961.704436826165, '2025-05-01 13:00:00+00:00': 9955.781460215794, '2025-05-01 21:00:00+00:00': 9924.098192628579, '2025-05-01 23:00:00+00:00': 9908.982577508483, '2025-05-02 01:00:00+00:00': 9902.496308123511, '2025-05-02 09:00:00+00:00': 9846.650527605196, '2025-05-02 11:00:00+00:00': 9835.969471170725, '2025-05-02 13:00:00+00:00': 9826.543563548703, '2025-05-02 21:00:00+00:00': 9805.357896585463, '2025-05-02 23:00:00+00:00': 9798.73611128275, '2025-05-03 01:00:00+00:00': 9791.16103276273, '2025-05-03 08:00:00+00:00': 9769.032789168978, '2025-05-03 10:00:00+00:00': 9762.306601455486, '2025-05-03 12:00:00+00:00': 9756.289175674396, '2025-05-03 14:00:00+00:00': 9745.616055462917, '2025-05-03 16:00:00+00:00': 9733.474715338123, '2025-05-03 20:00:00+00:00': 9700.426015754174, '2025-05-03 22:00:00+00:00': 9686.701393696136, '2025-05-04 00:00:00+00:00': 9685.914633931388, '2025-05-04 02:00:00+00:00': 9678.699697583621, '2025-05-04 04:00:00+00:00': 9668.614907673034, '2025-05-04 08:00:00+00:00': 9652.13553076778, '2025-05-04 12:00:00+00:00': 9645.804565567254, '2025-05-04 16:00:00+00:00': 9608.678509043353, '2025-05-04 20:00:00+00:00': 9574.159713454786, '2025-05-05 00:00:00+00:00': 9576.671489928685, '2025-05-05 04:00:00+00:00': 9572.025360452239, '2025-05-05 06:00:00+00:00': 9564.60229354285, '2025-05-05 08:00:00+00:00': 9550.634032138543, '2025-05-05 12:00:00+00:00': 9517.724796215782, '2025-05-05 16:00:00+00:00': 9496.183436064663, '2025-05-05 18:00:00+00:00': 9498.730751687537, '2025-05-05 20:00:00+00:00': 9481.996729993925, '2025-05-06 00:00:00+00:00': 9503.321751837666, '2025-05-06 04:00:00+00:00': 9488.775143643868, '2025-05-06 06:00:00+00:00': 9477.281065820085, '2025-05-06 08:00:00+00:00': 9465.860664355727, '2025-05-06 12:00:00+00:00': 9437.80586758644, '2025-05-06 16:00:00+00:00': 9438.282472696132, '2025-05-06 18:00:00+00:00': 9434.847923398305, '2025-05-06 20:00:00+00:00': 9425.28222409338, '2025-05-07 00:00:00+00:00': 9438.616973561871, '2025-05-07 04:00:00+00:00': 9424.573713839292, '2025-05-07 06:00:00+00:00': 9417.784965126159, '2025-05-07 08:00:00+00:00': 9415.59043623839, '2025-05-07 16:00:00+00:00': 9354.28809994404, '2025-05-07 18:00:00+00:00': 9370.573844781418, '2025-05-07 20:00:00+00:00': 9373.784293361827, '2025-05-08 00:00:00+00:00': 9367.292826138219, '2025-05-08 04:00:00+00:00': 9349.556515961634, '2025-05-08 06:00:00+00:00': 9335.177881667245, '2025-05-08 12:00:00+00:00': 9289.48275126876, '2025-05-08 16:00:00+00:00': 9285.951059518733, '2025-05-08 18:00:00+00:00': 9283.570949147996, '2025-05-08 20:00:00+00:00': 9277.598003597228, '2025-05-09 00:00:00+00:00': 9265.125827414711, '2025-05-09 06:00:00+00:00': 9240.57070520379, '2025-05-09 08:00:00+00:00': 9239.140805628718, '2025-05-09 14:00:00+00:00': 9231.75622743391, '2025-05-09 20:00:00+00:00': 9211.88798831229, '2025-05-09 22:00:00+00:00': 9193.19194394687, '2025-05-10 02:00:00+00:00': 9188.240352471432, '2025-05-10 04:00:00+00:00': 9183.110739873118, '2025-05-10 08:00:00+00:00': 9180.80495966726, '2025-05-10 10:00:00+00:00': 9174.050876004596, '2025-05-10 12:00:00+00:00': 9165.695250848165, '2025-05-10 14:00:00+00:00': 9158.557502060185, '2025-05-10 17:00:00+00:00': 9151.992248591137, '2025-05-10 21:00:00+00:00': 9132.408513788132, '2025-05-10 23:00:00+00:00': 9123.562769522572, '2025-05-11 01:00:00+00:00': 9119.581937742416, '2025-05-11 03:00:00+00:00': 9113.387067906318, '2025-05-11 05:00:00+00:00': 9110.074253132889, '2025-05-11 09:00:00+00:00': 9093.817016446628, '2025-05-11 11:00:00+00:00': 9088.295448769668, '2025-05-11 13:00:00+00:00': 9084.383678696395, '2025-05-11 15:00:00+00:00': 9074.729552564497, '2025-05-11 18:00:00+00:00': 9066.823302385843, '2025-05-12 00:00:00+00:00': 9056.64628853725, '2025-05-12 02:00:00+00:00': 9063.34456455926, '2025-05-12 04:00:00+00:00': 9059.244453392092, '2025-05-12 07:00:00+00:00': 9055.058330414235, '2025-05-12 09:00:00+00:00': 9050.236479663792, '2025-05-12 11:00:00+00:00': 9037.772802915273, '2025-05-12 13:00:00+00:00': 9033.415769463983, '2025-05-12 17:00:00+00:00': 9066.148990689167, '2025-05-12 19:00:00+00:00': 9076.835546744933, '2025-05-12 21:00:00+00:00': 9089.439371395618, '2025-05-13 01:00:00+00:00': 9086.545071284474, '2025-05-13 03:00:00+00:00': 9083.531482334281, '2025-05-13 05:00:00+00:00': 9089.640917005836, '2025-05-13 07:00:00+00:00': 9082.286379559879, '2025-05-13 09:00:00+00:00': 9078.362423551838, '2025-05-13 11:00:00+00:00': 9071.294371047325, '2025-05-13 13:00:00+00:00': 9064.403179821762, '2025-05-13 16:00:00+00:00': 9068.552185179582, '2025-05-13 18:00:00+00:00': 9071.379991114212, '2025-05-13 20:00:00+00:00': 9066.816363674732, '2025-05-13 22:00:00+00:00': 9055.280126656266, '2025-05-14 00:00:00+00:00': 9046.622207500992, '2025-05-14 02:00:00+00:00': 9038.184121947677, '2025-05-14 04:00:00+00:00': 9030.54438061385, '2025-05-14 08:00:00+00:00': 9019.004420197058, '2025-05-14 11:00:00+00:00': 9016.645662096296, '2025-05-14 13:00:00+00:00': 9011.222905066972, '2025-05-14 15:00:00+00:00': 9016.512050878962, '2025-05-14 17:00:00+00:00': 9007.002947133587, '2025-05-14 19:00:00+00:00': 9000.43125716595, '2025-05-14 21:00:00+00:00': 8995.428772194178, '2025-05-14 23:00:00+00:00': 8987.772508514616, '2025-05-15 01:00:00+00:00': 8983.59889703232, '2025-05-15 04:00:00+00:00': 8985.344104693486, '2025-05-15 06:00:00+00:00': 8986.440999629112, '2025-05-15 09:00:00+00:00': 8990.010288853899, '2025-05-15 11:00:00+00:00': 8990.786665412525, '2025-05-15 13:00:00+00:00': 8991.808439022228, '2025-05-15 16:00:00+00:00': 9031.143081873153, '2025-05-15 18:00:00+00:00': 9028.08246567111, '2025-05-15 20:00:00+00:00': 9029.363661797319, '2025-05-15 22:00:00+00:00': 9021.684766513381, '2025-05-16 00:00:00+00:00': 9014.350501369272, '2025-05-16 02:00:00+00:00': 9008.909781078302, '2025-05-16 04:00:00+00:00': 8990.803814161243, '2025-05-16 06:00:00+00:00': 8982.513478518771, '2025-05-16 10:00:00+00:00': 8980.504083489464, '2025-05-16 13:00:00+00:00': 8977.333528426778, '2025-05-16 15:00:00+00:00': 8959.143654181742, '2025-05-16 17:00:00+00:00': 8950.603223931053, '2025-05-16 20:00:00+00:00': 8934.848512838877, '2025-05-17 00:00:00+00:00': 8926.342878726782, '2025-05-17 02:00:00+00:00': 8913.345152616124, '2025-05-17 04:00:00+00:00': 8917.864869415345, '2025-05-17 06:00:00+00:00': 8905.848953495535, '2025-05-17 08:00:00+00:00': 8899.709882476973, '2025-05-17 11:00:00+00:00': 8893.860136506855, '2025-05-17 13:00:00+00:00': 8887.71639273767, '2025-05-17 15:00:00+00:00': 8887.871765666161, '2025-05-17 17:00:00+00:00': 8877.750431796627, '2025-05-17 19:00:00+00:00': 8868.533515726698, '2025-05-17 21:00:00+00:00': 8867.725355966686, '2025-05-17 23:00:00+00:00': 8853.978897008536, '2025-05-18 01:00:00+00:00': 8848.773641362806, '2025-05-18 05:00:00+00:00': 8836.12587027415, '2025-05-18 07:00:00+00:00': 8818.123833475922, '2025-05-18 09:00:00+00:00': 8811.416301777284, '2025-05-18 11:00:00+00:00': 8813.279528440251, '2025-05-18 13:00:00+00:00': 8806.741371137463, '2025-05-18 15:00:00+00:00': 8829.137687211638, '2025-05-18 17:00:00+00:00': 8833.695528227368, '2025-05-18 19:00:00+00:00': 8827.523711500753, '2025-05-18 21:00:00+00:00': 8832.752858946636, '2025-05-18 23:00:00+00:00': 8944.438252205064, '2025-05-19 01:00:00+00:00': 8947.216356423003, '2025-05-19 03:00:00+00:00': 8932.556384444426, '2025-05-19 05:00:00+00:00': 8962.819968205938, '2025-05-19 07:00:00+00:00': 8982.502799738813, '2025-05-19 09:00:00+00:00': 8976.350321929713, '2025-05-19 12:00:00+00:00': 8966.079247238058, '2025-05-19 14:00:00+00:00': 8994.350814905201, '2025-05-19 16:00:00+00:00': 9009.515636094666, '2025-05-19 18:00:00+00:00': 9001.225643539474, '2025-05-19 20:00:00+00:00': 9012.432087334662, '2025-05-19 22:00:00+00:00': 9004.064307651171, '2025-05-20 00:00:00+00:00': 8998.3786598068, '2025-05-20 02:00:00+00:00': 9031.69724040878, '2025-05-20 04:00:00+00:00': 9019.229430331385, '2025-05-20 06:00:00+00:00': 8999.557997826014, '2025-05-20 08:00:00+00:00': 9003.323083802694, '2025-05-20 10:00:00+00:00': 8992.94722602521, '2025-05-20 12:00:00+00:00': 8985.574253783801, '2025-05-20 14:00:00+00:00': 8985.214693725397, '2025-05-20 16:00:00+00:00': 8989.530995127707, '2025-05-20 18:00:00+00:00': 9030.185945683932, '2025-05-20 20:00:00+00:00': 9146.15681947034, '2025-05-20 22:00:00+00:00': 9134.812461545627, '2025-05-21 00:00:00+00:00': 9119.62361378768, '2025-05-21 02:00:00+00:00': 9109.77080112266, '2025-05-21 04:00:00+00:00': 9095.818430244099, '2025-05-21 06:00:00+00:00': 9083.525680706714, '2025-05-21 10:00:00+00:00': 9135.711543599358, '2025-05-21 12:00:00+00:00': 9125.906466151628, '2025-05-21 14:00:00+00:00': 9136.442251853854, '2025-05-21 16:00:00+00:00': 9122.551043047637, '2025-05-21 18:00:00+00:00': 10201.122471619066, '2025-05-21 20:00:00+00:00': 10281.193393604883, '2025-05-21 23:00:00+00:00': 10274.491693321177, '2025-05-22 01:00:00+00:00': 10280.46977859143, '2025-05-22 03:00:00+00:00': 10286.530845683958, '2025-05-22 06:00:00+00:00': 10306.11696129247, '2025-05-22 09:00:00+00:00': 10339.828725646994, '2025-05-22 12:00:00+00:00': 10383.44596450346, '2025-05-22 14:00:00+00:00': 10402.451862554082, '2025-05-22 16:00:00+00:00': 10400.319630560347, '2025-05-22 18:00:00+00:00': 10397.898422030057, '2025-05-22 20:00:00+00:00': 10364.921920948453, '2025-05-23 00:00:00+00:00': 10361.45539366527, '2025-05-23 02:00:00+00:00': 10345.522901010405, '2025-05-23 06:00:00+00:00': 10328.657363586777, '2025-05-23 10:00:00+00:00': 10332.078965372624, '2025-05-23 12:00:00+00:00': 10467.419874463534, '2025-05-23 14:00:00+00:00': 10565.64765955941, '2025-05-23 16:00:00+00:00': 10606.278727520576, '2025-05-23 19:00:00+00:00': 10626.224132297244, '2025-05-23 21:00:00+00:00': 10614.813818822782, '2025-05-23 23:00:00+00:00': 10596.935142352246, '2025-05-24 04:00:00+00:00': 10606.288177734996, '2025-05-24 06:00:00+00:00': 10594.416211748854, '2025-05-24 08:00:00+00:00': 10586.062289106252, '2025-05-24 11:00:00+00:00': 10609.794568007366, '2025-05-24 13:00:00+00:00': 10610.091433063482, '2025-05-24 15:00:00+00:00': 10613.944566489567, '2025-05-24 23:00:00+00:00': 10615.479660596617, '2025-05-25 10:00:00+00:00': 10610.692922155089, '2025-05-25 12:00:00+00:00': 10605.23440207534, '2025-05-25 14:00:00+00:00': 10604.919712966705, '2025-05-25 17:00:00+00:00': 10596.013220337582, '2025-05-25 19:00:00+00:00': 10599.92180501369, '2025-05-25 23:00:00+00:00': 10827.2687437892, '2025-05-26 01:00:00+00:00': 10836.104584031511, '2025-05-26 09:00:00+00:00': 10838.262168940579, '2025-05-26 16:00:00+00:00': 10858.327164863453, '2025-05-26 21:00:00+00:00': 10870.636912674512, '2025-05-27 02:00:00+00:00': 10889.716603646888, '2025-05-27 04:00:00+00:00': 10926.719616848835, '2025-05-27 08:00:00+00:00': 10964.254830005557, '2025-05-27 11:00:00+00:00': 10953.250425824408, '2025-05-27 14:00:00+00:00': 10961.71091447478, '2025-05-27 18:00:00+00:00': 10951.387902496308, '2025-05-27 20:00:00+00:00': 10941.567333822693, '2025-05-27 22:00:00+00:00': 10949.137756357904, '2025-05-28 00:00:00+00:00': 10932.55070686259, '2025-05-28 02:00:00+00:00': 10915.398388981796, '2025-05-28 05:00:00+00:00': 10900.986541136983, '2025-05-28 07:00:00+00:00': 10886.142791136983, '2025-05-28 09:00:00+00:00': 10854.684042400522, '2025-05-28 13:00:00+00:00': 10804.004163806672, '2025-05-28 15:00:00+00:00': 10795.08291960133, '2025-05-28 17:00:00+00:00': 10781.848832205753, '2025-05-28 20:00:00+00:00': 10772.274292538212, '2025-05-28 22:00:00+00:00': 10756.659781010385, '2025-05-29 03:00:00+00:00': 10723.103971507477, '2025-05-29 05:00:00+00:00': 10709.852371815485, '2025-05-29 10:00:00+00:00': 10694.24138825358, '2025-05-29 12:00:00+00:00': 10676.141849685477, '2025-05-29 14:00:00+00:00': 10664.752701303509, '2025-05-30 23:00:00+00:00': 10672.62324375982, '2025-05-31 01:00:00+00:00': 10642.62324375982, '2025-05-31 03:00:00+00:00': 10650.974959446094, '2025-05-31 05:00:00+00:00': 10956.92950490064, '2025-05-31 06:00:00+00:00': 10986.92950490064, '2025-05-31 07:00:00+00:00': 10879.293141264276, '2025-05-31 09:00:00+00:00': 10850.076459872182, '2025-05-31 11:00:00+00:00': 10745.234652601543, '2025-05-31 13:00:00+00:00': 10611.296400897274, '2025-05-31 15:00:00+00:00': 10552.86816076392, '2025-05-31 17:00:00+00:00': 10486.093646037227, '2025-05-31 19:00:00+00:00': 10439.906781991618, '2025-05-31 21:00:00+00:00': 10383.095723352342, '2025-05-31 23:00:00+00:00': 10354.105120179458, '2025-06-01 01:00:00+00:00': 10325.21329742475, '2025-06-01 03:00:00+00:00': 10268.586075594432, '2025-06-01 05:00:00+00:00': 10220.397578255717, '2025-06-01 07:00:00+00:00': 10170.446030443853, '2025-06-01 09:00:00+00:00': 10066.482486764158, '2025-06-01 11:00:00+00:00': 10025.850376992377, '2025-06-01 13:00:00+00:00': 9966.484479599996, '2025-06-01 15:00:00+00:00': 9868.661776667232, '2025-06-01 17:00:00+00:00': 9749.464396420693, '2025-06-01 19:00:00+00:00': 9751.64971632581, '2025-06-01 21:00:00+00:00': 9662.304695296314, '2025-06-01 23:00:00+00:00': 9575.453924120766, '2025-06-02 01:00:00+00:00': 9507.571490743932, '2025-06-02 03:00:00+00:00': 9447.571490743932, '2025-06-02 05:00:00+00:00': 9399.424335509182, '2025-06-02 07:00:00+00:00': 9318.48341248052, '2025-06-02 09:00:00+00:00': 9270.60841248052, '2025-06-02 11:00:00+00:00': 9210.60841248052, '2025-06-02 13:00:00+00:00': 9150.60841248052, '2025-06-02 15:00:00+00:00': 9062.90348630391, '2025-06-02 17:00:00+00:00': 9027.850947576773, '2025-06-02 19:00:00+00:00': 8939.316105551481, '2025-06-02 21:00:00+00:00': 8849.338831014822, '2025-06-02 23:00:00+00:00': 8739.997651646892, '2025-06-03 01:00:00+00:00': 8680.836944439166, '2025-06-03 03:00:00+00:00': 8711.885222971252, '2025-06-03 05:00:00+00:00': 8683.598270656365, '2025-06-03 07:00:00+00:00': 8602.813389687275, '2025-06-03 09:00:00+00:00': 8572.658238746764, '2025-06-03 11:00:00+00:00': 8505.088915832355, '2025-06-03 13:00:00+00:00': 8451.009212481833, '2025-06-03 15:00:00+00:00': 8264.103748202942, '2025-06-03 17:00:00+00:00': 8264.370446812454, '2025-06-03 19:00:00+00:00': 8241.719997982198, '2025-06-03 21:00:00+00:00': 8218.827148932984, '2025-06-03 23:00:00+00:00': 8167.936635518912, '2025-06-04 01:00:00+00:00': 8170.042725692854, '2025-06-04 03:00:00+00:00': 8172.048616343508, '2025-06-04 05:00:00+00:00': 8146.823964620169, '2025-06-04 07:00:00+00:00': 8090.95374717531, '2025-06-04 09:00:00+00:00': 8033.131894212439, '2025-06-04 11:00:00+00:00': 8006.008484984185, '2025-06-04 13:00:00+00:00': 8015.3239326586345, '2025-06-04 15:00:00+00:00': 7992.387250875814, '2025-06-04 17:00:00+00:00': 7980.322979973209, '2025-06-04 19:00:00+00:00': 7951.979859169819, '2025-06-04 21:00:00+00:00': 7962.396525836486, '2025-06-04 23:00:00+00:00': 7972.813192503153, '2025-06-05 01:00:00+00:00': 7944.176457320898, '2025-06-05 03:00:00+00:00': 7882.405469215903, '2025-06-30 20:00:00+00:00': 7876.701993135342, '2025-06-30 22:00:00+00:00': 7935.91535154549, '2025-07-01 00:00:00+00:00': 7909.015961824492, '2025-07-01 02:00:00+00:00': 7879.129836461628, '2025-07-01 04:00:00+00:00': 7846.696117498636, '2025-07-01 06:00:00+00:00': 7807.209063242236, '2025-07-01 08:00:00+00:00': 7777.882505257646, '2025-07-01 10:00:00+00:00': 7721.957969762184, '2025-07-01 12:00:00+00:00': 7684.226916452474, '2025-07-01 14:00:00+00:00': 7642.784957489576, '2025-07-01 16:00:00+00:00': 7600.948989975304, '2025-07-01 18:00:00+00:00': 7570.000273887455, '2025-07-01 20:00:00+00:00': 7566.701735585946, '2025-07-01 22:00:00+00:00': 7528.224634205348, '2025-07-02 00:00:00+00:00': 7500.359896476135, '2025-07-02 02:00:00+00:00': 7484.260672399532, '2025-07-02 04:00:00+00:00': 7466.212484329464, '2025-07-02 06:00:00+00:00': 7433.878770869803, '2025-07-02 08:00:00+00:00': 7408.157430435021, '2025-07-02 10:00:00+00:00': 7369.984556997303, '2025-07-02 12:00:00+00:00': 7336.688419089231, '2025-07-02 14:00:00+00:00': 7308.396699512012, '2025-07-02 16:00:00+00:00': 7295.115992116215, '2025-07-02 18:00:00+00:00': 7266.905272214944, '2025-07-02 20:00:00+00:00': 7241.16333677592, '2025-07-02 22:00:00+00:00': 7213.39457525134, '2025-07-03 00:00:00+00:00': 7268.307191408849, '2025-07-03 02:00:00+00:00': 7243.381637025195, '2025-07-03 04:00:00+00:00': 7212.241497739149, '2025-07-03 06:00:00+00:00': 7193.279638707904, '2025-07-03 08:00:00+00:00': 7177.890136624425, '2025-07-03 09:00:00+00:00': 7168.337914090664, '2025-07-03 10:00:00+00:00': 7155.524090865167, '2025-07-03 12:00:00+00:00': 7143.119008916446, '2025-07-03 13:00:00+00:00': 7154.344094695177, '2025-07-03 14:00:00+00:00': 7143.015643780331, '2025-07-03 16:00:00+00:00': 7180.508467210849, '2025-07-03 18:00:00+00:00': 7158.819013018534, '2025-07-03 20:00:00+00:00': 7146.6955158866585, '2025-07-03 22:00:00+00:00': 7131.933200181001, '2025-07-03 23:00:00+00:00': 7120.129538487619, '2025-07-04 00:00:00+00:00': 7106.201557593579, '2025-07-04 01:00:00+00:00': 7088.663823829202, '2025-07-04 02:00:00+00:00': 7074.78419363567, '2025-07-04 03:00:00+00:00': 7076.004770634767, '2025-07-04 04:00:00+00:00': 7061.902345469169, '2025-07-04 05:00:00+00:00': 7048.852242555317, '2025-07-04 06:00:00+00:00': 7035.687507699902, '2025-07-04 07:00:00+00:00': 7018.914581814411, '2025-07-04 08:00:00+00:00': 7003.46838185966, '2025-07-04 09:00:00+00:00': 6994.308537459394, '2025-07-04 10:00:00+00:00': 6978.145522083581, '2025-07-04 11:00:00+00:00': 6966.329454146412, '2025-07-04 12:00:00+00:00': 6948.451193418055, '2025-07-04 13:00:00+00:00': 6933.133540841281, '2025-07-04 14:00:00+00:00': 6916.598792485903, '2025-07-04 15:00:00+00:00': 6905.073059000264, '2025-07-04 16:00:00+00:00': 6886.6802265772585, '2025-07-04 17:00:00+00:00': 6870.733877773899, '2025-07-04 18:00:00+00:00': 6859.412354587143, '2025-07-04 19:00:00+00:00': 6855.035351559786, '2025-07-04 20:00:00+00:00': 6841.41447694553, '2025-07-04 21:00:00+00:00': 6834.059376992543, '2025-07-04 22:00:00+00:00': 6818.567419667941, '2025-07-04 23:00:00+00:00': 6806.7917887304575, '2025-07-05 00:00:00+00:00': 6784.257333090654, '2025-07-05 01:00:00+00:00': 6772.742729614561, '2025-07-05 02:00:00+00:00': 6756.539524150916, '2025-07-05 03:00:00+00:00': 6743.625510189261, '2025-07-05 04:00:00+00:00': 6731.340360138328, '2025-07-05 05:00:00+00:00': 6720.80695483617, '2025-07-05 06:00:00+00:00': 6707.033696328943, '2025-07-05 07:00:00+00:00': 6696.037046395178, '2025-07-05 08:00:00+00:00': 6682.663982536663, '2025-07-05 09:00:00+00:00': 6670.525814940875, '2025-07-05 10:00:00+00:00': 6657.143500293258, '2025-07-05 11:00:00+00:00': 6645.630843788482, '2025-07-05 12:00:00+00:00': 6632.666011279483, '2025-07-05 13:00:00+00:00': 6619.233491703898, '2025-07-05 14:00:00+00:00': 6602.211520334397, '2025-07-05 15:00:00+00:00': 6584.052156743734, '2025-07-05 16:00:00+00:00': 6569.923703562926, '2025-07-05 17:00:00+00:00': 6545.221205423346, '2025-07-05 18:00:00+00:00': 6532.732120299569, '2025-07-05 19:00:00+00:00': 6505.288498146278, '2025-07-05 20:00:00+00:00': 6491.998773945421, '2025-07-05 21:00:00+00:00': 6465.485836463722, '2025-07-05 22:00:00+00:00': 6448.1806424532, '2025-07-05 23:00:00+00:00': 6436.616120319346, '2025-07-06 00:00:00+00:00': 6416.244710454391, '2025-07-06 01:00:00+00:00': 6392.275814506131, '2025-07-06 02:00:00+00:00': 6375.500485728197, '2025-07-06 03:00:00+00:00': 6355.18266601934, '2025-07-06 04:00:00+00:00': 6338.257956417907, '2025-07-06 05:00:00+00:00': 6322.309857915565, '2025-07-06 06:00:00+00:00': 6306.276241925211, '2025-07-06 07:00:00+00:00': 6294.055770014089, '2025-07-06 08:00:00+00:00': 6277.210267791923, '2025-07-06 09:00:00+00:00': 6263.206359914854, '2025-07-06 10:00:00+00:00': 6246.981632769359, '2025-07-06 11:00:00+00:00': 6233.792421481094, '2025-07-06 12:00:00+00:00': 6216.940407049662, '2025-07-06 13:00:00+00:00': 6202.846819415952, '2025-07-06 14:00:00+00:00': 6195.115043416051, '2025-07-06 15:00:00+00:00': 6184.1443269158, '2025-07-06 16:00:00+00:00': 6170.4359971841095, '2025-07-06 17:00:00+00:00': 6157.766827499093, '2025-07-06 18:00:00+00:00': 6144.44342185588, '2025-07-06 19:00:00+00:00': 6141.6401498153045, '2025-07-06 20:00:00+00:00': 6123.524813424334, '2025-07-06 21:00:00+00:00': 6110.424787918782, '2025-07-06 22:00:00+00:00': 6104.355700396454, '2025-07-06 23:00:00+00:00': 6091.478433033834, '2025-07-07 00:00:00+00:00': 6072.444320689787, '2025-07-07 01:00:00+00:00': 6070.828014846261, '2025-07-07 02:00:00+00:00': 6058.813441406994, '2025-07-07 03:00:00+00:00': 6045.14375941437, '2025-07-07 04:00:00+00:00': 6032.482213208542, '2025-07-07 05:00:00+00:00': 6027.117639836228, '2025-07-07 06:00:00+00:00': 6013.284320549616, '2025-07-07 07:00:00+00:00': 6007.095707727402, '2025-07-07 08:00:00+00:00': 5997.286274168684, '2025-07-07 09:00:00+00:00': 5983.981028228485, '2025-07-07 10:00:00+00:00': 5965.253229706835, '2025-07-07 11:00:00+00:00': 5950.470148071197, '2025-07-07 12:00:00+00:00': 5940.786821740041, '2025-07-07 13:00:00+00:00': 5923.067926344034, '2025-07-07 14:00:00+00:00': 5913.256168918635, '2025-07-07 15:00:00+00:00': 5909.635789887952, '2025-07-07 16:00:00+00:00': 5886.728327397774, '2025-07-07 17:00:00+00:00': 5874.99028406062, '2025-07-07 18:00:00+0