number,value,params_BTC_VS_ETH_WEIGHT,params_CONVERGENCE_THRESHOLD,params_DAILY_LOSS_LIMIT,params_FIXED_TRADE_PCT,params_MAX_CONCURRENT_POSITIONS,params_MAX_DRAWDOWN_LIMIT,params_MAX_HOLD_HOURS,params_MAX_POSITION_PCT,params_MIN_DIV,params_MIN_TIME_BETWEEN_TRADES,params_STOP_LOSS_PCT,params_STRIKE_SELECTION_STRATEGY,params_TAKE_PROFIT_PCT,params_TRAIL_PCT,state,user_attrs_cooldown_trades_pct,user_attrs_equity_curves,user_attrs_total_trades
15,-0.9757107149188448,0.7,0.4,0.2,0.07,3.0,0.15,72.0,0.5,0.02,4.0,0.04,random,0.045,0.3,COMPLETE,0.0,"[{'2025-05-01 00:00:00+00:00': 10000.0, '2025-05-01 01:00:00+00:00': 9982.843208525921, '2025-05-01 05:00:00+00:00': 9975.929922353924, '2025-05-01 09:00:00+00:00': 9970.025190016991, '2025-05-01 13:00:00+00:00': 9963.109278778134, '2025-05-01 17:00:00+00:00': 9963.347620855571, '2025-05-01 21:00:00+00:00': 9939.003156690122, '2025-05-02 01:00:00+00:00': 9931.412916223675, '2025-05-02 05:00:00+00:00': 9907.574710362665, '2025-05-02 09:00:00+00:00': 9895.99026611123, '2025-05-02 13:00:00+00:00': 9884.92626893821, '2025-05-02 17:00:00+00:00': 9877.538257083339, '2025-05-02 21:00:00+00:00': 9869.269510337559, '2025-05-03 01:00:00+00:00': 9860.368303855605, '2025-05-03 05:00:00+00:00': 9850.836682359508, '2025-05-03 09:00:00+00:00': 9840.508894570057, '2025-05-03 13:00:00+00:00': 9828.840603488889, '2025-05-03 17:00:00+00:00': 9815.854971613291, '2025-05-03 21:00:00+00:00': 9798.169654804631, '2025-05-04 01:00:00+00:00': 9779.589237230753, '2025-05-04 05:00:00+00:00': 9763.732325795212, '2025-05-04 09:00:00+00:00': 9758.740643469542, '2025-05-04 13:00:00+00:00': 9740.849654931239, '2025-05-04 17:00:00+00:00': 9741.48369954567, '2025-05-04 21:00:00+00:00': 9722.518045086475, '2025-05-05 01:00:00+00:00': 9730.57051968013, '2025-05-05 05:00:00+00:00': 9732.98095573431, '2025-05-05 09:00:00+00:00': 9722.17628625054, '2025-05-05 13:00:00+00:00': 9713.844740708706, '2025-05-05 17:00:00+00:00': 9748.938791272678, '2025-05-05 21:00:00+00:00': 9744.402702001807, '2025-05-06 01:00:00+00:00': 9713.769400959824, '2025-05-06 05:00:00+00:00': 9698.433794165718, '2025-05-06 09:00:00+00:00': 9684.236867234464, '2025-05-06 13:00:00+00:00': 9678.738429552599, '2025-05-06 17:00:00+00:00': 9675.532705736385, '2025-05-06 21:00:00+00:00': 9666.456484607472, '2025-05-07 01:00:00+00:00': 9663.406239718925, '2025-05-07 05:00:00+00:00': 9655.040547458788, '2025-05-07 09:00:00+00:00': 9635.086546711991, '2025-05-07 13:00:00+00:00': 9625.608741589465, '2025-05-07 17:00:00+00:00': 9599.384496931922, '2025-05-07 21:00:00+00:00': 9616.77183551075, '2025-05-08 01:00:00+00:00': 9619.6146345238, '2025-05-08 05:00:00+00:00': 9612.296595321834, '2025-05-08 09:00:00+00:00': 9610.408485684013, '2025-05-08 13:00:00+00:00': 9594.975107949833, '2025-05-08 17:00:00+00:00': 9590.73866359029, '2025-05-08 21:00:00+00:00': 9593.531285885418, '2025-05-09 01:00:00+00:00': 9578.95620250468, '2025-05-09 05:00:00+00:00': 9571.454277073331, '2025-05-09 09:00:00+00:00': 9759.904623774266, '2025-05-09 14:00:00+00:00': 9759.214099556257, '2025-05-09 18:00:00+00:00': 9751.46303782811, '2025-05-09 22:00:00+00:00': 9728.373371867847, '2025-05-10 02:00:00+00:00': 9724.82355484603, '2025-05-10 06:00:00+00:00': 9723.98209227213, '2025-05-10 10:00:00+00:00': 9715.636126202744, '2025-05-10 14:00:00+00:00': 9706.809110964505, '2025-05-10 18:00:00+00:00': 9703.025294162078, '2025-05-10 22:00:00+00:00': 9697.33540065002, '2025-05-11 03:00:00+00:00': 9689.650177854743, '2025-05-11 07:00:00+00:00': 9674.434789629846, '2025-05-11 11:00:00+00:00': 9667.581665792799, '2025-05-11 15:00:00+00:00': 9655.595448700347, '2025-05-11 19:00:00+00:00': 9651.179849277123, '2025-05-12 00:00:00+00:00': 9644.50643227555, '2025-05-12 04:00:00+00:00': 9639.416242929114, '2025-05-12 08:00:00+00:00': 9635.990839033273, '2025-05-12 12:00:00+00:00': 9635.777991883426, '2025-05-12 16:00:00+00:00': 9635.451481265509, '2025-05-12 20:00:00+00:00': 9616.792844529866, '2025-05-13 01:00:00+00:00': 9616.123397867354, '2025-05-13 05:00:00+00:00': 9623.668986361761, '2025-05-13 09:00:00+00:00': 9618.818152457869, '2025-05-13 13:00:00+00:00': 9610.293168999271, '2025-05-13 17:00:00+00:00': 9607.316167806552, '2025-05-13 21:00:00+00:00': 9598.20358919884, '2025-05-14 01:00:00+00:00': 9581.913179262168, '2025-05-14 05:00:00+00:00': 9576.377438493577, '2025-05-14 11:00:00+00:00': 9573.455488027535, '2025-05-14 15:00:00+00:00': 9580.011161579276, '2025-05-14 19:00:00+00:00': 9571.856431952609, '2025-05-14 23:00:00+00:00': 9562.351741473829, '2025-05-15 04:00:00+00:00': 9564.518987733092, '2025-05-15 09:00:00+00:00': 9568.951030443366, '2025-05-15 13:00:00+00:00': 9570.219757233637, '2025-05-15 17:00:00+00:00': 9584.236367432775, '2025-05-15 21:00:00+00:00': 9576.548879324231, '2025-05-16 01:00:00+00:00': 9570.731662238199, '2025-05-16 05:00:00+00:00': 9563.404084955446, '2025-05-16 10:00:00+00:00': 9560.908187477482, '2025-05-16 14:00:00+00:00': 9567.057835063475, '2025-05-16 20:00:00+00:00': 9547.411419454042, '2025-05-17 00:00:00+00:00': 9535.373720481914, '2025-05-17 04:00:00+00:00': 9541.014706299131, '2025-05-17 08:00:00+00:00': 9533.341644654683, '2025-05-17 12:00:00+00:00': 9523.860713081329, '2025-05-17 16:00:00+00:00': 9514.702893876727, '2025-05-17 20:00:00+00:00': 9503.453817552523, '2025-05-18 00:00:00+00:00': 9498.668488906089, '2025-05-18 04:00:00+00:00': 9484.838918868969, '2025-05-18 08:00:00+00:00': 9495.724616120591, '2025-05-18 12:00:00+00:00': 9496.35350799017, '2025-05-18 16:00:00+00:00': 9483.780209373477, '2025-05-18 20:00:00+00:00': 9497.759485912578, '2025-05-19 00:00:00+00:00': 9509.283738029015, '2025-05-19 04:00:00+00:00': 9536.87246853709, '2025-05-19 08:00:00+00:00': 9574.522474322475, '2025-05-19 12:00:00+00:00': 9561.741027824986, '2025-05-19 16:00:00+00:00': 9580.549401205059, '2025-05-19 20:00:00+00:00': 9594.46504722379, '2025-05-20 00:00:00+00:00': 9587.3968456956, '2025-05-20 04:00:00+00:00': 9571.956098905184, '2025-05-20 08:00:00+00:00': 9576.628081384817, '2025-05-20 12:00:00+00:00': 9567.467986652617, '2025-05-20 16:00:00+00:00': 9572.829990386248, '2025-05-20 20:00:00+00:00': 9688.800864172656, '2025-05-21 00:00:00+00:00': 9670.005877898673, '2025-05-21 04:00:00+00:00': 9652.727057544455, '2025-05-21 08:00:00+00:00': 9730.715796188802, '2025-05-21 12:00:00+00:00': 9718.531506166855, '2025-05-21 16:00:00+00:00': 9701.292573931827, '2025-05-21 20:00:00+00:00': 9781.363495917643, '2025-05-22 00:00:00+00:00': 9835.560378270584, '2025-05-22 04:00:00+00:00': 9912.861263226336, '2025-05-22 09:00:00+00:00': 9950.690905397107, '2025-05-22 13:00:00+00:00': 9951.160272910807, '2025-05-22 18:00:00+00:00': 9948.457522018458, '2025-05-23 00:00:00+00:00': 9944.575740148468, '2025-05-23 04:00:00+00:00': 9938.77468318428, '2025-05-23 10:00:00+00:00': 9942.615868216953, '2025-05-23 14:00:00+00:00': 10051.469307834815, '2025-05-23 19:00:00+00:00': 10072.07800348699, '2025-05-23 23:00:00+00:00': 10052.286041210064, '2025-05-24 04:00:00+00:00': 10062.637079824935, '2025-05-24 08:00:00+00:00': 10053.380042431258, '2025-05-24 13:00:00+00:00': 10053.708221588095, '2025-05-24 23:00:00+00:00': 10055.404633276165, '2025-05-25 10:00:00+00:00': 10050.114746021969, '2025-05-25 14:00:00+00:00': 10049.766826137653, '2025-05-25 18:00:00+00:00': 10039.743743001585, '2025-05-25 23:00:00+00:00': 10267.090681777096, '2025-05-26 09:00:00+00:00': 10269.475684588802, '2025-05-26 16:00:00+00:00': 10291.65634559186, '2025-05-26 21:00:00+00:00': 10305.2682314398, '2025-05-27 02:00:00+00:00': 10326.370173974841, '2025-05-27 08:00:00+00:00': 10367.755231803234, '2025-05-27 12:00:00+00:00': 10357.586308414762, '2025-05-27 18:00:00+00:00': 10346.206539651956, '2025-05-27 22:00:00+00:00': 10353.776962187167, '2025-05-28 02:00:00+00:00': 10336.624644306372, '2025-05-28 06:00:00+00:00': 10308.663938430653, '2025-05-28 10:00:00+00:00': 10290.639247072628, '2025-05-28 14:00:00+00:00': 10284.012741048531, '2025-05-28 20:00:00+00:00': 10273.358216853265, '2025-05-29 00:00:00+00:00': 10253.452142148604, '2025-05-29 04:00:00+00:00': 10237.17621925035, '2025-05-29 10:00:00+00:00': 10219.767222236578, '2025-05-29 14:00:00+00:00': 10207.047878352274, '2025-05-30 23:00:00+00:00': 10225.547878352274, '2025-05-31 03:00:00+00:00': 10233.899594038548, '2025-05-31 07:00:00+00:00': 10156.263230402184, '2025-05-31 11:00:00+00:00': 10041.873170667239, '2025-05-31 15:00:00+00:00': 9982.341747460381, '2025-05-31 19:00:00+00:00': 9933.9362912698, '2025-05-31 23:00:00+00:00': 9902.319777605177, '2025-06-01 03:00:00+00:00': 9841.954245706498, '2025-06-01 07:00:00+00:00': 9787.736040756727, '2025-06-01 11:00:00+00:00': 9745.522424104694, '2025-06-01 15:00:00+00:00': 9640.347629202486, '2025-06-01 19:00:00+00:00': 9643.85953396439, '2025-06-01 23:00:00+00:00': 9551.03630164116, '2025-06-02 03:00:00+00:00': 9491.03630164116, '2025-06-02 07:00:00+00:00': 9408.990847095705, '2025-06-02 11:00:00+00:00': 9348.990847095705, '2025-06-02 15:00:00+00:00': 9259.296969544685, '2025-06-02 19:00:00+00:00': 9165.882582513275, '2025-06-02 23:00:00+00:00': 9052.212530330147, '2025-06-03 03:00:00+00:00': 9086.933045884092, '2025-06-03 07:00:00+00:00': 8998.788187388924, '2025-06-03 11:00:00+00:00': 8926.352289953025, '2025-06-03 15:00:00+00:00': 8730.980984254655, '2025-06-03 19:00:00+00:00': 8659.196774938664, '2025-06-03 23:00:00+00:00': 8529.559950614339, '2025-06-04 03:00:00+00:00': 8474.178998233387, '2025-06-04 07:00:00+00:00': 8379.53614109053, '2025-06-04 11:00:00+00:00': 8319.53614109053, '2025-06-04 15:00:00+00:00': 8248.770993402122, '2025-06-04 19:00:00+00:00': 8220.061315982768, '2025-06-04 23:00:00+00:00': 8215.174952346404, '2025-06-05 03:00:00+00:00': 8103.602554156359, '2025-06-05 07:00:00+00:00': 8003.185887489692, '2025-06-05 11:00:00+00:00': 7987.276796580601, '2025-06-05 15:00:00+00:00': 7899.562510866315, '2025-06-05 19:00:00+00:00': 7864.43430573811, '2025-06-05 23:00:00+00:00': 7795.7735914523955, '2025-06-06 03:00:00+00:00': 7698.465899144703, '2025-06-06 07:00:00+00:00': 7615.3706610494655, '2025-06-06 11:00:00+00:00': 7472.227803906609, '2025-06-06 15:00:00+00:00': 7443.417843310801, '2025-06-06 19:00:00+00:00': 7413.417843310801, '2025-06-06 23:00:00+00:00': 7383.417843310801, '2025-06-07 03:00:00+00:00': 7346.097284107711, '2025-06-07 07:00:00+00:00': 7320.767609558258, '2025-06-07 11:00:00+00:00': 7296.240551581821, '2025-06-07 15:00:00+00:00': 7316.640713235427, '2025-06-07 19:00:00+00:00': 7287.923730416257, '2025-06-07 23:00:00+00:00': 7240.382613578246, '2025-06-08 03:00:00+00:00': 7212.083622779347, '2025-06-08 07:00:00+00:00': 7184.267805613288, '2025-06-30 20:00:00+00:00': 7177.613750185967, '2025-07-01 00:00:00+00:00': 7146.333502435409, '2025-07-01 04:00:00+00:00': 7108.548285400581, '2025-07-01 08:00:00+00:00': 7074.3295512611285, '2025-07-01 12:00:00+00:00': 7030.821409770284, '2025-07-01 16:00:00+00:00': 6981.799512511069, '2025-07-01 20:00:00+00:00': 6976.253125235135, '2025-07-02 00:00:00+00:00': 6943.509322492993, '2025-07-02 04:00:00+00:00': 6922.283451069031, '2025-07-02 08:00:00+00:00': 6891.981863612298, '2025-07-02 12:00:00+00:00': 6852.695634350463, '2025-07-02 16:00:00+00:00': 6837.405110815738, '2025-07-02 20:00:00+00:00': 6806.9565878493395, '2025-07-03 00:00:00+00:00': 6872.001670164406, '2025-07-03 04:00:00+00:00': 6835.056070527315, '2025-07-03 08:00:00+00:00': 6816.774887153098, '2025-07-03 09:00:00+00:00': 6805.441100375359, '2025-07-03 12:00:00+00:00': 6790.689395289749, '2025-07-03 13:00:00+00:00': 6804.005852749672, '2025-07-03 16:00:00+00:00': 6855.471602768045, '2025-07-03 17:00:00+00:00': 6842.3693016737625, '2025-07-03 20:00:00+00:00': 6827.9061948539465, '2025-07-03 23:00:00+00:00': 6813.90034712462, '2025-07-04 00:00:00+00:00': 6797.262447683064, '2025-07-04 03:00:00+00:00': 6798.713086958044, '2025-07-04 04:00:00+00:00': 6781.846438874887, '2025-07-04 07:00:00+00:00': 6761.884575162527, '2025-07-04 08:00:00+00:00': 6743.389805292856, '2025-07-04 11:00:00+00:00': 6729.317887778507, '2025-07-04 12:00:00+00:00': 6707.880438693277, '2025-07-04 15:00:00+00:00': 6694.135130080004, '2025-07-04 16:00:00+00:00': 6672.049096509127, '2025-07-04 19:00:00+00:00': 6666.821513729745, '2025-07-04 20:00:00+00:00': 6650.451320361167, '2025-07-04 23:00:00+00:00': 6636.377558192144, '2025-07-05 00:00:00+00:00': 6609.256559116715, '2025-07-05 03:00:00+00:00': 6593.806733269263, '2025-07-05 04:00:00+00:00': 6579.001489658338, '2025-07-05 07:00:00+00:00': 6565.833892353832, '2025-07-05 08:00:00+00:00': 6549.697345634543, '2025-07-05 11:00:00+00:00': 6535.896849152145, '2025-07-05 12:00:00+00:00': 6520.234168079511, '2025-07-05 15:00:00+00:00': 6498.439530945175, '2025-07-05 16:00:00+00:00': 6481.34378252056, '2025-07-05 19:00:00+00:00': 6451.34378252056, '2025-07-05 20:00:00+00:00': 6435.245319197543, '2025-07-05 23:00:00+00:00': 6421.296630502537, '2025-07-06 00:00:00+00:00': 6396.579451223035, '2025-07-06 03:00:00+00:00': 6372.014779026702, '2025-07-06 04:00:00+00:00': 6351.449688763584, '2025-07-06 07:00:00+00:00': 6336.654843855309, '2025-07-06 08:00:00+00:00': 6316.15647594381, '2025-07-06 11:00:00+00:00': 6300.168128313971, '2025-07-06 12:00:00+00:00': 6279.63169394306, '2025-07-06 15:00:00+00:00': 6266.315492678724, '2025-07-06 16:00:00+00:00': 6249.601024433, '2025-07-06 19:00:00+00:00': 6246.545468877444, '2025-07-06 20:00:00+00:00': 6224.43070558432, '2025-07-06 23:00:00+00:00': 6208.759761974229, '2025-07-07 00:00:00+00:00': 6185.515550448501, '2025-07-07 03:00:00+00:00': 6168.8812435841555, '2025-07-07 04:00:00+00:00': 6153.403971803527, '2025-07-07 07:00:00+00:00': 6145.87065392894, '2025-07-07 08:00:00+00:00': 6133.86413083529, '2025-07-07 11:00:00+00:00': 6115.844651075512, '2025-07-07 12:00:00+00:00': 6103.9698854210255, '2025-07-07 15:00:00+00:00': 6099.549501352172, '2025-07-07 16:00:00+00:00': 6071.432096682635, '2025-07-07 19:00:00+00:00': 6051.78886022636, '2025-07-07 20:00:00+00:00': 6035.9633448266195, '2025-07-07 23:00:00+00:00': 6013.433379974558, '2025-07-08 00:00:00+00:00': 5997.8303544825585, '2025-07-08 03:00:00+00:00': 5981.494547383806, '2025-07-08 04:00:00+00:00': 5964.625669902383, '2025-07-08 07:00:00+00:00': 5949.665142008658, '2025-07-08 08:00:00+00:00': 5931.410086196525, '2025-07-08 11:00:00+00:00': 5922.1960575333715, '2025-07-08 12:00:00+00:00': 5907.0219960288, '2025-07-08 15:00:00+00:00': 5907.653574976168, '2025-07-08 16:00:00+00:00': 5893.425284020576, '2025-07-08 19:00:00+00:00': 5875.046807748316, '2025-07-08 20:00:00+00:00': 5848.278354239094, '2025-07-08 23:00:00+00:00': 5830.502616964529, '2025-07-09 00:00:00+00:00': 5815.891187504934, '2025-07-09 03:00:00+00:00': 5790.840167096771, '2025-07-09 04:00:00+00:00': 5770.823669281364, '2025-07-09 07:00:00+00:00': 5755.034415726604, '2025-07-09 08:00:00+00:00': 5734.442314065898, '2025-07-09 11:00:00+00:00': 5714.648459610352, '2025-07-09 12:00:00+00:00': 5696.160454558436, '2025-07-09 15:00:00+00:00': 5675.927192607203, '2025-07-09 16:00:00+00:00': 5658.180617845643, '2025-07-09 19:00:00+00:00': 5649.126884216201, '2025-07-09 20:00:00+00:00': 5635.226143534825, '2025-07-09 23:00:00+00:00': 5634.337049722451, '2025-07-10 00:00:00+00:00': 5627.4667365208925, '2025-07-10 03:00:00+00:00': 5617.338123732743, '2025-07-10 04:00:00+00:00': 5603.652026828323, '2025-07-10 08:00:00+00:00': 5592.090749769306, '2025-07-10 13:00:00+00:00': 5578.901506081404, '2025-07-10 15:00:00+00:00': 5568.940859639861, '2025-07-10 17:00:00+00:00': 5562.676076896684, '2025-07-10 19:00:00+00:00': 5601.0573829734385, '2025-07-10 21:00:00+00:00': 5592.010344858887, '2025-07-11 00:00:00+00:00': 5613.385497872659, '2025-07-11 03:00:00+00:00': 5622.415878379174, '2025-07-11 06:00:00+00:00': 5623.963900362054, '2025-07-11 07:00:00+00:00': 5604.335555723029, '2025-07-11 10:00:00+00:00': 5596.494388338897, '2025-07-11 11:00:00+00:00': 5617.595876398843, '2025-07-11 14:00:00+00:00': 5613.918469789634, '2025-07-11 15:00:00+00:00': 5600.749292173447, '2025-07-11 18:00:00+00:00': 5601.865352514963, '2025-07-11 19:00:00+00:00': 5572.504938395418, '2025-07-11 22:00:00+00:00': 5557.526253221298, '2025-07-11 23:00:00+00:00': 5536.853176298221, '2025-07-12 02:00:00+00:00': 5516.135230889173, '2025-07-12 03:00:00+00:00': 5499.6074531113945, '2025-07-12 06:00:00+00:00': 5460.10208866036, '2025-07-12 07:00:00+00:00': 5428.416954790637, '2025-07-12 10:00:00+00:00': 5395.898857622463, '2025-07-12 11:00:00+00:00': 5371.544193047617, '2025-07-12 14:00:00+00:00': 5346.897865986216, '2025-07-12 15:00:00+00:00': 5320.843113434251, '2025-07-12 18:00:00+00:00': 5320.059198442839, '2025-07-12 19:00:00+00:00': 5289.01967074964, '2025-07-12 22:00:00+00:00': 5259.453088027201, '2025-07-12 23:00:00+00:00': 5235.543661119371, '2025-07-13 02:00:00+00:00': 5208.062770446756, '2025-07-13 03:00:00+00:00': 5181.641912243496, '2025-07-13 06:00:00+00:00': 5166.242431502191, '2025-07-13 07:00:00+00:00': 5142.577928029639, '2025-07-13 10:00:00+00:00': 5121.477010598446, '2025-07-13 11:00:00+00:00': 5107.154300663745, '2025-07-13 14:00:00+00:00': 5075.126238278429, '2025-07-13 15:00:00+00:00': 5070.506464113772, '2025-07-13 18:00:00+00:00': 5042.644953799346, '2025-07-13 19:00:00+00:00': 5037.644972487376, '2025-07-13 22:00:00+00:00': 5031.388401118772, '2025-07-13 23:00:00+00:00': 4994.168786997597, '2025-07-14 02:00:00+00:00': 4985.323103154301, '2025-07-14 03:00:00+00:00': 4983.930823420685, '2025-07-14 06:00:00+00:00': 4971.460943902613, '2025-07-14 07:00:00+00:00': 4951.735235382924, '2025-07-14 10:00:00+00:00': 4917.885078741123, '2025-07-14 11:00:00+00:00': 4920.636269507818, '2025-07-14 14:00:00+00:00': 4896.119618122774, '2025-07-14 15:00:00+00:00': 4910.094402868197, '2025-07-14 18:00:00+00:00': 4938.711004538402, '2025-07-14 19:00:00+00:00': 4927.607108434507, '2025-07-14 22:00:00+00:00': 4881.669633899922, '2025-07-14 23:00:00+00:00': 4858.598205328493, '2025-07-15 02:00:00+00:00': 4897.92129256106, '2025-07-15 03:00:00+00:00': 4916.266940113783, '2025-07-15 06:00:00+00:00': 4886.266940113783, '2025-07-15 07:00:00+00:00': 4874.397781235278, '2025-07-15 10:00:00+00:00': 4853.828511008028, '2025-07-15 11:00:00+00:00': 4828.009545490786, '2025-07-15 14:00:00+00:00': 4866.8482551682055, '2025-07-15 15:00:00+00:00': 4949.525022844973, '2025-07-15 18:00:00+00:00': 4978.397855214916, '2025-07-15 19:00:00+00:00': 4995.14744666419, '2025-07-15 22:00:00+00:00': 5011.650387840661, '2025-07-15 23:00:00+00:00': 4968.186391478591, '2025-07-16 02:00:00+00:00': 4929.091269619764, '2025-07-16 03:00:00+00:00': 4944.418372423502, '2025-07-16 06:00:00+00:00': 4907.3639019193515, '2025-07-16 07:00:00+00:00': 4851.147685703136, '2025-07-16 10:00:00+00:00': 4850.418615403749, '2025-07-16 11:00:00+00:00': 4830.629141719538, '2025-07-16 14:00:00+00:00': 4803.723522044361, '2025-07-16 15:00:00+00:00': 4744.329582650422, '2025-07-16 18:00:00+00:00': 4709.951175461734, '2025-07-16 19:00:00+00:00': 4663.962164472723, '2025-07-16 22:00:00+00:00': 4653.170085264803, '2025-07-16 23:00:00+00:00': 4688.563343691769, '2025-07-17 02:00:00+00:00': 4779.766506552449, '2025-07-17 03:00:00+00:00': 4731.803543589486, '2025-07-17 06:00:00+00:00': 4709.825405105356, '2025-07-17 07:00:00+00:00': 4670.407929377201, '2025-07-17 10:00:00+00:00': 4623.904136887128, '2025-07-17 11:00:00+00:00': 4623.904136887128, '2025-07-17 14:00:00+00:00': 4966.404136887128, '2025-07-17 15:00:00+00:00': 4912.394235897029, '2025-07-17 19:00:00+00:00': 4827.390508589891, '2025-07-17 23:00:00+00:00': 4857.17768807707, '2025-07-18 03:00:00+00:00': 4857.329380059581, '2025-07-18 07:00:00+00:00': 5009.112775506696, '2025-07-18 11:00:00+00:00': 4964.848069624343, '2025-07-18 12:00:00+00:00': 4947.368798203397, '2025-07-18 15:00:00+00:00': 4955.038701116018, '2025-07-18 16:00:00+00:00': 5026.550329022995, '2025-07-18 19:00:00+00:00': 5004.310329022996, '2025-07-18 20:00:00+00:00': 5042.210329022995, '2025-07-18 23:00:00+00:00': 5012.210329022995, '2025-07-19 00:00:00+00:00': 4963.90014991517, '2025-07-19 03:00:00+00:00': 4917.733483248503, '2025-07-19 04:00:00+00:00': 4861.604873903608, '2025-07-19 08:00:00+00:00': 4864.67305572179, '2025-07-19 12:00:00+00:00': 4863.77305572179, '2025-07-19 16:00:00+00:00': 4792.931992576882, '2025-07-19 20:00:00+00:00': 4732.439650030995, '2025-07-20 00:00:00+00:00': 4684.885450879052, '2025-07-20 04:00:00+00:00': 4708.699722815579, '2025-07-20 08:00:00+00:00': 4665.800594500182, '2025-07-20 12:00:00+00:00': 4686.352867767894, '2025-07-20 16:00:00+00:00': 4684.066836368587, '2025-07-20 20:00:00+00:00': 4655.981888707041, '2025-07-21 00:00:00+00:00': 4639.8577841158885, '2025-07-21 04:00:00+00:00': 4610.896388068078, '2025-07-21 08:00:00+00:00': 4592.9960559246065, '2025-07-21 12:00:00+00:00': 4570.36435074426, '2025-07-21 16:00:00+00:00': 4626.295281675191, '2025-07-21 20:00:00+00:00': 4603.439845319678, '2025-07-22 00:00:00+00:00': 4569.579620933973, '2025-07-22 04:00:00+00:00': 4560.504836657847, '2025-07-22 08:00:00+00:00': 4546.226068424459, '2025-07-22 12:00:00+00:00': 4498.516524855994, '2025-07-22 16:00:00+00:00': 4448.972939329678, '2025-07-22 20:00:00+00:00': 4474.2516414927395, '2025-07-23 00:00:00+00:00': 4413.172383482622, '2025-07-23 04:00:00+00:00': 4400.681408753379, '2025-07-23 08:00:00+00:00': 4391.153396474024, '2025-07-23 12:00:00+00:00': 4360.47412476534, '2025-07-23 16:00:00+00:00': 4310.68461699332, '2025-07-23 20:00:00+00:00': 4282.849795564748, '2025-07-24 00:00:00+00:00': 4247.064507294371, '2025-07-24 04:00:00+00:00': 4219.060392068033, '2025-07-24 08:00:00+00:00': 4174.548123965101, '2025-07-24 12:00:00+00:00': 4123.903270089624}]",499.0
