number,value,params_BTC_VS_ETH_WEIGHT,params_CONVERGENCE_THRESHOLD,params_DAILY_LOSS_LIMIT,params_FIXED_TRADE_PCT,params_MAX_CONCURRENT_POSITIONS,params_MAX_DRAWDOWN_LIMIT,params_MAX_HOLD_HOURS,params_MAX_POSITION_PCT,params_MIN_DIV,params_MIN_TIME_BETWEEN_TRADES,params_STOP_LOSS_PCT,params_STRIKE_SELECTION_STRATEGY,params_TAKE_PROFIT_PCT,params_TRAIL_PCT,state,user_attrs_cooldown_trades_pct,user_attrs_equity_curves,user_attrs_total_trades
24,-0.9941661509477885,0.6,0.4,0.2,0.07,3.0,0.25,48.0,0.4,0.02,2.0,0.03,random,0.04,0.3,COMPLETE,7.481559536354057,"[{'2025-05-01 00:00:00+00:00': 10000.0, '2025-05-01 01:00:00+00:00': 9982.843208525921, '2025-05-01 03:00:00+00:00': 9973.45677668234, '2025-05-01 05:00:00+00:00': 9966.549990771653, '2025-05-01 07:00:00+00:00': 9967.462506412863, '2025-05-01 09:00:00+00:00': 9961.562785921955, '2025-05-01 11:00:00+00:00': 9955.33251432274, '2025-05-01 13:00:00+00:00': 9948.426794957926, '2025-05-01 21:00:00+00:00': 9911.494594855112, '2025-05-01 23:00:00+00:00': 9893.882106839088, '2025-05-02 01:00:00+00:00': 9886.326324518299, '2025-05-02 09:00:00+00:00': 9821.301691849896, '2025-05-02 11:00:00+00:00': 9808.872539057353, '2025-05-02 13:00:00+00:00': 9797.905941968602, '2025-05-02 21:00:00+00:00': 9773.264445302342, '2025-05-02 23:00:00+00:00': 9765.564314808691, '2025-05-03 01:00:00+00:00': 9756.756641222732, '2025-05-03 08:00:00+00:00': 9731.034238572707, '2025-05-03 10:00:00+00:00': 9723.217542856195, '2025-05-03 12:00:00+00:00': 9716.225322742941, '2025-05-03 14:00:00+00:00': 9703.82448274751, '2025-05-03 16:00:00+00:00': 9689.720328459043, '2025-05-03 20:00:00+00:00': 9651.342072566551, '2025-05-03 22:00:00+00:00': 9635.411034167038, '2025-05-04 00:00:00+00:00': 9634.498007914643, '2025-05-04 02:00:00+00:00': 9626.125265166049, '2025-05-04 04:00:00+00:00': 9614.423587290956, '2025-05-04 08:00:00+00:00': 9595.306748667224, '2025-05-04 12:00:00+00:00': 9587.964253165595, '2025-05-04 16:00:00+00:00': 9544.917155198938, '2025-05-04 20:00:00+00:00': 9504.918424128018, '2025-05-05 00:00:00+00:00': 9507.825016824683, '2025-05-05 04:00:00+00:00': 9502.442955683431, '2025-05-05 06:00:00+00:00': 9493.845665307826, '2025-05-05 08:00:00+00:00': 9477.669916482339, '2025-05-05 16:00:00+00:00': 9414.651540329385, '2025-05-05 18:00:00+00:00': 9417.597892826303, '2025-05-05 20:00:00+00:00': 9398.241622307634, '2025-05-06 00:00:00+00:00': 9422.887973981484, '2025-05-06 04:00:00+00:00': 9406.061279129919, '2025-05-06 06:00:00+00:00': 9392.768414823646, '2025-05-06 08:00:00+00:00': 9379.563426707005, '2025-05-06 12:00:00+00:00': 9347.134840133485, '2025-05-06 16:00:00+00:00': 9347.685538045002, '2025-05-06 18:00:00+00:00': 9343.717026325892, '2025-05-06 20:00:00+00:00': 9332.66483772097, '2025-05-07 00:00:00+00:00': 9348.069458838014, '2025-05-07 04:00:00+00:00': 9331.843829154774, '2025-05-07 06:00:00+00:00': 9324.001550501662, '2025-05-07 16:00:00+00:00': 9250.688282428011, '2025-05-07 18:00:00+00:00': 9269.477890489698, '2025-05-08 00:00:00+00:00': 9265.69092788923, '2025-05-08 04:00:00+00:00': 9245.224589429146, '2025-05-08 06:00:00+00:00': 9228.636709533495, '2025-05-08 16:00:00+00:00': 9171.877832865091, '2025-05-08 18:00:00+00:00': 9169.135148964351, '2025-05-08 20:00:00+00:00': 9162.25261031899, '2025-05-09 00:00:00+00:00': 9147.883443302466, '2025-05-09 06:00:00+00:00': 9119.602400494636, '2025-05-09 08:00:00+00:00': 9117.956022940458, '2025-05-09 14:00:00+00:00': 9109.45376387648, '2025-05-09 20:00:00+00:00': 9086.58396415402, '2025-05-09 22:00:00+00:00': 9065.068609213093, '2025-05-10 02:00:00+00:00': 9059.372387722198, '2025-05-10 04:00:00+00:00': 9053.471774861786, '2025-05-10 08:00:00+00:00': 9050.819697162, '2025-05-10 10:00:00+00:00': 9043.051497531864, '2025-05-10 14:00:00+00:00': 9025.235249416599, '2025-05-10 17:00:00+00:00': 9017.687286775865, '2025-05-10 21:00:00+00:00': 8995.176889922282, '2025-05-10 23:00:00+00:00': 8985.011932892214, '2025-05-11 01:00:00+00:00': 8980.438157755283, '2025-05-11 03:00:00+00:00': 8973.321082271132, '2025-05-11 05:00:00+00:00': 8969.51553311972, '2025-05-11 09:00:00+00:00': 8950.84242503138, '2025-05-11 11:00:00+00:00': 8944.50187564338, '2025-05-11 13:00:00+00:00': 8940.01035053318, '2025-05-11 15:00:00+00:00': 8928.926202648563, '2025-05-11 18:00:00+00:00': 8919.850445113463, '2025-05-12 00:00:00+00:00': 8908.170271024248, '2025-05-12 02:00:00+00:00': 8915.856811751311, '2025-05-12 04:00:00+00:00': 8911.151189988683, '2025-05-12 07:00:00+00:00': 8906.347216459535, '2025-05-12 11:00:00+00:00': 8886.513231056371, '2025-05-12 13:00:00+00:00': 8881.515099809481, '2025-05-12 17:00:00+00:00': 8919.059979892916, '2025-05-12 19:00:00+00:00': 8931.325353753493, '2025-05-12 21:00:00+00:00': 8945.794089517562, '2025-05-13 01:00:00+00:00': 8942.470796450903, '2025-05-13 05:00:00+00:00': 8946.024960361077, '2025-05-13 07:00:00+00:00': 8937.58023496526, '2025-05-13 09:00:00+00:00': 8933.075225775527, '2025-05-13 11:00:00+00:00': 8924.961131837335, '2025-05-13 13:00:00+00:00': 8917.051101227378, '2025-05-13 20:00:00+00:00': 8919.82029114499, '2025-05-13 22:00:00+00:00': 8906.579551536704, '2025-05-14 00:00:00+00:00': 8896.64451708902, '2025-05-14 02:00:00+00:00': 8886.963287989453, '2025-05-14 08:00:00+00:00': 8864.963676529154, '2025-05-14 11:00:00+00:00': 8862.258793089415, '2025-05-14 13:00:00+00:00': 8856.04056911847, '2025-05-14 15:00:00+00:00': 8862.104974077025, '2025-05-14 17:00:00+00:00': 8851.201002824475, '2025-05-14 19:00:00+00:00': 8843.666653455573, '2025-05-14 23:00:00+00:00': 8829.156157217629, '2025-05-15 01:00:00+00:00': 8824.372875776595, '2025-05-15 04:00:00+00:00': 8826.372863815355, '2025-05-15 06:00:00+00:00': 8827.6299335701, '2025-05-15 09:00:00+00:00': 8831.720513864442, '2025-05-15 11:00:00+00:00': 8832.610338308705, '2025-05-15 13:00:00+00:00': 8833.781435258474, '2025-05-15 18:00:00+00:00': 8875.354836834478, '2025-05-15 20:00:00+00:00': 8876.82427939426, '2025-05-15 22:00:00+00:00': 8868.01691402981, '2025-05-16 00:00:00+00:00': 8859.606018074997, '2025-05-16 02:00:00+00:00': 8853.36747529116, '2025-05-16 06:00:00+00:00': 8823.106678654047, '2025-05-16 10:00:00+00:00': 8820.80398711122, '2025-05-16 13:00:00+00:00': 8817.170785096645, '2025-05-16 15:00:00+00:00': 8796.32787387491, '2025-05-16 17:00:00+00:00': 8786.545112765489, '2025-05-17 00:00:00+00:00': 8758.7627890974, '2025-05-17 02:00:00+00:00': 8743.883459278662, '2025-05-17 04:00:00+00:00': 8749.056211184048, '2025-05-17 06:00:00+00:00': 8735.303003858926, '2025-05-17 08:00:00+00:00': 8728.277910564888, '2025-05-17 11:00:00+00:00': 8721.584668791591, '2025-05-17 13:00:00+00:00': 8714.555807222912, '2025-05-17 15:00:00+00:00': 8714.73354396231, '2025-05-17 17:00:00+00:00': 8703.155348590079, '2025-05-17 19:00:00+00:00': 8692.613756042612, '2025-05-17 21:00:00+00:00': 8691.6896057976, '2025-05-17 23:00:00+00:00': 8675.970436045707, '2025-05-18 01:00:00+00:00': 8670.019730862985, '2025-05-18 05:00:00+00:00': 8655.562933641759, '2025-05-18 07:00:00+00:00': 8634.989733103066, '2025-05-18 09:00:00+00:00': 8627.326797858908, '2025-05-18 11:00:00+00:00': 8629.455147668323, '2025-05-18 13:00:00+00:00': 8621.986396581298, '2025-05-18 15:00:00+00:00': 8647.567275870457, '2025-05-18 17:00:00+00:00': 8652.775403539847, '2025-05-18 19:00:00+00:00': 8645.722420889948, '2025-05-18 21:00:00+00:00': 8651.697450648157, '2025-05-18 23:00:00+00:00': 8763.382843906584, '2025-05-19 01:00:00+00:00': 8766.558357953958, '2025-05-19 03:00:00+00:00': 8749.800399141302, '2025-05-19 05:00:00+00:00': 8784.385538063749, '2025-05-19 07:00:00+00:00': 8806.891681386054, '2025-05-19 09:00:00+00:00': 8799.854120921482, '2025-05-19 12:00:00+00:00': 8788.106812903363, '2025-05-19 14:00:00+00:00': 8820.435601720119, '2025-05-19 16:00:00+00:00': 8837.785794084592, '2025-05-19 18:00:00+00:00': 8828.298487001424, '2025-05-19 22:00:00+00:00': 8831.544653298144, '2025-05-20 00:00:00+00:00': 8825.038491974145, '2025-05-20 02:00:00+00:00': 8861.7816112402, '2025-05-20 04:00:00+00:00': 8847.509486264737, '2025-05-20 06:00:00+00:00': 8824.99643402621, '2025-05-20 08:00:00+00:00': 8829.303832461448, '2025-05-20 10:00:00+00:00': 8817.43263779422, '2025-05-20 12:00:00+00:00': 8808.998717465416, '2025-05-20 14:00:00+00:00': 8808.587474065214, '2025-05-20 16:00:00+00:00': 8813.524169854514, '2025-05-20 18:00:00+00:00': 8860.026294137011, '2025-05-20 20:00:00+00:00': 8975.997167923419, '2025-05-20 22:00:00+00:00': 8963.008315769483, '2025-05-21 00:00:00+00:00': 8945.621270599486, '2025-05-21 02:00:00+00:00': 8934.345646005226, '2025-05-21 04:00:00+00:00': 8918.381337880797, '2025-05-21 06:00:00+00:00': 8904.319565020673, '2025-05-21 10:00:00+00:00': 8963.987866668247, '2025-05-21 12:00:00+00:00': 8952.763632993323, '2025-05-21 14:00:00+00:00': 8964.822175634325, '2025-05-21 16:00:00+00:00': 8948.920188601944, '2025-05-21 18:00:00+00:00': 10027.491617173373, '2025-05-21 20:00:00+00:00': 10107.56253915919, '2025-05-21 23:00:00+00:00': 10099.875931761895, '2025-05-22 01:00:00+00:00': 10106.73183356526, '2025-05-22 03:00:00+00:00': 10113.683575838731, '2025-05-22 06:00:00+00:00': 10136.15008165123, '2025-05-22 09:00:00+00:00': 10174.45994080616, '2025-05-22 12:00:00+00:00': 10224.532868007404, '2025-05-22 14:00:00+00:00': 10246.367061424218, '2025-05-22 16:00:00+00:00': 10243.916782975506, '2025-05-22 18:00:00+00:00': 10241.134518951309, '2025-05-22 20:00:00+00:00': 10203.241966231573, '2025-05-23 00:00:00+00:00': 10199.260770192692, '2025-05-23 02:00:00+00:00': 10180.96383075182, '2025-05-23 06:00:00+00:00': 10161.60146953697, '2025-05-23 10:00:00+00:00': 10165.528773728585, '2025-05-23 12:00:00+00:00': 10300.869682819495, '2025-05-23 14:00:00+00:00': 10413.645345773006, '2025-05-23 19:00:00+00:00': 10474.885109386345, '2025-05-23 21:00:00+00:00': 10461.762667389185, '2025-05-23 23:00:00+00:00': 10441.204962018808, '2025-05-24 04:00:00+00:00': 10451.95647817191, '2025-05-24 06:00:00+00:00': 10438.30739113934, '2025-05-24 08:00:00+00:00': 10428.704759038039, '2025-05-24 11:00:00+00:00': 10455.980851918752, '2025-05-24 13:00:00+00:00': 10456.322173441005, '2025-05-24 15:00:00+00:00': 10460.752346249315, '2025-05-24 23:00:00+00:00': 10462.517440496636, '2025-05-25 10:00:00+00:00': 10457.013381766654, '2025-05-25 12:00:00+00:00': 10450.737342970046, '2025-05-25 14:00:00+00:00': 10450.375554132876, '2025-05-25 17:00:00+00:00': 10440.13607145965, '2025-05-25 19:00:00+00:00': 10444.629004872717, '2025-05-25 23:00:00+00:00': 10671.975943648227, '2025-05-26 01:00:00+00:00': 10682.136571983569, '2025-05-26 09:00:00+00:00': 10684.617988243428, '2025-05-26 16:00:00+00:00': 10707.695299765774, '2025-05-26 21:00:00+00:00': 10721.857444441092, '2025-05-27 02:00:00+00:00': 10743.812430432745, '2025-05-27 04:00:00+00:00': 10786.404203535543, '2025-05-27 08:00:00+00:00': 10829.63294259903, '2025-05-27 11:00:00+00:00': 10816.952105047507, '2025-05-27 14:00:00+00:00': 10826.699849304685, '2025-05-27 18:00:00+00:00': 10814.804670536123, '2025-05-27 20:00:00+00:00': 10803.490233645714, '2025-05-27 22:00:00+00:00': 10811.060656180925, '2025-05-28 00:00:00+00:00': 10791.953136554894, '2025-05-28 02:00:00+00:00': 10774.800818674099, '2025-05-28 05:00:00+00:00': 10758.203569372974, '2025-05-28 07:00:00+00:00': 10743.359819372974, '2025-05-28 09:00:00+00:00': 10707.139328708956, '2025-05-28 13:00:00+00:00': 10655.904388949919, '2025-05-28 15:00:00+00:00': 10645.638943736445, '2025-05-28 17:00:00+00:00': 10630.412918756878, '2025-05-28 20:00:00+00:00': 10619.39951431053, '2025-05-28 22:00:00+00:00': 10601.441109838974, '2025-05-29 03:00:00+00:00': 10562.862580097619, '2025-05-29 05:00:00+00:00': 10547.63341094109, '2025-05-29 10:00:00+00:00': 10529.696460885649, '2025-05-29 12:00:00+00:00': 10508.905231880619, '2025-05-29 14:00:00+00:00': 10495.826031876824, '2025-05-30 23:00:00+00:00': 10502.121426947308, '2025-05-31 01:00:00+00:00': 10472.121426947308, '2025-05-31 03:00:00+00:00': 10480.473142633582, '2025-05-31 05:00:00+00:00': 10786.427688088128, '2025-05-31 06:00:00+00:00': 10816.427688088128, '2025-05-31 07:00:00+00:00': 10708.791324451764, '2025-05-31 09:00:00+00:00': 10680.057047722205, '2025-05-31 11:00:00+00:00': 10564.095509260665, '2025-05-31 13:00:00+00:00': 10428.374165387148, '2025-05-31 15:00:00+00:00': 10368.587644929645, '2025-05-31 17:00:00+00:00': 10298.68968574597, '2025-05-31 19:00:00+00:00': 10249.836484255451, '2025-05-31 21:00:00+00:00': 10188.61736657978, '2025-05-31 23:00:00+00:00': 10156.547713799913, '2025-06-01 01:00:00+00:00': 10126.2508255854, '2025-06-01 03:00:00+00:00': 10065.273520763774, '2025-06-01 05:00:00+00:00': 10014.122921618351, '2025-06-01 07:00:00+00:00': 9959.287194118386, '2025-06-01 09:00:00+00:00': 9844.950044919571, '2025-06-01 11:00:00+00:00': 9802.609646908279, '2025-06-01 13:00:00+00:00': 9736.975030169193, '2025-06-01 15:00:00+00:00': 9631.482415557732, '2025-06-01 17:00:00+00:00': 9506.493588063127, '2025-06-01 19:00:00+00:00': 9510.005492825032, '2025-06-01 21:00:00+00:00': 9411.271876010862, '2025-06-01 23:00:00+00:00': 9318.44864368763, '2025-06-02 01:00:00+00:00': 9246.90102464001, '2025-06-02 03:00:00+00:00': 9186.90102464001, '2025-06-02 05:00:00+00:00': 9138.180094407453, '2025-06-02 07:00:00+00:00': 9056.134639861999, '2025-06-02 09:00:00+00:00': 9008.259639861999, '2025-06-02 11:00:00+00:00': 8948.259639861999, '2025-06-02 13:00:00+00:00': 8888.259639861999, '2025-06-02 15:00:00+00:00': 8798.565762310978, '2025-06-02 17:00:00+00:00': 8760.611216856432, '2025-06-02 19:00:00+00:00': 8667.196829825023, '2025-06-02 21:00:00+00:00': 8573.078864457057, '2025-06-02 23:00:00+00:00': 8460.217093716938, '2025-06-03 01:00:00+00:00': 8400.606008409157, '2025-06-03 03:00:00+00:00': 8434.632206057697, '2025-06-03 05:00:00+00:00': 8402.795085754806, '2025-06-03 07:00:00+00:00': 8316.149789392199, '2025-06-03 09:00:00+00:00': 8282.284523971408, '2025-06-03 11:00:00+00:00': 8210.907133419623, '2025-06-03 13:00:00+00:00': 8153.191635248668, '2025-06-03 15:00:00+00:00': 7959.776162464326, '2025-06-03 17:00:00+00:00': 7961.373082142336, '2025-06-03 19:00:00+00:00': 7890.636997891627, '2025-06-03 21:00:00+00:00': 7864.642617320446, '2025-06-03 23:00:00+00:00': 7736.862969806591, '2025-06-04 01:00:00+00:00': 7709.196303139924, '2025-06-04 03:00:00+00:00': 7653.783987552282, '2025-06-04 05:00:00+00:00': 7624.228920841038, '2025-06-04 07:00:00+00:00': 7530.1394933367965, '2025-06-04 09:00:00+00:00': 7433.880214145389, '2025-06-04 11:00:00+00:00': 7373.880214145389, '2025-06-04 13:00:00+00:00': 7368.154023669199, '2025-06-04 15:00:00+00:00': 7298.797080819992, '2025-06-04 17:00:00+00:00': 7256.11850939142, '2025-06-04 19:00:00+00:00': 7227.408831972065, '2025-06-04 21:00:00+00:00': 7222.090204521085, '2025-06-04 23:00:00+00:00': 7217.203840884722, '2025-06-05 01:00:00+00:00': 7157.203840884722, '2025-06-05 03:00:00+00:00': 7045.6314426946765, '2025-06-05 05:00:00+00:00': 6985.6314426946765, '2025-06-05 07:00:00+00:00': 6885.2147760280095, '2025-06-05 09:00:00+00:00': 6855.263427075216, '2025-06-05 11:00:00+00:00': 6839.354336166125, '2025-06-05 13:00:00+00:00': 6692.913509323606, '2025-06-05 15:00:00+00:00': 6605.6954587234295, '2025-06-05 17:00:00+00:00': 6674.2939435719145, '2025-06-05 19:00:00+00:00': 6639.165738443709, '2025-06-05 21:00:00+00:00': 7170.403833681805, '2025-06-05 23:00:00+00:00': 7101.74311939609, '2025-06-06 01:00:00+00:00': 7051.415484068455, '2025-06-06 03:00:00+00:00': 6954.107791760763, '2025-06-06 05:00:00+00:00': 6850.506781659752, '2025-06-06 07:00:00+00:00': 6767.411543564514, '2025-06-06 09:00:00+00:00': 6660.094470393783, '2025-06-06 11:00:00+00:00': 6516.951613250926, '2025-06-06 13:00:00+00:00': 6492.877539176852, '2025-06-06 15:00:00+00:00': 6399.155423883603, '2025-06-06 17:00:00+00:00': 6369.155423883603, '2025-06-06 19:00:00+00:00': 6339.155423883603, '2025-06-06 21:00:00+00:00': 6309.155423883603, '2025-06-06 23:00:00+00:00': 6279.155423883603, '2025-06-07 01:00:00+00:00': 6453.3659501993925, '2025-06-07 03:00:00+00:00': 6416.877061685302, '2025-06-07 05:00:00+00:00': 6409.410380061817, '2025-06-07 07:00:00+00:00': 6384.667029565486, '2025-06-07 09:00:00+00:00': 6376.555532420961, '2025-06-07 11:00:00+00:00': 6352.619287308933, '2025-06-07 13:00:00+00:00': 6326.518396965725, '2025-06-07 15:00:00+00:00': 6346.365242449411, '2025-06-07 17:00:00+00:00': 6280.028465792377, '2025-06-07 19:00:00+00:00': 6252.3113588912665, '2025-06-07 21:00:00+00:00': 6225.5146663112155, '2025-06-07 23:00:00+00:00': 6179.777122507037, '2025-06-08 01:00:00+00:00': 6152.786404075396, '2025-06-08 03:00:00+00:00': 6125.6503892167975, '2025-06-08 05:00:00+00:00': 6099.361654102935, '2025-06-08 07:00:00+00:00': 6072.774822914277, '2025-06-08 09:00:00+00:00': 6046.884837127315, '2025-06-08 11:00:00+00:00': 6019.270192585318, '2025-06-08 13:00:00+00:00': 5947.015310802322, '2025-06-08 15:00:00+00:00': 5918.77343396133, '2025-06-08 17:00:00+00:00': 5892.5797858677215, '2025-06-08 19:00:00+00:00': 5866.352517455098, '2025-06-08 21:00:00+00:00': 5840.175043165324, '2025-06-08 23:00:00+00:00': 5811.014768642432, '2025-06-09 01:00:00+00:00': 5837.4792374709305, '2025-06-09 03:00:00+00:00': 5780.988713198171, '2025-06-09 05:00:00+00:00': 5750.988713198171, '2025-06-09 07:00:00+00:00': 5692.459301433465, '2025-06-30 20:00:00+00:00': 5685.8052460061435, '2025-06-30 22:00:00+00:00': 5754.883115004861, '2025-07-01 00:00:00+00:00': 5723.48545458608, '2025-07-01 02:00:00+00:00': 5688.60946335964, '2025-07-01 04:00:00+00:00': 5650.771918477641, '2025-07-01 06:00:00+00:00': 5604.7161793291725, '2025-07-01 08:00:00+00:00': 5570.524345751734, '2025-07-01 10:00:00+00:00': 5505.3342090910955, '2025-07-01 12:00:00+00:00': 5461.946617252496, '2025-07-01 14:00:00+00:00': 5415.883398861692, '2025-07-01 16:00:00+00:00': 5367.165803927185, '2025-07-01 18:00:00+00:00': 5331.139634810506, '2025-07-01 20:00:00+00:00': 5325.752521556433, '2025-07-01 22:00:00+00:00': 5280.9760976061825, '2025-07-02 00:00:00+00:00': 5248.564907288422, '2025-07-02 02:00:00+00:00': 5229.848143355907, '2025-07-02 04:00:00+00:00': 5208.8629755498105, '2025-07-02 06:00:00+00:00': 5171.2733669574045, '2025-07-02 08:00:00+00:00': 5141.3860548016855, '2025-07-02 10:00:00+00:00': 5097.027505467296, '2025-07-02 12:00:00+00:00': 5058.3510899140565, '2025-07-02 14:00:00+00:00': 5025.491753396151, '2025-07-02 16:00:00+00:00': 5010.3254228011765, '2025-07-02 18:00:00+00:00': 4977.5691315351205, '2025-07-02 20:00:00+00:00': 4947.690392467201, '2025-07-02 22:00:00+00:00': 4915.471399592685, '2025-07-03 00:00:00+00:00': 4979.139163527895, '2025-07-03 02:00:00+00:00': 4950.207854183875, '2025-07-03 04:00:00+00:00': 4914.072400604471, '2025-07-03 06:00:00+00:00': 4892.074181192604, '2025-07-03 08:00:00+00:00': 4874.228566252333, '2025-07-03 09:00:00+00:00': 4863.145197933068, '2025-07-03 10:00:00+00:00': 4848.290291482649, '2025-07-03 12:00:00+00:00': 4833.912429133828, '2025-07-03 13:00:00+00:00': 4846.93466129952, '2025-07-03 14:00:00+00:00': 4833.807474654567, '2025-07-03 16:00:00+00:00': 4877.234682074535, '2025-07-03 18:00:00+00:00': 4852.081697577893, '2025-07-03 20:00:00+00:00': 4838.028976706749, '2025-07-03 22:00:00+00:00': 4820.9211193897745, '2025-07-03 23:00:00+00:00': 4807.228125981611, '2025-07-04 00:00:00+00:00': 4791.091309685709, '2025-07-04 01:00:00+00:00': 4770.750578814914, '2025-07-04 02:00:00+00:00': 4754.6736793620075, '2025-07-04 03:00:00+00:00': 4756.088907412879, '2025-07-04 04:00:00+00:00': 4739.757894367414, '2025-07-04 05:00:00+00:00': 4724.626311676566, '2025-07-04 06:00:00+00:00': 4709.384923813428, '2025-07-04 07:00:00+00:00': 4689.94112897501, '2025-07-04 08:00:00+00:00': 4672.062504592959, '2025-07-04 09:00:00+00:00': 4661.447166318462, '2025-07-04 10:00:00+00:00': 4642.743903846484, '2025-07-04 11:00:00+00:00': 4629.05244898847, '2025-07-04 12:00:00+00:00': 4608.370230450215, '2025-07-04 13:00:00+00:00': 4590.625085320789, '2025-07-04 14:00:00+00:00': 4571.503099380076, '2025-07-04 15:00:00+00:00': 4558.154368150646, '2025-07-04 16:00:00+00:00': 4536.889749311089, '2025-07-04 17:00:00+00:00': 4518.424917951672, '2025-07-04 18:00:00+00:00': 4505.339941343769, '2025-07-04 19:00:00+00:00': 4500.2730697077495, '2025-07-04 20:00:00+00:00': 4484.5337390901805, '2025-07-04 21:00:00+00:00': 4476.0200379450935, '2025-07-04 22:00:00+00:00': 4458.12292657628, '2025-07-04 23:00:00+00:00': 4444.494110864949, '2025-07-05 00:00:00+00:00': 4418.468283967864, '2025-07-05 01:00:00+00:00': 4405.144323768822, '2025-07-05 02:00:00+00:00': 4386.438165053611, '2025-07-05 03:00:00+00:00': 4371.497914595979, '2025-07-05 04:00:00+00:00': 4357.319131133266, '2025-07-05 05:00:00+00:00': 4345.135775735778, '2025-07-05 06:00:00+00:00': 4329.242984507887, '2025-07-05 07:00:00+00:00': 4316.52617748059, '2025-07-05 08:00:00+00:00': 4301.09895636724, '2025-07-05 09:00:00+00:00': 4287.064786185812, '2025-07-05 10:00:00+00:00': 4271.630580605843, '2025-07-05 11:00:00+00:00': 4258.322475058797, '2025-07-05 12:00:00+00:00': 4243.373342550227, '2025-07-05 13:00:00+00:00': 4227.849117367531, '2025-07-05 14:00:00+00:00': 4208.226448413343, '2025-07-05 15:00:00+00:00': 4187.244299028338, '2025-07-05 16:00:00+00:00': 4170.962208363393, '2025-07-05 17:00:00+00:00': 4142.429002544541, '2025-07-05 18:00:00+00:00': 4128.03982751374, '2025-07-05 19:00:00+00:00': 4098.03982751374, '2025-07-05 20:00:00+00:00': 4082.7316453347958, '2025-07-05 21:00:00+00:00': 4052.7316453347958, '2025-07-05 22:00:00+00:00': 4032.802893338946, '2025-07-05 23:00:00+00:00': 4019.4604194682397, '2025-07-06 00:00:00+00:00': 3996.007927094415, '2025-07-06 01:00:00+00:00': 3968.359724343509, '2025-07-06 02:00:00+00:00': 3949.0543227697653, '2025-07-06 03:00:00+00:00': 3925.6277170307094, '2025-07-06 04:00:00+00:00': 3906.1563279047296, '2025-07-06 05:00:00+00:00': 3887.7747558648475, '2025-07-06 06:00:00+00:00': 3869.33421405421, '2025-07-06 07:00:00+00:00': 3855.2530980072