number,value,params_BTC_VS_ETH_WEIGHT,params_CONVERGENCE_THRESHOLD,params_DAILY_LOSS_LIMIT,params_FIXED_TRADE_PCT,params_MAX_CONCURRENT_POSITIONS,params_MAX_DRAWDOWN_LIMIT,params_MAX_HOLD_HOURS,params_MAX_POSITION_PCT,params_MIN_DIV,params_MIN_TIME_BETWEEN_TRADES,params_STOP_LOSS_PCT,params_STRIKE_SELECTION_STRATEGY,params_TAKE_PROFIT_PCT,params_TRAIL_PCT,state,user_attrs_cooldown_trades_pct,user_attrs_equity_curves,user_attrs_total_trades
5,-1.0077608608541064,0.6,0.6,0.05,0.065,3.0,0.3,96.0,0.4,0.0225,2.0,0.025,nearest,0.05,0.25,COMPLETE,8.187134502923977,"[{'2025-05-01 00:00:00+00:00': 10000.0, '2025-05-01 01:00:00+00:00': 9984.068693631212, '2025-05-01 03:00:00+00:00': 9975.351651239875, '2025-05-01 05:00:00+00:00': 9968.936988678457, '2025-05-01 07:00:00+00:00': 9969.78452756875, '2025-05-01 09:00:00+00:00': 9964.304939456199, '2025-05-01 11:00:00+00:00': 9958.518094730724, '2025-05-01 13:00:00+00:00': 9952.1035891308, '2025-05-01 21:00:00+00:00': 9917.794728869037, '2025-05-01 23:00:00+00:00': 9901.429880180573, '2025-05-02 01:00:00+00:00': 9894.4084442178, '2025-05-02 09:00:00+00:00': 9833.968665235958, '2025-05-02 11:00:00+00:00': 9822.41242366665, '2025-05-02 13:00:00+00:00': 9812.215098251081, '2025-05-02 23:00:00+00:00': 9795.511075666416, '2025-05-03 01:00:00+00:00': 9787.307441535362, '2025-05-03 03:00:00+00:00': 9777.864069375106, '2025-05-03 12:00:00+00:00': 9750.494595097864, '2025-05-03 14:00:00+00:00': 9738.938915578457, '2025-05-03 16:00:00+00:00': 9725.794808875982, '2025-05-03 18:00:00+00:00': 9704.448770966206, '2025-05-04 00:00:00+00:00': 9674.31903758249, '2025-05-04 02:00:00+00:00': 9666.51221376385, '2025-05-04 04:00:00+00:00': 9655.600781765677, '2025-05-04 06:00:00+00:00': 9645.69571185953, '2025-05-04 14:00:00+00:00': 9610.034740969159, '2025-05-04 18:00:00+00:00': 9570.592972853476, '2025-05-05 02:00:00+00:00': 9559.804587852721, '2025-05-05 06:00:00+00:00': 9543.114086598005, '2025-05-05 08:00:00+00:00': 9528.015800185063, '2025-05-05 10:00:00+00:00': 9513.232601832002, '2025-05-05 18:00:00+00:00': 9471.929366633365, '2025-05-05 20:00:00+00:00': 9453.851994127966, '2025-05-05 22:00:00+00:00': 9495.142685498433, '2025-05-06 02:00:00+00:00': 9464.441009016498, '2025-05-06 06:00:00+00:00': 9448.749087927386, '2025-05-06 08:00:00+00:00': 9436.414233366437, '2025-05-06 14:00:00+00:00': 9406.19732442708, '2025-05-06 18:00:00+00:00': 9402.924075514953, '2025-05-06 20:00:00+00:00': 9392.596298415738, '2025-05-06 22:00:00+00:00': 9393.83712129922, '2025-05-07 02:00:00+00:00': 9400.090936211573, '2025-05-07 06:00:00+00:00': 9384.50129615498, '2025-05-07 08:00:00+00:00': 9382.132291920938, '2025-05-07 18:00:00+00:00': 9333.54016977962, '2025-05-07 20:00:00+00:00': 9337.004410308002, '2025-05-08 02:00:00+00:00': 9312.8680419911, '2025-05-08 10:00:00+00:00': 9261.324045735331, '2025-05-08 18:00:00+00:00': 9231.025748399576, '2025-05-08 20:00:00+00:00': 9220.196645951757, '2025-05-09 02:00:00+00:00': 9200.911431165332, '2025-05-09 06:00:00+00:00': 9180.104545627642, '2025-05-09 08:00:00+00:00': 9178.56562409617, '2025-05-09 16:00:00+00:00': 9165.212685140803, '2025-05-10 00:00:00+00:00': 9156.211844173917, '2025-05-10 02:00:00+00:00': 9153.109450643262, '2025-05-10 04:00:00+00:00': 9141.78305645483, '2025-05-10 08:00:00+00:00': 9139.29638040953, '2025-05-10 12:00:00+00:00': 9123.00208945343, '2025-05-10 14:00:00+00:00': 9115.305545990554, '2025-05-10 17:00:00+00:00': 9108.226776695015, '2025-05-11 01:00:00+00:00': 9073.287267578507, '2025-05-11 03:00:00+00:00': 9066.610226881043, '2025-05-11 05:00:00+00:00': 9063.305009668395, '2025-05-11 07:00:00+00:00': 9050.089714974054, '2025-05-11 13:00:00+00:00': 9035.61864616354, '2025-05-11 15:00:00+00:00': 9025.216151552315, '2025-05-11 18:00:00+00:00': 9016.697779983915, '2025-05-11 22:00:00+00:00': 9011.519926301995, '2025-05-12 00:00:00+00:00': 9005.733889139923, '2025-05-12 09:00:00+00:00': 9000.960664291408, '2025-05-12 14:00:00+00:00': 8974.369845879319, '2025-05-12 16:00:00+00:00': 8974.087468564858, '2025-05-12 21:00:00+00:00': 8999.063831591084, '2025-05-12 23:00:00+00:00': 8996.541064279503, '2025-05-13 01:00:00+00:00': 8995.95952828207, '2025-05-13 03:00:00+00:00': 8992.727353564436, '2025-05-13 05:00:00+00:00': 8999.279744972844, '2025-05-13 07:00:00+00:00': 8991.39153440637, '2025-05-13 11:00:00+00:00': 8979.602972694875, '2025-05-13 18:00:00+00:00': 8987.09059129435, '2025-05-13 20:00:00+00:00': 8982.19259954789, '2025-05-13 22:00:00+00:00': 8969.811653818348, '2025-05-14 00:00:00+00:00': 8960.52076920317, '2025-05-14 02:00:00+00:00': 8951.466512003255, '2025-05-14 11:00:00+00:00': 8934.250757380893, '2025-05-14 13:00:00+00:00': 8928.429787034718, '2025-05-14 16:00:00+00:00': 8920.46314921736, '2025-05-14 18:00:00+00:00': 8907.781712238078, '2025-05-14 22:00:00+00:00': 8891.048960286942, '2025-05-15 00:00:00+00:00': 8880.75791370519, '2025-05-15 02:00:00+00:00': 8877.748388966906, '2025-05-15 05:00:00+00:00': 8869.806264084924, '2025-05-15 09:00:00+00:00': 8873.622807911279, '2025-05-15 11:00:00+00:00': 8874.452993701936, '2025-05-15 13:00:00+00:00': 8875.545592424482, '2025-05-15 18:00:00+00:00': 8914.333163729496, '2025-05-15 20:00:00+00:00': 8915.703638569963, '2025-05-15 22:00:00+00:00': 8907.489550960563, '2025-05-16 00:00:00+00:00': 8899.644669491296, '2025-05-16 02:00:00+00:00': 8893.825557276197, '2025-05-16 04:00:00+00:00': 8874.461328808207, '2025-05-16 06:00:00+00:00': 8865.596350033089, '2025-05-16 13:00:00+00:00': 8860.057841851718, '2025-05-16 16:00:00+00:00': 8859.856254820312, '2025-05-16 20:00:00+00:00': 8842.961693474657, '2025-05-16 22:00:00+00:00': 8844.196464828507, '2025-05-17 00:00:00+00:00': 8833.841907450027, '2025-05-17 05:00:00+00:00': 8814.873729204837, '2025-05-17 07:00:00+00:00': 8792.462178634545, '2025-05-17 09:00:00+00:00': 8777.446747099553, '2025-05-17 13:00:00+00:00': 8763.292585755702, '2025-05-17 19:00:00+00:00': 8742.802971357114, '2025-05-17 21:00:00+00:00': 8741.939877137513, '2025-05-17 23:00:00+00:00': 8727.259117530308, '2025-05-18 01:00:00+00:00': 8721.700797374835, '2025-05-18 05:00:00+00:00': 8705.782326358021, '2025-05-18 07:00:00+00:00': 8686.567800960942, '2025-05-18 11:00:00+00:00': 8681.397971646433, '2025-05-18 13:00:00+00:00': 8674.420957682009, '2025-05-18 15:00:00+00:00': 8698.319089138346, '2025-05-18 17:00:00+00:00': 8703.183590443756, '2025-05-18 19:00:00+00:00': 8696.59623882209, '2025-05-18 21:00:00+00:00': 8692.791365841696, '2025-05-18 23:00:00+00:00': 8804.476759100124, '2025-05-19 01:00:00+00:00': 8807.439277942463, '2025-05-19 04:00:00+00:00': 8831.166608744299, '2025-05-19 06:00:00+00:00': 8826.852161664798, '2025-05-19 08:00:00+00:00': 8859.210055188421, '2025-05-19 12:00:00+00:00': 8848.228263554553, '2025-05-19 14:00:00+00:00': 8878.45322405534, '2025-05-19 16:00:00+00:00': 8894.670088568259, '2025-05-19 18:00:00+00:00': 8885.803743127553, '2025-05-19 20:00:00+00:00': 8897.788383091749, '2025-05-19 22:00:00+00:00': 8888.8386020393, '2025-05-20 02:00:00+00:00': 8918.456360830674, '2025-05-20 04:00:00+00:00': 8905.118916949259, '2025-05-20 06:00:00+00:00': 8884.07781977606, '2025-05-20 08:00:00+00:00': 8888.104324176791, '2025-05-20 10:00:00+00:00': 8877.007660461913, '2025-05-20 12:00:00+00:00': 8869.123249466546, '2025-05-20 14:00:00+00:00': 8868.738774204814, '2025-05-20 18:00:00+00:00': 8916.827824218371, '2025-05-20 20:00:00+00:00': 9032.798698004779, '2025-05-20 22:00:00+00:00': 9020.661296601376, '2025-05-21 00:00:00+00:00': 9004.412332615806, '2025-05-21 02:00:00+00:00': 8993.873298959941, '2025-05-21 04:00:00+00:00': 8978.950529383386, '2025-05-21 06:00:00+00:00': 8965.804489799688, '2025-05-21 10:00:00+00:00': 9021.599923587615, '2025-05-21 12:00:00+00:00': 9011.110434875252, '2025-05-21 14:00:00+00:00': 9022.380627365445, '2025-05-21 16:00:00+00:00': 9007.519690918145, '2025-05-21 18:00:00+00:00': 10086.091119489574, '2025-05-21 20:00:00+00:00': 10166.16204147539, '2025-05-21 23:00:00+00:00': 10158.983096794715, '2025-05-22 01:00:00+00:00': 10165.386547993063, '2025-05-22 03:00:00+00:00': 10171.87920012704, '2025-05-22 06:00:00+00:00': 10192.8609971363, '2025-05-22 09:00:00+00:00': 10228.980737814074, '2025-05-22 12:00:00+00:00': 10275.72618208262, '2025-05-22 14:00:00+00:00': 10296.10230339024, '2025-05-22 18:00:00+00:00': 10293.505611245624, '2025-05-22 20:00:00+00:00': 10258.139735638762, '2025-05-23 00:00:00+00:00': 10254.423020259608, '2025-05-23 02:00:00+00:00': 10237.341115319958, '2025-05-23 04:00:00+00:00': 10231.795836834144, '2025-05-23 10:00:00+00:00': 10222.929171935693, '2025-05-23 12:00:00+00:00': 10358.270081026603, '2025-05-23 14:00:00+00:00': 10463.57388094361, '2025-05-23 16:00:00+00:00': 10504.204948904775, '2025-05-23 19:00:00+00:00': 10524.813644556949, '2025-05-23 21:00:00+00:00': 10512.570439453832, '2025-05-23 23:00:00+00:00': 10493.388434030456, '2025-05-24 04:00:00+00:00': 10503.421880933343, '2025-05-24 06:00:00+00:00': 10490.685321200677, '2025-05-24 08:00:00+00:00': 10481.723848520443, '2025-05-24 11:00:00+00:00': 10507.18041450844, '2025-05-24 13:00:00+00:00': 10507.498907881742, '2025-05-24 23:00:00+00:00': 10509.145248333365, '2025-05-25 10:00:00+00:00': 10504.011559096592, '2025-05-25 14:00:00+00:00': 10497.820145308586, '2025-05-25 17:00:00+00:00': 10488.268887625069, '2025-05-25 19:00:00+00:00': 10492.460131701246, '2025-05-25 23:00:00+00:00': 10719.807070476756, '2025-05-26 01:00:00+00:00': 10729.28422613714, '2025-05-26 16:00:00+00:00': 10753.121724057319, '2025-05-26 21:00:00+00:00': 10766.32807703827, '2025-05-27 02:00:00+00:00': 10786.799407171871, '2025-05-27 04:00:00+00:00': 10826.50715195053, '2025-05-27 08:00:00+00:00': 10866.797364713624, '2025-05-27 11:00:00+00:00': 10854.981892384603, '2025-05-27 14:00:00+00:00': 10864.06519199805, '2025-05-27 18:00:00+00:00': 10852.981548305399, '2025-05-27 20:00:00+00:00': 10842.438197771142, '2025-05-28 00:00:00+00:00': 10832.202003610544, '2025-05-28 02:00:00+00:00': 10815.04968572975, '2025-05-28 05:00:00+00:00': 10799.580384286997, '2025-05-28 07:00:00+00:00': 10784.736634286997, '2025-05-28 09:00:00+00:00': 10750.973786691115, '2025-05-28 13:00:00+00:00': 10699.738846932078, '2025-05-28 15:00:00+00:00': 10690.167435856032, '2025-05-28 17:00:00+00:00': 10675.969845888061, '2025-05-28 20:00:00+00:00': 10665.699286243436, '2025-05-28 22:00:00+00:00': 10648.95092033704, '2025-05-29 03:00:00+00:00': 10612.965128359223, '2025-05-29 05:00:00+00:00': 10598.75668060475, '2025-05-29 10:00:00+00:00': 10582.020212650965, '2025-05-29 12:00:00+00:00': 10562.618136117591, '2025-05-29 14:00:00+00:00': 10550.41108955273, '2025-05-30 23:00:00+00:00': 10557.519304009928, '2025-05-31 01:00:00+00:00': 10527.519304009928, '2025-05-31 03:00:00+00:00': 10535.871019696202, '2025-05-31 05:00:00+00:00': 10475.871019696202, '2025-05-31 07:00:00+00:00': 10398.234656059838, '2025-05-31 09:00:00+00:00': 10369.463975260407, '2025-05-31 11:00:00+00:00': 10261.255859888699, '2025-05-31 13:00:00+00:00': 10125.534516015181, '2025-05-31 15:00:00+00:00': 10066.74561728807, '2025-05-31 17:00:00+00:00': 9998.793750335717, '2025-05-31 19:00:00+00:00': 9951.901537168753, '2025-05-31 21:00:00+00:00': 9893.92590322322, '2025-05-31 23:00:00+00:00': 9864.12361848808, '2025-06-01 01:00:00+00:00': 9834.861973584024, '2025-06-01 03:00:00+00:00': 9777.090597300323, '2025-06-01 05:00:00+00:00': 9728.124742633876, '2025-06-01 07:00:00+00:00': 9676.893382781147, '2025-06-01 09:00:00+00:00': 9570.218577225785, '2025-06-01 11:00:00+00:00': 9529.142472292486, '2025-06-01 13:00:00+00:00': 9468.148823687168, '2025-06-01 15:00:00+00:00': 9368.341477883765, '2025-06-01 17:00:00+00:00': 9247.652069803169, '2025-06-01 19:00:00+00:00': 9250.206237470586, '2025-06-01 21:00:00+00:00': 9158.448406932212, '2025-06-01 23:00:00+00:00': 9069.748755924407, '2025-06-02 01:00:00+00:00': 8999.903072576937, '2025-06-02 03:00:00+00:00': 8939.903072576937, '2025-06-02 05:00:00+00:00': 8891.18214234438, '2025-06-02 07:00:00+00:00': 8809.136687798926, '2025-06-02 09:00:00+00:00': 8761.261687798926, '2025-06-02 11:00:00+00:00': 8701.261687798926, '2025-06-02 13:00:00+00:00': 8641.261687798926, '2025-06-02 15:00:00+00:00': 8552.485259345916, '2025-06-02 17:00:00+00:00': 8516.403097743705, '2025-06-02 19:00:00+00:00': 8426.048237620738, '2025-06-02 21:00:00+00:00': 8334.244838115634, '2025-06-02 23:00:00+00:00': 8224.058139335933, '2025-06-03 01:00:00+00:00': 8164.789559850852, '2025-06-03 03:00:00+00:00': 8196.550845458954, '2025-06-03 05:00:00+00:00': 8167.41191665907, '2025-06-03 07:00:00+00:00': 8085.224490270525, '2025-06-03 09:00:00+00:00': 8054.185500975601, '2025-06-03 11:00:00+00:00': 7985.711703919215, '2025-06-03 13:00:00+00:00': 7930.771123152643, '2025-06-03 15:00:00+00:00': 7742.206701025424, '2025-06-03 17:00:00+00:00': 7743.7730903475995, '2025-06-03 19:00:00+00:00': 7675.629988622004, '2025-06-03 21:00:00+00:00': 7652.250347968736, '2025-06-03 23:00:00+00:00': 7530.26974512967, '2025-06-04 01:00:00+00:00': 7502.447888933249, '2025-06-04 03:00:00+00:00': 7446.808159727658, '2025-06-04 05:00:00+00:00': 7420.113472416537, '2025-06-04 07:00:00+00:00': 7332.343097098238, '2025-06-04 09:00:00+00:00': 7242.585761298462, '2025-06-04 11:00:00+00:00': 7184.56960873707, '2025-06-04 13:00:00+00:00': 7178.046359923283, '2025-06-04 15:00:00+00:00': 7111.250591153739, '2025-06-04 17:00:00+00:00': 7068.794005178541, '2025-06-04 19:00:00+00:00': 7040.822846806049, '2025-06-04 21:00:00+00:00': 7035.504219355069, '2025-06-04 23:00:00+00:00': 7030.617855718706, '2025-06-05 01:00:00+00:00': 6971.0577053608695, '2025-06-05 03:00:00+00:00': 6863.047410560945, '2025-06-05 05:00:00+00:00': 6804.724755751869, '2025-06-05 07:00:00+00:00': 6704.3080890852025, '2025-06-05 09:00:00+00:00': 6677.212712757883, '2025-06-05 11:00:00+00:00': 6660.656492144114, '2025-06-05 13:00:00+00:00': 6520.1416180991155, '2025-06-05 15:00:00+00:00': 6435.775362981114, '2025-06-05 17:00:00+00:00': 6504.373847829599, '2025-06-05 19:00:00+00:00': 6471.500438865056, '2025-06-05 21:00:00+00:00': 7002.738534103151, '2025-06-05 23:00:00+00:00': 6935.929274006539, '2025-06-06 01:00:00+00:00': 6885.601638678903, '2025-06-06 03:00:00+00:00': 6788.293946371211, '2025-06-06 05:00:00+00:00': 6684.6929362702, '2025-06-06 07:00:00+00:00': 6601.597698174963, '2025-06-06 09:00:00+00:00': 6494.280625004231, '2025-06-06 11:00:00+00:00': 6351.137767861374, '2025-06-06 13:00:00+00:00': 6327.0636937873005, '2025-06-06 15:00:00+00:00': 6236.0013321168035, '2025-06-06 17:00:00+00:00': 6178.117194434874, '2025-06-06 19:00:00+00:00': 6139.485041331288, '2025-06-06 21:00:00+00:00': 6082.289727012648, '2025-06-06 23:00:00+00:00': 6022.289727012648, '2025-06-07 01:00:00+00:00': 6163.413288887058, '2025-06-07 03:00:00+00:00': 6119.787411321861, '2025-06-07 05:00:00+00:00': 6121.827279185893, '2025-06-07 07:00:00+00:00': 6088.077749263031, '2025-06-07 09:00:00+00:00': 6069.385660488013, '2025-06-07 11:00:00+00:00': 6017.707023404507, '2025-06-07 13:00:00+00:00': 5945.4092434836875, '2025-06-07 15:00:00+00:00': 5933.391850803919, '2025-06-07 17:00:00+00:00': 5843.296327458932, '2025-06-07 19:00:00+00:00': 5788.172667546612, '2025-06-07 21:00:00+00:00': 5712.790544872536, '2025-06-07 23:00:00+00:00': 5663.358547248821, '2025-06-08 01:00:00+00:00': 5588.663740277942, '2025-06-08 03:00:00+00:00': 5534.03965823186, '2025-06-08 05:00:00+00:00': 5480.178762495208, '2025-06-08 07:00:00+00:00': 5456.041733808104, '2025-06-08 09:00:00+00:00': 5432.531839088409, '2025-06-08 11:00:00+00:00': 5407.450101121967, '2025-06-08 13:00:00+00:00': 5341.806614955462, '2025-06-08 15:00:00+00:00': 5316.132320049222, '2025-06-08 17:00:00+00:00': 5292.314005938979, '2025-06-08 19:00:00+00:00': 5268.4594956240135, '2025-06-08 21:00:00+00:00': 5244.644633401134, '2025-06-08 23:00:00+00:00': 5218.1098851094785, '2025-06-09 01:00:00+00:00': 5242.197940592792, '2025-06-09 03:00:00+00:00': 5190.792398422766, '2025-06-09 05:00:00+00:00': 5161.752955709628, '2025-06-09 07:00:00+00:00': 5107.168997530762, '2025-06-09 09:00:00+00:00': 5078.440603115722, '2025-06-09 11:00:00+00:00': 5030.841815747354, '2025-06-09 13:00:00+00:00': 5004.954940750359, '2025-06-09 15:00:00+00:00': 4896.756832223998, '2025-06-09 17:00:00+00:00': 4872.895767358233, '2025-06-09 19:00:00+00:00': 4851.90581848764, '2025-06-09 21:00:00+00:00': 4831.586050984075, '2025-06-09 23:00:00+00:00': 4815.860848564992, '2025-06-10 01:00:00+00:00': 4764.421037110064, '2025-06-10 03:00:00+00:00': 4737.902737075668, '2025-06-10 05:00:00+00:00': 4711.175798973811, '2025-06-10 07:00:00+00:00': 4696.797847228676, '2025-06-10 09:00:00+00:00': 4703.5849156766735, '2025-06-10 11:00:00+00:00': 4676.323501179419, '2025-06-10 13:00:00+00:00': 4673.542548144842, '2025-06-10 15:00:00+00:00': 4627.631981793404, '2025-06-10 17:00:00+00:00': 4600.786497763478, '2025-06-10 19:00:00+00:00': 4556.508066264723, '2025-06-10 21:00:00+00:00': 4551.956664097616, '2025-06-10 23:00:00+00:00': 4517.64084044071, '2025-06-30 20:00:00+00:00': 4511.462074686769, '2025-06-30 22:00:00+00:00': 4575.607844908337, '2025-07-01 00:00:00+00:00': 4546.459856678751, '2025-07-01 02:00:00+00:00': 4514.079112967349, '2025-07-01 04:00:00+00:00': 4478.943415583572, '2025-07-01 06:00:00+00:00': 4436.17157044845, '2025-07-01 08:00:00+00:00': 4404.411571357747, '2025-07-01 10:00:00+00:00': 4343.852265717272, '2025-07-01 12:00:00+00:00': 4303.00382011119, '2025-07-01 14:00:00+00:00': 4258.254793517132, '2025-07-01 16:00:00+00:00': 4212.977809447199, '2025-07-01 18:00:00+00:00': 4179.489506014397, '2025-07-01 20:00:00+00:00': 4175.470107080884, '2025-07-01 22:00:00+00:00': 4133.8416327571085, '2025-07-02 00:00:00+00:00': 4103.70128348356, '2025-07-02 02:00:00+00:00': 4086.2911537226214, '2025-07-02 04:00:00+00:00': 4066.7727794800903, '2025-07-02 06:00:00+00:00': 4031.8078913551826, '2025-07-02 08:00:00+00:00': 4004.0000632172564, '2025-07-02 10:00:00+00:00': 3962.7300634186304, '2025-07-02 12:00:00+00:00': 3926.739394920555, '2025-07-02 14:00:00+00:00': 3896.1602563125703, '2025-07-02 16:00:00+00:00': 3881.80809696521, '2025-07-02 18:00:00+00:00': 3851.3209572567785, '2025-07-02 20:00:00+00:00': 3823.5067748792285, '2025-07-02 22:00:00+00:00': 3793.508100171672, '2025-07-03 00:00:00+00:00': 3852.8105105578456, '2025-07-03 02:00:00+00:00': 3825.8783698704865, '2025-07-03 04:00:00+00:00': 3792.235475812759, '2025-07-03 06:00:00+00:00': 3771.752201941684, '2025-07-03 08:00:00+00:00': 3755.131240047809, '2025-07-03 09:00:00+00:00': 3744.812183928334, '2025-07-03 10:00:00+00:00': 3730.9748494436735, '2025-07-03 12:00:00+00:00': 3717.580392931564, '2025-07-03 13:00:00+00:00': 3729.7056073793788, '2025-07-03 14:00:00+00:00': 3717.4749665333056, '2025-07-03 16:00:00+00:00': 3757.945338208771, '2025-07-03 18:00:00+00:00': 3734.5198682892915, '2025-07-03 20:00:00+00:00': 3721.4288833749806, '2025-07-03 22:00:00+00:00': 3705.4901717922457, '2025-07-03 23:00:00+00:00': 3692.740193159138, '2025-07-04 00:00:00+00:00': 3677.704232871087, '2025-07-04 01:00:00+00:00': 3658.7624045469142, '2025-07-04 02:00:00+00:00': 3643.7804574265347, '2025-07-04 03:00:00+00:00': 3645.0985554013014, '2025-07-04 04:00:00+00:00': 3629.87796031725, '2025-07-04 05:00:00+00:00': 3615.7850387818885, '2025-07-04 06:00:00+00:00': 3601.578231575476, '2025-07-04 07:00:00+00:00': 3583.467048541476, '2025-07-04 08:00:00+00:00': 3566.80010169813, '2025-07-04 09:00:00+00:00': 3556.910862934637, '2025-07-04 10:00:00+00:00': 3539.472807449466, '2025-07-04 11:00:00+00:00': 3526.716846362441, '2025-07-04 12:00:00+00:00': 3507.4309700611975, '2025-07-04 13:00:00+00:00': 3490.896595022761, '2025-07-04 14:00:00+00:00': 3473.0628119472617, '2025-07-04 15:00:00+00:00': 3460.623218591329, '2025-07-04 16:00:00+00:00': 3440.7882598941655, '2025-07-04 17:00:00+00:00': 3423.5792768175647, '2025-07-04 18:00:00+00:00': 3411.372047490877, '2025-07-04 19:00:00+00:00': 3406.6491308135555, '2025-07-04 20:00:00+00:00': 3391.96413501149, '2025-07-04 21:00:00+00:00': 3384.028066660477, '2025-07-04 22:00:00+00:00': 3367.3278225441204, '2025-07-04 23:00:00+00:00': 3354.6228695404784, '2025-07-05 00:00:00+00:00': 3330.334184043427, '2025-07-05 01:00:00+00:00': 3317.9121398619627, '2025-07-05 02:00:00+00:00': 3300.451064250094, '2025-07-05 03:00:00+00:00': 3286.5207318414778, '2025-07-05 04:00:00+00:00': 3273.2837815427533, '2025-07-05 05:00:00+00:00': 3261.9226975160877, '2025-07-05 06:00:00+00:00': 3247.083969940341, '2025-07-05 07:00:00+00:00': 3235.2243393899994, '2025-07-05 08:00:00+00:00': 3220.818534193899, '2025-07-05 09:00:00+00:00': 3207.7290704121797, '2025-07-05 10:00:00+00:00': 3193.315021606034, '2025-07-05 11:00:00+00:00': 3180.901419637337, '2025-07-05 12:00:00+00:00': 3166.9387107426187, '2025-07-05 13:00:00+00:00': 3152.4564742792713, '2025-07-05 14:00:00+00:00': 3134.1264853806724, '2025-07-05 15:00:00+00:00': 3114.5503378672092, '2025-07-05 16:00:00+00:00': 3099.33853693767, '2025-07-05 17:00:00+00:00': 3072.7130439819766, '2025-07-05 18:00:00+00:00': 3059.2680223703896, '2025-07-05 19:00:00+00:00': 3029.6945051033367, '2025-07-05 20:00:00+00:00': 3015.3891697921777, '2025-07-05 21:00:00+00:00': 2986.8255473991157, '2025-07-05 22:00:00+00:00': 2968.2001075536054, '2025-07-05 23:00:00+00:00': 2955.7440581527608, '2025-07-06 00:00:00+00:00': 2933.821900315165, '2025-07-06 01:00:00+00:00': 2908.0078729673437, '2025-07-06 02:00:00+00:00': 2889.958870559881, '2025-07-06 03:00:00+00:00': 2868.0816803163184, '2025-07-06 04:00:00+00:00': 2849.874724071798, '2025-07-06 05:00:00+00:00': 2832.7057598643923, '2025-07-06 06:00:00+00:00': 2815.4600589392035, '2025-07-06 07:00:00+00:00': 2802.305967784081, '2025-07-06 08:00:00+00:00': 2784.189647534132, '2025-07-06 09:00:00+00:00': 2769.117528951821, '2025-07-06 10:00:00+00:00': 2751.6714934878546, '2025-07-06 11:00:00+00:00': 2737.478009609812, '2025-07-06 12:00:00+00:00': 2719.3601521889427, '2025-07-06 13:00:00+00: