number,value,params_BTC_VS_ETH_WEIGHT,params_CONVERGENCE_THRESHOLD,params_DAILY_LOSS_LIMIT,params_FIXED_TRADE_PCT,params_MAX_CONCURRENT_POSITIONS,params_MAX_DRAWDOWN_LIMIT,params_MAX_HOLD_HOURS,params_MAX_POSITION_PCT,params_MIN_DIV,params_MIN_TIME_BETWEEN_TRADES,params_STOP_LOSS_PCT,params_STRIKE_SELECTION_STRATEGY,params_TAKE_PROFIT_PCT,params_TRAIL_PCT,state,user_attrs_cooldown_trades_pct,user_attrs_equity_curves,user_attrs_total_trades
48,-0.9006916496846138,0.8,0.5,0.05,0.06,1.0,0.15,48.0,0.6,0.0325,0.5,0.015,furthest,0.05,0.25,COMPLETE,11.757575757575758,"[{'2025-05-01 00:00:00+00:00': 10000.0, '2025-05-01 01:00:00+00:00': 9985.294178736503, '2025-05-01 02:00:00+00:00': 10070.301375866715, '2025-05-01 03:00:00+00:00': 10062.1853773451, '2025-05-01 04:00:00+00:00': 10051.730943543707, '2025-05-01 05:00:00+00:00': 10045.764378901458, '2025-05-01 06:00:00+00:00': 10042.892299075964, '2025-05-01 07:00:00+00:00': 10043.680446541899, '2025-05-01 08:00:00+00:00': 10037.240580383956, '2025-05-01 11:00:00+00:00': 10013.701112500881, '2025-05-01 12:00:00+00:00': 10002.70842915502, '2025-05-01 19:00:00+00:00': 9981.786776797639, '2025-05-01 21:00:00+00:00': 9960.881475280054, '2025-05-01 22:00:00+00:00': 9949.570603733846, '2025-05-01 23:00:00+00:00': 9934.416191016733, '2025-05-02 04:00:00+00:00': 9871.906335253181, '2025-05-02 05:00:00+00:00': 9851.59601536685, '2025-05-02 06:00:00+00:00': 9835.375739735495, '2025-05-02 07:00:00+00:00': 9822.226245280208, '2025-05-02 12:00:00+00:00': 9790.141521846972, '2025-05-02 13:00:00+00:00': 9780.759531605752, '2025-05-02 14:00:00+00:00': 9805.395167846757, '2025-05-02 15:00:00+00:00': 9804.351345879779, '2025-05-03 13:00:00+00:00': 9793.656644992034, '2025-05-03 14:00:00+00:00': 9782.942645765508, '2025-05-03 15:00:00+00:00': 9770.226652104266, '2025-05-03 16:00:00+00:00': 9758.054651462702, '2025-05-03 23:00:00+00:00': 9661.914331804037, '2025-05-04 05:00:00+00:00': 9607.531452874518, '2025-05-04 06:00:00+00:00': 9598.433829530106, '2025-05-04 12:00:00+00:00': 9519.390298382128, '2025-05-04 13:00:00+00:00': 9504.431286563853, '2025-05-04 17:00:00+00:00': 9444.933304006921, '2025-05-04 18:00:00+00:00': 9426.591676370283, '2025-05-04 23:00:00+00:00': 9389.898792319618, '2025-05-05 03:00:00+00:00': 9411.52536210649, '2025-05-05 06:00:00+00:00': 9387.256778205734, '2025-05-05 07:00:00+00:00': 9373.68876934361, '2025-05-05 10:00:00+00:00': 9336.917175207482, '2025-05-05 13:00:00+00:00': 9312.335622433286, '2025-05-05 14:00:00+00:00': 9300.55486805416, '2025-05-05 17:00:00+00:00': 9306.057644494875, '2025-05-05 18:00:00+00:00': 9308.553959586596, '2025-05-05 19:00:00+00:00': 9314.220414404403, '2025-05-05 21:00:00+00:00': 9289.855533709391, '2025-05-05 22:00:00+00:00': 9327.308844116478, '2025-05-06 01:00:00+00:00': 9287.380317314788, '2025-05-06 02:00:00+00:00': 9276.128293144076, '2025-05-06 03:00:00+00:00': 9263.823904101177, '2025-05-06 08:00:00+00:00': 9219.428923128276, '2025-05-06 09:00:00+00:00': 9207.861144405522, '2025-05-06 10:00:00+00:00': 9198.493287188845, '2025-05-06 13:00:00+00:00': 9194.016733371098, '2025-05-06 14:00:00+00:00': 9182.873204256446, '2025-05-06 17:00:00+00:00': 9222.963842588639, '2025-05-06 18:00:00+00:00': 9219.607646789129, '2025-05-06 19:00:00+00:00': 9224.31489070349, '2025-05-06 20:00:00+00:00': 9214.962644302192, '2025-05-06 21:00:00+00:00': 9213.970927222994, '2025-05-07 00:00:00+00:00': 9222.394277102396, '2025-05-07 01:00:00+00:00': 9219.899887408477, '2025-05-07 02:00:00+00:00': 9215.773968105943, '2025-05-07 03:00:00+00:00': 9220.99364344282, '2025-05-07 04:00:00+00:00': 9205.020998444637, '2025-05-07 07:00:00+00:00': 9162.115852697701, '2025-05-07 08:00:00+00:00': 9159.980899735165, '2025-05-07 11:00:00+00:00': 9119.881764867016, '2025-05-07 14:00:00+00:00': 9085.697877681076, '2025-05-07 15:00:00+00:00': 9082.827745360677, '2025-05-07 18:00:00+00:00': 9051.109440375525, '2025-05-07 21:00:00+00:00': 9060.959593793814, '2025-05-07 22:00:00+00:00': 9060.790398413785, '2025-05-07 23:00:00+00:00': 9049.568365634537, '2025-05-08 01:00:00+00:00': 9051.861333241402, '2025-05-08 02:00:00+00:00': 9042.089301881742, '2025-05-08 05:00:00+00:00': 9043.998761112369, '2025-05-08 06:00:00+00:00': 9030.090042498503, '2025-05-08 07:00:00+00:00': 9020.53977774973, '2025-05-08 08:00:00+00:00': 9010.544781676368, '2025-05-08 11:00:00+00:00': 8981.213907947285, '2025-05-08 12:00:00+00:00': 8958.982301328757, '2025-05-08 13:00:00+00:00': 8946.78211273764, '2025-05-08 14:00:00+00:00': 8935.483303880703, '2025-05-08 15:00:00+00:00': 8927.951367818849, '2025-05-08 19:00:00+00:00': 8923.28676835451, '2025-05-08 20:00:00+00:00': 8913.623918220836, '2025-05-08 21:00:00+00:00': 8915.848598785005, '2025-05-08 22:00:00+00:00': 8913.981479212893, '2025-05-08 23:00:00+00:00': 8897.447252984653, '2025-05-09 00:00:00+00:00': 8891.80157598971, '2025-05-09 02:00:00+00:00': 8877.382129416716, '2025-05-09 03:00:00+00:00': 8911.870986835745, '2025-05-09 04:00:00+00:00': 8902.591283177104, '2025-05-09 05:00:00+00:00': 8896.615095863976, '2025-05-09 06:00:00+00:00': 8887.297247616369, '2025-05-09 07:00:00+00:00': 8887.297247616369, '2025-05-09 08:00:00+00:00': 8885.922014098514, '2025-05-09 09:00:00+00:00': 9035.881768161213, '2025-05-09 11:00:00+00:00': 9030.603583000242, '2025-05-09 14:00:00+00:00': 9030.05593270028, '2025-05-09 18:00:00+00:00': 9023.908553539653, '2025-05-10 01:00:00+00:00': 9017.585969036554, '2025-05-10 03:00:00+00:00': 9005.560219815723, '2025-05-10 06:00:00+00:00': 8983.926646806147, '2025-05-10 07:00:00+00:00': 8979.97878314622, '2025-05-10 08:00:00+00:00': 8978.389900641378, '2025-05-10 13:00:00+00:00': 8970.84441313603, '2025-05-10 14:00:00+00:00': 8963.858403664344, '2025-05-10 17:00:00+00:00': 8953.482621630288, '2025-05-10 22:00:00+00:00': 8948.982314225297, '2025-05-11 00:00:00+00:00': 8964.795552502688, '2025-05-11 04:00:00+00:00': 8962.467974911468, '2025-05-11 09:00:00+00:00': 8961.498113947926, '2025-05-11 10:00:00+00:00': 8958.156238964046, '2025-05-11 11:00:00+00:00': 8952.143178894426, '2025-05-11 12:00:00+00:00': 8942.903522900451, '2025-05-11 19:00:00+00:00': 8939.398084316977, '2025-05-12 00:00:00+00:00': 8934.348106077994, '2025-05-12 01:00:00+00:00': 8930.07579511775, '2025-05-12 07:00:00+00:00': 8925.94935878277, '2025-05-12 08:00:00+00:00': 8923.230612489682, '2025-05-12 12:00:00+00:00': 8916.22513492422, '2025-05-12 14:00:00+00:00': 8904.171973958191, '2025-05-12 15:00:00+00:00': 8938.728243917329, '2025-05-12 16:00:00+00:00': 8938.468623126852, '2025-05-12 19:00:00+00:00': 8949.00467830219, '2025-05-12 21:00:00+00:00': 8961.431000800005, '2025-05-13 01:00:00+00:00': 8958.561831916262, '2025-05-13 03:00:00+00:00': 8955.590689118368, '2025-05-13 05:00:00+00:00': 8961.614072905473, '2025-05-13 08:00:00+00:00': 8964.082135431963, '2025-05-13 10:00:00+00:00': 8969.082128518234, '2025-05-13 12:00:00+00:00': 8968.988758236426, '2025-05-13 16:00:00+00:00': 8973.09409001326, '2025-05-13 18:00:00+00:00': 8975.892129678423, '2025-05-13 19:00:00+00:00': 8965.715411460056, '2025-05-13 20:00:00+00:00': 8974.07232064847, '2025-05-13 21:00:00+00:00': 8959.175903268862, '2025-05-13 23:00:00+00:00': 8942.596760307311, '2025-05-14 00:00:00+00:00': 8936.372485100812, '2025-05-14 06:00:00+00:00': 8930.091868632408, '2025-05-14 11:00:00+00:00': 8934.521015859633, '2025-05-14 12:00:00+00:00': 8930.872041290802, '2025-05-14 19:00:00+00:00': 8924.355897958721, '2025-05-14 21:00:00+00:00': 8919.395696054313, '2025-05-15 01:00:00+00:00': 8915.25383640478, '2025-05-15 12:00:00+00:00': 8909.2489967986, '2025-05-15 16:00:00+00:00': 8949.23941991134, '2025-05-15 17:00:00+00:00': 8960.474092561913, '2025-05-15 18:00:00+00:00': 8957.437425781523, '2025-05-15 19:00:00+00:00': 8991.917393556765, '2025-05-15 20:00:00+00:00': 8993.193457413692, '2025-05-15 21:00:00+00:00': 8987.010530862402, '2025-05-15 23:00:00+00:00': 8984.840988102953, '2025-05-16 00:00:00+00:00': 8977.536675461815, '2025-05-16 01:00:00+00:00': 8972.03510119567, '2025-05-16 03:00:00+00:00': 8964.399323238464, '2025-05-16 07:00:00+00:00': 8952.408076610978, '2025-05-16 10:00:00+00:00': 8950.40541618275, '2025-05-16 11:00:00+00:00': 8944.996010228268, '2025-05-16 14:00:00+00:00': 8949.927571603792, '2025-05-16 16:00:00+00:00': 8949.739603808825, '2025-05-16 20:00:00+00:00': 8933.98641284721, '2025-05-16 22:00:00+00:00': 8935.137934167155, '2025-05-17 00:00:00+00:00': 8925.481599421342, '2025-05-17 01:00:00+00:00': 8906.34940841134, '2025-05-17 03:00:00+00:00': 8897.589650654258, '2025-05-17 04:00:00+00:00': 8902.101378263598, '2025-05-17 05:00:00+00:00': 8903.487248915986, '2025-05-17 07:00:00+00:00': 8882.591697127116, '2025-05-17 08:00:00+00:00': 8878.127491134523, '2025-05-17 09:00:00+00:00': 8864.132050376258, '2025-05-17 12:00:00+00:00': 8839.353467540193, '2025-05-17 13:00:00+00:00': 8826.74707293824, '2025-05-17 16:00:00+00:00': 8807.15673621195, '2025-05-17 17:00:00+00:00': 8796.939678902032, '2025-05-17 18:00:00+00:00': 8803.21912772482, '2025-05-17 19:00:00+00:00': 8794.079590353413, '2025-05-17 20:00:00+00:00': 8785.167794402327, '2025-05-17 21:00:00+00:00': 8784.36723148132, '2025-05-18 00:00:00+00:00': 8788.092805923778, '2025-05-18 01:00:00+00:00': 8782.926284721803, '2025-05-18 05:00:00+00:00': 8772.692197668834, '2025-05-18 06:00:00+00:00': 8774.202608698804, '2025-05-18 08:00:00+00:00': 8782.834126312458, '2025-05-18 09:00:00+00:00': 8765.98500832191, '2025-05-18 10:00:00+00:00': 8760.082984797882, '2025-05-18 11:00:00+00:00': 8761.935356724038, '2025-05-18 12:00:00+00:00': 8762.432751390468, '2025-05-18 13:00:00+00:00': 8742.093802085908, '2025-05-18 14:00:00+00:00': 8754.371243777266, '2025-05-18 15:00:00+00:00': 8776.634378022229, '2025-05-18 16:00:00+00:00': 8766.674051540078, '2025-05-18 17:00:00+00:00': 8771.19964712814, '2025-05-18 18:00:00+00:00': 8780.909138111616, '2025-05-18 19:00:00+00:00': 8752.011446869014, '2025-05-18 20:00:00+00:00': 8763.0691341373, '2025-05-18 21:00:00+00:00': 8752.034863275252, '2025-05-18 22:00:00+00:00': 8751.099490909182, '2025-05-18 23:00:00+00:00': 8862.78488416761, '2025-05-19 00:00:00+00:00': 8872.002423550184, '2025-05-19 01:00:00+00:00': 8917.343601473465, '2025-05-19 02:00:00+00:00': 8897.887559536093, '2025-05-19 04:00:00+00:00': 8927.954899933742, '2025-05-19 08:00:00+00:00': 8958.165842154634, '2025-05-19 12:00:00+00:00': 8947.915574822688, '2025-05-19 14:00:00+00:00': 8976.12986935186, '2025-05-19 15:00:00+00:00': 8966.919888061571, '2025-05-19 16:00:00+00:00': 8982.038459654017, '2025-05-19 17:00:00+00:00': 8981.507163205473, '2025-05-19 20:00:00+00:00': 8992.689057672565, '2025-05-19 21:00:00+00:00': 8990.264105477956, '2025-05-19 23:00:00+00:00': 8981.11990842479, '2025-05-20 00:00:00+00:00': 8975.51103117501, '2025-05-20 01:00:00+00:00': 8967.327978069894, '2025-05-20 02:00:00+00:00': 9000.53158633282, '2025-05-20 05:00:00+00:00': 9015.612634961015, '2025-05-20 06:00:00+00:00': 8995.949090884093, '2025-05-20 07:00:00+00:00': 9012.579454540612, '2025-05-20 08:00:00+00:00': 9016.34998821862, '2025-05-20 09:00:00+00:00': 9003.740556688923, '2025-05-20 10:00:00+00:00': 8993.364217795828, '2025-05-20 12:00:00+00:00': 8985.990903678874, '2025-05-20 13:00:00+00:00': 8989.004343996448, '2025-05-20 14:00:00+00:00': 8988.644646682105, '2025-05-20 16:00:00+00:00': 8992.962595759096, '2025-05-20 18:00:00+00:00': 9033.633065651544, '2025-05-20 19:00:00+00:00': 9075.78663696599, '2025-05-20 20:00:00+00:00': 9191.757510752397, '2025-05-20 21:00:00+00:00': 9172.363314524173, '2025-05-20 22:00:00+00:00': 9160.986451595916, '2025-05-20 23:00:00+00:00': 9153.128098645842, '2025-05-21 00:00:00+00:00': 9137.908796685942, '2025-05-21 01:00:00+00:00': 9123.520092756462, '2025-05-21 04:00:00+00:00': 9080.799354538656, '2025-05-21 05:00:00+00:00': 9105.277899976805, '2025-05-21 06:00:00+00:00': 9092.972366225107, '2025-05-21 07:00:00+00:00': 9080.56330389392, '2025-05-21 08:00:00+00:00': 9143.448420550949, '2025-05-21 09:00:00+00:00': 9118.803962759765, '2025-05-21 10:00:00+00:00': 9091.914136274545, '2025-05-21 11:00:00+00:00': 9081.764642565324, '2025-05-21 12:00:00+00:00': 9072.017464662711, '2025-05-21 13:00:00+00:00': 9064.173157686797, '2025-05-21 16:00:00+00:00': 9143.998476793506, '2025-05-21 17:00:00+00:00': 9143.217001510095, '2025-05-21 18:00:00+00:00': 10221.788430081524, '2025-05-21 19:00:00+00:00': 10224.553522724755, '2025-05-21 20:00:00+00:00': 10304.624444710571, '2025-05-21 21:00:00+00:00': 10392.835832158737, '2025-05-21 23:00:00+00:00': 10402.028868644464, '2025-05-22 00:00:00+00:00': 10456.225750997404, '2025-05-22 01:00:00+00:00': 10462.309575969994, '2025-05-22 03:00:00+00:00': 10468.477850538029, '2025-05-22 04:00:00+00:00': 10545.778735493781, '2025-05-22 06:00:00+00:00': 10565.858473220114, '2025-05-22 09:00:00+00:00': 10600.419863546871, '2025-05-22 12:00:00+00:00': 10645.13637263375, '2025-05-22 13:00:00+00:00': 10645.566764674411, '2025-05-22 14:00:00+00:00': 10665.052449611008, '2025-05-22 18:00:00+00:00': 10662.569610921022, '2025-05-22 19:00:00+00:00': 10656.000528834986, '2025-05-22 21:00:00+00:00': 10679.040110925784, '2025-05-23 00:00:00+00:00': 10675.46852744594, '2025-05-23 06:00:00+00:00': 10663.39685264944, '2025-05-23 07:00:00+00:00': 10672.823874560017, '2025-05-23 11:00:00+00:00': 10689.142154690428, '2025-05-23 12:00:00+00:00': 10824.483063781337, '2025-05-23 13:00:00+00:00': 10826.057798790493, '2025-05-23 14:00:00+00:00': 10927.65109414396, '2025-05-23 16:00:00+00:00': 10968.282162105124, '2025-05-23 17:00:00+00:00': 10951.895572186428, '2025-05-23 19:00:00+00:00': 10972.490919138067, '2025-05-23 20:00:00+00:00': 10962.285130724886, '2025-05-23 21:00:00+00:00': 10950.513958935104, '2025-05-23 23:00:00+00:00': 10932.069858115292, '2025-05-24 00:00:00+00:00': 10927.746669049253, '2025-05-24 06:00:00+00:00': 10915.514884037748, '2025-05-24 11:00:00+00:00': 10928.145161557803, '2025-05-24 13:00:00+00:00': 10928.450934153667, '2025-05-24 23:00:00+00:00': 10930.03151529606, '2025-05-25 13:00:00+00:00': 10922.048295854145, '2025-05-25 14:00:00+00:00': 10921.72420592719, '2025-05-25 17:00:00+00:00': 10912.551646514179, '2025-05-25 18:00:00+00:00': 10903.222866117987, '2025-05-25 19:00:00+00:00': 10907.244772181006, '2025-05-25 23:00:00+00:00': 11134.591710956516, '2025-05-26 01:00:00+00:00': 11143.678349133646, '2025-05-26 09:00:00+00:00': 11145.897175285714, '2025-05-26 16:00:00+00:00': 11166.53169933513, '2025-05-26 21:00:00+00:00': 11179.190849041708, '2025-05-27 02:00:00+00:00': 11198.812101083733, '2025-05-27 04:00:00+00:00': 11236.865413865422, '2025-05-27 08:00:00+00:00': 11275.466032652459, '2025-05-27 11:00:00+00:00': 11264.149277662913, '2025-05-27 12:00:00+00:00': 11254.67945497187, '2025-05-27 15:00:00+00:00': 11251.369191990541, '2025-05-27 18:00:00+00:00': 11240.773399066487, '2025-05-27 19:00:00+00:00': 11244.186968355247, '2025-05-27 20:00:00+00:00': 11234.103834483556, '2025-05-27 21:00:00+00:00': 11219.726828285247, '2025-05-27 22:00:00+00:00': 11227.297250820458, '2025-05-28 00:00:00+00:00': 11210.288812408053, '2025-05-28 02:00:00+00:00': 11193.136494527258, '2025-05-28 03:00:00+00:00': 11180.084820167416, '2025-05-28 05:00:00+00:00': 11165.3235008295, '2025-05-28 06:00:00+00:00': 11139.43577465554, '2025-05-28 09:00:00+00:00': 11062.53089983534, '2025-05-28 10:00:00+00:00': 11044.506208477314, '2025-05-28 11:00:00+00:00': 11023.271268718277, '2025-05-28 12:00:00+00:00': 10995.887107029843, '2025-05-28 13:00:00+00:00': 10966.000667334283, '2025-05-28 16:00:00+00:00': 10934.992121079782, '2025-05-28 17:00:00+00:00': 10921.586513871565, '2025-05-28 20:00:00+00:00': 10911.887883800146, '2025-05-28 22:00:00+00:00': 10896.071001076505, '2025-05-28 23:00:00+00:00': 10879.916476081793, '2025-05-29 03:00:00+00:00': 10827.161833596094, '2025-05-29 04:00:00+00:00': 10812.430456263648, '2025-05-29 05:00:00+00:00': 10799.06846700339, '2025-05-29 10:00:00+00:00': 10783.32743953919, '2025-05-29 11:00:00+00:00': 10766.207023688017, '2025-05-29 14:00:00+00:00': 10726.597958301307, '2025-05-29 16:00:00+00:00': 10715.906860178417, '2025-05-30 23:00:00+00:00': 10734.406860178417, '2025-05-31 00:00:00+00:00': 10704.406860178417, '2025-05-31 01:00:00+00:00': 10674.406860178417, '2025-05-31 02:00:00+00:00': 10688.497769269325, '2025-05-31 03:00:00+00:00': 10696.8494849556, '2025-05-31 04:00:00+00:00': 10617.829877112461, '2025-05-31 05:00:00+00:00': 10557.829877112461, '2025-05-31 06:00:00+00:00': 10923.172177669048, '2025-05-31 07:00:00+00:00': 10845.535814032684, '2025-05-31 08:00:00+00:00': 10806.622770554424, '2025-05-31 09:00:00+00:00': 10777.339713300054, '2025-05-31 10:00:00+00:00': 10721.824572848687, '2025-05-31 11:00:00+00:00': 10617.667790078045, '2025-05-31 12:00:00+00:00': 10480.619295094766, '2025-05-31 13:00:00+00:00': 10347.703295402236, '2025-05-31 14:00:00+00:00': 10441.098644239446, '2025-05-31 15:00:00+00:00': 10382.732496357856, '2025-05-31 16:00:00+00:00': 10328.55074523137, '2025-05-31 17:00:00+00:00': 10262.126770383788, '2025-05-31 18:00:00+00:00': 10353.505076880609, '2025-05-31 19:00:00+00:00': 10337.351729813976, '2025-05-31 20:00:00+00:00': 10312.072457352755, '2025-05-31 21:00:00+00:00': 10285.383850837532, '2025-05-31 22:00:00+00:00': 10277.60804557616, '2025-05-31 23:00:00+00:00': 10258.921791581566, '2025-06-01 00:00:00+00:00': 10239.910817440397, '2025-06-01 01:00:00+00:00': 10211.081055441038, '2025-06-01 02:00:00+00:00': 10182.681471644713, '2025-06-01 03:00:00+00:00': 10126.242353204447, '2025-06-01 04:00:00+00:00': 10049.855180726312, '2025-06-01 05:00:00+00:00': 10001.844728950984, '2025-06-01 06:00:00+00:00': 9943.465201068944, '2025-06-01 07:00:00+00:00': 9893.863266859367, '2025-06-01 08:00:00+00:00': 9830.762922448195, '2025-06-01 09:00:00+00:00': 9727.756736371517, '2025-06-01 10:00:00+00:00': 9735.541893657994, '2025-06-01 11:00:00+00:00': 9695.039032614259, '2025-06-01 12:00:00+00:00': 9652.227921666352, '2025-06-01 13:00:00+00:00': 9593.426341777169, '2025-06-01 14:00:00+00:00': 9519.922033632954, '2025-06-01 15:00:00+00:00': 9422.912078877354, '2025-06-01 16:00:00+00:00': 9345.894991868312, '2025-06-01 17:00:00+00:00': 9310.168471815436, '2025-06-01 18:00:00+00:00': 9287.193135814663, '2025-06-01 19:00:00+00:00': 9296.07415330287, '2025-06-01 20:00:00+00:00': 9247.217530258391, '2025-06-01 21:00:00+00:00': 9189.533033395583, '2025-06-02 01:00:00+00:00': 9122.805525007572, '2025-06-02 02:00:00+00:00': 9087.123018761968, '2025-06-02 03:00:00+00:00': 9027.123018761968, '2025-06-02 04:00:00+00:00': 9036.408733047681, '2025-06-02 05:00:00+00:00': 8988.848498462485, '2025-06-02 06:00:00+00:00': 8930.194335120474, '2025-06-02 07:00:00+00:00': 8849.916057102237, '2025-06-02 08:00:00+00:00': 8767.121225484942, '2025-06-02 09:00:00+00:00': 8719.246225484942, '2025-06-02 10:00:00+00:00': 8718.392566948356, '2025-06-02 11:00:00+00:00': 8658.392566948356, '2025-06-02 12:00:00+00:00': 8588.727711875892, '2025-06-02 13:00:00+00:00': 8528.727711875892, '2025-06-02 14:00:00+00:00': 8469.121429911202, '2025-06-02 15:00:00+00:00': 8382.538475404073, '2025-06-02 16:00:00+00:00': 8288.05529062633, '2025-06-02 17:00:00+00:00': 8254.212642449933, '2025-06-02 18:00:00+00:00': 8209.373954861656, '2025-06-02 19:00:00+00:00': 8123.1218127231705, '2025-06-03 01:00:00+00:00': 8120.2950348279055, '2025-06-03 02:00:00+00:00': 8074.296691512243, '2025-06-03 03:00:00+00:00': 8092.898531662614, '2025-06-03 04:00:00+00:00': 8088.651083477956, '2025-06-03 05:00:00+00:00': 8066.543317132599, '2025-06-03 06:00:00+00:00': 8032.242189057178, '2025-06-03 07:00:00+00:00': 7995.775104021341, '2025-06-03 08:00:00+00:00': 7992.157020123175, '2025-06-03 09:00:00+00:00': 7968.959044336276, '2025-06-03 10:00:00+00:00': 7928.677168309697, '2025-06-30 20:00:00+00:00': 7922.973692229135, '2025-06-30 21:00:00+00:00': 7894.404856015298, '2025-06-30 22:00:00+00:00': 7953.518188907705, '2025-06-30 23:00:00+00:00': 7921.836333938922, '2025-07-01 00:00:00+00:00': 7895.022583165791, '2025-07-01 01:00:00+00:00': 7869.02272690817, '2025-07-01 02:00:00+00:00': 7839.271048018132, '2025-07-01 03:00:00+00:00': 7806.144706081039, '2025-07-01 04:00:00+00:00': 7773.895321713331, '2025-07-01 05:00:00+00:00': 7838.992633390916, '2025-07-01 06:00:00+00:00': 7799.583886210838, '2025-07-01 07:00:00+00:00': 7772.699695279402, '2025-07-01 08:00:00+00:00': 7743.528354197123, '2025-07-01 09:00:00+00:00': 7717.618833995392, '2025-07-01 10:00:00+00:00': 7661.965616265017, '2025-07-01 11:00:00+00:00': 7609.566973998048, '2025-07-01 12:00:00+00:00': 7572.087489106526, '2025-07-01 13:00:00+00:00': 7523.239627534548, '2025-07-01 14:00:00+00:00': 7482.2442906871, '2025-07-01 15:00:00+00:00': 7508.746784125168, '2025-07-01 16:00:00+00:00': 7467.292239292664, '2025-07-01 17:00:00+00:00': 7475.686917145388, '2025-07-01 18:00:00+00:00': 7445.011184423747, '2025-07-01 19:00:00+00:00': 7474.159681522206, '2025-07-01 20:00:00+00:00': 7470.900015662547, '2025-07-01 21:00:00+00:00': 7472.733485267431, '2025-07-01 22:00:00+00:00': 7434.519240660968, '2025-07-01 23:00:00+00:00': 7409.322070672384, '2025-07-02 00:00:00+00:00': 7381.707530821489, '2025-07-02 01:00:00+00:00': 7378.237275817716, '2025-07-02 02:00:00+00:00': 7362.325871146929, '2025-07-02 03:00:00+00:00': 7338.615646816172, '2025-07-02 04:00:00+00:00': 7320.75556431946, '2025-07-02 05:00:00+00:00': 7302.578862209401, '2025-07-02 06:00:00+00:00': 7270.612005248409, '2025-07-02 07:00:00+00:00': 7249.05192055036, '2025-07-02 08:00:00+00:00': 7223.695013116794, '2025-07-02 09:00:00+00:00': 7200.348489389148, '2025-07-02 10:00:00+00:00': 7162.679395174457, '2025-07-02 11:00:00+00:00': 7127.108992146439, '2025-07-02 12:00:00+00:00': 7094.32700103817, '2025-07-02 13:00:00+00:00': 7080.031086713577, '2025-07-02 14:00:00+00:00': 7052.164738761504, '2025-07-02 15:00:00+00:00': 7029.6107579296795, '2025-07-02 16:00:00+00:00': 7016.554261555463, '2025-07-02 17:00:00+00:00': 70