number,value,params_BTC_VS_ETH_WEIGHT,params_CONVERGENCE_THRESHOLD,params_DAILY_LOSS_LIMIT,params_FIXED_TRADE_PCT,params_MAX_CONCURRENT_POSITIONS,params_MAX_DRAWDOWN_LIMIT,params_MAX_HOLD_HOURS,params_MAX_POSITION_PCT,params_MIN_DIV,params_MIN_TIME_BETWEEN_TRADES,params_STOP_LOSS_PCT,params_STRIKE_SELECTION_STRATEGY,params_TAKE_PROFIT_PCT,params_TRAIL_PCT,state,user_attrs_cooldown_trades_pct,user_attrs_equity_curves,user_attrs_total_trades
20,-0.9723745190225688,0.7,0.7,0.1,0.055,2.0,0.25,48.0,0.4,0.0325,4.0,0.04,random,0.04,0.3,COMPLETE,0.0,"[{'2025-05-01 00:00:00+00:00': 10000.0, '2025-05-01 01:00:00+00:00': 9986.519663841795, '2025-05-01 05:00:00+00:00': 9981.085795701232, '2025-05-01 09:00:00+00:00': 9971.785183381136, '2025-05-01 13:00:00+00:00': 9966.3502938786, '2025-05-01 17:00:00+00:00': 9966.537623572556, '2025-05-01 21:00:00+00:00': 9947.403706081735, '2025-05-02 01:00:00+00:00': 9941.434905082622, '2025-05-02 05:00:00+00:00': 9922.685985352418, '2025-05-02 09:00:00+00:00': 9913.570039322634, '2025-05-02 13:00:00+00:00': 9904.861455720726, '2025-05-02 18:00:00+00:00': 9895.499034056525, '2025-05-03 00:00:00+00:00': 9883.214745889292, '2025-05-03 13:00:00+00:00': 9874.007015847868, '2025-05-03 17:00:00+00:00': 9863.757133605597, '2025-05-03 21:00:00+00:00': 9849.793715866093, '2025-05-04 01:00:00+00:00': 9835.117898459408, '2025-05-04 05:00:00+00:00': 9822.58815420913, '2025-05-04 09:00:00+00:00': 9818.642476042349, '2025-05-04 13:00:00+00:00': 9804.49898377217, '2025-05-04 17:00:00+00:00': 9784.22067918949, '2025-05-04 21:00:00+00:00': 9769.25371861837, '2025-05-05 01:00:00+00:00': 9775.611076257004, '2025-05-05 05:00:00+00:00': 9777.5137567889, '2025-05-05 09:00:00+00:00': 9768.234440338332, '2025-05-05 13:00:00+00:00': 9761.65721373528, '2025-05-05 17:00:00+00:00': 9789.366831965055, '2025-05-05 21:00:00+00:00': 9765.893009254421, '2025-05-06 01:00:00+00:00': 9741.770905181696, '2025-05-06 05:00:00+00:00': 9729.68676549262, '2025-05-06 09:00:00+00:00': 9718.496091343883, '2025-05-06 13:00:00+00:00': 9714.160607045495, '2025-05-06 17:00:00+00:00': 9712.415615390208, '2025-05-06 21:00:00+00:00': 9711.45746669773, '2025-05-07 01:00:00+00:00': 9709.049688543904, '2025-05-07 05:00:00+00:00': 9695.699463772018, '2025-05-07 09:00:00+00:00': 9679.955297164444, '2025-05-07 13:00:00+00:00': 9672.473771744515, '2025-05-07 17:00:00+00:00': 9651.768687897882, '2025-05-07 21:00:00+00:00': 9665.504719405655, '2025-05-08 01:00:00+00:00': 9667.749666085538, '2025-05-08 05:00:00+00:00': 9661.971006610447, '2025-05-08 09:00:00+00:00': 9660.479825389993, '2025-05-08 13:00:00+00:00': 9648.420639148655, '2025-05-08 17:00:00+00:00': 9646.275703498575, '2025-05-08 21:00:00+00:00': 9648.48261269157, '2025-05-09 02:00:00+00:00': 9634.139966435661, '2025-05-09 06:00:00+00:00': 9624.89053106429, '2025-05-09 11:00:00+00:00': 9619.736805133187, '2025-05-09 18:00:00+00:00': 9613.73372432837, '2025-05-10 01:00:00+00:00': 9607.559200298501, '2025-05-10 05:00:00+00:00': 9597.102208371052, '2025-05-10 13:00:00+00:00': 9589.708873080946, '2025-05-10 17:00:00+00:00': 9579.533678704818, '2025-05-10 22:00:00+00:00': 9575.11994636273, '2025-05-11 04:00:00+00:00': 9572.841076947094, '2025-05-11 09:00:00+00:00': 9571.89149127992, '2025-05-11 19:00:00+00:00': 9568.452167814215, '2025-05-12 00:00:00+00:00': 9563.497273922992, '2025-05-12 07:00:00+00:00': 9559.446405085611, '2025-05-12 12:00:00+00:00': 9559.280496503106, '2025-05-12 16:00:00+00:00': 9559.025989124251, '2025-05-12 21:00:00+00:00': 9571.193254123122, '2025-05-13 01:00:00+00:00': 9568.384224809162, '2025-05-13 05:00:00+00:00': 9574.283468612104, '2025-05-13 10:00:00+00:00': 9579.178790991311, '2025-05-13 16:00:00+00:00': 9583.198036170574, '2025-05-13 20:00:00+00:00': 9591.386126695821, '2025-05-14 00:00:00+00:00': 9585.266598320286, '2025-05-14 06:00:00+00:00': 9579.091318428378, '2025-05-14 11:00:00+00:00': 9583.446436588987, '2025-05-14 19:00:00+00:00': 9577.036851450104, '2025-05-15 01:00:00+00:00': 9572.960209728912, '2025-05-15 12:00:00+00:00': 9567.049693808889, '2025-05-15 16:00:00+00:00': 9605.413141860387, '2025-05-15 20:00:00+00:00': 9606.662674450341, '2025-05-16 00:00:00+00:00': 9599.503664951679, '2025-05-16 05:00:00+00:00': 9593.728974676476, '2025-05-16 10:00:00+00:00': 9591.761693980085, '2025-05-16 14:00:00+00:00': 9596.609152602303, '2025-05-16 20:00:00+00:00': 9581.125002077351, '2025-05-17 00:00:00+00:00': 9571.633411494427, '2025-05-17 04:00:00+00:00': 9576.082468754797, '2025-05-17 08:00:00+00:00': 9571.670790382439, '2025-05-17 12:00:00+00:00': 9547.144072309324, '2025-05-17 16:00:00+00:00': 9536.808818897738, '2025-05-17 20:00:00+00:00': 9527.949723916105, '2025-05-18 00:00:00+00:00': 9531.65391735709, '2025-05-18 05:00:00+00:00': 9521.472937610572, '2025-05-18 09:00:00+00:00': 9504.72898186988, '2025-05-18 13:00:00+00:00': 9484.505543638294, '2025-05-18 17:00:00+00:00': 9488.993690056002, '2025-05-18 21:00:00+00:00': 9478.041045356622, '2025-05-19 01:00:00+00:00': 9522.442906155547, '2025-05-19 08:00:00+00:00': 9551.980294918372, '2025-05-19 12:00:00+00:00': 9541.961373948447, '2025-05-19 16:00:00+00:00': 9556.708811452238, '2025-05-19 20:00:00+00:00': 9567.615325450448, '2025-05-20 00:00:00+00:00': 9562.13810040049, '2025-05-20 05:00:00+00:00': 9576.824990014386, '2025-05-20 09:00:00+00:00': 9564.547835081457, '2025-05-20 13:00:00+00:00': 9567.488005491525, '2025-05-20 18:00:00+00:00': 9607.151024547013, '2025-05-20 22:00:00+00:00': 9596.227888723273, '2025-05-21 02:00:00+00:00': 9574.947934009331, '2025-05-21 06:00:00+00:00': 9563.086010729436, '2025-05-21 10:00:00+00:00': 9537.236065843013, '2025-05-21 14:00:00+00:00': 9547.329173061946, '2025-05-21 18:00:00+00:00': 10625.900601633375, '2025-05-21 23:00:00+00:00': 10634.51653050113, '2025-05-22 03:00:00+00:00': 10640.26384973311, '2025-05-22 09:00:00+00:00': 10672.168225536601, '2025-05-22 13:00:00+00:00': 10672.563753418231, '2025-05-22 18:00:00+00:00': 10670.28621503083, '2025-05-23 00:00:00+00:00': 10667.014947253605, '2025-05-23 06:00:00+00:00': 10655.958007950989, '2025-05-23 11:00:00+00:00': 10670.892793163639, '2025-05-23 16:00:00+00:00': 10711.523861124804, '2025-05-23 20:00:00+00:00': 10702.391059405294, '2025-05-24 00:00:00+00:00': 10698.51139566748, '2025-05-24 06:00:00+00:00': 10687.53413408221, '2025-05-24 11:00:00+00:00': 10709.497249930446, '2025-05-24 23:00:00+00:00': 10710.917087658723, '2025-05-25 13:00:00+00:00': 10703.74583952792, '2025-05-25 17:00:00+00:00': 10695.505472509243, '2025-05-25 23:00:00+00:00': 10922.852411284754, '2025-05-26 09:00:00+00:00': 10924.846030507586, '2025-05-26 16:00:00+00:00': 10943.385879301886, '2025-05-26 21:00:00+00:00': 10954.758207512974, '2025-05-27 02:00:00+00:00': 10972.383266594228, '2025-05-27 08:00:00+00:00': 11006.934336136726, '2025-05-27 12:00:00+00:00': 10998.451886984527, '2025-05-27 18:00:00+00:00': 10988.957409145118, '2025-05-27 22:00:00+00:00': 10996.527831680329, '2025-05-28 02:00:00+00:00': 10980.476539246833, '2025-05-28 06:00:00+00:00': 10957.13899131139, '2025-05-28 10:00:00+00:00': 10940.545876535823, '2025-05-28 14:00:00+00:00': 10933.919370511727, '2025-05-28 20:00:00+00:00': 10925.018920397199, '2025-05-29 00:00:00+00:00': 10908.386324149727, '2025-05-29 04:00:00+00:00': 10894.781257462755, '2025-05-29 10:00:00+00:00': 10880.22409475735, '2025-05-29 14:00:00+00:00': 10869.584472845565, '2025-05-30 23:00:00+00:00': 10888.084472845565, '2025-05-31 03:00:00+00:00': 10896.43618853184, '2025-05-31 07:00:00+00:00': 10821.492710324494, '2025-05-31 11:00:00+00:00': 10725.168339945747, '2025-05-31 15:00:00+00:00': 10667.619352006228, '2025-05-31 19:00:00+00:00': 10623.124650524114, '2025-05-31 23:00:00+00:00': 10596.051066709855, '2025-06-01 03:00:00+00:00': 10542.116832682708, '2025-06-01 07:00:00+00:00': 10495.150031888401, '2025-06-01 11:00:00+00:00': 10455.509583022389, '2025-06-01 15:00:00+00:00': 10361.99031115107, '2025-06-01 19:00:00+00:00': 10363.395307412158, '2025-06-01 23:00:00+00:00': 10280.246459306041, '2025-06-02 03:00:00+00:00': 10221.120968744657, '2025-06-02 07:00:00+00:00': 10142.270008659238, '2025-06-02 11:00:00+00:00': 10082.270008659238, '2025-06-02 15:00:00+00:00': 9996.418931153736, '2025-06-02 19:00:00+00:00': 9910.934444835613, '2025-06-02 23:00:00+00:00': 9803.14152416452, '2025-06-03 03:00:00+00:00': 9833.070867843096, '2025-06-03 07:00:00+00:00': 9754.405344316467, '2025-06-03 11:00:00+00:00': 9688.154012652947, '2025-06-03 15:00:00+00:00': 9504.857492171019, '2025-06-03 19:00:00+00:00': 9438.629011071871, '2025-06-03 23:00:00+00:00': 9320.796337061423, '2025-06-04 03:00:00+00:00': 9264.994498407845, '2025-06-04 07:00:00+00:00': 9181.579008173627, '2025-06-04 11:00:00+00:00': 9125.46540483222, '2025-06-04 15:00:00+00:00': 9060.292075174399, '2025-06-04 19:00:00+00:00': 9034.273113149711, '2025-06-04 23:00:00+00:00': 9029.232747604763, '2025-06-05 03:00:00+00:00': 8925.315686189342, '2025-06-05 07:00:00+00:00': 8826.79120805239, '2025-06-05 11:00:00+00:00': 8809.483696343143, '2025-06-05 15:00:00+00:00': 8726.443557178442, '2025-06-05 19:00:00+00:00': 8694.971085037714, '2025-06-05 23:00:00+00:00': 8630.891329300359, '2025-06-06 03:00:00+00:00': 8537.830040855484, '2025-06-06 07:00:00+00:00': 8454.734802760246, '2025-06-06 11:00:00+00:00': 8313.471737442258, '2025-06-06 15:00:00+00:00': 8224.453345943044, '2025-06-06 19:00:00+00:00': 8188.00082746413, '2025-06-06 23:00:00+00:00': 8129.5443759251275, '2025-06-07 03:00:00+00:00': 8088.985738944939, '2025-06-07 07:00:00+00:00': 8057.28769015469, '2025-06-07 11:00:00+00:00': 8007.568279635363, '2025-06-07 15:00:00+00:00': 7993.979746750169, '2025-06-07 19:00:00+00:00': 7940.889300738853, '2025-06-07 23:00:00+00:00': 7894.681021542992, '2025-06-08 03:00:00+00:00': 7841.883223709535, '2025-06-08 07:00:00+00:00': 7789.458716185493, '2025-06-08 11:00:00+00:00': 7736.076334457544, '2025-06-08 15:00:00+00:00': 7681.928811641761, '2025-06-08 19:00:00+00:00': 7629.412678720794, '2025-06-08 23:00:00+00:00': 7625.330178160237, '2025-06-09 03:00:00+00:00': 7546.762284039931, '2025-06-09 07:00:00+00:00': 7464.942015467049, '2025-06-09 11:00:00+00:00': 7338.478594688555, '2025-06-09 15:00:00+00:00': 7172.462635930359, '2025-06-09 19:00:00+00:00': 7122.237833200445, '2025-06-09 23:00:00+00:00': 7077.037046813881, '2025-06-10 03:00:00+00:00': 7021.212469766553, '2025-06-10 07:00:00+00:00': 6977.150647750377, '2025-06-10 11:00:00+00:00': 6960.9222850623355, '2025-06-10 15:00:00+00:00': 6974.187817625495, '2025-06-10 19:00:00+00:00': 6803.660812014428, '2025-06-10 23:00:00+00:00': 6739.872816192432, '2025-06-11 03:00:00+00:00': 6731.707358089635, '2025-06-11 07:00:00+00:00': 6726.323450917731, '2025-06-11 11:00:00+00:00': 6671.9790386215245, '2025-06-11 15:00:00+00:00': 6543.189710644232, '2025-06-11 19:00:00+00:00': 6517.264624422061, '2025-06-11 23:00:00+00:00': 6529.881168369098, '2025-06-12 03:00:00+00:00': 6496.926100423186, '2025-06-12 07:00:00+00:00': 6417.96196630919, '2025-06-12 11:00:00+00:00': 6452.478153525115, '2025-06-12 15:00:00+00:00': 6287.525620579261, '2025-06-12 19:00:00+00:00': 6286.148445564434, '2025-06-12 23:00:00+00:00': 6264.5109596518705, '2025-06-13 03:00:00+00:00': 6315.6669491226, '2025-06-13 08:00:00+00:00': 6250.501891259231, '2025-06-13 11:00:00+00:00': 6221.479365030077, '2025-06-13 15:00:00+00:00': 6219.724524393596, '2025-06-13 19:00:00+00:00': 6209.518002261079, '2025-06-13 23:00:00+00:00': 6166.715748755766, '2025-06-14 03:00:00+00:00': 6141.471610346535, '2025-06-14 07:00:00+00:00': 6108.442811398664, '2025-06-14 11:00:00+00:00': 6067.406186894551, '2025-06-14 15:00:00+00:00': 6041.6065997401065, '2025-06-14 19:00:00+00:00': 6006.482910987625, '2025-06-14 23:00:00+00:00': 5986.778756577731, '2025-06-15 03:00:00+00:00': 5961.737532851424, '2025-06-15 07:00:00+00:00': 5937.091630441438, '2025-06-15 11:00:00+00:00': 5923.47554300388, '2025-06-15 15:00:00+00:00': 5894.418377004949, '2025-06-15 19:00:00+00:00': 5873.941850851381, '2025-06-15 23:00:00+00:00': 5824.847403924634, '2025-06-16 03:00:00+00:00': 5748.139015581876, '2025-06-30 20:00:00+00:00': 5742.910829174695, '2025-07-01 00:00:00+00:00': 5718.331456036936, '2025-07-01 04:00:00+00:00': 5688.63219135839, '2025-07-01 08:00:00+00:00': 5661.724099485387, '2025-07-01 12:00:00+00:00': 5627.008200037073, '2025-07-01 16:00:00+00:00': 5588.428406540746, '2025-07-01 20:00:00+00:00': 5585.380986442411, '2025-07-02 00:00:00+00:00': 5559.591632894577, '2025-07-02 04:00:00+00:00': 5542.868628159958, '2025-07-02 08:00:00+00:00': 5518.9846377096665, '2025-07-02 12:00:00+00:00': 5488.015005691328, '2025-07-02 16:00:00+00:00': 5475.644016871004, '2025-07-02 20:00:00+00:00': 5451.630088102363, '2025-07-03 00:00:00+00:00': 5502.981399468836, '2025-07-03 04:00:00+00:00': 5473.853386792489, '2025-07-03 08:00:00+00:00': 5459.432413314861, '2025-07-03 09:00:00+00:00': 5450.494837656484, '2025-07-03 12:00:00+00:00': 5438.853413383895, '2025-07-03 13:00:00+00:00': 5449.35707563056, '2025-07-03 16:00:00+00:00': 5489.984802206384, '2025-07-03 17:00:00+00:00': 5479.653058449612, '2025-07-03 20:00:00+00:00': 5468.248500024921, '2025-07-03 23:00:00+00:00': 5457.20111358492, '2025-07-04 00:00:00+00:00': 5444.077530307076, '2025-07-04 03:00:00+00:00': 5445.2221004619, '2025-07-04 04:00:00+00:00': 5431.913246843775, '2025-07-04 07:00:00+00:00': 5416.163618389349, '2025-07-04 08:00:00+00:00': 5401.564683498854, '2025-07-04 11:00:00+00:00': 5390.457289333769, '2025-07-04 12:00:00+00:00': 5373.528670298377, '2025-07-04 15:00:00+00:00': 5362.67573260477, '2025-07-04 16:00:00+00:00': 5345.2267216728005, '2025-07-04 19:00:00+00:00': 5341.097913353116, '2025-07-04 20:00:00+00:00': 5328.158391555862, '2025-07-04 23:00:00+00:00': 5317.041487473055, '2025-07-05 00:00:00+00:00': 5295.596439937806, '2025-07-05 03:00:00+00:00': 5283.388802500556, '2025-07-05 04:00:00+00:00': 5271.675009486009, '2025-07-05 07:00:00+00:00': 5261.267128322686, '2025-07-05 08:00:00+00:00': 5248.495828009188, '2025-07-05 11:00:00+00:00': 5237.584525377624, '2025-07-05 12:00:00+00:00': 5225.183824664078, '2025-07-05 15:00:00+00:00': 5207.946737267686, '2025-07-05 16:00:00+00:00': 5194.406710589461, '2025-07-05 19:00:00+00:00': 5168.284153872794, '2025-07-05 20:00:00+00:00': 5155.529131135249, '2025-07-05 23:00:00+00:00': 5144.487333215805, '2025-07-06 00:00:00+00:00': 5124.896552267951, '2025-07-06 03:00:00+00:00': 5105.445098307028, '2025-07-06 04:00:00+00:00': 5089.1362379138, '2025-07-06 07:00:00+00:00': 5077.414573613429, '2025-07-06 08:00:00+00:00': 5061.151129183494, '2025-07-06 11:00:00+00:00': 5048.47969175972, '2025-07-06 12:00:00+00:00': 5032.178538943595, '2025-07-06 15:00:00+00:00': 5021.621116069406, '2025-07-06 16:00:00+00:00': 5008.347578717904, '2025-07-06 19:00:00+00:00': 5005.645923579345, '2025-07-06 20:00:00+00:00': 4988.077202031362, '2025-07-06 23:00:00+00:00': 4975.6486819110305, '2025-07-07 00:00:00+00:00': 4957.1734526928985, '2025-07-07 03:00:00+00:00': 4943.97625642309, '2025-07-07 04:00:00+00:00': 4931.667952094381, '2025-07-07 07:00:00+00:00': 4925.688992443973, '2025-07-07 08:00:00+00:00': 4916.137446065419, '2025-07-07 11:00:00+00:00': 4901.83352272785, '2025-07-07 12:00:00+00:00': 4892.384214404605, '2025-07-07 15:00:00+00:00': 4888.87387359196, '2025-07-07 16:00:00+00:00': 4866.493486454341, '2025-07-07 19:00:00+00:00': 4850.89273165598, '2025-07-07 20:00:00+00:00': 4838.288134524312, '2025-07-07 23:00:00+00:00': 4820.3867834843295, '2025-07-08 00:00:00+00:00': 4807.954895211359, '2025-07-08 03:00:00+00:00': 4794.968534503402, '2025-07-08 04:00:00+00:00': 4781.523259564169, '2025-07-08 07:00:00+00:00': 4769.625786598125, '2025-07-08 08:00:00+00:00': 4755.070029975836, '2025-07-08 11:00:00+00:00': 4747.740012716915, '2025-07-08 12:00:00+00:00': 4735.635822347234, '2025-07-08 15:00:00+00:00': 4736.223056146175, '2025-07-08 16:00:00+00:00': 4724.869329983244, '2025-07-08 19:00:00+00:00': 4710.24575437653, '2025-07-08 20:00:00+00:00': 4688.8783636521, '2025-07-08 23:00:00+00:00': 4674.728457268471, '2025-07-09 00:00:00+00:00': 4663.057948065195, '2025-07-09 03:00:00+00:00': 4640.197092048012, '2025-07-09 04:00:00+00:00': 4624.204008066253, '2025-07-09 07:00:00+00:00': 4611.626935740315, '2025-07-09 08:00:00+00:00': 4595.1662988758135, '2025-07-09 11:00:00+00:00': 4579.393616239936, '2025-07-09 12:00:00+00:00': 4564.607840499216, '2025-07-09 15:00:00+00:00': 4548.477682646563, '2025-07-09 16:00:00+00:00': 4534.278745836163, '2025-07-09 19:00:00+00:00': 4527.057655634369, '2025-07-09 20:00:00+00:00': 4515.931137349212, '2025-07-10 00:00:00+00:00': 4499.537988984511, '2025-07-10 04:00:00+00:00': 4474.846212586669, '2025-07-10 08:00:00+00:00': 4465.566884393484, '2025-07-10 13:00:00+00:00': 4455.061164916156, '2025-07-10 15:00:00+00:00': 4447.079044244526, '2025-07-10 17:00:00+00:00': 4442.087392838068, '2025-07-10 19:00:00+00:00': 4472.852062144582, '2025-07-10 22:00:00+00:00': 4470.221640317728, '2025-07-11 00:00:00+00:00': 4487.33956582579, '2025-07-11 03:00:00+00:00': 4494.5408472122335, '2025-07-11 06:00:00+00:00': 4495.779934899546, '2025-07-11 07:00:00+00:00': 4480.130569895402, '2025-07-11 11:00:00+00:00': 4496.962099829527, '2025-07-11 15:00:00+00:00': 4486.462874325757, '2025-07-11 16:00:00+00:00': 4563.884923359309, '2025-07-11 19:00:00+00:00': 4540.469977012472, '2025-07-11 20:00:00+00:00': 4518.684415756999, '2025-07-11 23:00:00+00:00': 4498.011338833922, '2025-07-12 00:00:00+00:00': 4480.416458077532, '2025-07-12 03:00:00+00:00': 4466.539729729314, '2025-07-12 04:00:00+00:00': 4445.644695537388, '2025-07-12 07:00:00+00:00': 4420.349790927232, '2025-07-12 08:00:00+00:00': 4389.187488607327, '2025-07-12 11:00:00+00:00': 4369.730236326344, '2025-07-12 12:00:00+00:00': 4375.754192249918, '2025-07-12 15:00:00+00:00': 4354.9268244842315, '2025-07-12 16:00:00+00:00': 4347.872133146715, '2025-07-12 19:00:00+00:00': 4323.044879377314, '2025-07-12 20:00:00+00:00': 4306.343153244549, '2025-07-12 23:00:00+00:00': 4287.204962625019, '2025-07-13 00:00:00+00:00': 4262.070846457464, '2025-07-13 03:00:00+00:00': 4240.910423222836, '2025-07-13 04:00:00+00:00': 4226.451638296813, '2025-07-13 07:00:00+00:00': 4207.486887378007, '2025-07-13 08:00:00+00:00': 4188.91570338165, '2025-07-13 11:00:00+00:00': 4177.431007495278, '2025-07-13 12:00:00+00:00': 4150.486225369521, '2025-07-13 15:00:00+00:00': 4135.799673625287, '2025-07-13 16:00:00+00:00': 4113.975838478234, '2025-07-13 19:00:00+00:00': 4089.7474164107934, '2025-07-13 20:00:00+00:00': 4077.295058858853, '2025-07-13 23:00:00+00:00': 4047.535000714934, '2025-07-14 00:00:00+00:00': 4016.158238136992, '2025-07-14 03:00:00+00:00': 4015.044006161804, '2025-07-14 04:00:00+00:00': 4015.5233227674175, '2025-07-14 07:00:00+00:00': 3999.7364459598543, '2025-07-14 08:00:00+00:00': 3999.478856445413, '2025-07-14 11:00:00+00:00': 4001.6817324638278, '2025-07-14 12:00:00+00:00': 3996.430571056441, '2025-07-14 15:00:00+00:00': 4007.619429587477, '2025-07-14 16:00:00+00:00': 4054.5972549603966, '2025-07-14 19:00:00+00:00': 4043.4933588565004, '2025-07-14 20:00:00+00:00': 4018.6238136442244, '2025-07-14 23:00:00+00:00': 3995.552385072796, '2025-07-15 00:00:00+00:00': 3995.328977920884, '2025-07-15 03:00:00+00:00': 4032.2255296450217, '2025-07-15 04:00:00+00:00': 4070.903534580373, '2025-07-15 07:00:00+00:00': 4059.0343757018686, '2025-07-15 08:00:00+00:00': 4058.875343287953, '2025-07-15 11:00:00+00:00': 4033.0563777707116, '2025-07-15 12:00:00+00:00': 4007.4654686798026, '2025-07-15 15:00:00+00:00': 4090.1422363565703, '2025-07-15 16:00:00+00:00': 4154.4477919121255, '2025-07-15 19:00:00+00:00': 4160.709474155116, '2025-07-15 20:00:00+00:00': 4332.242164420326, '2025-07-15 23:00:00+00:00': 4297.427145139147, '2025-07-16 00:00:00+00:00': 4260.75777028106, '2025-07-16 03:00:00+00:00': 4276.084873084798, '2025-07-16 04:00:00+00:00': 4253.312023358916, '2025-07-16 07:00:00+00:00': 4203.133897723876, '2025-07-16 08:00:00+00:00': 4165.409108011987, '2025-07-16 11:00:00+00:00': 4145.619634327776, '2025-07-16 12:00:00+00:00': 4111.449990528103, '2025-07-16 15:00:00+00:00': 4052.15511895055, '2025-07-16 16:00:00+00:00': 4070.6771219459515, '2025-07-16 19:00:00+00:00': 4025.043854034361, '2025-07-16 20:00:00+00:00': 4004.093055293022, '2025-07-16 23:00:00+00:00': 4039.4863137199886, '2025-07-17 00:00:00+00:00': 4020.6470766547873, '2025-07-17 03:00:00+00:00': 3972.684113691824, '2025-07-17 04:00:00+00:00': 4011.9698279775384, '2025-07-17 07:00:00+00:00': 3972.552352249383, '2025-07-17 08:00:00+00:00': 3941.627387862649, '2025-07-17 11:00:00+00:00': 3941.627387862649, '2025-07-17 12:00:00+00:00': 3946.6876288265044, '2025-07-17 15:00:00+00:00': 3892.677727836405, '2025-07-17 16:00:00+00:00': 3913.338905225435, '2025-07-17 19:00:00+00:00': 3862.9178525938564, '2025-07-17 20:00:00+00:00': 3898.7109442146993, '2025-07-17 23:00:00+00:00': 3939.8442775480326, '2025-07-18 00:00:00+00:00': 3913.4935687359675, '2025-07-18 03:00:00+00:00': 3877.194867437266, '2025-07-18 04:00:00+00:00': 3850.4586093827734, '2025-07-18 07:00:00+00:00': 3847.033951848527, '2025-07-18 08:00:00+00:00': 4144.058006784138, '2025-07-18 11:00:00+00:00': 4099.793300901785, '2025-07-18 12:00:00+00:00': 4085.491108574328, '2025-07-18 15:00:00+00:00': 4093.161011486949, '2025-07-18 16:00:00+00:00': 4154.502170907756, '2025-07-18 19:00:00+00:00': 4132.262170907757, '2025-07-18 20:00:00+00:00': 4169.86251870906, '2025-07-18 23:00:00+00:00': 4139.86251870906, '2025-07-19 00:00:00+00:00': 4100.378633606281, '2025-07-19 03:00:00+00:00': 4054.2119669396147, '2025-07-19 04:00:00+00:00': 4008.286742374271, '2025-07-19 07:00:00+00:00': 3982.4677768570295, '2025-07-19 08:00:00+00:00': 3985.431194268567, '2025-07-19 11:00:00+00:00': 3955.431194268567, '2025-07-19 12:00:00+00:00': 3954.531194268567, '2025-07-19 15:00:00+00:00': 3956.0759097157215, '2025-07-19 16:00:00+00:00': 3898.038112677631, '2025-07-19 19:00:00+