number,value,params_BTC_VS_ETH_WEIGHT,params_CONVERGENCE_THRESHOLD,params_DAILY_LOSS_LIMIT,params_FIXED_TRADE_PCT,params_MAX_CONCURRENT_POSITIONS,params_MAX_DRAWDOWN_LIMIT,params_MAX_HOLD_HOURS,params_MAX_POSITION_PCT,params_MIN_DIV,params_MIN_TIME_BETWEEN_TRADES,params_STOP_LOSS_PCT,params_STRIKE_SELECTION_STRATEGY,params_TAKE_PROFIT_PCT,params_TRAIL_PCT,state,user_attrs_cooldown_trades_pct,user_attrs_equity_curves,user_attrs_total_trades
4,-0.9836367650769828,0.5,0.6,0.15,0.06,1.0,0.25,48.0,0.6,0.035,0.5,0.04,furthest,0.055,0.25,COMPLETE,12.358490566037736,"[{'2025-05-01 00:00:00+00:00': 10000.0, '2025-05-01 01:00:00+00:00': 9973.435796797932, '2025-05-01 02:00:00+00:00': 10058.342040687001, '2025-05-01 03:00:00+00:00': 10050.235680600525, '2025-05-01 04:00:00+00:00': 10039.793662324078, '2025-05-01 05:00:00+00:00': 10033.834183482319, '2025-05-01 06:00:00+00:00': 10030.965514494694, '2025-05-01 07:00:00+00:00': 10031.752725968809, '2025-05-01 08:00:00+00:00': 10025.320507696964, '2025-05-01 12:00:00+00:00': 10000.99572799323, '2025-05-01 13:00:00+00:00': 9995.049389778422, '2025-05-01 21:00:00+00:00': 9959.175935885802, '2025-05-01 22:00:00+00:00': 9947.867001029339, '2025-05-01 23:00:00+00:00': 9932.71518310747, '2025-05-02 00:00:00+00:00': 9919.037361913319, '2025-05-02 05:00:00+00:00': 9849.909188237927, '2025-05-02 06:00:00+00:00': 9833.691689902853, '2025-05-02 07:00:00+00:00': 9820.544446953205, '2025-05-02 13:00:00+00:00': 9779.08483336461, '2025-05-02 14:00:00+00:00': 9803.716251399803, '2025-05-02 15:00:00+00:00': 9802.672608159926, '2025-05-02 18:00:00+00:00': 9792.564430862363, '2025-05-03 14:00:00+00:00': 9781.26757372339, '2025-05-03 15:00:00+00:00': 9768.553757342157, '2025-05-03 16:00:00+00:00': 9756.383840836084, '2025-05-04 06:00:00+00:00': 9620.170302024237, '2025-05-04 07:00:00+00:00': 9608.578597932601, '2025-05-04 13:00:00+00:00': 9508.10612534541, '2025-05-04 14:00:00+00:00': 9489.06916976307, '2025-05-04 20:00:00+00:00': 9400.879040546986, '2025-05-04 21:00:00+00:00': 9385.191155416187, '2025-05-05 01:00:00+00:00': 9400.197916143123, '2025-05-05 07:00:00+00:00': 9396.259745807956, '2025-05-05 12:00:00+00:00': 9358.062519114414, '2025-05-05 16:00:00+00:00': 9316.025300050607, '2025-05-05 19:00:00+00:00': 9353.070815036981, '2025-05-05 23:00:00+00:00': 9361.186133643694, '2025-05-06 00:00:00+00:00': 9351.316677356006, '2025-05-06 03:00:00+00:00': 9302.464096629517, '2025-05-06 06:00:00+00:00': 9275.657888039706, '2025-05-06 07:00:00+00:00': 9269.053421488261, '2025-05-06 08:00:00+00:00': 9257.883940438494, '2025-05-06 09:00:00+00:00': 9246.267911532923, '2025-05-06 13:00:00+00:00': 9241.768107638198, '2025-05-06 16:00:00+00:00': 9272.682674157273, '2025-05-06 17:00:00+00:00': 9270.865560746368, '2025-05-06 18:00:00+00:00': 9267.491933723228, '2025-05-06 19:00:00+00:00': 9272.223625859997, '2025-05-06 20:00:00+00:00': 9262.822806279955, '2025-05-06 23:00:00+00:00': 9258.324957044333, '2025-05-07 00:00:00+00:00': 9270.293037082485, '2025-05-07 01:00:00+00:00': 9267.785692165697, '2025-05-07 02:00:00+00:00': 9263.638343892286, '2025-05-07 03:00:00+00:00': 9300.979175694656, '2025-05-07 06:00:00+00:00': 9253.353350863365, '2025-05-07 07:00:00+00:00': 9241.590662177929, '2025-05-07 08:00:00+00:00': 9239.437190023682, '2025-05-07 13:00:00+00:00': 9172.277452412885, '2025-05-07 14:00:00+00:00': 9145.380588931952, '2025-05-07 15:00:00+00:00': 9142.491603103454, '2025-05-07 20:00:00+00:00': 9106.341838250042, '2025-05-07 21:00:00+00:00': 9120.479802628917, '2025-05-07 22:00:00+00:00': 9120.309495827492, '2025-05-07 23:00:00+00:00': 9109.013747044144, '2025-05-08 01:00:00+00:00': 9111.321776842757, '2025-05-08 04:00:00+00:00': 9109.347434674104, '2025-05-08 05:00:00+00:00': 9103.407556548838, '2025-05-08 07:00:00+00:00': 9093.779750860094, '2025-05-08 08:00:00+00:00': 9083.703602964151, '2025-05-08 09:00:00+00:00': 9082.174220129233, '2025-05-08 12:00:00+00:00': 9031.72247420223, '2025-05-08 13:00:00+00:00': 9019.423229290052, '2025-05-08 14:00:00+00:00': 9008.032682635017, '2025-05-08 15:00:00+00:00': 9000.439592938432, '2025-05-08 16:00:00+00:00': 9002.570619495156, '2025-05-08 20:00:00+00:00': 8985.995815265918, '2025-05-08 21:00:00+00:00': 8988.23855855679, '2025-05-08 22:00:00+00:00': 8986.356279383299, '2025-05-09 00:00:00+00:00': 8980.65418714579, '2025-05-09 02:00:00+00:00': 8966.090652170857, '2025-05-09 06:00:00+00:00': 8992.973904152353, '2025-05-09 07:00:00+00:00': 8992.973904152353, '2025-05-09 08:00:00+00:00': 8999.459123739045, '2025-05-09 09:00:00+00:00': 9151.334941999885, '2025-05-09 11:00:00+00:00': 9145.989316466786, '2025-05-10 04:00:00+00:00': 9128.769488322456, '2025-05-10 05:00:00+00:00': 9117.93035632156, '2025-05-10 08:00:00+00:00': 9111.635198502909, '2025-05-10 17:00:00+00:00': 9083.4287221253, '2025-05-10 22:00:00+00:00': 9078.863099644263, '2025-05-11 09:00:00+00:00': 9091.560547049392, '2025-05-11 19:00:00+00:00': 9078.509850442893, '2025-05-12 01:00:00+00:00': 9074.168602858153, '2025-05-12 12:00:00+00:00': 9067.517872356751, '2025-05-12 19:00:00+00:00': 9100.8536272227, '2025-05-13 03:00:00+00:00': 9107.55139111712, '2025-05-13 10:00:00+00:00': 9121.271756634018, '2025-05-13 16:00:00+00:00': 9125.44679217002, '2025-05-13 20:00:00+00:00': 9126.441632023758, '2025-05-14 12:00:00+00:00': 9112.088293936738, '2025-05-14 19:00:00+00:00': 9105.439931592799, '2025-05-15 12:00:00+00:00': 9090.026496422934, '2025-05-15 17:00:00+00:00': 9142.29100019173, '2025-05-15 18:00:00+00:00': 9139.192716430161, '2025-05-15 20:00:00+00:00': 9175.674273412142, '2025-05-15 21:00:00+00:00': 9169.365889148008, '2025-05-15 23:00:00+00:00': 9167.152324213905, '2025-05-16 05:00:00+00:00': 9145.393847041514, '2025-05-16 10:00:00+00:00': 9137.113617083876, '2025-05-16 11:00:00+00:00': 9142.930581709072, '2025-05-16 14:00:00+00:00': 9147.971268509189, '2025-05-16 16:00:00+00:00': 9147.779141369163, '2025-05-16 22:00:00+00:00': 9132.85436647176, '2025-05-17 00:00:00+00:00': 9122.984356674802, '2025-05-17 03:00:00+00:00': 9114.011529613847, '2025-05-17 04:00:00+00:00': 9118.632998917838, '2025-05-17 05:00:00+00:00': 9120.052579006417, '2025-05-17 07:00:00+00:00': 9098.648771076547, '2025-05-17 08:00:00+00:00': 9094.075979288595, '2025-05-17 12:00:00+00:00': 9068.65461669047, '2025-05-17 13:00:00+00:00': 9055.721200346545, '2025-05-17 14:00:00+00:00': 9046.147880058925, '2025-05-17 17:00:00+00:00': 9025.140574452285, '2025-05-17 18:00:00+00:00': 9031.582918088181, '2025-05-17 20:00:00+00:00': 9020.683284455794, '2025-05-17 21:00:00+00:00': 9019.861259796882, '2025-05-18 00:00:00+00:00': 9023.68671058901, '2025-05-18 01:00:00+00:00': 9018.381683691843, '2025-05-18 05:00:00+00:00': 9007.873238074082, '2025-05-18 06:00:00+00:00': 9009.42414066918, '2025-05-18 08:00:00+00:00': 9018.287054671413, '2025-05-18 09:00:00+00:00': 9000.986240324759, '2025-05-18 12:00:00+00:00': 8997.338753392982, '2025-05-18 13:00:00+00:00': 8976.454551257202, '2025-05-18 14:00:00+00:00': 8989.061130395245, '2025-05-18 15:00:00+00:00': 9011.92110161527, '2025-05-18 16:00:00+00:00': 9001.693755626215, '2025-05-18 17:00:00+00:00': 9006.340674777772, '2025-05-18 18:00:00+00:00': 9016.310460792676, '2025-05-18 20:00:00+00:00': 9027.702075394014, '2025-05-18 21:00:00+00:00': 9016.334584342994, '2025-05-18 22:00:00+00:00': 9015.370964985304, '2025-05-18 23:00:00+00:00': 9127.056358243732, '2025-05-19 00:00:00+00:00': 9136.548747208219, '2025-05-19 01:00:00+00:00': 9183.241913257436, '2025-05-19 02:00:00+00:00': 9163.205728966428, '2025-05-19 04:00:00+00:00': 9194.169620557894, '2025-05-19 08:00:00+00:00': 9225.28139590723, '2025-05-19 12:00:00+00:00': 9214.725485000166, '2025-05-19 14:00:00+00:00': 9243.781076401901, '2025-05-19 15:00:00+00:00': 9234.29647089771, '2025-05-19 16:00:00+00:00': 9249.86584968596, '2025-05-19 17:00:00+00:00': 9249.318710982701, '2025-05-19 20:00:00+00:00': 9260.83402838315, '2025-05-19 21:00:00+00:00': 9258.336768702868, '2025-05-20 01:00:00+00:00': 9249.895860861498, '2025-05-20 02:00:00+00:00': 9284.145742140292, '2025-05-20 05:00:00+00:00': 9299.702007019254, '2025-05-20 06:00:00+00:00': 9279.418848489555, '2025-05-20 07:00:00+00:00': 9296.573248588142, '2025-05-20 08:00:00+00:00': 9300.462594884691, '2025-05-20 10:00:00+00:00': 9289.744299400778, '2025-05-20 12:00:00+00:00': 9282.127994631297, '2025-05-20 13:00:00+00:00': 9285.24074413569, '2025-05-20 14:00:00+00:00': 9284.869192845816, '2025-05-20 16:00:00+00:00': 9289.329441741742, '2025-05-20 18:00:00+00:00': 9331.340223990468, '2025-05-20 19:00:00+00:00': 9374.882983889249, '2025-05-20 20:00:00+00:00': 9490.853857675656, '2025-05-20 21:00:00+00:00': 9470.828581565638, '2025-05-20 22:00:00+00:00': 9459.081519778532, '2025-05-20 23:00:00+00:00': 9450.967458966556, '2025-05-21 00:00:00+00:00': 9435.252926620778, '2025-05-21 01:00:00+00:00': 9420.396019654258, '2025-05-21 04:00:00+00:00': 9376.285164614523, '2025-05-21 05:00:00+00:00': 9401.56023275358, '2025-05-21 06:00:00+00:00': 9388.854281542242, '2025-05-21 07:00:00+00:00': 9376.041432970213, '2025-05-21 08:00:00+00:00': 9440.972807771668, '2025-05-21 09:00:00+00:00': 9415.526428553745, '2025-05-21 10:00:00+00:00': 9387.761617185415, '2025-05-21 11:00:00+00:00': 9377.281862752061, '2025-05-21 12:00:00+00:00': 9367.217515330989, '2025-05-21 13:00:00+00:00': 9359.117957543913, '2025-05-21 16:00:00+00:00': 9438.83483102941, '2025-05-21 17:00:00+00:00': 9438.028158090501, '2025-05-21 18:00:00+00:00': 10516.59958666193, '2025-05-21 19:00:00+00:00': 10519.444428574652, '2025-05-21 20:00:00+00:00': 10599.515350560469, '2025-05-21 21:00:00+00:00': 10690.251112971588, '2025-05-22 00:00:00+00:00': 10744.447995324528, '2025-05-22 01:00:00+00:00': 10750.699518827108, '2025-05-22 03:00:00+00:00': 10757.037819749008, '2025-05-22 04:00:00+00:00': 10834.33870470476, '2025-05-22 06:00:00+00:00': 10854.96787634635, '2025-05-22 09:00:00+00:00': 10890.474956316208, '2025-05-22 13:00:00+00:00': 10890.915267607312, '2025-05-22 14:00:00+00:00': 10910.850039354738, '2025-05-22 18:00:00+00:00': 10908.309978652145, '2025-05-22 21:00:00+00:00': 10931.895084766296, '2025-05-23 00:00:00+00:00': 10928.238934449173, '2025-05-23 07:00:00+00:00': 10937.900091142736, '2025-05-23 11:00:00+00:00': 10954.623661195377, '2025-05-23 12:00:00+00:00': 11089.964570286287, '2025-05-23 13:00:00+00:00': 11091.577927280448, '2025-05-23 14:00:00+00:00': 11195.662902000247, '2025-05-23 16:00:00+00:00': 11236.293969961413, '2025-05-23 17:00:00+00:00': 11219.506970979219, '2025-05-23 19:00:00+00:00': 11240.115666631393, '2025-05-23 20:00:00+00:00': 11229.660953742705, '2025-05-23 21:00:00+00:00': 11217.602676964534, '2025-05-23 23:00:00+00:00': 11198.708714954495, '2025-05-24 00:00:00+00:00': 11194.280081063695, '2025-05-24 06:00:00+00:00': 11181.749956468295, '2025-05-24 11:00:00+00:00': 11194.688293011319, '2025-05-24 13:00:00+00:00': 11195.001523559471, '2025-05-24 23:00:00+00:00': 11196.62065589614, '2025-05-25 13:00:00+00:00': 11188.44272158929, '2025-05-25 17:00:00+00:00': 11179.046159868096, '2025-05-25 18:00:00+00:00': 11169.489562104123, '2025-05-25 19:00:00+00:00': 11173.60968679957, '2025-05-25 23:00:00+00:00': 11400.95662557508, '2025-05-26 01:00:00+00:00': 11410.26063693167, '2025-05-26 09:00:00+00:00': 11412.532542482955, '2025-05-26 16:00:00+00:00': 11433.660691568592, '2025-05-26 21:00:00+00:00': 11446.62267710591, '2025-05-27 02:00:00+00:00': 11466.713314398923, '2025-05-27 04:00:00+00:00': 11505.676949505236, '2025-05-27 08:00:00+00:00': 11545.200983429024, '2025-05-27 11:00:00+00:00': 11533.613505762365, '2025-05-27 12:00:00+00:00': 11523.917143241391, '2025-05-27 15:00:00+00:00': 11520.527691194196, '2025-05-27 18:00:00+00:00': 11509.678422655517, '2025-05-27 19:00:00+00:00': 11513.173652333428, '2025-05-27 20:00:00+00:00': 11502.849306824835, '2025-05-27 21:00:00+00:00': 11488.128369737286, '2025-05-27 22:00:00+00:00': 11495.698792272497, '2025-05-28 00:00:00+00:00': 11478.283747444886, '2025-05-28 02:00:00+00:00': 11461.131429564091, '2025-05-28 03:00:00+00:00': 11447.767261684323, '2025-05-28 05:00:00+00:00': 11432.652515152968, '2025-05-28 06:00:00+00:00': 11406.144964544843, '2025-05-28 09:00:00+00:00': 11328.46935416188, '2025-05-28 10:00:00+00:00': 11310.444662803855, '2025-05-28 11:00:00+00:00': 11289.209723044818, '2025-05-28 12:00:00+00:00': 11261.164913400353, '2025-05-28 13:00:00+00:00': 11231.164913400353, '2025-05-28 16:00:00+00:00': 11199.56643881417, '2025-05-28 17:00:00+00:00': 11185.836480262884, '2025-05-28 20:00:00+00:00': 11175.903189900382, '2025-05-28 22:00:00+00:00': 11159.703614541122, '2025-05-28 23:00:00+00:00': 11143.158227588625, '2025-05-29 03:00:00+00:00': 11089.127175994585, '2025-05-29 04:00:00+00:00': 11074.0393700462, '2025-05-29 05:00:00+00:00': 11060.354084787832, '2025-05-29 10:00:00+00:00': 11044.232200021162, '2025-05-29 11:00:00+00:00': 11026.697552290076, '2025-05-29 14:00:00+00:00': 10986.130137657683, '2025-05-29 16:00:00+00:00': 10975.180366281043, '2025-05-30 23:00:00+00:00': 10993.680366281043, '2025-05-31 00:00:00+00:00': 10963.680366281043, '2025-05-31 01:00:00+00:00': 10933.680366281043, '2025-05-31 02:00:00+00:00': 10947.771275371953, '2025-05-31 03:00:00+00:00': 10956.122991058228, '2025-05-31 04:00:00+00:00': 10877.10338321509, '2025-05-31 05:00:00+00:00': 10817.10338321509, '2025-05-31 06:00:00+00:00': 11182.445683771677, '2025-05-31 07:00:00+00:00': 11104.809320135313, '2025-05-31 08:00:00+00:00': 11065.896276657053, '2025-05-31 09:00:00+00:00': 11036.613219402683, '2025-05-31 10:00:00+00:00': 10981.098078951316, '2025-05-31 11:00:00+00:00': 10876.941296180674, '2025-05-31 12:00:00+00:00': 10739.892801197395, '2025-05-31 13:00:00+00:00': 10606.976801504865, '2025-05-31 14:00:00+00:00': 10700.372150342075, '2025-05-31 15:00:00+00:00': 10642.006002460485, '2025-05-31 16:00:00+00:00': 10587.824251334, '2025-05-31 17:00:00+00:00': 10521.400276486416, '2025-05-31 18:00:00+00:00': 10612.778582983237, '2025-05-31 19:00:00+00:00': 10566.625235916605, '2025-05-31 20:00:00+00:00': 10511.345963455384, '2025-05-31 21:00:00+00:00': 10454.65735694016, '2025-05-31 22:00:00+00:00': 10416.881551678789, '2025-05-31 23:00:00+00:00': 10387.991216051541, '2025-06-01 00:00:00+00:00': 10329.470437988804, '2025-06-01 01:00:00+00:00': 10300.640675989445, '2025-06-01 02:00:00+00:00': 10272.24109219312, '2025-06-01 03:00:00+00:00': 10215.801973752854, '2025-06-01 04:00:00+00:00': 10139.41480127472, '2025-06-01 05:00:00+00:00': 10091.404349499391, '2025-06-01 06:00:00+00:00': 10033.024821617351, '2025-06-01 07:00:00+00:00': 9983.422887407774, '2025-06-01 08:00:00+00:00': 9920.322542996602, '2025-06-01 09:00:00+00:00': 9817.316356919924, '2025-06-01 10:00:00+00:00': 9825.1015142064, '2025-06-01 11:00:00+00:00': 9784.598653162666, '2025-06-01 12:00:00+00:00': 9741.787542214759, '2025-06-01 13:00:00+00:00': 9682.985962325576, '2025-06-01 14:00:00+00:00': 9609.481654181362, '2025-06-01 15:00:00+00:00': 9512.471699425761, '2025-06-01 16:00:00+00:00': 9435.45461241672, '2025-06-01 17:00:00+00:00': 9317.010701059495, '2025-06-01 18:00:00+00:00': 9275.864633351404, '2025-06-01 19:00:00+00:00': 9277.84088893485, '2025-06-01 20:00:00+00:00': 9187.961538617643, '2025-06-01 21:00:00+00:00': 9100.277041754834, '2025-06-01 22:00:00+00:00': 9067.550382606725, '2025-06-01 23:00:00+00:00': 8982.108280284468, '2025-06-02 00:00:00+00:00': 8903.62065058083, '2025-06-02 01:00:00+00:00': 8837.384247893104, '2025-06-02 02:00:00+00:00': 8801.759550116525, '2025-06-02 03:00:00+00:00': 8741.759550116525, '2025-06-02 04:00:00+00:00': 8751.045264402239, '2025-06-02 05:00:00+00:00': 8703.778124870003, '2025-06-02 06:00:00+00:00': 8645.415174985139, '2025-06-02 07:00:00+00:00': 8565.423828329385, '2025-06-02 08:00:00+00:00': 8482.930834919762, '2025-06-02 09:00:00+00:00': 8435.055834919762, '2025-06-02 10:00:00+00:00': 8434.202176383176, '2025-06-02 11:00:00+00:00': 8374.202176383176, '2025-06-02 12:00:00+00:00': 8304.537321310712, '2025-06-02 13:00:00+00:00': 8244.537321310712, '2025-06-02 14:00:00+00:00': 8185.451181343426, '2025-06-02 15:00:00+00:00': 8099.146587969808, '2025-06-02 16:00:00+00:00': 8005.112649676322, '2025-06-02 17:00:00+00:00': 7971.538000346814, '2025-06-02 18:00:00+00:00': 7926.962074045147, '2025-06-02 19:00:00+00:00': 7841.1854394919255, '2025-06-02 20:00:00+00:00': 7784.653477650122, '2025-06-02 21:00:00+00:00': 7697.505122874667, '2025-06-02 22:00:00+00:00': 7642.944779592799, '2025-06-02 23:00:00+00:00': 7542.797038119262, '2025-06-03 00:00:00+00:00': 7465.919960450234, '2025-06-03 01:00:00+00:00': 7406.947965649131, '2025-06-03 02:00:00+00:00': 7332.104948565308, '2025-06-03 03:00:00+00:00': 7361.811000593264, '2025-06-03 04:00:00+00:00': 7340.43339215213, '2025-06-03 05:00:00+00:00': 7313.752694641609, '2025-06-03 06:00:00+00:00': 7226.654560857602, '2025-06-03 07:00:00+00:00': 7148.667510936993, '2025-06-03 08:00:00+00:00': 7140.6666171280085, '2025-06-03 09:00:00+00:00': 7112.301297759152, '2025-06-03 10:00:00+00:00': 7008.388312072051, '2025-06-03 11:00:00+00:00': 6942.76917030257, '2025-06-03 12:00:00+00:00': 6877.521222634773, '2025-06-03 13:00:00+00:00': 6855.480635518804, '2025-06-03 14:00:00+00:00': 6816.140033839542, '2025-06-03 15:00:00+00:00': 6777.697219780254, '2025-06-03 16:00:00+00:00': 6779.464587325741, '2025-06-03 17:00:00+00:00': 6779.707610062886, '2025-06-03 18:00:00+00:00': 6759.099576158197, '2025-06-03 19:00:00+00:00': 6738.510975184215, '2025-06-03 20:00:00+00:00': 6718.700700634767, '2025-06-03 21:00:00+00:00': 6697.941515804616, '2025-06-03 22:00:00+00:00': 6652.299200843063, '2025-06-03 23:00:00+00:00': 6606.40724674467, '2025-06-04 00:00:00+00:00': 6581.351372279699, '2025-06-04 01:00:00+00:00': 6583.244762270077, '2025-06-04 02:00:00+00:00': 6539.590501127304, '2025-06-04 03:00:00+00:00': 6541.384128859945, '2025-06-04 04:00:00+00:00': 6477.622811365975, '2025-06-04 05:00:00+00:00': 6455.245224203642, '2025-06-04 06:00:00+00:00': 6431.75239024356, '2025-06-04 07:00:00+00:00': 6382.333654253786, '2025-06-04 08:00:00+00:00': 6358.238020256906, '2025-06-04 09:00:00+00:00': 6307.248421063062, '2025-06-04 10:00:00+00:00': 6283.753940822233, '2025-06-04 11:00:00+00:00': 6259.906988831081, '2025-06-04 12:00:00+00:00': 6237.007670578098, '2025-06-04 13:00:00+00:00': 6245.173807248746, '2025-06-04 14:00:00+00:00': 6222.651201601219, '2025-06-04 15:00:00+00:00': 6202.602490577349, '2025-06-04 16:00:00+00:00': 6106.796885808501, '2025-06-30 20:00:00+00:00': 6101.09340972794, '2025-06-30 21:00:00+00:00': 6072.5245735141025, '2025-06-30 22:00:00+00:00': 6131.6379064065095, '2025-06-30 23:00:00+00:00': 6099.956051437726, '2025-07-01 00:00:00+00:00': 6073.1423006645955, '2025-07-01 01:00:00+00:00': 6047.142444406974, '2025-07-01 02:00:00+00:00': 6017.390765516937, '2025-07-01 03:00:00+00:00': 5984.264423579843, '2025-07-01 04:00:00+00:00': 5952.015039212136, '2025-07-01 05:00:00+00:00': 6017.112350889721, '2025-07-01 06:00:00+00:00': 5977.703603709642, '2025-07-01 07:00:00+00:00': 5950.819412778206, '2025-07-01 08:00:00+00:00': 5921.648071695928, '2025-07-01 09:00:00+00:00': 5895.738551494197, '2025-07-01 10:00:00+00:00': 5840.085333763822, '2025-07-01 11:00:00+00:00': 5787.686691496852, '2025-07-01 12:00:00+00:00': 5750.207206605331, '2025-07-01 13:00:00+00:00': 5701.359345033353, '2025-07-01 14:00:00+00:00': 5660.364008185906, '2025-07-01 15:00:00+00:00': 5686.866501623974, '2025-07-01 16:00:00+00:00': 5645.4119567914695, '2025-07-01 17:00:00+00:00': 5653.806634644194, '2025-07-01 18:00:00+00:00': 5623.130901922553, '2025-07-01 19:00:00+00:00': 5652.279399021011, '2025-07-01 20:00:00+00:00': 5649.019733161353, '2025-07-01 21:00:00+00:00': 5650.853202766237, '2025-07-01 22:00:00+00:00': 5612.638958159773, '2025-07-01 23:00:00+00:00': 5587.44178817119, '2025-07-02 00:00:00+00:00': 5559.8272483202945, '2025-07-02 01:00:00+00:00': 5556.356993316522, '2025-07-02 02:00:00+00:00': 5540.4455886457345, '2025-07-02 03:00:00+00:00': 5516.735364314977, '2025-07-02 04:00:00+00:00': 5498.875281818266, '2025-07-02 05:00:00+00:00': 5480.698579708207, '2025-07-02 06:00:00+00:00': 5448.731722747215, '2025-07-02 07:00:00+00:00': 5427.171638049165, '2025-07-02 08:00:00+00:00': 5401.8147306156, '2025-07-02 09:00:00+00:00': 5378.468206887954, '2025-07-02 10:00:00+00:00': 5340.799112673262, '2025-07-02 11:00:00+00:00': 5305.228709645245, '2025-07-02 12:00:00+00:00': 5272.446718536976, '2025-07-02 13:00:00+00:00': 5258.150804212382, '2025-07-02 14:00:00+00:00': 5230.2844562603095, '2025-07-02 15:00:00+00:00': 5207.730475428485, '2025-07-02 16:00:00+00:00': 5194.673979054269, '2025-07-02 17:00:00+00:00': 5197.060137949679, '2025-07-02 18:00:00+00:00': 5169.2891709139285, '2025-07-02 19:00:00+00:00': 5149.230709166601, '2025-07-02 20:00:00+00:00': 5123.93945133158, '2025-07-02 21:00:00+00:00': 5124.279324297378, '2025-07-02 22:00:00+00:00': 5097.036661368126, '2025-07-02 23:00:00+00:00': 5078.063032407563, '2025-07-03 00:00:00+00:00': 5131.669320093983, '2025-07-03 01:00:00+00:00': 5108.267001890853, '2025-07-03 02:00:00+00:00': 5083.829564848024, '2025-07-03 03:00:00+00:00': 5063.520004708065, '2025-07-03 04:00:00+00:00': 5033.051446070263, '2025-07-03 05:00:00+00:00': 5010.397851097005, '2025-07-03 06:00:00+00:00': 4991.855900892711, '2025-07-03 07:00:00+00:00': 4969.528443448305, '2025-07-03 08:00:00+00:00': 4954.598246566784, '2025-07-03 09:00:00+00:00': 4930.014244865643, '2025-07-03 10:00:00+00:00': 4907.879144302566, '2025-07-03 11:00:00+00:00': 4894.198585286956, '2025-07-03 12:00:00+00:00': 4882.200973354181, '2025-07-03 13:00:00+00:00': 4876.084251732679, '2025-07-03 14:00:00+00:00': 4881.469376517663, '2025-07-03 15:00:00+00:00': 4982.596821756845, '2025-07-03 16:00:00+00:00': 5019.139641562275, '2025-07-03 17:00:00+00:00': 4993.93197016714, '2025-07-03 18:00:00+00:00': 4972.734416397141, '2025-07-03 19:00:00+00:00': 4958.242775042368, '2025-07-03 20:00:00+00: