number,value,params_BTC_VS_ETH_WEIGHT,params_CONVERGENCE_THRESHOLD,params_DAILY_LOSS_LIMIT,params_FIXED_TRADE_PCT,params_MAX_CONCURRENT_POSITIONS,params_MAX_DRAWDOWN_LIMIT,params_MAX_HOLD_HOURS,params_MAX_POSITION_PCT,params_MIN_DIV,params_MIN_TIME_BETWEEN_TRADES,params_STOP_LOSS_PCT,params_STRIKE_SELECTION_STRATEGY,params_TAKE_PROFIT_PCT,params_TRAIL_PCT,state,user_attrs_cooldown_trades_pct,user_attrs_equity_curves,user_attrs_total_trades
9,-1.0118678814805537,0.5,0.5,0.15,0.07,3.0,0.3,96.0,0.7,0.0275,2.0,0.04,random,0.055,0.35,COMPLETE,7.614213197969544,"[{'2025-05-01 00:00:00+00:00': 10000.0, '2025-05-01 01:00:00+00:00': 9982.843208525921, '2025-05-01 03:00:00+00:00': 9973.45677668234, '2025-05-01 05:00:00+00:00': 9966.549990771653, '2025-05-01 07:00:00+00:00': 9967.462506412863, '2025-05-01 09:00:00+00:00': 9961.562785921955, '2025-05-01 11:00:00+00:00': 9955.33251432274, '2025-05-01 13:00:00+00:00': 9948.426794957926, '2025-05-01 21:00:00+00:00': 9911.494594855112, '2025-05-01 23:00:00+00:00': 9893.882106839088, '2025-05-02 01:00:00+00:00': 9886.326324518299, '2025-05-02 09:00:00+00:00': 9821.301691849896, '2025-05-02 11:00:00+00:00': 9808.872539057353, '2025-05-02 13:00:00+00:00': 9797.905941968602, '2025-05-03 00:00:00+00:00': 9795.82930021197, '2025-05-03 03:00:00+00:00': 9786.097029052547, '2025-05-03 09:00:00+00:00': 9775.837115436883, '2025-05-03 18:00:00+00:00': 9719.131904069543, '2025-05-03 20:00:00+00:00': 9703.57267344019, '2025-05-03 22:00:00+00:00': 9687.55542032547, '2025-05-04 00:00:00+00:00': 9686.637453007945, '2025-05-04 06:00:00+00:00': 9655.775405882088, '2025-05-04 08:00:00+00:00': 9636.488539547727, '2025-05-04 10:00:00+00:00': 9634.77253543736, '2025-05-04 12:00:00+00:00': 9618.038042085806, '2025-05-04 20:00:00+00:00': 9534.731729939695, '2025-05-05 00:00:00+00:00': 9537.647439509654, '2025-05-05 04:00:00+00:00': 9532.248496894248, '2025-05-05 08:00:00+00:00': 9507.39775411269, '2025-05-05 12:00:00+00:00': 9469.18279677256, '2025-05-05 16:00:00+00:00': 9444.181713336413, '2025-05-06 00:00:00+00:00': 9460.413562704265, '2025-05-06 02:00:00+00:00': 9447.041625210435, '2025-05-06 04:00:00+00:00': 9443.519857438025, '2025-05-06 08:00:00+00:00': 9416.916480306041, '2025-05-06 13:00:00+00:00': 9400.398863168064, '2025-05-06 15:00:00+00:00': 9449.967871647092, '2025-05-06 17:00:00+00:00': 9447.807374200105, '2025-05-06 21:00:00+00:00': 9452.248143886332, '2025-05-07 01:00:00+00:00': 9452.34889230554, '2025-05-07 03:00:00+00:00': 9458.594838077724, '2025-05-07 05:00:00+00:00': 9442.041948142196, '2025-05-07 09:00:00+00:00': 9408.554119430311, '2025-05-07 13:00:00+00:00': 9382.850014497375, '2025-05-08 01:00:00+00:00': 9347.537287208164, '2025-05-08 03:00:00+00:00': 9365.857581301552, '2025-05-08 09:00:00+00:00': 9345.3490724958, '2025-05-08 17:00:00+00:00': 9302.970975381737, '2025-05-09 02:00:00+00:00': 9282.797071669745, '2025-05-09 04:00:00+00:00': 9271.520142232417, '2025-05-09 11:00:00+00:00': 9252.209853907145, '2025-05-09 18:00:00+00:00': 9244.207385882677, '2025-05-10 00:00:00+00:00': 9228.68275042703, '2025-05-10 06:00:00+00:00': 9212.224210879804, '2025-05-10 10:00:00+00:00': 9202.417474401758, '2025-05-10 13:00:00+00:00': 9193.394752661306, '2025-05-10 17:00:00+00:00': 9180.979700446856, '2025-05-10 21:00:00+00:00': 9153.792871487416, '2025-05-11 00:00:00+00:00': 9171.470837589111, '2025-05-11 04:00:00+00:00': 9168.692726827492, '2025-05-11 09:00:00+00:00': 9163.994929832927, '2025-05-11 11:00:00+00:00': 9156.598981689993, '2025-05-12 00:00:00+00:00': 9141.490290157451, '2025-05-12 07:00:00+00:00': 9136.562141545159, '2025-05-12 09:00:00+00:00': 9128.395348339502, '2025-05-12 12:00:00+00:00': 9128.193713347831, '2025-05-12 14:00:00+00:00': 9113.797390811518, '2025-05-12 19:00:00+00:00': 9126.0213171245, '2025-05-12 21:00:00+00:00': 9140.805460102702, '2025-05-12 23:00:00+00:00': 9138.045841828305, '2025-05-13 01:00:00+00:00': 9134.632507181626, '2025-05-13 03:00:00+00:00': 9131.098046951283, '2025-05-13 05:00:00+00:00': 9138.26304531015, '2025-05-13 08:00:00+00:00': 9141.199209688037, '2025-05-13 12:00:00+00:00': 9147.036698227706, '2025-05-13 16:00:00+00:00': 9151.921331825264, '2025-05-13 18:00:00+00:00': 9155.250768147045, '2025-05-13 22:00:00+00:00': 9134.171125734705, '2025-05-14 00:00:00+00:00': 9126.753907247428, '2025-05-14 02:00:00+00:00': 9116.822275682098, '2025-05-14 05:00:00+00:00': 9110.31028279443, '2025-05-14 11:00:00+00:00': 9115.581903416265, '2025-05-14 13:00:00+00:00': 9109.185934710731, '2025-05-14 19:00:00+00:00': 9101.431982532209, '2025-05-15 02:00:00+00:00': 9080.87743633729, '2025-05-15 05:00:00+00:00': 9072.128678876205, '2025-05-15 09:00:00+00:00': 9076.332555916904, '2025-05-15 12:00:00+00:00': 9069.200333333843, '2025-05-15 16:00:00+00:00': 9115.485725742585, '2025-05-15 20:00:00+00:00': 9113.39026255553, '2025-05-16 01:00:00+00:00': 9105.289220280903, '2025-05-16 03:00:00+00:00': 9096.248503550785, '2025-05-16 05:00:00+00:00': 9089.284201735085, '2025-05-16 07:00:00+00:00': 9082.053744215686, '2025-05-16 10:00:00+00:00': 9079.683471577035, '2025-05-16 14:00:00+00:00': 9085.523591830013, '2025-05-16 16:00:00+00:00': 9085.3009736253, '2025-05-16 20:00:00+00:00': 9066.643869012589, '2025-05-16 22:00:00+00:00': 9068.0072588185, '2025-05-17 00:00:00+00:00': 9056.57400881355, '2025-05-17 03:00:00+00:00': 9046.181914074568, '2025-05-17 07:00:00+00:00': 9010.89259906597, '2025-05-17 09:00:00+00:00': 8994.320412800214, '2025-05-17 12:00:00+00:00': 8985.375539159773, '2025-05-17 14:00:00+00:00': 8974.293426311537, '2025-05-17 16:00:00+00:00': 8961.928735270976, '2025-05-17 18:00:00+00:00': 8969.39216051326, '2025-05-17 20:00:00+00:00': 8958.787796076378, '2025-05-17 22:00:00+00:00': 8948.738890975132, '2025-05-18 03:00:00+00:00': 8943.662266979087, '2025-05-18 05:00:00+00:00': 8931.503989530356, '2025-05-18 07:00:00+00:00': 8910.274911295068, '2025-05-18 09:00:00+00:00': 8902.367680161817, '2025-05-18 11:00:00+00:00': 8904.563882183525, '2025-05-18 15:00:00+00:00': 8906.797939989488, '2025-05-18 17:00:00+00:00': 8912.16219323171, '2025-05-18 19:00:00+00:00': 8877.94427890582, '2025-05-18 21:00:00+00:00': 8873.761278043901, '2025-05-18 23:00:00+00:00': 8985.446671302328, '2025-05-19 04:00:00+00:00': 9014.781051725004, '2025-05-19 06:00:00+00:00': 9010.631221126452, '2025-05-19 08:00:00+00:00': 9046.203712918135, '2025-05-19 12:00:00+00:00': 9034.127542114617, '2025-05-19 14:00:00+00:00': 9067.361366835981, '2025-05-19 16:00:00+00:00': 9085.19727325336, '2025-05-19 18:00:00+00:00': 9075.44437151408, '2025-05-19 20:00:00+00:00': 9088.626357854113, '2025-05-20 00:00:00+00:00': 9072.166566579743, '2025-05-20 02:00:00+00:00': 9108.909685845798, '2025-05-20 05:00:00+00:00': 9126.716103911791, '2025-05-20 07:00:00+00:00': 9146.400227729657, '2025-05-20 09:00:00+00:00': 9131.477035363228, '2025-05-20 11:00:00+00:00': 9117.494965863516, '2025-05-20 13:00:00+00:00': 9121.062095902176, '2025-05-20 16:00:00+00:00': 9126.173915359648, '2025-05-20 18:00:00+00:00': 9174.325649609982, '2025-05-20 20:00:00+00:00': 9290.29652339639, '2025-05-20 22:00:00+00:00': 9276.85285961719, '2025-05-21 00:00:00+00:00': 9258.856997734321, '2025-05-21 02:00:00+00:00': 9232.725585962271, '2025-05-21 04:00:00+00:00': 9216.228118556977, '2025-05-21 06:00:00+00:00': 9201.696725300695, '2025-05-21 10:00:00+00:00': 9263.357766536412, '2025-05-21 14:00:00+00:00': 9264.099947475224, '2025-05-21 16:00:00+00:00': 9247.667095339928, '2025-05-21 18:00:00+00:00': 10326.238523911357, '2025-05-21 20:00:00+00:00': 10406.309445897174, '2025-05-21 23:00:00+00:00': 10398.395647208768, '2025-05-22 01:00:00+00:00': 10405.454187328614, '2025-05-22 06:00:00+00:00': 10435.741943823094, '2025-05-22 09:00:00+00:00': 10474.051802978023, '2025-05-22 12:00:00+00:00': 10525.599151582652, '2025-05-22 14:00:00+00:00': 10548.076263316785, '2025-05-22 18:00:00+00:00': 10545.21138909595, '2025-05-22 21:00:00+00:00': 10571.81143851795, '2025-05-23 00:00:00+00:00': 10567.686430607511, '2025-05-23 04:00:00+00:00': 10561.52188899553, '2025-05-23 06:00:00+00:00': 10547.588592595686, '2025-05-23 11:00:00+00:00': 10566.403193611637, '2025-05-23 13:00:00+00:00': 10568.196581719603, '2025-05-23 16:00:00+00:00': 10608.827649680768, '2025-05-23 19:00:00+00:00': 10629.436345332942, '2025-05-23 21:00:00+00:00': 10616.12028883709, '2025-05-23 23:00:00+00:00': 10595.259265698543, '2025-05-24 04:00:00+00:00': 10606.169414628272, '2025-05-24 06:00:00+00:00': 10592.318942735783, '2025-05-24 08:00:00+00:00': 10582.574629017538, '2025-05-24 11:00:00+00:00': 10610.253165822216, '2025-05-24 13:00:00+00:00': 10610.599523357998, '2025-05-24 23:00:00+00:00': 10612.389902057292, '2025-05-25 13:00:00+00:00': 10603.346816485991, '2025-05-25 17:00:00+00:00': 10592.957449573463, '2025-05-25 19:00:00+00:00': 10597.51614997187, '2025-05-25 23:00:00+00:00': 10824.863088747381, '2025-05-26 09:00:00+00:00': 10837.686243768296, '2025-05-26 16:00:00+00:00': 10861.09416175882, '2025-05-26 21:00:00+00:00': 10875.459193873103, '2025-05-27 02:00:00+00:00': 10897.72870785345, '2025-05-27 04:00:00+00:00': 10940.93065236488, '2025-05-27 08:00:00+00:00': 10984.778688036282, '2025-05-27 11:00:00+00:00': 10971.916184309632, '2025-05-27 15:00:00+00:00': 10968.151239294666, '2025-05-27 18:00:00+00:00': 10956.100649404118, '2025-05-27 20:00:00+00:00': 10944.63838881421, '2025-05-27 22:00:00+00:00': 10952.208811349421, '2025-05-28 00:00:00+00:00': 10932.851825807802, '2025-05-28 02:00:00+00:00': 10915.699507927007, '2025-05-28 05:00:00+00:00': 10898.885221604865, '2025-05-28 07:00:00+00:00': 10884.041471604865, '2025-05-28 13:00:00+00:00': 10796.111742772659, '2025-05-28 15:00:00+00:00': 10785.71122775594, '2025-05-28 17:00:00+00:00': 10770.284863077959, '2025-05-28 20:00:00+00:00': 10759.126547393893, '2025-05-29 03:00:00+00:00': 10701.84571630936, '2025-05-29 05:00:00+00:00': 10686.416166084231, '2025-05-29 10:00:00+00:00': 10668.243206750636, '2025-05-29 12:00:00+00:00': 10647.178412678286, '2025-05-29 14:00:00+00:00': 10633.927120287424, '2025-05-30 23:00:00+00:00': 10640.061930643635, '2025-05-31 01:00:00+00:00': 10610.061930643635, '2025-05-31 03:00:00+00:00': 10618.41364632991, '2025-05-31 05:00:00+00:00': 10558.41364632991, '2025-05-31 07:00:00+00:00': 10480.777282693545, '2025-05-31 09:00:00+00:00': 10452.043005963984, '2025-05-31 11:00:00+00:00': 10337.818573827215, '2025-05-31 13:00:00+00:00': 10202.097229953697, '2025-05-31 15:00:00+00:00': 10142.653922790398, '2025-05-31 17:00:00+00:00': 10072.755963606724, '2025-05-31 19:00:00+00:00': 10024.580326886704, '2025-05-31 21:00:00+00:00': 9964.483192356109, '2025-05-31 23:00:00+00:00': 9933.19936582987, '2025-06-01 01:00:00+00:00': 9903.26175554872, '2025-06-01 03:00:00+00:00': 9843.397743365626, '2025-06-01 05:00:00+00:00': 9793.007275111664, '2025-06-01 07:00:00+00:00': 9739.427251656669, '2025-06-01 09:00:00+00:00': 9627.765370778945, '2025-06-01 11:00:00+00:00': 9585.868474045172, '2025-06-01 13:00:00+00:00': 9521.863137044169, '2025-06-01 15:00:00+00:00': 9418.37220470546, '2025-06-01 17:00:00+00:00': 9294.902569374335, '2025-06-01 19:00:00+00:00': 9298.146148385009, '2025-06-01 21:00:00+00:00': 9201.881998833001, '2025-06-01 23:00:00+00:00': 9109.71170454742, '2025-06-02 01:00:00+00:00': 9038.1640854998, '2025-06-02 03:00:00+00:00': 8978.1640854998, '2025-06-02 05:00:00+00:00': 8929.443155267243, '2025-06-02 07:00:00+00:00': 8847.397700721789, '2025-06-02 09:00:00+00:00': 8799.522700721789, '2025-06-02 11:00:00+00:00': 8739.522700721789, '2025-06-02 13:00:00+00:00': 8679.522700721789, '2025-06-02 15:00:00+00:00': 8589.828823170768, '2025-06-02 17:00:00+00:00': 8551.874277716222, '2025-06-02 19:00:00+00:00': 8458.459890684813, '2025-06-02 21:00:00+00:00': 8364.341925316847, '2025-06-02 23:00:00+00:00': 8252.475734536876, '2025-06-03 01:00:00+00:00': 8192.99235306633, '2025-06-03 03:00:00+00:00': 8226.173875972478, '2025-06-03 05:00:00+00:00': 8195.34145743104, '2025-06-03 07:00:00+00:00': 8110.359173612522, '2025-06-03 09:00:00+00:00': 8077.551512235445, '2025-06-03 11:00:00+00:00': 8007.262805702552, '2025-06-03 13:00:00+00:00': 7950.589873642942, '2025-06-03 15:00:00+00:00': 7759.000581670108, '2025-06-03 17:00:00+00:00': 7760.585968171207, '2025-06-03 19:00:00+00:00': 7690.829389980094, '2025-06-03 21:00:00+00:00': 7665.824587947589, '2025-06-03 23:00:00+00:00': 7540.243837910128, '2025-06-04 01:00:00+00:00': 7512.569810990711, '2025-06-04 03:00:00+00:00': 7457.070923646519, '2025-06-04 05:00:00+00:00': 7428.6045619014685, '2025-06-04 07:00:00+00:00': 7336.925389096502, '2025-06-04 09:00:00+00:00': 7243.157967692888, '2025-06-04 11:00:00+00:00': 7183.277940348978, '2025-06-04 13:00:00+00:00': 7177.392058283193, '2025-06-04 15:00:00+00:00': 7109.024609824892, '2025-06-04 17:00:00+00:00': 7066.34603839632, '2025-06-04 19:00:00+00:00': 7037.636360976965, '2025-06-04 21:00:00+00:00': 7032.317733525985, '2025-06-04 23:00:00+00:00': 7027.431369889622, '2025-06-05 01:00:00+00:00': 6967.431369889622, '2025-06-05 03:00:00+00:00': 6855.858971699577, '2025-06-05 05:00:00+00:00': 6795.858971699577, '2025-06-05 07:00:00+00:00': 6695.44230503291, '2025-06-05 09:00:00+00:00': 6666.6258403256725, '2025-06-05 11:00:00+00:00': 6650.7167494165815, '2025-06-05 13:00:00+00:00': 6506.631547733757, '2025-06-05 15:00:00+00:00': 6420.5526094381385, '2025-06-05 17:00:00+00:00': 6489.151094286623, '2025-06-05 19:00:00+00:00': 6454.50172590687, '2025-06-05 21:00:00+00:00': 6985.739821144965, '2025-06-05 23:00:00+00:00': 6917.118288423603, '2025-06-06 01:00:00+00:00': 6866.790653095968, '2025-06-06 03:00:00+00:00': 6769.482960788276, '2025-06-06 05:00:00+00:00': 6665.881950687265, '2025-06-06 07:00:00+00:00': 6582.7867125920275, '2025-06-06 09:00:00+00:00': 6475.469639421296, '2025-06-06 11:00:00+00:00': 6332.326782278439, '2025-06-06 13:00:00+00:00': 6308.252708204365, '2025-06-06 15:00:00+00:00': 6215.58949260194, '2025-06-06 17:00:00+00:00': 6155.93648520559, '2025-06-06 19:00:00+00:00': 6115.5338770850585, '2025-06-06 21:00:00+00:00': 6056.628596430048, '2025-06-06 23:00:00+00:00': 5996.628596430048, '2025-06-07 01:00:00+00:00': 6140.839122745837, '2025-06-07 03:00:00+00:00': 6095.124370159563, '2025-06-07 05:00:00+00:00': 6096.738876478442, '2025-06-07 07:00:00+00:00': 6061.581182565822, '2025-06-07 09:00:00+00:00': 6042.429002640681, '2025-06-07 11:00:00+00:00': 5989.39417315749, '2025-06-07 13:00:00+00:00': 5915.622370715957, '2025-06-07 15:00:00+00:00': 5904.721803369504, '2025-06-07 17:00:00+00:00': 5810.883204975828, '2025-06-07 19:00:00+00:00': 5754.209897268362, '2025-06-07 21:00:00+00:00': 5677.335385455221, '2025-06-07 23:00:00+00:00': 5625.365727455733, '2025-06-08 01:00:00+00:00': 5549.183119803606, '2025-06-08 03:00:00+00:00': 5493.069020779484, '2025-06-08 05:00:00+00:00': 5437.770293771868, '2025-06-08 07:00:00+00:00': 5412.184696696687, '2025-06-08 09:00:00+00:00': 5387.269702505504, '2025-06-08 11:00:00+00:00': 5360.694998524711, '2025-06-08 13:00:00+00:00': 5291.1611650679715, '2025-06-08 15:00:00+00:00': 5263.982849744377, '2025-06-08 17:00:00+00:00': 5238.775628872637, '2025-06-08 19:00:00+00:00': 5213.5360537902825, '2025-06-08 21:00:00+00:00': 5188.344397632711, '2025-06-08 23:00:00+00:00': 5160.282270587549, '2025-06-09 01:00:00+00:00': 5185.750113349628, '2025-06-09 03:00:00+00:00': 5131.386967085505, '2025-06-09 05:00:00+00:00': 5101.386967085505, '2025-06-09 07:00:00+00:00': 5043.7038266480595, '2025-06-09 09:00:00+00:00': 5013.7038266480595, '2025-06-09 11:00:00+00:00': 4963.442684574532, '2025-06-09 13:00:00+00:00': 4936.121201544713, '2025-06-09 15:00:00+00:00': 4821.957320149843, '2025-06-09 17:00:00+00:00': 4796.809029542229, '2025-06-09 19:00:00+00:00': 4774.692265938874, '2025-06-09 21:00:00+00:00': 4753.286377673319, '2025-06-09 23:00:00+00:00': 4736.724182957284, '2025-06-10 01:00:00+00:00': 4682.555412309227, '2025-06-10 03:00:00+00:00': 4654.645533587503, '2025-06-10 05:00:00+00:00': 4626.524020203905, '2025-06-10 07:00:00+00:00': 4611.400172751781, '2025-06-10 09:00:00+00:00': 4618.53823850024, '2025-06-10 11:00:00+00:00': 4589.864899340224, '2025-06-30 20:00:00+00:00': 4583.210843912902, '2025-06-30 22:00:00+00:00': 4652.288712911621, '2025-07-01 00:00:00+00:00': 4620.89105249284, '2025-07-01 02:00:00+00:00': 4586.0150612664, '2025-07-01 04:00:00+00:00': 4548.1775163844, '2025-07-01 06:00:00+00:00': 4502.121777235932, '2025-07-01 08:00:00+00:00': 4467.929943658493, '2025-07-01 10:00:00+00:00': 4402.739806997855, '2025-07-01 12:00:00+00:00': 4359.352215159256, '2025-07-01 14:00:00+00:00': 4313.288996768451, '2025-07-01 16:00:00+00:00': 4264.571401833945, '2025-07-01 18:00:00+00:00': 4228.545232717266, '2025-07-01 20:00:00+00:00': 4223.158119463193, '2025-07-01 22:00:00+00:00': 4178.381695512942, '2025-07-02 00:00:00+00:00': 4145.970505195181, '2025-07-02 02:00:00+00:00': 4127.253741262667, '2025-07-02 04:00:00+00:00': 4106.26857345657, '2025-07-02 06:00:00+00:00': 4068.678964864164, '2025-07-02 08:00:00+00:00': 4038.791652708445, '2025-07-02 10:00:00+00:00': 3994.4331033740555, '2025-07-02 12:00:00+00:00': 3955.756687820816, '2025-07-02 14:00:00+00:00': 3922.897351302911, '2025-07-02 16:00:00+00:00': 3907.7310207079368, '2025-07-02 18:00:00+00:00': 3874.974729441881, '2025-07-02 20:00:00+00:00': 3845.0959903739613, '2025-07-02 22:00:00+00:00': 3812.8769974994457, '2025-07-03 00:00:00+00:00': 3876.544761434656, '2025-07-03 02:00:00+00:00': 3847.6134520906353, '2025-07-03 04:00:00+00:00': 3811.4779985112314, '2025-07-03 06:00:00+00:00': 3789.479779099364, '2025-07-03 08:00:00+00:00': 3771.6341641590925, '2025-07-03 09:00:00+00:00': 3760.5507958398275, '2025-07-03 10:00:00+00:00': 3745.695889389409, '2025-07-03 12:00:00+00:00': 3731.318027040588, '2025-07-03 13:00:00+00:00': 3744.3402592062794, '2025-07-03 14:00:00+00:00': 3731.2130725613274, '2025-07-03 16:00:00+00:00': 3774.640279981296, '2025-07-03 18:00:00+00:00': 3749.487295484653, '2025-07-03 20:00:00+00:00': 3735.4345746135095, '2025-07-03 22:00:00+00:00': 3718.326717296535, '2025-07-03 23:00:00+00:00': 3704.6337238883716, '2025-07-04 00:00:00+00:00': 3688.49690759247, '2025-07-04 01:00:00+00:00': 3668.156176721675, '2025-07-04 02:00:00+00:00': 3652.0792772687682, '2025-07-04 03:00:00+00:00': 3653.4945053196398, '2025-07-04 04:00:00+00:00': 3637.1634922741746, '2025-07-04 05:00:00+00:00': 3622.031909583326, '2025-07-04 06:00:00+00:00': 3606.790521720188, '2025-07-04 07:00:00+00:00': 3587.346726881769, '2025-07-04 08:00:00+00:00': 3569.468102499719, '2025-07-04 09:00:00+00:00': 3558.8527642252225, '2025-07-04 10:00:00+00:00': 3540.149501753244, '2025-07-04 11:00:00+00:00': 3526.4580468952304, '2025-07-04 12:00:00+00:00': 3505.7758283569756, '2025-07-04 13:00:00+00:00': 3488.03068322755, '2025-07-04 14:00:00+00:00': 3468.9086972868367, '2025-07-04 15:00:00+00:00': 3455.5599660574076, '2025-07-04 16:00:00+00:00': 3434.2953472178497, '2025-07-04 17:00:00+00:00': 3415.830515858433, '2025-07-04 18:00:00+00:00': 3402.7455392505303, '2025-07-04 19:00:00+00:00': 3397.6786676145107, '2025-07-04 20:00:00+00:00': 3381.939336996942, '2025-07-04 21:00:00+00:00': 3373.4256358518555, '2025-07-04 22:00:00+00:00': 3355.5285244830425, '2025-07-04 23:00:00+00:00': 3341.899708771711, '2025-07-05 00:00:00+00:00': 3315.8738818746265, '2025-07-05 01:00:00+00:00': 3302.5499216755843, '2025-07-05 02:00:00+00:00': 3283.8437629603736, '2025-07-05 03:00:00+00:00': 3268.903512502742, '2025-07-05 04:00:00+00:00': 3254.724729040029, '2025-07-05 05:00:00+00:00': 3242.5413736425417, '2025-07-05 06:00:00+00:00': 3226.64858241465, '2025-07-05 07:00:00+00:00': 3213.931775387354, '2025-07-05 08:00:00+00:00': 3198.5045542740036, '2025-07-05 09:00:00+00:00': 3184.470384092576, '2025-07-05 10:00:00+00:00': 3169.0361785126065, '2025-07-05 11:00:00+00:00': 3155.728072965561, '2025-07-05 12:00:00+00:00': 3140.7789404569903, '2025-07-05 13:00:00+00:00': 3125.254715274295, '2025-07-05 14:00:00+00:00': 3105.6320463201064, '2025-07-05 15:00:00+00:00': 3084.6498969351014, '2025-07-05 16:00:00+00:00': 3068.3678062701565, '2025-07-05 17:00:00+00:00': 3039.8346004513046, '2025-07-05 18:00:00+00:00': 3025.445425420504, '2025-07-05 19:00:00+00:00': 2995.445425420504, '2025-07-05 20:00:00+00:00': 2980.137243241559, '2025-07-05 21:00:00+00:00': 2950.137243241559, '2025-07-05 22:00:00+00:00': 2930.2084912457094, '2025-07-05 23:00:00+00:00': 2916.866017375003, '2025-07-06 00:00:00+00:00': 2893.4135250011786, '2025-07-06 01:00:00+00:00': 2865.765322250272, '2025-07-06 02:00:00+00:00': 2846.459920676529, '2025-07-06 03:00:00+00:00': 2823.033314937473, '2025-07-06 04:00:00+00:00': 2803.561925811493, '2025-07-06 05:00:00+00:00': 2785.180353771611, '2025-07-06 06:00:00+00:00': 2766.7398119609734, '2025-07-06 07:00:00+00:00': 2752.65869591403, '2025-07-06 08:00:00+00:00': 2733.2900410474113, '2025-07-06 09:00:00+00:00': 2717.1575023747882, '2025-07-06 10:00:00+00:00': 2698.508331210587, '2025-07-06 11:00:00+00:00': 2683.3181644949095, '2025-07-06 12:00:00+00:00': 2663.9537095047513, '2025-07-06 13:00:00+00:00': 2647.7258306045474, '2025-07-06 14:00:00+00:00': 2638.8440749871406, '2025-07-06 15:00:00+00:00': 2626.2152075349295, '2025-07-06 16:00:00+00:00': 2610.4702092718767, '2025-07-06 17:00:00+00:00': 2595.889077730045, '2025-07-06 18:00:00+00:00': 2580.5900387827996, '2025-07-06 19:00:00+00:00': 2577.534483227244, '2025-07-06 20:00:00+00:00': 2556.7380413045184, '2025-07-06 21:00:00+00:00': 2541.6649812430223, '2025-07-06 22:00:00+00:00': 2534.6999790901523, '2025-07-06 23:00:00+00:00': 2519.886755335126, '2025-07-07 00:00:00+00:00': 2498.045280993062, '2025-07-07 01:00:00+00:00': 2496.2429554116666, '2025-07-07 02:00:00+00:00': 2482.4611811630975, '2025-07-07 03:00:00+00:00': 2466.7404615827245, '2025-07-07 04:00:00+00:00': 2452.2197764649213, '2025-07-07 05:00:00+00:00': 2446.0518249563934, '2025-07-07 06:00:00+00:00': 2430.1910275503124, '2025-07-07 07:00:00+00:0