number,value,params_BTC_VS_ETH_WEIGHT,params_CONVERGENCE_THRESHOLD,params_DAILY_LOSS_LIMIT,params_FIXED_TRADE_PCT,params_MAX_CONCURRENT_POSITIONS,params_MAX_DRAWDOWN_LIMIT,params_MAX_HOLD_HOURS,params_MAX_POSITION_PCT,params_MIN_DIV,params_MIN_TIME_BETWEEN_TRADES,params_STOP_LOSS_PCT,params_STRIKE_SELECTION_STRATEGY,params_TAKE_PROFIT_PCT,params_TRAIL_PCT,state,user_attrs_cooldown_trades_pct,user_attrs_equity_curves,user_attrs_total_trades
6,-1.007088593358407,0.6,0.7,0.1,0.06,2.0,0.3,96.0,0.7,0.02,2.0,0.02,nearest,0.05,0.35,COMPLETE,7.954545454545454,"[{'2025-05-01 00:00:00+00:00': 10000.0, '2025-05-01 01:00:00+00:00': 9985.294178736503, '2025-05-01 03:00:00+00:00': 9977.246690407432, '2025-05-01 05:00:00+00:00': 9971.324338559343, '2025-05-01 07:00:00+00:00': 9972.106869505153, '2025-05-01 09:00:00+00:00': 9967.047609951003, '2025-05-01 11:00:00+00:00': 9961.704436826165, '2025-05-01 13:00:00+00:00': 9955.781460215794, '2025-05-01 21:00:00+00:00': 9924.098192628579, '2025-05-01 23:00:00+00:00': 9908.982577508483, '2025-05-02 01:00:00+00:00': 9902.496308123511, '2025-05-02 09:00:00+00:00': 9846.650527605196, '2025-05-02 11:00:00+00:00': 9835.969471170725, '2025-05-02 13:00:00+00:00': 9826.543563548703, '2025-05-02 21:00:00+00:00': 9805.357896585463, '2025-05-02 23:00:00+00:00': 9798.73611128275, '2025-05-03 01:00:00+00:00': 9791.16103276273, '2025-05-03 08:00:00+00:00': 9769.032789168978, '2025-05-03 10:00:00+00:00': 9762.306601455486, '2025-05-03 12:00:00+00:00': 9756.289175674396, '2025-05-03 14:00:00+00:00': 9745.616055462917, '2025-05-03 16:00:00+00:00': 9733.474715338123, '2025-05-03 20:00:00+00:00': 9700.426015754174, '2025-05-03 22:00:00+00:00': 9686.701393696136, '2025-05-04 00:00:00+00:00': 9685.914633931388, '2025-05-04 02:00:00+00:00': 9678.699697583621, '2025-05-04 04:00:00+00:00': 9668.614907673034, '2025-05-04 08:00:00+00:00': 9652.13553076778, '2025-05-04 12:00:00+00:00': 9645.804565567254, '2025-05-04 16:00:00+00:00': 9608.678509043353, '2025-05-04 20:00:00+00:00': 9574.159713454786, '2025-05-05 00:00:00+00:00': 9576.671489928685, '2025-05-05 04:00:00+00:00': 9572.025360452239, '2025-05-05 06:00:00+00:00': 9564.60229354285, '2025-05-05 08:00:00+00:00': 9550.634032138543, '2025-05-05 16:00:00+00:00': 9496.183436064663, '2025-05-05 18:00:00+00:00': 9498.730751687537, '2025-05-05 20:00:00+00:00': 9481.996729993925, '2025-05-06 00:00:00+00:00': 9503.321751837666, '2025-05-06 04:00:00+00:00': 9488.775143643868, '2025-05-06 06:00:00+00:00': 9477.281065820085, '2025-05-06 08:00:00+00:00': 9465.860664355727, '2025-05-06 12:00:00+00:00': 9437.80586758644, '2025-05-06 16:00:00+00:00': 9438.282472696132, '2025-05-06 18:00:00+00:00': 9434.847923398305, '2025-05-06 20:00:00+00:00': 9425.28222409338, '2025-05-07 00:00:00+00:00': 9438.616973561871, '2025-05-07 04:00:00+00:00': 9424.573713839292, '2025-05-07 06:00:00+00:00': 9417.784965126159, '2025-05-07 16:00:00+00:00': 9354.28809994404, '2025-05-07 18:00:00+00:00': 9370.573844781418, '2025-05-08 00:00:00+00:00': 9367.292826138219, '2025-05-08 06:00:00+00:00': 9335.177881667245, '2025-05-08 16:00:00+00:00': 9285.951059518733, '2025-05-08 18:00:00+00:00': 9283.570949147996, '2025-05-09 00:00:00+00:00': 9265.125827414711, '2025-05-09 06:00:00+00:00': 9240.57070520379, '2025-05-09 14:00:00+00:00': 9231.75622743391, '2025-05-09 20:00:00+00:00': 9211.88798831229, '2025-05-09 22:00:00+00:00': 9193.19194394687, '2025-05-10 02:00:00+00:00': 9188.240352471432, '2025-05-10 04:00:00+00:00': 9183.110739873118, '2025-05-10 08:00:00+00:00': 9180.80495966726, '2025-05-10 10:00:00+00:00': 9174.050876004596, '2025-05-10 17:00:00+00:00': 9151.992248591137, '2025-05-10 21:00:00+00:00': 9132.408513788132, '2025-05-10 23:00:00+00:00': 9123.562769522572, '2025-05-11 01:00:00+00:00': 9119.581937742416, '2025-05-11 05:00:00+00:00': 9110.074253132889, '2025-05-11 09:00:00+00:00': 9093.817016446628, '2025-05-11 11:00:00+00:00': 9088.295448769668, '2025-05-11 13:00:00+00:00': 9084.383678696395, '2025-05-11 15:00:00+00:00': 9074.729552564497, '2025-05-11 18:00:00+00:00': 9066.823302385843, '2025-05-12 00:00:00+00:00': 9056.64628853725, '2025-05-12 04:00:00+00:00': 9059.244453392092, '2025-05-12 07:00:00+00:00': 9055.058330414235, '2025-05-12 11:00:00+00:00': 9037.772802915273, '2025-05-12 13:00:00+00:00': 9033.415769463983, '2025-05-12 17:00:00+00:00': 9066.148990689167, '2025-05-12 19:00:00+00:00': 9076.835546744933, '2025-05-12 21:00:00+00:00': 9089.439371395618, '2025-05-13 01:00:00+00:00': 9086.545071284474, '2025-05-13 05:00:00+00:00': 9089.640917005836, '2025-05-13 07:00:00+00:00': 9082.286379559879, '2025-05-13 09:00:00+00:00': 9078.362423551838, '2025-05-13 11:00:00+00:00': 9071.294371047325, '2025-05-13 13:00:00+00:00': 9064.403179821762, '2025-05-13 20:00:00+00:00': 9066.816363674732, '2025-05-13 22:00:00+00:00': 9055.280126656266, '2025-05-14 00:00:00+00:00': 9046.622207500992, '2025-05-14 02:00:00+00:00': 9038.184121947677, '2025-05-14 08:00:00+00:00': 9019.004420197058, '2025-05-14 11:00:00+00:00': 9016.645662096296, '2025-05-14 13:00:00+00:00': 9011.222905066972, '2025-05-14 15:00:00+00:00': 9016.512050878962, '2025-05-14 17:00:00+00:00': 9007.002947133587, '2025-05-14 19:00:00+00:00': 9000.43125716595, '2025-05-14 23:00:00+00:00': 8987.772508514616, '2025-05-15 01:00:00+00:00': 8983.59889703232, '2025-05-15 04:00:00+00:00': 8985.344104693486, '2025-05-15 06:00:00+00:00': 8986.440999629112, '2025-05-15 09:00:00+00:00': 8990.010288853899, '2025-05-15 11:00:00+00:00': 8990.786665412525, '2025-05-15 13:00:00+00:00': 8991.808439022228, '2025-05-15 18:00:00+00:00': 9028.08246567111, '2025-05-15 20:00:00+00:00': 9029.363661797319, '2025-05-15 22:00:00+00:00': 9021.684766513381, '2025-05-16 00:00:00+00:00': 9014.350501369272, '2025-05-16 02:00:00+00:00': 9008.909781078302, '2025-05-16 06:00:00+00:00': 8982.513478518771, '2025-05-16 10:00:00+00:00': 8980.504083489464, '2025-05-16 13:00:00+00:00': 8977.333528426778, '2025-05-16 15:00:00+00:00': 8959.143654181742, '2025-05-16 17:00:00+00:00': 8950.603223931053, '2025-05-17 00:00:00+00:00': 8926.342878726782, '2025-05-17 02:00:00+00:00': 8913.345152616124, '2025-05-17 04:00:00+00:00': 8917.864869415345, '2025-05-17 06:00:00+00:00': 8905.848953495535, '2025-05-17 08:00:00+00:00': 8899.709882476973, '2025-05-17 11:00:00+00:00': 8893.860136506855, '2025-05-17 13:00:00+00:00': 8887.71639273767, '2025-05-17 17:00:00+00:00': 8877.750431796627, '2025-05-17 19:00:00+00:00': 8868.533515726698, '2025-05-17 21:00:00+00:00': 8867.725355966686, '2025-05-17 23:00:00+00:00': 8853.978897008536, '2025-05-18 01:00:00+00:00': 8848.773641362806, '2025-05-18 05:00:00+00:00': 8836.12587027415, '2025-05-18 07:00:00+00:00': 8818.123833475922, '2025-05-18 09:00:00+00:00': 8811.416301777284, '2025-05-18 11:00:00+00:00': 8813.279528440251, '2025-05-18 13:00:00+00:00': 8806.741371137463, '2025-05-18 15:00:00+00:00': 8829.137687211638, '2025-05-18 17:00:00+00:00': 8833.695528227368, '2025-05-18 19:00:00+00:00': 8827.523711500753, '2025-05-18 21:00:00+00:00': 8832.752858946636, '2025-05-18 23:00:00+00:00': 8944.438252205064, '2025-05-19 01:00:00+00:00': 8947.216356423003, '2025-05-19 05:00:00+00:00': 8962.819968205938, '2025-05-19 07:00:00+00:00': 8982.502799738813, '2025-05-19 09:00:00+00:00': 8976.350321929713, '2025-05-19 12:00:00+00:00': 8966.079247238058, '2025-05-19 14:00:00+00:00': 8994.350814905201, '2025-05-19 18:00:00+00:00': 9001.225643539474, '2025-05-19 22:00:00+00:00': 9004.064307651171, '2025-05-20 00:00:00+00:00': 8998.3786598068, '2025-05-20 02:00:00+00:00': 9031.69724040878, '2025-05-20 06:00:00+00:00': 8999.557997826014, '2025-05-20 08:00:00+00:00': 9003.323083802694, '2025-05-20 10:00:00+00:00': 8992.94722602521, '2025-05-20 12:00:00+00:00': 8985.574253783801, '2025-05-20 14:00:00+00:00': 8985.214693725397, '2025-05-20 16:00:00+00:00': 8989.530995127707, '2025-05-20 18:00:00+00:00': 9030.185945683932, '2025-05-20 20:00:00+00:00': 9146.15681947034, '2025-05-20 22:00:00+00:00': 9134.812461545627, '2025-05-21 00:00:00+00:00': 9119.62361378768, '2025-05-21 02:00:00+00:00': 9109.77080112266, '2025-05-21 04:00:00+00:00': 9095.818430244099, '2025-05-21 06:00:00+00:00': 9083.525680706714, '2025-05-21 10:00:00+00:00': 9135.711543599358, '2025-05-21 12:00:00+00:00': 9125.906466151628, '2025-05-21 14:00:00+00:00': 9136.442251853854, '2025-05-21 16:00:00+00:00': 9122.551043047637, '2025-05-21 18:00:00+00:00': 10201.122471619066, '2025-05-21 20:00:00+00:00': 10281.193393604883, '2025-05-21 23:00:00+00:00': 10274.491693321177, '2025-05-22 01:00:00+00:00': 10280.46977859143, '2025-05-22 03:00:00+00:00': 10286.530845683958, '2025-05-22 06:00:00+00:00': 10306.11696129247, '2025-05-22 09:00:00+00:00': 10339.828725646994, '2025-05-22 12:00:00+00:00': 10383.44596450346, '2025-05-22 14:00:00+00:00': 10402.451862554082, '2025-05-22 16:00:00+00:00': 10400.319630560347, '2025-05-22 18:00:00+00:00': 10397.898422030057, '2025-05-22 20:00:00+00:00': 10364.921920948453, '2025-05-23 00:00:00+00:00': 10361.45539366527, '2025-05-23 02:00:00+00:00': 10345.522901010405, '2025-05-23 06:00:00+00:00': 10328.657363586777, '2025-05-23 10:00:00+00:00': 10332.078965372624, '2025-05-23 12:00:00+00:00': 10467.419874463534, '2025-05-23 14:00:00+00:00': 10565.64765955941, '2025-05-23 19:00:00+00:00': 10626.224132297244, '2025-05-23 21:00:00+00:00': 10614.813818822782, '2025-05-23 23:00:00+00:00': 10596.935142352246, '2025-05-24 04:00:00+00:00': 10606.288177734996, '2025-05-24 06:00:00+00:00': 10594.416211748854, '2025-05-24 11:00:00+00:00': 10609.794568007366, '2025-05-24 13:00:00+00:00': 10610.091433063482, '2025-05-24 15:00:00+00:00': 10613.944566489567, '2025-05-24 23:00:00+00:00': 10615.479660596617, '2025-05-25 10:00:00+00:00': 10610.692922155089, '2025-05-25 12:00:00+00:00': 10605.23440207534, '2025-05-25 14:00:00+00:00': 10604.919712966705, '2025-05-25 17:00:00+00:00': 10596.013220337582, '2025-05-25 19:00:00+00:00': 10599.92180501369, '2025-05-26 01:00:00+00:00': 10836.104584031511, '2025-05-26 09:00:00+00:00': 10838.262168940579, '2025-05-26 16:00:00+00:00': 10858.327164863453, '2025-05-26 21:00:00+00:00': 10870.636912674512, '2025-05-27 02:00:00+00:00': 10889.716603646888, '2025-05-27 08:00:00+00:00': 10964.254830005557, '2025-05-27 11:00:00+00:00': 10953.250425824408, '2025-05-27 14:00:00+00:00': 10961.71091447478, '2025-05-27 18:00:00+00:00': 10951.387902496308, '2025-05-27 20:00:00+00:00': 10941.567333822693, '2025-05-27 22:00:00+00:00': 10949.137756357904, '2025-05-28 00:00:00+00:00': 10932.55070686259, '2025-05-28 02:00:00+00:00': 10915.398388981796, '2025-05-28 05:00:00+00:00': 10900.986541136983, '2025-05-28 07:00:00+00:00': 10886.142791136983, '2025-05-28 09:00:00+00:00': 10854.684042400522, '2025-05-28 13:00:00+00:00': 10804.004163806672, '2025-05-28 15:00:00+00:00': 10795.08291960133, '2025-05-28 17:00:00+00:00': 10781.848832205753, '2025-05-28 20:00:00+00:00': 10772.274292538212, '2025-05-28 22:00:00+00:00': 10756.659781010385, '2025-05-29 03:00:00+00:00': 10723.103971507477, '2025-05-29 05:00:00+00:00': 10709.852371815485, '2025-05-29 10:00:00+00:00': 10694.24138825358, '2025-05-29 12:00:00+00:00': 10676.141849685477, '2025-05-29 14:00:00+00:00': 10664.752701303509, '2025-05-30 23:00:00+00:00': 10672.62324375982, '2025-05-31 01:00:00+00:00': 10642.62324375982, '2025-05-31 03:00:00+00:00': 10650.974959446094, '2025-05-31 05:00:00+00:00': 10590.974959446094, '2025-05-31 07:00:00+00:00': 10513.638313228601, '2025-05-31 09:00:00+00:00': 10484.069439373638, '2025-05-31 11:00:00+00:00': 10381.880946502948, '2025-05-31 13:00:00+00:00': 10250.506173405942, '2025-05-31 15:00:00+00:00': 10192.369347895965, '2025-05-31 17:00:00+00:00': 10126.547668949754, '2025-05-31 19:00:00+00:00': 10080.934666506751, '2025-05-31 21:00:00+00:00': 10025.074121631904, '2025-05-31 23:00:00+00:00': 9996.749543905831, '2025-06-01 01:00:00+00:00': 9968.162321051477, '2025-06-01 03:00:00+00:00': 9912.479095547404, '2025-06-01 05:00:00+00:00': 9864.935422320536, '2025-06-01 07:00:00+00:00': 9816.04941879381, '2025-06-01 09:00:00+00:00': 9714.357147603163, '2025-06-01 11:00:00+00:00': 9674.101970604495, '2025-06-01 13:00:00+00:00': 9616.121049228572, '2025-06-01 15:00:00+00:00': 9520.001006396062, '2025-06-01 17:00:00+00:00': 9402.096925757058, '2025-06-01 19:00:00+00:00': 9403.959981331014, '2025-06-01 21:00:00+00:00': 9316.718877946018, '2025-06-01 23:00:00+00:00': 9231.501500474995, '2025-06-02 01:00:00+00:00': 9165.371476275212, '2025-06-02 03:00:00+00:00': 9105.371476275212, '2025-06-02 05:00:00+00:00': 9058.27080096877, '2025-06-02 07:00:00+00:00': 8978.357482662921, '2025-06-02 09:00:00+00:00': 8930.482482662921, '2025-06-02 11:00:00+00:00': 8870.482482662921, '2025-06-02 13:00:00+00:00': 8810.482482662921, '2025-06-02 15:00:00+00:00': 8723.783171780156, '2025-06-02 17:00:00+00:00': 8689.703469051832, '2025-06-02 19:00:00+00:00': 8602.899602507747, '2025-06-02 21:00:00+00:00': 8514.679828809058, '2025-06-02 23:00:00+00:00': 8406.16242003323, '2025-06-03 01:00:00+00:00': 8347.107422012377, '2025-06-03 03:00:00+00:00': 8377.45646866428, '2025-06-03 05:00:00+00:00': 8350.000930791191, '2025-06-03 07:00:00+00:00': 8270.592803861551, '2025-06-03 09:00:00+00:00': 8241.313814087387, '2025-06-03 11:00:00+00:00': 8174.646797880084, '2025-06-03 13:00:00+00:00': 8121.4315719107635, '2025-06-03 15:00:00+00:00': 7936.041006723546, '2025-06-03 17:00:00+00:00': 7937.5884532560685, '2025-06-03 19:00:00+00:00': 7871.054200921249, '2025-06-03 21:00:00+00:00': 7849.295720393678, '2025-06-03 23:00:00+00:00': 7730.9078859669, '2025-06-04 01:00:00+00:00': 7702.93836610148, '2025-06-04 03:00:00+00:00': 7647.15795822808, '2025-06-04 05:00:00+00:00': 7622.232827688708, '2025-06-04 07:00:00+00:00': 7538.368388245381, '2025-06-04 09:00:00+00:00': 7452.622378298427, '2025-06-04 11:00:00+00:00': 7396.472717518714, '2025-06-04 13:00:00+00:00': 7389.31087727709, '2025-06-04 15:00:00+00:00': 7324.0895295321225, '2025-06-04 17:00:00+00:00': 7282.458373986637, '2025-06-04 19:00:00+00:00': 7256.423112669995, '2025-06-04 21:00:00+00:00': 7250.981061751797, '2025-06-04 23:00:00+00:00': 7245.956492659542, '2025-06-05 01:00:00+00:00': 7188.346261192404, '2025-06-05 03:00:00+00:00': 7084.524791290749, '2025-06-05 05:00:00+00:00': 7028.047698546938, '2025-06-05 07:00:00+00:00': 6929.887658396756, '2025-06-05 09:00:00+00:00': 6904.502469095881, '2025-06-05 11:00:00+00:00': 6887.08142020245, '2025-06-05 13:00:00+00:00': 6750.116687734892, '2025-06-05 15:00:00+00:00': 6667.455136248329, '2025-06-05 17:00:00+00:00': 6735.760194934822, '2025-06-05 19:00:00+00:00': 6704.656265423485, '2025-06-05 21:00:00+00:00': 7235.89436066158, '2025-06-05 23:00:00+00:00': 7170.892022166993, '2025-06-06 01:00:00+00:00': 7120.564386839358, '2025-06-06 03:00:00+00:00': 7025.3166923106555, '2025-06-06 05:00:00+00:00': 6921.715682209645, '2025-06-06 07:00:00+00:00': 6838.620444114407, '2025-06-06 09:00:00+00:00': 6731.303370943676, '2025-06-06 11:00:00+00:00': 6589.373508179456, '2025-06-06 13:00:00+00:00': 6567.08771954769, '2025-06-06 15:00:00+00:00': 6477.607882037081, '2025-06-06 17:00:00+00:00': 6421.473111213222, '2025-06-06 19:00:00+00:00': 6384.592732696222, '2025-06-06 21:00:00+00:00': 6329.090164363555, '2025-06-06 23:00:00+00:00': 6270.259306047391, '2025-06-07 01:00:00+00:00': 6400.80492349439, '2025-06-07 03:00:00+00:00': 6359.269793314104, '2025-06-07 05:00:00+00:00': 6361.735669556951, '2025-06-07 07:00:00+00:00': 6329.396625333449, '2025-06-07 09:00:00+00:00': 6311.165582822006, '2025-06-07 11:00:00+00:00': 6260.846143889731, '2025-06-07 13:00:00+00:00': 6190.026267901843, '2025-06-07 15:00:00+00:00': 6176.888597692614, '2025-06-07 17:00:00+00:00': 6090.546422271422, '2025-06-07 19:00:00+00:00': 6036.9784885780555, '2025-06-07 21:00:00+00:00': 5963.095349774639, '2025-06-07 23:00:00+00:00': 5916.213453544262, '2025-06-08 01:00:00+00:00': 5843.014985137271, '2025-06-08 03:00:00+00:00': 5789.890211898725, '2025-06-08 05:00:00+00:00': 5737.476838664827, '2025-06-08 07:00:00+00:00': 5714.798854921428, '2025-06-08 09:00:00+00:00': 5692.704926773433, '2025-06-08 11:00:00+00:00': 5669.128436534963, '2025-06-08 13:00:00+00:00': 5607.409361068338, '2025-06-08 15:00:00+00:00': 5583.2543830325485, '2025-06-08 17:00:00+00:00': 5560.839877064139, '2025-06-08 19:00:00+00:00': 5538.386015042077, '2025-06-08 21:00:00+00:00': 5515.964163153734, '2025-06-08 23:00:00+00:00': 5490.975594156712, '2025-06-09 01:00:00+00:00': 5513.666055370179, '2025-06-09 03:00:00+00:00': 5465.254696050903, '2025-06-09 05:00:00+00:00': 5437.892592072835, '2025-06-09 07:00:00+00:00': 5386.446403852011, '2025-06-09 09:00:00+00:00': 5359.354478637618, '2025-06-09 11:00:00+00:00': 5314.453956366024, '2025-06-09 13:00:00+00:00': 5290.0226410767655, '2025-06-09 15:00:00+00:00': 5187.881090703491, '2025-06-09 17:00:00+00:00': 5165.3302647471355, '2025-06-09 19:00:00+00:00': 5145.487945213217, '2025-06-09 21:00:00+00:00': 5126.274933503886, '2025-06-09 23:00:00+00:00': 5111.403055452418, '2025-06-10 01:00:00+00:00': 5062.746545164481, '2025-06-10 03:00:00+00:00': 5037.649390800697, '2025-06-10 05:00:00+00:00': 5012.347628974228, '2025-06-10 07:00:00+00:00': 4998.732468759679, '2025-06-10 09:00:00+00:00': 5005.160454503825, '2025-06-10 11:00:00+00:00': 4979.34323372288, '2025-06-10 13:00:00+00:00': 4976.708831791717, '2025-06-10 15:00:00+00:00': 4933.216366814883, '2025-06-10 17:00:00+00:00': 4907.772189904769, '2025-06-10 19:00:00+00:00': 4865.792805034593, '2025-06-10 21:00:00+00:00': 4861.475633709002, '2025-06-10 23:00:00+00:00': 4828.924199551005, '2025-06-11 01:00:00+00:00': 4804.479080321887, '2025-06-11 03:00:00+00:00': 4825.435123282411, '2025-06-11 05:00:00+00:00': 4799.647878907739, '2025-06-11 07:00:00+00:00': 4823.194523443733, '2025-06-11 09:00:00+00:00': 4821.800019784789, '2025-06-11 11:00:00+00:00': 4798.511412350086, '2025-06-11 13:00:00+00:00': 4758.208935857349, '2025-06-11 15:00:00+00:00': 4664.261370462014, '2025-06-11 17:00:00+00:00': 4672.6850535987205, '2025-06-11 19:00:00+00:00': 4676.56057943188, '2025-06-11 21:00:00+00:00': 4623.882071224503, '2025-06-30 20:00:00+00:00': 4618.1785951439415, '2025-06-30 22:00:00+00:00': 4677.39195355409, '2025-07-01 00:00:00+00:00': 4650.492563833092, '2025-07-01 02:00:00+00:00': 4620.606438470229, '2025-07-01 04:00:00+00:00': 4588.172719507238, '2025-07-01 06:00:00+00:00': 4548.685665250838, '2025-07-01 08:00:00+00:00': 4519.3591072662475, '2025-07-01 10:00:00+00:00': 4463.4345717707865, '2025-07-01 12:00:00+00:00': 4425.703518461077, '2025-07-01 14:00:00+00:00': 4384.261559498179, '2025-07-01 16:00:00+00:00': 4342.425591983907, '2025-07-01 18:00:00+00:00': 4311.476875896057, '2025-07-01 20:00:00+00:00': 4308.178337594549, '2025-07-01 22:00:00+00:00': 4269.70123621395, '2025-07-02 00:00:00+00:00': 4241.836498484738, '2025-07-02 02:00:00+00:00': 4225.737274408135, '2025-07-02 04:00:00+00:00': 4207.689086338067, '2025-07-02 06:00:00+00:00': 4175.355372878405, '2025-07-02 08:00:00+00:00': 4149.634032443623, '2025-07-02 10:00:00+00:00': 4111.461159005906, '2025-07-02 12:00:00+00:00': 4078.1650210978337, '2025-07-02 14:00:00+00:00': 4049.8733015206144, '2025-07-02 16:00:00+00:00': 4036.5925941248183, '2025-07-02 18:00:00+00:00': 4008.381874223547, '2025-07-02 20:00:00+00:00': 3982.639938784523, '2025-07-02 22:00:00+00:00': 3954.871177259944, '2025-07-03 00:00:00+00:00': 4009.7837934174527, '2025-07-03 02:00:00+00:00': 3984.8582390337997, '2025-07-03 04:00:00+00:00': 3953.7180997477535, '2025-07-03 06:00:00+00:00': 3934.7562407165087, '2025-07-03 08:00:00+00:00': 3919.3667386330303, '2025-07-03 09:00:00+00:00': 3909.814516099269, '2025-07-03 10:00:00+00:00': 3897.000692873772, '2025-07-03 12:00:00+00:00': 3884.5956109250515, '2025-07-03 13:00:00+00:00': 3895.8206967037827, '2025-07-03 14:00:00+00:00': 3884.492245788936, '2025-07-03 16:00:00+00:00': 3921.9850692194545, '2025-07-03 18:00:00+00:00': 3900.2956150271402, '2025-07-03 20:00:00+00:00': 3888.172117895265, '2025-07-03 22:00:00+00:00': 3873.4098021896066, '2025-07-03 23:00:00+00:00': 3861.6061404962256, '2025-07-04 00:00:00+00:00': 3847.678159602186, '2025-07-04 01:00:00+00:00': 3830.1404258378084, '2025-07-04 02:00:00+00:00': 3816.260795644277, '2025-07-04 03:00:00+00:00': 3817.4813726433745, '2025-07-04 04:00:00+00:00': 3803.3789474777764, '2025-07-04 05:00:00+00:00': 3790.328844563925, '2025-07-04 06:00:00+00:00': 3777.1641097085103, '2025-07-04 07:00:00+00:00': 3760.3911838230183, '2025-07-04 08:00:00+00:00': 3744.944983868268, '2025-07-04 09:00:00+00:00': 3735.7851394680015, '2025-07-04 10:00:00+00:00': 3719.622124092189, '2025-07-04 11:00:00+00:00': 3707.8060561550196, '2025-07-04 12:00:00+00:00': 3689.9277954266618, '2025-07-04 13:00:00+00:00': 3674.610142849888, '2025-07-04 14:00:00+00:00': 3658.07539449451, '2025-07-04 15:00:00+00:00': 3646.549661008871, '2025-07-04 16:00:00+00:00': 3628.1568285858657, '2025-07-04 17:00:00+00:00': 3612.210479782506, '2025-07-04 18:00:00+00:00': 3600.8889565957506, '2025-07-04 19:00:00+00:00': 3596.5119535683934, '2025-07-04 20:00:00+00:00': 3582.891078954137, '2025-07-04 21:00:00+00:00': 3575.5359790011503, '2025-07-04 22:00:00+00:00': 3560.0440216765487, '2025-07-04 23:00:00+00:00': 3548.2683907390656, '2025-07-05 00:00:00+00:00': 3525.7339350992625, '2025-07-05 01:00:00+00:00': 3514.2193316231687, '2025-07-05 02:00:00+00:00': 3498.016126159524, '2025-07-05 03:00:00+00:00': 3485.102112197869, '2025-07-05 04:00:00+00:00': 3472.816962146935, '2025-07-05 05:00:00+00:00': 3462.283556844777, '2025-07-05 06:00:00+00:00': 3448.5102983375505, '2025-07-05 07:00:00+00:00': 3437.513648403785, '2025-07-05 08:00:00+00:00': 3424.14058454527, '2025-07-05 09:00:00+00:00': 3412.002416949482, '2025-07-05 10:00:00+00:00': 3398.6201023018652, '2025-07-05 11:00:00+00:00': 3387.10744579709, '2025-07-05 12:00:00+00:00': 3374.1426132880915, '2025-07-05 13:00:00+00:00': 3360.710093712506, '2025-07-05 14:00:00+00:00': 334