number,value,params_BTC_VS_ETH_WEIGHT,params_CONVERGENCE_THRESHOLD,params_DAILY_LOSS_LIMIT,params_FIXED_TRADE_PCT,params_MAX_CONCURRENT_POSITIONS,params_MAX_DRAWDOWN_LIMIT,params_MAX_HOLD_HOURS,params_MAX_POSITION_PCT,params_MIN_DIV,params_MIN_TIME_BETWEEN_TRADES,params_STOP_LOSS_PCT,params_STRIKE_SELECTION_STRATEGY,params_TAKE_PROFIT_PCT,params_TRAIL_PCT,state,user_attrs_cooldown_trades_pct,user_attrs_equity_curves,user_attrs_total_trades
17,-0.9646792983384155,0.7,0.4,0.2,0.07,3.0,0.25,48.0,0.4,0.035,4.0,0.04,random,0.04,0.3,COMPLETE,0.0,"[{'2025-05-01 00:00:00+00:00': 10000.0, '2025-05-01 01:00:00+00:00': 9969.008429597587, '2025-05-01 05:00:00+00:00': 9962.104724241783, '2025-05-01 10:00:00+00:00': 9952.872169083035, '2025-05-01 14:00:00+00:00': 9968.199864785449, '2025-05-01 19:00:00+00:00': 9954.924612327683, '2025-05-01 23:00:00+00:00': 9937.234950212944, '2025-05-02 03:00:00+00:00': 9922.689078149817, '2025-05-02 07:00:00+00:00': 9907.211811202562, '2025-05-02 11:00:00+00:00': 9894.67393656913, '2025-05-02 15:00:00+00:00': 9893.445056195282, '2025-05-02 20:00:00+00:00': 9920.16567119951, '2025-05-03 00:00:00+00:00': 9904.49215018361, '2025-05-03 13:00:00+00:00': 9892.747991557499, '2025-05-03 17:00:00+00:00': 9879.6779267514, '2025-05-03 21:00:00+00:00': 9861.877619533392, '2025-05-04 01:00:00+00:00': 9843.176391580724, '2025-05-04 06:00:00+00:00': 9832.302169582124, '2025-05-04 10:00:00+00:00': 9807.660497335944, '2025-05-04 14:00:00+00:00': 9784.750993179674, '2025-05-04 18:00:00+00:00': 9762.582532161074, '2025-05-04 22:00:00+00:00': 9750.440242877405, '2025-05-05 02:00:00+00:00': 9770.699343635093, '2025-05-05 06:00:00+00:00': 9761.859349559705, '2025-05-05 10:00:00+00:00': 9745.548252772174, '2025-05-05 14:00:00+00:00': 9731.164654421638, '2025-05-05 18:00:00+00:00': 9734.210060951518, '2025-05-05 22:00:00+00:00': 9779.468681641174, '2025-05-06 02:00:00+00:00': 9765.645771779253, '2025-05-06 06:00:00+00:00': 9751.844734314674, '2025-05-06 13:00:00+00:00': 9746.307910784855, '2025-05-06 17:00:00+00:00': 9744.07966264213, '2025-05-06 21:00:00+00:00': 9742.856225026437, '2025-05-07 01:00:00+00:00': 9739.781872242915, '2025-05-07 05:00:00+00:00': 9722.73689462338, '2025-05-07 09:00:00+00:00': 9702.64298633759, '2025-05-07 13:00:00+00:00': 9693.09872755464, '2025-05-07 17:00:00+00:00': 9666.690611523201, '2025-05-07 21:00:00+00:00': 9684.19986148116, '2025-05-08 01:00:00+00:00': 9687.06259278843, '2025-05-08 05:00:00+00:00': 9679.693243131584, '2025-05-08 09:00:00+00:00': 9677.7918950071, '2025-05-08 13:00:00+00:00': 9662.416335297783, '2025-05-08 17:00:00+00:00': 9659.682457264167, '2025-05-08 21:00:00+00:00': 9662.49515454852, '2025-05-09 02:00:00+00:00': 9644.214366713326, '2025-05-09 06:00:00+00:00': 9639.317092270549, '2025-05-09 11:00:00+00:00': 9632.74797313335, '2025-05-09 18:00:00+00:00': 9625.097354611227, '2025-05-10 04:00:00+00:00': 9612.270716822219, '2025-05-10 08:00:00+00:00': 9610.286499412987, '2025-05-10 13:00:00+00:00': 9597.25202031555, '2025-05-10 17:00:00+00:00': 9584.291586422189, '2025-05-10 22:00:00+00:00': 9578.67131883945, '2025-05-11 04:00:00+00:00': 9575.769863844485, '2025-05-11 09:00:00+00:00': 9574.560930511063, '2025-05-11 19:00:00+00:00': 9570.182388975534, '2025-05-12 01:00:00+00:00': 9564.843302072091, '2025-05-12 07:00:00+00:00': 9559.686925184982, '2025-05-12 12:00:00+00:00': 9559.475763494456, '2025-05-12 16:00:00+00:00': 9559.151838395608, '2025-05-12 21:00:00+00:00': 9574.63765226983, '2025-05-13 01:00:00+00:00': 9571.06123746588, '2025-05-13 05:00:00+00:00': 9578.57146654309, '2025-05-13 10:00:00+00:00': 9584.80466723407, '2025-05-13 16:00:00+00:00': 9589.923074478755, '2025-05-13 20:00:00+00:00': 9600.351593714824, '2025-05-14 11:00:00+00:00': 9605.90677349107, '2025-05-14 19:00:00+00:00': 9597.730000913713, '2025-05-15 01:00:00+00:00': 9592.530337098513, '2025-05-15 12:00:00+00:00': 9584.992483997885, '2025-05-15 16:00:00+00:00': 9633.910263079913, '2025-05-15 20:00:00+00:00': 9635.50529539332, '2025-05-16 00:00:00+00:00': 9623.06927308651, '2025-05-16 05:00:00+00:00': 9615.701624897809, '2025-05-16 10:00:00+00:00': 9613.1920785876, '2025-05-16 14:00:00+00:00': 9619.375355563023, '2025-05-16 20:00:00+00:00': 9599.621503396906, '2025-05-17 00:00:00+00:00': 9587.517976186504, '2025-05-17 04:00:00+00:00': 9593.189809772828, '2025-05-17 08:00:00+00:00': 9587.564915630068, '2025-05-17 12:00:00+00:00': 9556.297257560525, '2025-05-17 16:00:00+00:00': 9543.130687506658, '2025-05-17 20:00:00+00:00': 9529.694202009001, '2025-05-18 00:00:00+00:00': 9534.409493192286, '2025-05-18 05:00:00+00:00': 9521.448136594996, '2025-05-18 09:00:00+00:00': 9500.137702978884, '2025-05-18 13:00:00+00:00': 9474.411214832162, '2025-05-18 17:00:00+00:00': 9480.117321720376, '2025-05-18 21:00:00+00:00': 9466.190631860267, '2025-05-19 01:00:00+00:00': 9522.631434669505, '2025-05-19 08:00:00+00:00': 9560.225219192702, '2025-05-19 12:00:00+00:00': 9547.462858722949, '2025-05-19 16:00:00+00:00': 9566.24314630412, '2025-05-19 20:00:00+00:00': 9580.1380126399, '2025-05-20 01:00:00+00:00': 9569.947999598184, '2025-05-20 05:00:00+00:00': 9588.65567162785, '2025-05-20 10:00:00+00:00': 9575.763511585013, '2025-05-20 14:00:00+00:00': 9575.316472179931, '2025-05-20 18:00:00+00:00': 9625.837982991297, '2025-05-20 22:00:00+00:00': 9611.908768879508, '2025-05-21 02:00:00+00:00': 9584.780933768065, '2025-05-21 06:00:00+00:00': 9569.668436634507, '2025-05-21 10:00:00+00:00': 9536.745861228208, '2025-05-21 14:00:00+00:00': 9549.087131069478, '2025-05-21 18:00:00+00:00': 10627.658559640908, '2025-05-22 00:00:00+00:00': 10681.855441993848, '2025-05-22 04:00:00+00:00': 10759.1563269496, '2025-05-22 09:00:00+00:00': 10797.46618610453, '2025-05-22 13:00:00+00:00': 10797.975495448596, '2025-05-22 18:00:00+00:00': 10795.042748200485, '2025-05-23 00:00:00+00:00': 10790.830637817244, '2025-05-23 07:00:00+00:00': 10801.960264830599, '2025-05-23 11:00:00+00:00': 10821.22860951325, '2025-05-23 16:00:00+00:00': 10861.859677474415, '2025-05-23 20:00:00+00:00': 10850.072975360124, '2025-05-24 00:00:00+00:00': 10845.067085621171, '2025-05-24 06:00:00+00:00': 10830.904640069964, '2025-05-24 11:00:00+00:00': 10859.232679627194, '2025-05-24 23:00:00+00:00': 10861.0650114231, '2025-05-25 13:00:00+00:00': 10851.810023508011, '2025-05-25 17:00:00+00:00': 10841.177207478266, '2025-05-25 23:00:00+00:00': 11068.524146253776, '2025-05-26 09:00:00+00:00': 11071.095318753218, '2025-05-26 16:00:00+00:00': 11095.007368378723, '2025-05-26 21:00:00+00:00': 11109.681777308546, '2025-05-27 02:00:00+00:00': 11132.43090534503, '2025-05-27 08:00:00+00:00': 11177.04641776869, '2025-05-27 12:00:00+00:00': 11166.083723705175, '2025-05-27 18:00:00+00:00': 11153.81566752121, '2025-05-27 22:00:00+00:00': 11161.386090056421, '2025-05-28 02:00:00+00:00': 11144.233772175627, '2025-05-28 06:00:00+00:00': 11114.233772175627, '2025-05-28 10:00:00+00:00': 11096.209080817602, '2025-05-28 14:00:00+00:00': 11089.582574793505, '2025-05-28 20:00:00+00:00': 11078.093457769473, '2025-05-29 00:00:00+00:00': 11056.62809548961, '2025-05-29 04:00:00+00:00': 11039.077242966769, '2025-05-29 10:00:00+00:00': 11020.304560086091, '2025-05-29 14:00:00+00:00': 11006.58888140561, '2025-05-30 23:00:00+00:00': 11025.08888140561, '2025-05-31 03:00:00+00:00': 11033.440597091885, '2025-05-31 07:00:00+00:00': 10955.804233455521, '2025-05-31 11:00:00+00:00': 10841.414173720575, '2025-05-31 15:00:00+00:00': 10781.882750513718, '2025-05-31 19:00:00+00:00': 10733.477294323136, '2025-05-31 23:00:00+00:00': 10701.860780658513, '2025-06-01 03:00:00+00:00': 10641.495248759835, '2025-06-01 07:00:00+00:00': 10587.277043810063, '2025-06-01 11:00:00+00:00': 10545.063427158031, '2025-06-01 15:00:00+00:00': 10439.888632255823, '2025-06-01 19:00:00+00:00': 10443.400537017727, '2025-06-01 23:00:00+00:00': 10350.577304694496, '2025-06-02 03:00:00+00:00': 10290.577304694496, '2025-06-02 07:00:00+00:00': 10208.531850149042, '2025-06-02 11:00:00+00:00': 10148.531850149042, '2025-06-02 15:00:00+00:00': 10058.837972598021, '2025-06-02 19:00:00+00:00': 9965.423585566612, '2025-06-02 23:00:00+00:00': 9851.753533383484, '2025-06-03 03:00:00+00:00': 9886.474048937429, '2025-06-03 07:00:00+00:00': 9798.329190442259, '2025-06-03 11:00:00+00:00': 9725.89329300636, '2025-06-03 15:00:00+00:00': 9530.52198730799, '2025-06-03 19:00:00+00:00': 9458.737777991999, '2025-06-03 23:00:00+00:00': 9329.100953667674, '2025-06-04 03:00:00+00:00': 9273.720001286722, '2025-06-04 07:00:00+00:00': 9179.077144143865, '2025-06-04 11:00:00+00:00': 9119.077144143865, '2025-06-04 15:00:00+00:00': 9048.311996455457, '2025-06-04 19:00:00+00:00': 9019.602319036103, '2025-06-04 23:00:00+00:00': 9014.715955399739, '2025-06-05 03:00:00+00:00': 8903.143557209694, '2025-06-05 07:00:00+00:00': 8802.726890543028, '2025-06-05 11:00:00+00:00': 8786.817799633936, '2025-06-05 15:00:00+00:00': 8699.10351391965, '2025-06-05 19:00:00+00:00': 8663.975308791445, '2025-06-05 23:00:00+00:00': 8595.314594505731, '2025-06-06 03:00:00+00:00': 8498.00690219804, '2025-06-06 07:00:00+00:00': 8414.911664102801, '2025-06-06 11:00:00+00:00': 8271.768806959944, '2025-06-06 15:00:00+00:00': 8177.03292043821, '2025-06-06 19:00:00+00:00': 8136.432920438209, '2025-06-06 23:00:00+00:00': 8076.432920438209, '2025-06-07 03:00:00+00:00': 8028.512361235119, '2025-06-07 07:00:00+00:00': 7991.836532839513, '2025-06-07 11:00:00+00:00': 7937.309474863076, '2025-06-07 15:00:00+00:00': 7927.709636516682, '2025-06-07 19:00:00+00:00': 7868.992653697512, '2025-06-07 23:00:00+00:00': 7813.496991404955, '2025-06-08 03:00:00+00:00': 7755.198000606057, '2025-06-08 07:00:00+00:00': 7697.382183439999, '2025-06-08 11:00:00+00:00': 7638.398552207158, '2025-06-08 15:00:00+00:00': 7578.488450360162, '2025-06-08 19:00:00+00:00': 7520.620244070012, '2025-06-08 23:00:00+00:00': 7511.672875648959, '2025-06-09 03:00:00+00:00': 7424.728431204515, '2025-06-09 07:00:00+00:00': 7336.199019439809, '2025-06-09 11:00:00+00:00': 7199.140759773505, '2025-06-09 15:00:00+00:00': 7009.121375756677, '2025-06-09 19:00:00+00:00': 6954.298494086976, '2025-06-09 23:00:00+00:00': 6905.654154904794, '2025-06-10 03:00:00+00:00': 6845.654154904794, '2025-06-10 07:00:00+00:00': 6798.426414935984, '2025-06-10 11:00:00+00:00': 6776.214207335773, '2025-06-10 15:00:00+00:00': 6782.350570972136, '2025-06-10 19:00:00+00:00': 6602.255332876898, '2025-06-10 23:00:00+00:00': 6531.021471368943, '2025-06-11 03:00:00+00:00': 6524.910360257832, '2025-06-11 07:00:00+00:00': 6521.969183787243, '2025-06-11 11:00:00+00:00': 6462.269171298673, '2025-06-11 15:00:00+00:00': 6311.844842029962, '2025-06-11 19:00:00+00:00': 6286.487699172819, '2025-06-11 23:00:00+00:00': 6299.108020028434, '2025-06-12 03:00:00+00:00': 6266.0524644728785, '2025-06-12 07:00:00+00:00': 6176.474571490033, '2025-06-12 11:00:00+00:00': 6213.950061686111, '2025-06-12 15:00:00+00:00': 6035.479831995926, '2025-06-12 19:00:00+00:00': 6034.009243760633, '2025-06-12 23:00:00+00:00': 6007.80482552749, '2025-06-13 03:00:00+00:00': 6064.670497169281, '2025-06-13 08:00:00+00:00': 5985.72469347176, '2025-06-13 11:00:00+00:00': 5950.643276430579, '2025-06-13 15:00:00+00:00': 5948.624045661349, '2025-06-13 19:00:00+00:00': 5936.811545661349, '2025-06-30 20:00:00+00:00': 5930.157490234027, '2025-07-01 00:00:00+00:00': 5898.87724248347, '2025-07-01 04:00:00+00:00': 5861.092025448642, '2025-07-01 08:00:00+00:00': 5826.873291309189, '2025-07-01 12:00:00+00:00': 5783.365149818344, '2025-07-01 16:00:00+00:00': 5734.34325255913, '2025-07-01 20:00:00+00:00': 5728.796865283195, '2025-07-02 00:00:00+00:00': 5696.053062541054, '2025-07-02 04:00:00+00:00': 5674.827191117091, '2025-07-02 08:00:00+00:00': 5644.525603660359, '2025-07-02 12:00:00+00:00': 5605.239374398523, '2025-07-02 16:00:00+00:00': 5589.948850863799, '2025-07-02 20:00:00+00:00': 5559.5003278974, '2025-07-03 00:00:00+00:00': 5624.545410212468, '2025-07-03 04:00:00+00:00': 5587.599810575376, '2025-07-03 08:00:00+00:00': 5569.318627201159, '2025-07-03 09:00:00+00:00': 5557.984840423421, '2025-07-03 12:00:00+00:00': 5543.23313533781, '2025-07-03 13:00:00+00:00': 5556.549592797734, '2025-07-03 16:00:00+00:00': 5608.015342816107, '2025-07-03 17:00:00+00:00': 5594.913041721824, '2025-07-03 20:00:00+00:00': 5580.449934902008, '2025-07-03 23:00:00+00:00': 5566.444087172681, '2025-07-04 00:00:00+00:00': 5549.806187731126, '2025-07-04 03:00:00+00:00': 5551.256827006106, '2025-07-04 04:00:00+00:00': 5534.3901789229485, '2025-07-04 07:00:00+00:00': 5514.428315210587, '2025-07-04 08:00:00+00:00': 5495.933545340917, '2025-07-04 11:00:00+00:00': 5481.861627826567, '2025-07-04 12:00:00+00:00': 5460.4241787413375, '2025-07-04 15:00:00+00:00': 5446.678870128065, '2025-07-04 16:00:00+00:00': 5424.592836557187, '2025-07-04 19:00:00+00:00': 5419.365253777805, '2025-07-04 20:00:00+00:00': 5402.995060409227, '2025-07-04 23:00:00+00:00': 5388.921298240204, '2025-07-05 00:00:00+00:00': 5361.800299164775, '2025-07-05 03:00:00+00:00': 5346.350473317323, '2025-07-05 04:00:00+00:00': 5331.5452297063985, '2025-07-05 07:00:00+00:00': 5318.377632401893, '2025-07-05 08:00:00+00:00': 5302.241085682604, '2025-07-05 11:00:00+00:00': 5288.440589200205, '2025-07-05 12:00:00+00:00': 5272.777908127571, '2025-07-05 15:00:00+00:00': 5250.983270993235, '2025-07-05 16:00:00+00:00': 5233.887522568621, '2025-07-05 19:00:00+00:00': 5203.887522568621, '2025-07-05 20:00:00+00:00': 5187.789059245603, '2025-07-05 23:00:00+00:00': 5173.840370550597, '2025-07-06 00:00:00+00:00': 5149.1231912710955, '2025-07-06 03:00:00+00:00': 5124.558519074762, '2025-07-06 04:00:00+00:00': 5103.993428811645, '2025-07-06 07:00:00+00:00': 5089.19858390337, '2025-07-06 08:00:00+00:00': 5068.70021599187, '2025-07-06 11:00:00+00:00': 5052.711868362031, '2025-07-06 12:00:00+00:00': 5032.17543399112, '2025-07-06 15:00:00+00:00': 5018.859232726784, '2025-07-06 16:00:00+00:00': 5002.1447644810605, '2025-07-06 19:00:00+00:00': 4999.089208925505, '2025-07-06 20:00:00+00:00': 4976.974445632381, '2025-07-06 23:00:00+00:00': 4961.30350202229, '2025-07-07 00:00:00+00:00': 4938.0592904965615, '2025-07-07 03:00:00+00:00': 4921.424983632216, '2025-07-07 04:00:00+00:00': 4905.947711851588, '2025-07-07 07:00:00+00:00': 4898.414393977, '2025-07-07 08:00:00+00:00': 4886.40787088335, '2025-07-07 11:00:00+00:00': 4868.388391123573, '2025-07-07 12:00:00+00:00': 4856.513625469086, '2025-07-07 15:00:00+00:00': 4852.093241400233, '2025-07-07 16:00:00+00:00': 4823.975836730696, '2025-07-07 19:00:00+00:00': 4804.332600274421, '2025-07-07 20:00:00+00:00': 4788.50708487468, '2025-07-07 23:00:00+00:00': 4765.977120022619, '2025-07-08 00:00:00+00:00': 4750.374094530619, '2025-07-08 03:00:00+00:00': 4734.038287431867, '2025-07-08 04:00:00+00:00': 4717.169409950444, '2025-07-08 07:00:00+00:00': 4702.208882056719, '2025-07-08 08:00:00+00:00': 4683.953826244586, '2025-07-08 11:00:00+00:00': 4674.739797581432, '2025-07-08 12:00:00+00:00': 4659.56573607686, '2025-07-08 15:00:00+00:00': 4660.197315024228, '2025-07-08 16:00:00+00:00': 4645.969024068637, '2025-07-08 19:00:00+00:00': 4627.590547796376, '2025-07-08 20:00:00+00:00': 4600.822094287155, '2025-07-08 23:00:00+00:00': 4583.046357012589, '2025-07-09 00:00:00+00:00': 4568.434927552995, '2025-07-09 03:00:00+00:00': 4543.383907144832, '2025-07-09 04:00:00+00:00': 4523.367409329425, '2025-07-09 07:00:00+00:00': 4507.578155774664, '2025-07-09 08:00:00+00:00': 4486.986054113959, '2025-07-09 11:00:00+00:00': 4467.192199658412, '2025-07-09 12:00:00+00:00': 4448.7041946064965, '2025-07-09 15:00:00+00:00': 4428.470932655264, '2025-07-09 16:00:00+00:00': 4410.724357893703, '2025-07-09 19:00:00+00:00': 4401.670624264261, '2025-07-09 20:00:00+00:00': 4387.769883582885, '2025-07-10 00:00:00+00:00': 4367.245909444131, '2025-07-10 04:00:00+00:00': 4336.352109249774, '2025-07-10 08:00:00+00:00': 4324.782254213587, '2025-07-10 13:00:00+00:00': 4311.621202603827, '2025-07-10 15:00:00+00:00': 4301.6605561622855, '2025-07-10 17:00:00+00:00': 4295.409164425358, '2025-07-10 19:00:00+00:00': 4333.790470502112, '2025-07-10 22:00:00+00:00': 4330.496687652579, '2025-07-11 00:00:00+00:00': 4351.87184066635, '2025-07-11 03:00:00+00:00': 4360.888510981153, '2025-07-11 06:00:00+00:00': 4362.436532964033, '2025-07-11 07:00:00+00:00': 4342.837988660421, '2025-07-11 11:00:00+00:00': 4363.907439814888, '2025-07-11 15:00:00+00:00': 4350.758256035027, '2025-07-11 16:00:00+00:00': 4447.486978328022, '2025-07-11 19:00:00+00:00': 4418.17114006063, '2025-07-11 20:00:00+00:00': 4390.8919241907815, '2025-07-11 23:00:00+00:00': 4370.218847267704, '2025-07-12 00:00:00+00:00': 4348.201001488114, '2025-07-12 03:00:00+00:00': 4331.673223710336, '2025-07-12 04:00:00+00:00': 4305.5390136527585, '2025-07-12 07:00:00+00:00': 4273.902179825913, '2025-07-12 08:00:00+00:00': 4235.003097257106, '2025-07-12 11:00:00+00:00': 4210.685558337088, '2025-07-12 12:00:00+00:00': 4218.208544855889, '2025-07-12 15:00:00+00:00': 4192.193509531271, '2025-07-12 16:00:00+00:00': 4183.381743840808, '2025-07-12 19:00:00+00:00': 4152.389532044225, '2025-07-12 20:00:00+00:00': 4131.532298965734, '2025-07-12 23:00:00+00:00': 4107.659319003325, '2025-07-13 00:00:00+00:00': 4076.2870125075233, '2025-07-13 03:00:00+00:00': 4049.9064296141078, '2025-07-13 04:00:00+00:00': 4031.8723522498003, '2025-07-13 07:00:00+00:00': 4008.2439223673778, '2025-07-13 08:00:00+00:00': 3985.090404960048, '2025-07-13 11:00:00+00:00': 3970.7895282139584, '2025-07-13 12:00:00+00:00': 3937.2146630713364, '2025-07-13 15:00:00+00:00': 3918.933040604949, '2025-07-13 16:00:00+00:00': 3891.760851754827, '2025-07-13 19:00:00+00:00': 3861.6148229233036, '2025-07-13 20:00:00+00:00': 3846.9306123969877, '2025-07-13 23:00:00+00:00': 3809.928665692589, '2025-07-14 00:00:00+00:00': 3771.029583123782, '2025-07-14 03:00:00+00:00': 3769.645445708139, '2025-07-14 04:00:00+00:00': 3770.241127385284, '2025-07-14 07:00:00+00:00': 3750.630778578987, '2025-07-14 08:00:00+00:00': 3750.310648748932, '2025-07-14 11:00:00+00:00': 3753.0457500262173, '2025-07-14 12:00:00+00:00': 3747.6027120515337, '2025-07-14 15:00:00+00:00': 3761.4957695849102, '2025-07-14 16:00:00+00:00': 3819.8768622359507, '2025-07-14 19:00:00+00:00': 3808.7729661320545, '2025-07-14 20:00:00+00:00': 3777.8236272274116, '2025-07-14 23:00:00+00:00': 3754.752198655983, '2025-07-15 00:00:00+00:00': 3754.47438120178, '2025-07-15 03:00:00+00:00': 3791.3709329259177, '2025-07-15 04:00:00+00:00': 3839.468558420469, '2025-07-15 07:00:00+00:00': 3827.5993995419644, '2025-07-15 08:00:00+00:00': 3827.401410103754, '2025-07-15 11:00:00+00:00': 3801.582444586513, '2025-07-15 12:00:00+00:00': 3775.991535495604, '2025-07-15 15:00:00+00:00': 3858.6683031723715, '2025-07-15 16:00:00+00:00': 3922.973858727927, '2025-07-15 19:00:00+00:00': 3929.235540970918, '2025-07-15 20:00:00+00:00': 4142.806280189127, '2025-07-15 23:00:00+00:00': 4099.556158279457, '2025-07-16 00:00:00+00:00': 4053.673517188756, '2025-07-16 03:00:00+00:00': 4069.000619992494, '2025-07-16 04:00:00+00:00': 4040.5363879882143, '2025-07-16 07:00:00+00:00': 3984.320171771998, '2025-07-16 08:00:00+00:00': 3937.1984819970794, '2025-07-16 11:00:00+00:00': 3917.409008312869, '2025-07-16 12:00:00+00:00': 3874.7750898755185, '2025-07-16 15:00:00+00:00': 3815.381150481579, '2025-07-16 16:00:00+00:00': 3838.46812944052, '2025-07-16 19:00:00+00:00': 3792.479118451509, '2025-07-16 20:00:00+00:00': 3766.3505729695426, '2025-07-16 23:00:00+00:00': 3801.743831396509, '2025-07-17 00:00:00+00:00': 3778.26314258406, '2025-07-17 03:00:00+00:00': 3730.300179621097, '2025-07-17 04:00:00+00:00': 3769.585893906811, '2025-07-17 07:00:00+00:00': 3730.168418178656, '2025-07-17 08:00:00+00:00': 3691.6422496297373, '2025-07-17 11:00:00+00:00': 3691.6422496297373, '2025-07-17 12:00:00+00:00': 3696.7024905935928, '2025-07-17 15:00:00+00:00': 3642.6925896034936, '2025-07-17 16:00:00+00:00': 3668.4091102984503, '2025-07-17 19:00:00+00:00': 3617.9880576668716, '2025-07-17 20:00:00+00:00': 3662.565915942828, '2025-07-17 23:00:00+00:00': 3703.699249276161, '2025-07-18 00:00:00+00:00': 3670.846948537291, '2025-07-18 03:00:00+00:00': 3634.5482472385897, '2025-07-18 04:00:00+00:00': 3601.240980227198, '2025-07-18 07:00:00+00:00': 3597.816322692952, '2025-07-18 08:00:00+00:00': 3907.3163226929523, '2025-07-18 11:00:00+00:00': 3863.051616810599, '2025-07-18 12:00:00+00:00': 3845.212273891427, '2025-07-18 15:00:00+00:00': 3852.882176804048, '2025-07-18 16:00:00+00:00': 3924.393804711025, '2025-07-18 19:00:00+00:00': 3902.1538047110253, '2025-07-18 20:00:00+00:00': 3940.0538047110254, '2025-07-18 23:00:00+00:00': 3910.0538047110254, '2025-07-19 00:00:00+00:00': 3860.760150306094, '2025-07-19 03:00:00+00:00': 3814.5934836394276, '2025-07-19 04:00:00+00:00': 3757.3222351702107, '2025-07-19 07:00:00+00:00': 3731.5032696529693, '2025-07-19 08:00:00+00:00': 3734.5714514711512, '2025-07-19 11:00:00+00:00': 3704.5714514711512, '2025-07-19 12:00:00+00:00': 3703.671451471151, '2025-07-19 15:00:00+00:00': 3705.2161669183056, '2025-07-19 16:00:00+00:00': 3634.1144720030516, '2025-07-19 19:00:00+00:00': 3596.59509215809, '2025-07-19 20:00:00+00:00': 3534.8637358065876, '2025-07-19 23:00:00+00:00': 3493.67142811428, '2025-07-20 00:00:00+00:00': 3445.143216272722, '2025-07-20 03:00:00+00:00': 3418.932278772722, '2025-07-20 04:00:00+00:00': 3443.2343184242727, '2025-07-20 07:00:00+00:00': 3398.19555873435, '2025-07-20 08:00:00+00:00': 3354.4177636324707, '2025-07-20 11:00:00+00:00': 3336.247031925154, '2025-07-20 12:00:00+00:00': 3357.2202601310246, '2025-07-20 15:00:00+00:00': 3303.170673354165, '2025-07-20 17:00:00+00:00': 3277.48260061599, '2025-07-20 19:00:00+00:00': 3232.038101883349, '2025-07-20 21:00:00+00:00': 3250.5644221929447, '2025-07-20 23:00:00+00:00': 3220.5644221929447, '2025-07-21 01:00:00+00:00': 3226.6798577370205, '2025-07-21 03:00:00+00:00': 3160.852689930522, '2025-07-21 05:00