number,value,params_BTC_VS_ETH_WEIGHT,params_CONVERGENCE_THRESHOLD,params_DAILY_LOSS_LIMIT,params_FIXED_TRADE_PCT,params_MAX_CONCURRENT_POSITIONS,params_MAX_DRAWDOWN_LIMIT,params_MAX_HOLD_HOURS,params_MAX_POSITION_PCT,params_MIN_DIV,params_MIN_TIME_BETWEEN_TRADES,params_STOP_LOSS_PCT,params_STRIKE_SELECTION_STRATEGY,params_TAKE_PROFIT_PCT,params_TRAIL_PCT,state,user_attrs_cooldown_trades_pct,user_attrs_equity_curves,user_attrs_total_trades
49,-0.8675203288715945,0.5,0.6,0.15,0.055,1.0,0.15,48.0,0.6,0.035,1.0,0.015,furthest,0.05,0.25,COMPLETE,11.916461916461916,"[{'2025-05-01 00:00:00+00:00': 10000.0, '2025-05-01 01:00:00+00:00': 9975.649480398104, '2025-05-01 02:00:00+00:00': 10053.497479112777, '2025-05-01 03:00:00+00:00': 10046.070228064098, '2025-05-01 04:00:00+00:00': 10036.502345156681, '2025-05-01 05:00:00+00:00': 10031.04128042424, '2025-05-01 06:00:00+00:00': 10028.41239913458, '2025-05-01 07:00:00+00:00': 10029.133825985762, '2025-05-01 08:00:00+00:00': 10023.239165171472, '2025-05-01 12:00:00+00:00': 10000.94463599465, '2025-05-01 13:00:00+00:00': 9995.493853810915, '2025-05-01 21:00:00+00:00': 9962.607436111583, '2025-05-01 22:00:00+00:00': 9952.237340638581, '2025-05-01 23:00:00+00:00': 9938.342072362018, '2025-05-02 00:00:00+00:00': 9925.796966814445, '2025-05-02 05:00:00+00:00': 9862.371910870032, '2025-05-02 06:00:00+00:00': 9847.487061283555, '2025-05-02 07:00:00+00:00': 9835.41851505384, '2025-05-02 13:00:00+00:00': 9797.351105205087, '2025-05-02 14:00:00+00:00': 9819.972079824578, '2025-05-02 15:00:00+00:00': 9819.013820567283, '2025-05-02 18:00:00+00:00': 9809.732545092029, '2025-05-03 14:00:00+00:00': 9799.361962171462, '2025-05-03 15:00:00+00:00': 9787.686071114795, '2025-05-03 16:00:00+00:00': 9776.508465081255, '2025-05-04 06:00:00+00:00': 9651.322443825566, '2025-05-04 07:00:00+00:00': 9640.662306722616, '2025-05-04 13:00:00+00:00': 9548.221507307504, '2025-05-04 14:00:00+00:00': 9530.697339598959, '2025-05-04 20:00:00+00:00': 9449.476410696348, '2025-05-04 21:00:00+00:00': 9435.021509739605, '2025-05-05 01:00:00+00:00': 9448.851794907692, '2025-05-05 02:00:00+00:00': 9464.277308259481, '2025-05-05 03:00:00+00:00': 9462.642211552446, '2025-05-05 07:00:00+00:00': 9445.22520028269, '2025-05-05 11:00:00+00:00': 9421.208432211273, '2025-05-05 12:00:00+00:00': 9410.024756255487, '2025-05-05 15:00:00+00:00': 9382.39112162166, '2025-05-05 16:00:00+00:00': 9371.271295918727, '2025-05-05 19:00:00+00:00': 9405.429003394776, '2025-05-05 23:00:00+00:00': 9412.917804368957, '2025-05-06 00:00:00+00:00': 9403.820807343875, '2025-05-06 01:00:00+00:00': 9380.59303452463, '2025-05-06 02:00:00+00:00': 9370.175159089615, '2025-05-06 03:00:00+00:00': 9358.781782402217, '2025-05-06 06:00:00+00:00': 9334.058904980258, '2025-05-06 07:00:00+00:00': 9327.966693100843, '2025-05-06 08:00:00+00:00': 9317.662925937764, '2025-05-06 09:00:00+00:00': 9306.94614418054, '2025-05-06 13:00:00+00:00': 9302.79425498958, '2025-05-06 16:00:00+00:00': 9331.323527126615, '2025-05-06 17:00:00+00:00': 9329.647305953598, '2025-05-06 18:00:00+00:00': 9326.535206633094, '2025-05-06 19:00:00+00:00': 9330.90022460647, '2025-05-06 20:00:00+00:00': 9322.228273808634, '2025-05-06 23:00:00+00:00': 9318.078905010401, '2025-05-07 00:00:00+00:00': 9329.120451053182, '2025-05-07 01:00:00+00:00': 9326.807466365408, '2025-05-07 02:00:00+00:00': 9322.981519141733, '2025-05-07 03:00:00+00:00': 9357.429887686514, '2025-05-07 06:00:00+00:00': 9313.501679378727, '2025-05-07 07:00:00+00:00': 9302.649126945475, '2025-05-07 08:00:00+00:00': 9300.662068634241, '2025-05-07 13:00:00+00:00': 9238.676309961189, '2025-05-07 14:00:00+00:00': 9213.842368916463, '2025-05-07 15:00:00+00:00': 9211.174307360863, '2025-05-07 20:00:00+00:00': 9177.789118391505, '2025-05-07 21:00:00+00:00': 9190.850600134223, '2025-05-07 22:00:00+00:00': 9190.693281034593, '2025-05-07 23:00:00+00:00': 9180.258936788532, '2025-05-08 01:00:00+00:00': 9182.391178447804, '2025-05-08 04:00:00+00:00': 9180.568861243724, '2025-05-08 05:00:00+00:00': 9175.081402106996, '2025-05-08 07:00:00+00:00': 9166.186427852752, '2025-05-08 08:00:00+00:00': 9156.87641614868, '2025-05-08 09:00:00+00:00': 9155.46318875021, '2025-05-08 12:00:00+00:00': 9108.835558422747, '2025-05-08 13:00:00+00:00': 9097.464990249513, '2025-05-08 14:00:00+00:00': 9086.933310778664, '2025-05-08 15:00:00+00:00': 9079.912013571016, '2025-05-08 16:00:00+00:00': 9081.882703148382, '2025-05-08 20:00:00+00:00': 9066.554621109955, '2025-05-08 21:00:00+00:00': 9068.628899656116, '2025-05-08 22:00:00+00:00': 9066.888044990079, '2025-05-09 00:00:00+00:00': 9061.614285770585, '2025-05-09 02:00:00+00:00': 9048.144030039664, '2025-05-09 05:00:00+00:00': 9076.636173848905, '2025-05-09 06:00:00+00:00': 9073.014768284802, '2025-05-09 07:00:00+00:00': 9073.014768284802, '2025-05-09 08:00:00+00:00': 9079.012463734236, '2025-05-09 09:00:00+00:00': 9219.462635124908, '2025-05-09 11:00:00+00:00': 9214.525998858748, '2025-05-09 14:00:00+00:00': 9214.01376180569, '2025-05-09 18:00:00+00:00': 9208.263867575808, '2025-05-10 04:00:00+00:00': 9198.62224548263, '2025-05-10 05:00:00+00:00': 9188.610345835768, '2025-05-10 08:00:00+00:00': 9182.794965852958, '2025-05-10 13:00:00+00:00': 9173.009153539815, '2025-05-10 14:00:00+00:00': 9166.46099611754, '2025-05-10 17:00:00+00:00': 9156.734890392003, '2025-05-10 22:00:00+00:00': 9152.515960923287, '2025-05-11 04:00:00+00:00': 9165.159292585266, '2025-05-11 09:00:00+00:00': 9164.250147240466, '2025-05-11 10:00:00+00:00': 9161.117453380202, '2025-05-11 11:00:00+00:00': 9155.480599202214, '2025-05-11 19:00:00+00:00': 9152.190898384637, '2025-05-12 01:00:00+00:00': 9148.179124057504, '2025-05-12 07:00:00+00:00': 9144.304174060553, '2025-05-12 08:00:00+00:00': 9142.191473041257, '2025-05-12 12:00:00+00:00': 9142.03280610972, '2025-05-12 14:00:00+00:00': 9130.704260823699, '2025-05-12 19:00:00+00:00': 9172.843363993068, '2025-05-12 21:00:00+00:00': 9184.5190740633, '2025-05-13 01:00:00+00:00': 9181.823528938607, '2025-05-13 03:00:00+00:00': 9179.03210621013, '2025-05-13 05:00:00+00:00': 9184.691300803212, '2025-05-13 08:00:00+00:00': 9187.010008074742, '2025-05-13 10:00:00+00:00': 9191.707317887844, '2025-05-13 16:00:00+00:00': 9195.56398724674, '2025-05-13 18:00:00+00:00': 9198.192447747091, '2025-05-13 19:00:00+00:00': 9188.63275232097, '2025-05-13 20:00:00+00:00': 9196.483717781068, '2025-05-13 21:00:00+00:00': 9182.490244835812, '2025-05-14 11:00:00+00:00': 9186.665048968638, '2025-05-14 12:00:00+00:00': 9183.225758287004, '2025-05-14 19:00:00+00:00': 9177.083848094593, '2025-05-14 21:00:00+00:00': 9172.408234504961, '2025-05-15 01:00:00+00:00': 9168.503830389933, '2025-05-15 12:00:00+00:00': 9162.8430330331, '2025-05-15 16:00:00+00:00': 9200.544007858813, '2025-05-15 17:00:00+00:00': 9211.131649706906, '2025-05-15 18:00:00+00:00': 9208.270170604193, '2025-05-15 19:00:00+00:00': 9240.76188000925, '2025-05-15 20:00:00+00:00': 9241.96397646825, '2025-05-15 21:00:00+00:00': 9236.139513852957, '2025-05-15 23:00:00+00:00': 9234.09563623902, '2025-05-16 00:00:00+00:00': 9224.731536827929, '2025-05-16 01:00:00+00:00': 9219.549565962132, '2025-05-16 05:00:00+00:00': 9214.003441383347, '2025-05-16 10:00:00+00:00': 9206.356180764033, '2025-05-16 11:00:00+00:00': 9211.728806767003, '2025-05-16 14:00:00+00:00': 9216.384205394967, '2025-05-16 16:00:00+00:00': 9216.206771765563, '2025-05-16 20:00:00+00:00': 9201.336401340568, '2025-05-16 22:00:00+00:00': 9202.423550272311, '2025-05-17 00:00:00+00:00': 9193.30712222332, '2025-05-17 03:00:00+00:00': 9185.018629219367, '2025-05-17 04:00:00+00:00': 9189.287981383426, '2025-05-17 05:00:00+00:00': 9190.599346006551, '2025-05-17 07:00:00+00:00': 9170.827420022206, '2025-05-17 08:00:00+00:00': 9166.602441685025, '2025-05-17 12:00:00+00:00': 9143.11368212578, '2025-05-17 13:00:00+00:00': 9131.160708667398, '2025-05-17 14:00:00+00:00': 9122.312059607075, '2025-05-17 17:00:00+00:00': 9102.892304548428, '2025-05-17 18:00:00+00:00': 9108.848662033477, '2025-05-17 20:00:00+00:00': 9098.771854757793, '2025-05-17 21:00:00+00:00': 9098.01180919971, '2025-05-18 00:00:00+00:00': 9101.548855116847, '2025-05-18 01:00:00+00:00': 9096.6439532242, '2025-05-18 05:00:00+00:00': 9086.92761766984, '2025-05-18 06:00:00+00:00': 9088.361755079079, '2025-05-18 08:00:00+00:00': 9096.557275693443, '2025-05-18 09:00:00+00:00': 9080.560554029169, '2025-05-18 10:00:00+00:00': 9074.956216149532, '2025-05-18 11:00:00+00:00': 9076.71525709037, '2025-05-18 12:00:00+00:00': 9077.187582413027, '2025-05-18 13:00:00+00:00': 9057.873834199941, '2025-05-18 14:00:00+00:00': 9069.534681932875, '2025-05-18 15:00:00+00:00': 9090.677252578884, '2025-05-18 16:00:00+00:00': 9081.220255698725, '2025-05-18 17:00:00+00:00': 9085.517564184815, '2025-05-18 18:00:00+00:00': 9094.736877568437, '2025-05-18 20:00:00+00:00': 9105.270021146252, '2025-05-18 21:00:00+00:00': 9094.76028842949, '2025-05-18 22:00:00+00:00': 9093.869287427913, '2025-05-18 23:00:00+00:00': 9205.55468068634, '2025-05-19 00:00:00+00:00': 9214.330874278265, '2025-05-19 01:00:00+00:00': 9257.49732975963, '2025-05-19 02:00:00+00:00': 9238.982316510761, '2025-05-19 04:00:00+00:00': 9267.600606228183, '2025-05-19 08:00:00+00:00': 9296.347507071012, '2025-05-19 12:00:00+00:00': 9286.596715286834, '2025-05-19 14:00:00+00:00': 9313.43874439579, '2025-05-19 15:00:00+00:00': 9304.679006288918, '2025-05-19 16:00:00+00:00': 9319.05971553311, '2025-05-19 17:00:00+00:00': 9318.554419910059, '2025-05-19 20:00:00+00:00': 9329.189142200858, '2025-05-19 21:00:00+00:00': 9326.883091021104, '2025-05-20 01:00:00+00:00': 9319.08830573336, '2025-05-20 02:00:00+00:00': 9350.71888120046, '2025-05-20 05:00:00+00:00': 9365.081043153863, '2025-05-20 06:00:00+00:00': 9346.357435520322, '2025-05-20 07:00:00+00:00': 9362.195736144195, '2025-05-20 08:00:00+00:00': 9365.786136461093, '2025-05-20 10:00:00+00:00': 9355.892023807364, '2025-05-20 12:00:00+00:00': 9348.860698453493, '2025-05-20 13:00:00+00:00': 9351.734565997196, '2025-05-20 14:00:00+00:00': 9351.391538278087, '2025-05-20 16:00:00+00:00': 9355.509392661155, '2025-05-20 18:00:00+00:00': 9394.293632275769, '2025-05-20 19:00:00+00:00': 9434.47710792993, '2025-05-20 20:00:00+00:00': 9550.447981716337, '2025-05-20 21:00:00+00:00': 9531.976216096524, '2025-05-20 22:00:00+00:00': 9521.138552504994, '2025-05-20 23:00:00+00:00': 9513.651866583285, '2025-05-21 00:00:00+00:00': 9499.151336196997, '2025-05-21 01:00:00+00:00': 9485.440273932567, '2025-05-21 04:00:00+00:00': 9444.721340932234, '2025-05-21 05:00:00+00:00': 9468.059259270982, '2025-05-21 06:00:00+00:00': 9456.329755014978, '2025-05-21 07:00:00+00:00': 9444.500234489771, '2025-05-21 08:00:00+00:00': 9504.455247471033, '2025-05-21 09:00:00+00:00': 9480.972553548096, '2025-05-21 10:00:00+00:00': 9455.344569265206, '2025-05-21 11:00:00+00:00': 9445.668970461655, '2025-05-21 12:00:00+00:00': 9436.376037366543, '2025-05-21 13:00:00+00:00': 9428.896626664702, '2025-05-21 16:00:00+00:00': 9508.888562667491, '2025-05-21 17:00:00+00:00': 9508.143624376033, '2025-05-21 18:00:00+00:00': 10586.715052947462, '2025-05-21 19:00:00+00:00': 10589.340211036644, '2025-05-21 20:00:00+00:00': 10669.41113302246, '2025-05-21 21:00:00+00:00': 10753.134054446678, '2025-05-22 00:00:00+00:00': 10807.330936799619, '2025-05-22 01:00:00+00:00': 10813.095038696638, '2025-05-22 03:00:00+00:00': 10818.938868916364, '2025-05-22 04:00:00+00:00': 10896.239753872116, '2025-05-22 06:00:00+00:00': 10915.257868935309, '2025-05-22 09:00:00+00:00': 10947.986802537012, '2025-05-22 13:00:00+00:00': 10948.39255270292, '2025-05-22 14:00:00+00:00': 10966.762532887793, '2025-05-22 18:00:00+00:00': 10964.42221211471, '2025-05-22 21:00:00+00:00': 10986.153104132285, '2025-05-23 00:00:00+00:00': 10982.78499872996, '2025-05-23 07:00:00+00:00': 10991.685262241841, '2025-05-23 11:00:00+00:00': 11007.090583696201, '2025-05-23 12:00:00+00:00': 11142.431492787111, '2025-05-23 13:00:00+00:00': 11143.917400131058, '2025-05-23 14:00:00+00:00': 11239.778858056206, '2025-05-23 16:00:00+00:00': 11280.409926017372, '2025-05-23 17:00:00+00:00': 11264.961426902337, '2025-05-23 19:00:00+00:00': 11284.380163305861, '2025-05-23 20:00:00+00:00': 11274.758935934744, '2025-05-23 21:00:00+00:00': 11263.66112534943, '2025-05-23 23:00:00+00:00': 11246.270548037053, '2025-05-24 00:00:00+00:00': 11242.193725597219, '2025-05-24 06:00:00+00:00': 11230.658616014765, '2025-05-24 11:00:00+00:00': 11242.572516056885, '2025-05-24 13:00:00+00:00': 11242.8608722223, '2025-05-24 23:00:00+00:00': 11244.351421934169, '2025-05-25 13:00:00+00:00': 11236.823025116539, '2025-05-25 17:00:00+00:00': 11228.172264229735, '2025-05-25 18:00:00+00:00': 11219.373553017314, '2025-05-25 19:00:00+00:00': 11223.167201447175, '2025-05-25 23:00:00+00:00': 11450.514140222685, '2025-05-26 01:00:00+00:00': 11459.079889630686, '2025-05-26 09:00:00+00:00': 11461.171380120875, '2025-05-26 16:00:00+00:00': 11480.621391937942, '2025-05-26 21:00:00+00:00': 11492.55201340888, '2025-05-27 02:00:00+00:00': 11511.042326421157, '2025-05-27 04:00:00+00:00': 11546.897068509754, '2025-05-27 08:00:00+00:00': 11583.25723146804, '2025-05-27 11:00:00+00:00': 11572.60036430332, '2025-05-27 12:00:00+00:00': 11563.681986928554, '2025-05-27 15:00:00+00:00': 11560.564268100385, '2025-05-27 18:00:00+00:00': 11550.584543464372, '2025-05-27 19:00:00+00:00': 11553.799891079665, '2025-05-27 20:00:00+00:00': 11544.302512382863, '2025-05-27 21:00:00+00:00': 11530.759690577113, '2025-05-27 22:00:00+00:00': 11538.330113112324, '2025-05-28 00:00:00+00:00': 11522.307120965053, '2025-05-28 02:00:00+00:00': 11505.488364723258, '2025-05-28 03:00:00+00:00': 11493.190465595759, '2025-05-28 05:00:00+00:00': 11479.280305763687, '2025-05-28 06:00:00+00:00': 11454.88261651563, '2025-05-28 09:00:00+00:00': 11380.540875205306, '2025-05-28 10:00:00+00:00': 11363.306575165847, '2025-05-28 11:00:00+00:00': 11342.507093709504, '2025-05-28 12:00:00+00:00': 11316.677982981082, '2025-05-28 13:00:00+00:00': 11288.482839660644, '2025-05-28 16:00:00+00:00': 11258.847473666981, '2025-05-28 17:00:00+00:00': 11246.195059769789, '2025-05-28 20:00:00+00:00': 11237.040410396967, '2025-05-28 22:00:00+00:00': 11222.10956559669, '2025-05-28 23:00:00+00:00': 11206.858148029276, '2025-05-29 03:00:00+00:00': 11157.03984761611, '2025-05-29 04:00:00+00:00': 11143.124657353736, '2025-05-29 05:00:00+00:00': 11130.50155164071, '2025-05-29 10:00:00+00:00': 11115.629429084875, '2025-05-29 11:00:00+00:00': 11099.452092723523, '2025-05-29 14:00:00+00:00': 11062.016246067618, '2025-05-29 16:00:00+00:00': 11051.909623590343, '2025-05-30 23:00:00+00:00': 11070.409623590343, '2025-05-31 00:00:00+00:00': 11040.409623590343, '2025-05-31 01:00:00+00:00': 11010.409623590343, '2025-05-31 02:00:00+00:00': 11024.500532681253, '2025-05-31 03:00:00+00:00': 11032.852248367528, '2025-05-31 04:00:00+00:00': 10953.83264052439, '2025-05-31 05:00:00+00:00': 10893.83264052439, '2025-05-31 06:00:00+00:00': 11259.174941080977, '2025-05-31 07:00:00+00:00': 11183.478515944997, '2025-05-31 08:00:00+00:00': 11145.15283059526, '2025-05-31 09:00:00+00:00': 11115.049680890465, '2025-05-31 10:00:00+00:00': 11061.65690845331, '2025-05-31 11:00:00+00:00': 10963.654409149993, '2025-05-31 12:00:00+00:00': 10830.337678183987, '2025-05-31 13:00:00+00:00': 10703.273441548406, '2025-05-31 14:00:00+00:00': 10795.941783106604, '2025-05-31 15:00:00+00:00': 10738.241503638506, '2025-05-31 16:00:00+00:00': 10688.6118790478, '2025-05-31 17:00:00+00:00': 10624.340115799596, '2025-05-31 18:00:00+00:00': 10706.712677349336, '2025-05-31 19:00:00+00:00': 10661.880270711392, '2025-05-31 20:00:00+00:00': 10608.665119214376, '2025-05-31 21:00:00+00:00': 10554.150587029582, '2025-05-31 22:00:00+00:00': 10517.00662462491, '2025-05-31 23:00:00+00:00': 10489.633580659158, '2025-06-01 00:00:00+00:00': 10432.65374806617, '2025-06-01 01:00:00+00:00': 10404.514129929825, '2025-06-01 02:00:00+00:00': 10375.985160875181, '2025-06-01 03:00:00+00:00': 10321.683830629054, '2025-06-01 04:00:00+00:00': 10247.503960894039, '2025-06-01 05:00:00+00:00': 10200.942326961193, '2025-06-01 06:00:00+00:00': 10144.046945942557, '2025-06-01 07:00:00+00:00': 10096.826289233068, '2025-06-01 08:00:00+00:00': 10036.371680447617, '2025-06-01 09:00:00+00:00': 9938.393517893357, '2025-06-01 10:00:00+00:00': 9943.986940342576, '2025-06-01 11:00:00+00:00': 9904.317952131776, '2025-06-01 12:00:00+00:00': 9863.307956963043, '2025-06-01 13:00:00+00:00': 9807.553177871689, '2025-06-01 14:00:00+00:00': 9735.979025329647, '2025-06-01 15:00:00+00:00': 9642.681870483804, '2025-06-01 16:00:00+00:00': 9568.536862424038, '2025-06-01 17:00:00+00:00': 9452.878548285697, '2025-06-01 18:00:00+00:00': 9413.51729523839, '2025-06-01 19:00:00+00:00': 9414.805276640172, '2025-06-01 20:00:00+00:00': 9328.71577009965, '2025-06-01 21:00:00+00:00': 9245.48317617325, '2025-06-01 22:00:00+00:00': 9214.696078263447, '2025-06-01 23:00:00+00:00': 9132.670918264119, '2025-06-02 00:00:00+00:00': 9056.196523174003, '2025-06-02 01:00:00+00:00': 8993.587892746491, '2025-06-02 02:00:00+00:00': 8958.388005014174, '2025-06-02 03:00:00+00:00': 8930.255628576997, '2025-06-02 04:00:00+00:00': 8969.121597974707, '2025-06-02 05:00:00+00:00': 8942.72620300243, '2025-06-02 06:00:00+00:00': 8916.493555811116, '2025-06-02 07:00:00+00:00': 8890.640057034016, '2025-06-02 08:00:00+00:00': 8863.436553115305, '2025-06-02 09:00:00+00:00': 8835.570214579762, '2025-06-02 10:00:00+00:00': 8805.99011951063, '2025-06-02 11:00:00+00:00': 8776.630827081151, '2025-06-02 12:00:00+00:00': 8727.448379460648, '2025-06-02 13:00:00+00:00': 8699.326592134463, '2025-06-02 14:00:00+00:00': 8653.26229211635, '2025-06-02 15:00:00+00:00': 8628.598999852911, '2025-06-02 16:00:00+00:00': 8588.785124998505, '2025-06-02 17:00:00+00:00': 8565.0245641761, '2025-06-02 18:00:00+00:00': 8541.72277602558, '2025-06-02 19:00:00+00:00': 8499.544611029005, '2025-06-02 20:00:00+00:00': 8494.490244230008, '2025-06-02 21:00:00+00:00': 8451.671586069686, '2025-06-02 22:00:00+00:00': 8428.862114744272, '2025-06-02 23:00:00+00:00': 8408.834963927362, '2025-06-03 00:00:00+00:00': 8377.13905718934, '2025-06-03 01:00:00+00:00': 8374.577773299347, '2025-06-03 02:00:00+00:00': 8332.898543484716, '2025-06-03 03:00:00+00:00': 8349.761001008024, '2025-06-03 04:00:00+00:00': 8345.911385332463, '2025-06-03 05:00:00+00:00': 8325.873520792222, '2025-06-03 06:00:00+00:00': 8294.777475340174, '2025-06-03 07:00:00+00:00': 8261.707164581203, '2025-06-30 20:00:00+00:00': 8256.47897817402, '2025-06-30 21:00:00+00:00': 8230.290043927702, '2025-06-30 22:00:00+00:00': 8284.486625134135, '2025-06-30 23:00:00+00:00': 8255.448062246385, '2025-07-01 00:00:00+00:00': 8230.868143960826, '2025-07-01 01:00:00+00:00': 8207.031604778307, '2025-07-01 02:00:00+00:00': 8179.752439110849, '2025-07-01 03:00:00+00:00': 8149.375176830789, '2025-07-01 04:00:00+00:00': 8119.798489636454, '2025-07-01 05:00:00+00:00': 8179.509690374699, '2025-07-01 06:00:00+00:00': 8143.374098138745, '2025-07-01 07:00:00+00:00': 8118.717132220938, '2025-07-01 08:00:00+00:00': 8091.956101629214, '2025-07-01 09:00:00+00:00': 8068.193568410445, '2025-07-01 10:00:00+00:00': 8017.135790871925, '2025-07-01 11:00:00+00:00': 7969.046515144852, '2025-07-01 12:00:00+00:00': 7934.64849702068, '2025-07-01 13:00:00+00:00': 7889.804499913387, '2025-07-01 14:00:00+00:00': 7852.160224654761, '2025-07-01 15:00:00+00:00': 7876.5173962288445, '2025-07-01 16:00:00+00:00': 7838.450008433342, '2025-07-01 17:00:00+00:00': 7846.159832117199, '2025-07-01 18:00:00+00:00': 7817.986260521219, '2025-07-01 19:00:00+00:00': 7844.762074858563, '2025-07-01 20:00:00+00:00': 7841.766817323631, '2025-07-01 21:00:00+00:00': 7843.447485948718, '2025-07-01 22:00:00+00:00': 7808.352045016331, '2025-07-01 23:00:00+00:00': 7785.205685041713, '2025-07-02 00:00:00+00:00': 7759.834501248976, '2025-07-02 01:00:00+00:00': 7756.639035063673, '2025-07-02 02:00:00+00:00': 7742.013509191771, '2025-07-02 03:00:00+00:00': 7720.22266187481, '2025-07-02 04:00:00+00:00': 7703.808422805836, '2025-07-02 05:00:00+00:00': 7687.10167125485, '2025-07-02 06:00:00+00:00': 7657.718113949138, '2025-07-02 07:00:00+00:00': 7637.895047526382, '2025-07-02 08:00:00+00:00': 7614.576013900884, '2025-07-02 09:00:00+00:00': 7593.106741361148, '2025-07-02 10:00:00+00:00': 7558.468720688455, '2025-07-02 11:00:00+00:00': 7525.755871830941, '2025-07-02 12:00:00+00:00': 7495.600132964624, '2025-07-02 13:00:00+00:00': 7482.434383014947, '2025-07-02 14:00:00+00:00': 7456.799714225197, '2025-07-02 15:00:00+00:00': 7436.043133530302, '2025-07-02 16:00:00+00:00': 7424.028431616891, '2025-07-02 17:00:00+00:00': 7426.9654889384665, '2025-07-02 18:00:00+00:00': 7401.412898476846, '2025-07-02 19:00:00+00:00': 7382.941867376089, '2025-07-02 20:00:00+00:00': 7359.662746692764, '2025-07-02 21:00:00+00:00': 7359.9742363137675, '2025-07-02 22:00:00+00:00': 7334.890949748162, '2025-07-02 23:00:00+00:00': 7317.422277072465, '2025-07-03 00:00:00+00:00': 7366.818339052928, '2025-07-03 01:00:00+00:00': 7345.274260881904, '2025-07-03 02:00:00+00:00': 7322.7771197302045, '2025-07-03 03:00:00+00:00': 7304.069476878144, '2025-07-03 04:00:00+00:00': 7276.011681481115, '2025-07-03 05:00:00+00:00': 7255.149349437985, '2025-07-03 06:00:00+00:00': 7238.071603095697, '2025-07-03 07:00:00+00:00': 7217.505837157186, '2025-07-03 08:00:00+00:00': 7203.742007521691, '2025-07-03 09:00:00+00:00': 7181.089516124174, '2025-07-03 10:00:00+00:00': 7160.693115736905, '2025-07-03 11:00:00+00:00': 7148.07650566578, '2025-07-03 12:00:00+00:00': 7137.010601457409, '2025-07-03 13:00:00+00:00': 7131.348704518503, '2025-07-03 14:00:00+00:00': 7136.284181781594, '2025-07-03 15:00:00+00:00': 7229.591909131745, '2025-07-03 16:00:00+00:00': 7263.286577164485, '2025-07-03 17:00:00+00:00': 7240.068682549939, '2025-07-03 18:00:00+00:00': 7220.540171958828, '2025-07-03 19:00:00+00:00': 7207.18278