number,value,params_BTC_VS_ETH_WEIGHT,params_CONVERGENCE_THRESHOLD,params_DAILY_LOSS_LIMIT,params_FIXED_TRADE_PCT,params_MAX_CONCURRENT_POSITIONS,params_MAX_DRAWDOWN_LIMIT,params_MAX_HOLD_HOURS,params_MAX_POSITION_PCT,params_MIN_DIV,params_MIN_TIME_BETWEEN_TRADES,params_STOP_LOSS_PCT,params_STRIKE_SELECTION_STRATEGY,params_TAKE_PROFIT_PCT,params_TRAIL_PCT,state,user_attrs_cooldown_trades_pct,user_attrs_equity_curves,user_attrs_total_trades
7,-0.9918743065594942,0.6,0.5,0.05,0.055,1.0,0.25,96.0,0.5,0.0325,2.0,0.015,nearest,0.045,0.4,COMPLETE,7.741251325556734,"[{'2025-05-01 00:00:00+00:00': 10000.0, '2025-05-01 01:00:00+00:00': 9986.519663841795, '2025-05-01 03:00:00+00:00': 9979.141894185013, '2025-05-01 05:00:00+00:00': 9973.712040438739, '2025-05-01 07:00:00+00:00': 9974.42953223959, '2025-05-01 09:00:00+00:00': 9965.135122383557, '2025-05-01 11:00:00+00:00': 9960.238153501656, '2025-05-01 13:00:00+00:00': 9954.809557439094, '2025-05-01 21:00:00+00:00': 9925.767704800808, '2025-05-01 23:00:00+00:00': 9911.909393308792, '2025-05-02 01:00:00+00:00': 9905.961890177525, '2025-05-02 09:00:00+00:00': 9854.743194432382, '2025-05-02 11:00:00+00:00': 9844.944179130762, '2025-05-02 13:00:00+00:00': 9836.295879971123, '2025-05-03 00:00:00+00:00': 9834.667105838156, '2025-05-03 13:00:00+00:00': 9825.504605367802, '2025-05-03 15:00:00+00:00': 9813.797565481744, '2025-05-03 23:00:00+00:00': 9768.168429832536, '2025-05-04 01:00:00+00:00': 9753.614230992509, '2025-05-04 03:00:00+00:00': 9746.838836015047, '2025-05-04 05:00:00+00:00': 9734.421557531476, '2025-05-04 11:00:00+00:00': 9708.444267578443, '2025-05-04 13:00:00+00:00': 9694.459512884603, '2025-05-04 15:00:00+00:00': 9692.997756359837, '2025-05-04 17:00:00+00:00': 9672.950065891611, '2025-05-05 01:00:00+00:00': 9668.798562189566, '2025-05-05 05:00:00+00:00': 9669.009697254296, '2025-05-05 09:00:00+00:00': 9647.034873260607, '2025-05-05 13:00:00+00:00': 9641.574135078168, '2025-05-05 17:00:00+00:00': 9655.654334033612, '2025-05-05 19:00:00+00:00': 9661.042269168638, '2025-05-05 21:00:00+00:00': 9637.876154616071, '2025-05-06 05:00:00+00:00': 9585.750014582423, '2025-05-06 09:00:00+00:00': 9568.475599137706, '2025-05-06 15:00:00+00:00': 9603.83279668036, '2025-05-06 19:00:00+00:00': 9606.601615388794, '2025-05-06 21:00:00+00:00': 9605.653905453239, '2025-05-06 23:00:00+00:00': 9608.116672870265, '2025-05-07 03:00:00+00:00': 9610.721680690702, '2025-05-07 07:00:00+00:00': 9586.323170707949, '2025-05-07 09:00:00+00:00': 9570.756612594467, '2025-05-07 11:00:00+00:00': 9557.596533553235, '2025-05-07 19:00:00+00:00': 9517.034282740951, '2025-05-07 21:00:00+00:00': 9530.578565348158, '2025-05-08 07:00:00+00:00': 9521.692319498974, '2025-05-08 09:00:00+00:00': 9520.222788203127, '2025-05-08 19:00:00+00:00': 9481.926422488634, '2025-05-08 21:00:00+00:00': 9484.095731269794, '2025-05-08 23:00:00+00:00': 9467.969996356196, '2025-05-09 08:00:00+00:00': 9434.465767451724, '2025-05-09 11:00:00+00:00': 9429.41400600936, '2025-05-09 14:00:00+00:00': 9428.889823295773, '2025-05-10 01:00:00+00:00': 9416.953811258873, '2025-05-10 07:00:00+00:00': 9391.420448407338, '2025-05-10 13:00:00+00:00': 9384.185564510315, '2025-05-10 22:00:00+00:00': 9369.909302600521, '2025-05-11 04:00:00+00:00': 9382.852942519996, '2025-05-11 09:00:00+00:00': 9381.922202878566, '2025-05-11 11:00:00+00:00': 9376.149487089691, '2025-05-12 00:00:00+00:00': 9367.926928691764, '2025-05-12 07:00:00+00:00': 9363.95889877767, '2025-05-12 09:00:00+00:00': 9357.3824280001, '2025-05-12 12:00:00+00:00': 9357.220026330717, '2025-05-12 14:00:00+00:00': 9345.624827202935, '2025-05-12 21:00:00+00:00': 9367.381896074416, '2025-05-13 01:00:00+00:00': 9364.63268292591, '2025-05-13 03:00:00+00:00': 9361.785683260478, '2025-05-13 05:00:00+00:00': 9367.557551830852, '2025-05-13 08:00:00+00:00': 9369.922424323628, '2025-05-13 12:00:00+00:00': 9374.623796839212, '2025-05-13 16:00:00+00:00': 9378.557214549119, '2025-05-13 18:00:00+00:00': 9381.237981843318, '2025-05-13 20:00:00+00:00': 9389.25351335423, '2025-05-13 23:00:00+00:00': 9373.32642030284, '2025-05-14 06:00:00+00:00': 9367.287682248989, '2025-05-14 19:00:00+00:00': 9365.278641664718, '2025-05-14 21:00:00+00:00': 9360.507145096475, '2025-05-15 01:00:00+00:00': 9356.522673223692, '2025-05-15 16:00:00+00:00': 9388.241868608224, '2025-05-15 18:00:00+00:00': 9385.325369426597, '2025-05-15 20:00:00+00:00': 9386.546271614063, '2025-05-15 23:00:00+00:00': 9384.469110288386, '2025-05-16 01:00:00+00:00': 9379.197407222955, '2025-05-16 03:00:00+00:00': 9371.880299601733, '2025-05-16 05:00:00+00:00': 9366.242538742901, '2025-05-16 14:00:00+00:00': 9363.198483410843, '2025-05-16 16:00:00+00:00': 9363.018223316132, '2025-05-16 20:00:00+00:00': 9347.910972282742, '2025-05-16 22:00:00+00:00': 9349.01543917584, '2025-05-17 00:00:00+00:00': 9339.753789120878, '2025-05-17 05:00:00+00:00': 9332.664898179242, '2025-05-17 09:00:00+00:00': 9299.130382412523, '2025-05-17 12:00:00+00:00': 9275.30202953564, '2025-05-17 14:00:00+00:00': 9266.31369878488, '2025-05-17 16:00:00+00:00': 9256.282458076366, '2025-05-17 20:00:00+00:00': 9253.73505441368, '2025-05-18 00:00:00+00:00': 9257.33264105996, '2025-05-18 05:00:00+00:00': 9247.444670205941, '2025-05-18 08:00:00+00:00': 9255.783645421416, '2025-05-18 10:00:00+00:00': 9250.071163402148, '2025-05-18 12:00:00+00:00': 9250.552509651656, '2025-05-18 16:00:00+00:00': 9252.825703120741, '2025-05-18 18:00:00+00:00': 9262.214788468766, '2025-05-18 20:00:00+00:00': 9272.941897952947, '2025-05-18 22:00:00+00:00': 9272.033440747193, '2025-05-19 00:00:00+00:00': 9280.873012428574, '2025-05-19 02:00:00+00:00': 9262.311247767428, '2025-05-19 04:00:00+00:00': 9291.001800217977, '2025-05-19 08:00:00+00:00': 9319.821288543997, '2025-05-19 14:00:00+00:00': 9336.95568216965, '2025-05-19 16:00:00+00:00': 9351.38627615365, '2025-05-19 20:00:00+00:00': 9362.05846752578, '2025-05-19 23:00:00+00:00': 9353.329639958301, '2025-05-20 01:00:00+00:00': 9345.512752413184, '2025-05-20 07:00:00+00:00': 9375.72811179462, '2025-05-20 09:00:00+00:00': 9363.708756031356, '2025-05-20 12:00:00+00:00': 9356.671556092, '2025-05-20 14:00:00+00:00': 9356.328347280876, '2025-05-20 16:00:00+00:00': 9360.448375571486, '2025-05-20 20:00:00+00:00': 9515.223964041112, '2025-05-20 22:00:00+00:00': 9504.40534742033, '2025-05-21 00:00:00+00:00': 9489.918910405755, '2025-05-21 02:00:00+00:00': 9468.874699389286, '2025-05-21 04:00:00+00:00': 9455.580861748547, '2025-05-21 06:00:00+00:00': 9443.866816354053, '2025-05-21 10:00:00+00:00': 9478.128071095678, '2025-05-21 14:00:00+00:00': 9478.823889556763, '2025-05-21 16:00:00+00:00': 9465.613098630776, '2025-05-21 18:00:00+00:00': 10544.184527202206, '2025-05-21 20:00:00+00:00': 10624.255449188022, '2025-05-21 23:00:00+00:00': 10632.870044096711, '2025-05-22 01:00:00+00:00': 10638.541097083831, '2025-05-22 03:00:00+00:00': 10644.290591353, '2025-05-22 06:00:00+00:00': 10662.86895855169, '2025-05-22 09:00:00+00:00': 10694.841114806588, '2025-05-22 12:00:00+00:00': 10736.196360058972, '2025-05-22 14:00:00+00:00': 10754.210302603122, '2025-05-22 18:00:00+00:00': 10751.915340740512, '2025-05-22 21:00:00+00:00': 10773.225055628503, '2025-05-23 00:00:00+00:00': 10769.922229137155, '2025-05-23 06:00:00+00:00': 10758.758620857772, '2025-05-23 11:00:00+00:00': 10773.837485567765, '2025-05-23 13:00:00+00:00': 10775.274238780263, '2025-05-23 16:00:00+00:00': 10815.905306741428, '2025-05-23 19:00:00+00:00': 10834.549952396008, '2025-05-23 21:00:00+00:00': 10823.885442065273, '2025-05-23 23:00:00+00:00': 10807.173858282189, '2025-05-24 06:00:00+00:00': 10796.085103029016, '2025-05-24 08:00:00+00:00': 10788.281572078518, '2025-05-24 11:00:00+00:00': 10810.451726110152, '2025-05-24 23:00:00+00:00': 10812.162257759755, '2025-05-25 13:00:00+00:00': 10804.923223254462, '2025-05-25 17:00:00+00:00': 10796.604963992415, '2025-05-25 19:00:00+00:00': 10800.255660109799, '2025-05-25 23:00:00+00:00': 11027.602598885309, '2025-05-26 01:00:00+00:00': 11035.851982212234, '2025-05-26 09:00:00+00:00': 11037.866225911925, '2025-05-26 16:00:00+00:00': 11056.597873961578, '2025-05-26 21:00:00+00:00': 11068.087851680315, '2025-05-27 02:00:00+00:00': 11085.895246294336, '2025-05-27 04:00:00+00:00': 11120.42573481185, '2025-05-27 08:00:00+00:00': 11155.442977061804, '2025-05-27 11:00:00+00:00': 11145.17970900218, '2025-05-27 15:00:00+00:00': 11142.174823822757, '2025-05-27 18:00:00+00:00': 11132.556276318559, '2025-05-27 20:00:00+00:00': 11123.405165531078, '2025-05-27 22:00:00+00:00': 11130.975588066289, '2025-05-28 00:00:00+00:00': 11115.518279019776, '2025-05-28 02:00:00+00:00': 11099.29329990115, '2025-05-28 05:00:00+00:00': 11085.859872143485, '2025-05-28 07:00:00+00:00': 11071.016122143485, '2025-05-28 09:00:00+00:00': 11041.689209844782, '2025-05-28 13:00:00+00:00': 10994.018756227775, '2025-05-28 15:00:00+00:00': 10985.697122484482, '2025-05-28 20:00:00+00:00': 10964.419119316259, '2025-05-28 22:00:00+00:00': 10949.850511015782, '2025-05-29 03:00:00+00:00': 10918.536545488689, '2025-05-29 05:00:00+00:00': 10906.167856697768, '2025-05-29 10:00:00+00:00': 10891.595479682519, '2025-05-29 12:00:00+00:00': 10874.698057211133, '2025-05-29 14:00:00+00:00': 10864.063839135672, '2025-05-30 23:00:00+00:00': 10872.638072498852, '2025-05-31 01:00:00+00:00': 10842.638072498852, '2025-05-31 03:00:00+00:00': 10850.989788185127, '2025-05-31 05:00:00+00:00': 10790.989788185127, '2025-05-31 07:00:00+00:00': 10716.12816551606, '2025-05-31 09:00:00+00:00': 10685.762971107893, '2025-05-31 11:00:00+00:00': 10589.579030590421, '2025-05-31 13:00:00+00:00': 10463.966597080687, '2025-05-31 15:00:00+00:00': 10406.480524096825, '2025-05-31 17:00:00+00:00': 10342.785001863806, '2025-05-31 19:00:00+00:00': 10298.449348349535, '2025-05-31 21:00:00+00:00': 10244.701372888161, '2025-05-31 23:00:00+00:00': 10217.853392036803, '2025-06-01 01:00:00+00:00': 10189.94029337077, '2025-06-01 03:00:00+00:00': 10136.344592648647, '2025-06-01 05:00:00+00:00': 10090.223303350824, '2025-06-01 07:00:00+00:00': 10043.683701335001, '2025-06-01 09:00:00+00:00': 9946.978698112849, '2025-06-01 11:00:00+00:00': 9907.546123970227, '2025-06-01 13:00:00+00:00': 9852.584623311013, '2025-06-01 15:00:00+00:00': 9760.16255514814, '2025-06-01 17:00:00+00:00': 9645.054190788509, '2025-06-01 19:00:00+00:00': 9646.223114102306, '2025-06-01 21:00:00+00:00': 9563.517756644082, '2025-06-01 23:00:00+00:00': 9481.800983594701, '2025-06-02 01:00:00+00:00': 9419.409249853159, '2025-06-02 03:00:00+00:00': 9361.399583242906, '2025-06-02 05:00:00+00:00': 9316.506867294129, '2025-06-02 07:00:00+00:00': 9238.755114266125, '2025-06-02 09:00:00+00:00': 9193.091478123963, '2025-06-02 11:00:00+00:00': 9133.720455162547, '2025-06-02 13:00:00+00:00': 9075.436613826316, '2025-06-02 15:00:00+00:00': 8990.811756321757, '2025-06-02 17:00:00+00:00': 8958.732927587183, '2025-06-02 19:00:00+00:00': 8875.478942384729, '2025-06-02 21:00:00+00:00': 8790.844756566243, '2025-06-02 23:00:00+00:00': 8689.572719622875, '2025-06-03 01:00:00+00:00': 8630.731697952475, '2025-06-03 03:00:00+00:00': 8659.66581895249, '2025-06-03 05:00:00+00:00': 8633.896280882373, '2025-06-03 07:00:00+00:00': 8557.272932284133, '2025-06-03 09:00:00+00:00': 8529.758651604228, '2025-06-03 11:00:00+00:00': 8464.9040662226, '2025-06-03 13:00:00+00:00': 8413.42039717651, '2025-06-03 15:00:00+00:00': 8243.029197986218, '2025-06-03 17:00:00+00:00': 8244.5576099773, '2025-06-03 19:00:00+00:00': 8179.639991577404, '2025-06-03 21:00:00+00:00': 8159.511214059791, '2025-06-03 23:00:00+00:00': 8044.736654970634, '2025-06-04 01:00:00+00:00': 8016.618482889978, '2025-06-04 03:00:00+00:00': 7960.696460310403, '2025-06-04 05:00:00+00:00': 7937.552591896872, '2025-06-04 07:00:00+00:00': 7857.621847245747, '2025-06-04 09:00:00+00:00': 7775.920105397085, '2025-06-04 11:00:00+00:00': 7721.654433343037, '2025-06-04 13:00:00+00:00': 7713.847664537406, '2025-06-04 15:00:00+00:00': 7650.216065255902, '2025-06-04 17:00:00+00:00': 7609.418760875106, '2025-06-04 19:00:00+00:00': 7585.339622438247, '2025-06-04 21:00:00+00:00': 7579.163279215006, '2025-06-04 23:00:00+00:00': 7573.404511268223, '2025-06-05 01:00:00+00:00': 7517.7690756582715, '2025-06-05 03:00:00+00:00': 7418.192382667239, '2025-06-05 05:00:00+00:00': 7363.587930621454, '2025-06-05 07:00:00+00:00': 7270.2320280383365, '2025-06-05 09:00:00+00:00': 7246.577679226187, '2025-06-05 11:00:00+00:00': 7228.280884089024, '2025-06-05 13:00:00+00:00': 7100.159087534096, '2025-06-05 15:00:00+00:00': 7019.225251529465, '2025-06-05 17:00:00+00:00': 7086.831599878866, '2025-06-05 19:00:00+00:00': 7057.522992888606, '2025-06-05 21:00:00+00:00': 7588.761088126701, '2025-06-05 23:00:00+00:00': 7525.591503113977, '2025-06-06 01:00:00+00:00': 7475.820348531063, '2025-06-06 03:00:00+00:00': 7385.091866377597, '2025-06-06 05:00:00+00:00': 7284.108402626608, '2025-06-06 07:00:00+00:00': 7201.783977299846, '2025-06-06 09:00:00+00:00': 7094.4669041291145, '2025-06-06 11:00:00+00:00': 6954.496508761894, '2025-06-06 13:00:00+00:00': 6934.110351828624, '2025-06-06 15:00:00+00:00': 6846.316377019017, '2025-06-06 17:00:00+00:00': 6821.941012809428, '2025-06-06 19:00:00+00:00': 6797.423428031962, '2025-06-06 21:00:00+00:00': 6773.625199162215, '2025-06-06 23:00:00+00:00': 6746.714196049307, '2025-06-07 01:00:00+00:00': 6896.61272492708, '2025-06-07 03:00:00+00:00': 6867.775152356007, '2025-06-07 05:00:00+00:00': 6861.868695528757, '2025-06-07 07:00:00+00:00': 6842.291966265645, '2025-06-07 09:00:00+00:00': 6835.870179577831, '2025-06-07 11:00:00+00:00': 6816.916193566747, '2025-06-07 13:00:00+00:00': 6796.23549608543, '2025-06-07 15:00:00+00:00': 6811.9713952670845, '2025-06-07 17:00:00+00:00': 6759.401857741362, '2025-06-07 19:00:00+00:00': 6737.399510021173, '2025-06-07 21:00:00+00:00': 6716.112568931053, '2025-06-07 23:00:00+00:00': 6679.754024165345, '2025-06-08 01:00:00+00:00': 6658.272474984788, '2025-06-08 03:00:00+00:00': 6636.660040490693, '2025-06-08 05:00:00+00:00': 6615.707511370792, '2025-06-08 07:00:00+00:00': 6594.502729996214, '2025-06-08 09:00:00+00:00': 6573.83922959435, '2025-06-08 11:00:00+00:00': 6551.784112871728, '2025-06-08 13:00:00+00:00': 6494.033600675725, '2025-06-08 15:00:00+00:00': 6471.417212912657, '2025-06-08 17:00:00+00:00': 6450.425118581099, '2025-06-08 19:00:00+00:00': 6429.391208423563, '2025-06-08 21:00:00+00:00': 6408.382309947896, '2025-06-08 23:00:00+00:00': 6384.9628879155725, '2025-06-09 01:00:00+00:00': 6406.234149392247, '2025-06-09 03:00:00+00:00': 6360.861626631933, '2025-06-09 05:00:00+00:00': 6335.203856993594, '2025-06-09 07:00:00+00:00': 6286.94805437428, '2025-06-09 09:00:00+00:00': 6261.522149783013, '2025-06-09 11:00:00+00:00': 6219.370469560173, '2025-06-09 13:00:00+00:00': 6196.423678495552, '2025-06-09 15:00:00+00:00': 6100.463050179816, '2025-06-09 17:00:00+00:00': 6079.252965935299, '2025-06-09 19:00:00+00:00': 6060.585697230604, '2025-06-09 21:00:00+00:00': 6042.5064884206695, '2025-06-09 23:00:00+00:00': 6028.509241393476, '2025-06-10 01:00:00+00:00': 5982.706678940948, '2025-06-10 03:00:00+00:00': 5959.068697744287, '2025-06-10 05:00:00+00:00': 5935.231270358112, '2025-06-10 07:00:00+00:00': 5922.400417646607, '2025-06-10 09:00:00+00:00': 5928.45904999557, '2025-06-10 11:00:00+00:00': 5904.127061206042, '2025-06-10 13:00:00+00:00': 5901.643485535958, '2025-06-10 15:00:00+00:00': 5860.639849185858, '2025-06-10 17:00:00+00:00': 5836.6397826515185, '2025-06-30 20:00:00+00:00': 5831.4115962443375, '2025-06-30 22:00:00+00:00': 5885.692229808796, '2025-07-01 00:00:00+00:00': 5861.040364791344, '2025-07-01 02:00:00+00:00': 5833.648228006798, '2025-07-01 04:00:00+00:00': 5803.916617744973, '2025-07-01 06:00:00+00:00': 5767.715250159112, '2025-07-01 08:00:00+00:00': 5740.823739760745, '2025-07-01 10:00:00+00:00': 5689.537913658314, '2025-07-01 12:00:00+00:00': 5654.928379043938, '2025-07-01 14:00:00+00:00': 5616.908404016809, '2025-07-01 16:00:00+00:00': 5578.520176151724, '2025-07-01 18:00:00+00:00': 5550.116947763993, '2025-07-01 20:00:00+00:00': 5547.089001644742, '2025-07-01 22:00:00+00:00': 5511.772427561654, '2025-07-02 00:00:00+00:00': 5486.190687603837, '2025-07-02 02:00:00+00:00': 5471.407046478252, '2025-07-02 04:00:00+00:00': 5454.834442586966, '2025-07-02 06:00:00+00:00': 5425.1419863410765, '2025-07-02 08:00:00+00:00': 5401.515985657538, '2025-07-02 10:00:00+00:00': 5366.453607733472, '2025-07-02 12:00:00+00:00': 5335.86465346928, '2025-07-02 14:00:00+00:00': 5309.871526733561, '2025-07-02 16:00:00+00:00': 5297.667837157322, '2025-07-02 18:00:00+00:00': 5271.745393583134, '2025-07-02 20:00:00+00:00': 5248.087193742108, '2025-07-02 22:00:00+00:00': 5222.561449558763, '2025-07-03 00:00:00+00:00': 5273.055973780855, '2025-07-03 02:00:00+00:00': 5250.148131754705, '2025-07-03 04:00:00+00:00': 5221.525192627338, '2025-07-03 06:00:00+00:00': 5204.093953617547, '2025-07-03 08:00:00+00:00': 5189.943637876734, '2025-07-03 09:00:00+00:00': 5181.162978317948, '2025-07-03 10:00:00+00:00': 5169.37937384306, '2025-07-03 12:00:00+00:00': 5157.970380877114, '2025-07-03 13:00:00+00:00': 5168.289631402506, '2025-07-03 14:00:00+00:00': 5157.869697359975, '2025-07-03 16:00:00+00:00': 5192.362975046737, '2025-07-03 18:00:00+00:00': 5172.420595251219, '2025-07-03 20:00:00+00:00': 5161.271065192048, '2025-07-03 22:00:00+00:00': 5147.69328361535, '2025-07-03 23:00:00+00:00': 5136.8419706060295, '2025-07-04 00:00:00+00:00': 5124.029933147134, '2025-07-04 01:00:00+00:00': 5107.905543445371, '2025-07-04 02:00:00+00:00': 5095.1364351924285, '2025-07-04 03:00:00+00:00': 5096.258817719045, '2025-07-04 04:00:00+00:00': 5083.28317115741, '2025-07-04 05:00:00+00:00': 5071.283065625607, '2025-07-04 06:00:00+00:00': 5059.168697349398, '2025-07-04 07:00:00+00:00': 5043.743559391866, '2025-07-04 08:00:00+00:00': 5029.528120432143, '2025-07-04 09:00:00+00:00': 5021.103088773488, '2025-07-04 10:00:00+00:00': 5006.2259392131045, '2025-07-04 11:00:00+00:00': 4995.3569043555735, '2025-07-04 12:00:00+00:00': 4978.898635234451, '2025-07-04 13:00:00+00:00': 4964.807212301903, '2025-07-04 14:00:00+00:00': 4949.583355427765, '2025-07-04 15:00:00+00:00': 4938.978880769476, '2025-07-04 16:00:00+00:00': 4922.041786258012, '2025-07-04 17:00:00+00:00': 4907.368563750849, '2025-07-04 18:00:00+00:00': 4896.941414515199, '2025-07-04 19:00:00+00:00': 4892.913301992566, '2025-07-04 20:00:00+00:00': 4880.367190832493, '2025-07-04 21:00:00+00:00': 4873.598106242951, '2025-07-04 22:00:00+00:00': 4859.326832855142, '2025-07-04 23:00:00+00:00': 4848.488724466055, '2025-07-05 00:00:00+00:00': 4827.727016188715, '2025-07-05 01:00:00+00:00': 4817.128060395944, '2025-07-05 02:00:00+00:00': 4802.196547249526, '2025-07-05 03:00:00+00:00': 4790.308262591837, '2025-07-05 04:00:00+00:00': 4778.985668999811, '2025-07-05 05:00:00+00:00': 4769.287807332181, '2025-07-05 06:00:00+00:00': 4756.592311788556, '2025-07-05 07:00:00+00:00': 4746.467014053018, '2025-07-05 08:00:00+00:00': 4734.138883801883, '2025-07-05 09:00:00+00:00': 4722.961438270455, '2025-07-05 10:00:00+00:00': 4710.623306779123, '2025-07-05 11:00:00+00:00': 4700.020729858308, '2025-07-05 12:00:00+00:00': 4688.066075056657, '2025-07-05 13:00:00+00:00': 4675.694144341135, '2025-07-05 14:00:00+00:00': 4659.996647431089, '2025-07-05 15:00:00+00:00': 4643.269104133389, '2025-07-05 16:00:00+00:00': 4630.237991852427, '2025-07-05 17:00:00+00:00': 4607.479565709871, '2025-07-05 18:00:00+00:00': 4595.959031274435, '2025-07-05 19:00:00+00:00': 4570.669662233437, '2025-07-05 20:00:00+00:00': 4558.4092021250835, '2025-07-05 21:00:00+00:00': 4533.971492650855, '2025-07-05 22:00:00+00:00': 4518.004641540512, '2025-07-05 23:00:00+00:00': 4507.342777942231, '2025-07-06 00:00:00+00:00': 4488.543908556449, '2025-07-06 01:00:00+00:00': 4466.443599324821, '2025-07-06 02:00:00+00:00': 4450.960363772144, '2025-07-06 03:00:00+00:00': 4432.222473251733, '2025-07-06 04:00:00+00:00': 4416.598987510236, '2025-07-06 05:00:00+00:00': 4401.88834149391, '2025-07-06 06:00:00+00:00': 4387.0851646367355, '2025-07-06 07:00:00+00:00': 4375.811292113262, '2025-07-06 08:00:00+00:00': 4360.25626579031, '2025-07-06 09:00:00+00:00': 4347.335680258268, '2025-07-06 10:00:00+00:00': 4332.351573602197, '2025-07-06 11:00:00+00:00': 4320.181123422286, '2025-07-06 12:00:00+00:00': 4304.615389573912, '2025-07-06 13:00:00+00:00': 4291.608869165205, '2025-07-06 14:00:00+00:00': 4284.466143405542, '2025-07-06 15:00:00+00:00': 4274.340329516644, '2025-07-06 16:00:00+00:00': 4261.675481223989, '2025-07-06 17:00:00+00:00': 4249.980857205907, '2025-07-06 18:00:00+00:00': 4237.670085500072, '2025-07-06 19:00:00+00:00': 4235.082151064722, '2025-07-06 20:00:00+00:00': 4218.341607594335, '2025-07-06 21:00:00+00:00': 4206.247572816054, '2025-07-06 22:00:00+00:00': 4200.638140368234, '2025-07-06 23:00:00+00:00': 4188.748342140545, '2025-07-07 00:00:00+00:00': 4171.154835302196, '2025-07-07 01:00:00+00:00': 4169.6622979547055, '2025-07-07 02:00:00+00:00': 4158.555102974436, '2025-07-07 03:00:00+00:00': 4145.931990124606, '2025-07-07 04:00:00+00:00': 4134.225384678301, '2025-07-07 05:00:00+00:00': 4129.270912920258, '2025-07-07 06:00:00+00:00': 4116.479412111879, '2025-07-07 07:00:00+00:00': 4110.763615977985, '2025-07-07 08:00:00+00:00': 4101.6917904635775, '2025-07-07 09:00:00+00:00': 4089.4023855156206, '2025-07-07 10:00:00+00:00': 4072.08122453248, '2025-07-07 11:00:00+00:00': 4058.425154397609, '2025-07-07 12:00:00+00:00': 4049.467579977851, '2025-07-07 13:00:00+00:00': 4033.097297103626, '2025-07-07 14:00:00+00:00': 4024.0200995681066, '2025-07-07 15:00:00+00:00': 4020.6747295080254, '2025-07-07 16:00:00+00:00': 3999.4803036061085, '2025-07-07 17:00:00+00:00': 3988.633537820963, '2025-07-07 18:00:00+00:00': 3975.0061691689853, '2025-07-07 19:00:00+00:00': 3960.1561989524857, '2025-07-07 20:00:00+00:00': 3948.2375893868566, '2025-07-07 21:00:00+00:00': 3934.8170