number,value,params_BTC_VS_ETH_WEIGHT,params_CONVERGENCE_THRESHOLD,params_DAILY_LOSS_LIMIT,params_FIXED_TRADE_PCT,params_MAX_CONCURRENT_POSITIONS,params_MAX_DRAWDOWN_LIMIT,params_MAX_HOLD_HOURS,params_MAX_POSITION_PCT,params_MIN_DIV,params_MIN_TIME_BETWEEN_TRADES,params_STOP_LOSS_PCT,params_STRIKE_SELECTION_STRATEGY,params_TAKE_PROFIT_PCT,params_TRAIL_PCT,state,user_attrs_cooldown_trades_pct,user_attrs_equity_curves,user_attrs_total_trades
12,-0.9999827278923736,0.8,0.4,0.1,0.075,4.0,0.2,72.0,0.5,0.025,1.0,0.035,random,0.045,0.3,COMPLETE,12.941176470588237,"[{'2025-05-01 00:00:00+00:00': 10000.0, '2025-05-01 01:00:00+00:00': 9981.61772342063, '2025-05-01 02:00:00+00:00': 10003.42257577309, '2025-05-01 03:00:00+00:00': 9993.34495249676, '2025-05-01 04:00:00+00:00': 9980.36631523477, '2025-05-01 05:00:00+00:00': 9972.961060718455, '2025-05-01 06:00:00+00:00': 9969.39697898428, '2025-05-01 07:00:00+00:00': 9970.374953597058, '2025-05-01 08:00:00+00:00': 9962.383873959043, '2025-05-01 11:00:00+00:00': 9939.514955623807, '2025-05-01 12:00:00+00:00': 9925.875900082416, '2025-05-01 19:00:00+00:00': 9877.924623590936, '2025-05-01 21:00:00+00:00': 9852.064900622281, '2025-05-01 22:00:00+00:00': 9838.080766683885, '2025-05-01 23:00:00+00:00': 9819.350016606757, '2025-05-02 04:00:00+00:00': 9742.16564665311, '2025-05-02 05:00:00+00:00': 9717.111405107766, '2025-05-02 06:00:00+00:00': 9697.112840270456, '2025-05-02 07:00:00+00:00': 9680.907036992108, '2025-05-02 12:00:00+00:00': 9641.389651817191, '2025-05-02 13:00:00+00:00': 9629.840352016048, '2025-05-02 14:00:00+00:00': 9660.159730997377, '2025-05-02 15:00:00+00:00': 9658.874279626074, '2025-05-03 00:00:00+00:00': 9618.224975225963, '2025-05-03 01:00:00+00:00': 9608.93056105572, '2025-05-03 03:00:00+00:00': 9598.70207704924, '2025-05-03 06:00:00+00:00': 9589.395408986957, '2025-05-03 19:00:00+00:00': 9448.33240840258, '2025-05-03 20:00:00+00:00': 9432.126289181513, '2025-05-04 02:00:00+00:00': 9353.90584382762, '2025-05-04 03:00:00+00:00': 9345.0452952463, '2025-05-04 09:00:00+00:00': 9279.644222112609, '2025-05-04 10:00:00+00:00': 9277.873729725128, '2025-05-04 14:00:00+00:00': 9202.742440347938, '2025-05-04 15:00:00+00:00': 9200.850239288986, '2025-05-04 18:00:00+00:00': 9131.458291995235, '2025-05-04 22:00:00+00:00': 9064.861449036594, '2025-05-05 01:00:00+00:00': 9102.654319980917, '2025-05-05 02:00:00+00:00': 9106.658970600896, '2025-05-05 03:00:00+00:00': 9104.5135441328, '2025-05-05 04:00:00+00:00': 9094.990100267909, '2025-05-05 05:00:00+00:00': 9097.404019663829, '2025-05-05 08:00:00+00:00': 9055.603495390385, '2025-05-05 09:00:00+00:00': 9044.832738225125, '2025-05-05 10:00:00+00:00': 9028.640220458788, '2025-05-05 15:00:00+00:00': 8967.862319493745, '2025-05-05 16:00:00+00:00': 8956.658281929516, '2025-05-05 17:00:00+00:00': 8991.32810044487, '2025-05-05 18:00:00+00:00': 8994.342963033465, '2025-05-05 19:00:00+00:00': 9001.186942001244, '2025-05-05 22:00:00+00:00': 9022.127057542308, '2025-05-05 23:00:00+00:00': 9016.073306054404, '2025-05-06 00:00:00+00:00': 9004.19129931531, '2025-05-06 01:00:00+00:00': 8973.863107933465, '2025-05-06 02:00:00+00:00': 8960.27287565789, '2025-05-06 06:00:00+00:00': 8913.201307124591, '2025-05-06 07:00:00+00:00': 8905.268319970235, '2025-05-06 08:00:00+00:00': 8891.85443329541, '2025-05-06 09:00:00+00:00': 8877.908476694283, '2025-05-06 13:00:00+00:00': 8852.124389946684, '2025-05-06 14:00:00+00:00': 8838.712963155955, '2025-05-06 15:00:00+00:00': 8888.649245213737, '2025-05-06 16:00:00+00:00': 8889.123590403678, '2025-05-06 17:00:00+00:00': 8886.946153429002, '2025-05-06 20:00:00+00:00': 8877.308109584734, '2025-05-06 21:00:00+00:00': 8868.385853177491, '2025-05-06 22:00:00+00:00': 8869.737666197583, '2025-05-06 23:00:00+00:00': 8872.838695095897, '2025-05-07 00:00:00+00:00': 8887.175905682208, '2025-05-07 03:00:00+00:00': 8885.487959139511, '2025-05-07 04:00:00+00:00': 8876.478168372805, '2025-05-07 05:00:00+00:00': 8859.83442092275, '2025-05-07 06:00:00+00:00': 8838.825468013576, '2025-05-07 07:00:00+00:00': 8824.78078221388, '2025-05-07 11:00:00+00:00': 8773.95206959939, '2025-05-07 12:00:00+00:00': 8751.3320666605, '2025-05-07 13:00:00+00:00': 8742.10869856187, '2025-05-07 14:00:00+00:00': 8732.854518812079, '2025-05-07 18:00:00+00:00': 8691.294711768232, '2025-05-07 19:00:00+00:00': 8678.888883509213, '2025-05-07 20:00:00+00:00': 8676.146457576073, '2025-05-07 21:00:00+00:00': 8692.984043368191, '2025-05-08 00:00:00+00:00': 8665.333378418938, '2025-05-08 01:00:00+00:00': 8668.077891739438, '2025-05-08 02:00:00+00:00': 8656.380749313743, '2025-05-08 03:00:00+00:00': 8674.558276747564, '2025-05-08 04:00:00+00:00': 8665.723794241498, '2025-05-08 07:00:00+00:00': 8630.59060514809, '2025-05-08 08:00:00+00:00': 8618.63695252106, '2025-05-08 11:00:00+00:00': 8583.575811162353, '2025-05-08 12:00:00+00:00': 8560.657926970003, '2025-05-08 13:00:00+00:00': 8545.928376083642, '2025-05-08 14:00:00+00:00': 8536.674021774576, '2025-05-08 15:00:00+00:00': 8527.679309243893, '2025-05-08 18:00:00+00:00': 8524.885073838359, '2025-05-08 19:00:00+00:00': 8519.379418501938, '2025-05-08 20:00:00+00:00': 8507.84758490044, '2025-05-08 21:00:00+00:00': 8510.501842492346, '2025-05-08 22:00:00+00:00': 8507.996644437555, '2025-05-08 23:00:00+00:00': 8501.302777603225, '2025-05-09 00:00:00+00:00': 8493.512011507068, '2025-05-09 02:00:00+00:00': 8483.284740677553, '2025-05-09 03:00:00+00:00': 8524.481964363682, '2025-05-09 04:00:00+00:00': 8513.386557659864, '2025-05-09 05:00:00+00:00': 8506.242908254972, '2025-05-09 06:00:00+00:00': 8495.10666715058, '2025-05-09 07:00:00+00:00': 8490.360666091949, '2025-05-09 08:00:00+00:00': 8488.718402386605, '2025-05-09 11:00:00+00:00': 8661.46007146892, '2025-05-09 14:00:00+00:00': 8660.803491434892, '2025-05-09 15:00:00+00:00': 8648.792272564966, '2025-05-09 18:00:00+00:00': 8641.432489057368, '2025-05-10 00:00:00+00:00': 8625.883552347157, '2025-05-10 03:00:00+00:00': 8600.598506279532, '2025-05-10 04:00:00+00:00': 8588.318471475237, '2025-05-10 05:00:00+00:00': 8575.57169359664, '2025-05-10 06:00:00+00:00': 8574.776671170348, '2025-05-10 07:00:00+00:00': 8570.066585794686, '2025-05-10 10:00:00+00:00': 8548.230619674081, '2025-05-10 11:00:00+00:00': 8540.221379608836, '2025-05-10 13:00:00+00:00': 8531.249819225257, '2025-05-10 14:00:00+00:00': 8522.945223066623, '2025-05-10 15:00:00+00:00': 8514.745731008457, '2025-05-10 18:00:00+00:00': 8503.563022011343, '2025-05-10 19:00:00+00:00': 8491.667472774207, '2025-05-10 20:00:00+00:00': 8483.199959430205, '2025-05-10 21:00:00+00:00': 8472.364107689835, '2025-05-10 22:00:00+00:00': 8467.04100542018, '2025-05-11 01:00:00+00:00': 8469.845373754853, '2025-05-11 04:00:00+00:00': 8467.096534952896, '2025-05-11 05:00:00+00:00': 8463.534997809613, '2025-05-11 09:00:00+00:00': 8458.88875560794, '2025-05-11 10:00:00+00:00': 8454.94569994298, '2025-05-11 13:00:00+00:00': 8433.089153576673, '2025-05-11 16:00:00+00:00': 8424.610442922849, '2025-05-11 19:00:00+00:00': 8420.4825952918, '2025-05-12 00:00:00+00:00': 8414.244269372388, '2025-05-12 01:00:00+00:00': 8409.214765878203, '2025-05-12 07:00:00+00:00': 8400.442130993102, '2025-05-12 08:00:00+00:00': 8397.24377780036, '2025-05-12 09:00:00+00:00': 8389.201691466938, '2025-05-12 11:00:00+00:00': 8374.76003871351, '2025-05-12 12:00:00+00:00': 8374.561837159119, '2025-05-12 15:00:00+00:00': 8400.968155456712, '2025-05-12 16:00:00+00:00': 8400.663153177056, '2025-05-12 17:00:00+00:00': 8397.971348161502, '2025-05-12 19:00:00+00:00': 8410.345040627151, '2025-05-12 20:00:00+00:00': 8392.895464677678, '2025-05-12 21:00:00+00:00': 8407.463121847895, '2025-05-12 23:00:00+00:00': 8404.743598820829, '2025-05-13 01:00:00+00:00': 8404.116734701567, '2025-05-13 03:00:00+00:00': 8400.632661116786, '2025-05-13 05:00:00+00:00': 8407.69532123728, '2025-05-13 06:00:00+00:00': 8398.946392770831, '2025-05-13 07:00:00+00:00': 8390.45178248916, '2025-05-13 08:00:00+00:00': 8393.340235319229, '2025-05-13 10:00:00+00:00': 8399.192290570572, '2025-05-13 11:00:00+00:00': 8391.018193561727, '2025-05-13 12:00:00+00:00': 8390.909002938573, '2025-05-13 16:00:00+00:00': 8395.709915602032, '2025-05-13 17:00:00+00:00': 8392.923390110976, '2025-05-13 18:00:00+00:00': 8396.194799659988, '2025-05-13 19:00:00+00:00': 8384.29546595753, '2025-05-13 20:00:00+00:00': 8379.023004533987, '2025-05-13 21:00:00+00:00': 8361.637165161252, '2025-05-13 22:00:00+00:00': 8346.25880726474, '2025-05-13 23:00:00+00:00': 8338.230109736758, '2025-05-14 02:00:00+00:00': 8306.130425355974, '2025-05-14 03:00:00+00:00': 8296.088077182281, '2025-05-14 05:00:00+00:00': 8289.739052631787, '2025-05-14 06:00:00+00:00': 8282.456361626637, '2025-05-14 08:00:00+00:00': 8271.900988942029, '2025-05-14 11:00:00+00:00': 8269.196780617402, '2025-05-14 12:00:00+00:00': 8264.975221243434, '2025-05-14 13:00:00+00:00': 8258.76185845895, '2025-05-14 16:00:00+00:00': 8250.259041384015, '2025-05-14 19:00:00+00:00': 8242.734598335242, '2025-05-14 22:00:00+00:00': 8219.156027292305, '2025-05-15 00:00:00+00:00': 8208.179077598636, '2025-05-15 01:00:00+00:00': 8203.414583613257, '2025-05-15 02:00:00+00:00': 8200.206907919572, '2025-05-15 05:00:00+00:00': 8191.742304864054, '2025-05-15 09:00:00+00:00': 8195.809362326261, '2025-05-15 11:00:00+00:00': 8196.69409911513, '2025-05-15 12:00:00+00:00': 8189.793029012516, '2025-05-15 13:00:00+00:00': 8190.956458128537, '2025-05-15 16:00:00+00:00': 8235.745605533211, '2025-05-15 17:00:00+00:00': 8248.669316360762, '2025-05-15 18:00:00+00:00': 8245.175017421237, '2025-05-15 19:00:00+00:00': 8284.847827203259, '2025-05-15 20:00:00+00:00': 8286.317479671377, '2025-05-15 21:00:00+00:00': 8279.196303445146, '2025-05-15 22:00:00+00:00': 8264.22660042643, '2025-05-15 23:00:00+00:00': 8261.732779911556, '2025-05-16 00:00:00+00:00': 8253.337211300224, '2025-05-16 01:00:00+00:00': 8247.965668327977, '2025-05-16 04:00:00+00:00': 8212.292021487181, '2025-05-16 05:00:00+00:00': 8205.555388693614, '2025-05-16 06:00:00+00:00': 8196.097556875782, '2025-05-16 07:00:00+00:00': 8189.11191305595, '2025-05-16 10:00:00+00:00': 8186.822024928885, '2025-05-16 14:00:00+00:00': 8186.274824513539, '2025-05-16 16:00:00+00:00': 8186.05991271461, '2025-05-16 17:00:00+00:00': 8176.305566148259, '2025-05-16 20:00:00+00:00': 8158.315810489723, '2025-05-16 22:00:00+00:00': 8159.63023975966, '2025-05-16 23:00:00+00:00': 8141.141794554538, '2025-05-17 00:00:00+00:00': 8130.143980228593, '2025-05-17 01:00:00+00:00': 8108.359796115403, '2025-05-17 03:00:00+00:00': 8098.3911680664405, '2025-05-17 04:00:00+00:00': 8103.524262598047, '2025-05-17 05:00:00+00:00': 8093.39920256587, '2025-05-17 07:00:00+00:00': 8069.656252548476, '2025-05-17 08:00:00+00:00': 8064.5867006331755, '2025-05-17 09:00:00+00:00': 8048.69547729789, '2025-05-17 11:00:00+00:00': 8040.663586466269, '2025-05-17 14:00:00+00:00': 8007.182000220035, '2025-05-17 15:00:00+00:00': 8007.356974766556, '2025-05-17 16:00:00+00:00': 7995.536486471203, '2025-05-30 23:00:00+00:00': 8014.036486471203, '2025-05-31 00:00:00+00:00': 7984.036486471203, '2025-05-31 01:00:00+00:00': 7954.036486471203, '2025-05-31 02:00:00+00:00': 7968.127395562112, '2025-05-31 03:00:00+00:00': 7976.479111248386, '2025-05-31 04:00:00+00:00': 7927.459503405249, '2025-05-31 05:00:00+00:00': 8203.414048859795, '2025-05-31 06:00:00+00:00': 8567.752299011341, '2025-05-31 07:00:00+00:00': 8490.115935374977, '2025-05-31 08:00:00+00:00': 8451.202891896717, '2025-05-31 09:00:00+00:00': 8422.468615167158, '2025-05-31 10:00:00+00:00': 8362.468615167158, '2025-05-31 11:00:00+00:00': 8246.507076705619, '2025-05-31 12:00:00+00:00': 8109.4585817223415, '2025-05-31 13:00:00+00:00': 7973.7372378488235, '2025-05-31 14:00:00+00:00': 8067.1325866860325, '2025-05-31 15:00:00+00:00': 8007.1325866860325, '2025-05-31 16:00:00+00:00': 7939.963021468641, '2025-05-31 17:00:00+00:00': 7870.065062284968, '2025-05-31 18:00:00+00:00': 7967.777924603809, '2025-05-31 19:00:00+00:00': 7916.918597035124, '2025-05-31 20:00:00+00:00': 7854.287719937235, '2025-05-31 21:00:00+00:00': 7789.859253208488, '2025-05-31 22:00:00+00:00': 7749.835074277569, '2025-05-31 23:00:00+00:00': 7715.546271301422, '2025-06-01 00:00:00+00:00': 7651.544631143517, '2025-06-01 01:00:00+00:00': 7620.260958583888, '2025-06-01 02:00:00+00:00': 7592.321355873022, '2025-06-01 03:00:00+00:00': 7528.281918274194, '2025-06-01 04:00:00+00:00': 7444.050881702794, '2025-06-01 05:00:00+00:00': 7390.89436367063, '2025-06-01 06:00:00+00:00': 7327.244935307977, '2025-06-01 07:00:00+00:00': 7269.190296972856, '2025-06-01 08:00:00+00:00': 7196.703395271084, '2025-06-01 09:00:00+00:00': 7075.8691243596295, '2025-06-01 10:00:00+00:00': 7084.173291026296, '2025-06-01 11:00:00+00:00': 7041.494719597725, '2025-06-01 12:00:00+00:00': 6992.321266305633, '2025-06-01 13:00:00+00:00': 6925.297128374598, '2025-06-01 14:00:00+00:00': 6846.277520531461, '2025-06-01 15:00:00+00:00': 6736.149267206103, '2025-06-01 16:00:00+00:00': 6648.993003821328, '2025-06-01 17:00:00+00:00': 6520.721740244491, '2025-06-01 18:00:00+00:00': 6473.283076910958, '2025-06-01 19:00:00+00:00': 6476.794981672863, '2025-06-01 20:00:00+00:00': 6373.563147045006, '2025-06-01 21:00:00+00:00': 6273.146480378339, '2025-06-01 22:00:00+00:00': 6235.704619913223, '2025-06-01 23:00:00+00:00': 6142.8813875899905, '2025-06-02 00:00:00+00:00': 6060.8359330445355, '2025-06-02 01:00:00+00:00': 5989.288313996917, '2025-06-02 02:00:00+00:00': 5953.538313996917, '2025-06-02 03:00:00+00:00': 5893.538313996917, '2025-06-02 04:00:00+00:00': 5902.824028282632, '2025-06-02 05:00:00+00:00': 5854.103098050074, '2025-06-02 06:00:00+00:00': 5794.103098050074, '2025-06-02 07:00:00+00:00': 5712.057643504619, '2025-06-02 08:00:00+00:00': 5628.962405409381, '2025-06-02 09:00:00+00:00': 5581.087405409381, '2025-06-02 10:00:00+00:00': 5580.233746872796, '2025-06-02 11:00:00+00:00': 5520.233746872796, '2025-06-02 12:00:00+00:00': 5450.5688918003325, '2025-06-02 13:00:00+00:00': 5390.5688918003325, '2025-06-02 14:00:00+00:00': 5330.120233150934, '2025-06-02 15:00:00+00:00': 5240.426355599913, '2025-06-02 16:00:00+00:00': 5137.293944532719, '2025-06-02 17:00:00+00:00': 5099.339399078174, '2025-06-02 18:00:00+00:00': 5049.882877339044, '2025-06-02 19:00:00+00:00': 4956.468490307637, '2025-06-02 20:00:00+00:00': 4899.631533785898, '2025-06-02 21:00:00+00:00': 4846.53629569066, '2025-06-02 22:00:00+00:00': 4816.53629569066, '2025-06-02 23:00:00+00:00': 4789.334070546814, '2025-06-03 00:00:00+00:00': 4746.317959149628, '2025-06-03 01:00:00+00:00': 4742.84645214532, '2025-06-03 02:00:00+00:00': 4686.361318916985, '2025-06-03 03:00:00+00:00': 4709.1744550236235, '2025-06-03 04:00:00+00:00': 4703.962698458771, '2025-06-03 05:00:00+00:00': 4676.838991933886, '2025-06-03 06:00:00+00:00': 4634.78164288422, '2025-06-03 07:00:00+00:00': 4590.11196013679, '2025-06-03 08:00:00+00:00': 4585.684646604304, '2025-06-03 09:00:00+00:00': 4557.301072938712, '2025-06-03 10:00:00+00:00': 4508.047302638157, '2025-06-03 11:00:00+00:00': 4479.003715461789, '2025-06-30 20:00:00+00:00': 4471.874370361088, '2025-06-30 21:00:00+00:00': 4436.166738481385, '2025-06-30 22:00:00+00:00': 4510.020120858314, '2025-06-30 23:00:00+00:00': 4470.404987360765, '2025-07-01 00:00:00+00:00': 4436.890468835767, '2025-07-01 01:00:00+00:00': 4404.404320385664, '2025-07-01 02:00:00+00:00': 4367.242532616975, '2025-07-01 03:00:00+00:00': 4325.881444446507, '2025-07-01 04:00:00+00:00': 4285.630034505405, '2025-07-01 05:00:00+00:00': 4348.404990085056, '2025-07-01 06:00:00+00:00': 4299.243181304176, '2025-07-01 07:00:00+00:00': 4265.723523769516, '2025-07-01 08:00:00+00:00': 4229.366057594337, '2025-07-01 09:00:00+00:00': 4197.079263421395, '2025-07-01 10:00:00+00:00': 4127.761674942277, '2025-07-01 11:00:00+00:00': 4065.2799022508048, '2025-07-01 12:00:00+00:00': 4019.971625323885, '2025-07-01 13:00:00+00:00': 3959.230385587986, '2025-07-01 14:00:00+00:00': 3913.1671671971812, '2025-07-01 15:00:00+00:00': 3943.808024431627, '2025-07-01 16:00:00+00:00': 3892.2930730961384, '2025-07-01 17:00:00+00:00': 3902.7422575714377, '2025-07-01 18:00:00+00:00': 3864.6435848703786, '2025-07-01 19:00:00+00:00': 3896.571689445542, '2025-07-01 20:00:00+00:00': 3890.059430121966, '2025-07-01 21:00:00+00:00': 3892.0434197505506, '2025-07-01 22:00:00+00:00': 3844.5806035956484, '2025-07-01 23:00:00+00:00': 3815.128996718204, '2025-07-02 00:00:00+00:00': 3780.8868314968104, '2025-07-02 01:00:00+00:00': 3774.805804064992, '2025-07-02 02:00:00+00:00': 3755.115337820255, '2025-07-02 03:00:00+00:00': 3725.74550457627, '2025-07-02 04:00:00+00:00': 3703.617626954077, '2025-07-02 05:00:00+00:00': 3681.1040635040144, '2025-07-02 06:00:00+00:00': 3641.516503139984, '2025-07-02 07:00:00+00:00': 3614.842952559243, '2025-07-02 08:00:00+00:00': 3583.4971780116534, '2025-07-02 09:00:00+00:00': 3554.625850026562, '2025-07-02 10:00:00+00:00': 3508.024146118938, '2025-07-02 11:00:00+00:00': 3464.0364296380685, '2025-07-02 12:00:00+00:00': 3423.5306156930324, '2025-07-02 13:00:00+00:00': 3405.9479194070946, '2025-07-02 14:00:00+00:00': 3371.512259428017, '2025-07-02 15:00:00+00:00': 3343.6857119962838, '2025-07-02 16:00:00+00:00': 3328.1157819263535, '2025-07-02 17:00:00+00:00': 3328.8707279855557, '2025-07-02 18:00:00+00:00': 3294.571931316943, '2025-07-02 19:00:00+00:00': 3269.8757844414936, '2025-07-02 20:00:00+00:00': 3238.676852923097, '2025-07-02 21:00:00+00:00': 3239.1033038561477, '2025-07-02 22:00:00+00:00': 3205.5361300589343, '2025-07-02 23:00:00+00:00': 3182.149565704948, '2025-07-03 00:00:00+00:00': 3248.0093660330626, '2025-07-03 01:00:00+00:00': 3219.158247972806, '2025-07-03 02:00:00+00:00': 3189.0280110967237, '2025-07-03 03:00:00+00:00': 3164.0439251247644, '2025-07-03 04:00:00+00:00': 3126.5156695331384, '2025-07-03 05:00:00+00:00': 3098.6153330613065, '2025-07-03 06:00:00+00:00': 3075.7870744732554, '2025-07-03 07:00:00+00:00': 3048.3036553723064, '2025-07-03 08:00:00+00:00': 3029.98749027286, '2025-07-03 09:00:00+00:00': 2999.7654114808633, '2025-07-03 10:00:00+00:00': 2972.5529479279335, '2025-07-03 11:00:00+00:00': 2955.7889544900727, '2025-07-03 12:00:00+00:00': 2941.092633381503, '2025-07-03 13:00:00+00:00': 2933.7027787239085, '2025-07-03 14:00:00+00:00': 2938.817250226626, '2025-07-03 15:00:00+00:00': 3062.5581590388097, '2025-07-03 16:00:00+00:00': 3107.3514839154304, '2025-07-03 17:00:00+00:00': 3076.3256641509274, '2025-07-03 18:00:00+00:00': 3050.2557475885, '2025-07-03 19:00:00+00:00': 3032.4691474072333, '2025-07-03 20:00:00+00:00': 3017.9977240663648, '2025-07-03 21:00:00+00:00': 3003.237780818971, '2025-07-03 22:00:00+00:00': 2985.6504041621306, '2025-07-03 23:00:00+00:00': 2953.7961433938594, '2025-07-04 00:00:00+00:00': 2919.4329465330093, '2025-07-04 01:00:00+00:00': 2882.2965900772165, '2025-07-04 02:00:00+00:00': 2845.584253811401, '2025-07-04 03:00:00+00:00': 2825.756645508132, '2025-07-04 04:00:00+00:00': 2788.1918527588555, '2025-07-04 05:00:00+00:00': 2756.6363660750726, '2025-07-04 06:00:00+00:00': 2720.7021552042265, '2025-07-04 07:00:00+00:00': 2676.5020711823017, '2025-07-04 08:00:00+00:00': 2646.085648927485, '2025-07-04 09:00:00+00:00': 2619.9931593737083, '2025-07-04 10:00:00+00:00': 2593.872911421369, '2025-07-04 11:00:00+00:00': 2558.8311349568626, '2025-07-04 12:00:00+00:00': 2514.8391709071966, '2025-07-04 13:00:00+00:00': 2474.863877466344, '2025-07-04 14:00:00+00:00': 2485.4999189456944, '2025-07-04 15:00:00+00:00': 2448.2052666808527, '2025-07-04 16:00:00+00:00': 2413.5657253723953, '2025-07-04 17:00:00+00:00': 2365.8426599976124, '2025-07-04 18:00:00+00:00': 2342.6653005275175, '2025-07-04 19:00:00+00:00': 2312.116129344496, '2025-07-04 20:00:00+00:00': 2278.2342050929333, '2025-07-04 21:00:00+00:00': 2255.306054506615, '2025-07-04 22:00:00+00:00': 2228.876994726886, '2025-07-04 23:00:00+00:00': 2204.359887557257, '2025-07-05 00:00:00+00:00': 2151.379703772339, '2025-07-05 01:00:00+00:00': 2122.251558923361, '2025-07-05 02:00:00+00:00': 2094.2704031677285, '2025-07-05 03:00:00+00:00': 2061.3080023441676, '2025-07-05 04:00:00+00:00': 2034.251645735206, '2025-07-05 05:00:00+00:00': 2008.888405081973, '2025-07-05 06:00:00+00:00': 1977.7847688157865, '2025-07-05 07:00:00+00:00': 1948.2898663797387, '2025-07-05 08:00:00+00:00': 1918.6691864737932, '2025-07-05 09:00:00+00:00': 1889.101166765607, '2025-07-05 10:00:00+00:00': 1858.4035034721649, '2025-07-05 11:00:00+00:00': 1830.185802281824, '2025-07-05 12:00:00+00:00': 1800.7527543879976, '2025-07-05 13:00:00+00:00': 1766.5512553588624, '2025-07-05 14:00:00+00:00': 1736.2731236706618, '2025-07-05 15:00:00+00:00': 1696.0622588103415, '2025-07-05 16:00:00+00:00': 1660.4055216277309, '2025-07-05 17:00:00+00:00': 1614.2021134907366, '2025-07-05 18:00:00+00:00': 1570.1145481057172, '2025-07-05 19:00:00+00:00': 1509.3504178891733, '2025-07-05 20:00:00+00:00': 1482.2146139384693, '2025-07-05 21:00:00+00:00': 1433.6937993327856, '2025-07-05 22:00:00+00:00': 1397.1000211390083, '2025-07-05 23:00:00+00:00': 1362.5648899300882, '2025-07-06 00:00:00+00:00': 1328.4492016473519, '2025-07-06 01:00:00+00:00': 1280.1834926513786, '2025-07-06 02:00:00+00:00': 1246.64269956667, '2025-07-06 03:00:00+00:00': 1204.9481719317778, '2025-07-06 04:00:00+00:00': 1172.6010260383355, '2025-07-06 05:00:00+00:00': 1136.072303943205, '2025-07-06 06:00:00+00:00': 1094.5957175822482, '2025-07-06 07:00:00+00:00': 1061.8683376618624, '2025-07-06 08:00:00+00:00': 1026.2544060356731, '2025-07-06 09:00:00+00:00': 990.9680306218726, '2025-07-06 10:00:00+00:00': 954.095360155086, '2025-07-06 11:00:00+00:00': 922.9906732689165, '2025-07-06 12:00:00+00:00': 888.7399853166287, '2025-07-06 13:00:00+00:00': 872.6888694050657, '2025-07-06 14:00:00+00:00': 868.1345191767375, '2025-07-06 15:00:00+00:00': 855.6515874912689, '2025-07-06 16:00:00+00:00': 838.036697509302, '2025-07-06 17:00:00+00:00': 823.6558211841933, '2025-07