number,value,params_BTC_VS_ETH_WEIGHT,params_CONVERGENCE_THRESHOLD,params_DAILY_LOSS_LIMIT,params_FIXED_TRADE_PCT,params_MAX_CONCURRENT_POSITIONS,params_MAX_DRAWDOWN_LIMIT,params_MAX_HOLD_HOURS,params_MAX_POSITION_PCT,params_MIN_DIV,params_MIN_TIME_BETWEEN_TRADES,params_STOP_LOSS_PCT,params_STRIKE_SELECTION_STRATEGY,params_TAKE_PROFIT_PCT,params_TRAIL_PCT,state,user_attrs_cooldown_trades_pct,user_attrs_equity_curves,user_attrs_total_trades
40,-1.0088832709804239,0.5,0.6,0.05,0.055,1.0,0.3,48.0,0.7,0.0225,0.5,0.015,furthest,0.05,0.25,COMPLETE,12.878787878787879,"[{'2025-05-01 00:00:00+00:00': 10000.0, '2025-05-01 01:00:00+00:00': 9986.519663841795, '2025-05-01 02:00:00+00:00': 10002.51774164846, '2025-05-01 03:00:00+00:00': 9995.128153046044, '2025-05-01 04:00:00+00:00': 9985.608787399384, '2025-05-01 05:00:00+00:00': 9980.17541488519, '2025-05-01 06:00:00+00:00': 9977.5598642477, '2025-05-01 07:00:00+00:00': 9978.27763285442, '2025-05-01 08:00:00+00:00': 9972.412862957333, '2025-05-01 11:00:00+00:00': 9955.622087195135, '2025-05-01 12:00:00+00:00': 9945.603904783966, '2025-05-01 19:00:00+00:00': 9910.354359394267, '2025-05-01 20:00:00+00:00': 9903.90350154216, '2025-05-01 21:00:00+00:00': 9884.889830035281, '2025-05-01 22:00:00+00:00': 9874.600630954126, '2025-05-02 03:00:00+00:00': 9816.943278390723, '2025-05-02 04:00:00+00:00': 9803.925821402416, '2025-05-02 05:00:00+00:00': 9785.436235138326, '2025-05-02 06:00:00+00:00': 9770.667501225791, '2025-05-02 10:00:00+00:00': 9755.552354488393, '2025-05-02 11:00:00+00:00': 9745.85196910936, '2025-05-02 12:00:00+00:00': 9737.661492439072, '2025-05-02 13:00:00+00:00': 9729.107435842143, '2025-05-02 19:00:00+00:00': 9735.2147528725, '2025-05-02 20:00:00+00:00': 9737.365833320739, '2025-05-02 21:00:00+00:00': 9730.961158177553, '2025-05-02 23:00:00+00:00': 9724.93724333733, '2025-05-03 08:00:00+00:00': 9670.253731625598, '2025-05-03 09:00:00+00:00': 9662.287797592797, '2025-05-03 15:00:00+00:00': 9620.596951764399, '2025-05-03 16:00:00+00:00': 9609.610162675233, '2025-05-03 17:00:00+00:00': 9599.63474211867, '2025-05-03 22:00:00+00:00': 9533.677593180195, '2025-05-04 03:00:00+00:00': 9494.802875034326, '2025-05-04 04:00:00+00:00': 9485.734129166947, '2025-05-04 07:00:00+00:00': 9456.404624166755, '2025-05-04 20:00:00+00:00': 9336.779635228944, '2025-05-04 21:00:00+00:00': 9322.497126969609, '2025-05-05 03:00:00+00:00': 9343.250694702525, '2025-05-05 04:00:00+00:00': 9336.083706198577, '2025-05-05 05:00:00+00:00': 9337.900839119819, '2025-05-05 06:00:00+00:00': 9331.262793519665, '2025-05-05 10:00:00+00:00': 9286.099709580267, '2025-05-05 13:00:00+00:00': 9263.688436619057, '2025-05-05 16:00:00+00:00': 9244.012804756898, '2025-05-05 17:00:00+00:00': 9270.253028124971, '2025-05-05 18:00:00+00:00': 9272.532512876054, '2025-05-05 19:00:00+00:00': 9277.706662859935, '2025-05-05 20:00:00+00:00': 9262.72407523112, '2025-05-05 23:00:00+00:00': 9288.984198462846, '2025-05-06 00:00:00+00:00': 9273.866192770112, '2025-05-06 03:00:00+00:00': 9229.449577511386, '2025-05-06 06:00:00+00:00': 9205.068353984407, '2025-05-06 07:00:00+00:00': 9199.060332463667, '2025-05-06 08:00:00+00:00': 9188.898956581512, '2025-05-06 09:00:00+00:00': 9178.330273695083, '2025-05-06 10:00:00+00:00': 9169.770611579803, '2025-05-06 13:00:00+00:00': 9143.451481998418, '2025-05-06 14:00:00+00:00': 9143.516916477936, '2025-05-06 15:00:00+00:00': 9181.399699171836, '2025-05-06 16:00:00+00:00': 9181.759008963496, '2025-05-06 17:00:00+00:00': 9180.109654634325, '2025-05-06 20:00:00+00:00': 9172.809536378134, '2025-05-06 21:00:00+00:00': 9166.048750081742, '2025-05-06 22:00:00+00:00': 9167.073353105947, '2025-05-07 03:00:00+00:00': 9177.07764210863, '2025-05-07 04:00:00+00:00': 9170.253638387509, '2025-05-07 05:00:00+00:00': 9164.016036612806, '2025-05-07 11:00:00+00:00': 9111.91535361236, '2025-05-07 12:00:00+00:00': 9094.688399290679, '2025-05-07 13:00:00+00:00': 9087.659219882633, '2025-05-07 14:00:00+00:00': 9080.60457450221, '2025-05-07 19:00:00+00:00': 9037.086375374809, '2025-05-07 20:00:00+00:00': 9039.924551898288, '2025-05-07 21:00:00+00:00': 9052.789830013424, '2025-05-08 02:00:00+00:00': 9024.826789434826, '2025-05-08 03:00:00+00:00': 9038.724355899101, '2025-05-08 04:00:00+00:00': 9031.973756839416, '2025-05-08 07:00:00+00:00': 9005.111355669971, '2025-05-08 08:00:00+00:00': 8995.964946443228, '2025-05-08 11:00:00+00:00': 8975.318708571143, '2025-05-08 14:00:00+00:00': 8939.337944354782, '2025-05-08 15:00:00+00:00': 8932.430691225449, '2025-05-08 18:00:00+00:00': 8929.171476249916, '2025-05-08 21:00:00+00:00': 8916.807180553804, '2025-05-08 22:00:00+00:00': 8914.882326982002, '2025-05-09 01:00:00+00:00': 8893.122560471704, '2025-05-09 05:00:00+00:00': 8902.919616658743, '2025-05-09 08:00:00+00:00': 8889.46710781781, '2025-05-09 11:00:00+00:00': 9016.042441171821, '2025-05-09 14:00:00+00:00': 9015.541237853184, '2025-05-10 02:00:00+00:00': 8986.04590947825, '2025-05-10 03:00:00+00:00': 8975.060862365694, '2025-05-10 09:00:00+00:00': 8940.989111072333, '2025-05-10 10:00:00+00:00': 8934.959591908591, '2025-05-10 14:00:00+00:00': 8908.12946444908, '2025-05-10 18:00:00+00:00': 8893.270630648773, '2025-05-10 19:00:00+00:00': 8884.147445286633, '2025-05-10 22:00:00+00:00': 8865.248647237593, '2025-05-10 23:00:00+00:00': 8857.377257624416, '2025-05-11 04:00:00+00:00': 8859.018073162046, '2025-05-11 05:00:00+00:00': 8856.285385597552, '2025-05-11 07:00:00+00:00': 8845.358630931574, '2025-05-11 10:00:00+00:00': 8838.775205168396, '2025-05-11 11:00:00+00:00': 8833.855719312662, '2025-05-11 12:00:00+00:00': 8825.497947236248, '2025-05-11 13:00:00+00:00': 8822.015844822125, '2025-05-11 15:00:00+00:00': 8813.42181665362, '2025-05-11 18:00:00+00:00': 8799.890159161694, '2025-05-11 19:00:00+00:00': 8796.728227296127, '2025-05-11 22:00:00+00:00': 8792.453850849299, '2025-05-12 00:00:00+00:00': 8787.676989876032, '2025-05-12 01:00:00+00:00': 8783.824996693793, '2025-05-12 07:00:00+00:00': 8783.0552494342, '2025-05-12 08:00:00+00:00': 8780.60296231271, '2025-05-12 09:00:00+00:00': 8774.436192529192, '2025-05-12 11:00:00+00:00': 8763.359326355592, '2025-05-12 12:00:00+00:00': 8763.20723422994, '2025-05-12 17:00:00+00:00': 8781.18684297531, '2025-05-12 19:00:00+00:00': 8790.67494996934, '2025-05-12 20:00:00+00:00': 8777.299921605249, '2025-05-12 21:00:00+00:00': 8788.472161773048, '2025-05-12 23:00:00+00:00': 8786.387466522547, '2025-05-13 01:00:00+00:00': 8785.90689202526, '2025-05-13 06:00:00+00:00': 8781.944419954352, '2025-05-13 07:00:00+00:00': 8775.430974810033, '2025-05-13 08:00:00+00:00': 8777.64636288849, '2025-05-13 09:00:00+00:00': 8774.170053214824, '2025-05-13 10:00:00+00:00': 8778.65627833666, '2025-05-13 16:00:00+00:00': 8775.988109073767, '2025-05-13 17:00:00+00:00': 8773.852100222972, '2025-05-13 18:00:00+00:00': 8776.360018575055, '2025-05-13 23:00:00+00:00': 8733.491051907853, '2025-05-14 08:00:00+00:00': 8684.895852195044, '2025-05-14 11:00:00+00:00': 8682.813755672309, '2025-05-14 12:00:00+00:00': 8679.56309612599, '2025-05-14 21:00:00+00:00': 8641.208071342451, '2025-05-14 22:00:00+00:00': 8633.857020010117, '2025-05-14 23:00:00+00:00': 8628.513379838936, '2025-05-15 00:00:00+00:00': 8620.062696039135, '2025-05-15 01:00:00+00:00': 8616.393407952326, '2025-05-15 05:00:00+00:00': 8607.402143170046, '2025-05-15 09:00:00+00:00': 8610.535988416894, '2025-05-15 11:00:00+00:00': 8611.217626506674, '2025-05-15 12:00:00+00:00': 8605.900907565283, '2025-05-15 13:00:00+00:00': 8606.797437446236, '2025-05-15 16:00:00+00:00': 8641.310316227968, '2025-05-15 17:00:00+00:00': 8651.254412864895, '2025-05-15 18:00:00+00:00': 8648.566862121284, '2025-05-15 19:00:00+00:00': 8679.083638459071, '2025-05-15 20:00:00+00:00': 8680.212668277678, '2025-05-15 23:00:00+00:00': 8666.061546880583, '2025-05-16 00:00:00+00:00': 8659.603485529567, '2025-05-16 01:00:00+00:00': 8655.470452296287, '2025-05-16 05:00:00+00:00': 8622.817904724332, '2025-05-16 10:00:00+00:00': 8608.37891961792, '2025-05-16 13:00:00+00:00': 8600.825415288173, '2025-05-16 14:00:00+00:00': 8605.172077209903, '2025-05-16 16:00:00+00:00': 8605.006410623173, '2025-05-16 17:00:00+00:00': 8597.487137029375, '2025-05-16 20:00:00+00:00': 8583.615072131328, '2025-05-16 21:00:00+00:00': 8574.864079021581, '2025-05-16 22:00:00+00:00': 8575.877209497063, '2025-05-17 01:00:00+00:00': 8536.339520363663, '2025-05-17 03:00:00+00:00': 8528.643335579096, '2025-05-17 04:00:00+00:00': 8532.607593394036, '2025-05-17 05:00:00+00:00': 8524.789391712398, '2025-05-17 07:00:00+00:00': 8506.449836419053, '2025-05-17 08:00:00+00:00': 8501.074729384738, '2025-05-17 09:00:00+00:00': 8488.790427630882, '2025-05-17 11:00:00+00:00': 8482.578311889518, '2025-05-17 15:00:00+00:00': 8462.51003315631, '2025-05-17 16:00:00+00:00': 8453.348949482666, '2025-05-17 17:00:00+00:00': 8444.52465064993, '2025-05-17 18:00:00+00:00': 8450.050213946492, '2025-05-17 19:00:00+00:00': 8442.008410955626, '2025-05-17 20:00:00+00:00': 8434.166316627363, '2025-05-17 21:00:00+00:00': 8433.46178740656, '2025-05-17 22:00:00+00:00': 8426.029199983841, '2025-05-17 23:00:00+00:00': 8414.055923681197, '2025-05-18 03:00:00+00:00': 8399.182852449929, '2025-05-18 04:00:00+00:00': 8389.574528593574, '2025-05-18 05:00:00+00:00': 8383.609796670626, '2025-05-18 06:00:00+00:00': 8384.932933482069, '2025-05-18 07:00:00+00:00': 8369.273689753647, '2025-05-18 08:00:00+00:00': 8376.820765552351, '2025-05-18 09:00:00+00:00': 8370.979900092778, '2025-05-18 10:00:00+00:00': 8365.77689240046, '2025-05-18 11:00:00+00:00': 8367.398469816939, '2025-05-18 12:00:00+00:00': 8367.83388439921, '2025-05-18 13:00:00+00:00': 8362.143490767685, '2025-05-18 14:00:00+00:00': 8372.9086751533, '2025-05-18 15:00:00+00:00': 8392.427296492237, '2025-05-18 16:00:00+00:00': 8383.696686378742, '2025-05-18 17:00:00+00:00': 8387.663920946428, '2025-05-18 18:00:00+00:00': 8396.886751846614, '2025-05-18 19:00:00+00:00': 8391.509005302616, '2025-05-18 20:00:00+00:00': 8401.227699793424, '2025-05-18 21:00:00+00:00': 8398.117538270351, '2025-05-18 22:00:00+00:00': 8393.32502961389, '2025-05-18 23:00:00+00:00': 8505.010422872318, '2025-05-19 00:00:00+00:00': 8513.11874665742, '2025-05-19 01:00:00+00:00': 8515.542540031782, '2025-05-19 02:00:00+00:00': 8498.511437852238, '2025-05-19 04:00:00+00:00': 8517.884194522885, '2025-05-19 05:00:00+00:00': 8544.337975852568, '2025-05-19 06:00:00+00:00': 8540.805860977242, '2025-05-19 08:00:00+00:00': 8567.29833833307, '2025-05-19 09:00:00+00:00': 8561.91925807242, '2025-05-19 12:00:00+00:00': 8552.938796456188, '2025-05-19 13:00:00+00:00': 8539.748988525878, '2025-05-19 14:00:00+00:00': 8564.432324947265, '2025-05-19 15:00:00+00:00': 8556.37706348482, '2025-05-19 16:00:00+00:00': 8569.601245710826, '2025-05-19 17:00:00+00:00': 8569.13658702927, '2025-05-19 18:00:00+00:00': 8561.908868995893, '2025-05-19 20:00:00+00:00': 8571.680075880338, '2025-05-19 21:00:00+00:00': 8569.561270842712, '2025-05-19 22:00:00+00:00': 8562.267732686745, '2025-05-19 23:00:00+00:00': 8558.19990170419, '2025-05-20 00:00:00+00:00': 8553.300542220175, '2025-05-20 01:00:00+00:00': 8546.15226550463, '2025-05-20 04:00:00+00:00': 8550.550495079275, '2025-05-20 05:00:00+00:00': 8563.683644793355, '2025-05-20 06:00:00+00:00': 8546.562271072824, '2025-05-20 07:00:00+00:00': 8561.045241950382, '2025-05-20 08:00:00+00:00': 8564.32840120233, '2025-05-20 09:00:00+00:00': 8553.349231510112, '2025-05-20 10:00:00+00:00': 8544.313385545855, '2025-05-20 11:00:00+00:00': 8534.033879563141, '2025-05-20 12:00:00+00:00': 8527.620213326349, '2025-05-20 13:00:00+00:00': 8530.241629105938, '2025-05-20 14:00:00+00:00': 8529.928734283181, '2025-05-20 16:00:00+00:00': 8533.684860233203, '2025-05-20 18:00:00+00:00': 8569.062140563285, '2025-05-20 19:00:00+00:00': 8605.71574256709, '2025-05-20 20:00:00+00:00': 8721.686616353498, '2025-05-20 21:00:00+00:00': 8704.817779279554, '2025-05-20 22:00:00+00:00': 8694.920578050906, '2025-05-20 23:00:00+00:00': 8688.08356595166, '2025-05-21 00:00:00+00:00': 8674.84135134118, '2025-05-21 01:00:00+00:00': 8662.320097000376, '2025-05-21 04:00:00+00:00': 8635.742665770837, '2025-05-21 05:00:00+00:00': 8657.081596783524, '2025-05-21 06:00:00+00:00': 8646.356772122692, '2025-05-21 07:00:00+00:00': 8635.540497991617, '2025-05-21 08:00:00+00:00': 8690.360121031763, '2025-05-21 09:00:00+00:00': 8668.888815050645, '2025-05-21 10:00:00+00:00': 8659.575407254308, '2025-05-21 11:00:00+00:00': 8650.714114380642, '2025-05-21 12:00:00+00:00': 8642.203281771403, '2025-05-21 13:00:00+00:00': 8635.353344098592, '2025-05-21 16:00:00+00:00': 8715.612630308447, '2025-05-21 17:00:00+00:00': 8714.929838251412, '2025-05-21 18:00:00+00:00': 9793.501266822841, '2025-05-21 19:00:00+00:00': 9795.929733910454, '2025-05-21 20:00:00+00:00': 9876.00065589627, '2025-05-21 21:00:00+00:00': 9953.497681420013, '2025-05-21 23:00:00+00:00': 9947.550261111732, '2025-05-22 00:00:00+00:00': 10001.747143464672, '2025-05-22 01:00:00+00:00': 10007.081586355362, '2025-05-22 03:00:00+00:00': 10012.489814580153, '2025-05-22 04:00:00+00:00': 10089.790699535904, '2025-05-22 06:00:00+00:00': 10107.40125187522, '2025-05-22 09:00:00+00:00': 10137.707861982883, '2025-05-22 12:00:00+00:00': 10176.9087617839, '2025-05-22 13:00:00+00:00': 10177.285934545705, '2025-05-22 14:00:00+00:00': 10194.362098014764, '2025-05-22 18:00:00+00:00': 10192.186608455766, '2025-05-22 19:00:00+00:00': 10186.430597459566, '2025-05-22 20:00:00+00:00': 10156.816911070031, '2025-05-22 21:00:00+00:00': 10176.947173045246, '2025-05-23 00:00:00+00:00': 10173.827151830556, '2025-05-23 01:00:00+00:00': 10165.442774368155, '2025-05-23 02:00:00+00:00': 10151.114275153122, '2025-05-23 03:00:00+00:00': 10138.958438449954, '2025-05-23 04:00:00+00:00': 10134.311372214663, '2025-05-23 07:00:00+00:00': 10107.56128802215, '2025-05-23 10:00:00+00:00': 10110.630616831457, '2025-05-23 11:00:00+00:00': 10124.801102161275, '2025-05-23 12:00:00+00:00': 10260.142011252185, '2025-05-23 13:00:00+00:00': 10261.510260217801, '2025-05-23 14:00:00+00:00': 10349.781134699228, '2025-05-23 16:00:00+00:00': 10390.412202660393, '2025-05-23 17:00:00+00:00': 10376.182553669762, '2025-05-23 19:00:00+00:00': 10394.069197595889, '2025-05-23 20:00:00+00:00': 10385.207062359928, '2025-05-23 21:00:00+00:00': 10374.984842840893, '2025-05-23 23:00:00+00:00': 10358.966341039724, '2025-05-24 00:00:00+00:00': 10355.2111702698, '2025-05-24 04:00:00+00:00': 10363.589215485024, '2025-05-24 06:00:00+00:00': 10352.955602492219, '2025-05-24 07:00:00+00:00': 10350.165176384275, '2025-05-24 08:00:00+00:00': 10342.683961339571, '2025-05-24 11:00:00+00:00': 10363.938402558168, '2025-05-24 13:00:00+00:00': 10364.204222994913, '2025-05-24 23:00:00+00:00': 10365.578282657654, '2025-05-25 10:00:00+00:00': 10361.293734291909, '2025-05-25 12:00:00+00:00': 10356.407699095518, '2025-05-25 13:00:00+00:00': 10349.47380457032, '2025-05-25 14:00:00+00:00': 10349.192296306, '2025-05-25 17:00:00+00:00': 10341.224885256917, '2025-05-25 20:00:00+00:00': 10331.570676529027, '2025-05-25 23:00:00+00:00': 10558.917615304537, '2025-05-26 01:00:00+00:00': 10566.816390958174, '2025-05-26 09:00:00+00:00': 10568.745027131945, '2025-05-26 16:00:00+00:00': 10586.680559971619, '2025-05-26 21:00:00+00:00': 10597.682201266354, '2025-05-27 02:00:00+00:00': 10614.732762436528, '2025-05-27 04:00:00+00:00': 10647.795668013983, '2025-05-27 08:00:00+00:00': 10681.324639766175, '2025-05-27 11:00:00+00:00': 10671.497571649274, '2025-05-27 12:00:00+00:00': 10663.273625474529, '2025-05-27 14:00:00+00:00': 10670.823755357935, '2025-05-27 15:00:00+00:00': 10667.946762703541, '2025-05-27 18:00:00+00:00': 10658.73759534333, '2025-05-27 19:00:00+00:00': 10661.704678643768, '2025-05-27 20:00:00+00:00': 10652.94061419388, '2025-05-27 21:00:00+00:00': 10640.443464514155, '2025-05-27 22:00:00+00:00': 10648.013887049367, '2025-05-28 00:00:00+00:00': 10633.227254909041, '2025-05-28 02:00:00+00:00': 10617.706261119652, '2025-05-28 03:00:00+00:00': 10606.35728779271, '2025-05-28 05:00:00+00:00': 10593.520458406572, '2025-05-28 06:00:00+00:00': 10571.005334348023, '2025-05-28 09:00:00+00:00': 10501.260511235916, '2025-05-28 10:00:00+00:00': 10485.357763165526, '2025-05-28 11:00:00+00:00': 10466.165285789732, '2025-05-28 12:00:00+00:00': 10442.331777039399, '2025-05-28 13:00:00+00:00': 10416.315039486562, '2025-05-28 16:00:00+00:00': 10388.578370619662, '2025-05-28 17:00:00+00:00': 10376.903943582976, '2025-05-28 20:00:00+00:00': 10368.45691623959, '2025-05-28 22:00:00+00:00': 10354.680172953029, '2025-05-28 23:00:00+00:00': 10340.607636040819, '2025-05-29 03:00:00+00:00': 10294.640114112512, '2025-05-29 04:00:00+00:00': 10281.800518859012, '2025-05-29 05:00:00+00:00': 10270.153134587477, '2025-05-29 10:00:00+00:00': 10256.430574523481, '2025-05-29 11:00:00+00:00': 10241.503689066436, '2025-05-29 14:00:00+00:00': 10206.961500999232, '2025-05-29 16:00:00+00:00': 10197.636084706579, '2025-05-30 23:00:00+00:00': 10216.136084706579, '2025-05-31 00:00:00+00:00': 10186.136084706579, '2025-05-31 01:00:00+00:00': 10156.136084706579, '2025-05-31 02:00:00+00:00': 10170.226993797489, '2025-05-31 03:00:00+00:00': 10178.578709483763, '2025-05-31 04:00:00+00:00': 10099.559101640625, '2025-05-31 05:00:00+00:00': 10039.559101640625, '2025-05-31 06:00:00+00:00': 10404.901402197213, '2025-05-31 07:00:00+00:00': 10329.204977061232, '2025-05-31 08:00:00+00:00': 10290.879291711495, '2025-05-31 09:00:00+00:00': 10260.7761420067, '2025-05-31 10:00:00+00:00': 10207.383369569545, '2025-05-31 11:00:00+00:00': 10109.380870266228, '2025-05-31 12:00:00+00:00': 9976.064139300222, '2025-05-31 13:00:00+00:00': 9848.999902664642, '2025-05-31 14:00:00+00:00': 9941.66824422284, '2025-05-31 15:00:00+00:00': 9883.967964754742, '2025-05-31 16:00:00+00:00': 9834.338340164035, '2025-05-31 17:00:00+00:00': 9770.066576915831, '2025-05-31 18:00:00+00:00': 9852.439138465572, '2025-05-31 19:00:00+00:00': 9837.606731827627, '2025-05-31 20:00:00+00:00': 9814.391580330612, '2025-05-31 21:00:00+00:00': 9789.877048145818, '2025-05-31 22:00:00+00:00': 9782.733085741145, '2025-05-31 23:00:00+00:00': 9765.564123408047, '2025-06-01 00:00:00+00:00': 9748.094094736627, '2025-06-01 01:00:00+00:00': 9719.954476600282, '2025-06-01 02:00:00+00:00': 9691.425507545639, '2025-06-01 03:00:00+00:00': 9637.12417729951, '2025-06-01 04:00:00+00:00': 9562.944307564496, '2025-06-01 05:00:00+00:00': 9516.38267363165, '2025-06-01 06:00:00+00:00': 9459.487292613014, '2025-06-01 07:00:00+00:00': 9412.266635903525, '2025-06-01 08:00:00+00:00': 9351.812027118074, '2025-06-01 09:00:00+00:00': 9253.833864563814, '2025-06-01 10:00:00+00:00': 9259.427287013033, '2025-06-01 11:00:00+00:00': 9219.758298802233, '2025-06-01 12:00:00+00:00': 9178.7483036335, '2025-06-01 13:00:00+00:00': 9122.993524542146, '2025-06-01 14:00:00+00:00': 9051.419372000104, '2025-06-01 15:00:00+00:00': 8958.122217154261, '2025-06-01 16:00:00+00:00': 8883.977209094495, '2025-06-01 17:00:00+00:00': 8851.036286260502, '2025-06-01 18:00:00+00:00': 8829.845764920512, '2025-06-01 19:00:00+00:00': 8838.038508227057, '2025-06-01 20:00:00+00:00': 8792.971728959263, '2025-06-01 21:00:00+00:00': 8739.739135032862, '2025-06-01 22:00:00+00:00': 8716.393897588176, '2025-06-02 01:00:00+00:00': 8653.47853634292, '2025-06-02 02:00:00+00:00': 8618.242527657505, '2025-06-02 03:00:00+00:00': 8559.914730030072, '2025-06-02 04:00:00+00:00': 8569.050681383167, '2025-06-02 05:00:00+00:00': 8523.751000907432, '2025-06-02 06:00:00+00:00': 8467.336128970579, '2025-06-02 07:00:00+00:00': 8389.257584652058, '2025-06-02 08:00:00+00:00': 8308.769873848829, '2025-06-02 09:00:00+00:00': 8262.834962151885, '2025-06-02 10:00:00+00:00': 8262.195730797099, '2025-06-02 11:00:00+00:00': 8202.632494421241, '2025-06-02 12:00:00+00:00': 8133.651879823242, '2025-06-02 13:00:00+00:00': 8075.334744863924, '2025-06-02 14:00:00+00:00': 8019.58875765191, '2025-06-02 15:00:00+00:00': 7935.060264595688, '2025-06-02 16:00:00+00:00': 7843.882866651124, '2025-06-02 17:00:00+00:00': 7812.002707944726, '2025-06-02 18:00:00+00:00': 7769.082532484082, '2025-06-02 19:00:00+00:00': 7686.292228471924, '2025-06-02 20:00:00+00:00': 7681.202751579116, '2025-06-03 01:00:00+00:00': 7622.373160198087, '2025-06-03 02:00:00+00:00': 7549.846260110357, '2025-06-03 03:00:00+00:00': 7578.623094096346, '2025-06-03 04:00:00+00:00': 7557.458343007666, '2025-06-03 05:00:00+00:00': 7531.8847441650305, '2025-06-03 06:00:00+00:00': 7446.497732174906, '2025-06-03 07:00:00+00:00': 7370.318941509651, '2025-06-03 08:00:00+00:00': 7362.49629810985, '2025-06-03 09:00:00+00:00': 7335.273126306434, '2025-06-03 10:00:00+00:00': 7233.335194149377, '2025-06-03 11:00:00+00:00': 7168.873568067319, '2025-06-03 12:00:00+00:00': 7089.6324357236535, '2025-06-03 13:00:00+00:00': 7038.674030082477, '2025-06-03 14:00:00+00:00': 6958.820957307879, '2025-06-03 15:00:00+00:00': 6797.85462700724, '2025-06-03 16:00:00+00:00': 6799.536891077509, '2025-06-03 17:00:00+00:00': 6799.768207528277, '2025-06-03 18:00:00+00:00': 6780.152900242002, '2025-06-03 19:00:00+00:00': 6760.552038194321, '2025-06-03 20:00:00+00:00': 6741.688257114557, '2025-06-03 21:00:00+00:00': 6721.916954875501, '2025-06-03 22:00:00+00:00': 6678.437533910982, '2025-06-03 23:00:00+00:00': 6634.700024894692, '2025-06-04 01:00:00+00:00': 6606.510938876001, '2025-06-04 02:00:00+00:00': 6521.286844018394, '2025-06-04 03:00:00+00:00': 6465.288794064448, '2025-06-04 04:00:00+00:00': 6374.279795866936, '2025-06-04 05:00:00+00:00': 6352.247921539233, '2025-06-04 06:00:00+00:00': 6299.749053650265, '2025-06-04 07:00:00+00:00': 6222.40957906281, '2025-06-04 08:00:00+00:00': 6169.315765962534, '2025-06-04 09:00:00+00:00': 6090.433741874638, '2025-06-04 10:00:00+00:00': 6010.183898900755, '2025-06-04 11:00:00+00:00': 5957.304537290111, '2025-06-04 12:00:00+00:00': 5934.722706331512, '2025-06-04 13:00:00+00:00': 5926.418560129384, '2025-06-