number,value,params_BTC_VS_ETH_WEIGHT,params_CONVERGENCE_THRESHOLD,params_DAILY_LOSS_LIMIT,params_FIXED_TRADE_PCT,params_MAX_CONCURRENT_POSITIONS,params_MAX_DRAWDOWN_LIMIT,params_MAX_HOLD_HOURS,params_MAX_POSITION_PCT,params_MIN_DIV,params_MIN_TIME_BETWEEN_TRADES,params_STOP_LOSS_PCT,params_STRIKE_SELECTION_STRATEGY,params_TAKE_PROFIT_PCT,params_TRAIL_PCT,state,user_attrs_cooldown_trades_pct,user_attrs_equity_curves,user_attrs_total_trades
47,-0.8787676031177725,0.5,0.6,0.05,0.065,4.0,0.15,96.0,0.6,0.035,0.5,0.015,furthest,0.035,0.35,COMPLETE,11.757105943152455,"[{'2025-05-01 00:00:00+00:00': 10000.0, '2025-05-01 01:00:00+00:00': 9971.22211319776, '2025-05-01 02:00:00+00:00': 10063.183461324918, '2025-05-01 03:00:00+00:00': 10054.397344210145, '2025-05-01 04:00:00+00:00': 10043.080473524016, '2025-05-01 05:00:00+00:00': 10036.622257857323, '2025-05-01 06:00:00+00:00': 10033.51366958566, '2025-05-01 07:00:00+00:00': 10034.36669865495, '2025-05-01 08:00:00+00:00': 10027.39664648119, '2025-05-01 12:00:00+00:00': 10001.041051374668, '2025-05-01 13:00:00+00:00': 9994.599155781483, '2025-05-01 21:00:00+00:00': 9955.739128690802, '2025-05-01 22:00:00+00:00': 9943.492010407384, '2025-05-01 23:00:00+00:00': 9927.084759941552, '2025-05-02 00:00:00+00:00': 9912.275519788403, '2025-05-02 05:00:00+00:00': 9837.454684463688, '2025-05-02 06:00:00+00:00': 9819.907942619584, '2025-05-02 07:00:00+00:00': 9805.685060088383, '2025-05-02 13:00:00+00:00': 9760.844567872282, '2025-05-02 14:00:00+00:00': 9787.478832149223, '2025-05-02 15:00:00+00:00': 9786.350091219621, '2025-05-02 18:00:00+00:00': 9775.417799630723, '2025-05-03 14:00:00+00:00': 9763.19740606454, '2025-05-03 15:00:00+00:00': 9749.449550138874, '2025-05-03 16:00:00+00:00': 9736.291257814806, '2025-05-03 21:00:00+00:00': 9660.23060841397, '2025-05-04 06:00:00+00:00': 9589.108185045523, '2025-05-04 07:00:00+00:00': 9576.591052515443, '2025-05-04 08:00:00+00:00': 9558.828688175661, '2025-05-04 13:00:00+00:00': 9468.147545103382, '2025-05-04 14:00:00+00:00': 9447.61084791985, '2025-05-04 15:00:00+00:00': 9445.927305347119, '2025-05-04 20:00:00+00:00': 9352.518624702248, '2025-05-05 01:00:00+00:00': 9351.781055077503, '2025-05-05 02:00:00+00:00': 9369.823923686596, '2025-05-05 03:00:00+00:00': 9367.9108218706, '2025-05-05 07:00:00+00:00': 9347.534246100458, '2025-05-05 11:00:00+00:00': 9319.447319164008, '2025-05-05 12:00:00+00:00': 9306.37300887483, '2025-05-05 15:00:00+00:00': 9274.080418549882, '2025-05-05 16:00:00+00:00': 9261.09051365888, '2025-05-05 19:00:00+00:00': 9300.988908472335, '2025-05-05 23:00:00+00:00': 9309.722064624024, '2025-05-06 00:00:00+00:00': 9299.088933509345, '2025-05-06 01:00:00+00:00': 9271.94365554412, '2025-05-06 02:00:00+00:00': 9259.77422332137, '2025-05-06 03:00:00+00:00': 9246.467969249958, '2025-05-06 06:00:00+00:00': 9217.60476786265, '2025-05-06 07:00:00+00:00': 9210.494708748676, '2025-05-06 08:00:00+00:00': 9198.47088299041, '2025-05-06 09:00:00+00:00': 9185.96761049525, '2025-05-06 13:00:00+00:00': 9181.1246142729, '2025-05-06 16:00:00+00:00': 9214.391207813209, '2025-05-06 17:00:00+00:00': 9212.435043242407, '2025-05-06 18:00:00+00:00': 9208.80331512514, '2025-05-06 19:00:00+00:00': 9213.89685331495, '2025-05-06 20:00:00+00:00': 9203.776695781826, '2025-05-06 23:00:00+00:00': 9198.934967755944, '2025-05-07 00:00:00+00:00': 9211.817217660026, '2025-05-07 01:00:00+00:00': 9209.11806134448, '2025-05-07 02:00:00+00:00': 9204.653542390693, '2025-05-07 03:00:00+00:00': 9244.848534633109, '2025-05-07 06:00:00+00:00': 9193.572537948225, '2025-05-07 07:00:00+00:00': 9180.911950137375, '2025-05-07 08:00:00+00:00': 9178.594339579726, '2025-05-07 13:00:00+00:00': 9106.33423077525, '2025-05-07 14:00:00+00:00': 9077.405448832966, '2025-05-07 15:00:00+00:00': 9074.29897665647, '2025-05-07 20:00:00+00:00': 9035.427630558212, '2025-05-07 21:00:00+00:00': 9050.624486692015, '2025-05-07 22:00:00+00:00': 9050.441400766827, '2025-05-07 23:00:00+00:00': 9038.298084227448, '2025-05-08 01:00:00+00:00': 9040.779038848548, '2025-05-08 03:00:00+00:00': 9046.639818304659, '2025-05-08 04:00:00+00:00': 9038.65485105808, '2025-05-08 05:00:00+00:00': 9032.269920523664, '2025-05-08 07:00:00+00:00': 9021.921302809384, '2025-05-08 08:00:00+00:00': 9011.091732066508, '2025-05-08 09:00:00+00:00': 9009.448144778435, '2025-05-08 12:00:00+00:00': 8955.237889683633, '2025-05-08 13:00:00+00:00': 8942.02654270851, '2025-05-08 14:00:00+00:00': 8929.792672692958, '2025-05-08 15:00:00+00:00': 8921.638271794905, '2025-05-08 16:00:00+00:00': 8923.926671364863, '2025-05-08 17:00:00+00:00': 8921.582093294091, '2025-05-08 19:00:00+00:00': 8916.588485182736, '2025-05-08 20:00:00+00:00': 8906.128255428981, '2025-05-08 21:00:00+00:00': 8908.536299358675, '2025-05-08 22:00:00+00:00': 8906.515245409179, '2025-05-09 00:00:00+00:00': 8900.392861947634, '2025-05-09 02:00:00+00:00': 8884.75670170392, '2025-05-09 03:00:00+00:00': 8922.150668510698, '2025-05-09 05:00:00+00:00': 8917.818398374848, '2025-05-09 06:00:00+00:00': 8913.61344167326, '2025-05-09 07:00:00+00:00': 8913.61344167326, '2025-05-09 08:00:00+00:00': 8920.577096802357, '2025-05-09 09:00:00+00:00': 9083.667076757427, '2025-05-09 11:00:00+00:00': 9077.918803613156, '2025-05-09 14:00:00+00:00': 9077.322407297821, '2025-05-09 18:00:00+00:00': 9070.627887544213, '2025-05-10 04:00:00+00:00': 9059.403559074755, '2025-05-10 05:00:00+00:00': 9047.750391900237, '2025-05-10 08:00:00+00:00': 9040.98322952665, '2025-05-10 13:00:00+00:00': 9029.596780001775, '2025-05-10 14:00:00+00:00': 9021.9790371373, '2025-05-10 17:00:00+00:00': 9010.665724933395, '2025-05-10 22:00:00+00:00': 9005.759254678625, '2025-05-11 04:00:00+00:00': 9020.461037373976, '2025-05-11 09:00:00+00:00': 9019.403556055297, '2025-05-11 10:00:00+00:00': 9015.759798212086, '2025-05-11 11:00:00+00:00': 9009.203761927769, '2025-05-11 19:00:00+00:00': 9005.378049403276, '2025-05-12 01:00:00+00:00': 9000.712916279754, '2025-05-12 07:00:00+00:00': 8996.207250018555, '2025-05-12 08:00:00+00:00': 8993.750859021227, '2025-05-12 12:00:00+00:00': 8993.566388221718, '2025-05-12 14:00:00+00:00': 8980.395532823815, '2025-05-12 19:00:00+00:00': 9029.3836548168, '2025-05-12 21:00:00+00:00': 9042.966417041025, '2025-05-13 01:00:00+00:00': 9039.829870246243, '2025-05-13 03:00:00+00:00': 9036.581933273375, '2025-05-13 05:00:00+00:00': 9043.166278544055, '2025-05-13 08:00:00+00:00': 9045.864344383603, '2025-05-13 10:00:00+00:00': 9051.330421486951, '2025-05-13 16:00:00+00:00': 9055.818694916714, '2025-05-13 18:00:00+00:00': 9058.877849833172, '2025-05-13 19:00:00+00:00': 9047.751143271436, '2025-05-13 20:00:00+00:00': 9056.887298851501, '2025-05-13 21:00:00+00:00': 9040.600589846368, '2025-05-14 11:00:00+00:00': 9045.458210304554, '2025-05-14 12:00:00+00:00': 9041.45607064606, '2025-05-14 19:00:00+00:00': 9034.309507350501, '2025-05-14 21:00:00+00:00': 9028.86974978737, '2025-05-15 01:00:00+00:00': 9024.327662862104, '2025-05-15 12:00:00+00:00': 9017.742831449139, '2025-05-15 16:00:00+00:00': 9061.593766950602, '2025-05-15 17:00:00+00:00': 9073.917463352196, '2025-05-15 18:00:00+00:00': 9070.586091738222, '2025-05-15 19:00:00+00:00': 9108.411230006299, '2025-05-15 20:00:00+00:00': 9109.81154208776, '2025-05-15 21:00:00+00:00': 9103.02651398977, '2025-05-15 23:00:00+00:00': 9100.645834790506, '2025-05-16 00:00:00+00:00': 9089.739105646599, '2025-05-16 01:00:00+00:00': 9083.70457751223, '2025-05-16 05:00:00+00:00': 9077.246643756425, '2025-05-16 10:00:00+00:00': 9068.343361736985, '2025-05-16 11:00:00+00:00': 9074.59764374017, '2025-05-16 14:00:00+00:00': 9080.017574964217, '2025-05-16 16:00:00+00:00': 9079.810983334599, '2025-05-16 20:00:00+00:00': 9062.496997728858, '2025-05-16 22:00:00+00:00': 9063.762423507578, '2025-05-17 00:00:00+00:00': 9053.150803961096, '2025-05-17 03:00:00+00:00': 9043.504649136803, '2025-05-17 04:00:00+00:00': 9048.472509401636, '2025-05-17 05:00:00+00:00': 9049.998555102995, '2025-05-17 07:00:00+00:00': 9026.989206755012, '2025-05-17 08:00:00+00:00': 9022.074364809878, '2025-05-17 12:00:00+00:00': 8994.752599553147, '2025-05-17 13:00:00+00:00': 8980.855578186964, '2025-05-17 14:00:00+00:00': 8970.570221329299, '2025-05-17 17:00:00+00:00': 8948.003518381007, '2025-05-17 18:00:00+00:00': 8954.923073350687, '2025-05-17 20:00:00+00:00': 8943.215362377958, '2025-05-17 21:00:00+00:00': 8942.33248333914, '2025-05-18 00:00:00+00:00': 8946.44110055855, '2025-05-18 01:00:00+00:00': 8940.743185185658, '2025-05-18 05:00:00+00:00': 8929.457040962767, '2025-05-18 06:00:00+00:00': 8931.12255928686, '2025-05-18 08:00:00+00:00': 8940.640602184274, '2025-05-18 09:00:00+00:00': 8922.059424578234, '2025-05-18 10:00:00+00:00': 8915.551725983074, '2025-05-18 11:00:00+00:00': 8917.594076597568, '2025-05-18 12:00:00+00:00': 8918.142493567837, '2025-05-18 13:00:00+00:00': 8895.717086798395, '2025-05-18 14:00:00+00:00': 8909.251377076478, '2025-05-18 15:00:00+00:00': 8933.796469091914, '2025-05-18 16:00:00+00:00': 8922.812893892702, '2025-05-18 17:00:00+00:00': 8927.802942490076, '2025-05-18 18:00:00+00:00': 8938.509359832977, '2025-05-18 20:00:00+00:00': 8950.743786767234, '2025-05-18 21:00:00+00:00': 8938.533984394475, '2025-05-18 22:00:00+00:00': 8937.49907126126, '2025-05-18 23:00:00+00:00': 9049.184464519687, '2025-05-19 00:00:00+00:00': 9059.380147916954, '2025-05-19 01:00:00+00:00': 9109.537169204908, '2025-05-19 02:00:00+00:00': 9088.005514277775, '2025-05-19 04:00:00+00:00': 9121.274440896284, '2025-05-19 08:00:00+00:00': 9154.71164158263, '2025-05-19 12:00:00+00:00': 9143.363549022488, '2025-05-19 14:00:00+00:00': 9174.596672070618, '2025-05-19 15:00:00+00:00': 9164.398585181347, '2025-05-19 16:00:00+00:00': 9181.13774080314, '2025-05-19 17:00:00+00:00': 9180.549411321443, '2025-05-19 20:00:00+00:00': 9192.931586592113, '2025-05-19 21:00:00+00:00': 9190.24605825833, '2025-05-20 01:00:00+00:00': 9181.168993577612, '2025-05-20 02:00:00+00:00': 9217.912112843667, '2025-05-20 05:00:00+00:00': 9234.64450556755, '2025-05-20 06:00:00+00:00': 9212.824802291969, '2025-05-20 07:00:00+00:00': 9231.275367539305, '2025-05-20 08:00:00+00:00': 9235.4592312611, '2025-05-20 10:00:00+00:00': 9223.928900202429, '2025-05-20 12:00:00+00:00': 9215.736359514967, '2025-05-20 13:00:00+00:00': 9219.08438510089, '2025-05-20 14:00:00+00:00': 9218.684739072507, '2025-05-20 16:00:00+00:00': 9223.482232342465, '2025-05-20 18:00:00+00:00': 9268.671304554162, '2025-05-20 19:00:00+00:00': 9315.525826998548, '2025-05-20 20:00:00+00:00': 9431.496700784955, '2025-05-20 21:00:00+00:00': 9409.93832935046, '2025-05-20 22:00:00+00:00': 9397.294164180497, '2025-05-20 23:00:00+00:00': 9388.561350023383, '2025-05-21 00:00:00+00:00': 9371.649685763212, '2025-05-21 01:00:00+00:00': 9355.663199836164, '2025-05-21 04:00:00+00:00': 9308.210398226467, '2025-05-21 05:00:00+00:00': 9335.392925058668, '2025-05-21 06:00:00+00:00': 9321.725019826248, '2025-05-21 07:00:00+00:00': 9307.943678515774, '2025-05-21 08:00:00+00:00': 9377.77510818714, '2025-05-21 09:00:00+00:00': 9350.39272976538, '2025-05-21 10:00:00+00:00': 9320.522258189236, '2025-05-21 11:00:00+00:00': 9309.250506646167, '2025-05-21 12:00:00+00:00': 9298.426564226074, '2025-05-21 13:00:00+00:00': 9289.716481597361, '2025-05-21 16:00:00+00:00': 9369.162210556184, '2025-05-21 17:00:00+00:00': 9368.294765520503, '2025-05-21 18:00:00+00:00': 10446.866194091932, '2025-05-21 19:00:00+00:00': 10449.927670643743, '2025-05-21 20:00:00+00:00': 10529.99859262956, '2025-05-21 21:00:00+00:00': 10627.650988718568, '2025-05-22 00:00:00+00:00': 10681.847871071508, '2025-05-22 01:00:00+00:00': 10688.580896503174, '2025-05-22 03:00:00+00:00': 10695.407713883824, '2025-05-22 04:00:00+00:00': 10772.708598839576, '2025-05-22 06:00:00+00:00': 10794.929742112487, '2025-05-22 09:00:00+00:00': 10833.182992404965, '2025-05-22 13:00:00+00:00': 10833.657486909879, '2025-05-22 14:00:00+00:00': 10855.139951043984, '2025-05-22 18:00:00+00:00': 10852.402268782387, '2025-05-22 21:00:00+00:00': 10877.821847791774, '2025-05-23 00:00:00+00:00': 10873.880610023984, '2025-05-23 07:00:00+00:00': 10884.294802755301, '2025-05-23 11:00:00+00:00': 10902.323213496695, '2025-05-23 12:00:00+00:00': 11037.664122587605, '2025-05-23 13:00:00+00:00': 11039.403683329516, '2025-05-23 14:00:00+00:00': 11151.631994387146, '2025-05-23 16:00:00+00:00': 11192.263062348311, '2025-05-23 17:00:00+00:00': 11174.148410705468, '2025-05-23 19:00:00+00:00': 11194.757106357642, '2025-05-23 20:00:00+00:00': 11183.476872288007, '2025-05-23 21:00:00+00:00': 11170.467463690622, '2025-05-23 23:00:00+00:00': 11150.085011206309, '2025-05-24 00:00:00+00:00': 11145.308155580238, '2025-05-24 06:00:00+00:00': 11131.793237806613, '2025-05-24 11:00:00+00:00': 11145.744942538651, '2025-05-24 13:00:00+00:00': 11146.082792062944, '2025-05-24 23:00:00+00:00': 11147.829187388661, '2025-05-25 13:00:00+00:00': 11139.0083652534, '2025-05-25 17:00:00+00:00': 11128.873733704875, '2025-05-25 18:00:00+00:00': 11118.567217775166, '2025-05-25 19:00:00+00:00': 11123.010336986388, '2025-05-25 23:00:00+00:00': 11350.357275761899, '2025-05-26 01:00:00+00:00': 11360.391887578713, '2025-05-26 09:00:00+00:00': 11362.842361738189, '2025-05-26 16:00:00+00:00': 11385.631531928228, '2025-05-26 21:00:00+00:00': 11399.614696332039, '2025-05-27 02:00:00+00:00': 11421.290171403449, '2025-05-27 04:00:00+00:00': 11463.333567043825, '2025-05-27 08:00:00+00:00': 11505.993692041506, '2025-05-27 11:00:00+00:00': 11493.483221336708, '2025-05-27 12:00:00+00:00': 11483.015377798827, '2025-05-27 15:00:00+00:00': 11479.35650408822, '2025-05-27 18:00:00+00:00': 11467.645133154443, '2025-05-27 19:00:00+00:00': 11471.417803696952, '2025-05-27 20:00:00+00:00': 11460.273660634422, '2025-05-27 21:00:00+00:00': 11444.385006152423, '2025-05-27 22:00:00+00:00': 11451.955428687634, '2025-05-28 00:00:00+00:00': 11433.160920049688, '2025-05-28 02:00:00+00:00': 11416.008602168893, '2025-05-28 03:00:00+00:00': 11401.653763459215, '2025-05-28 05:00:00+00:00': 11385.345413138313, '2025-05-28 06:00:00+00:00': 11356.747725861407, '2025-05-28 09:00:00+00:00': 11276.490770800649, '2025-05-28 10:00:00+00:00': 11258.466079442624, '2025-05-28 11:00:00+00:00': 11237.231139683587, '2025-05-28 12:00:00+00:00': 11206.989148970988, '2025-05-28 13:00:00+00:00': 11176.989148970988, '2025-05-28 16:00:00+00:00': 11143.441415358018, '2025-05-28 17:00:00+00:00': 11128.641833125404, '2025-05-28 20:00:00+00:00': 11117.935791298694, '2025-05-28 22:00:00+00:00': 11100.47727763174, '2025-05-28 23:00:00+00:00': 11082.648234873872, '2025-05-29 03:00:00+00:00': 11024.44028478734, '2025-05-29 04:00:00+00:00': 11008.190508693866, '2025-05-29 05:00:00+00:00': 10993.452940274263, '2025-05-29 10:00:00+00:00': 10976.093208526383, '2025-05-29 11:00:00+00:00': 10957.214537914562, '2025-05-29 14:00:00+00:00': 10913.547741944194, '2025-05-29 16:00:00+00:00': 10901.763860317964, '2025-05-30 23:00:00+00:00': 10920.263860317964, '2025-05-31 00:00:00+00:00': 10890.263860317964, '2025-05-31 01:00:00+00:00': 10860.263860317964, '2025-05-31 02:00:00+00:00': 10874.354769408874, '2025-05-31 03:00:00+00:00': 10882.706485095148, '2025-05-31 04:00:00+00:00': 10803.68687725201, '2025-05-31 05:00:00+00:00': 10743.68687725201, '2025-05-31 06:00:00+00:00': 11109.029177808598, '2025-05-31 07:00:00+00:00': 11031.392814172234, '2025-05-31 08:00:00+00:00': 10992.479770693973, '2025-05-31 09:00:00+00:00': 10963.745493964414, '2025-05-31 10:00:00+00:00': 10906.102612614304, '2025-05-31 11:00:00+00:00': 10795.778498258765, '2025-05-31 12:00:00+00:00': 10658.730003275487, '2025-05-31 13:00:00+00:00': 10523.008659401969, '2025-05-31 14:00:00+00:00': 10616.404008239178, '2025-05-31 15:00:00+00:00': 10557.36727538615, '2025-05-31 16:00:00+00:00': 10498.601745040532, '2025-05-31 17:00:00+00:00': 10430.012527195375, '2025-05-31 18:00:00+00:00': 10527.725389514215, '2025-05-31 19:00:00+00:00': 10510.246050944166, '2025-05-31 20:00:00+00:00': 10482.89530464658, '2025-05-31 21:00:00+00:00': 10454.025773547188, '2025-05-31 22:00:00+00:00': 10445.61641030858, '2025-05-31 23:00:00+00:00': 10425.408939166738, '2025-06-01 00:00:00+00:00': 10404.853505977022, '2025-06-01 01:00:00+00:00': 10375.332242816625, '2025-06-01 02:00:00+00:00': 10347.062280515398, '2025-06-01 03:00:00+00:00': 10288.481414148551, '2025-06-01 04:00:00+00:00': 10209.883818719127, '2025-06-01 05:00:00+00:00': 10160.423162328481, '2025-06-01 06:00:00+00:00': 10100.558514244942, '2025-06-01 07:00:00+00:00': 10048.574479783902, '2025-06-01 08:00:00+00:00': 9982.82881283715, '2025-06-01 09:00:00+00:00': 9874.798216621673, '2025-06-01 10:00:00+00:00': 9883.10238328834, '2025-06-01 11:00:00+00:00': 9841.76869455629, '2025-06-01 12:00:00+00:00': 9797.163373402316, '2025-06-01 13:00:00+00:00': 9735.327880301153, '2025-06-01 14:00:00+00:00': 9659.902886122623, '2025-06-01 15:00:00+00:00': 9559.199951191607, '2025-06-01 16:00:00+00:00': 9479.328532998486, '2025-06-01 17:00:00+00:00': 9440.835463794978, '2025-06-01 18:00:00+00:00': 9416.088670537298, '2025-06-01 19:00:00+00:00': 9425.652524020757, '2025-06-01 20:00:00+00:00': 9373.035391374706, '2025-06-02 01:00:00+00:00': 9302.297952133236, '2025-06-02 02:00:00+00:00': 9266.547952133236, '2025-06-02 03:00:00+00:00': 9206.547952133236, '2025-06-02 04:00:00+00:00': 9215.83366641895, '2025-06-02 05:00:00+00:00': 9167.112736186393, '2025-06-02 06:00:00+00:00': 9107.112736186393, '2025-06-02 07:00:00+00:00': 9025.067281640939, '2025-06-02 08:00:00+00:00': 8941.9720435457, '2025-06-02 09:00:00+00:00': 8894.0970435457, '2025-06-02 10:00:00+00:00': 8893.243385009115, '2025-06-02 11:00:00+00:00': 8833.243385009115, '2025-06-02 12:00:00+00:00': 8763.57852993665, '2025-06-02 13:00:00+00:00': 8703.57852993665, '2025-06-02 14:00:00+00:00': 8643.129871287252, '2025-06-02 15:00:00+00:00': 8554.344111064478, '2025-06-02 16:00:00+00:00': 8456.317424804896, '2025-06-02 17:00:00+00:00': 8420.372115413591, '2025-06-02 18:00:00+00:00': 8373.478438918566, '2025-06-02 19:00:00+00:00': 8333.159289982395, '2025-06-03 01:00:00+00:00': 8330.088652431641, '2025-06-03 02:00:00+00:00': 8280.123456290139, '2025-06-03 03:00:00+00:00': 8300.32077727385, '2025-06-03 04:00:00+00:00': 8295.708221698826, '2025-06-03 05:00:00+00:00': 8271.701044299592, '2025-06-03 06:00:00+00:00': 8234.460636227424, '2025-06-03 07:00:00+00:00': 8194.881476888326, '2025-06-03 08:00:00+00:00': 8190.95598446582, '2025-06-03 09:00:00+00:00': 8165.787868044238, '2025-06-03 10:00:00+00:00': 8122.094592619576, '2025-06-30 20:00:00+00:00': 8115.915826865635, '2025-06-30 21:00:00+00:00': 8084.967240390393, '2025-06-30 22:00:00+00:00': 8148.99562393613, '2025-06-30 23:00:00+00:00': 8114.66990938464, '2025-07-01 00:00:00+00:00': 8085.622447206193, '2025-07-01 01:00:00+00:00': 8057.459883313678, '2025-07-01 02:00:00+00:00': 8025.236929227479, '2025-07-01 03:00:00+00:00': 7989.363589691231, '2025-07-01 04:00:00+00:00': 7954.444186402019, '2025-07-01 05:00:00+00:00': 8019.380735424243, '2025-07-01 06:00:00+00:00': 7976.715000891558, '2025-07-01 07:00:00+00:00': 7947.6142776687475, '2025-07-01 08:00:00+00:00': 7916.042196003938, '2025-07-01 09:00:00+00:00': 7888.001034280052, '2025-07-01 10:00:00+00:00': 7827.779837868711, '2025-07-01 11:00:00+00:00': 7771.093946796416, '2025-07-01 12:00:00+00:00': 7730.556187367713, '2025-07-01 13:00:00+00:00': 7677.731849347322, '2025-07-01 14:00:00+00:00': 7633.408370978772, '2025-07-01 15:00:00+00:00': 7662.057734507239, '2025-07-01 16:00:00+00:00': 7617.240104759472, '2025-07-01 17:00:00+00:00': 7626.320836726646, '2025-07-01 18:00:00+00:00': 7593.162743361725, '2025-07-01 19:00:00+00:00': 7624.573892315471, '2025-07-01 20:00:00+00:00': 7620.716048033843, '2025-07-01 21:00:00+00:00': 7622.707301854051, '2025-07-01 22:00:00+00:00': 7581.3962710234455, '2025-07-01 23:00:00+00:00': 7554.177683208856, '2025-07-02 00:00:00+00:00': 7524.341809523278, '2025-07-02 01:00:00+00:00': 7520.608057437741, '2025-07-02 02:00:00+00:00': 7503.42774471812, '2025-07-02 03:00:00+00:00': 7477.818697465961, '2025-07-02 04:00:00+00:00': 7458.527030113947, '2025-07-02 05:00:00+00:00': 7438.8952737594445, '2025-07-02 06:00:00+00:00': 7404.371336087485, '2025-07-02 07:00:00+00:00': 7381.094201610827, '2025-07-02 08:00:00+00:00': 7353.725091246667, '2025-07-02 09:00:00+00:00': 7328.522884461207, '2025-07-02 10:00:00+00:00': 7287.85447284443, '2025-07-02 11:00:00+00:00': 7249.457001212975, '2025-07-02 12:00:00+00:00': 7214.079284163866, '2025-07-02 13:00:00+00:00': 7198.674804006464, '2025-07-02 14:00:00+00:00': 7168.601000946286, '2025-07-02 15:00:00+00:00': 7144.273176135723, '2025-07-02 16:00:00+00:00': 7130.187349533347, '2025-07-02 17:00:00+00:00': 7132.026298661764, '2025-07-02 18:00:00+00:00': 7102.0612412530945, '2025-07-02 19:00:00+00:00': 7080.440431185357, '2025-07-02 20:00:00+00:00': 7053.161832093653, '2025-07-02 21:00:00+00:00': 7053.5304965823625, '2025-07-02 22:00:00+00:00': 7024.158477807971, '2025-07-02 23:00:00+00:00': 7003.699480155004, '2025-07-03 00:00:00+00:00': 7061.440147699046, '2025-07-03 01:00:00+00:00': 7036.204030179487, '2025-07-03 02:00:00+00:00': 7009.8508321210065, '2025-07-03 03:00:00+00:00': 6987.965553689084, '2025-07-03 04:00:00+00:00': 6955.119507666478, '2025-07-03 05:00:00+00:00': 6930.698889309852, '2025-07-03 06:00:00+00:00': 6910.713006274456, '2025-07-03 07:00:00+00:00': 6886.648412404009, '2025-07-03 08:00:00+00:00': 6870.574549241599, '2025-07-03 09:00:00+00:00': 6844.089191001092, '2025-07-03 10:00:00+00:00': 6820.241885365682, '2025-07-03 11:00:00+00:00': 6805.518981660958, '2025-07-03 12:00:00+00:00': 6792.608835099413, '2025-07-03 13:00:00+00:00': 6786.056760642706, '2025-07-03 14:00:00+00:00': 6791.897547915334, '2025-07-03 15:00:00+00:00': 6900.677508910911, '2025-07-03 16:00:00+00:00': 6940.008523841544, '2025-07-03 17:00:00+00:00': 6912.839748692664, '2025-07-03 18:00:00+00:00': 6889.999065229167, '2025-07-03 19:00:00+00:00': 6874.39486