number,value,params_BTC_VS_ETH_WEIGHT,params_CONVERGENCE_THRESHOLD,params_DAILY_LOSS_LIMIT,params_FIXED_TRADE_PCT,params_MAX_CONCURRENT_POSITIONS,params_MAX_DRAWDOWN_LIMIT,params_MAX_HOLD_HOURS,params_MAX_POSITION_PCT,params_MIN_DIV,params_MIN_TIME_BETWEEN_TRADES,params_STOP_LOSS_PCT,params_STRIKE_SELECTION_STRATEGY,params_TAKE_PROFIT_PCT,params_TRAIL_PCT,state,user_attrs_cooldown_trades_pct,user_attrs_equity_curves,user_attrs_total_trades
45,-0.9998884420782801,0.5,0.5,0.05,0.065,1.0,0.15,48.0,0.6,0.025,0.5,0.015,furthest,0.03,0.25,COMPLETE,13.003095975232199,"[{'2025-05-01 00:00:00+00:00': 10000.0, '2025-05-01 01:00:00+00:00': 9984.068693631212, '2025-05-01 02:00:00+00:00': 10002.970872596974, '2025-05-01 03:00:00+00:00': 9994.237326804028, '2025-05-01 04:00:00+00:00': 9982.988170085644, '2025-05-01 05:00:00+00:00': 9976.568596851075, '2025-05-01 06:00:00+00:00': 9973.4786086723, '2025-05-01 07:00:00+00:00': 9974.326533681953, '2025-05-01 08:00:00+00:00': 9967.398186490176, '2025-05-01 11:00:00+00:00': 9947.566501260075, '2025-05-01 12:00:00+00:00': 9935.73641120011, '2025-05-01 19:00:00+00:00': 9894.12827231242, '2025-05-01 21:00:00+00:00': 9871.679748379538, '2025-05-01 22:00:00+00:00': 9859.536036298332, '2025-05-01 23:00:00+00:00': 9843.26731731559, '2025-05-02 04:00:00+00:00': 9776.183512450134, '2025-05-02 05:00:00+00:00': 9754.394016247395, '2025-05-02 06:00:00+00:00': 9736.995426964024, '2025-05-02 07:00:00+00:00': 9722.892632622796, '2025-05-02 12:00:00+00:00': 9688.489032816191, '2025-05-02 13:00:00+00:00': 9678.43074253154, '2025-05-02 14:00:00+00:00': 9704.84012548915, '2025-05-02 15:00:00+00:00': 9703.720914867832, '2025-05-03 00:00:00+00:00': 9668.321900431883, '2025-05-03 01:00:00+00:00': 9660.224785853612, '2025-05-03 03:00:00+00:00': 9651.312778402402, '2025-05-03 06:00:00+00:00': 9643.20279069957, '2025-05-03 12:00:00+00:00': 9613.215963111328, '2025-05-03 19:00:00+00:00': 9520.153319739486, '2025-05-03 20:00:00+00:00': 9506.001251914626, '2025-05-03 21:00:00+00:00': 9490.097562171803, '2025-05-04 02:00:00+00:00': 9437.649156016596, '2025-05-04 03:00:00+00:00': 9429.901264365239, '2025-05-04 04:00:00+00:00': 9419.256915698394, '2025-05-04 09:00:00+00:00': 9372.683780946545, '2025-05-04 14:00:00+00:00': 9305.33911280201, '2025-05-04 15:00:00+00:00': 9303.680922725991, '2025-05-04 18:00:00+00:00': 9242.848722337054, '2025-05-04 21:00:00+00:00': 9195.025718200503, '2025-05-04 22:00:00+00:00': 9184.406216910364, '2025-05-05 01:00:00+00:00': 9217.586048875846, '2025-05-05 02:00:00+00:00': 9221.100567718671, '2025-05-05 03:00:00+00:00': 9219.217831779846, '2025-05-05 04:00:00+00:00': 9210.860195830333, '2025-05-05 05:00:00+00:00': 9212.978912177474, '2025-05-05 08:00:00+00:00': 9176.284302562275, '2025-05-05 09:00:00+00:00': 9166.825246708928, '2025-05-05 10:00:00+00:00': 9152.602453765268, '2025-05-05 15:00:00+00:00': 9099.188011161785, '2025-05-05 16:00:00+00:00': 9089.335649261502, '2025-05-05 17:00:00+00:00': 9119.827922138695, '2025-05-05 18:00:00+00:00': 9122.478145110772, '2025-05-05 19:00:00+00:00': 9128.494094132693, '2025-05-05 22:00:00+00:00': 9146.912057313533, '2025-05-05 23:00:00+00:00': 9141.592907201772, '2025-05-06 00:00:00+00:00': 9131.151805383204, '2025-05-06 01:00:00+00:00': 9104.496758241265, '2025-05-06 02:00:00+00:00': 9092.547100182739, '2025-05-06 06:00:00+00:00': 9051.139205054822, '2025-05-06 07:00:00+00:00': 9044.157550230446, '2025-05-06 08:00:00+00:00': 9032.350869052834, '2025-05-06 09:00:00+00:00': 9020.07339971861, '2025-05-06 13:00:00+00:00': 8997.366536635576, '2025-05-06 14:00:00+00:00': 8985.552590627449, '2025-05-06 15:00:00+00:00': 9029.549691232884, '2025-05-06 16:00:00+00:00': 9029.967307029447, '2025-05-06 17:00:00+00:00': 9028.05029463838, '2025-05-06 20:00:00+00:00': 9019.565241992075, '2025-05-06 21:00:00+00:00': 9011.708706008363, '2025-05-06 22:00:00+00:00': 9012.899211170774, '2025-05-06 23:00:00+00:00': 9015.630147947204, '2025-05-07 00:00:00+00:00': 9028.255696558617, '2025-05-07 03:00:00+00:00': 9026.770052219903, '2025-05-07 04:00:00+00:00': 9018.837409481033, '2025-05-07 05:00:00+00:00': 9004.18148971376, '2025-05-07 06:00:00+00:00': 8985.677084274515, '2025-05-07 07:00:00+00:00': 8973.30279198544, '2025-05-07 11:00:00+00:00': 8928.498008707296, '2025-05-07 12:00:00+00:00': 8908.548697802078, '2025-05-07 13:00:00+00:00': 8900.411508308327, '2025-05-07 14:00:00+00:00': 8892.245987149334, '2025-05-07 15:00:00+00:00': 8889.20288029448, '2025-05-07 18:00:00+00:00': 8855.572028655084, '2025-05-07 19:00:00+00:00': 8844.617088708384, '2025-05-07 20:00:00+00:00': 8842.194933839035, '2025-05-07 21:00:00+00:00': 8857.06678825599, '2025-05-07 22:00:00+00:00': 8856.8876178275, '2025-05-07 23:00:00+00:00': 8845.003999655257, '2025-05-08 00:00:00+00:00': 8832.647923061924, '2025-05-08 01:00:00+00:00': 8835.07242803809, '2025-05-08 02:00:00+00:00': 8824.739600517027, '2025-05-08 03:00:00+00:00': 8840.799856034837, '2025-05-08 04:00:00+00:00': 8832.996572307196, '2025-05-08 05:00:00+00:00': 8826.756919343978, '2025-05-08 06:00:00+00:00': 8812.0510772013, '2025-05-08 07:00:00+00:00': 8801.954772653376, '2025-05-08 08:00:00+00:00': 8791.38924135614, '2025-05-08 11:00:00+00:00': 8760.389262282159, '2025-05-08 12:00:00+00:00': 8740.117954355428, '2025-05-08 13:00:00+00:00': 8727.084733681842, '2025-05-08 14:00:00+00:00': 8718.894276202873, '2025-05-08 15:00:00+00:00': 8710.932460971337, '2025-05-08 18:00:00+00:00': 8708.458838419772, '2025-05-08 19:00:00+00:00': 8703.584520138755, '2025-05-08 20:00:00+00:00': 8693.374169631588, '2025-05-08 21:00:00+00:00': 8695.724688992792, '2025-05-08 22:00:00+00:00': 8693.506263893016, '2025-05-08 23:00:00+00:00': 8687.578419114221, '2025-05-09 00:00:00+00:00': 8680.678475962077, '2025-05-09 02:00:00+00:00': 8671.619518605095, '2025-05-09 03:00:00+00:00': 8708.116438366278, '2025-05-09 04:00:00+00:00': 8698.293270844362, '2025-05-09 05:00:00+00:00': 8691.967638910459, '2025-05-09 06:00:00+00:00': 8682.105501744833, '2025-05-09 07:00:00+00:00': 8677.901758847345, '2025-05-09 08:00:00+00:00': 8676.447024884534, '2025-05-09 11:00:00+00:00': 8829.48274994297, '2025-05-09 14:00:00+00:00': 8828.902675248284, '2025-05-09 15:00:00+00:00': 8818.290907931767, '2025-05-09 18:00:00+00:00': 8811.787423751372, '2025-05-10 00:00:00+00:00': 8798.046021295393, '2025-05-10 03:00:00+00:00': 8775.692449051949, '2025-05-10 04:00:00+00:00': 8764.833084538677, '2025-05-10 05:00:00+00:00': 8753.558825198661, '2025-05-10 06:00:00+00:00': 8752.855505072463, '2025-05-10 07:00:00+00:00': 8748.688655580601, '2025-05-10 10:00:00+00:00': 8729.367886621854, '2025-05-10 11:00:00+00:00': 8722.279457996703, '2025-05-10 13:00:00+00:00': 8714.338352852776, '2025-05-10 14:00:00+00:00': 8706.986575090883, '2025-05-10 15:00:00+00:00': 8699.726899393821, '2025-05-10 18:00:00+00:00': 8689.82429218056, '2025-05-10 19:00:00+00:00': 8679.288998351312, '2025-05-10 20:00:00+00:00': 8671.788343987153, '2025-05-10 21:00:00+00:00': 8662.188501376715, '2025-05-10 22:00:00+00:00': 8657.47178326502, '2025-05-11 01:00:00+00:00': 8660.84705273813, '2025-05-11 04:00:00+00:00': 8658.411002428547, '2025-05-11 05:00:00+00:00': 8655.254593543277, '2025-05-11 09:00:00+00:00': 8651.136634800672, '2025-05-11 10:00:00+00:00': 8647.641653478478, '2025-05-11 13:00:00+00:00': 8628.265520835203, '2025-05-11 16:00:00+00:00': 8620.747236997, '2025-05-11 19:00:00+00:00': 8617.08648055874, '2025-05-12 00:00:00+00:00': 8611.553697741518, '2025-05-12 01:00:00+00:00': 8607.092580820059, '2025-05-12 07:00:00+00:00': 8599.310457396396, '2025-05-12 08:00:00+00:00': 8596.472930425292, '2025-05-12 09:00:00+00:00': 8589.337759799599, '2025-05-12 11:00:00+00:00': 8576.52307180486, '2025-05-12 12:00:00+00:00': 8576.347158763365, '2025-05-12 15:00:00+00:00': 8599.792184791899, '2025-05-12 16:00:00+00:00': 8599.52159351209, '2025-05-12 17:00:00+00:00': 8597.133472049525, '2025-05-12 19:00:00+00:00': 8608.11166076017, '2025-05-12 20:00:00+00:00': 8592.633083149343, '2025-05-12 21:00:00+00:00': 8605.558848241424, '2025-05-12 23:00:00+00:00': 8603.146394794432, '2025-05-13 01:00:00+00:00': 8602.590287810202, '2025-05-13 03:00:00+00:00': 8599.499447444923, '2025-05-13 05:00:00+00:00': 8605.765320308701, '2025-05-13 06:00:00+00:00': 8598.004287984331, '2025-05-13 07:00:00+00:00': 8590.4678105998, '2025-05-13 08:00:00+00:00': 8593.030811990197, '2025-05-13 10:00:00+00:00': 8598.223258746151, '2025-05-13 11:00:00+00:00': 8590.971170595605, '2025-05-13 12:00:00+00:00': 8590.874283700898, '2025-05-13 16:00:00+00:00': 8595.134231243464, '2025-05-13 17:00:00+00:00': 8592.66187896373, '2025-05-13 18:00:00+00:00': 8595.56457442596, '2025-05-13 19:00:00+00:00': 8585.00693954695, '2025-05-13 20:00:00+00:00': 8580.328084615418, '2025-05-13 21:00:00+00:00': 8564.898356710952, '2025-05-13 22:00:00+00:00': 8551.246461308363, '2025-05-13 23:00:00+00:00': 8544.117360331617, '2025-05-14 02:00:00+00:00': 8515.60605679214, '2025-05-14 03:00:00+00:00': 8506.683194639416, '2025-05-14 05:00:00+00:00': 8501.041026754452, '2025-05-30 23:00:00+00:00': 8519.541026754452, '2025-05-31 00:00:00+00:00': 8489.541026754452, '2025-05-31 01:00:00+00:00': 8459.541026754452, '2025-05-31 02:00:00+00:00': 8473.631935845362, '2025-05-31 03:00:00+00:00': 8481.983651531636, '2025-05-31 04:00:00+00:00': 8402.964043688498, '2025-05-31 05:00:00+00:00': 8342.964043688498, '2025-05-31 06:00:00+00:00': 8708.306344245086, '2025-05-31 07:00:00+00:00': 8630.669980608722, '2025-05-31 08:00:00+00:00': 8591.756937130462, '2025-05-31 09:00:00+00:00': 8563.0226604009, '2025-05-31 10:00:00+00:00': 8505.37977905079, '2025-05-31 11:00:00+00:00': 8395.055664695252, '2025-05-31 12:00:00+00:00': 8258.007169711973, '2025-05-31 13:00:00+00:00': 8122.285825838455, '2025-05-31 14:00:00+00:00': 8215.681174675665, '2025-05-31 15:00:00+00:00': 8156.644441822637, '2025-05-31 16:00:00+00:00': 8097.878911477022, '2025-05-31 17:00:00+00:00': 8029.289693631865, '2025-05-31 18:00:00+00:00': 8127.002555950706, '2025-05-31 19:00:00+00:00': 8109.523217380656, '2025-05-31 20:00:00+00:00': 8082.172471083069, '2025-05-31 21:00:00+00:00': 8053.302939983678, '2025-05-31 22:00:00+00:00': 8044.89357674507, '2025-05-31 23:00:00+00:00': 8024.68610560323, '2025-06-01 00:00:00+00:00': 8004.130672413514, '2025-06-01 01:00:00+00:00': 7974.609409253115, '2025-06-01 02:00:00+00:00': 7946.339446951888, '2025-06-01 03:00:00+00:00': 7887.758580585041, '2025-06-01 04:00:00+00:00': 7809.160985155618, '2025-06-01 05:00:00+00:00': 7759.700328764972, '2025-06-01 06:00:00+00:00': 7699.8356806814345, '2025-06-01 07:00:00+00:00': 7647.851646220394, '2025-06-01 08:00:00+00:00': 7582.105979273642, '2025-06-01 09:00:00+00:00': 7474.075383058167, '2025-06-01 10:00:00+00:00': 7482.379549724834, '2025-06-01 11:00:00+00:00': 7441.045860992782, '2025-06-01 12:00:00+00:00': 7396.440539838807, '2025-06-01 13:00:00+00:00': 7334.605046737643, '2025-06-01 14:00:00+00:00': 7259.180052559115, '2025-06-01 15:00:00+00:00': 7158.477117628099, '2025-06-01 16:00:00+00:00': 7078.60569943498, '2025-06-01 17:00:00+00:00': 7040.1126302314715, '2025-06-01 18:00:00+00:00': 7015.365836973792, '2025-06-01 19:00:00+00:00': 7024.929690457253, '2025-06-01 20:00:00+00:00': 6972.312557811201, '2025-06-02 01:00:00+00:00': 6901.575118569733, '2025-06-02 02:00:00+00:00': 6865.825118569733, '2025-06-02 03:00:00+00:00': 6805.825118569733, '2025-06-02 04:00:00+00:00': 6815.110832855447, '2025-06-02 05:00:00+00:00': 6766.389902622889, '2025-06-02 06:00:00+00:00': 6706.389902622889, '2025-06-02 07:00:00+00:00': 6624.344448077434, '2025-06-02 08:00:00+00:00': 6541.249209982197, '2025-06-02 09:00:00+00:00': 6493.374209982197, '2025-06-02 10:00:00+00:00': 6492.520551445611, '2025-06-02 11:00:00+00:00': 6432.520551445611, '2025-06-02 12:00:00+00:00': 6362.855696373148, '2025-06-02 13:00:00+00:00': 6302.855696373148, '2025-06-02 14:00:00+00:00': 6242.407037723749, '2025-06-02 15:00:00+00:00': 6153.621277500975, '2025-06-02 16:00:00+00:00': 6055.5945912413945, '2025-06-02 17:00:00+00:00': 6019.64928185009, '2025-06-02 18:00:00+00:00': 5972.755605355064, '2025-06-02 19:00:00+00:00': 5932.4364564188945, '2025-06-03 01:00:00+00:00': 5929.36581886814, '2025-06-03 02:00:00+00:00': 5879.400622726638, '2025-06-03 03:00:00+00:00': 5899.597943710348, '2025-06-03 04:00:00+00:00': 5894.985388135324, '2025-06-03 05:00:00+00:00': 5870.97821073609, '2025-06-03 06:00:00+00:00': 5833.737802663922, '2025-06-03 07:00:00+00:00': 5794.158643324823, '2025-06-03 08:00:00+00:00': 5790.233150902317, '2025-06-03 09:00:00+00:00': 5765.065034480735, '2025-06-03 10:00:00+00:00': 5721.371759056074, '2025-06-30 20:00:00+00:00': 5715.192993302132, '2025-06-30 21:00:00+00:00': 5684.244406826891, '2025-06-30 22:00:00+00:00': 5748.272790372627, '2025-06-30 23:00:00+00:00': 5713.947075821137, '2025-07-01 00:00:00+00:00': 5684.89961364269, '2025-07-01 01:00:00+00:00': 5656.737049750175, '2025-07-01 02:00:00+00:00': 5624.514095663976, '2025-07-01 03:00:00+00:00': 5588.640756127728, '2025-07-01 04:00:00+00:00': 5553.721352838516, '2025-07-01 05:00:00+00:00': 5618.65790186074, '2025-07-01 06:00:00+00:00': 5575.992167328055, '2025-07-01 07:00:00+00:00': 5546.891444105245, '2025-07-01 08:00:00+00:00': 5515.319362440436, '2025-07-01 09:00:00+00:00': 5487.27820071655, '2025-07-01 10:00:00+00:00': 5427.0570043052085, '2025-07-01 11:00:00+00:00': 5370.371113232914, '2025-07-01 12:00:00+00:00': 5329.833353804211, '2025-07-01 13:00:00+00:00': 5277.009015783819, '2025-07-01 14:00:00+00:00': 5232.685537415269, '2025-07-01 15:00:00+00:00': 5261.334900943736, '2025-07-01 16:00:00+00:00': 5216.517271195969, '2025-07-01 17:00:00+00:00': 5225.598003163143, '2025-07-01 18:00:00+00:00': 5192.439909798222, '2025-07-01 19:00:00+00:00': 5223.851058751969, '2025-07-01 20:00:00+00:00': 5219.993214470341, '2025-07-01 21:00:00+00:00': 5221.984468290549, '2025-07-01 22:00:00+00:00': 5180.673437459943, '2025-07-01 23:00:00+00:00': 5153.4548496453535, '2025-07-02 00:00:00+00:00': 5123.6189759597755, '2025-07-02 01:00:00+00:00': 5119.885223874238, '2025-07-02 02:00:00+00:00': 5102.704911154618, '2025-07-02 03:00:00+00:00': 5077.095863902458, '2025-07-02 04:00:00+00:00': 5057.804196550444, '2025-07-02 05:00:00+00:00': 5038.172440195942, '2025-07-02 06:00:00+00:00': 5003.648502523983, '2025-07-02 07:00:00+00:00': 4980.371368047325, '2025-07-02 08:00:00+00:00': 4953.002257683164, '2025-07-02 09:00:00+00:00': 4927.800050897704, '2025-07-02 10:00:00+00:00': 4887.131639280928, '2025-07-02 11:00:00+00:00': 4848.7341676494725, '2025-07-02 12:00:00+00:00': 4813.356450600363, '2025-07-02 13:00:00+00:00': 4797.951970442961, '2025-07-02 14:00:00+00:00': 4767.878167382783, '2025-07-02 15:00:00+00:00': 4743.55034257222, '2025-07-02 16:00:00+00:00': 4729.464515969844, '2025-07-02 17:00:00+00:00': 4731.303465098261, '2025-07-02 18:00:00+00:00': 4701.338407689592, '2025-07-02 19:00:00+00:00': 4679.717597621854, '2025-07-02 20:00:00+00:00': 4652.4389985301505, '2025-07-02 21:00:00+00:00': 4652.80766301886, '2025-07-02 22:00:00+00:00': 4623.435644244469, '2025-07-02 23:00:00+00:00': 4602.976646591501, '2025-07-03 00:00:00+00:00': 4660.717314135543, '2025-07-03 01:00:00+00:00': 4635.481196615984, '2025-07-03 02:00:00+00:00': 4609.127998557504, '2025-07-03 03:00:00+00:00': 4587.242720125581, '2025-07-03 04:00:00+00:00': 4554.396674102975, '2025-07-03 05:00:00+00:00': 4529.97605574635, '2025-07-03 06:00:00+00:00': 4509.990172710954, '2025-07-03 07:00:00+00:00': 4485.925578840506, '2025-07-03 08:00:00+00:00': 4469.851715678096, '2025-07-03 09:00:00+00:00': 4443.36635743759, '2025-07-03 10:00:00+00:00': 4419.519051802179, '2025-07-03 11:00:00+00:00': 4404.796148097455, '2025-07-03 12:00:00+00:00': 4391.8860015359105, '2025-07-03 13:00:00+00:00': 4385.333927079203, '2025-07-03 14:00:00+00:00': 4391.174714351831, '2025-07-03 15:00:00+00:00': 4499.954675347408, '2025-07-03 16:00:00+00:00': 4539.285690278041, '2025-07-03 17:00:00+00:00': 4512.1169151291615, '2025-07-03 18:00:00+00:00': 4489.276231665664, '2025-07-03 19:00:00+00:00': 4473.672029577574, '2025-07-03 20:00:00+00:00': 4460.9729568091, '2025-07-03 21:00:00+00:00': 4448.017974151595, '2025-07-03 22:00:00+00:00': 4432.577999964084, '2025-07-03 23:00:00+00:00': 4404.659082189932, '2025-07-04 00:00:00+00:00': 4374.543077440271, '2025-07-04 01:00:00+00:00': 4341.995976590917, '2025-07-04 02:00:00+00:00': 4309.809014538003, '2025-07-04 03:00:00+00:00': 4292.375522303561, '2025-07-04 04:00:00+00:00': 4259.428714135983, '2025-07-04 05:00:00+00:00': 4231.737690524103, '2025-07-04 06:00:00+00:00': 4200.206695325516, '2025-07-04 07:00:00+00:00': 4161.393325640764, '2025-07-04 08:00:00+00:00': 4134.668701912981, '2025-07-04 09:00:00+00:00': 4111.739773150209, '2025-07-04 10:00:00+00:00': 4088.766306697175, '2025-07-04 11:00:00+00:00': 4057.9581387943244, '2025-07-04 12:00:00+00:00': 4019.2934487266484, '2025-07-04 13:00:00+00:00': 3984.13619624872, '2025-07-04 14:00:00+00:00': 3997.0558831411113, '2025-07-04 15:00:00+00:00': 3964.2266640033376, '2025-07-04 16:00:00+00:00': 3933.727493965725, '2025-07-04 17:00:00+00:00': 3891.701210057558, '2025-07-04 18:00:00+00:00': 3871.2869130732397, '2025-07-04 19:00:00+00:00': 3844.334179860839, '2025-07-04 20:00:00+00:00': 3814.497061622992, '2025-07-04 21:00:00+00:00': 3794.2822215570477, '2025-07-04 22:00:00+00:00': 3770.9681456816234, '2025-07-04 23:00:00+00:00': 3749.3694223856096, '2025-07-05 00:00:00+00:00': 3702.669078871322, '2025-07-05 01:00:00+00:00': 3676.9766737385753, '2025-07-05 02:00:00+00:00': 3652.0656853663186, '2025-07-05 03:00:00+00:00': 3622.9778891603405, '2025-07-05 04:00:00+00:00': 3599.0982868638803, '2025-07-05 05:00:00+00:00': 3576.7100628904145, '2025-07-05 06:00:00+00:00': 3549.2498856991, '2025-07-05 07:00:00+00:00': 3523.1946939170857, '2025-07-05 08:00:00+00:00': 3496.2575574706434, '2025-07-05 09:00:00+00:00': 3470.134439433495, '2025-07-05 10:00:00+00:00': 3443.0107873789134, '2025-07-05 11:00:00+00:00': 3418.0684552523726, '2025-07-05 12:00:00+00:00': 3392.0496801773543, '2025-07-05 13:00:00+00:00': 3361.800801499904, '2025-07-05 14:00:00+00:00': 3334.9967228463806, '2025-07-05 15:00:00+00:00': 3299.4318728559933, '2025-07-05 16:00:00+00:00': 3267.3894418850623, '2025-07-05 17:00:00+00:00': 3226.528861982854, '2025-07-05 18:00:00+00:00': 3187.4599773302843, '2025-07-05 19:00:00+00:00': 3131.9403798706703, '2025-07-05 20:00:00+00:00': 3107.887544105173, '2025-07-05 21:00:00+00:00': 3064.231543103281, '2025-07-05 22:00:00+00:00': 3049.0320880732243, '2025-07-05 23:00:00+00:00': 3037.1976000575874, '2025-07-06 00:00:00+00:00': 3027.1577677023447, '2025-07-06 01:00:00+00:00': 3002.6598322671343, '2025-07-06 02:00:00+00:00': 2989.5183971752685, '2025-07-06 03:00:00+00:00': 2968.7876904826344, '2025-07-06 04:00:00+00:00': 2956.797297752363, '2025-07-06 05:00:00+00:00': 2940.5504065943996, '2025-07-06 06:00:00+00:00': 2919.5511780976112, '2025-07-06 07:00:00+00:00': 2907.133550978503, '2025-07-06 08:00:00+00:00': 2892.0677876763766, '2025-07-06 09:00:00+00:00': 2877.8642262497397, '2025-07-06 10:00:00+00:00': 2861.021663021349, '2025-07-06 11:00:00+00:00': 2847.672157538979, '2025-07-06 12:00:00+00:00': 2833.7188126660685, '2025-07-06 13:00:00+00:00': 2819.4787371624425, '2025-07-06 14:00:00+00:00': 2815.4372213245265, '2025-07-06 15:00:00+00:00': 2804.3591052233724, '2025-07-06 16:00:00+00:00': 2788.723467479102, '2025-07-06 17:00:00+00:00': 2775.954872451649, '2025-07-06 18:00:00+00:00': 2759.8323430115224, '2025-07-06 19:00:00+00:00': 2757.0127263859813, '2025-07-06 20:00:00+00:00': 2743.912707389746, '2025-07-06 21:00:00+00:00': 2730.756882294049}]",562.0
