number,value,params_BTC_VS_ETH_WEIGHT,params_CONVERGENCE_THRESHOLD,params_DAILY_LOSS_LIMIT,params_FIXED_TRADE_PCT,params_MAX_CONCURRENT_POSITIONS,params_MAX_DRAWDOWN_LIMIT,params_MAX_HOLD_HOURS,params_MAX_POSITION_PCT,params_MIN_DIV,params_MIN_TIME_BETWEEN_TRADES,params_STOP_LOSS_PCT,params_STRIKE_SELECTION_STRATEGY,params_TAKE_PROFIT_PCT,params_TRAIL_PCT,state,user_attrs_cooldown_trades_pct,user_attrs_equity_curves,user_attrs_total_trades
27,-0.9277248200844883,0.7,0.4,0.15,0.065,3.0,0.15,48.0,0.6,0.02,2.0,0.04,random,0.05,0.35,COMPLETE,8.242612752721618,"[{'2025-05-01 00:00:00+00:00': 10000.0, '2025-05-01 01:00:00+00:00': 9984.068693631212, '2025-05-01 03:00:00+00:00': 9975.351651239875, '2025-05-01 05:00:00+00:00': 9968.936988678457, '2025-05-01 07:00:00+00:00': 9969.78452756875, '2025-05-01 09:00:00+00:00': 9964.304939456199, '2025-05-01 11:00:00+00:00': 9958.518094730724, '2025-05-01 13:00:00+00:00': 9952.1035891308, '2025-05-01 21:00:00+00:00': 9917.794728869037, '2025-05-01 23:00:00+00:00': 9901.429880180573, '2025-05-02 01:00:00+00:00': 9894.4084442178, '2025-05-02 09:00:00+00:00': 9833.968665235958, '2025-05-02 11:00:00+00:00': 9822.41242366665, '2025-05-02 13:00:00+00:00': 9812.215098251081, '2025-05-02 21:00:00+00:00': 9789.298858439422, '2025-05-02 23:00:00+00:00': 9782.13700648861, '2025-05-03 01:00:00+00:00': 9773.94457299523, '2025-05-03 08:00:00+00:00': 9750.015934504812, '2025-05-03 10:00:00+00:00': 9742.743415784993, '2025-05-03 12:00:00+00:00': 9736.23760136849, '2025-05-03 14:00:00+00:00': 9724.698818350982, '2025-05-03 16:00:00+00:00': 9711.573930719398, '2025-05-03 20:00:00+00:00': 9675.854168088363, '2025-05-03 22:00:00+00:00': 9661.023490056883, '2025-05-04 00:00:00+00:00': 9660.17342635123, '2025-05-04 02:00:00+00:00': 9652.378017526686, '2025-05-04 04:00:00+00:00': 9641.482540023544, '2025-05-04 08:00:00+00:00': 9623.680605323756, '2025-05-04 12:00:00+00:00': 9616.842345737632, '2025-05-04 16:00:00+00:00': 9576.746430877234, '2025-05-04 20:00:00+00:00': 9539.478119780653, '2025-05-05 00:00:00+00:00': 9542.188133091306, '2025-05-05 04:00:00+00:00': 9537.172696207954, '2025-05-05 06:00:00+00:00': 9529.160320831119, '2025-05-05 08:00:00+00:00': 9514.084110854672, '2025-05-05 12:00:00+00:00': 9478.571356730796, '2025-05-05 16:00:00+00:00': 9455.33196537077, '2025-05-05 18:00:00+00:00': 9458.079685853787, '2025-05-05 20:00:00+00:00': 9440.028745749734, '2025-05-06 00:00:00+00:00': 9463.022500910143, '2025-05-06 04:00:00+00:00': 9447.330832079228, '2025-05-06 06:00:00+00:00': 9434.933300924677, '2025-05-06 08:00:00+00:00': 9422.616482161031, '2025-05-06 12:00:00+00:00': 9392.364318966866, '2025-05-06 16:00:00+00:00': 9392.878155441573, '2025-05-06 18:00:00+00:00': 9389.17529300194, '2025-05-06 20:00:00+00:00': 9378.862616988305, '2025-05-07 00:00:00+00:00': 9393.237582463824, '2025-05-07 04:00:00+00:00': 9378.09766121818, '2025-05-07 06:00:00+00:00': 9370.779451090855, '2025-05-07 08:00:00+00:00': 9368.4139107712, '2025-05-07 16:00:00+00:00': 9302.347911993274, '2025-05-07 18:00:00+00:00': 9319.892839136492, '2025-05-07 20:00:00+00:00': 9323.352014316135, '2025-05-08 00:00:00+00:00': 9316.357437506198, '2025-05-08 04:00:00+00:00': 9297.248320710736, '2025-05-08 06:00:00+00:00': 9281.758615101418, '2025-05-08 12:00:00+00:00': 9232.545316629297, '2025-05-08 16:00:00+00:00': 9228.742645963985, '2025-05-08 18:00:00+00:00': 9226.180078263445, '2025-05-08 20:00:00+00:00': 9219.749388947146, '2025-05-09 00:00:00+00:00': 9206.32248640391, '2025-05-09 06:00:00+00:00': 9179.891846188446, '2025-05-09 08:00:00+00:00': 9178.352960313186, '2025-05-09 14:00:00+00:00': 9170.405672518455, '2025-05-09 20:00:00+00:00': 9149.026061587087, '2025-05-09 22:00:00+00:00': 9128.910227155327, '2025-05-10 00:00:00+00:00': 9126.6759555525, '2025-05-10 02:00:00+00:00': 9123.583569648508, '2025-05-10 04:00:00+00:00': 9118.06559398497, '2025-05-10 08:00:00+00:00': 9115.585369377583, '2025-05-10 10:00:00+00:00': 9108.32042416161, '2025-05-10 12:00:00+00:00': 9099.333352366491, '2025-05-10 14:00:00+00:00': 9091.656776833242, '2025-05-10 17:00:00+00:00': 9084.596372712645, '2025-05-10 21:00:00+00:00': 9063.537831813319, '2025-05-10 23:00:00+00:00': 9054.027210109623, '2025-05-11 01:00:00+00:00': 9049.747510736968, '2025-05-11 03:00:00+00:00': 9043.087792968867, '2025-05-11 05:00:00+00:00': 9039.526594390047, '2025-05-11 09:00:00+00:00': 9022.051456281552, '2025-05-11 11:00:00+00:00': 9016.116963657423, '2025-05-11 13:00:00+00:00': 9011.91286860932, '2025-05-11 15:00:00+00:00': 9001.537665900612, '2025-05-11 18:00:00+00:00': 8993.041643064429, '2025-05-12 00:00:00+00:00': 8982.106516997665, '2025-05-12 02:00:00+00:00': 8989.303259113076, '2025-05-12 04:00:00+00:00': 8984.897758367759, '2025-05-12 07:00:00+00:00': 8980.400009015375, '2025-05-12 09:00:00+00:00': 8975.219406175735, '2025-05-12 11:00:00+00:00': 8961.829009897134, '2025-05-12 13:00:00+00:00': 8957.148553170124, '2025-05-12 17:00:00+00:00': 8992.309348745668, '2025-05-12 19:00:00+00:00': 9003.792160929052, '2025-05-12 21:00:00+00:00': 9017.336426264705, '2025-05-12 23:00:00+00:00': 9014.808536475342, '2025-05-13 01:00:00+00:00': 9014.225819669355, '2025-05-13 03:00:00+00:00': 9010.98708202255, '2025-05-13 05:00:00+00:00': 9017.552778058482, '2025-05-13 07:00:00+00:00': 9009.648550484342, '2025-05-13 09:00:00+00:00': 9005.431596183842, '2025-05-13 11:00:00+00:00': 8997.836052104103, '2025-05-13 13:00:00+00:00': 8990.431049373366, '2025-05-13 16:00:00+00:00': 8994.889124697323, '2025-05-13 18:00:00+00:00': 8997.927696936436, '2025-05-13 20:00:00+00:00': 8993.023798934391, '2025-05-13 22:00:00+00:00': 8980.62792361051, '2025-05-14 00:00:00+00:00': 8971.325835558908, '2025-05-14 02:00:00+00:00': 8962.260660260328, '2025-05-14 04:00:00+00:00': 8954.053797947705, '2025-05-14 08:00:00+00:00': 8941.65827863559, '2025-05-14 11:00:00+00:00': 8939.124871556936, '2025-05-14 13:00:00+00:00': 8933.300725558449, '2025-05-14 15:00:00+00:00': 8938.981085649682, '2025-05-14 17:00:00+00:00': 8928.768137130504, '2025-05-14 19:00:00+00:00': 8921.710644825638, '2025-05-14 21:00:00+00:00': 8916.338685527944, '2025-05-14 23:00:00+00:00': 8908.117325333973, '2025-05-15 01:00:00+00:00': 8903.635984440436, '2025-05-15 04:00:00+00:00': 8905.509797493487, '2025-05-15 06:00:00+00:00': 8906.687542332462, '2025-05-15 09:00:00+00:00': 8910.519955616459, '2025-05-15 11:00:00+00:00': 8911.35359337802, '2025-05-15 13:00:00+00:00': 8912.450735202896, '2025-05-15 16:00:00+00:00': 8954.687185714582, '2025-05-15 18:00:00+00:00': 8951.399587957274, '2025-05-15 20:00:00+00:00': 8952.77576132851, '2025-05-15 22:00:00+00:00': 8944.527518965146, '2025-05-16 00:00:00+00:00': 8936.65001792701, '2025-05-16 02:00:00+00:00': 8930.80670943407, '2025-05-16 04:00:00+00:00': 8911.36196314225, '2025-05-16 06:00:00+00:00': 8902.460123161924, '2025-05-16 10:00:00+00:00': 8900.302678875707, '2025-05-16 13:00:00+00:00': 8896.898585474017, '2025-05-16 15:00:00+00:00': 8877.369447106945, '2025-05-16 17:00:00+00:00': 8868.201762788292, '2025-05-16 20:00:00+00:00': 8851.291287674709, '2025-05-17 00:00:00+00:00': 8842.162911302252, '2025-05-17 02:00:00+00:00': 8828.214831136534, '2025-05-17 04:00:00+00:00': 8833.064426439523, '2025-05-17 06:00:00+00:00': 8820.170965829697, '2025-05-17 08:00:00+00:00': 8813.584287689933, '2025-05-17 11:00:00+00:00': 8807.308390422397, '2025-05-17 13:00:00+00:00': 8800.71743902621, '2025-05-17 15:00:00+00:00': 8800.88411206264, '2025-05-17 17:00:00+00:00': 8790.026648522064, '2025-05-17 19:00:00+00:00': 8780.140320894872, '2025-05-17 21:00:00+00:00': 8779.273540712007, '2025-05-17 23:00:00+00:00': 8764.530084890015, '2025-05-18 01:00:00+00:00': 8758.9480271594, '2025-05-18 05:00:00+00:00': 8745.385765521902, '2025-05-18 07:00:00+00:00': 8726.083831405065, '2025-05-18 09:00:00+00:00': 8718.893183436532, '2025-05-18 11:00:00+00:00': 8720.890484040936, '2025-05-18 13:00:00+00:00': 8713.88173097051, '2025-05-18 15:00:00+00:00': 8737.888577319982, '2025-05-18 17:00:00+00:00': 8742.7752077086, '2025-05-18 19:00:00+00:00': 8736.157889592321, '2025-05-18 21:00:00+00:00': 8741.76416689902, '2025-05-18 23:00:00+00:00': 8853.449560157447, '2025-05-19 01:00:00+00:00': 8856.428557303934, '2025-05-19 03:00:00+00:00': 8840.708072658144, '2025-05-19 05:00:00+00:00': 8873.156506891193, '2025-05-19 07:00:00+00:00': 8894.266259820737, '2025-05-19 09:00:00+00:00': 8887.666548682751, '2025-05-19 12:00:00+00:00': 8876.649482653056, '2025-05-19 14:00:00+00:00': 8906.971528151997, '2025-05-19 16:00:00+00:00': 8923.240482534851, '2025-05-19 18:00:00+00:00': 8914.345657681222, '2025-05-19 20:00:00+00:00': 8926.36879327054, '2025-05-19 22:00:00+00:00': 8917.390264803287, '2025-05-20 00:00:00+00:00': 8911.290104484442, '2025-05-20 02:00:00+00:00': 8947.035895799616, '2025-05-20 04:00:00+00:00': 8933.655711568483, '2025-05-20 06:00:00+00:00': 8912.547187393555, '2025-05-20 08:00:00+00:00': 8916.586594881846, '2025-05-20 10:00:00+00:00': 8905.454371483112, '2025-05-20 12:00:00+00:00': 8897.544694590752, '2025-05-20 14:00:00+00:00': 8897.15898726332, '2025-05-20 16:00:00+00:00': 8901.789155402406, '2025-05-20 18:00:00+00:00': 8945.402140479368, '2025-05-20 20:00:00+00:00': 9061.373014265775, '2025-05-20 22:00:00+00:00': 9049.197217459367, '2025-05-21 00:00:00+00:00': 9032.896851571533, '2025-05-21 02:00:00+00:00': 9022.32447878227, '2025-05-21 04:00:00+00:00': 9007.3545025811, '2025-05-21 06:00:00+00:00': 8994.166876872745, '2025-05-21 10:00:00+00:00': 9050.138813694148, '2025-05-21 12:00:00+00:00': 9039.616142578645, '2025-05-21 14:00:00+00:00': 9050.921987146925, '2025-05-21 16:00:00+00:00': 9036.014039677662, '2025-05-21 18:00:00+00:00': 10114.585468249092, '2025-05-21 20:00:00+00:00': 10194.656390234908, '2025-05-21 23:00:00+00:00': 10187.457323963348, '2025-05-22 01:00:00+00:00': 10193.878723151407, '2025-05-22 03:00:00+00:00': 10200.389573293003, '2025-05-22 06:00:00+00:00': 10221.430179382734, '2025-05-22 09:00:00+00:00': 10257.651158707284, '2025-05-22 12:00:00+00:00': 10304.527624002889, '2025-05-22 14:00:00+00:00': 10324.960856765603, '2025-05-22 16:00:00+00:00': 10322.668146049187, '2025-05-22 18:00:00+00:00': 10320.06475395998, '2025-05-22 20:00:00+00:00': 10284.607627872188, '2025-05-23 00:00:00+00:00': 10280.881322681953, '2025-05-23 02:00:00+00:00': 10263.755343277464, '2025-05-23 06:00:00+00:00': 10245.62927616675, '2025-05-23 10:00:00+00:00': 10249.306214421544, '2025-05-23 12:00:00+00:00': 10384.647123512454, '2025-05-23 14:00:00+00:00': 10490.21907658463, '2025-05-23 16:00:00+00:00': 10530.850144545795, '2025-05-23 19:00:00+00:00': 10551.458840197969, '2025-05-23 21:00:00+00:00': 10539.18463952512, '2025-05-23 23:00:00+00:00': 10519.95407188444, '2025-05-24 04:00:00+00:00': 10530.012920011966, '2025-05-24 06:00:00+00:00': 10517.244115705922, '2025-05-24 08:00:00+00:00': 10508.2599556698, '2025-05-24 11:00:00+00:00': 10533.780968896865, '2025-05-24 13:00:00+00:00': 10534.100268585464, '2025-05-24 15:00:00+00:00': 10538.24459997892, '2025-05-24 23:00:00+00:00': 10539.895757740262, '2025-05-25 10:00:00+00:00': 10534.747046962208, '2025-05-25 12:00:00+00:00': 10528.875975257573, '2025-05-25 14:00:00+00:00': 10528.537516655357, '2025-05-25 17:00:00+00:00': 10518.958311309845, '2025-05-25 19:00:00+00:00': 10523.161819265466, '2025-05-25 23:00:00+00:00': 10750.508758040976, '2025-05-26 01:00:00+00:00': 10760.013056416727, '2025-05-26 09:00:00+00:00': 10762.33402687367, '2025-05-26 16:00:00+00:00': 10783.918825286992, '2025-05-26 21:00:00+00:00': 10797.163001460134, '2025-05-27 02:00:00+00:00': 10817.692961789004, '2025-05-27 04:00:00+00:00': 10857.514430141797, '2025-05-27 08:00:00+00:00': 10897.92003467603, '2025-05-27 11:00:00+00:00': 10886.070722657778, '2025-05-27 14:00:00+00:00': 10895.180036976988, '2025-05-27 18:00:00+00:00': 10884.064649563254, '2025-05-27 20:00:00+00:00': 10873.491102715587, '2025-05-27 22:00:00+00:00': 10881.061525250798, '2025-05-28 00:00:00+00:00': 10863.203945722147, '2025-05-28 02:00:00+00:00': 10846.051627841352, '2025-05-28 05:00:00+00:00': 10830.537982784677, '2025-05-28 07:00:00+00:00': 10815.694232784677, '2025-05-28 09:00:00+00:00': 10781.834468897237, '2025-05-28 13:00:00+00:00': 10730.5995291382, '2025-05-28 15:00:00+00:00': 10721.00051175515, '2025-05-28 17:00:00+00:00': 10706.76197244081, '2025-05-28 20:00:00+00:00': 10696.461789972507, '2025-05-28 22:00:00+00:00': 10679.665117653672, '2025-05-29 03:00:00+00:00': 10643.575533788402, '2025-05-29 05:00:00+00:00': 10629.326105371032, '2025-05-29 10:00:00+00:00': 10612.541365321435, '2025-05-29 12:00:00+00:00': 10593.08332842056, '2025-05-29 14:00:00+00:00': 10580.84107372678, '2025-05-30 23:00:00+00:00': 10587.916431468648, '2025-05-31 01:00:00+00:00': 10557.916431468648, '2025-05-31 03:00:00+00:00': 10566.268147154922, '2025-05-31 05:00:00+00:00': 10872.222692609468, '2025-05-31 06:00:00+00:00': 10902.222692609468, '2025-05-31 07:00:00+00:00': 10794.586328973104, '2025-05-31 09:00:00+00:00': 10765.852052243545, '2025-05-31 11:00:00+00:00': 10654.769639151418, '2025-05-31 13:00:00+00:00': 10519.0482952779, '2025-05-31 15:00:00+00:00': 10459.941661704368, '2025-05-31 17:00:00+00:00': 10390.950969958158, '2025-05-31 19:00:00+00:00': 10343.433245008462, '2025-05-31 21:00:00+00:00': 10284.421684716906, '2025-05-31 23:00:00+00:00': 10253.893686492373, '2025-06-01 01:00:00+00:00': 10224.300195522634, '2025-06-01 03:00:00+00:00': 10165.500456471045, '2025-06-01 05:00:00+00:00': 10115.832303920586, '2025-06-01 07:00:00+00:00': 10063.440602266448, '2025-06-01 09:00:00+00:00': 9954.293077251163, '2025-06-01 11:00:00+00:00': 9912.806828657345, '2025-06-01 13:00:00+00:00': 9850.306310796155, '2025-06-01 15:00:00+00:00': 9748.647062176746, '2025-06-01 17:00:00+00:00': 9626.551565759893, '2025-06-01 19:00:00+00:00': 9629.455993741985, '2025-06-01 21:00:00+00:00': 9535.41129585853, '2025-06-01 23:00:00+00:00': 9444.937117377052, '2025-06-02 01:00:00+00:00': 9373.389498329432, '2025-06-02 03:00:00+00:00': 9313.389498329432, '2025-06-02 05:00:00+00:00': 9264.668568096875, '2025-06-02 07:00:00+00:00': 9182.62311355142, '2025-06-02 09:00:00+00:00': 9134.74811355142, '2025-06-02 11:00:00+00:00': 9074.74811355142, '2025-06-02 13:00:00+00:00': 9014.74811355142, '2025-06-02 15:00:00+00:00': 8925.0542360004, '2025-06-02 17:00:00+00:00': 8887.908685285369, '2025-06-02 19:00:00+00:00': 8795.662181368312, '2025-06-02 21:00:00+00:00': 8701.938974165672, '2025-06-02 23:00:00+00:00': 8590.852822607061, '2025-06-03 01:00:00+00:00': 8531.468845860745, '2025-06-03 03:00:00+00:00': 8563.993426660643, '2025-06-03 05:00:00+00:00': 8533.946751466277, '2025-06-03 07:00:00+00:00': 8450.256483781683, '2025-06-03 09:00:00+00:00': 8418.261422143149, '2025-06-03 11:00:00+00:00': 8348.803239533727, '2025-06-03 13:00:00+00:00': 8292.919758312477, '2025-06-03 15:00:00+00:00': 8102.703370673053, '2025-06-03 17:00:00+00:00': 8102.989874359037, '2025-06-03 19:00:00+00:00': 8078.657340816465, '2025-06-03 21:00:00+00:00': 8054.069498078177, '2025-06-03 23:00:00+00:00': 7999.422502931061, '2025-06-04 01:00:00+00:00': 8001.682993364895, '2025-06-04 03:00:00+00:00': 8003.835980295624, '2025-06-04 05:00:00+00:00': 7976.761050255758, '2025-06-04 07:00:00+00:00': 7916.806615405556, '2025-06-04 09:00:00+00:00': 7854.790101296213, '2025-06-04 11:00:00+00:00': 7825.714773600302, '2025-06-30 20:00:00+00:00': 7819.53600784636, '2025-06-30 22:00:00+00:00': 7883.6817780679285, '2025-07-01 00:00:00+00:00': 7854.533789838342, '2025-07-01 02:00:00+00:00': 7822.15304612694, '2025-07-01 04:00:00+00:00': 7787.017348743163, '2025-07-01 06:00:00+00:00': 7744.245503608042, '2025-07-01 08:00:00+00:00': 7712.485504517338, '2025-07-01 10:00:00+00:00': 7651.926198876863, '2025-07-01 12:00:00+00:00': 7611.077753270782, '2025-07-01 14:00:00+00:00': 7566.328726676724, '2025-07-01 16:00:00+00:00': 7521.051742606791, '2025-07-01 18:00:00+00:00': 7487.563439173989, '2025-07-01 20:00:00+00:00': 7483.544040240476, '2025-07-01 22:00:00+00:00': 7441.9155659167, '2025-07-02 00:00:00+00:00': 7411.775216643151, '2025-07-02 02:00:00+00:00': 7394.365086882212, '2025-07-02 04:00:00+00:00': 7374.846712639682, '2025-07-02 06:00:00+00:00': 7339.881824514774, '2025-07-02 08:00:00+00:00': 7312.073996376847, '2025-07-02 10:00:00+00:00': 7270.803996578221, '2025-07-02 12:00:00+00:00': 7234.813328080145, '2025-07-02 14:00:00+00:00': 7204.23418947216, '2025-07-02 16:00:00+00:00': 7189.882030124801, '2025-07-02 18:00:00+00:00': 7159.394890416369, '2025-07-02 20:00:00+00:00': 7131.5807080388195, '2025-07-02 22:00:00+00:00': 7101.582033331264, '2025-07-03 00:00:00+00:00': 7160.8844437174375, '2025-07-03 02:00:00+00:00': 7133.952303030078, '2025-07-03 04:00:00+00:00': 7100.309408972351, '2025-07-03 06:00:00+00:00': 7079.826135101275, '2025-07-03 08:00:00+00:00': 7063.205173207401, '2025-07-03 09:00:00+00:00': 7052.886117087925, '2025-07-03 10:00:00+00:00': 7039.048782603265, '2025-07-03 12:00:00+00:00': 7025.654326091156, '2025-07-03 13:00:00+00:00': 7037.779540538971, '2025-07-03 14:00:00+00:00': 7025.548899692898, '2025-07-03 16:00:00+00:00': 7066.019271368364, '2025-07-03 18:00:00+00:00': 7042.593801448884, '2025-07-03 20:00:00+00:00': 7029.502816534573, '2025-07-03 22:00:00+00:00': 7013.564104951838, '2025-07-03 23:00:00+00:00': 7000.81412631873, '2025-07-04 00:00:00+00:00': 6985.778166030679, '2025-07-04 01:00:00+00:00': 6966.836337706506, '2025-07-04 02:00:00+00:00': 6951.854390586127, '2025-07-04 03:00:00+00:00': 6953.172488560894, '2025-07-04 04:00:00+00:00': 6937.951893476843, '2025-07-04 05:00:00+00:00': 6923.858971941481, '2025-07-04 06:00:00+00:00': 6909.652164735069, '2025-07-04 07:00:00+00:00': 6891.5409817010695, '2025-07-04 08:00:00+00:00': 6874.874034857724, '2025-07-04 09:00:00+00:00': 6864.984796094231, '2025-07-04 10:00:00+00:00': 6847.546740609059, '2025-07-04 11:00:00+00:00': 6834.790779522034, '2025-07-04 12:00:00+00:00': 6815.504903220791, '2025-07-04 13:00:00+00:00': 6798.970528182354, '2025-07-04 14:00:00+00:00': 6781.1367451068545, '2025-07-04 15:00:00+00:00': 6768.697151750922, '2025-07-04 16:00:00+00:00': 6748.862193053758, '2025-07-04 17:00:00+00:00': 6731.6532099771575, '2025-07-04 18:00:00+00:00': 6719.44598065047, '2025-07-04 19:00:00+00:00': 6714.723063973149, '2025-07-04 20:00:00+00:00': 6700.038068171083, '2025-07-04 21:00:00+00:00': 6692.10199982007, '2025-07-04 22:00:00+00:00': 6675.401755703713, '2025-07-04 23:00:00+00:00': 6662.696802700071, '2025-07-05 00:00:00+00:00': 6638.408117203019, '2025-07-05 01:00:00+00:00': 6625.986073021555, '2025-07-05 02:00:00+00:00': 6608.524997409686, '2025-07-05 03:00:00+00:00': 6594.59466500107, '2025-07-05 04:00:00+00:00': 6581.357714702345, '2025-07-05 05:00:00+00:00': 6569.99663067568, '2025-07-05 06:00:00+00:00': 6555.157903099933, '2025-07-05 07:00:00+00:00': 6543.298272549591, '2025-07-05 08:00:00+00:00': 6528.892467353491, '2025-07-05 09:00:00+00:00': 6515.803003571772, '2025-07-05 10:00:00+00:00': 6501.388954765626, '2025-07-05 11:00:00+00:00': 6488.97535279693, '2025-07-05 12:00:00+00:00': 6475.0126439022115, '2025-07-05 13:00:00+00:00': 6460.530407438864, '2025-07-05 14:00:00+00:00': 6442.200418540265, '2025-07-05 15:00:00+00:00': 6422.624271026802, '2025-07-05 16:00:00+00:00': 6407.4124700972625, '2025-07-05 17:00:00+00:00': 6380.786977141569, '2025-07-05 18:00:00+00:00': 6367.341955529982, '2025-07-05 19:00:00+00:00': 6337.7684382629295, '2025-07-05 20:00:00+00:00': 6323.46310295177, '2025-07-05 21:00:00+00:00': 6294.899480558709, '2025-07-05 22:00:00+00:00': 6276.274040713199, '2025-07-05 23:00:00+00:00': 6263.817991312354, '2025-07-06 00:00:00+00:00': 6241.895833474759, '2025-07-06 01:00:00+00:00': 6216.081806126937, '2025-07-06 02:00:00+00:00': 6198.032803719475, '2025-07-06 03:00:00+00:00': 6176.155613475913, '2025-07-06 04:00:00+00:00': 6157.948657231393, '2025-07-06 05:00:00+00:00': 6140.7796930239865, '2025-07-06 06:00:00+00:00': 6123.533992098798, '2025-07-06 07:00:00+00:00': 6110.379900943676, '2025-07-06 08:00:00+00:00': 6092.263580693727, '2025-07-06 09:00:00+00:00': 6077.1914621114165, '2025-07-06 10:00:00+00:00': 6059.745426647451, '2025-07-06 11:00:00+00:00': 6045.551942769408, '2025-07-06 12:00:00+00:00': 6027.434085348539, '2025-07-06 13:00:00+00:00': 6012.269170080501, '2025-07-06 14:00:00+00:00': 6003.957901175198, '2025-07-06 15:00:00+00:00': 5992.154748327644, '2025-07-06 16:00:00+00:00': 5977.42002881443, '2025-07-06 17:00:00+00:00': 5963.790902236398, '2025-07-06 18:00:00+00:00': 5949.471727217328, '2025-07-06 19:00:00+00:00': 5946.456394786365, '2025-07-06 20:00:00+00:00': 5926.989529633651, '2025-07-06 21:00:00+00:00': 5912.8988790270805, '2025-07-06 22:00:00+00:00': 5906.37808272268, '2025-07-06 23:00:00+00:00': 5892.528684224304, '2025-07-07 00:00:00+00:00': 5872.079047546127, '2025-07-07 01:00:00+00:00': 5870.340927198567, '2025-07-07 02:00:00+00:00': 5857.435123422425, '2025-07-07 03:00:00+00:00': 5842.73542845919, '2025-07-07 04:00:00+00:00': 5829.136169545474, '2025-07-07 05:00:00+00:00': 5823.368093465508, '2025-07-07 06:00:00+00:00': 5808.512020331993, '2025-07-07 07:00:00+00:00': 5801.858249296329, '2025-07-07 08:00:00+00:00': 5791.32491436948, '2025-07-07 09:00:00+00:00': 5777.020406730968, '2025-07-07 10:00:00+00:00': 5756.9123927996125, '2025-07-07 11:00:00+00:00': 5741.020992741864, '2025-07-07 12:00:00+00:00': 5730.625827043479, '2025-07-07 13:00:00+00:00': 5711.581087142909, '2025-07-07 14:00:00+00:00': 5701.048998136003, '2025-07-07 15:00:00+00:00': 5697.158350987359, '2025-07-07 16:00:00+00:00': 5672.571381105469, '2025-07-07 17:00:00+00:00': 5659.957489812204, '2025-07-07 18:00:00+00:00': 5644.155581123224, '2025-07-07 19:00:00+00:00': 5626.890019166579, '2025-07-07 20:00:00+00:00': 5613.073345662476, '2025-07-07 21:00:00+00:00': 5597.4743731171275, '2025-07-07 22:00:00+00:00': 5580.4814935792665, '2025-07-07 23:00:00+00:00': 5560.710104309825, '2025-07-08 00:00:00+00:0